[2026-05-01T00:00:04.939+0000] {processor.py:161} INFO - Started process (PID=54944) to work on /home/airflow/.local/lib/python3.12/site-packages/airflow/example_dags/example_kubernetes_executor.py
[2026-05-01T00:00:04.939+0000] {processor.py:830} INFO - Processing file /home/airflow/.local/lib/python3.12/site-packages/airflow/example_dags/example_kubernetes_executor.py for tasks to queue
[2026-05-01T00:00:04.940+0000] {logging_mixin.py:188} INFO - [2026-05-01T00:00:04.940+0000] {dagbag.py:545} INFO - Filling up the DagBag from /home/airflow/.local/lib/python3.12/site-packages/airflow/example_dags/example_kubernetes_executor.py
[2026-05-01T00:00:04.948+0000] {processor.py:840} INFO - DAG(s) 'example_kubernetes_executor' retrieved from /home/airflow/.local/lib/python3.12/site-packages/airflow/example_dags/example_kubernetes_executor.py
[2026-05-01T00:00:04.964+0000] {logging_mixin.py:188} INFO - [2026-05-01T00:00:04.964+0000] {dag.py:3089} INFO - Sync 1 DAGs
[2026-05-01T00:00:04.970+0000] {logging_mixin.py:188} INFO - [2026-05-01T00:00:04.970+0000] {dag.py:3947} INFO - Setting next_dagrun for example_kubernetes_executor to None, run_after=None
[2026-05-01T00:00:04.979+0000] {processor.py:183} INFO - Processing /home/airflow/.local/lib/python3.12/site-packages/airflow/example_dags/example_kubernetes_executor.py took 0.043 seconds
[2026-05-01T00:00:35.727+0000] {processor.py:161} INFO - Started process (PID=55004) to work on /home/airflow/.local/lib/python3.12/site-packages/airflow/example_dags/example_kubernetes_executor.py
[2026-05-01T00:00:35.728+0000] {processor.py:830} INFO - Processing file /home/airflow/.local/lib/python3.12/site-packages/airflow/example_dags/example_kubernetes_executor.py for tasks to queue
[2026-05-01T00:00:35.729+0000] {logging_mixin.py:188} INFO - [2026-05-01T00:00:35.728+0000] {dagbag.py:545} INFO - Filling up the DagBag from /home/airflow/.local/lib/python3.12/site-packages/airflow/example_dags/example_kubernetes_executor.py
[2026-05-01T00:00:35.734+0000] {processor.py:840} INFO - DAG(s) 'example_kubernetes_executor' retrieved from /home/airflow/.local/lib/python3.12/site-packages/airflow/example_dags/example_kubernetes_executor.py
[2026-05-01T00:00:35.754+0000] {logging_mixin.py:188} INFO - [2026-05-01T00:00:35.754+0000] {dag.py:3089} INFO - Sync 1 DAGs
[2026-05-01T00:00:35.758+0000] {logging_mixin.py:188} INFO - [2026-05-01T00:00:35.758+0000] {dag.py:3947} INFO - Setting next_dagrun for example_kubernetes_executor to None, run_after=None
[2026-05-01T00:00:35.765+0000] {processor.py:183} INFO - Processing /home/airflow/.local/lib/python3.12/site-packages/airflow/example_dags/example_kubernetes_executor.py took 0.040 seconds
[2026-05-01T00:01:06.447+0000] {processor.py:161} INFO - Started process (PID=55064) to work on /home/airflow/.local/lib/python3.12/site-packages/airflow/example_dags/example_kubernetes_executor.py
[2026-05-01T00:01:06.447+0000] {processor.py:830} INFO - Processing file /home/airflow/.local/lib/python3.12/site-packages/airflow/example_dags/example_kubernetes_executor.py for tasks to queue
[2026-05-01T00:01:06.448+0000] {logging_mixin.py:188} INFO - [2026-05-01T00:01:06.448+0000] {dagbag.py:545} INFO - Filling up the DagBag from /home/airflow/.local/lib/python3.12/site-packages/airflow/example_dags/example_kubernetes_executor.py
[2026-05-01T00:01:06.452+0000] {processor.py:840} INFO - DAG(s) 'example_kubernetes_executor' retrieved from /home/airflow/.local/lib/python3.12/site-packages/airflow/example_dags/example_kubernetes_executor.py
[2026-05-01T00:01:06.465+0000] {logging_mixin.py:188} INFO - [2026-05-01T00:01:06.464+0000] {dag.py:3089} INFO - Sync 1 DAGs
[2026-05-01T00:01:06.468+0000] {logging_mixin.py:188} INFO - [2026-05-01T00:01:06.468+0000] {dag.py:3947} INFO - Setting next_dagrun for example_kubernetes_executor to None, run_after=None
[2026-05-01T00:01:06.474+0000] {processor.py:183} INFO - Processing /home/airflow/.local/lib/python3.12/site-packages/airflow/example_dags/example_kubernetes_executor.py took 0.030 seconds
[2026-05-01T00:01:37.239+0000] {processor.py:161} INFO - Started process (PID=55124) to work on /home/airflow/.local/lib/python3.12/site-packages/airflow/example_dags/example_kubernetes_executor.py
[2026-05-01T00:01:37.239+0000] {processor.py:830} INFO - Processing file /home/airflow/.local/lib/python3.12/site-packages/airflow/example_dags/example_kubernetes_executor.py for tasks to queue
[2026-05-01T00:01:37.240+0000] {logging_mixin.py:188} INFO - [2026-05-01T00:01:37.240+0000] {dagbag.py:545} INFO - Filling up the DagBag from /home/airflow/.local/lib/python3.12/site-packages/airflow/example_dags/example_kubernetes_executor.py
[2026-05-01T00:01:37.245+0000] {processor.py:840} INFO - DAG(s) 'example_kubernetes_executor' retrieved from /home/airflow/.local/lib/python3.12/site-packages/airflow/example_dags/example_kubernetes_executor.py
[2026-05-01T00:01:37.262+0000] {logging_mixin.py:188} INFO - [2026-05-01T00:01:37.262+0000] {dag.py:3089} INFO - Sync 1 DAGs
[2026-05-01T00:01:37.266+0000] {logging_mixin.py:188} INFO - [2026-05-01T00:01:37.266+0000] {dag.py:3947} INFO - Setting next_dagrun for example_kubernetes_executor to None, run_after=None
[2026-05-01T00:01:37.275+0000] {processor.py:183} INFO - Processing /home/airflow/.local/lib/python3.12/site-packages/airflow/example_dags/example_kubernetes_executor.py took 0.039 seconds
[2026-05-01T00:02:07.774+0000] {processor.py:161} INFO - Started process (PID=55184) to work on /home/airflow/.local/lib/python3.12/site-packages/airflow/example_dags/example_kubernetes_executor.py
[2026-05-01T00:02:07.775+0000] {processor.py:830} INFO - Processing file /home/airflow/.local/lib/python3.12/site-packages/airflow/example_dags/example_kubernetes_executor.py for tasks to queue
[2026-05-01T00:02:07.776+0000] {logging_mixin.py:188} INFO - [2026-05-01T00:02:07.776+0000] {dagbag.py:545} INFO - Filling up the DagBag from /home/airflow/.local/lib/python3.12/site-packages/airflow/example_dags/example_kubernetes_executor.py
[2026-05-01T00:02:07.781+0000] {processor.py:840} INFO - DAG(s) 'example_kubernetes_executor' retrieved from /home/airflow/.local/lib/python3.12/site-packages/airflow/example_dags/example_kubernetes_executor.py
[2026-05-01T00:02:07.798+0000] {logging_mixin.py:188} INFO - [2026-05-01T00:02:07.797+0000] {dag.py:3089} INFO - Sync 1 DAGs
[2026-05-01T00:02:07.802+0000] {logging_mixin.py:188} INFO - [2026-05-01T00:02:07.802+0000] {dag.py:3947} INFO - Setting next_dagrun for example_kubernetes_executor to None, run_after=None
[2026-05-01T00:02:07.809+0000] {processor.py:183} INFO - Processing /home/airflow/.local/lib/python3.12/site-packages/airflow/example_dags/example_kubernetes_executor.py took 0.037 seconds
[2026-05-01T00:02:38.505+0000] {processor.py:161} INFO - Started process (PID=55244) to work on /home/airflow/.local/lib/python3.12/site-packages/airflow/example_dags/example_kubernetes_executor.py
[2026-05-01T00:02:38.506+0000] {processor.py:830} INFO - Processing file /home/airflow/.local/lib/python3.12/site-packages/airflow/example_dags/example_kubernetes_executor.py for tasks to queue
[2026-05-01T00:02:38.506+0000] {logging_mixin.py:188} INFO - [2026-05-01T00:02:38.506+0000] {dagbag.py:545} INFO - Filling up the DagBag from /home/airflow/.local/lib/python3.12/site-packages/airflow/example_dags/example_kubernetes_executor.py
[2026-05-01T00:02:38.510+0000] {processor.py:840} INFO - DAG(s) 'example_kubernetes_executor' retrieved from /home/airflow/.local/lib/python3.12/site-packages/airflow/example_dags/example_kubernetes_executor.py
[2026-05-01T00:02:38.522+0000] {logging_mixin.py:188} INFO - [2026-05-01T00:02:38.522+0000] {dag.py:3089} INFO - Sync 1 DAGs
[2026-05-01T00:02:38.526+0000] {logging_mixin.py:188} INFO - [2026-05-01T00:02:38.526+0000] {dag.py:3947} INFO - Setting next_dagrun for example_kubernetes_executor to None, run_after=None
[2026-05-01T00:02:38.533+0000] {processor.py:183} INFO - Processing /home/airflow/.local/lib/python3.12/site-packages/airflow/example_dags/example_kubernetes_executor.py took 0.029 seconds
[2026-05-01T00:03:09.296+0000] {processor.py:161} INFO - Started process (PID=55304) to work on /home/airflow/.local/lib/python3.12/site-packages/airflow/example_dags/example_kubernetes_executor.py
[2026-05-01T00:03:09.297+0000] {processor.py:830} INFO - Processing file /home/airflow/.local/lib/python3.12/site-packages/airflow/example_dags/example_kubernetes_executor.py for tasks to queue
[2026-05-01T00:03:09.298+0000] {logging_mixin.py:188} INFO - [2026-05-01T00:03:09.298+0000] {dagbag.py:545} INFO - Filling up the DagBag from /home/airflow/.local/lib/python3.12/site-packages/airflow/example_dags/example_kubernetes_executor.py
[2026-05-01T00:03:09.303+0000] {processor.py:840} INFO - DAG(s) 'example_kubernetes_executor' retrieved from /home/airflow/.local/lib/python3.12/site-packages/airflow/example_dags/example_kubernetes_executor.py
[2026-05-01T00:03:09.319+0000] {logging_mixin.py:188} INFO - [2026-05-01T00:03:09.319+0000] {dag.py:3089} INFO - Sync 1 DAGs
[2026-05-01T00:03:09.324+0000] {logging_mixin.py:188} INFO - [2026-05-01T00:03:09.324+0000] {dag.py:3947} INFO - Setting next_dagrun for example_kubernetes_executor to None, run_after=None
[2026-05-01T00:03:09.334+0000] {processor.py:183} INFO - Processing /home/airflow/.local/lib/python3.12/site-packages/airflow/example_dags/example_kubernetes_executor.py took 0.040 seconds
[2026-05-01T00:03:39.918+0000] {processor.py:161} INFO - Started process (PID=55364) to work on /home/airflow/.local/lib/python3.12/site-packages/airflow/example_dags/example_kubernetes_executor.py
[2026-05-01T00:03:39.919+0000] {processor.py:830} INFO - Processing file /home/airflow/.local/lib/python3.12/site-packages/airflow/example_dags/example_kubernetes_executor.py for tasks to queue
[2026-05-01T00:03:39.919+0000] {logging_mixin.py:188} INFO - [2026-05-01T00:03:39.919+0000] {dagbag.py:545} INFO - Filling up the DagBag from /home/airflow/.local/lib/python3.12/site-packages/airflow/example_dags/example_kubernetes_executor.py
[2026-05-01T00:03:39.924+0000] {processor.py:840} INFO - DAG(s) 'example_kubernetes_executor' retrieved from /home/airflow/.local/lib/python3.12/site-packages/airflow/example_dags/example_kubernetes_executor.py
[2026-05-01T00:03:39.941+0000] {logging_mixin.py:188} INFO - [2026-05-01T00:03:39.941+0000] {dag.py:3089} INFO - Sync 1 DAGs
[2026-05-01T00:03:39.946+0000] {logging_mixin.py:188} INFO - [2026-05-01T00:03:39.946+0000] {dag.py:3947} INFO - Setting next_dagrun for example_kubernetes_executor to None, run_after=None
[2026-05-01T00:03:39.954+0000] {processor.py:183} INFO - Processing /home/airflow/.local/lib/python3.12/site-packages/airflow/example_dags/example_kubernetes_executor.py took 0.038 seconds
[2026-05-01T00:04:10.663+0000] {processor.py:161} INFO - Started process (PID=55424) to work on /home/airflow/.local/lib/python3.12/site-packages/airflow/example_dags/example_kubernetes_executor.py
[2026-05-01T00:04:10.664+0000] {processor.py:830} INFO - Processing file /home/airflow/.local/lib/python3.12/site-packages/airflow/example_dags/example_kubernetes_executor.py for tasks to queue
[2026-05-01T00:04:10.665+0000] {logging_mixin.py:188} INFO - [2026-05-01T00:04:10.664+0000] {dagbag.py:545} INFO - Filling up the DagBag from /home/airflow/.local/lib/python3.12/site-packages/airflow/example_dags/example_kubernetes_executor.py
[2026-05-01T00:04:10.669+0000] {processor.py:840} INFO - DAG(s) 'example_kubernetes_executor' retrieved from /home/airflow/.local/lib/python3.12/site-packages/airflow/example_dags/example_kubernetes_executor.py
[2026-05-01T00:04:10.686+0000] {logging_mixin.py:188} INFO - [2026-05-01T00:04:10.686+0000] {dag.py:3089} INFO - Sync 1 DAGs
[2026-05-01T00:04:10.690+0000] {logging_mixin.py:188} INFO - [2026-05-01T00:04:10.690+0000] {dag.py:3947} INFO - Setting next_dagrun for example_kubernetes_executor to None, run_after=None
[2026-05-01T00:04:10.698+0000] {processor.py:183} INFO - Processing /home/airflow/.local/lib/python3.12/site-packages/airflow/example_dags/example_kubernetes_executor.py took 0.037 seconds
[2026-05-01T00:04:41.387+0000] {processor.py:161} INFO - Started process (PID=55484) to work on /home/airflow/.local/lib/python3.12/site-packages/airflow/example_dags/example_kubernetes_executor.py
[2026-05-01T00:04:41.387+0000] {processor.py:830} INFO - Processing file /home/airflow/.local/lib/python3.12/site-packages/airflow/example_dags/example_kubernetes_executor.py for tasks to queue
[2026-05-01T00:04:41.388+0000] {logging_mixin.py:188} INFO - [2026-05-01T00:04:41.388+0000] {dagbag.py:545} INFO - Filling up the DagBag from /home/airflow/.local/lib/python3.12/site-packages/airflow/example_dags/example_kubernetes_executor.py
[2026-05-01T00:04:41.393+0000] {processor.py:840} INFO - DAG(s) 'example_kubernetes_executor' retrieved from /home/airflow/.local/lib/python3.12/site-packages/airflow/example_dags/example_kubernetes_executor.py
[2026-05-01T00:04:41.410+0000] {logging_mixin.py:188} INFO - [2026-05-01T00:04:41.410+0000] {dag.py:3089} INFO - Sync 1 DAGs
[2026-05-01T00:04:41.414+0000] {logging_mixin.py:188} INFO - [2026-05-01T00:04:41.414+0000] {dag.py:3947} INFO - Setting next_dagrun for example_kubernetes_executor to None, run_after=None
[2026-05-01T00:04:41.424+0000] {processor.py:183} INFO - Processing /home/airflow/.local/lib/python3.12/site-packages/airflow/example_dags/example_kubernetes_executor.py took 0.040 seconds
[2026-05-01T00:05:12.195+0000] {processor.py:161} INFO - Started process (PID=55545) to work on /home/airflow/.local/lib/python3.12/site-packages/airflow/example_dags/example_kubernetes_executor.py
[2026-05-01T00:05:12.195+0000] {processor.py:830} INFO - Processing file /home/airflow/.local/lib/python3.12/site-packages/airflow/example_dags/example_kubernetes_executor.py for tasks to queue
[2026-05-01T00:05:12.196+0000] {logging_mixin.py:188} INFO - [2026-05-01T00:05:12.196+0000] {dagbag.py:545} INFO - Filling up the DagBag from /home/airflow/.local/lib/python3.12/site-packages/airflow/example_dags/example_kubernetes_executor.py
[2026-05-01T00:05:12.201+0000] {processor.py:840} INFO - DAG(s) 'example_kubernetes_executor' retrieved from /home/airflow/.local/lib/python3.12/site-packages/airflow/example_dags/example_kubernetes_executor.py
[2026-05-01T00:05:12.218+0000] {logging_mixin.py:188} INFO - [2026-05-01T00:05:12.218+0000] {dag.py:3089} INFO - Sync 1 DAGs
[2026-05-01T00:05:12.223+0000] {logging_mixin.py:188} INFO - [2026-05-01T00:05:12.223+0000] {dag.py:3947} INFO - Setting next_dagrun for example_kubernetes_executor to None, run_after=None
[2026-05-01T00:05:12.231+0000] {processor.py:183} INFO - Processing /home/airflow/.local/lib/python3.12/site-packages/airflow/example_dags/example_kubernetes_executor.py took 0.039 seconds
[2026-05-01T00:05:42.932+0000] {processor.py:161} INFO - Started process (PID=55605) to work on /home/airflow/.local/lib/python3.12/site-packages/airflow/example_dags/example_kubernetes_executor.py
[2026-05-01T00:05:42.933+0000] {processor.py:830} INFO - Processing file /home/airflow/.local/lib/python3.12/site-packages/airflow/example_dags/example_kubernetes_executor.py for tasks to queue
[2026-05-01T00:05:42.934+0000] {logging_mixin.py:188} INFO - [2026-05-01T00:05:42.934+0000] {dagbag.py:545} INFO - Filling up the DagBag from /home/airflow/.local/lib/python3.12/site-packages/airflow/example_dags/example_kubernetes_executor.py
[2026-05-01T00:05:42.939+0000] {processor.py:840} INFO - DAG(s) 'example_kubernetes_executor' retrieved from /home/airflow/.local/lib/python3.12/site-packages/airflow/example_dags/example_kubernetes_executor.py
[2026-05-01T00:05:42.955+0000] {logging_mixin.py:188} INFO - [2026-05-01T00:05:42.955+0000] {dag.py:3089} INFO - Sync 1 DAGs
[2026-05-01T00:05:42.959+0000] {logging_mixin.py:188} INFO - [2026-05-01T00:05:42.959+0000] {dag.py:3947} INFO - Setting next_dagrun for example_kubernetes_executor to None, run_after=None
[2026-05-01T00:05:42.969+0000] {processor.py:183} INFO - Processing /home/airflow/.local/lib/python3.12/site-packages/airflow/example_dags/example_kubernetes_executor.py took 0.040 seconds
[2026-05-01T00:06:13.733+0000] {processor.py:161} INFO - Started process (PID=55665) to work on /home/airflow/.local/lib/python3.12/site-packages/airflow/example_dags/example_kubernetes_executor.py
[2026-05-01T00:06:13.734+0000] {processor.py:830} INFO - Processing file /home/airflow/.local/lib/python3.12/site-packages/airflow/example_dags/example_kubernetes_executor.py for tasks to queue
[2026-05-01T00:06:13.734+0000] {logging_mixin.py:188} INFO - [2026-05-01T00:06:13.734+0000] {dagbag.py:545} INFO - Filling up the DagBag from /home/airflow/.local/lib/python3.12/site-packages/airflow/example_dags/example_kubernetes_executor.py
[2026-05-01T00:06:13.739+0000] {processor.py:840} INFO - DAG(s) 'example_kubernetes_executor' retrieved from /home/airflow/.local/lib/python3.12/site-packages/airflow/example_dags/example_kubernetes_executor.py
[2026-05-01T00:06:13.756+0000] {logging_mixin.py:188} INFO - [2026-05-01T00:06:13.756+0000] {dag.py:3089} INFO - Sync 1 DAGs
[2026-05-01T00:06:13.760+0000] {logging_mixin.py:188} INFO - [2026-05-01T00:06:13.760+0000] {dag.py:3947} INFO - Setting next_dagrun for example_kubernetes_executor to None, run_after=None
[2026-05-01T00:06:13.769+0000] {processor.py:183} INFO - Processing /home/airflow/.local/lib/python3.12/site-packages/airflow/example_dags/example_kubernetes_executor.py took 0.038 seconds
[2026-05-01T00:06:44.489+0000] {processor.py:161} INFO - Started process (PID=55725) to work on /home/airflow/.local/lib/python3.12/site-packages/airflow/example_dags/example_kubernetes_executor.py
[2026-05-01T00:06:44.489+0000] {processor.py:830} INFO - Processing file /home/airflow/.local/lib/python3.12/site-packages/airflow/example_dags/example_kubernetes_executor.py for tasks to queue
[2026-05-01T00:06:44.490+0000] {logging_mixin.py:188} INFO - [2026-05-01T00:06:44.490+0000] {dagbag.py:545} INFO - Filling up the DagBag from /home/airflow/.local/lib/python3.12/site-packages/airflow/example_dags/example_kubernetes_executor.py
[2026-05-01T00:06:44.495+0000] {processor.py:840} INFO - DAG(s) 'example_kubernetes_executor' retrieved from /home/airflow/.local/lib/python3.12/site-packages/airflow/example_dags/example_kubernetes_executor.py
[2026-05-01T00:06:44.511+0000] {logging_mixin.py:188} INFO - [2026-05-01T00:06:44.511+0000] {dag.py:3089} INFO - Sync 1 DAGs
[2026-05-01T00:06:44.516+0000] {logging_mixin.py:188} INFO - [2026-05-01T00:06:44.516+0000] {dag.py:3947} INFO - Setting next_dagrun for example_kubernetes_executor to None, run_after=None
[2026-05-01T00:06:44.524+0000] {processor.py:183} INFO - Processing /home/airflow/.local/lib/python3.12/site-packages/airflow/example_dags/example_kubernetes_executor.py took 0.038 seconds
[2026-05-01T00:07:14.627+0000] {processor.py:161} INFO - Started process (PID=55785) to work on /home/airflow/.local/lib/python3.12/site-packages/airflow/example_dags/example_kubernetes_executor.py
[2026-05-01T00:07:14.628+0000] {processor.py:830} INFO - Processing file /home/airflow/.local/lib/python3.12/site-packages/airflow/example_dags/example_kubernetes_executor.py for tasks to queue
[2026-05-01T00:07:14.629+0000] {logging_mixin.py:188} INFO - [2026-05-01T00:07:14.629+0000] {dagbag.py:545} INFO - Filling up the DagBag from /home/airflow/.local/lib/python3.12/site-packages/airflow/example_dags/example_kubernetes_executor.py
[2026-05-01T00:07:14.636+0000] {processor.py:840} INFO - DAG(s) 'example_kubernetes_executor' retrieved from /home/airflow/.local/lib/python3.12/site-packages/airflow/example_dags/example_kubernetes_executor.py
[2026-05-01T00:07:14.651+0000] {logging_mixin.py:188} INFO - [2026-05-01T00:07:14.651+0000] {dag.py:3089} INFO - Sync 1 DAGs
[2026-05-01T00:07:14.655+0000] {logging_mixin.py:188} INFO - [2026-05-01T00:07:14.655+0000] {dag.py:3947} INFO - Setting next_dagrun for example_kubernetes_executor to None, run_after=None
[2026-05-01T00:07:14.664+0000] {processor.py:183} INFO - Processing /home/airflow/.local/lib/python3.12/site-packages/airflow/example_dags/example_kubernetes_executor.py took 0.040 seconds
[2026-05-01T00:07:45.287+0000] {processor.py:161} INFO - Started process (PID=55845) to work on /home/airflow/.local/lib/python3.12/site-packages/airflow/example_dags/example_kubernetes_executor.py
[2026-05-01T00:07:45.287+0000] {processor.py:830} INFO - Processing file /home/airflow/.local/lib/python3.12/site-packages/airflow/example_dags/example_kubernetes_executor.py for tasks to queue
[2026-05-01T00:07:45.288+0000] {logging_mixin.py:188} INFO - [2026-05-01T00:07:45.288+0000] {dagbag.py:545} INFO - Filling up the DagBag from /home/airflow/.local/lib/python3.12/site-packages/airflow/example_dags/example_kubernetes_executor.py
[2026-05-01T00:07:45.292+0000] {processor.py:840} INFO - DAG(s) 'example_kubernetes_executor' retrieved from /home/airflow/.local/lib/python3.12/site-packages/airflow/example_dags/example_kubernetes_executor.py
[2026-05-01T00:07:45.306+0000] {logging_mixin.py:188} INFO - [2026-05-01T00:07:45.306+0000] {dag.py:3089} INFO - Sync 1 DAGs
[2026-05-01T00:07:45.310+0000] {logging_mixin.py:188} INFO - [2026-05-01T00:07:45.310+0000] {dag.py:3947} INFO - Setting next_dagrun for example_kubernetes_executor to None, run_after=None
[2026-05-01T00:07:45.315+0000] {processor.py:183} INFO - Processing /home/airflow/.local/lib/python3.12/site-packages/airflow/example_dags/example_kubernetes_executor.py took 0.031 seconds
[2026-05-01T00:08:15.771+0000] {processor.py:161} INFO - Started process (PID=55905) to work on /home/airflow/.local/lib/python3.12/site-packages/airflow/example_dags/example_kubernetes_executor.py
[2026-05-01T00:08:15.772+0000] {processor.py:830} INFO - Processing file /home/airflow/.local/lib/python3.12/site-packages/airflow/example_dags/example_kubernetes_executor.py for tasks to queue
[2026-05-01T00:08:15.773+0000] {logging_mixin.py:188} INFO - [2026-05-01T00:08:15.772+0000] {dagbag.py:545} INFO - Filling up the DagBag from /home/airflow/.local/lib/python3.12/site-packages/airflow/example_dags/example_kubernetes_executor.py
[2026-05-01T00:08:15.777+0000] {processor.py:840} INFO - DAG(s) 'example_kubernetes_executor' retrieved from /home/airflow/.local/lib/python3.12/site-packages/airflow/example_dags/example_kubernetes_executor.py
[2026-05-01T00:08:15.846+0000] {logging_mixin.py:188} INFO - [2026-05-01T00:08:15.846+0000] {dag.py:3089} INFO - Sync 1 DAGs
[2026-05-01T00:08:15.849+0000] {logging_mixin.py:188} INFO - [2026-05-01T00:08:15.849+0000] {dag.py:3947} INFO - Setting next_dagrun for example_kubernetes_executor to None, run_after=None
[2026-05-01T00:08:15.854+0000] {processor.py:183} INFO - Processing /home/airflow/.local/lib/python3.12/site-packages/airflow/example_dags/example_kubernetes_executor.py took 0.085 seconds
[2026-05-01T00:08:46.497+0000] {processor.py:161} INFO - Started process (PID=55966) to work on /home/airflow/.local/lib/python3.12/site-packages/airflow/example_dags/example_kubernetes_executor.py
[2026-05-01T00:08:46.498+0000] {processor.py:830} INFO - Processing file /home/airflow/.local/lib/python3.12/site-packages/airflow/example_dags/example_kubernetes_executor.py for tasks to queue
[2026-05-01T00:08:46.500+0000] {logging_mixin.py:188} INFO - [2026-05-01T00:08:46.500+0000] {dagbag.py:545} INFO - Filling up the DagBag from /home/airflow/.local/lib/python3.12/site-packages/airflow/example_dags/example_kubernetes_executor.py
[2026-05-01T00:08:46.504+0000] {processor.py:840} INFO - DAG(s) 'example_kubernetes_executor' retrieved from /home/airflow/.local/lib/python3.12/site-packages/airflow/example_dags/example_kubernetes_executor.py
[2026-05-01T00:08:46.599+0000] {logging_mixin.py:188} INFO - [2026-05-01T00:08:46.599+0000] {dag.py:3089} INFO - Sync 1 DAGs
[2026-05-01T00:08:46.603+0000] {logging_mixin.py:188} INFO - [2026-05-01T00:08:46.603+0000] {dag.py:3947} INFO - Setting next_dagrun for example_kubernetes_executor to None, run_after=None
[2026-05-01T00:08:46.609+0000] {processor.py:183} INFO - Processing /home/airflow/.local/lib/python3.12/site-packages/airflow/example_dags/example_kubernetes_executor.py took 0.114 seconds
[2026-05-01T00:09:17.035+0000] {processor.py:161} INFO - Started process (PID=56026) to work on /home/airflow/.local/lib/python3.12/site-packages/airflow/example_dags/example_kubernetes_executor.py
[2026-05-01T00:09:17.035+0000] {processor.py:830} INFO - Processing file /home/airflow/.local/lib/python3.12/site-packages/airflow/example_dags/example_kubernetes_executor.py for tasks to queue
[2026-05-01T00:09:17.036+0000] {logging_mixin.py:188} INFO - [2026-05-01T00:09:17.036+0000] {dagbag.py:545} INFO - Filling up the DagBag from /home/airflow/.local/lib/python3.12/site-packages/airflow/example_dags/example_kubernetes_executor.py
[2026-05-01T00:09:17.041+0000] {processor.py:840} INFO - DAG(s) 'example_kubernetes_executor' retrieved from /home/airflow/.local/lib/python3.12/site-packages/airflow/example_dags/example_kubernetes_executor.py
[2026-05-01T00:09:17.059+0000] {logging_mixin.py:188} INFO - [2026-05-01T00:09:17.059+0000] {dag.py:3089} INFO - Sync 1 DAGs
[2026-05-01T00:09:17.064+0000] {logging_mixin.py:188} INFO - [2026-05-01T00:09:17.064+0000] {dag.py:3947} INFO - Setting next_dagrun for example_kubernetes_executor to None, run_after=None
[2026-05-01T00:09:17.074+0000] {processor.py:183} INFO - Processing /home/airflow/.local/lib/python3.12/site-packages/airflow/example_dags/example_kubernetes_executor.py took 0.042 seconds
[2026-05-01T00:09:47.769+0000] {processor.py:161} INFO - Started process (PID=56086) to work on /home/airflow/.local/lib/python3.12/site-packages/airflow/example_dags/example_kubernetes_executor.py
[2026-05-01T00:09:47.770+0000] {processor.py:830} INFO - Processing file /home/airflow/.local/lib/python3.12/site-packages/airflow/example_dags/example_kubernetes_executor.py for tasks to queue
[2026-05-01T00:09:47.770+0000] {logging_mixin.py:188} INFO - [2026-05-01T00:09:47.770+0000] {dagbag.py:545} INFO - Filling up the DagBag from /home/airflow/.local/lib/python3.12/site-packages/airflow/example_dags/example_kubernetes_executor.py
[2026-05-01T00:09:47.776+0000] {processor.py:840} INFO - DAG(s) 'example_kubernetes_executor' retrieved from /home/airflow/.local/lib/python3.12/site-packages/airflow/example_dags/example_kubernetes_executor.py
[2026-05-01T00:09:47.792+0000] {logging_mixin.py:188} INFO - [2026-05-01T00:09:47.792+0000] {dag.py:3089} INFO - Sync 1 DAGs
[2026-05-01T00:09:47.798+0000] {logging_mixin.py:188} INFO - [2026-05-01T00:09:47.797+0000] {dag.py:3947} INFO - Setting next_dagrun for example_kubernetes_executor to None, run_after=None
[2026-05-01T00:09:47.805+0000] {processor.py:183} INFO - Processing /home/airflow/.local/lib/python3.12/site-packages/airflow/example_dags/example_kubernetes_executor.py took 0.039 seconds
[2026-05-01T00:10:18.490+0000] {processor.py:161} INFO - Started process (PID=56146) to work on /home/airflow/.local/lib/python3.12/site-packages/airflow/example_dags/example_kubernetes_executor.py
[2026-05-01T00:10:18.491+0000] {processor.py:830} INFO - Processing file /home/airflow/.local/lib/python3.12/site-packages/airflow/example_dags/example_kubernetes_executor.py for tasks to queue
[2026-05-01T00:10:18.491+0000] {logging_mixin.py:188} INFO - [2026-05-01T00:10:18.491+0000] {dagbag.py:545} INFO - Filling up the DagBag from /home/airflow/.local/lib/python3.12/site-packages/airflow/example_dags/example_kubernetes_executor.py
[2026-05-01T00:10:18.496+0000] {processor.py:840} INFO - DAG(s) 'example_kubernetes_executor' retrieved from /home/airflow/.local/lib/python3.12/site-packages/airflow/example_dags/example_kubernetes_executor.py
[2026-05-01T00:10:18.513+0000] {logging_mixin.py:188} INFO - [2026-05-01T00:10:18.513+0000] {dag.py:3089} INFO - Sync 1 DAGs
[2026-05-01T00:10:18.519+0000] {logging_mixin.py:188} INFO - [2026-05-01T00:10:18.519+0000] {dag.py:3947} INFO - Setting next_dagrun for example_kubernetes_executor to None, run_after=None
[2026-05-01T00:10:18.526+0000] {processor.py:183} INFO - Processing /home/airflow/.local/lib/python3.12/site-packages/airflow/example_dags/example_kubernetes_executor.py took 0.039 seconds
[2026-05-01T00:10:49.295+0000] {processor.py:161} INFO - Started process (PID=56206) to work on /home/airflow/.local/lib/python3.12/site-packages/airflow/example_dags/example_kubernetes_executor.py
[2026-05-01T00:10:49.296+0000] {processor.py:830} INFO - Processing file /home/airflow/.local/lib/python3.12/site-packages/airflow/example_dags/example_kubernetes_executor.py for tasks to queue
[2026-05-01T00:10:49.297+0000] {logging_mixin.py:188} INFO - [2026-05-01T00:10:49.297+0000] {dagbag.py:545} INFO - Filling up the DagBag from /home/airflow/.local/lib/python3.12/site-packages/airflow/example_dags/example_kubernetes_executor.py
[2026-05-01T00:10:49.303+0000] {processor.py:840} INFO - DAG(s) 'example_kubernetes_executor' retrieved from /home/airflow/.local/lib/python3.12/site-packages/airflow/example_dags/example_kubernetes_executor.py
[2026-05-01T00:10:49.326+0000] {logging_mixin.py:188} INFO - [2026-05-01T00:10:49.325+0000] {dag.py:3089} INFO - Sync 1 DAGs
[2026-05-01T00:10:49.332+0000] {logging_mixin.py:188} INFO - [2026-05-01T00:10:49.332+0000] {dag.py:3947} INFO - Setting next_dagrun for example_kubernetes_executor to None, run_after=None
[2026-05-01T00:10:49.338+0000] {processor.py:183} INFO - Processing /home/airflow/.local/lib/python3.12/site-packages/airflow/example_dags/example_kubernetes_executor.py took 0.045 seconds
[2026-05-01T00:11:20.375+0000] {processor.py:161} INFO - Started process (PID=56266) to work on /home/airflow/.local/lib/python3.12/site-packages/airflow/example_dags/example_kubernetes_executor.py
[2026-05-01T00:11:20.376+0000] {processor.py:830} INFO - Processing file /home/airflow/.local/lib/python3.12/site-packages/airflow/example_dags/example_kubernetes_executor.py for tasks to queue
[2026-05-01T00:11:20.377+0000] {logging_mixin.py:188} INFO - [2026-05-01T00:11:20.377+0000] {dagbag.py:545} INFO - Filling up the DagBag from /home/airflow/.local/lib/python3.12/site-packages/airflow/example_dags/example_kubernetes_executor.py
[2026-05-01T00:11:20.382+0000] {processor.py:840} INFO - DAG(s) 'example_kubernetes_executor' retrieved from /home/airflow/.local/lib/python3.12/site-packages/airflow/example_dags/example_kubernetes_executor.py
[2026-05-01T00:11:20.398+0000] {logging_mixin.py:188} INFO - [2026-05-01T00:11:20.398+0000] {dag.py:3089} INFO - Sync 1 DAGs
[2026-05-01T00:11:20.403+0000] {logging_mixin.py:188} INFO - [2026-05-01T00:11:20.403+0000] {dag.py:3947} INFO - Setting next_dagrun for example_kubernetes_executor to None, run_after=None
[2026-05-01T00:11:20.411+0000] {processor.py:183} INFO - Processing /home/airflow/.local/lib/python3.12/site-packages/airflow/example_dags/example_kubernetes_executor.py took 0.038 seconds
[2026-05-01T00:11:51.033+0000] {processor.py:161} INFO - Started process (PID=56326) to work on /home/airflow/.local/lib/python3.12/site-packages/airflow/example_dags/example_kubernetes_executor.py
[2026-05-01T00:11:51.034+0000] {processor.py:830} INFO - Processing file /home/airflow/.local/lib/python3.12/site-packages/airflow/example_dags/example_kubernetes_executor.py for tasks to queue
[2026-05-01T00:11:51.035+0000] {logging_mixin.py:188} INFO - [2026-05-01T00:11:51.034+0000] {dagbag.py:545} INFO - Filling up the DagBag from /home/airflow/.local/lib/python3.12/site-packages/airflow/example_dags/example_kubernetes_executor.py
[2026-05-01T00:11:51.039+0000] {processor.py:840} INFO - DAG(s) 'example_kubernetes_executor' retrieved from /home/airflow/.local/lib/python3.12/site-packages/airflow/example_dags/example_kubernetes_executor.py
[2026-05-01T00:11:51.059+0000] {logging_mixin.py:188} INFO - [2026-05-01T00:11:51.059+0000] {dag.py:3089} INFO - Sync 1 DAGs
[2026-05-01T00:11:51.063+0000] {logging_mixin.py:188} INFO - [2026-05-01T00:11:51.063+0000] {dag.py:3947} INFO - Setting next_dagrun for example_kubernetes_executor to None, run_after=None
[2026-05-01T00:11:51.072+0000] {processor.py:183} INFO - Processing /home/airflow/.local/lib/python3.12/site-packages/airflow/example_dags/example_kubernetes_executor.py took 0.041 seconds
[2026-05-01T00:12:21.728+0000] {processor.py:161} INFO - Started process (PID=56386) to work on /home/airflow/.local/lib/python3.12/site-packages/airflow/example_dags/example_kubernetes_executor.py
[2026-05-01T00:12:21.729+0000] {processor.py:830} INFO - Processing file /home/airflow/.local/lib/python3.12/site-packages/airflow/example_dags/example_kubernetes_executor.py for tasks to queue
[2026-05-01T00:12:21.730+0000] {logging_mixin.py:188} INFO - [2026-05-01T00:12:21.729+0000] {dagbag.py:545} INFO - Filling up the DagBag from /home/airflow/.local/lib/python3.12/site-packages/airflow/example_dags/example_kubernetes_executor.py
[2026-05-01T00:12:21.736+0000] {processor.py:840} INFO - DAG(s) 'example_kubernetes_executor' retrieved from /home/airflow/.local/lib/python3.12/site-packages/airflow/example_dags/example_kubernetes_executor.py
[2026-05-01T00:12:21.753+0000] {logging_mixin.py:188} INFO - [2026-05-01T00:12:21.753+0000] {dag.py:3089} INFO - Sync 1 DAGs
[2026-05-01T00:12:21.758+0000] {logging_mixin.py:188} INFO - [2026-05-01T00:12:21.758+0000] {dag.py:3947} INFO - Setting next_dagrun for example_kubernetes_executor to None, run_after=None
[2026-05-01T00:12:21.770+0000] {processor.py:183} INFO - Processing /home/airflow/.local/lib/python3.12/site-packages/airflow/example_dags/example_kubernetes_executor.py took 0.044 seconds
[2026-05-01T00:12:52.463+0000] {processor.py:161} INFO - Started process (PID=56446) to work on /home/airflow/.local/lib/python3.12/site-packages/airflow/example_dags/example_kubernetes_executor.py
[2026-05-01T00:12:52.463+0000] {processor.py:830} INFO - Processing file /home/airflow/.local/lib/python3.12/site-packages/airflow/example_dags/example_kubernetes_executor.py for tasks to queue
[2026-05-01T00:12:52.464+0000] {logging_mixin.py:188} INFO - [2026-05-01T00:12:52.464+0000] {dagbag.py:545} INFO - Filling up the DagBag from /home/airflow/.local/lib/python3.12/site-packages/airflow/example_dags/example_kubernetes_executor.py
[2026-05-01T00:12:52.472+0000] {processor.py:840} INFO - DAG(s) 'example_kubernetes_executor' retrieved from /home/airflow/.local/lib/python3.12/site-packages/airflow/example_dags/example_kubernetes_executor.py
[2026-05-01T00:12:52.495+0000] {logging_mixin.py:188} INFO - [2026-05-01T00:12:52.495+0000] {dag.py:3089} INFO - Sync 1 DAGs
[2026-05-01T00:12:52.499+0000] {logging_mixin.py:188} INFO - [2026-05-01T00:12:52.499+0000] {dag.py:3947} INFO - Setting next_dagrun for example_kubernetes_executor to None, run_after=None
[2026-05-01T00:12:52.508+0000] {processor.py:183} INFO - Processing /home/airflow/.local/lib/python3.12/site-packages/airflow/example_dags/example_kubernetes_executor.py took 0.048 seconds
[2026-05-01T00:13:23.212+0000] {processor.py:161} INFO - Started process (PID=56506) to work on /home/airflow/.local/lib/python3.12/site-packages/airflow/example_dags/example_kubernetes_executor.py
[2026-05-01T00:13:23.213+0000] {processor.py:830} INFO - Processing file /home/airflow/.local/lib/python3.12/site-packages/airflow/example_dags/example_kubernetes_executor.py for tasks to queue
[2026-05-01T00:13:23.213+0000] {logging_mixin.py:188} INFO - [2026-05-01T00:13:23.213+0000] {dagbag.py:545} INFO - Filling up the DagBag from /home/airflow/.local/lib/python3.12/site-packages/airflow/example_dags/example_kubernetes_executor.py
[2026-05-01T00:13:23.219+0000] {processor.py:840} INFO - DAG(s) 'example_kubernetes_executor' retrieved from /home/airflow/.local/lib/python3.12/site-packages/airflow/example_dags/example_kubernetes_executor.py
[2026-05-01T00:13:23.233+0000] {logging_mixin.py:188} INFO - [2026-05-01T00:13:23.232+0000] {dag.py:3089} INFO - Sync 1 DAGs
[2026-05-01T00:13:23.236+0000] {logging_mixin.py:188} INFO - [2026-05-01T00:13:23.236+0000] {dag.py:3947} INFO - Setting next_dagrun for example_kubernetes_executor to None, run_after=None
[2026-05-01T00:13:23.242+0000] {processor.py:183} INFO - Processing /home/airflow/.local/lib/python3.12/site-packages/airflow/example_dags/example_kubernetes_executor.py took 0.032 seconds
[2026-05-01T00:13:53.564+0000] {processor.py:161} INFO - Started process (PID=56566) to work on /home/airflow/.local/lib/python3.12/site-packages/airflow/example_dags/example_kubernetes_executor.py
[2026-05-01T00:13:53.565+0000] {processor.py:830} INFO - Processing file /home/airflow/.local/lib/python3.12/site-packages/airflow/example_dags/example_kubernetes_executor.py for tasks to queue
[2026-05-01T00:13:53.566+0000] {logging_mixin.py:188} INFO - [2026-05-01T00:13:53.566+0000] {dagbag.py:545} INFO - Filling up the DagBag from /home/airflow/.local/lib/python3.12/site-packages/airflow/example_dags/example_kubernetes_executor.py
[2026-05-01T00:13:53.574+0000] {processor.py:840} INFO - DAG(s) 'example_kubernetes_executor' retrieved from /home/airflow/.local/lib/python3.12/site-packages/airflow/example_dags/example_kubernetes_executor.py
[2026-05-01T00:13:53.593+0000] {logging_mixin.py:188} INFO - [2026-05-01T00:13:53.593+0000] {dag.py:3089} INFO - Sync 1 DAGs
[2026-05-01T00:13:53.600+0000] {logging_mixin.py:188} INFO - [2026-05-01T00:13:53.600+0000] {dag.py:3947} INFO - Setting next_dagrun for example_kubernetes_executor to None, run_after=None
[2026-05-01T00:13:53.606+0000] {processor.py:183} INFO - Processing /home/airflow/.local/lib/python3.12/site-packages/airflow/example_dags/example_kubernetes_executor.py took 0.045 seconds
[2026-05-01T00:14:24.278+0000] {processor.py:161} INFO - Started process (PID=56626) to work on /home/airflow/.local/lib/python3.12/site-packages/airflow/example_dags/example_kubernetes_executor.py
[2026-05-01T00:14:24.278+0000] {processor.py:830} INFO - Processing file /home/airflow/.local/lib/python3.12/site-packages/airflow/example_dags/example_kubernetes_executor.py for tasks to queue
[2026-05-01T00:14:24.279+0000] {logging_mixin.py:188} INFO - [2026-05-01T00:14:24.279+0000] {dagbag.py:545} INFO - Filling up the DagBag from /home/airflow/.local/lib/python3.12/site-packages/airflow/example_dags/example_kubernetes_executor.py
[2026-05-01T00:14:24.285+0000] {processor.py:840} INFO - DAG(s) 'example_kubernetes_executor' retrieved from /home/airflow/.local/lib/python3.12/site-packages/airflow/example_dags/example_kubernetes_executor.py
[2026-05-01T00:14:24.305+0000] {logging_mixin.py:188} INFO - [2026-05-01T00:14:24.304+0000] {dag.py:3089} INFO - Sync 1 DAGs
[2026-05-01T00:14:24.311+0000] {logging_mixin.py:188} INFO - [2026-05-01T00:14:24.311+0000] {dag.py:3947} INFO - Setting next_dagrun for example_kubernetes_executor to None, run_after=None
[2026-05-01T00:14:24.322+0000] {processor.py:183} INFO - Processing /home/airflow/.local/lib/python3.12/site-packages/airflow/example_dags/example_kubernetes_executor.py took 0.047 seconds
[2026-05-01T00:14:54.836+0000] {processor.py:161} INFO - Started process (PID=56686) to work on /home/airflow/.local/lib/python3.12/site-packages/airflow/example_dags/example_kubernetes_executor.py
[2026-05-01T00:14:54.836+0000] {processor.py:830} INFO - Processing file /home/airflow/.local/lib/python3.12/site-packages/airflow/example_dags/example_kubernetes_executor.py for tasks to queue
[2026-05-01T00:14:54.837+0000] {logging_mixin.py:188} INFO - [2026-05-01T00:14:54.837+0000] {dagbag.py:545} INFO - Filling up the DagBag from /home/airflow/.local/lib/python3.12/site-packages/airflow/example_dags/example_kubernetes_executor.py
[2026-05-01T00:14:54.842+0000] {processor.py:840} INFO - DAG(s) 'example_kubernetes_executor' retrieved from /home/airflow/.local/lib/python3.12/site-packages/airflow/example_dags/example_kubernetes_executor.py
[2026-05-01T00:14:54.860+0000] {logging_mixin.py:188} INFO - [2026-05-01T00:14:54.860+0000] {dag.py:3089} INFO - Sync 1 DAGs
[2026-05-01T00:14:54.864+0000] {logging_mixin.py:188} INFO - [2026-05-01T00:14:54.864+0000] {dag.py:3947} INFO - Setting next_dagrun for example_kubernetes_executor to None, run_after=None
[2026-05-01T00:14:54.873+0000] {processor.py:183} INFO - Processing /home/airflow/.local/lib/python3.12/site-packages/airflow/example_dags/example_kubernetes_executor.py took 0.040 seconds
[2026-05-01T00:15:25.425+0000] {processor.py:161} INFO - Started process (PID=56746) to work on /home/airflow/.local/lib/python3.12/site-packages/airflow/example_dags/example_kubernetes_executor.py
[2026-05-01T00:15:25.426+0000] {processor.py:830} INFO - Processing file /home/airflow/.local/lib/python3.12/site-packages/airflow/example_dags/example_kubernetes_executor.py for tasks to queue
[2026-05-01T00:15:25.427+0000] {logging_mixin.py:188} INFO - [2026-05-01T00:15:25.427+0000] {dagbag.py:545} INFO - Filling up the DagBag from /home/airflow/.local/lib/python3.12/site-packages/airflow/example_dags/example_kubernetes_executor.py
[2026-05-01T00:15:25.432+0000] {processor.py:840} INFO - DAG(s) 'example_kubernetes_executor' retrieved from /home/airflow/.local/lib/python3.12/site-packages/airflow/example_dags/example_kubernetes_executor.py
[2026-05-01T00:15:25.448+0000] {logging_mixin.py:188} INFO - [2026-05-01T00:15:25.448+0000] {dag.py:3089} INFO - Sync 1 DAGs
[2026-05-01T00:15:25.452+0000] {logging_mixin.py:188} INFO - [2026-05-01T00:15:25.452+0000] {dag.py:3947} INFO - Setting next_dagrun for example_kubernetes_executor to None, run_after=None
[2026-05-01T00:15:25.462+0000] {processor.py:183} INFO - Processing /home/airflow/.local/lib/python3.12/site-packages/airflow/example_dags/example_kubernetes_executor.py took 0.039 seconds
[2026-05-01T00:15:56.053+0000] {processor.py:161} INFO - Started process (PID=56806) to work on /home/airflow/.local/lib/python3.12/site-packages/airflow/example_dags/example_kubernetes_executor.py
[2026-05-01T00:15:56.054+0000] {processor.py:830} INFO - Processing file /home/airflow/.local/lib/python3.12/site-packages/airflow/example_dags/example_kubernetes_executor.py for tasks to queue
[2026-05-01T00:15:56.055+0000] {logging_mixin.py:188} INFO - [2026-05-01T00:15:56.054+0000] {dagbag.py:545} INFO - Filling up the DagBag from /home/airflow/.local/lib/python3.12/site-packages/airflow/example_dags/example_kubernetes_executor.py
[2026-05-01T00:15:56.059+0000] {processor.py:840} INFO - DAG(s) 'example_kubernetes_executor' retrieved from /home/airflow/.local/lib/python3.12/site-packages/airflow/example_dags/example_kubernetes_executor.py
[2026-05-01T00:15:56.071+0000] {logging_mixin.py:188} INFO - [2026-05-01T00:15:56.071+0000] {dag.py:3089} INFO - Sync 1 DAGs
[2026-05-01T00:15:56.075+0000] {logging_mixin.py:188} INFO - [2026-05-01T00:15:56.075+0000] {dag.py:3947} INFO - Setting next_dagrun for example_kubernetes_executor to None, run_after=None
[2026-05-01T00:15:56.080+0000] {processor.py:183} INFO - Processing /home/airflow/.local/lib/python3.12/site-packages/airflow/example_dags/example_kubernetes_executor.py took 0.029 seconds
[2026-05-01T00:16:26.688+0000] {processor.py:161} INFO - Started process (PID=56866) to work on /home/airflow/.local/lib/python3.12/site-packages/airflow/example_dags/example_kubernetes_executor.py
[2026-05-01T00:16:26.689+0000] {processor.py:830} INFO - Processing file /home/airflow/.local/lib/python3.12/site-packages/airflow/example_dags/example_kubernetes_executor.py for tasks to queue
[2026-05-01T00:16:26.690+0000] {logging_mixin.py:188} INFO - [2026-05-01T00:16:26.689+0000] {dagbag.py:545} INFO - Filling up the DagBag from /home/airflow/.local/lib/python3.12/site-packages/airflow/example_dags/example_kubernetes_executor.py
[2026-05-01T00:16:26.695+0000] {processor.py:840} INFO - DAG(s) 'example_kubernetes_executor' retrieved from /home/airflow/.local/lib/python3.12/site-packages/airflow/example_dags/example_kubernetes_executor.py
[2026-05-01T00:16:26.714+0000] {logging_mixin.py:188} INFO - [2026-05-01T00:16:26.714+0000] {dag.py:3089} INFO - Sync 1 DAGs
[2026-05-01T00:16:26.719+0000] {logging_mixin.py:188} INFO - [2026-05-01T00:16:26.718+0000] {dag.py:3947} INFO - Setting next_dagrun for example_kubernetes_executor to None, run_after=None
[2026-05-01T00:16:26.729+0000] {processor.py:183} INFO - Processing /home/airflow/.local/lib/python3.12/site-packages/airflow/example_dags/example_kubernetes_executor.py took 0.044 seconds
[2026-05-01T00:16:57.309+0000] {processor.py:161} INFO - Started process (PID=56926) to work on /home/airflow/.local/lib/python3.12/site-packages/airflow/example_dags/example_kubernetes_executor.py
[2026-05-01T00:16:57.311+0000] {processor.py:830} INFO - Processing file /home/airflow/.local/lib/python3.12/site-packages/airflow/example_dags/example_kubernetes_executor.py for tasks to queue
[2026-05-01T00:16:57.311+0000] {logging_mixin.py:188} INFO - [2026-05-01T00:16:57.311+0000] {dagbag.py:545} INFO - Filling up the DagBag from /home/airflow/.local/lib/python3.12/site-packages/airflow/example_dags/example_kubernetes_executor.py
[2026-05-01T00:16:57.317+0000] {processor.py:840} INFO - DAG(s) 'example_kubernetes_executor' retrieved from /home/airflow/.local/lib/python3.12/site-packages/airflow/example_dags/example_kubernetes_executor.py
[2026-05-01T00:16:57.342+0000] {logging_mixin.py:188} INFO - [2026-05-01T00:16:57.342+0000] {dag.py:3089} INFO - Sync 1 DAGs
[2026-05-01T00:16:57.348+0000] {logging_mixin.py:188} INFO - [2026-05-01T00:16:57.348+0000] {dag.py:3947} INFO - Setting next_dagrun for example_kubernetes_executor to None, run_after=None
[2026-05-01T00:16:57.356+0000] {processor.py:183} INFO - Processing /home/airflow/.local/lib/python3.12/site-packages/airflow/example_dags/example_kubernetes_executor.py took 0.050 seconds
[2026-05-01T00:17:28.357+0000] {processor.py:161} INFO - Started process (PID=56986) to work on /home/airflow/.local/lib/python3.12/site-packages/airflow/example_dags/example_kubernetes_executor.py
[2026-05-01T00:17:28.357+0000] {processor.py:830} INFO - Processing file /home/airflow/.local/lib/python3.12/site-packages/airflow/example_dags/example_kubernetes_executor.py for tasks to queue
[2026-05-01T00:17:28.359+0000] {logging_mixin.py:188} INFO - [2026-05-01T00:17:28.359+0000] {dagbag.py:545} INFO - Filling up the DagBag from /home/airflow/.local/lib/python3.12/site-packages/airflow/example_dags/example_kubernetes_executor.py
[2026-05-01T00:17:28.364+0000] {processor.py:840} INFO - DAG(s) 'example_kubernetes_executor' retrieved from /home/airflow/.local/lib/python3.12/site-packages/airflow/example_dags/example_kubernetes_executor.py
[2026-05-01T00:17:28.386+0000] {logging_mixin.py:188} INFO - [2026-05-01T00:17:28.385+0000] {dag.py:3089} INFO - Sync 1 DAGs
[2026-05-01T00:17:28.389+0000] {logging_mixin.py:188} INFO - [2026-05-01T00:17:28.389+0000] {dag.py:3947} INFO - Setting next_dagrun for example_kubernetes_executor to None, run_after=None
[2026-05-01T00:17:28.397+0000] {processor.py:183} INFO - Processing /home/airflow/.local/lib/python3.12/site-packages/airflow/example_dags/example_kubernetes_executor.py took 0.044 seconds
[2026-05-01T00:17:58.609+0000] {processor.py:161} INFO - Started process (PID=57045) to work on /home/airflow/.local/lib/python3.12/site-packages/airflow/example_dags/example_kubernetes_executor.py
[2026-05-01T00:17:58.610+0000] {processor.py:830} INFO - Processing file /home/airflow/.local/lib/python3.12/site-packages/airflow/example_dags/example_kubernetes_executor.py for tasks to queue
[2026-05-01T00:17:58.611+0000] {logging_mixin.py:188} INFO - [2026-05-01T00:17:58.611+0000] {dagbag.py:545} INFO - Filling up the DagBag from /home/airflow/.local/lib/python3.12/site-packages/airflow/example_dags/example_kubernetes_executor.py
[2026-05-01T00:17:58.616+0000] {processor.py:840} INFO - DAG(s) 'example_kubernetes_executor' retrieved from /home/airflow/.local/lib/python3.12/site-packages/airflow/example_dags/example_kubernetes_executor.py
[2026-05-01T00:17:58.636+0000] {logging_mixin.py:188} INFO - [2026-05-01T00:17:58.635+0000] {dag.py:3089} INFO - Sync 1 DAGs
[2026-05-01T00:17:58.640+0000] {logging_mixin.py:188} INFO - [2026-05-01T00:17:58.640+0000] {dag.py:3947} INFO - Setting next_dagrun for example_kubernetes_executor to None, run_after=None
[2026-05-01T00:17:58.650+0000] {processor.py:183} INFO - Processing /home/airflow/.local/lib/python3.12/site-packages/airflow/example_dags/example_kubernetes_executor.py took 0.043 seconds
[2026-05-01T00:18:29.331+0000] {processor.py:161} INFO - Started process (PID=57105) to work on /home/airflow/.local/lib/python3.12/site-packages/airflow/example_dags/example_kubernetes_executor.py
[2026-05-01T00:18:29.332+0000] {processor.py:830} INFO - Processing file /home/airflow/.local/lib/python3.12/site-packages/airflow/example_dags/example_kubernetes_executor.py for tasks to queue
[2026-05-01T00:18:29.333+0000] {logging_mixin.py:188} INFO - [2026-05-01T00:18:29.333+0000] {dagbag.py:545} INFO - Filling up the DagBag from /home/airflow/.local/lib/python3.12/site-packages/airflow/example_dags/example_kubernetes_executor.py
[2026-05-01T00:18:29.338+0000] {processor.py:840} INFO - DAG(s) 'example_kubernetes_executor' retrieved from /home/airflow/.local/lib/python3.12/site-packages/airflow/example_dags/example_kubernetes_executor.py
[2026-05-01T00:18:29.357+0000] {logging_mixin.py:188} INFO - [2026-05-01T00:18:29.357+0000] {dag.py:3089} INFO - Sync 1 DAGs
[2026-05-01T00:18:29.361+0000] {logging_mixin.py:188} INFO - [2026-05-01T00:18:29.361+0000] {dag.py:3947} INFO - Setting next_dagrun for example_kubernetes_executor to None, run_after=None
[2026-05-01T00:18:29.369+0000] {processor.py:183} INFO - Processing /home/airflow/.local/lib/python3.12/site-packages/airflow/example_dags/example_kubernetes_executor.py took 0.040 seconds
[2026-05-01T00:18:59.925+0000] {processor.py:161} INFO - Started process (PID=57165) to work on /home/airflow/.local/lib/python3.12/site-packages/airflow/example_dags/example_kubernetes_executor.py
[2026-05-01T00:18:59.926+0000] {processor.py:830} INFO - Processing file /home/airflow/.local/lib/python3.12/site-packages/airflow/example_dags/example_kubernetes_executor.py for tasks to queue
[2026-05-01T00:18:59.927+0000] {logging_mixin.py:188} INFO - [2026-05-01T00:18:59.927+0000] {dagbag.py:545} INFO - Filling up the DagBag from /home/airflow/.local/lib/python3.12/site-packages/airflow/example_dags/example_kubernetes_executor.py
[2026-05-01T00:18:59.932+0000] {processor.py:840} INFO - DAG(s) 'example_kubernetes_executor' retrieved from /home/airflow/.local/lib/python3.12/site-packages/airflow/example_dags/example_kubernetes_executor.py
[2026-05-01T00:18:59.951+0000] {logging_mixin.py:188} INFO - [2026-05-01T00:18:59.951+0000] {dag.py:3089} INFO - Sync 1 DAGs
[2026-05-01T00:18:59.956+0000] {logging_mixin.py:188} INFO - [2026-05-01T00:18:59.956+0000] {dag.py:3947} INFO - Setting next_dagrun for example_kubernetes_executor to None, run_after=None
[2026-05-01T00:18:59.965+0000] {processor.py:183} INFO - Processing /home/airflow/.local/lib/python3.12/site-packages/airflow/example_dags/example_kubernetes_executor.py took 0.043 seconds
[2026-05-01T00:19:30.832+0000] {processor.py:161} INFO - Started process (PID=57225) to work on /home/airflow/.local/lib/python3.12/site-packages/airflow/example_dags/example_kubernetes_executor.py
[2026-05-01T00:19:30.833+0000] {processor.py:830} INFO - Processing file /home/airflow/.local/lib/python3.12/site-packages/airflow/example_dags/example_kubernetes_executor.py for tasks to queue
[2026-05-01T00:19:30.834+0000] {logging_mixin.py:188} INFO - [2026-05-01T00:19:30.834+0000] {dagbag.py:545} INFO - Filling up the DagBag from /home/airflow/.local/lib/python3.12/site-packages/airflow/example_dags/example_kubernetes_executor.py
[2026-05-01T00:19:30.840+0000] {processor.py:840} INFO - DAG(s) 'example_kubernetes_executor' retrieved from /home/airflow/.local/lib/python3.12/site-packages/airflow/example_dags/example_kubernetes_executor.py
[2026-05-01T00:19:30.860+0000] {logging_mixin.py:188} INFO - [2026-05-01T00:19:30.860+0000] {dag.py:3089} INFO - Sync 1 DAGs
[2026-05-01T00:19:30.866+0000] {logging_mixin.py:188} INFO - [2026-05-01T00:19:30.866+0000] {dag.py:3947} INFO - Setting next_dagrun for example_kubernetes_executor to None, run_after=None
[2026-05-01T00:19:30.873+0000] {processor.py:183} INFO - Processing /home/airflow/.local/lib/python3.12/site-packages/airflow/example_dags/example_kubernetes_executor.py took 0.044 seconds
[2026-05-01T00:20:01.028+0000] {processor.py:161} INFO - Started process (PID=57285) to work on /home/airflow/.local/lib/python3.12/site-packages/airflow/example_dags/example_kubernetes_executor.py
[2026-05-01T00:20:01.029+0000] {processor.py:830} INFO - Processing file /home/airflow/.local/lib/python3.12/site-packages/airflow/example_dags/example_kubernetes_executor.py for tasks to queue
[2026-05-01T00:20:01.030+0000] {logging_mixin.py:188} INFO - [2026-05-01T00:20:01.030+0000] {dagbag.py:545} INFO - Filling up the DagBag from /home/airflow/.local/lib/python3.12/site-packages/airflow/example_dags/example_kubernetes_executor.py
[2026-05-01T00:20:01.040+0000] {processor.py:840} INFO - DAG(s) 'example_kubernetes_executor' retrieved from /home/airflow/.local/lib/python3.12/site-packages/airflow/example_dags/example_kubernetes_executor.py
[2026-05-01T00:20:01.063+0000] {logging_mixin.py:188} INFO - [2026-05-01T00:20:01.062+0000] {dag.py:3089} INFO - Sync 1 DAGs
[2026-05-01T00:20:01.071+0000] {logging_mixin.py:188} INFO - [2026-05-01T00:20:01.071+0000] {dag.py:3947} INFO - Setting next_dagrun for example_kubernetes_executor to None, run_after=None
[2026-05-01T00:20:01.086+0000] {processor.py:183} INFO - Processing /home/airflow/.local/lib/python3.12/site-packages/airflow/example_dags/example_kubernetes_executor.py took 0.062 seconds
[2026-05-01T00:20:31.876+0000] {processor.py:161} INFO - Started process (PID=57345) to work on /home/airflow/.local/lib/python3.12/site-packages/airflow/example_dags/example_kubernetes_executor.py
[2026-05-01T00:20:31.877+0000] {processor.py:830} INFO - Processing file /home/airflow/.local/lib/python3.12/site-packages/airflow/example_dags/example_kubernetes_executor.py for tasks to queue
[2026-05-01T00:20:31.878+0000] {logging_mixin.py:188} INFO - [2026-05-01T00:20:31.878+0000] {dagbag.py:545} INFO - Filling up the DagBag from /home/airflow/.local/lib/python3.12/site-packages/airflow/example_dags/example_kubernetes_executor.py
[2026-05-01T00:20:31.883+0000] {processor.py:840} INFO - DAG(s) 'example_kubernetes_executor' retrieved from /home/airflow/.local/lib/python3.12/site-packages/airflow/example_dags/example_kubernetes_executor.py
[2026-05-01T00:20:31.900+0000] {logging_mixin.py:188} INFO - [2026-05-01T00:20:31.900+0000] {dag.py:3089} INFO - Sync 1 DAGs
[2026-05-01T00:20:31.907+0000] {logging_mixin.py:188} INFO - [2026-05-01T00:20:31.907+0000] {dag.py:3947} INFO - Setting next_dagrun for example_kubernetes_executor to None, run_after=None
[2026-05-01T00:20:31.917+0000] {processor.py:183} INFO - Processing /home/airflow/.local/lib/python3.12/site-packages/airflow/example_dags/example_kubernetes_executor.py took 0.043 seconds
[2026-05-01T00:21:02.217+0000] {processor.py:161} INFO - Started process (PID=57405) to work on /home/airflow/.local/lib/python3.12/site-packages/airflow/example_dags/example_kubernetes_executor.py
[2026-05-01T00:21:02.218+0000] {processor.py:830} INFO - Processing file /home/airflow/.local/lib/python3.12/site-packages/airflow/example_dags/example_kubernetes_executor.py for tasks to queue
[2026-05-01T00:21:02.219+0000] {logging_mixin.py:188} INFO - [2026-05-01T00:21:02.218+0000] {dagbag.py:545} INFO - Filling up the DagBag from /home/airflow/.local/lib/python3.12/site-packages/airflow/example_dags/example_kubernetes_executor.py
[2026-05-01T00:21:02.227+0000] {processor.py:840} INFO - DAG(s) 'example_kubernetes_executor' retrieved from /home/airflow/.local/lib/python3.12/site-packages/airflow/example_dags/example_kubernetes_executor.py
[2026-05-01T00:21:02.250+0000] {logging_mixin.py:188} INFO - [2026-05-01T00:21:02.250+0000] {dag.py:3089} INFO - Sync 1 DAGs
[2026-05-01T00:21:02.254+0000] {logging_mixin.py:188} INFO - [2026-05-01T00:21:02.254+0000] {dag.py:3947} INFO - Setting next_dagrun for example_kubernetes_executor to None, run_after=None
[2026-05-01T00:21:02.266+0000] {processor.py:183} INFO - Processing /home/airflow/.local/lib/python3.12/site-packages/airflow/example_dags/example_kubernetes_executor.py took 0.053 seconds
[2026-05-01T00:21:32.510+0000] {processor.py:161} INFO - Started process (PID=57465) to work on /home/airflow/.local/lib/python3.12/site-packages/airflow/example_dags/example_kubernetes_executor.py
[2026-05-01T00:21:32.511+0000] {processor.py:830} INFO - Processing file /home/airflow/.local/lib/python3.12/site-packages/airflow/example_dags/example_kubernetes_executor.py for tasks to queue
[2026-05-01T00:21:32.511+0000] {logging_mixin.py:188} INFO - [2026-05-01T00:21:32.511+0000] {dagbag.py:545} INFO - Filling up the DagBag from /home/airflow/.local/lib/python3.12/site-packages/airflow/example_dags/example_kubernetes_executor.py
[2026-05-01T00:21:32.517+0000] {processor.py:840} INFO - DAG(s) 'example_kubernetes_executor' retrieved from /home/airflow/.local/lib/python3.12/site-packages/airflow/example_dags/example_kubernetes_executor.py
[2026-05-01T00:21:32.538+0000] {logging_mixin.py:188} INFO - [2026-05-01T00:21:32.538+0000] {dag.py:3089} INFO - Sync 1 DAGs
[2026-05-01T00:21:32.545+0000] {logging_mixin.py:188} INFO - [2026-05-01T00:21:32.545+0000] {dag.py:3947} INFO - Setting next_dagrun for example_kubernetes_executor to None, run_after=None
[2026-05-01T00:21:32.556+0000] {processor.py:183} INFO - Processing /home/airflow/.local/lib/python3.12/site-packages/airflow/example_dags/example_kubernetes_executor.py took 0.048 seconds
[2026-05-01T00:22:03.525+0000] {processor.py:161} INFO - Started process (PID=57525) to work on /home/airflow/.local/lib/python3.12/site-packages/airflow/example_dags/example_kubernetes_executor.py
[2026-05-01T00:22:03.526+0000] {processor.py:830} INFO - Processing file /home/airflow/.local/lib/python3.12/site-packages/airflow/example_dags/example_kubernetes_executor.py for tasks to queue
[2026-05-01T00:22:03.527+0000] {logging_mixin.py:188} INFO - [2026-05-01T00:22:03.527+0000] {dagbag.py:545} INFO - Filling up the DagBag from /home/airflow/.local/lib/python3.12/site-packages/airflow/example_dags/example_kubernetes_executor.py
[2026-05-01T00:22:03.533+0000] {processor.py:840} INFO - DAG(s) 'example_kubernetes_executor' retrieved from /home/airflow/.local/lib/python3.12/site-packages/airflow/example_dags/example_kubernetes_executor.py
[2026-05-01T00:22:03.546+0000] {logging_mixin.py:188} INFO - [2026-05-01T00:22:03.546+0000] {dag.py:3089} INFO - Sync 1 DAGs
[2026-05-01T00:22:03.550+0000] {logging_mixin.py:188} INFO - [2026-05-01T00:22:03.550+0000] {dag.py:3947} INFO - Setting next_dagrun for example_kubernetes_executor to None, run_after=None
[2026-05-01T00:22:03.555+0000] {processor.py:183} INFO - Processing /home/airflow/.local/lib/python3.12/site-packages/airflow/example_dags/example_kubernetes_executor.py took 0.033 seconds
[2026-05-01T00:22:34.468+0000] {processor.py:161} INFO - Started process (PID=57585) to work on /home/airflow/.local/lib/python3.12/site-packages/airflow/example_dags/example_kubernetes_executor.py
[2026-05-01T00:22:34.469+0000] {processor.py:830} INFO - Processing file /home/airflow/.local/lib/python3.12/site-packages/airflow/example_dags/example_kubernetes_executor.py for tasks to queue
[2026-05-01T00:22:34.469+0000] {logging_mixin.py:188} INFO - [2026-05-01T00:22:34.469+0000] {dagbag.py:545} INFO - Filling up the DagBag from /home/airflow/.local/lib/python3.12/site-packages/airflow/example_dags/example_kubernetes_executor.py
[2026-05-01T00:22:34.474+0000] {processor.py:840} INFO - DAG(s) 'example_kubernetes_executor' retrieved from /home/airflow/.local/lib/python3.12/site-packages/airflow/example_dags/example_kubernetes_executor.py
[2026-05-01T00:22:34.488+0000] {logging_mixin.py:188} INFO - [2026-05-01T00:22:34.488+0000] {dag.py:3089} INFO - Sync 1 DAGs
[2026-05-01T00:22:34.492+0000] {logging_mixin.py:188} INFO - [2026-05-01T00:22:34.492+0000] {dag.py:3947} INFO - Setting next_dagrun for example_kubernetes_executor to None, run_after=None
[2026-05-01T00:22:34.497+0000] {processor.py:183} INFO - Processing /home/airflow/.local/lib/python3.12/site-packages/airflow/example_dags/example_kubernetes_executor.py took 0.032 seconds
[2026-05-01T00:23:05.309+0000] {processor.py:161} INFO - Started process (PID=57645) to work on /home/airflow/.local/lib/python3.12/site-packages/airflow/example_dags/example_kubernetes_executor.py
[2026-05-01T00:23:05.310+0000] {processor.py:830} INFO - Processing file /home/airflow/.local/lib/python3.12/site-packages/airflow/example_dags/example_kubernetes_executor.py for tasks to queue
[2026-05-01T00:23:05.311+0000] {logging_mixin.py:188} INFO - [2026-05-01T00:23:05.311+0000] {dagbag.py:545} INFO - Filling up the DagBag from /home/airflow/.local/lib/python3.12/site-packages/airflow/example_dags/example_kubernetes_executor.py
[2026-05-01T00:23:05.316+0000] {processor.py:840} INFO - DAG(s) 'example_kubernetes_executor' retrieved from /home/airflow/.local/lib/python3.12/site-packages/airflow/example_dags/example_kubernetes_executor.py
[2026-05-01T00:23:05.331+0000] {logging_mixin.py:188} INFO - [2026-05-01T00:23:05.331+0000] {dag.py:3089} INFO - Sync 1 DAGs
[2026-05-01T00:23:05.335+0000] {logging_mixin.py:188} INFO - [2026-05-01T00:23:05.335+0000] {dag.py:3947} INFO - Setting next_dagrun for example_kubernetes_executor to None, run_after=None
[2026-05-01T00:23:05.341+0000] {processor.py:183} INFO - Processing /home/airflow/.local/lib/python3.12/site-packages/airflow/example_dags/example_kubernetes_executor.py took 0.035 seconds
