[2026-05-01T00:00:05.065+0000] {processor.py:161} INFO - Started process (PID=54950) to work on /home/airflow/.local/lib/python3.12/site-packages/airflow/example_dags/example_branch_python_dop_operator_3.py
[2026-05-01T00:00:05.066+0000] {processor.py:830} INFO - Processing file /home/airflow/.local/lib/python3.12/site-packages/airflow/example_dags/example_branch_python_dop_operator_3.py for tasks to queue
[2026-05-01T00:00:05.067+0000] {logging_mixin.py:188} INFO - [2026-05-01T00:00:05.066+0000] {dagbag.py:545} INFO - Filling up the DagBag from /home/airflow/.local/lib/python3.12/site-packages/airflow/example_dags/example_branch_python_dop_operator_3.py
[2026-05-01T00:00:05.072+0000] {processor.py:840} INFO - DAG(s) 'example_branch_dop_operator_v3' retrieved from /home/airflow/.local/lib/python3.12/site-packages/airflow/example_dags/example_branch_python_dop_operator_3.py
[2026-05-01T00:00:05.080+0000] {logging_mixin.py:188} INFO - [2026-05-01T00:00:05.080+0000] {dag.py:3089} INFO - Sync 1 DAGs
[2026-05-01T00:00:05.088+0000] {logging_mixin.py:188} INFO - [2026-05-01T00:00:05.088+0000] {dag.py:3947} INFO - Setting next_dagrun for example_branch_dop_operator_v3 to 2026-04-30 23:59:00+00:00, run_after=2026-05-01 00:00:00+00:00
[2026-05-01T00:00:05.096+0000] {processor.py:183} INFO - Processing /home/airflow/.local/lib/python3.12/site-packages/airflow/example_dags/example_branch_python_dop_operator_3.py took 0.033 seconds
[2026-05-01T00:00:35.887+0000] {processor.py:161} INFO - Started process (PID=55010) to work on /home/airflow/.local/lib/python3.12/site-packages/airflow/example_dags/example_branch_python_dop_operator_3.py
[2026-05-01T00:00:35.888+0000] {processor.py:830} INFO - Processing file /home/airflow/.local/lib/python3.12/site-packages/airflow/example_dags/example_branch_python_dop_operator_3.py for tasks to queue
[2026-05-01T00:00:35.889+0000] {logging_mixin.py:188} INFO - [2026-05-01T00:00:35.889+0000] {dagbag.py:545} INFO - Filling up the DagBag from /home/airflow/.local/lib/python3.12/site-packages/airflow/example_dags/example_branch_python_dop_operator_3.py
[2026-05-01T00:00:35.892+0000] {processor.py:840} INFO - DAG(s) 'example_branch_dop_operator_v3' retrieved from /home/airflow/.local/lib/python3.12/site-packages/airflow/example_dags/example_branch_python_dop_operator_3.py
[2026-05-01T00:00:35.903+0000] {logging_mixin.py:188} INFO - [2026-05-01T00:00:35.902+0000] {dag.py:3089} INFO - Sync 1 DAGs
[2026-05-01T00:00:35.913+0000] {logging_mixin.py:188} INFO - [2026-05-01T00:00:35.913+0000] {dag.py:3947} INFO - Setting next_dagrun for example_branch_dop_operator_v3 to 2026-04-30 23:59:00+00:00, run_after=2026-05-01 00:00:00+00:00
[2026-05-01T00:00:35.921+0000] {processor.py:183} INFO - Processing /home/airflow/.local/lib/python3.12/site-packages/airflow/example_dags/example_branch_python_dop_operator_3.py took 0.036 seconds
[2026-05-01T00:01:06.595+0000] {processor.py:161} INFO - Started process (PID=55070) to work on /home/airflow/.local/lib/python3.12/site-packages/airflow/example_dags/example_branch_python_dop_operator_3.py
[2026-05-01T00:01:06.595+0000] {processor.py:830} INFO - Processing file /home/airflow/.local/lib/python3.12/site-packages/airflow/example_dags/example_branch_python_dop_operator_3.py for tasks to queue
[2026-05-01T00:01:06.596+0000] {logging_mixin.py:188} INFO - [2026-05-01T00:01:06.596+0000] {dagbag.py:545} INFO - Filling up the DagBag from /home/airflow/.local/lib/python3.12/site-packages/airflow/example_dags/example_branch_python_dop_operator_3.py
[2026-05-01T00:01:06.600+0000] {processor.py:840} INFO - DAG(s) 'example_branch_dop_operator_v3' retrieved from /home/airflow/.local/lib/python3.12/site-packages/airflow/example_dags/example_branch_python_dop_operator_3.py
[2026-05-01T00:01:06.608+0000] {logging_mixin.py:188} INFO - [2026-05-01T00:01:06.608+0000] {dag.py:3089} INFO - Sync 1 DAGs
[2026-05-01T00:01:06.618+0000] {logging_mixin.py:188} INFO - [2026-05-01T00:01:06.618+0000] {dag.py:3947} INFO - Setting next_dagrun for example_branch_dop_operator_v3 to 2026-05-01 00:00:00+00:00, run_after=2026-05-01 00:01:00+00:00
[2026-05-01T00:01:06.633+0000] {processor.py:183} INFO - Processing /home/airflow/.local/lib/python3.12/site-packages/airflow/example_dags/example_branch_python_dop_operator_3.py took 0.040 seconds
[2026-05-01T00:01:37.388+0000] {processor.py:161} INFO - Started process (PID=55130) to work on /home/airflow/.local/lib/python3.12/site-packages/airflow/example_dags/example_branch_python_dop_operator_3.py
[2026-05-01T00:01:37.389+0000] {processor.py:830} INFO - Processing file /home/airflow/.local/lib/python3.12/site-packages/airflow/example_dags/example_branch_python_dop_operator_3.py for tasks to queue
[2026-05-01T00:01:37.390+0000] {logging_mixin.py:188} INFO - [2026-05-01T00:01:37.390+0000] {dagbag.py:545} INFO - Filling up the DagBag from /home/airflow/.local/lib/python3.12/site-packages/airflow/example_dags/example_branch_python_dop_operator_3.py
[2026-05-01T00:01:37.397+0000] {processor.py:840} INFO - DAG(s) 'example_branch_dop_operator_v3' retrieved from /home/airflow/.local/lib/python3.12/site-packages/airflow/example_dags/example_branch_python_dop_operator_3.py
[2026-05-01T00:01:37.406+0000] {logging_mixin.py:188} INFO - [2026-05-01T00:01:37.405+0000] {dag.py:3089} INFO - Sync 1 DAGs
[2026-05-01T00:01:37.415+0000] {logging_mixin.py:188} INFO - [2026-05-01T00:01:37.415+0000] {dag.py:3947} INFO - Setting next_dagrun for example_branch_dop_operator_v3 to 2026-05-01 00:00:00+00:00, run_after=2026-05-01 00:01:00+00:00
[2026-05-01T00:01:37.425+0000] {processor.py:183} INFO - Processing /home/airflow/.local/lib/python3.12/site-packages/airflow/example_dags/example_branch_python_dop_operator_3.py took 0.040 seconds
[2026-05-01T00:02:07.912+0000] {processor.py:161} INFO - Started process (PID=55190) to work on /home/airflow/.local/lib/python3.12/site-packages/airflow/example_dags/example_branch_python_dop_operator_3.py
[2026-05-01T00:02:07.914+0000] {processor.py:830} INFO - Processing file /home/airflow/.local/lib/python3.12/site-packages/airflow/example_dags/example_branch_python_dop_operator_3.py for tasks to queue
[2026-05-01T00:02:07.976+0000] {logging_mixin.py:188} INFO - [2026-05-01T00:02:07.976+0000] {dagbag.py:545} INFO - Filling up the DagBag from /home/airflow/.local/lib/python3.12/site-packages/airflow/example_dags/example_branch_python_dop_operator_3.py
[2026-05-01T00:02:07.985+0000] {processor.py:840} INFO - DAG(s) 'example_branch_dop_operator_v3' retrieved from /home/airflow/.local/lib/python3.12/site-packages/airflow/example_dags/example_branch_python_dop_operator_3.py
[2026-05-01T00:02:07.997+0000] {logging_mixin.py:188} INFO - [2026-05-01T00:02:07.997+0000] {dag.py:3089} INFO - Sync 1 DAGs
[2026-05-01T00:02:08.007+0000] {logging_mixin.py:188} INFO - [2026-05-01T00:02:08.007+0000] {dag.py:3947} INFO - Setting next_dagrun for example_branch_dop_operator_v3 to 2026-05-01 00:01:00+00:00, run_after=2026-05-01 00:02:00+00:00
[2026-05-01T00:02:08.017+0000] {processor.py:183} INFO - Processing /home/airflow/.local/lib/python3.12/site-packages/airflow/example_dags/example_branch_python_dop_operator_3.py took 0.107 seconds
[2026-05-01T00:02:38.625+0000] {processor.py:161} INFO - Started process (PID=55250) to work on /home/airflow/.local/lib/python3.12/site-packages/airflow/example_dags/example_branch_python_dop_operator_3.py
[2026-05-01T00:02:38.626+0000] {processor.py:830} INFO - Processing file /home/airflow/.local/lib/python3.12/site-packages/airflow/example_dags/example_branch_python_dop_operator_3.py for tasks to queue
[2026-05-01T00:02:38.628+0000] {logging_mixin.py:188} INFO - [2026-05-01T00:02:38.627+0000] {dagbag.py:545} INFO - Filling up the DagBag from /home/airflow/.local/lib/python3.12/site-packages/airflow/example_dags/example_branch_python_dop_operator_3.py
[2026-05-01T00:02:38.631+0000] {processor.py:840} INFO - DAG(s) 'example_branch_dop_operator_v3' retrieved from /home/airflow/.local/lib/python3.12/site-packages/airflow/example_dags/example_branch_python_dop_operator_3.py
[2026-05-01T00:02:38.641+0000] {logging_mixin.py:188} INFO - [2026-05-01T00:02:38.641+0000] {dag.py:3089} INFO - Sync 1 DAGs
[2026-05-01T00:02:38.652+0000] {logging_mixin.py:188} INFO - [2026-05-01T00:02:38.652+0000] {dag.py:3947} INFO - Setting next_dagrun for example_branch_dop_operator_v3 to 2026-05-01 00:01:00+00:00, run_after=2026-05-01 00:02:00+00:00
[2026-05-01T00:02:38.662+0000] {processor.py:183} INFO - Processing /home/airflow/.local/lib/python3.12/site-packages/airflow/example_dags/example_branch_python_dop_operator_3.py took 0.039 seconds
[2026-05-01T00:03:09.408+0000] {processor.py:161} INFO - Started process (PID=55310) to work on /home/airflow/.local/lib/python3.12/site-packages/airflow/example_dags/example_branch_python_dop_operator_3.py
[2026-05-01T00:03:09.411+0000] {processor.py:830} INFO - Processing file /home/airflow/.local/lib/python3.12/site-packages/airflow/example_dags/example_branch_python_dop_operator_3.py for tasks to queue
[2026-05-01T00:03:09.412+0000] {logging_mixin.py:188} INFO - [2026-05-01T00:03:09.411+0000] {dagbag.py:545} INFO - Filling up the DagBag from /home/airflow/.local/lib/python3.12/site-packages/airflow/example_dags/example_branch_python_dop_operator_3.py
[2026-05-01T00:03:09.416+0000] {processor.py:840} INFO - DAG(s) 'example_branch_dop_operator_v3' retrieved from /home/airflow/.local/lib/python3.12/site-packages/airflow/example_dags/example_branch_python_dop_operator_3.py
[2026-05-01T00:03:09.424+0000] {logging_mixin.py:188} INFO - [2026-05-01T00:03:09.424+0000] {dag.py:3089} INFO - Sync 1 DAGs
[2026-05-01T00:03:09.435+0000] {logging_mixin.py:188} INFO - [2026-05-01T00:03:09.435+0000] {dag.py:3947} INFO - Setting next_dagrun for example_branch_dop_operator_v3 to 2026-05-01 00:02:00+00:00, run_after=2026-05-01 00:03:00+00:00
[2026-05-01T00:03:09.443+0000] {processor.py:183} INFO - Processing /home/airflow/.local/lib/python3.12/site-packages/airflow/example_dags/example_branch_python_dop_operator_3.py took 0.037 seconds
[2026-05-01T00:03:40.068+0000] {processor.py:161} INFO - Started process (PID=55370) to work on /home/airflow/.local/lib/python3.12/site-packages/airflow/example_dags/example_branch_python_dop_operator_3.py
[2026-05-01T00:03:40.069+0000] {processor.py:830} INFO - Processing file /home/airflow/.local/lib/python3.12/site-packages/airflow/example_dags/example_branch_python_dop_operator_3.py for tasks to queue
[2026-05-01T00:03:40.070+0000] {logging_mixin.py:188} INFO - [2026-05-01T00:03:40.070+0000] {dagbag.py:545} INFO - Filling up the DagBag from /home/airflow/.local/lib/python3.12/site-packages/airflow/example_dags/example_branch_python_dop_operator_3.py
[2026-05-01T00:03:40.073+0000] {processor.py:840} INFO - DAG(s) 'example_branch_dop_operator_v3' retrieved from /home/airflow/.local/lib/python3.12/site-packages/airflow/example_dags/example_branch_python_dop_operator_3.py
[2026-05-01T00:03:40.083+0000] {logging_mixin.py:188} INFO - [2026-05-01T00:03:40.083+0000] {dag.py:3089} INFO - Sync 1 DAGs
[2026-05-01T00:03:40.094+0000] {logging_mixin.py:188} INFO - [2026-05-01T00:03:40.094+0000] {dag.py:3947} INFO - Setting next_dagrun for example_branch_dop_operator_v3 to 2026-05-01 00:02:00+00:00, run_after=2026-05-01 00:03:00+00:00
[2026-05-01T00:03:40.103+0000] {processor.py:183} INFO - Processing /home/airflow/.local/lib/python3.12/site-packages/airflow/example_dags/example_branch_python_dop_operator_3.py took 0.038 seconds
[2026-05-01T00:04:10.786+0000] {processor.py:161} INFO - Started process (PID=55430) to work on /home/airflow/.local/lib/python3.12/site-packages/airflow/example_dags/example_branch_python_dop_operator_3.py
[2026-05-01T00:04:10.787+0000] {processor.py:830} INFO - Processing file /home/airflow/.local/lib/python3.12/site-packages/airflow/example_dags/example_branch_python_dop_operator_3.py for tasks to queue
[2026-05-01T00:04:10.788+0000] {logging_mixin.py:188} INFO - [2026-05-01T00:04:10.788+0000] {dagbag.py:545} INFO - Filling up the DagBag from /home/airflow/.local/lib/python3.12/site-packages/airflow/example_dags/example_branch_python_dop_operator_3.py
[2026-05-01T00:04:10.792+0000] {processor.py:840} INFO - DAG(s) 'example_branch_dop_operator_v3' retrieved from /home/airflow/.local/lib/python3.12/site-packages/airflow/example_dags/example_branch_python_dop_operator_3.py
[2026-05-01T00:04:10.799+0000] {logging_mixin.py:188} INFO - [2026-05-01T00:04:10.799+0000] {dag.py:3089} INFO - Sync 1 DAGs
[2026-05-01T00:04:10.810+0000] {logging_mixin.py:188} INFO - [2026-05-01T00:04:10.810+0000] {dag.py:3947} INFO - Setting next_dagrun for example_branch_dop_operator_v3 to 2026-05-01 00:03:00+00:00, run_after=2026-05-01 00:04:00+00:00
[2026-05-01T00:04:10.820+0000] {processor.py:183} INFO - Processing /home/airflow/.local/lib/python3.12/site-packages/airflow/example_dags/example_branch_python_dop_operator_3.py took 0.036 seconds
[2026-05-01T00:04:41.536+0000] {processor.py:161} INFO - Started process (PID=55490) to work on /home/airflow/.local/lib/python3.12/site-packages/airflow/example_dags/example_branch_python_dop_operator_3.py
[2026-05-01T00:04:41.536+0000] {processor.py:830} INFO - Processing file /home/airflow/.local/lib/python3.12/site-packages/airflow/example_dags/example_branch_python_dop_operator_3.py for tasks to queue
[2026-05-01T00:04:41.537+0000] {logging_mixin.py:188} INFO - [2026-05-01T00:04:41.537+0000] {dagbag.py:545} INFO - Filling up the DagBag from /home/airflow/.local/lib/python3.12/site-packages/airflow/example_dags/example_branch_python_dop_operator_3.py
[2026-05-01T00:04:41.540+0000] {processor.py:840} INFO - DAG(s) 'example_branch_dop_operator_v3' retrieved from /home/airflow/.local/lib/python3.12/site-packages/airflow/example_dags/example_branch_python_dop_operator_3.py
[2026-05-01T00:04:41.551+0000] {logging_mixin.py:188} INFO - [2026-05-01T00:04:41.551+0000] {dag.py:3089} INFO - Sync 1 DAGs
[2026-05-01T00:04:41.560+0000] {logging_mixin.py:188} INFO - [2026-05-01T00:04:41.560+0000] {dag.py:3947} INFO - Setting next_dagrun for example_branch_dop_operator_v3 to 2026-05-01 00:03:00+00:00, run_after=2026-05-01 00:04:00+00:00
[2026-05-01T00:04:41.570+0000] {processor.py:183} INFO - Processing /home/airflow/.local/lib/python3.12/site-packages/airflow/example_dags/example_branch_python_dop_operator_3.py took 0.036 seconds
[2026-05-01T00:05:12.307+0000] {processor.py:161} INFO - Started process (PID=55551) to work on /home/airflow/.local/lib/python3.12/site-packages/airflow/example_dags/example_branch_python_dop_operator_3.py
[2026-05-01T00:05:12.308+0000] {processor.py:830} INFO - Processing file /home/airflow/.local/lib/python3.12/site-packages/airflow/example_dags/example_branch_python_dop_operator_3.py for tasks to queue
[2026-05-01T00:05:12.309+0000] {logging_mixin.py:188} INFO - [2026-05-01T00:05:12.309+0000] {dagbag.py:545} INFO - Filling up the DagBag from /home/airflow/.local/lib/python3.12/site-packages/airflow/example_dags/example_branch_python_dop_operator_3.py
[2026-05-01T00:05:12.313+0000] {processor.py:840} INFO - DAG(s) 'example_branch_dop_operator_v3' retrieved from /home/airflow/.local/lib/python3.12/site-packages/airflow/example_dags/example_branch_python_dop_operator_3.py
[2026-05-01T00:05:12.322+0000] {logging_mixin.py:188} INFO - [2026-05-01T00:05:12.322+0000] {dag.py:3089} INFO - Sync 1 DAGs
[2026-05-01T00:05:12.333+0000] {logging_mixin.py:188} INFO - [2026-05-01T00:05:12.332+0000] {dag.py:3947} INFO - Setting next_dagrun for example_branch_dop_operator_v3 to 2026-05-01 00:04:00+00:00, run_after=2026-05-01 00:05:00+00:00
[2026-05-01T00:05:12.341+0000] {processor.py:183} INFO - Processing /home/airflow/.local/lib/python3.12/site-packages/airflow/example_dags/example_branch_python_dop_operator_3.py took 0.037 seconds
[2026-05-01T00:05:43.044+0000] {processor.py:161} INFO - Started process (PID=55611) to work on /home/airflow/.local/lib/python3.12/site-packages/airflow/example_dags/example_branch_python_dop_operator_3.py
[2026-05-01T00:05:43.045+0000] {processor.py:830} INFO - Processing file /home/airflow/.local/lib/python3.12/site-packages/airflow/example_dags/example_branch_python_dop_operator_3.py for tasks to queue
[2026-05-01T00:05:43.046+0000] {logging_mixin.py:188} INFO - [2026-05-01T00:05:43.046+0000] {dagbag.py:545} INFO - Filling up the DagBag from /home/airflow/.local/lib/python3.12/site-packages/airflow/example_dags/example_branch_python_dop_operator_3.py
[2026-05-01T00:05:43.050+0000] {processor.py:840} INFO - DAG(s) 'example_branch_dop_operator_v3' retrieved from /home/airflow/.local/lib/python3.12/site-packages/airflow/example_dags/example_branch_python_dop_operator_3.py
[2026-05-01T00:05:43.060+0000] {logging_mixin.py:188} INFO - [2026-05-01T00:05:43.060+0000] {dag.py:3089} INFO - Sync 1 DAGs
[2026-05-01T00:05:43.069+0000] {logging_mixin.py:188} INFO - [2026-05-01T00:05:43.069+0000] {dag.py:3947} INFO - Setting next_dagrun for example_branch_dop_operator_v3 to 2026-05-01 00:04:00+00:00, run_after=2026-05-01 00:05:00+00:00
[2026-05-01T00:05:43.078+0000] {processor.py:183} INFO - Processing /home/airflow/.local/lib/python3.12/site-packages/airflow/example_dags/example_branch_python_dop_operator_3.py took 0.036 seconds
[2026-05-01T00:06:13.860+0000] {processor.py:161} INFO - Started process (PID=55671) to work on /home/airflow/.local/lib/python3.12/site-packages/airflow/example_dags/example_branch_python_dop_operator_3.py
[2026-05-01T00:06:13.861+0000] {processor.py:830} INFO - Processing file /home/airflow/.local/lib/python3.12/site-packages/airflow/example_dags/example_branch_python_dop_operator_3.py for tasks to queue
[2026-05-01T00:06:13.861+0000] {logging_mixin.py:188} INFO - [2026-05-01T00:06:13.861+0000] {dagbag.py:545} INFO - Filling up the DagBag from /home/airflow/.local/lib/python3.12/site-packages/airflow/example_dags/example_branch_python_dop_operator_3.py
[2026-05-01T00:06:13.866+0000] {processor.py:840} INFO - DAG(s) 'example_branch_dop_operator_v3' retrieved from /home/airflow/.local/lib/python3.12/site-packages/airflow/example_dags/example_branch_python_dop_operator_3.py
[2026-05-01T00:06:13.873+0000] {logging_mixin.py:188} INFO - [2026-05-01T00:06:13.873+0000] {dag.py:3089} INFO - Sync 1 DAGs
[2026-05-01T00:06:13.883+0000] {logging_mixin.py:188} INFO - [2026-05-01T00:06:13.883+0000] {dag.py:3947} INFO - Setting next_dagrun for example_branch_dop_operator_v3 to 2026-05-01 00:05:00+00:00, run_after=2026-05-01 00:06:00+00:00
[2026-05-01T00:06:13.896+0000] {processor.py:183} INFO - Processing /home/airflow/.local/lib/python3.12/site-packages/airflow/example_dags/example_branch_python_dop_operator_3.py took 0.038 seconds
[2026-05-01T00:06:44.637+0000] {processor.py:161} INFO - Started process (PID=55731) to work on /home/airflow/.local/lib/python3.12/site-packages/airflow/example_dags/example_branch_python_dop_operator_3.py
[2026-05-01T00:06:44.638+0000] {processor.py:830} INFO - Processing file /home/airflow/.local/lib/python3.12/site-packages/airflow/example_dags/example_branch_python_dop_operator_3.py for tasks to queue
[2026-05-01T00:06:44.638+0000] {logging_mixin.py:188} INFO - [2026-05-01T00:06:44.638+0000] {dagbag.py:545} INFO - Filling up the DagBag from /home/airflow/.local/lib/python3.12/site-packages/airflow/example_dags/example_branch_python_dop_operator_3.py
[2026-05-01T00:06:44.641+0000] {processor.py:840} INFO - DAG(s) 'example_branch_dop_operator_v3' retrieved from /home/airflow/.local/lib/python3.12/site-packages/airflow/example_dags/example_branch_python_dop_operator_3.py
[2026-05-01T00:06:44.652+0000] {logging_mixin.py:188} INFO - [2026-05-01T00:06:44.652+0000] {dag.py:3089} INFO - Sync 1 DAGs
[2026-05-01T00:06:44.664+0000] {logging_mixin.py:188} INFO - [2026-05-01T00:06:44.664+0000] {dag.py:3947} INFO - Setting next_dagrun for example_branch_dop_operator_v3 to 2026-05-01 00:05:00+00:00, run_after=2026-05-01 00:06:00+00:00
[2026-05-01T00:06:44.672+0000] {processor.py:183} INFO - Processing /home/airflow/.local/lib/python3.12/site-packages/airflow/example_dags/example_branch_python_dop_operator_3.py took 0.037 seconds
[2026-05-01T00:07:14.750+0000] {processor.py:161} INFO - Started process (PID=55791) to work on /home/airflow/.local/lib/python3.12/site-packages/airflow/example_dags/example_branch_python_dop_operator_3.py
[2026-05-01T00:07:14.750+0000] {processor.py:830} INFO - Processing file /home/airflow/.local/lib/python3.12/site-packages/airflow/example_dags/example_branch_python_dop_operator_3.py for tasks to queue
[2026-05-01T00:07:14.751+0000] {logging_mixin.py:188} INFO - [2026-05-01T00:07:14.751+0000] {dagbag.py:545} INFO - Filling up the DagBag from /home/airflow/.local/lib/python3.12/site-packages/airflow/example_dags/example_branch_python_dop_operator_3.py
[2026-05-01T00:07:14.755+0000] {processor.py:840} INFO - DAG(s) 'example_branch_dop_operator_v3' retrieved from /home/airflow/.local/lib/python3.12/site-packages/airflow/example_dags/example_branch_python_dop_operator_3.py
[2026-05-01T00:07:14.763+0000] {logging_mixin.py:188} INFO - [2026-05-01T00:07:14.763+0000] {dag.py:3089} INFO - Sync 1 DAGs
[2026-05-01T00:07:14.773+0000] {logging_mixin.py:188} INFO - [2026-05-01T00:07:14.773+0000] {dag.py:3947} INFO - Setting next_dagrun for example_branch_dop_operator_v3 to 2026-05-01 00:06:00+00:00, run_after=2026-05-01 00:07:00+00:00
[2026-05-01T00:07:14.781+0000] {processor.py:183} INFO - Processing /home/airflow/.local/lib/python3.12/site-packages/airflow/example_dags/example_branch_python_dop_operator_3.py took 0.034 seconds
[2026-05-01T00:07:45.440+0000] {processor.py:161} INFO - Started process (PID=55851) to work on /home/airflow/.local/lib/python3.12/site-packages/airflow/example_dags/example_branch_python_dop_operator_3.py
[2026-05-01T00:07:45.440+0000] {processor.py:830} INFO - Processing file /home/airflow/.local/lib/python3.12/site-packages/airflow/example_dags/example_branch_python_dop_operator_3.py for tasks to queue
[2026-05-01T00:07:45.441+0000] {logging_mixin.py:188} INFO - [2026-05-01T00:07:45.441+0000] {dagbag.py:545} INFO - Filling up the DagBag from /home/airflow/.local/lib/python3.12/site-packages/airflow/example_dags/example_branch_python_dop_operator_3.py
[2026-05-01T00:07:45.445+0000] {processor.py:840} INFO - DAG(s) 'example_branch_dop_operator_v3' retrieved from /home/airflow/.local/lib/python3.12/site-packages/airflow/example_dags/example_branch_python_dop_operator_3.py
[2026-05-01T00:07:45.454+0000] {logging_mixin.py:188} INFO - [2026-05-01T00:07:45.454+0000] {dag.py:3089} INFO - Sync 1 DAGs
[2026-05-01T00:07:45.463+0000] {logging_mixin.py:188} INFO - [2026-05-01T00:07:45.463+0000] {dag.py:3947} INFO - Setting next_dagrun for example_branch_dop_operator_v3 to 2026-05-01 00:06:00+00:00, run_after=2026-05-01 00:07:00+00:00
[2026-05-01T00:07:45.473+0000] {processor.py:183} INFO - Processing /home/airflow/.local/lib/python3.12/site-packages/airflow/example_dags/example_branch_python_dop_operator_3.py took 0.036 seconds
[2026-05-01T00:08:16.081+0000] {processor.py:161} INFO - Started process (PID=55911) to work on /home/airflow/.local/lib/python3.12/site-packages/airflow/example_dags/example_branch_python_dop_operator_3.py
[2026-05-01T00:08:16.082+0000] {processor.py:830} INFO - Processing file /home/airflow/.local/lib/python3.12/site-packages/airflow/example_dags/example_branch_python_dop_operator_3.py for tasks to queue
[2026-05-01T00:08:16.083+0000] {logging_mixin.py:188} INFO - [2026-05-01T00:08:16.082+0000] {dagbag.py:545} INFO - Filling up the DagBag from /home/airflow/.local/lib/python3.12/site-packages/airflow/example_dags/example_branch_python_dop_operator_3.py
[2026-05-01T00:08:16.086+0000] {processor.py:840} INFO - DAG(s) 'example_branch_dop_operator_v3' retrieved from /home/airflow/.local/lib/python3.12/site-packages/airflow/example_dags/example_branch_python_dop_operator_3.py
[2026-05-01T00:08:16.094+0000] {logging_mixin.py:188} INFO - [2026-05-01T00:08:16.094+0000] {dag.py:3089} INFO - Sync 1 DAGs
[2026-05-01T00:08:16.169+0000] {logging_mixin.py:188} INFO - [2026-05-01T00:08:16.169+0000] {dag.py:3947} INFO - Setting next_dagrun for example_branch_dop_operator_v3 to 2026-05-01 00:07:00+00:00, run_after=2026-05-01 00:08:00+00:00
[2026-05-01T00:08:16.177+0000] {processor.py:183} INFO - Processing /home/airflow/.local/lib/python3.12/site-packages/airflow/example_dags/example_branch_python_dop_operator_3.py took 0.098 seconds
[2026-05-01T00:08:46.931+0000] {processor.py:161} INFO - Started process (PID=55972) to work on /home/airflow/.local/lib/python3.12/site-packages/airflow/example_dags/example_branch_python_dop_operator_3.py
[2026-05-01T00:08:46.932+0000] {processor.py:830} INFO - Processing file /home/airflow/.local/lib/python3.12/site-packages/airflow/example_dags/example_branch_python_dop_operator_3.py for tasks to queue
[2026-05-01T00:08:46.932+0000] {logging_mixin.py:188} INFO - [2026-05-01T00:08:46.932+0000] {dagbag.py:545} INFO - Filling up the DagBag from /home/airflow/.local/lib/python3.12/site-packages/airflow/example_dags/example_branch_python_dop_operator_3.py
[2026-05-01T00:08:46.936+0000] {processor.py:840} INFO - DAG(s) 'example_branch_dop_operator_v3' retrieved from /home/airflow/.local/lib/python3.12/site-packages/airflow/example_dags/example_branch_python_dop_operator_3.py
[2026-05-01T00:08:46.943+0000] {logging_mixin.py:188} INFO - [2026-05-01T00:08:46.943+0000] {dag.py:3089} INFO - Sync 1 DAGs
[2026-05-01T00:08:47.013+0000] {logging_mixin.py:188} INFO - [2026-05-01T00:08:47.013+0000] {dag.py:3947} INFO - Setting next_dagrun for example_branch_dop_operator_v3 to 2026-05-01 00:07:00+00:00, run_after=2026-05-01 00:08:00+00:00
[2026-05-01T00:08:47.019+0000] {processor.py:183} INFO - Processing /home/airflow/.local/lib/python3.12/site-packages/airflow/example_dags/example_branch_python_dop_operator_3.py took 0.090 seconds
[2026-05-01T00:09:17.152+0000] {processor.py:161} INFO - Started process (PID=56032) to work on /home/airflow/.local/lib/python3.12/site-packages/airflow/example_dags/example_branch_python_dop_operator_3.py
[2026-05-01T00:09:17.153+0000] {processor.py:830} INFO - Processing file /home/airflow/.local/lib/python3.12/site-packages/airflow/example_dags/example_branch_python_dop_operator_3.py for tasks to queue
[2026-05-01T00:09:17.154+0000] {logging_mixin.py:188} INFO - [2026-05-01T00:09:17.154+0000] {dagbag.py:545} INFO - Filling up the DagBag from /home/airflow/.local/lib/python3.12/site-packages/airflow/example_dags/example_branch_python_dop_operator_3.py
[2026-05-01T00:09:17.159+0000] {processor.py:840} INFO - DAG(s) 'example_branch_dop_operator_v3' retrieved from /home/airflow/.local/lib/python3.12/site-packages/airflow/example_dags/example_branch_python_dop_operator_3.py
[2026-05-01T00:09:17.174+0000] {logging_mixin.py:188} INFO - [2026-05-01T00:09:17.174+0000] {dag.py:3089} INFO - Sync 1 DAGs
[2026-05-01T00:09:17.183+0000] {logging_mixin.py:188} INFO - [2026-05-01T00:09:17.183+0000] {dag.py:3947} INFO - Setting next_dagrun for example_branch_dop_operator_v3 to 2026-05-01 00:08:00+00:00, run_after=2026-05-01 00:09:00+00:00
[2026-05-01T00:09:17.193+0000] {processor.py:183} INFO - Processing /home/airflow/.local/lib/python3.12/site-packages/airflow/example_dags/example_branch_python_dop_operator_3.py took 0.043 seconds
[2026-05-01T00:09:47.921+0000] {processor.py:161} INFO - Started process (PID=56092) to work on /home/airflow/.local/lib/python3.12/site-packages/airflow/example_dags/example_branch_python_dop_operator_3.py
[2026-05-01T00:09:47.921+0000] {processor.py:830} INFO - Processing file /home/airflow/.local/lib/python3.12/site-packages/airflow/example_dags/example_branch_python_dop_operator_3.py for tasks to queue
[2026-05-01T00:09:47.922+0000] {logging_mixin.py:188} INFO - [2026-05-01T00:09:47.922+0000] {dagbag.py:545} INFO - Filling up the DagBag from /home/airflow/.local/lib/python3.12/site-packages/airflow/example_dags/example_branch_python_dop_operator_3.py
[2026-05-01T00:09:47.926+0000] {processor.py:840} INFO - DAG(s) 'example_branch_dop_operator_v3' retrieved from /home/airflow/.local/lib/python3.12/site-packages/airflow/example_dags/example_branch_python_dop_operator_3.py
[2026-05-01T00:09:47.936+0000] {logging_mixin.py:188} INFO - [2026-05-01T00:09:47.936+0000] {dag.py:3089} INFO - Sync 1 DAGs
[2026-05-01T00:09:47.948+0000] {logging_mixin.py:188} INFO - [2026-05-01T00:09:47.947+0000] {dag.py:3947} INFO - Setting next_dagrun for example_branch_dop_operator_v3 to 2026-05-01 00:08:00+00:00, run_after=2026-05-01 00:09:00+00:00
[2026-05-01T00:09:47.956+0000] {processor.py:183} INFO - Processing /home/airflow/.local/lib/python3.12/site-packages/airflow/example_dags/example_branch_python_dop_operator_3.py took 0.038 seconds
[2026-05-01T00:10:18.638+0000] {processor.py:161} INFO - Started process (PID=56152) to work on /home/airflow/.local/lib/python3.12/site-packages/airflow/example_dags/example_branch_python_dop_operator_3.py
[2026-05-01T00:10:18.638+0000] {processor.py:830} INFO - Processing file /home/airflow/.local/lib/python3.12/site-packages/airflow/example_dags/example_branch_python_dop_operator_3.py for tasks to queue
[2026-05-01T00:10:18.639+0000] {logging_mixin.py:188} INFO - [2026-05-01T00:10:18.639+0000] {dagbag.py:545} INFO - Filling up the DagBag from /home/airflow/.local/lib/python3.12/site-packages/airflow/example_dags/example_branch_python_dop_operator_3.py
[2026-05-01T00:10:18.642+0000] {processor.py:840} INFO - DAG(s) 'example_branch_dop_operator_v3' retrieved from /home/airflow/.local/lib/python3.12/site-packages/airflow/example_dags/example_branch_python_dop_operator_3.py
[2026-05-01T00:10:18.652+0000] {logging_mixin.py:188} INFO - [2026-05-01T00:10:18.652+0000] {dag.py:3089} INFO - Sync 1 DAGs
[2026-05-01T00:10:18.661+0000] {logging_mixin.py:188} INFO - [2026-05-01T00:10:18.661+0000] {dag.py:3947} INFO - Setting next_dagrun for example_branch_dop_operator_v3 to 2026-05-01 00:09:00+00:00, run_after=2026-05-01 00:10:00+00:00
[2026-05-01T00:10:18.669+0000] {processor.py:183} INFO - Processing /home/airflow/.local/lib/python3.12/site-packages/airflow/example_dags/example_branch_python_dop_operator_3.py took 0.033 seconds
[2026-05-01T00:10:49.420+0000] {processor.py:161} INFO - Started process (PID=56212) to work on /home/airflow/.local/lib/python3.12/site-packages/airflow/example_dags/example_branch_python_dop_operator_3.py
[2026-05-01T00:10:49.420+0000] {processor.py:830} INFO - Processing file /home/airflow/.local/lib/python3.12/site-packages/airflow/example_dags/example_branch_python_dop_operator_3.py for tasks to queue
[2026-05-01T00:10:49.421+0000] {logging_mixin.py:188} INFO - [2026-05-01T00:10:49.421+0000] {dagbag.py:545} INFO - Filling up the DagBag from /home/airflow/.local/lib/python3.12/site-packages/airflow/example_dags/example_branch_python_dop_operator_3.py
[2026-05-01T00:10:49.424+0000] {processor.py:840} INFO - DAG(s) 'example_branch_dop_operator_v3' retrieved from /home/airflow/.local/lib/python3.12/site-packages/airflow/example_dags/example_branch_python_dop_operator_3.py
[2026-05-01T00:10:49.436+0000] {logging_mixin.py:188} INFO - [2026-05-01T00:10:49.436+0000] {dag.py:3089} INFO - Sync 1 DAGs
[2026-05-01T00:10:49.445+0000] {logging_mixin.py:188} INFO - [2026-05-01T00:10:49.445+0000] {dag.py:3947} INFO - Setting next_dagrun for example_branch_dop_operator_v3 to 2026-05-01 00:09:00+00:00, run_after=2026-05-01 00:10:00+00:00
[2026-05-01T00:10:49.454+0000] {processor.py:183} INFO - Processing /home/airflow/.local/lib/python3.12/site-packages/airflow/example_dags/example_branch_python_dop_operator_3.py took 0.037 seconds
[2026-05-01T00:11:20.525+0000] {processor.py:161} INFO - Started process (PID=56272) to work on /home/airflow/.local/lib/python3.12/site-packages/airflow/example_dags/example_branch_python_dop_operator_3.py
[2026-05-01T00:11:20.525+0000] {processor.py:830} INFO - Processing file /home/airflow/.local/lib/python3.12/site-packages/airflow/example_dags/example_branch_python_dop_operator_3.py for tasks to queue
[2026-05-01T00:11:20.526+0000] {logging_mixin.py:188} INFO - [2026-05-01T00:11:20.526+0000] {dagbag.py:545} INFO - Filling up the DagBag from /home/airflow/.local/lib/python3.12/site-packages/airflow/example_dags/example_branch_python_dop_operator_3.py
[2026-05-01T00:11:20.532+0000] {processor.py:840} INFO - DAG(s) 'example_branch_dop_operator_v3' retrieved from /home/airflow/.local/lib/python3.12/site-packages/airflow/example_dags/example_branch_python_dop_operator_3.py
[2026-05-01T00:11:20.541+0000] {logging_mixin.py:188} INFO - [2026-05-01T00:11:20.541+0000] {dag.py:3089} INFO - Sync 1 DAGs
[2026-05-01T00:11:20.552+0000] {logging_mixin.py:188} INFO - [2026-05-01T00:11:20.552+0000] {dag.py:3947} INFO - Setting next_dagrun for example_branch_dop_operator_v3 to 2026-05-01 00:10:00+00:00, run_after=2026-05-01 00:11:00+00:00
[2026-05-01T00:11:20.561+0000] {processor.py:183} INFO - Processing /home/airflow/.local/lib/python3.12/site-packages/airflow/example_dags/example_branch_python_dop_operator_3.py took 0.038 seconds
[2026-05-01T00:11:51.162+0000] {processor.py:161} INFO - Started process (PID=56332) to work on /home/airflow/.local/lib/python3.12/site-packages/airflow/example_dags/example_branch_python_dop_operator_3.py
[2026-05-01T00:11:51.163+0000] {processor.py:830} INFO - Processing file /home/airflow/.local/lib/python3.12/site-packages/airflow/example_dags/example_branch_python_dop_operator_3.py for tasks to queue
[2026-05-01T00:11:51.164+0000] {logging_mixin.py:188} INFO - [2026-05-01T00:11:51.164+0000] {dagbag.py:545} INFO - Filling up the DagBag from /home/airflow/.local/lib/python3.12/site-packages/airflow/example_dags/example_branch_python_dop_operator_3.py
[2026-05-01T00:11:51.170+0000] {processor.py:840} INFO - DAG(s) 'example_branch_dop_operator_v3' retrieved from /home/airflow/.local/lib/python3.12/site-packages/airflow/example_dags/example_branch_python_dop_operator_3.py
[2026-05-01T00:11:51.179+0000] {logging_mixin.py:188} INFO - [2026-05-01T00:11:51.179+0000] {dag.py:3089} INFO - Sync 1 DAGs
[2026-05-01T00:11:51.187+0000] {logging_mixin.py:188} INFO - [2026-05-01T00:11:51.187+0000] {dag.py:3947} INFO - Setting next_dagrun for example_branch_dop_operator_v3 to 2026-05-01 00:10:00+00:00, run_after=2026-05-01 00:11:00+00:00
[2026-05-01T00:11:51.194+0000] {processor.py:183} INFO - Processing /home/airflow/.local/lib/python3.12/site-packages/airflow/example_dags/example_branch_python_dop_operator_3.py took 0.034 seconds
[2026-05-01T00:12:21.844+0000] {processor.py:161} INFO - Started process (PID=56392) to work on /home/airflow/.local/lib/python3.12/site-packages/airflow/example_dags/example_branch_python_dop_operator_3.py
[2026-05-01T00:12:21.845+0000] {processor.py:830} INFO - Processing file /home/airflow/.local/lib/python3.12/site-packages/airflow/example_dags/example_branch_python_dop_operator_3.py for tasks to queue
[2026-05-01T00:12:21.847+0000] {logging_mixin.py:188} INFO - [2026-05-01T00:12:21.847+0000] {dagbag.py:545} INFO - Filling up the DagBag from /home/airflow/.local/lib/python3.12/site-packages/airflow/example_dags/example_branch_python_dop_operator_3.py
[2026-05-01T00:12:21.851+0000] {processor.py:840} INFO - DAG(s) 'example_branch_dop_operator_v3' retrieved from /home/airflow/.local/lib/python3.12/site-packages/airflow/example_dags/example_branch_python_dop_operator_3.py
[2026-05-01T00:12:21.860+0000] {logging_mixin.py:188} INFO - [2026-05-01T00:12:21.860+0000] {dag.py:3089} INFO - Sync 1 DAGs
[2026-05-01T00:12:21.869+0000] {logging_mixin.py:188} INFO - [2026-05-01T00:12:21.869+0000] {dag.py:3947} INFO - Setting next_dagrun for example_branch_dop_operator_v3 to 2026-05-01 00:11:00+00:00, run_after=2026-05-01 00:12:00+00:00
[2026-05-01T00:12:21.878+0000] {processor.py:183} INFO - Processing /home/airflow/.local/lib/python3.12/site-packages/airflow/example_dags/example_branch_python_dop_operator_3.py took 0.036 seconds
[2026-05-01T00:12:52.637+0000] {processor.py:161} INFO - Started process (PID=56452) to work on /home/airflow/.local/lib/python3.12/site-packages/airflow/example_dags/example_branch_python_dop_operator_3.py
[2026-05-01T00:12:52.638+0000] {processor.py:830} INFO - Processing file /home/airflow/.local/lib/python3.12/site-packages/airflow/example_dags/example_branch_python_dop_operator_3.py for tasks to queue
[2026-05-01T00:12:52.639+0000] {logging_mixin.py:188} INFO - [2026-05-01T00:12:52.638+0000] {dagbag.py:545} INFO - Filling up the DagBag from /home/airflow/.local/lib/python3.12/site-packages/airflow/example_dags/example_branch_python_dop_operator_3.py
[2026-05-01T00:12:52.646+0000] {processor.py:840} INFO - DAG(s) 'example_branch_dop_operator_v3' retrieved from /home/airflow/.local/lib/python3.12/site-packages/airflow/example_dags/example_branch_python_dop_operator_3.py
[2026-05-01T00:12:52.659+0000] {logging_mixin.py:188} INFO - [2026-05-01T00:12:52.659+0000] {dag.py:3089} INFO - Sync 1 DAGs
[2026-05-01T00:12:52.671+0000] {logging_mixin.py:188} INFO - [2026-05-01T00:12:52.670+0000] {dag.py:3947} INFO - Setting next_dagrun for example_branch_dop_operator_v3 to 2026-05-01 00:11:00+00:00, run_after=2026-05-01 00:12:00+00:00
[2026-05-01T00:12:52.681+0000] {processor.py:183} INFO - Processing /home/airflow/.local/lib/python3.12/site-packages/airflow/example_dags/example_branch_python_dop_operator_3.py took 0.046 seconds
[2026-05-01T00:13:23.374+0000] {processor.py:161} INFO - Started process (PID=56512) to work on /home/airflow/.local/lib/python3.12/site-packages/airflow/example_dags/example_branch_python_dop_operator_3.py
[2026-05-01T00:13:23.374+0000] {processor.py:830} INFO - Processing file /home/airflow/.local/lib/python3.12/site-packages/airflow/example_dags/example_branch_python_dop_operator_3.py for tasks to queue
[2026-05-01T00:13:23.375+0000] {logging_mixin.py:188} INFO - [2026-05-01T00:13:23.375+0000] {dagbag.py:545} INFO - Filling up the DagBag from /home/airflow/.local/lib/python3.12/site-packages/airflow/example_dags/example_branch_python_dop_operator_3.py
[2026-05-01T00:13:23.380+0000] {processor.py:840} INFO - DAG(s) 'example_branch_dop_operator_v3' retrieved from /home/airflow/.local/lib/python3.12/site-packages/airflow/example_dags/example_branch_python_dop_operator_3.py
[2026-05-01T00:13:23.388+0000] {logging_mixin.py:188} INFO - [2026-05-01T00:13:23.388+0000] {dag.py:3089} INFO - Sync 1 DAGs
[2026-05-01T00:13:23.399+0000] {logging_mixin.py:188} INFO - [2026-05-01T00:13:23.399+0000] {dag.py:3947} INFO - Setting next_dagrun for example_branch_dop_operator_v3 to 2026-05-01 00:12:00+00:00, run_after=2026-05-01 00:13:00+00:00
[2026-05-01T00:13:23.407+0000] {processor.py:183} INFO - Processing /home/airflow/.local/lib/python3.12/site-packages/airflow/example_dags/example_branch_python_dop_operator_3.py took 0.036 seconds
[2026-05-01T00:13:53.701+0000] {processor.py:161} INFO - Started process (PID=56572) to work on /home/airflow/.local/lib/python3.12/site-packages/airflow/example_dags/example_branch_python_dop_operator_3.py
[2026-05-01T00:13:53.703+0000] {processor.py:830} INFO - Processing file /home/airflow/.local/lib/python3.12/site-packages/airflow/example_dags/example_branch_python_dop_operator_3.py for tasks to queue
[2026-05-01T00:13:53.705+0000] {logging_mixin.py:188} INFO - [2026-05-01T00:13:53.705+0000] {dagbag.py:545} INFO - Filling up the DagBag from /home/airflow/.local/lib/python3.12/site-packages/airflow/example_dags/example_branch_python_dop_operator_3.py
[2026-05-01T00:13:53.709+0000] {processor.py:840} INFO - DAG(s) 'example_branch_dop_operator_v3' retrieved from /home/airflow/.local/lib/python3.12/site-packages/airflow/example_dags/example_branch_python_dop_operator_3.py
[2026-05-01T00:13:53.721+0000] {logging_mixin.py:188} INFO - [2026-05-01T00:13:53.721+0000] {dag.py:3089} INFO - Sync 1 DAGs
[2026-05-01T00:13:53.730+0000] {logging_mixin.py:188} INFO - [2026-05-01T00:13:53.730+0000] {dag.py:3947} INFO - Setting next_dagrun for example_branch_dop_operator_v3 to 2026-05-01 00:12:00+00:00, run_after=2026-05-01 00:13:00+00:00
[2026-05-01T00:13:53.740+0000] {processor.py:183} INFO - Processing /home/airflow/.local/lib/python3.12/site-packages/airflow/example_dags/example_branch_python_dop_operator_3.py took 0.041 seconds
[2026-05-01T00:14:24.443+0000] {processor.py:161} INFO - Started process (PID=56632) to work on /home/airflow/.local/lib/python3.12/site-packages/airflow/example_dags/example_branch_python_dop_operator_3.py
[2026-05-01T00:14:24.444+0000] {processor.py:830} INFO - Processing file /home/airflow/.local/lib/python3.12/site-packages/airflow/example_dags/example_branch_python_dop_operator_3.py for tasks to queue
[2026-05-01T00:14:24.446+0000] {logging_mixin.py:188} INFO - [2026-05-01T00:14:24.445+0000] {dagbag.py:545} INFO - Filling up the DagBag from /home/airflow/.local/lib/python3.12/site-packages/airflow/example_dags/example_branch_python_dop_operator_3.py
[2026-05-01T00:14:24.452+0000] {processor.py:840} INFO - DAG(s) 'example_branch_dop_operator_v3' retrieved from /home/airflow/.local/lib/python3.12/site-packages/airflow/example_dags/example_branch_python_dop_operator_3.py
[2026-05-01T00:14:24.459+0000] {logging_mixin.py:188} INFO - [2026-05-01T00:14:24.459+0000] {dag.py:3089} INFO - Sync 1 DAGs
[2026-05-01T00:14:24.472+0000] {logging_mixin.py:188} INFO - [2026-05-01T00:14:24.472+0000] {dag.py:3947} INFO - Setting next_dagrun for example_branch_dop_operator_v3 to 2026-05-01 00:13:00+00:00, run_after=2026-05-01 00:14:00+00:00
[2026-05-01T00:14:24.481+0000] {processor.py:183} INFO - Processing /home/airflow/.local/lib/python3.12/site-packages/airflow/example_dags/example_branch_python_dop_operator_3.py took 0.041 seconds
[2026-05-01T00:14:54.952+0000] {processor.py:161} INFO - Started process (PID=56692) to work on /home/airflow/.local/lib/python3.12/site-packages/airflow/example_dags/example_branch_python_dop_operator_3.py
[2026-05-01T00:14:54.953+0000] {processor.py:830} INFO - Processing file /home/airflow/.local/lib/python3.12/site-packages/airflow/example_dags/example_branch_python_dop_operator_3.py for tasks to queue
[2026-05-01T00:14:54.954+0000] {logging_mixin.py:188} INFO - [2026-05-01T00:14:54.954+0000] {dagbag.py:545} INFO - Filling up the DagBag from /home/airflow/.local/lib/python3.12/site-packages/airflow/example_dags/example_branch_python_dop_operator_3.py
[2026-05-01T00:14:54.958+0000] {processor.py:840} INFO - DAG(s) 'example_branch_dop_operator_v3' retrieved from /home/airflow/.local/lib/python3.12/site-packages/airflow/example_dags/example_branch_python_dop_operator_3.py
[2026-05-01T00:14:54.966+0000] {logging_mixin.py:188} INFO - [2026-05-01T00:14:54.966+0000] {dag.py:3089} INFO - Sync 1 DAGs
[2026-05-01T00:14:54.977+0000] {logging_mixin.py:188} INFO - [2026-05-01T00:14:54.977+0000] {dag.py:3947} INFO - Setting next_dagrun for example_branch_dop_operator_v3 to 2026-05-01 00:13:00+00:00, run_after=2026-05-01 00:14:00+00:00
[2026-05-01T00:14:54.986+0000] {processor.py:183} INFO - Processing /home/airflow/.local/lib/python3.12/site-packages/airflow/example_dags/example_branch_python_dop_operator_3.py took 0.036 seconds
[2026-05-01T00:15:25.552+0000] {processor.py:161} INFO - Started process (PID=56752) to work on /home/airflow/.local/lib/python3.12/site-packages/airflow/example_dags/example_branch_python_dop_operator_3.py
[2026-05-01T00:15:25.552+0000] {processor.py:830} INFO - Processing file /home/airflow/.local/lib/python3.12/site-packages/airflow/example_dags/example_branch_python_dop_operator_3.py for tasks to queue
[2026-05-01T00:15:25.554+0000] {logging_mixin.py:188} INFO - [2026-05-01T00:15:25.554+0000] {dagbag.py:545} INFO - Filling up the DagBag from /home/airflow/.local/lib/python3.12/site-packages/airflow/example_dags/example_branch_python_dop_operator_3.py
[2026-05-01T00:15:25.558+0000] {processor.py:840} INFO - DAG(s) 'example_branch_dop_operator_v3' retrieved from /home/airflow/.local/lib/python3.12/site-packages/airflow/example_dags/example_branch_python_dop_operator_3.py
[2026-05-01T00:15:25.566+0000] {logging_mixin.py:188} INFO - [2026-05-01T00:15:25.566+0000] {dag.py:3089} INFO - Sync 1 DAGs
[2026-05-01T00:15:25.577+0000] {logging_mixin.py:188} INFO - [2026-05-01T00:15:25.577+0000] {dag.py:3947} INFO - Setting next_dagrun for example_branch_dop_operator_v3 to 2026-05-01 00:14:00+00:00, run_after=2026-05-01 00:15:00+00:00
[2026-05-01T00:15:25.588+0000] {processor.py:183} INFO - Processing /home/airflow/.local/lib/python3.12/site-packages/airflow/example_dags/example_branch_python_dop_operator_3.py took 0.039 seconds
[2026-05-01T00:15:56.196+0000] {processor.py:161} INFO - Started process (PID=56812) to work on /home/airflow/.local/lib/python3.12/site-packages/airflow/example_dags/example_branch_python_dop_operator_3.py
[2026-05-01T00:15:56.197+0000] {processor.py:830} INFO - Processing file /home/airflow/.local/lib/python3.12/site-packages/airflow/example_dags/example_branch_python_dop_operator_3.py for tasks to queue
[2026-05-01T00:15:56.198+0000] {logging_mixin.py:188} INFO - [2026-05-01T00:15:56.198+0000] {dagbag.py:545} INFO - Filling up the DagBag from /home/airflow/.local/lib/python3.12/site-packages/airflow/example_dags/example_branch_python_dop_operator_3.py
[2026-05-01T00:15:56.202+0000] {processor.py:840} INFO - DAG(s) 'example_branch_dop_operator_v3' retrieved from /home/airflow/.local/lib/python3.12/site-packages/airflow/example_dags/example_branch_python_dop_operator_3.py
[2026-05-01T00:15:56.209+0000] {logging_mixin.py:188} INFO - [2026-05-01T00:15:56.209+0000] {dag.py:3089} INFO - Sync 1 DAGs
[2026-05-01T00:15:56.218+0000] {logging_mixin.py:188} INFO - [2026-05-01T00:15:56.218+0000] {dag.py:3947} INFO - Setting next_dagrun for example_branch_dop_operator_v3 to 2026-05-01 00:14:00+00:00, run_after=2026-05-01 00:15:00+00:00
[2026-05-01T00:15:56.230+0000] {processor.py:183} INFO - Processing /home/airflow/.local/lib/python3.12/site-packages/airflow/example_dags/example_branch_python_dop_operator_3.py took 0.037 seconds
[2026-05-01T00:16:26.825+0000] {processor.py:161} INFO - Started process (PID=56872) to work on /home/airflow/.local/lib/python3.12/site-packages/airflow/example_dags/example_branch_python_dop_operator_3.py
[2026-05-01T00:16:26.826+0000] {processor.py:830} INFO - Processing file /home/airflow/.local/lib/python3.12/site-packages/airflow/example_dags/example_branch_python_dop_operator_3.py for tasks to queue
[2026-05-01T00:16:26.827+0000] {logging_mixin.py:188} INFO - [2026-05-01T00:16:26.827+0000] {dagbag.py:545} INFO - Filling up the DagBag from /home/airflow/.local/lib/python3.12/site-packages/airflow/example_dags/example_branch_python_dop_operator_3.py
[2026-05-01T00:16:26.830+0000] {processor.py:840} INFO - DAG(s) 'example_branch_dop_operator_v3' retrieved from /home/airflow/.local/lib/python3.12/site-packages/airflow/example_dags/example_branch_python_dop_operator_3.py
[2026-05-01T00:16:26.838+0000] {logging_mixin.py:188} INFO - [2026-05-01T00:16:26.838+0000] {dag.py:3089} INFO - Sync 1 DAGs
[2026-05-01T00:16:26.849+0000] {logging_mixin.py:188} INFO - [2026-05-01T00:16:26.849+0000] {dag.py:3947} INFO - Setting next_dagrun for example_branch_dop_operator_v3 to 2026-05-01 00:15:00+00:00, run_after=2026-05-01 00:16:00+00:00
[2026-05-01T00:16:26.859+0000] {processor.py:183} INFO - Processing /home/airflow/.local/lib/python3.12/site-packages/airflow/example_dags/example_branch_python_dop_operator_3.py took 0.037 seconds
[2026-05-01T00:16:57.464+0000] {processor.py:161} INFO - Started process (PID=56932) to work on /home/airflow/.local/lib/python3.12/site-packages/airflow/example_dags/example_branch_python_dop_operator_3.py
[2026-05-01T00:16:57.465+0000] {processor.py:830} INFO - Processing file /home/airflow/.local/lib/python3.12/site-packages/airflow/example_dags/example_branch_python_dop_operator_3.py for tasks to queue
[2026-05-01T00:16:57.466+0000] {logging_mixin.py:188} INFO - [2026-05-01T00:16:57.466+0000] {dagbag.py:545} INFO - Filling up the DagBag from /home/airflow/.local/lib/python3.12/site-packages/airflow/example_dags/example_branch_python_dop_operator_3.py
[2026-05-01T00:16:57.470+0000] {processor.py:840} INFO - DAG(s) 'example_branch_dop_operator_v3' retrieved from /home/airflow/.local/lib/python3.12/site-packages/airflow/example_dags/example_branch_python_dop_operator_3.py
[2026-05-01T00:16:57.481+0000] {logging_mixin.py:188} INFO - [2026-05-01T00:16:57.481+0000] {dag.py:3089} INFO - Sync 1 DAGs
[2026-05-01T00:16:57.489+0000] {logging_mixin.py:188} INFO - [2026-05-01T00:16:57.489+0000] {dag.py:3947} INFO - Setting next_dagrun for example_branch_dop_operator_v3 to 2026-05-01 00:15:00+00:00, run_after=2026-05-01 00:16:00+00:00
[2026-05-01T00:16:57.498+0000] {processor.py:183} INFO - Processing /home/airflow/.local/lib/python3.12/site-packages/airflow/example_dags/example_branch_python_dop_operator_3.py took 0.037 seconds
[2026-05-01T00:17:28.549+0000] {processor.py:161} INFO - Started process (PID=56992) to work on /home/airflow/.local/lib/python3.12/site-packages/airflow/example_dags/example_branch_python_dop_operator_3.py
[2026-05-01T00:17:28.551+0000] {processor.py:830} INFO - Processing file /home/airflow/.local/lib/python3.12/site-packages/airflow/example_dags/example_branch_python_dop_operator_3.py for tasks to queue
[2026-05-01T00:17:28.552+0000] {logging_mixin.py:188} INFO - [2026-05-01T00:17:28.552+0000] {dagbag.py:545} INFO - Filling up the DagBag from /home/airflow/.local/lib/python3.12/site-packages/airflow/example_dags/example_branch_python_dop_operator_3.py
[2026-05-01T00:17:28.556+0000] {processor.py:840} INFO - DAG(s) 'example_branch_dop_operator_v3' retrieved from /home/airflow/.local/lib/python3.12/site-packages/airflow/example_dags/example_branch_python_dop_operator_3.py
[2026-05-01T00:17:28.569+0000] {logging_mixin.py:188} INFO - [2026-05-01T00:17:28.569+0000] {dag.py:3089} INFO - Sync 1 DAGs
[2026-05-01T00:17:28.579+0000] {logging_mixin.py:188} INFO - [2026-05-01T00:17:28.579+0000] {dag.py:3947} INFO - Setting next_dagrun for example_branch_dop_operator_v3 to 2026-05-01 00:16:00+00:00, run_after=2026-05-01 00:17:00+00:00
[2026-05-01T00:17:28.592+0000] {processor.py:183} INFO - Processing /home/airflow/.local/lib/python3.12/site-packages/airflow/example_dags/example_branch_python_dop_operator_3.py took 0.045 seconds
[2026-05-01T00:17:58.725+0000] {processor.py:161} INFO - Started process (PID=57051) to work on /home/airflow/.local/lib/python3.12/site-packages/airflow/example_dags/example_branch_python_dop_operator_3.py
[2026-05-01T00:17:58.726+0000] {processor.py:830} INFO - Processing file /home/airflow/.local/lib/python3.12/site-packages/airflow/example_dags/example_branch_python_dop_operator_3.py for tasks to queue
[2026-05-01T00:17:58.727+0000] {logging_mixin.py:188} INFO - [2026-05-01T00:17:58.727+0000] {dagbag.py:545} INFO - Filling up the DagBag from /home/airflow/.local/lib/python3.12/site-packages/airflow/example_dags/example_branch_python_dop_operator_3.py
[2026-05-01T00:17:58.731+0000] {processor.py:840} INFO - DAG(s) 'example_branch_dop_operator_v3' retrieved from /home/airflow/.local/lib/python3.12/site-packages/airflow/example_dags/example_branch_python_dop_operator_3.py
[2026-05-01T00:17:58.741+0000] {logging_mixin.py:188} INFO - [2026-05-01T00:17:58.740+0000] {dag.py:3089} INFO - Sync 1 DAGs
[2026-05-01T00:17:58.751+0000] {logging_mixin.py:188} INFO - [2026-05-01T00:17:58.750+0000] {dag.py:3947} INFO - Setting next_dagrun for example_branch_dop_operator_v3 to 2026-05-01 00:16:00+00:00, run_after=2026-05-01 00:17:00+00:00
[2026-05-01T00:17:58.760+0000] {processor.py:183} INFO - Processing /home/airflow/.local/lib/python3.12/site-packages/airflow/example_dags/example_branch_python_dop_operator_3.py took 0.037 seconds
[2026-05-01T00:18:29.453+0000] {processor.py:161} INFO - Started process (PID=57111) to work on /home/airflow/.local/lib/python3.12/site-packages/airflow/example_dags/example_branch_python_dop_operator_3.py
[2026-05-01T00:18:29.453+0000] {processor.py:830} INFO - Processing file /home/airflow/.local/lib/python3.12/site-packages/airflow/example_dags/example_branch_python_dop_operator_3.py for tasks to queue
[2026-05-01T00:18:29.454+0000] {logging_mixin.py:188} INFO - [2026-05-01T00:18:29.454+0000] {dagbag.py:545} INFO - Filling up the DagBag from /home/airflow/.local/lib/python3.12/site-packages/airflow/example_dags/example_branch_python_dop_operator_3.py
[2026-05-01T00:18:29.458+0000] {processor.py:840} INFO - DAG(s) 'example_branch_dop_operator_v3' retrieved from /home/airflow/.local/lib/python3.12/site-packages/airflow/example_dags/example_branch_python_dop_operator_3.py
[2026-05-01T00:18:29.476+0000] {logging_mixin.py:188} INFO - [2026-05-01T00:18:29.476+0000] {dag.py:3089} INFO - Sync 1 DAGs
[2026-05-01T00:18:29.484+0000] {logging_mixin.py:188} INFO - [2026-05-01T00:18:29.484+0000] {dag.py:3947} INFO - Setting next_dagrun for example_branch_dop_operator_v3 to 2026-05-01 00:17:00+00:00, run_after=2026-05-01 00:18:00+00:00
[2026-05-01T00:18:29.494+0000] {processor.py:183} INFO - Processing /home/airflow/.local/lib/python3.12/site-packages/airflow/example_dags/example_branch_python_dop_operator_3.py took 0.044 seconds
[2026-05-01T00:19:00.077+0000] {processor.py:161} INFO - Started process (PID=57171) to work on /home/airflow/.local/lib/python3.12/site-packages/airflow/example_dags/example_branch_python_dop_operator_3.py
[2026-05-01T00:19:00.077+0000] {processor.py:830} INFO - Processing file /home/airflow/.local/lib/python3.12/site-packages/airflow/example_dags/example_branch_python_dop_operator_3.py for tasks to queue
[2026-05-01T00:19:00.078+0000] {logging_mixin.py:188} INFO - [2026-05-01T00:19:00.078+0000] {dagbag.py:545} INFO - Filling up the DagBag from /home/airflow/.local/lib/python3.12/site-packages/airflow/example_dags/example_branch_python_dop_operator_3.py
[2026-05-01T00:19:00.081+0000] {processor.py:840} INFO - DAG(s) 'example_branch_dop_operator_v3' retrieved from /home/airflow/.local/lib/python3.12/site-packages/airflow/example_dags/example_branch_python_dop_operator_3.py
[2026-05-01T00:19:00.089+0000] {logging_mixin.py:188} INFO - [2026-05-01T00:19:00.089+0000] {dag.py:3089} INFO - Sync 1 DAGs
[2026-05-01T00:19:00.097+0000] {logging_mixin.py:188} INFO - [2026-05-01T00:19:00.097+0000] {dag.py:3947} INFO - Setting next_dagrun for example_branch_dop_operator_v3 to 2026-05-01 00:18:00+00:00, run_after=2026-05-01 00:19:00+00:00
[2026-05-01T00:19:00.109+0000] {processor.py:183} INFO - Processing /home/airflow/.local/lib/python3.12/site-packages/airflow/example_dags/example_branch_python_dop_operator_3.py took 0.034 seconds
[2026-05-01T00:19:31.034+0000] {processor.py:161} INFO - Started process (PID=57231) to work on /home/airflow/.local/lib/python3.12/site-packages/airflow/example_dags/example_branch_python_dop_operator_3.py
[2026-05-01T00:19:31.034+0000] {processor.py:830} INFO - Processing file /home/airflow/.local/lib/python3.12/site-packages/airflow/example_dags/example_branch_python_dop_operator_3.py for tasks to queue
[2026-05-01T00:19:31.035+0000] {logging_mixin.py:188} INFO - [2026-05-01T00:19:31.035+0000] {dagbag.py:545} INFO - Filling up the DagBag from /home/airflow/.local/lib/python3.12/site-packages/airflow/example_dags/example_branch_python_dop_operator_3.py
[2026-05-01T00:19:31.039+0000] {processor.py:840} INFO - DAG(s) 'example_branch_dop_operator_v3' retrieved from /home/airflow/.local/lib/python3.12/site-packages/airflow/example_dags/example_branch_python_dop_operator_3.py
[2026-05-01T00:19:31.050+0000] {logging_mixin.py:188} INFO - [2026-05-01T00:19:31.050+0000] {dag.py:3089} INFO - Sync 1 DAGs
[2026-05-01T00:19:31.062+0000] {logging_mixin.py:188} INFO - [2026-05-01T00:19:31.062+0000] {dag.py:3947} INFO - Setting next_dagrun for example_branch_dop_operator_v3 to 2026-05-01 00:18:00+00:00, run_after=2026-05-01 00:19:00+00:00
[2026-05-01T00:19:31.072+0000] {processor.py:183} INFO - Processing /home/airflow/.local/lib/python3.12/site-packages/airflow/example_dags/example_branch_python_dop_operator_3.py took 0.041 seconds
[2026-05-01T00:20:01.210+0000] {processor.py:161} INFO - Started process (PID=57291) to work on /home/airflow/.local/lib/python3.12/site-packages/airflow/example_dags/example_branch_python_dop_operator_3.py
[2026-05-01T00:20:01.211+0000] {processor.py:830} INFO - Processing file /home/airflow/.local/lib/python3.12/site-packages/airflow/example_dags/example_branch_python_dop_operator_3.py for tasks to queue
[2026-05-01T00:20:01.213+0000] {logging_mixin.py:188} INFO - [2026-05-01T00:20:01.213+0000] {dagbag.py:545} INFO - Filling up the DagBag from /home/airflow/.local/lib/python3.12/site-packages/airflow/example_dags/example_branch_python_dop_operator_3.py
[2026-05-01T00:20:01.219+0000] {processor.py:840} INFO - DAG(s) 'example_branch_dop_operator_v3' retrieved from /home/airflow/.local/lib/python3.12/site-packages/airflow/example_dags/example_branch_python_dop_operator_3.py
[2026-05-01T00:20:01.233+0000] {logging_mixin.py:188} INFO - [2026-05-01T00:20:01.232+0000] {dag.py:3089} INFO - Sync 1 DAGs
[2026-05-01T00:20:01.247+0000] {logging_mixin.py:188} INFO - [2026-05-01T00:20:01.247+0000] {dag.py:3947} INFO - Setting next_dagrun for example_branch_dop_operator_v3 to 2026-05-01 00:19:00+00:00, run_after=2026-05-01 00:20:00+00:00
[2026-05-01T00:20:01.260+0000] {processor.py:183} INFO - Processing /home/airflow/.local/lib/python3.12/site-packages/airflow/example_dags/example_branch_python_dop_operator_3.py took 0.053 seconds
[2026-05-01T00:20:32.053+0000] {processor.py:161} INFO - Started process (PID=57351) to work on /home/airflow/.local/lib/python3.12/site-packages/airflow/example_dags/example_branch_python_dop_operator_3.py
[2026-05-01T00:20:32.054+0000] {processor.py:830} INFO - Processing file /home/airflow/.local/lib/python3.12/site-packages/airflow/example_dags/example_branch_python_dop_operator_3.py for tasks to queue
[2026-05-01T00:20:32.055+0000] {logging_mixin.py:188} INFO - [2026-05-01T00:20:32.055+0000] {dagbag.py:545} INFO - Filling up the DagBag from /home/airflow/.local/lib/python3.12/site-packages/airflow/example_dags/example_branch_python_dop_operator_3.py
[2026-05-01T00:20:32.061+0000] {processor.py:840} INFO - DAG(s) 'example_branch_dop_operator_v3' retrieved from /home/airflow/.local/lib/python3.12/site-packages/airflow/example_dags/example_branch_python_dop_operator_3.py
[2026-05-01T00:20:32.072+0000] {logging_mixin.py:188} INFO - [2026-05-01T00:20:32.071+0000] {dag.py:3089} INFO - Sync 1 DAGs
[2026-05-01T00:20:32.082+0000] {logging_mixin.py:188} INFO - [2026-05-01T00:20:32.082+0000] {dag.py:3947} INFO - Setting next_dagrun for example_branch_dop_operator_v3 to 2026-05-01 00:19:00+00:00, run_after=2026-05-01 00:20:00+00:00
[2026-05-01T00:20:32.094+0000] {processor.py:183} INFO - Processing /home/airflow/.local/lib/python3.12/site-packages/airflow/example_dags/example_branch_python_dop_operator_3.py took 0.043 seconds
[2026-05-01T00:21:02.379+0000] {processor.py:161} INFO - Started process (PID=57411) to work on /home/airflow/.local/lib/python3.12/site-packages/airflow/example_dags/example_branch_python_dop_operator_3.py
[2026-05-01T00:21:02.380+0000] {processor.py:830} INFO - Processing file /home/airflow/.local/lib/python3.12/site-packages/airflow/example_dags/example_branch_python_dop_operator_3.py for tasks to queue
[2026-05-01T00:21:02.380+0000] {logging_mixin.py:188} INFO - [2026-05-01T00:21:02.380+0000] {dagbag.py:545} INFO - Filling up the DagBag from /home/airflow/.local/lib/python3.12/site-packages/airflow/example_dags/example_branch_python_dop_operator_3.py
[2026-05-01T00:21:02.386+0000] {processor.py:840} INFO - DAG(s) 'example_branch_dop_operator_v3' retrieved from /home/airflow/.local/lib/python3.12/site-packages/airflow/example_dags/example_branch_python_dop_operator_3.py
[2026-05-01T00:21:02.397+0000] {logging_mixin.py:188} INFO - [2026-05-01T00:21:02.397+0000] {dag.py:3089} INFO - Sync 1 DAGs
[2026-05-01T00:21:02.408+0000] {logging_mixin.py:188} INFO - [2026-05-01T00:21:02.408+0000] {dag.py:3947} INFO - Setting next_dagrun for example_branch_dop_operator_v3 to 2026-05-01 00:20:00+00:00, run_after=2026-05-01 00:21:00+00:00
[2026-05-01T00:21:02.419+0000] {processor.py:183} INFO - Processing /home/airflow/.local/lib/python3.12/site-packages/airflow/example_dags/example_branch_python_dop_operator_3.py took 0.044 seconds
[2026-05-01T00:21:32.686+0000] {processor.py:161} INFO - Started process (PID=57471) to work on /home/airflow/.local/lib/python3.12/site-packages/airflow/example_dags/example_branch_python_dop_operator_3.py
[2026-05-01T00:21:32.688+0000] {processor.py:830} INFO - Processing file /home/airflow/.local/lib/python3.12/site-packages/airflow/example_dags/example_branch_python_dop_operator_3.py for tasks to queue
[2026-05-01T00:21:32.689+0000] {logging_mixin.py:188} INFO - [2026-05-01T00:21:32.689+0000] {dagbag.py:545} INFO - Filling up the DagBag from /home/airflow/.local/lib/python3.12/site-packages/airflow/example_dags/example_branch_python_dop_operator_3.py
[2026-05-01T00:21:32.693+0000] {processor.py:840} INFO - DAG(s) 'example_branch_dop_operator_v3' retrieved from /home/airflow/.local/lib/python3.12/site-packages/airflow/example_dags/example_branch_python_dop_operator_3.py
[2026-05-01T00:21:32.704+0000] {logging_mixin.py:188} INFO - [2026-05-01T00:21:32.704+0000] {dag.py:3089} INFO - Sync 1 DAGs
[2026-05-01T00:21:32.713+0000] {logging_mixin.py:188} INFO - [2026-05-01T00:21:32.713+0000] {dag.py:3947} INFO - Setting next_dagrun for example_branch_dop_operator_v3 to 2026-05-01 00:20:00+00:00, run_after=2026-05-01 00:21:00+00:00
[2026-05-01T00:21:32.724+0000] {processor.py:183} INFO - Processing /home/airflow/.local/lib/python3.12/site-packages/airflow/example_dags/example_branch_python_dop_operator_3.py took 0.041 seconds
[2026-05-01T00:22:03.680+0000] {processor.py:161} INFO - Started process (PID=57531) to work on /home/airflow/.local/lib/python3.12/site-packages/airflow/example_dags/example_branch_python_dop_operator_3.py
[2026-05-01T00:22:03.681+0000] {processor.py:830} INFO - Processing file /home/airflow/.local/lib/python3.12/site-packages/airflow/example_dags/example_branch_python_dop_operator_3.py for tasks to queue
[2026-05-01T00:22:03.682+0000] {logging_mixin.py:188} INFO - [2026-05-01T00:22:03.682+0000] {dagbag.py:545} INFO - Filling up the DagBag from /home/airflow/.local/lib/python3.12/site-packages/airflow/example_dags/example_branch_python_dop_operator_3.py
[2026-05-01T00:22:03.688+0000] {processor.py:840} INFO - DAG(s) 'example_branch_dop_operator_v3' retrieved from /home/airflow/.local/lib/python3.12/site-packages/airflow/example_dags/example_branch_python_dop_operator_3.py
[2026-05-01T00:22:03.697+0000] {logging_mixin.py:188} INFO - [2026-05-01T00:22:03.697+0000] {dag.py:3089} INFO - Sync 1 DAGs
[2026-05-01T00:22:03.706+0000] {logging_mixin.py:188} INFO - [2026-05-01T00:22:03.706+0000] {dag.py:3947} INFO - Setting next_dagrun for example_branch_dop_operator_v3 to 2026-05-01 00:21:00+00:00, run_after=2026-05-01 00:22:00+00:00
[2026-05-01T00:22:03.712+0000] {processor.py:183} INFO - Processing /home/airflow/.local/lib/python3.12/site-packages/airflow/example_dags/example_branch_python_dop_operator_3.py took 0.035 seconds
[2026-05-01T00:22:34.620+0000] {processor.py:161} INFO - Started process (PID=57591) to work on /home/airflow/.local/lib/python3.12/site-packages/airflow/example_dags/example_branch_python_dop_operator_3.py
[2026-05-01T00:22:34.621+0000] {processor.py:830} INFO - Processing file /home/airflow/.local/lib/python3.12/site-packages/airflow/example_dags/example_branch_python_dop_operator_3.py for tasks to queue
[2026-05-01T00:22:34.622+0000] {logging_mixin.py:188} INFO - [2026-05-01T00:22:34.622+0000] {dagbag.py:545} INFO - Filling up the DagBag from /home/airflow/.local/lib/python3.12/site-packages/airflow/example_dags/example_branch_python_dop_operator_3.py
[2026-05-01T00:22:34.627+0000] {processor.py:840} INFO - DAG(s) 'example_branch_dop_operator_v3' retrieved from /home/airflow/.local/lib/python3.12/site-packages/airflow/example_dags/example_branch_python_dop_operator_3.py
[2026-05-01T00:22:34.645+0000] {logging_mixin.py:188} INFO - [2026-05-01T00:22:34.645+0000] {dag.py:3089} INFO - Sync 1 DAGs
[2026-05-01T00:22:34.657+0000] {logging_mixin.py:188} INFO - [2026-05-01T00:22:34.657+0000] {dag.py:3947} INFO - Setting next_dagrun for example_branch_dop_operator_v3 to 2026-05-01 00:21:00+00:00, run_after=2026-05-01 00:22:00+00:00
[2026-05-01T00:22:34.667+0000] {processor.py:183} INFO - Processing /home/airflow/.local/lib/python3.12/site-packages/airflow/example_dags/example_branch_python_dop_operator_3.py took 0.050 seconds
[2026-05-01T00:23:05.452+0000] {processor.py:161} INFO - Started process (PID=57651) to work on /home/airflow/.local/lib/python3.12/site-packages/airflow/example_dags/example_branch_python_dop_operator_3.py
[2026-05-01T00:23:05.452+0000] {processor.py:830} INFO - Processing file /home/airflow/.local/lib/python3.12/site-packages/airflow/example_dags/example_branch_python_dop_operator_3.py for tasks to queue
[2026-05-01T00:23:05.453+0000] {logging_mixin.py:188} INFO - [2026-05-01T00:23:05.453+0000] {dagbag.py:545} INFO - Filling up the DagBag from /home/airflow/.local/lib/python3.12/site-packages/airflow/example_dags/example_branch_python_dop_operator_3.py
[2026-05-01T00:23:05.458+0000] {processor.py:840} INFO - DAG(s) 'example_branch_dop_operator_v3' retrieved from /home/airflow/.local/lib/python3.12/site-packages/airflow/example_dags/example_branch_python_dop_operator_3.py
[2026-05-01T00:23:05.471+0000] {logging_mixin.py:188} INFO - [2026-05-01T00:23:05.471+0000] {dag.py:3089} INFO - Sync 1 DAGs
[2026-05-01T00:23:05.480+0000] {logging_mixin.py:188} INFO - [2026-05-01T00:23:05.480+0000] {dag.py:3947} INFO - Setting next_dagrun for example_branch_dop_operator_v3 to 2026-05-01 00:22:00+00:00, run_after=2026-05-01 00:23:00+00:00
[2026-05-01T00:23:05.488+0000] {processor.py:183} INFO - Processing /home/airflow/.local/lib/python3.12/site-packages/airflow/example_dags/example_branch_python_dop_operator_3.py took 0.039 seconds
