[2026-05-01T00:00:02.598+0000] {processor.py:161} INFO - Started process (PID=54925) to work on /home/airflow/.local/lib/python3.12/site-packages/airflow/example_dags/example_branch_day_of_week_operator.py
[2026-05-01T00:00:02.598+0000] {processor.py:830} INFO - Processing file /home/airflow/.local/lib/python3.12/site-packages/airflow/example_dags/example_branch_day_of_week_operator.py for tasks to queue
[2026-05-01T00:00:02.599+0000] {logging_mixin.py:188} INFO - [2026-05-01T00:00:02.599+0000] {dagbag.py:545} INFO - Filling up the DagBag from /home/airflow/.local/lib/python3.12/site-packages/airflow/example_dags/example_branch_day_of_week_operator.py
[2026-05-01T00:00:02.604+0000] {processor.py:840} INFO - DAG(s) 'example_weekday_branch_operator' retrieved from /home/airflow/.local/lib/python3.12/site-packages/airflow/example_dags/example_branch_day_of_week_operator.py
[2026-05-01T00:00:02.613+0000] {logging_mixin.py:188} INFO - [2026-05-01T00:00:02.613+0000] {dag.py:3089} INFO - Sync 1 DAGs
[2026-05-01T00:00:02.622+0000] {logging_mixin.py:188} INFO - [2026-05-01T00:00:02.622+0000] {dag.py:3947} INFO - Setting next_dagrun for example_weekday_branch_operator to 2026-04-30 00:00:00+00:00, run_after=2026-05-01 00:00:00+00:00
[2026-05-01T00:00:02.628+0000] {processor.py:183} INFO - Processing /home/airflow/.local/lib/python3.12/site-packages/airflow/example_dags/example_branch_day_of_week_operator.py took 0.033 seconds
[2026-05-01T00:00:33.403+0000] {processor.py:161} INFO - Started process (PID=54985) to work on /home/airflow/.local/lib/python3.12/site-packages/airflow/example_dags/example_branch_day_of_week_operator.py
[2026-05-01T00:00:33.404+0000] {processor.py:830} INFO - Processing file /home/airflow/.local/lib/python3.12/site-packages/airflow/example_dags/example_branch_day_of_week_operator.py for tasks to queue
[2026-05-01T00:00:33.405+0000] {logging_mixin.py:188} INFO - [2026-05-01T00:00:33.404+0000] {dagbag.py:545} INFO - Filling up the DagBag from /home/airflow/.local/lib/python3.12/site-packages/airflow/example_dags/example_branch_day_of_week_operator.py
[2026-05-01T00:00:33.409+0000] {processor.py:840} INFO - DAG(s) 'example_weekday_branch_operator' retrieved from /home/airflow/.local/lib/python3.12/site-packages/airflow/example_dags/example_branch_day_of_week_operator.py
[2026-05-01T00:00:33.417+0000] {logging_mixin.py:188} INFO - [2026-05-01T00:00:33.417+0000] {dag.py:3089} INFO - Sync 1 DAGs
[2026-05-01T00:00:33.427+0000] {logging_mixin.py:188} INFO - [2026-05-01T00:00:33.427+0000] {dag.py:3947} INFO - Setting next_dagrun for example_weekday_branch_operator to 2026-04-30 00:00:00+00:00, run_after=2026-05-01 00:00:00+00:00
[2026-05-01T00:00:33.437+0000] {processor.py:183} INFO - Processing /home/airflow/.local/lib/python3.12/site-packages/airflow/example_dags/example_branch_day_of_week_operator.py took 0.037 seconds
[2026-05-01T00:01:04.100+0000] {processor.py:161} INFO - Started process (PID=55045) to work on /home/airflow/.local/lib/python3.12/site-packages/airflow/example_dags/example_branch_day_of_week_operator.py
[2026-05-01T00:01:04.101+0000] {processor.py:830} INFO - Processing file /home/airflow/.local/lib/python3.12/site-packages/airflow/example_dags/example_branch_day_of_week_operator.py for tasks to queue
[2026-05-01T00:01:04.101+0000] {logging_mixin.py:188} INFO - [2026-05-01T00:01:04.101+0000] {dagbag.py:545} INFO - Filling up the DagBag from /home/airflow/.local/lib/python3.12/site-packages/airflow/example_dags/example_branch_day_of_week_operator.py
[2026-05-01T00:01:04.104+0000] {processor.py:840} INFO - DAG(s) 'example_weekday_branch_operator' retrieved from /home/airflow/.local/lib/python3.12/site-packages/airflow/example_dags/example_branch_day_of_week_operator.py
[2026-05-01T00:01:04.112+0000] {logging_mixin.py:188} INFO - [2026-05-01T00:01:04.112+0000] {dag.py:3089} INFO - Sync 1 DAGs
[2026-05-01T00:01:04.120+0000] {logging_mixin.py:188} INFO - [2026-05-01T00:01:04.120+0000] {dag.py:3947} INFO - Setting next_dagrun for example_weekday_branch_operator to 2026-04-30 00:00:00+00:00, run_after=2026-05-01 00:00:00+00:00
[2026-05-01T00:01:04.128+0000] {processor.py:183} INFO - Processing /home/airflow/.local/lib/python3.12/site-packages/airflow/example_dags/example_branch_day_of_week_operator.py took 0.031 seconds
[2026-05-01T00:01:34.877+0000] {processor.py:161} INFO - Started process (PID=55105) to work on /home/airflow/.local/lib/python3.12/site-packages/airflow/example_dags/example_branch_day_of_week_operator.py
[2026-05-01T00:01:34.877+0000] {processor.py:830} INFO - Processing file /home/airflow/.local/lib/python3.12/site-packages/airflow/example_dags/example_branch_day_of_week_operator.py for tasks to queue
[2026-05-01T00:01:34.878+0000] {logging_mixin.py:188} INFO - [2026-05-01T00:01:34.878+0000] {dagbag.py:545} INFO - Filling up the DagBag from /home/airflow/.local/lib/python3.12/site-packages/airflow/example_dags/example_branch_day_of_week_operator.py
[2026-05-01T00:01:34.883+0000] {processor.py:840} INFO - DAG(s) 'example_weekday_branch_operator' retrieved from /home/airflow/.local/lib/python3.12/site-packages/airflow/example_dags/example_branch_day_of_week_operator.py
[2026-05-01T00:01:34.897+0000] {logging_mixin.py:188} INFO - [2026-05-01T00:01:34.897+0000] {dag.py:3089} INFO - Sync 1 DAGs
[2026-05-01T00:01:34.908+0000] {logging_mixin.py:188} INFO - [2026-05-01T00:01:34.908+0000] {dag.py:3947} INFO - Setting next_dagrun for example_weekday_branch_operator to 2026-04-30 00:00:00+00:00, run_after=2026-05-01 00:00:00+00:00
[2026-05-01T00:01:34.926+0000] {processor.py:183} INFO - Processing /home/airflow/.local/lib/python3.12/site-packages/airflow/example_dags/example_branch_day_of_week_operator.py took 0.052 seconds
[2026-05-01T00:02:06.064+0000] {processor.py:161} INFO - Started process (PID=55171) to work on /home/airflow/.local/lib/python3.12/site-packages/airflow/example_dags/example_branch_day_of_week_operator.py
[2026-05-01T00:02:06.064+0000] {processor.py:830} INFO - Processing file /home/airflow/.local/lib/python3.12/site-packages/airflow/example_dags/example_branch_day_of_week_operator.py for tasks to queue
[2026-05-01T00:02:06.065+0000] {logging_mixin.py:188} INFO - [2026-05-01T00:02:06.065+0000] {dagbag.py:545} INFO - Filling up the DagBag from /home/airflow/.local/lib/python3.12/site-packages/airflow/example_dags/example_branch_day_of_week_operator.py
[2026-05-01T00:02:06.068+0000] {processor.py:840} INFO - DAG(s) 'example_weekday_branch_operator' retrieved from /home/airflow/.local/lib/python3.12/site-packages/airflow/example_dags/example_branch_day_of_week_operator.py
[2026-05-01T00:02:06.080+0000] {logging_mixin.py:188} INFO - [2026-05-01T00:02:06.080+0000] {dag.py:3089} INFO - Sync 1 DAGs
[2026-05-01T00:02:06.090+0000] {logging_mixin.py:188} INFO - [2026-05-01T00:02:06.090+0000] {dag.py:3947} INFO - Setting next_dagrun for example_weekday_branch_operator to 2026-04-30 00:00:00+00:00, run_after=2026-05-01 00:00:00+00:00
[2026-05-01T00:02:06.100+0000] {processor.py:183} INFO - Processing /home/airflow/.local/lib/python3.12/site-packages/airflow/example_dags/example_branch_day_of_week_operator.py took 0.039 seconds
[2026-05-01T00:02:36.145+0000] {processor.py:161} INFO - Started process (PID=55231) to work on /home/airflow/.local/lib/python3.12/site-packages/airflow/example_dags/example_branch_day_of_week_operator.py
[2026-05-01T00:02:36.145+0000] {processor.py:830} INFO - Processing file /home/airflow/.local/lib/python3.12/site-packages/airflow/example_dags/example_branch_day_of_week_operator.py for tasks to queue
[2026-05-01T00:02:36.146+0000] {logging_mixin.py:188} INFO - [2026-05-01T00:02:36.146+0000] {dagbag.py:545} INFO - Filling up the DagBag from /home/airflow/.local/lib/python3.12/site-packages/airflow/example_dags/example_branch_day_of_week_operator.py
[2026-05-01T00:02:36.149+0000] {processor.py:840} INFO - DAG(s) 'example_weekday_branch_operator' retrieved from /home/airflow/.local/lib/python3.12/site-packages/airflow/example_dags/example_branch_day_of_week_operator.py
[2026-05-01T00:02:36.156+0000] {logging_mixin.py:188} INFO - [2026-05-01T00:02:36.156+0000] {dag.py:3089} INFO - Sync 1 DAGs
[2026-05-01T00:02:36.163+0000] {logging_mixin.py:188} INFO - [2026-05-01T00:02:36.163+0000] {dag.py:3947} INFO - Setting next_dagrun for example_weekday_branch_operator to 2026-04-30 00:00:00+00:00, run_after=2026-05-01 00:00:00+00:00
[2026-05-01T00:02:36.168+0000] {processor.py:183} INFO - Processing /home/airflow/.local/lib/python3.12/site-packages/airflow/example_dags/example_branch_day_of_week_operator.py took 0.025 seconds
[2026-05-01T00:03:06.897+0000] {processor.py:161} INFO - Started process (PID=55291) to work on /home/airflow/.local/lib/python3.12/site-packages/airflow/example_dags/example_branch_day_of_week_operator.py
[2026-05-01T00:03:06.897+0000] {processor.py:830} INFO - Processing file /home/airflow/.local/lib/python3.12/site-packages/airflow/example_dags/example_branch_day_of_week_operator.py for tasks to queue
[2026-05-01T00:03:06.901+0000] {logging_mixin.py:188} INFO - [2026-05-01T00:03:06.901+0000] {dagbag.py:545} INFO - Filling up the DagBag from /home/airflow/.local/lib/python3.12/site-packages/airflow/example_dags/example_branch_day_of_week_operator.py
[2026-05-01T00:03:06.904+0000] {processor.py:840} INFO - DAG(s) 'example_weekday_branch_operator' retrieved from /home/airflow/.local/lib/python3.12/site-packages/airflow/example_dags/example_branch_day_of_week_operator.py
[2026-05-01T00:03:06.912+0000] {logging_mixin.py:188} INFO - [2026-05-01T00:03:06.912+0000] {dag.py:3089} INFO - Sync 1 DAGs
[2026-05-01T00:03:06.920+0000] {logging_mixin.py:188} INFO - [2026-05-01T00:03:06.920+0000] {dag.py:3947} INFO - Setting next_dagrun for example_weekday_branch_operator to 2026-04-30 00:00:00+00:00, run_after=2026-05-01 00:00:00+00:00
[2026-05-01T00:03:06.928+0000] {processor.py:183} INFO - Processing /home/airflow/.local/lib/python3.12/site-packages/airflow/example_dags/example_branch_day_of_week_operator.py took 0.034 seconds
[2026-05-01T00:03:37.590+0000] {processor.py:161} INFO - Started process (PID=55351) to work on /home/airflow/.local/lib/python3.12/site-packages/airflow/example_dags/example_branch_day_of_week_operator.py
[2026-05-01T00:03:37.591+0000] {processor.py:830} INFO - Processing file /home/airflow/.local/lib/python3.12/site-packages/airflow/example_dags/example_branch_day_of_week_operator.py for tasks to queue
[2026-05-01T00:03:37.592+0000] {logging_mixin.py:188} INFO - [2026-05-01T00:03:37.592+0000] {dagbag.py:545} INFO - Filling up the DagBag from /home/airflow/.local/lib/python3.12/site-packages/airflow/example_dags/example_branch_day_of_week_operator.py
[2026-05-01T00:03:37.596+0000] {processor.py:840} INFO - DAG(s) 'example_weekday_branch_operator' retrieved from /home/airflow/.local/lib/python3.12/site-packages/airflow/example_dags/example_branch_day_of_week_operator.py
[2026-05-01T00:03:37.607+0000] {logging_mixin.py:188} INFO - [2026-05-01T00:03:37.607+0000] {dag.py:3089} INFO - Sync 1 DAGs
[2026-05-01T00:03:37.614+0000] {logging_mixin.py:188} INFO - [2026-05-01T00:03:37.614+0000] {dag.py:3947} INFO - Setting next_dagrun for example_weekday_branch_operator to 2026-04-30 00:00:00+00:00, run_after=2026-05-01 00:00:00+00:00
[2026-05-01T00:03:37.622+0000] {processor.py:183} INFO - Processing /home/airflow/.local/lib/python3.12/site-packages/airflow/example_dags/example_branch_day_of_week_operator.py took 0.035 seconds
[2026-05-01T00:04:08.328+0000] {processor.py:161} INFO - Started process (PID=55411) to work on /home/airflow/.local/lib/python3.12/site-packages/airflow/example_dags/example_branch_day_of_week_operator.py
[2026-05-01T00:04:08.330+0000] {processor.py:830} INFO - Processing file /home/airflow/.local/lib/python3.12/site-packages/airflow/example_dags/example_branch_day_of_week_operator.py for tasks to queue
[2026-05-01T00:04:08.330+0000] {logging_mixin.py:188} INFO - [2026-05-01T00:04:08.330+0000] {dagbag.py:545} INFO - Filling up the DagBag from /home/airflow/.local/lib/python3.12/site-packages/airflow/example_dags/example_branch_day_of_week_operator.py
[2026-05-01T00:04:08.334+0000] {processor.py:840} INFO - DAG(s) 'example_weekday_branch_operator' retrieved from /home/airflow/.local/lib/python3.12/site-packages/airflow/example_dags/example_branch_day_of_week_operator.py
[2026-05-01T00:04:08.342+0000] {logging_mixin.py:188} INFO - [2026-05-01T00:04:08.342+0000] {dag.py:3089} INFO - Sync 1 DAGs
[2026-05-01T00:04:08.350+0000] {logging_mixin.py:188} INFO - [2026-05-01T00:04:08.350+0000] {dag.py:3947} INFO - Setting next_dagrun for example_weekday_branch_operator to 2026-04-30 00:00:00+00:00, run_after=2026-05-01 00:00:00+00:00
[2026-05-01T00:04:08.362+0000] {processor.py:183} INFO - Processing /home/airflow/.local/lib/python3.12/site-packages/airflow/example_dags/example_branch_day_of_week_operator.py took 0.036 seconds
[2026-05-01T00:04:39.053+0000] {processor.py:161} INFO - Started process (PID=55471) to work on /home/airflow/.local/lib/python3.12/site-packages/airflow/example_dags/example_branch_day_of_week_operator.py
[2026-05-01T00:04:39.054+0000] {processor.py:830} INFO - Processing file /home/airflow/.local/lib/python3.12/site-packages/airflow/example_dags/example_branch_day_of_week_operator.py for tasks to queue
[2026-05-01T00:04:39.055+0000] {logging_mixin.py:188} INFO - [2026-05-01T00:04:39.055+0000] {dagbag.py:545} INFO - Filling up the DagBag from /home/airflow/.local/lib/python3.12/site-packages/airflow/example_dags/example_branch_day_of_week_operator.py
[2026-05-01T00:04:39.059+0000] {processor.py:840} INFO - DAG(s) 'example_weekday_branch_operator' retrieved from /home/airflow/.local/lib/python3.12/site-packages/airflow/example_dags/example_branch_day_of_week_operator.py
[2026-05-01T00:04:39.067+0000] {logging_mixin.py:188} INFO - [2026-05-01T00:04:39.066+0000] {dag.py:3089} INFO - Sync 1 DAGs
[2026-05-01T00:04:39.075+0000] {logging_mixin.py:188} INFO - [2026-05-01T00:04:39.075+0000] {dag.py:3947} INFO - Setting next_dagrun for example_weekday_branch_operator to 2026-04-30 00:00:00+00:00, run_after=2026-05-01 00:00:00+00:00
[2026-05-01T00:04:39.080+0000] {processor.py:183} INFO - Processing /home/airflow/.local/lib/python3.12/site-packages/airflow/example_dags/example_branch_day_of_week_operator.py took 0.029 seconds
[2026-05-01T00:05:09.812+0000] {processor.py:161} INFO - Started process (PID=55532) to work on /home/airflow/.local/lib/python3.12/site-packages/airflow/example_dags/example_branch_day_of_week_operator.py
[2026-05-01T00:05:09.814+0000] {processor.py:830} INFO - Processing file /home/airflow/.local/lib/python3.12/site-packages/airflow/example_dags/example_branch_day_of_week_operator.py for tasks to queue
[2026-05-01T00:05:09.816+0000] {logging_mixin.py:188} INFO - [2026-05-01T00:05:09.816+0000] {dagbag.py:545} INFO - Filling up the DagBag from /home/airflow/.local/lib/python3.12/site-packages/airflow/example_dags/example_branch_day_of_week_operator.py
[2026-05-01T00:05:09.820+0000] {processor.py:840} INFO - DAG(s) 'example_weekday_branch_operator' retrieved from /home/airflow/.local/lib/python3.12/site-packages/airflow/example_dags/example_branch_day_of_week_operator.py
[2026-05-01T00:05:09.833+0000] {logging_mixin.py:188} INFO - [2026-05-01T00:05:09.831+0000] {dag.py:3089} INFO - Sync 1 DAGs
[2026-05-01T00:05:09.841+0000] {logging_mixin.py:188} INFO - [2026-05-01T00:05:09.841+0000] {dag.py:3947} INFO - Setting next_dagrun for example_weekday_branch_operator to 2026-04-30 00:00:00+00:00, run_after=2026-05-01 00:00:00+00:00
[2026-05-01T00:05:09.848+0000] {processor.py:183} INFO - Processing /home/airflow/.local/lib/python3.12/site-packages/airflow/example_dags/example_branch_day_of_week_operator.py took 0.038 seconds
[2026-05-01T00:05:40.605+0000] {processor.py:161} INFO - Started process (PID=55592) to work on /home/airflow/.local/lib/python3.12/site-packages/airflow/example_dags/example_branch_day_of_week_operator.py
[2026-05-01T00:05:40.605+0000] {processor.py:830} INFO - Processing file /home/airflow/.local/lib/python3.12/site-packages/airflow/example_dags/example_branch_day_of_week_operator.py for tasks to queue
[2026-05-01T00:05:40.606+0000] {logging_mixin.py:188} INFO - [2026-05-01T00:05:40.606+0000] {dagbag.py:545} INFO - Filling up the DagBag from /home/airflow/.local/lib/python3.12/site-packages/airflow/example_dags/example_branch_day_of_week_operator.py
[2026-05-01T00:05:40.609+0000] {processor.py:840} INFO - DAG(s) 'example_weekday_branch_operator' retrieved from /home/airflow/.local/lib/python3.12/site-packages/airflow/example_dags/example_branch_day_of_week_operator.py
[2026-05-01T00:05:40.617+0000] {logging_mixin.py:188} INFO - [2026-05-01T00:05:40.616+0000] {dag.py:3089} INFO - Sync 1 DAGs
[2026-05-01T00:05:40.627+0000] {logging_mixin.py:188} INFO - [2026-05-01T00:05:40.627+0000] {dag.py:3947} INFO - Setting next_dagrun for example_weekday_branch_operator to 2026-04-30 00:00:00+00:00, run_after=2026-05-01 00:00:00+00:00
[2026-05-01T00:05:40.634+0000] {processor.py:183} INFO - Processing /home/airflow/.local/lib/python3.12/site-packages/airflow/example_dags/example_branch_day_of_week_operator.py took 0.031 seconds
[2026-05-01T00:06:11.364+0000] {processor.py:161} INFO - Started process (PID=55652) to work on /home/airflow/.local/lib/python3.12/site-packages/airflow/example_dags/example_branch_day_of_week_operator.py
[2026-05-01T00:06:11.365+0000] {processor.py:830} INFO - Processing file /home/airflow/.local/lib/python3.12/site-packages/airflow/example_dags/example_branch_day_of_week_operator.py for tasks to queue
[2026-05-01T00:06:11.366+0000] {logging_mixin.py:188} INFO - [2026-05-01T00:06:11.366+0000] {dagbag.py:545} INFO - Filling up the DagBag from /home/airflow/.local/lib/python3.12/site-packages/airflow/example_dags/example_branch_day_of_week_operator.py
[2026-05-01T00:06:11.370+0000] {processor.py:840} INFO - DAG(s) 'example_weekday_branch_operator' retrieved from /home/airflow/.local/lib/python3.12/site-packages/airflow/example_dags/example_branch_day_of_week_operator.py
[2026-05-01T00:06:11.378+0000] {logging_mixin.py:188} INFO - [2026-05-01T00:06:11.378+0000] {dag.py:3089} INFO - Sync 1 DAGs
[2026-05-01T00:06:11.388+0000] {logging_mixin.py:188} INFO - [2026-05-01T00:06:11.388+0000] {dag.py:3947} INFO - Setting next_dagrun for example_weekday_branch_operator to 2026-04-30 00:00:00+00:00, run_after=2026-05-01 00:00:00+00:00
[2026-05-01T00:06:11.395+0000] {processor.py:183} INFO - Processing /home/airflow/.local/lib/python3.12/site-packages/airflow/example_dags/example_branch_day_of_week_operator.py took 0.034 seconds
[2026-05-01T00:06:42.119+0000] {processor.py:161} INFO - Started process (PID=55712) to work on /home/airflow/.local/lib/python3.12/site-packages/airflow/example_dags/example_branch_day_of_week_operator.py
[2026-05-01T00:06:42.119+0000] {processor.py:830} INFO - Processing file /home/airflow/.local/lib/python3.12/site-packages/airflow/example_dags/example_branch_day_of_week_operator.py for tasks to queue
[2026-05-01T00:06:42.123+0000] {logging_mixin.py:188} INFO - [2026-05-01T00:06:42.123+0000] {dagbag.py:545} INFO - Filling up the DagBag from /home/airflow/.local/lib/python3.12/site-packages/airflow/example_dags/example_branch_day_of_week_operator.py
[2026-05-01T00:06:42.126+0000] {processor.py:840} INFO - DAG(s) 'example_weekday_branch_operator' retrieved from /home/airflow/.local/lib/python3.12/site-packages/airflow/example_dags/example_branch_day_of_week_operator.py
[2026-05-01T00:06:42.134+0000] {logging_mixin.py:188} INFO - [2026-05-01T00:06:42.134+0000] {dag.py:3089} INFO - Sync 1 DAGs
[2026-05-01T00:06:42.141+0000] {logging_mixin.py:188} INFO - [2026-05-01T00:06:42.141+0000] {dag.py:3947} INFO - Setting next_dagrun for example_weekday_branch_operator to 2026-04-30 00:00:00+00:00, run_after=2026-05-01 00:00:00+00:00
[2026-05-01T00:06:42.149+0000] {processor.py:183} INFO - Processing /home/airflow/.local/lib/python3.12/site-packages/airflow/example_dags/example_branch_day_of_week_operator.py took 0.033 seconds
[2026-05-01T00:07:13.289+0000] {processor.py:161} INFO - Started process (PID=55772) to work on /home/airflow/.local/lib/python3.12/site-packages/airflow/example_dags/example_branch_day_of_week_operator.py
[2026-05-01T00:07:13.290+0000] {processor.py:830} INFO - Processing file /home/airflow/.local/lib/python3.12/site-packages/airflow/example_dags/example_branch_day_of_week_operator.py for tasks to queue
[2026-05-01T00:07:13.291+0000] {logging_mixin.py:188} INFO - [2026-05-01T00:07:13.291+0000] {dagbag.py:545} INFO - Filling up the DagBag from /home/airflow/.local/lib/python3.12/site-packages/airflow/example_dags/example_branch_day_of_week_operator.py
[2026-05-01T00:07:13.295+0000] {processor.py:840} INFO - DAG(s) 'example_weekday_branch_operator' retrieved from /home/airflow/.local/lib/python3.12/site-packages/airflow/example_dags/example_branch_day_of_week_operator.py
[2026-05-01T00:07:13.303+0000] {logging_mixin.py:188} INFO - [2026-05-01T00:07:13.303+0000] {dag.py:3089} INFO - Sync 1 DAGs
[2026-05-01T00:07:13.381+0000] {logging_mixin.py:188} INFO - [2026-05-01T00:07:13.381+0000] {dag.py:3947} INFO - Setting next_dagrun for example_weekday_branch_operator to 2026-04-30 00:00:00+00:00, run_after=2026-05-01 00:00:00+00:00
[2026-05-01T00:07:13.389+0000] {processor.py:183} INFO - Processing /home/airflow/.local/lib/python3.12/site-packages/airflow/example_dags/example_branch_day_of_week_operator.py took 0.102 seconds
[2026-05-01T00:07:43.654+0000] {processor.py:161} INFO - Started process (PID=55832) to work on /home/airflow/.local/lib/python3.12/site-packages/airflow/example_dags/example_branch_day_of_week_operator.py
[2026-05-01T00:07:43.655+0000] {processor.py:830} INFO - Processing file /home/airflow/.local/lib/python3.12/site-packages/airflow/example_dags/example_branch_day_of_week_operator.py for tasks to queue
[2026-05-01T00:07:43.657+0000] {logging_mixin.py:188} INFO - [2026-05-01T00:07:43.657+0000] {dagbag.py:545} INFO - Filling up the DagBag from /home/airflow/.local/lib/python3.12/site-packages/airflow/example_dags/example_branch_day_of_week_operator.py
[2026-05-01T00:07:43.662+0000] {processor.py:840} INFO - DAG(s) 'example_weekday_branch_operator' retrieved from /home/airflow/.local/lib/python3.12/site-packages/airflow/example_dags/example_branch_day_of_week_operator.py
[2026-05-01T00:07:43.675+0000] {logging_mixin.py:188} INFO - [2026-05-01T00:07:43.675+0000] {dag.py:3089} INFO - Sync 1 DAGs
[2026-05-01T00:07:43.769+0000] {logging_mixin.py:188} INFO - [2026-05-01T00:07:43.769+0000] {dag.py:3947} INFO - Setting next_dagrun for example_weekday_branch_operator to 2026-04-30 00:00:00+00:00, run_after=2026-05-01 00:00:00+00:00
[2026-05-01T00:07:43.783+0000] {processor.py:183} INFO - Processing /home/airflow/.local/lib/python3.12/site-packages/airflow/example_dags/example_branch_day_of_week_operator.py took 0.132 seconds
[2026-05-01T00:08:13.950+0000] {processor.py:161} INFO - Started process (PID=55892) to work on /home/airflow/.local/lib/python3.12/site-packages/airflow/example_dags/example_branch_day_of_week_operator.py
[2026-05-01T00:08:13.951+0000] {processor.py:830} INFO - Processing file /home/airflow/.local/lib/python3.12/site-packages/airflow/example_dags/example_branch_day_of_week_operator.py for tasks to queue
[2026-05-01T00:08:13.952+0000] {logging_mixin.py:188} INFO - [2026-05-01T00:08:13.952+0000] {dagbag.py:545} INFO - Filling up the DagBag from /home/airflow/.local/lib/python3.12/site-packages/airflow/example_dags/example_branch_day_of_week_operator.py
[2026-05-01T00:08:13.956+0000] {processor.py:840} INFO - DAG(s) 'example_weekday_branch_operator' retrieved from /home/airflow/.local/lib/python3.12/site-packages/airflow/example_dags/example_branch_day_of_week_operator.py
[2026-05-01T00:08:13.964+0000] {logging_mixin.py:188} INFO - [2026-05-01T00:08:13.964+0000] {dag.py:3089} INFO - Sync 1 DAGs
[2026-05-01T00:08:13.971+0000] {logging_mixin.py:188} INFO - [2026-05-01T00:08:13.971+0000] {dag.py:3947} INFO - Setting next_dagrun for example_weekday_branch_operator to 2026-04-30 00:00:00+00:00, run_after=2026-05-01 00:00:00+00:00
[2026-05-01T00:08:14.049+0000] {processor.py:183} INFO - Processing /home/airflow/.local/lib/python3.12/site-packages/airflow/example_dags/example_branch_day_of_week_operator.py took 0.101 seconds
[2026-05-01T00:08:44.661+0000] {processor.py:161} INFO - Started process (PID=55953) to work on /home/airflow/.local/lib/python3.12/site-packages/airflow/example_dags/example_branch_day_of_week_operator.py
[2026-05-01T00:08:44.661+0000] {processor.py:830} INFO - Processing file /home/airflow/.local/lib/python3.12/site-packages/airflow/example_dags/example_branch_day_of_week_operator.py for tasks to queue
[2026-05-01T00:08:44.662+0000] {logging_mixin.py:188} INFO - [2026-05-01T00:08:44.662+0000] {dagbag.py:545} INFO - Filling up the DagBag from /home/airflow/.local/lib/python3.12/site-packages/airflow/example_dags/example_branch_day_of_week_operator.py
[2026-05-01T00:08:44.665+0000] {processor.py:840} INFO - DAG(s) 'example_weekday_branch_operator' retrieved from /home/airflow/.local/lib/python3.12/site-packages/airflow/example_dags/example_branch_day_of_week_operator.py
[2026-05-01T00:08:44.673+0000] {logging_mixin.py:188} INFO - [2026-05-01T00:08:44.673+0000] {dag.py:3089} INFO - Sync 1 DAGs
[2026-05-01T00:08:44.681+0000] {logging_mixin.py:188} INFO - [2026-05-01T00:08:44.681+0000] {dag.py:3947} INFO - Setting next_dagrun for example_weekday_branch_operator to 2026-04-30 00:00:00+00:00, run_after=2026-05-01 00:00:00+00:00
[2026-05-01T00:08:44.759+0000] {processor.py:183} INFO - Processing /home/airflow/.local/lib/python3.12/site-packages/airflow/example_dags/example_branch_day_of_week_operator.py took 0.101 seconds
[2026-05-01T00:09:15.702+0000] {processor.py:161} INFO - Started process (PID=56013) to work on /home/airflow/.local/lib/python3.12/site-packages/airflow/example_dags/example_branch_day_of_week_operator.py
[2026-05-01T00:09:15.703+0000] {processor.py:830} INFO - Processing file /home/airflow/.local/lib/python3.12/site-packages/airflow/example_dags/example_branch_day_of_week_operator.py for tasks to queue
[2026-05-01T00:09:15.704+0000] {logging_mixin.py:188} INFO - [2026-05-01T00:09:15.704+0000] {dagbag.py:545} INFO - Filling up the DagBag from /home/airflow/.local/lib/python3.12/site-packages/airflow/example_dags/example_branch_day_of_week_operator.py
[2026-05-01T00:09:15.707+0000] {processor.py:840} INFO - DAG(s) 'example_weekday_branch_operator' retrieved from /home/airflow/.local/lib/python3.12/site-packages/airflow/example_dags/example_branch_day_of_week_operator.py
[2026-05-01T00:09:15.716+0000] {logging_mixin.py:188} INFO - [2026-05-01T00:09:15.716+0000] {dag.py:3089} INFO - Sync 1 DAGs
[2026-05-01T00:09:15.725+0000] {logging_mixin.py:188} INFO - [2026-05-01T00:09:15.725+0000] {dag.py:3947} INFO - Setting next_dagrun for example_weekday_branch_operator to 2026-04-30 00:00:00+00:00, run_after=2026-05-01 00:00:00+00:00
[2026-05-01T00:09:15.737+0000] {processor.py:183} INFO - Processing /home/airflow/.local/lib/python3.12/site-packages/airflow/example_dags/example_branch_day_of_week_operator.py took 0.038 seconds
[2026-05-01T00:09:46.464+0000] {processor.py:161} INFO - Started process (PID=56073) to work on /home/airflow/.local/lib/python3.12/site-packages/airflow/example_dags/example_branch_day_of_week_operator.py
[2026-05-01T00:09:46.464+0000] {processor.py:830} INFO - Processing file /home/airflow/.local/lib/python3.12/site-packages/airflow/example_dags/example_branch_day_of_week_operator.py for tasks to queue
[2026-05-01T00:09:46.465+0000] {logging_mixin.py:188} INFO - [2026-05-01T00:09:46.465+0000] {dagbag.py:545} INFO - Filling up the DagBag from /home/airflow/.local/lib/python3.12/site-packages/airflow/example_dags/example_branch_day_of_week_operator.py
[2026-05-01T00:09:46.469+0000] {processor.py:840} INFO - DAG(s) 'example_weekday_branch_operator' retrieved from /home/airflow/.local/lib/python3.12/site-packages/airflow/example_dags/example_branch_day_of_week_operator.py
[2026-05-01T00:09:46.477+0000] {logging_mixin.py:188} INFO - [2026-05-01T00:09:46.476+0000] {dag.py:3089} INFO - Sync 1 DAGs
[2026-05-01T00:09:46.485+0000] {logging_mixin.py:188} INFO - [2026-05-01T00:09:46.485+0000] {dag.py:3947} INFO - Setting next_dagrun for example_weekday_branch_operator to 2026-04-30 00:00:00+00:00, run_after=2026-05-01 00:00:00+00:00
[2026-05-01T00:09:46.494+0000] {processor.py:183} INFO - Processing /home/airflow/.local/lib/python3.12/site-packages/airflow/example_dags/example_branch_day_of_week_operator.py took 0.033 seconds
[2026-05-01T00:10:17.157+0000] {processor.py:161} INFO - Started process (PID=56133) to work on /home/airflow/.local/lib/python3.12/site-packages/airflow/example_dags/example_branch_day_of_week_operator.py
[2026-05-01T00:10:17.158+0000] {processor.py:830} INFO - Processing file /home/airflow/.local/lib/python3.12/site-packages/airflow/example_dags/example_branch_day_of_week_operator.py for tasks to queue
[2026-05-01T00:10:17.159+0000] {logging_mixin.py:188} INFO - [2026-05-01T00:10:17.159+0000] {dagbag.py:545} INFO - Filling up the DagBag from /home/airflow/.local/lib/python3.12/site-packages/airflow/example_dags/example_branch_day_of_week_operator.py
[2026-05-01T00:10:17.162+0000] {processor.py:840} INFO - DAG(s) 'example_weekday_branch_operator' retrieved from /home/airflow/.local/lib/python3.12/site-packages/airflow/example_dags/example_branch_day_of_week_operator.py
[2026-05-01T00:10:17.175+0000] {logging_mixin.py:188} INFO - [2026-05-01T00:10:17.175+0000] {dag.py:3089} INFO - Sync 1 DAGs
[2026-05-01T00:10:17.184+0000] {logging_mixin.py:188} INFO - [2026-05-01T00:10:17.184+0000] {dag.py:3947} INFO - Setting next_dagrun for example_weekday_branch_operator to 2026-04-30 00:00:00+00:00, run_after=2026-05-01 00:00:00+00:00
[2026-05-01T00:10:17.195+0000] {processor.py:183} INFO - Processing /home/airflow/.local/lib/python3.12/site-packages/airflow/example_dags/example_branch_day_of_week_operator.py took 0.040 seconds
[2026-05-01T00:10:47.969+0000] {processor.py:161} INFO - Started process (PID=56193) to work on /home/airflow/.local/lib/python3.12/site-packages/airflow/example_dags/example_branch_day_of_week_operator.py
[2026-05-01T00:10:47.970+0000] {processor.py:830} INFO - Processing file /home/airflow/.local/lib/python3.12/site-packages/airflow/example_dags/example_branch_day_of_week_operator.py for tasks to queue
[2026-05-01T00:10:47.971+0000] {logging_mixin.py:188} INFO - [2026-05-01T00:10:47.971+0000] {dagbag.py:545} INFO - Filling up the DagBag from /home/airflow/.local/lib/python3.12/site-packages/airflow/example_dags/example_branch_day_of_week_operator.py
[2026-05-01T00:10:47.974+0000] {processor.py:840} INFO - DAG(s) 'example_weekday_branch_operator' retrieved from /home/airflow/.local/lib/python3.12/site-packages/airflow/example_dags/example_branch_day_of_week_operator.py
[2026-05-01T00:10:47.984+0000] {logging_mixin.py:188} INFO - [2026-05-01T00:10:47.984+0000] {dag.py:3089} INFO - Sync 1 DAGs
[2026-05-01T00:10:47.993+0000] {logging_mixin.py:188} INFO - [2026-05-01T00:10:47.993+0000] {dag.py:3947} INFO - Setting next_dagrun for example_weekday_branch_operator to 2026-04-30 00:00:00+00:00, run_after=2026-05-01 00:00:00+00:00
[2026-05-01T00:10:48.006+0000] {processor.py:183} INFO - Processing /home/airflow/.local/lib/python3.12/site-packages/airflow/example_dags/example_branch_day_of_week_operator.py took 0.039 seconds
[2026-05-01T00:11:18.031+0000] {processor.py:161} INFO - Started process (PID=56253) to work on /home/airflow/.local/lib/python3.12/site-packages/airflow/example_dags/example_branch_day_of_week_operator.py
[2026-05-01T00:11:18.031+0000] {processor.py:830} INFO - Processing file /home/airflow/.local/lib/python3.12/site-packages/airflow/example_dags/example_branch_day_of_week_operator.py for tasks to queue
[2026-05-01T00:11:18.032+0000] {logging_mixin.py:188} INFO - [2026-05-01T00:11:18.032+0000] {dagbag.py:545} INFO - Filling up the DagBag from /home/airflow/.local/lib/python3.12/site-packages/airflow/example_dags/example_branch_day_of_week_operator.py
[2026-05-01T00:11:18.035+0000] {processor.py:840} INFO - DAG(s) 'example_weekday_branch_operator' retrieved from /home/airflow/.local/lib/python3.12/site-packages/airflow/example_dags/example_branch_day_of_week_operator.py
[2026-05-01T00:11:18.044+0000] {logging_mixin.py:188} INFO - [2026-05-01T00:11:18.044+0000] {dag.py:3089} INFO - Sync 1 DAGs
[2026-05-01T00:11:18.053+0000] {logging_mixin.py:188} INFO - [2026-05-01T00:11:18.053+0000] {dag.py:3947} INFO - Setting next_dagrun for example_weekday_branch_operator to 2026-04-30 00:00:00+00:00, run_after=2026-05-01 00:00:00+00:00
[2026-05-01T00:11:18.062+0000] {processor.py:183} INFO - Processing /home/airflow/.local/lib/python3.12/site-packages/airflow/example_dags/example_branch_day_of_week_operator.py took 0.034 seconds
[2026-05-01T00:11:48.654+0000] {processor.py:161} INFO - Started process (PID=56313) to work on /home/airflow/.local/lib/python3.12/site-packages/airflow/example_dags/example_branch_day_of_week_operator.py
[2026-05-01T00:11:48.654+0000] {processor.py:830} INFO - Processing file /home/airflow/.local/lib/python3.12/site-packages/airflow/example_dags/example_branch_day_of_week_operator.py for tasks to queue
[2026-05-01T00:11:48.655+0000] {logging_mixin.py:188} INFO - [2026-05-01T00:11:48.655+0000] {dagbag.py:545} INFO - Filling up the DagBag from /home/airflow/.local/lib/python3.12/site-packages/airflow/example_dags/example_branch_day_of_week_operator.py
[2026-05-01T00:11:48.658+0000] {processor.py:840} INFO - DAG(s) 'example_weekday_branch_operator' retrieved from /home/airflow/.local/lib/python3.12/site-packages/airflow/example_dags/example_branch_day_of_week_operator.py
[2026-05-01T00:11:48.665+0000] {logging_mixin.py:188} INFO - [2026-05-01T00:11:48.665+0000] {dag.py:3089} INFO - Sync 1 DAGs
[2026-05-01T00:11:48.674+0000] {logging_mixin.py:188} INFO - [2026-05-01T00:11:48.674+0000] {dag.py:3947} INFO - Setting next_dagrun for example_weekday_branch_operator to 2026-04-30 00:00:00+00:00, run_after=2026-05-01 00:00:00+00:00
[2026-05-01T00:11:48.683+0000] {processor.py:183} INFO - Processing /home/airflow/.local/lib/python3.12/site-packages/airflow/example_dags/example_branch_day_of_week_operator.py took 0.031 seconds
[2026-05-01T00:12:19.355+0000] {processor.py:161} INFO - Started process (PID=56373) to work on /home/airflow/.local/lib/python3.12/site-packages/airflow/example_dags/example_branch_day_of_week_operator.py
[2026-05-01T00:12:19.357+0000] {processor.py:830} INFO - Processing file /home/airflow/.local/lib/python3.12/site-packages/airflow/example_dags/example_branch_day_of_week_operator.py for tasks to queue
[2026-05-01T00:12:19.358+0000] {logging_mixin.py:188} INFO - [2026-05-01T00:12:19.358+0000] {dagbag.py:545} INFO - Filling up the DagBag from /home/airflow/.local/lib/python3.12/site-packages/airflow/example_dags/example_branch_day_of_week_operator.py
[2026-05-01T00:12:19.362+0000] {processor.py:840} INFO - DAG(s) 'example_weekday_branch_operator' retrieved from /home/airflow/.local/lib/python3.12/site-packages/airflow/example_dags/example_branch_day_of_week_operator.py
[2026-05-01T00:12:19.375+0000] {logging_mixin.py:188} INFO - [2026-05-01T00:12:19.375+0000] {dag.py:3089} INFO - Sync 1 DAGs
[2026-05-01T00:12:19.384+0000] {logging_mixin.py:188} INFO - [2026-05-01T00:12:19.384+0000] {dag.py:3947} INFO - Setting next_dagrun for example_weekday_branch_operator to 2026-04-30 00:00:00+00:00, run_after=2026-05-01 00:00:00+00:00
[2026-05-01T00:12:19.391+0000] {processor.py:183} INFO - Processing /home/airflow/.local/lib/python3.12/site-packages/airflow/example_dags/example_branch_day_of_week_operator.py took 0.038 seconds
[2026-05-01T00:12:50.114+0000] {processor.py:161} INFO - Started process (PID=56433) to work on /home/airflow/.local/lib/python3.12/site-packages/airflow/example_dags/example_branch_day_of_week_operator.py
[2026-05-01T00:12:50.116+0000] {processor.py:830} INFO - Processing file /home/airflow/.local/lib/python3.12/site-packages/airflow/example_dags/example_branch_day_of_week_operator.py for tasks to queue
[2026-05-01T00:12:50.117+0000] {logging_mixin.py:188} INFO - [2026-05-01T00:12:50.116+0000] {dagbag.py:545} INFO - Filling up the DagBag from /home/airflow/.local/lib/python3.12/site-packages/airflow/example_dags/example_branch_day_of_week_operator.py
[2026-05-01T00:12:50.121+0000] {processor.py:840} INFO - DAG(s) 'example_weekday_branch_operator' retrieved from /home/airflow/.local/lib/python3.12/site-packages/airflow/example_dags/example_branch_day_of_week_operator.py
[2026-05-01T00:12:50.134+0000] {logging_mixin.py:188} INFO - [2026-05-01T00:12:50.134+0000] {dag.py:3089} INFO - Sync 1 DAGs
[2026-05-01T00:12:50.147+0000] {logging_mixin.py:188} INFO - [2026-05-01T00:12:50.147+0000] {dag.py:3947} INFO - Setting next_dagrun for example_weekday_branch_operator to 2026-04-30 00:00:00+00:00, run_after=2026-05-01 00:00:00+00:00
[2026-05-01T00:12:50.158+0000] {processor.py:183} INFO - Processing /home/airflow/.local/lib/python3.12/site-packages/airflow/example_dags/example_branch_day_of_week_operator.py took 0.047 seconds
[2026-05-01T00:13:20.848+0000] {processor.py:161} INFO - Started process (PID=56493) to work on /home/airflow/.local/lib/python3.12/site-packages/airflow/example_dags/example_branch_day_of_week_operator.py
[2026-05-01T00:13:20.849+0000] {processor.py:830} INFO - Processing file /home/airflow/.local/lib/python3.12/site-packages/airflow/example_dags/example_branch_day_of_week_operator.py for tasks to queue
[2026-05-01T00:13:20.850+0000] {logging_mixin.py:188} INFO - [2026-05-01T00:13:20.849+0000] {dagbag.py:545} INFO - Filling up the DagBag from /home/airflow/.local/lib/python3.12/site-packages/airflow/example_dags/example_branch_day_of_week_operator.py
[2026-05-01T00:13:20.853+0000] {processor.py:840} INFO - DAG(s) 'example_weekday_branch_operator' retrieved from /home/airflow/.local/lib/python3.12/site-packages/airflow/example_dags/example_branch_day_of_week_operator.py
[2026-05-01T00:13:20.860+0000] {logging_mixin.py:188} INFO - [2026-05-01T00:13:20.860+0000] {dag.py:3089} INFO - Sync 1 DAGs
[2026-05-01T00:13:20.868+0000] {logging_mixin.py:188} INFO - [2026-05-01T00:13:20.868+0000] {dag.py:3947} INFO - Setting next_dagrun for example_weekday_branch_operator to 2026-04-30 00:00:00+00:00, run_after=2026-05-01 00:00:00+00:00
[2026-05-01T00:13:20.878+0000] {processor.py:183} INFO - Processing /home/airflow/.local/lib/python3.12/site-packages/airflow/example_dags/example_branch_day_of_week_operator.py took 0.033 seconds
[2026-05-01T00:13:51.265+0000] {processor.py:161} INFO - Started process (PID=56553) to work on /home/airflow/.local/lib/python3.12/site-packages/airflow/example_dags/example_branch_day_of_week_operator.py
[2026-05-01T00:13:51.266+0000] {processor.py:830} INFO - Processing file /home/airflow/.local/lib/python3.12/site-packages/airflow/example_dags/example_branch_day_of_week_operator.py for tasks to queue
[2026-05-01T00:13:51.267+0000] {logging_mixin.py:188} INFO - [2026-05-01T00:13:51.267+0000] {dagbag.py:545} INFO - Filling up the DagBag from /home/airflow/.local/lib/python3.12/site-packages/airflow/example_dags/example_branch_day_of_week_operator.py
[2026-05-01T00:13:51.271+0000] {processor.py:840} INFO - DAG(s) 'example_weekday_branch_operator' retrieved from /home/airflow/.local/lib/python3.12/site-packages/airflow/example_dags/example_branch_day_of_week_operator.py
[2026-05-01T00:13:51.280+0000] {logging_mixin.py:188} INFO - [2026-05-01T00:13:51.280+0000] {dag.py:3089} INFO - Sync 1 DAGs
[2026-05-01T00:13:51.288+0000] {logging_mixin.py:188} INFO - [2026-05-01T00:13:51.288+0000] {dag.py:3947} INFO - Setting next_dagrun for example_weekday_branch_operator to 2026-04-30 00:00:00+00:00, run_after=2026-05-01 00:00:00+00:00
[2026-05-01T00:13:51.294+0000] {processor.py:183} INFO - Processing /home/airflow/.local/lib/python3.12/site-packages/airflow/example_dags/example_branch_day_of_week_operator.py took 0.031 seconds
[2026-05-01T00:14:21.918+0000] {processor.py:161} INFO - Started process (PID=56613) to work on /home/airflow/.local/lib/python3.12/site-packages/airflow/example_dags/example_branch_day_of_week_operator.py
[2026-05-01T00:14:21.921+0000] {processor.py:830} INFO - Processing file /home/airflow/.local/lib/python3.12/site-packages/airflow/example_dags/example_branch_day_of_week_operator.py for tasks to queue
[2026-05-01T00:14:21.922+0000] {logging_mixin.py:188} INFO - [2026-05-01T00:14:21.921+0000] {dagbag.py:545} INFO - Filling up the DagBag from /home/airflow/.local/lib/python3.12/site-packages/airflow/example_dags/example_branch_day_of_week_operator.py
[2026-05-01T00:14:21.926+0000] {processor.py:840} INFO - DAG(s) 'example_weekday_branch_operator' retrieved from /home/airflow/.local/lib/python3.12/site-packages/airflow/example_dags/example_branch_day_of_week_operator.py
[2026-05-01T00:14:21.936+0000] {logging_mixin.py:188} INFO - [2026-05-01T00:14:21.936+0000] {dag.py:3089} INFO - Sync 1 DAGs
[2026-05-01T00:14:21.943+0000] {logging_mixin.py:188} INFO - [2026-05-01T00:14:21.943+0000] {dag.py:3947} INFO - Setting next_dagrun for example_weekday_branch_operator to 2026-04-30 00:00:00+00:00, run_after=2026-05-01 00:00:00+00:00
[2026-05-01T00:14:21.949+0000] {processor.py:183} INFO - Processing /home/airflow/.local/lib/python3.12/site-packages/airflow/example_dags/example_branch_day_of_week_operator.py took 0.033 seconds
[2026-05-01T00:14:52.508+0000] {processor.py:161} INFO - Started process (PID=56673) to work on /home/airflow/.local/lib/python3.12/site-packages/airflow/example_dags/example_branch_day_of_week_operator.py
[2026-05-01T00:14:52.509+0000] {processor.py:830} INFO - Processing file /home/airflow/.local/lib/python3.12/site-packages/airflow/example_dags/example_branch_day_of_week_operator.py for tasks to queue
[2026-05-01T00:14:52.510+0000] {logging_mixin.py:188} INFO - [2026-05-01T00:14:52.510+0000] {dagbag.py:545} INFO - Filling up the DagBag from /home/airflow/.local/lib/python3.12/site-packages/airflow/example_dags/example_branch_day_of_week_operator.py
[2026-05-01T00:14:52.515+0000] {processor.py:840} INFO - DAG(s) 'example_weekday_branch_operator' retrieved from /home/airflow/.local/lib/python3.12/site-packages/airflow/example_dags/example_branch_day_of_week_operator.py
[2026-05-01T00:14:52.526+0000] {logging_mixin.py:188} INFO - [2026-05-01T00:14:52.526+0000] {dag.py:3089} INFO - Sync 1 DAGs
[2026-05-01T00:14:52.535+0000] {logging_mixin.py:188} INFO - [2026-05-01T00:14:52.535+0000] {dag.py:3947} INFO - Setting next_dagrun for example_weekday_branch_operator to 2026-04-30 00:00:00+00:00, run_after=2026-05-01 00:00:00+00:00
[2026-05-01T00:14:52.542+0000] {processor.py:183} INFO - Processing /home/airflow/.local/lib/python3.12/site-packages/airflow/example_dags/example_branch_day_of_week_operator.py took 0.037 seconds
[2026-05-01T00:15:23.096+0000] {processor.py:161} INFO - Started process (PID=56733) to work on /home/airflow/.local/lib/python3.12/site-packages/airflow/example_dags/example_branch_day_of_week_operator.py
[2026-05-01T00:15:23.097+0000] {processor.py:830} INFO - Processing file /home/airflow/.local/lib/python3.12/site-packages/airflow/example_dags/example_branch_day_of_week_operator.py for tasks to queue
[2026-05-01T00:15:23.098+0000] {logging_mixin.py:188} INFO - [2026-05-01T00:15:23.097+0000] {dagbag.py:545} INFO - Filling up the DagBag from /home/airflow/.local/lib/python3.12/site-packages/airflow/example_dags/example_branch_day_of_week_operator.py
[2026-05-01T00:15:23.101+0000] {processor.py:840} INFO - DAG(s) 'example_weekday_branch_operator' retrieved from /home/airflow/.local/lib/python3.12/site-packages/airflow/example_dags/example_branch_day_of_week_operator.py
[2026-05-01T00:15:23.109+0000] {logging_mixin.py:188} INFO - [2026-05-01T00:15:23.109+0000] {dag.py:3089} INFO - Sync 1 DAGs
[2026-05-01T00:15:23.117+0000] {logging_mixin.py:188} INFO - [2026-05-01T00:15:23.117+0000] {dag.py:3947} INFO - Setting next_dagrun for example_weekday_branch_operator to 2026-04-30 00:00:00+00:00, run_after=2026-05-01 00:00:00+00:00
[2026-05-01T00:15:23.123+0000] {processor.py:183} INFO - Processing /home/airflow/.local/lib/python3.12/site-packages/airflow/example_dags/example_branch_day_of_week_operator.py took 0.029 seconds
[2026-05-01T00:15:53.711+0000] {processor.py:161} INFO - Started process (PID=56793) to work on /home/airflow/.local/lib/python3.12/site-packages/airflow/example_dags/example_branch_day_of_week_operator.py
[2026-05-01T00:15:53.712+0000] {processor.py:830} INFO - Processing file /home/airflow/.local/lib/python3.12/site-packages/airflow/example_dags/example_branch_day_of_week_operator.py for tasks to queue
[2026-05-01T00:15:53.712+0000] {logging_mixin.py:188} INFO - [2026-05-01T00:15:53.712+0000] {dagbag.py:545} INFO - Filling up the DagBag from /home/airflow/.local/lib/python3.12/site-packages/airflow/example_dags/example_branch_day_of_week_operator.py
[2026-05-01T00:15:53.718+0000] {processor.py:840} INFO - DAG(s) 'example_weekday_branch_operator' retrieved from /home/airflow/.local/lib/python3.12/site-packages/airflow/example_dags/example_branch_day_of_week_operator.py
[2026-05-01T00:15:53.729+0000] {logging_mixin.py:188} INFO - [2026-05-01T00:15:53.729+0000] {dag.py:3089} INFO - Sync 1 DAGs
[2026-05-01T00:15:53.739+0000] {logging_mixin.py:188} INFO - [2026-05-01T00:15:53.739+0000] {dag.py:3947} INFO - Setting next_dagrun for example_weekday_branch_operator to 2026-04-30 00:00:00+00:00, run_after=2026-05-01 00:00:00+00:00
[2026-05-01T00:15:53.746+0000] {processor.py:183} INFO - Processing /home/airflow/.local/lib/python3.12/site-packages/airflow/example_dags/example_branch_day_of_week_operator.py took 0.037 seconds
[2026-05-01T00:16:24.312+0000] {processor.py:161} INFO - Started process (PID=56853) to work on /home/airflow/.local/lib/python3.12/site-packages/airflow/example_dags/example_branch_day_of_week_operator.py
[2026-05-01T00:16:24.313+0000] {processor.py:830} INFO - Processing file /home/airflow/.local/lib/python3.12/site-packages/airflow/example_dags/example_branch_day_of_week_operator.py for tasks to queue
[2026-05-01T00:16:24.315+0000] {logging_mixin.py:188} INFO - [2026-05-01T00:16:24.315+0000] {dagbag.py:545} INFO - Filling up the DagBag from /home/airflow/.local/lib/python3.12/site-packages/airflow/example_dags/example_branch_day_of_week_operator.py
[2026-05-01T00:16:24.319+0000] {processor.py:840} INFO - DAG(s) 'example_weekday_branch_operator' retrieved from /home/airflow/.local/lib/python3.12/site-packages/airflow/example_dags/example_branch_day_of_week_operator.py
[2026-05-01T00:16:24.334+0000] {logging_mixin.py:188} INFO - [2026-05-01T00:16:24.334+0000] {dag.py:3089} INFO - Sync 1 DAGs
[2026-05-01T00:16:24.344+0000] {logging_mixin.py:188} INFO - [2026-05-01T00:16:24.344+0000] {dag.py:3947} INFO - Setting next_dagrun for example_weekday_branch_operator to 2026-04-30 00:00:00+00:00, run_after=2026-05-01 00:00:00+00:00
[2026-05-01T00:16:24.351+0000] {processor.py:183} INFO - Processing /home/airflow/.local/lib/python3.12/site-packages/airflow/example_dags/example_branch_day_of_week_operator.py took 0.042 seconds
[2026-05-01T00:16:54.987+0000] {processor.py:161} INFO - Started process (PID=56913) to work on /home/airflow/.local/lib/python3.12/site-packages/airflow/example_dags/example_branch_day_of_week_operator.py
[2026-05-01T00:16:54.988+0000] {processor.py:830} INFO - Processing file /home/airflow/.local/lib/python3.12/site-packages/airflow/example_dags/example_branch_day_of_week_operator.py for tasks to queue
[2026-05-01T00:16:54.989+0000] {logging_mixin.py:188} INFO - [2026-05-01T00:16:54.989+0000] {dagbag.py:545} INFO - Filling up the DagBag from /home/airflow/.local/lib/python3.12/site-packages/airflow/example_dags/example_branch_day_of_week_operator.py
[2026-05-01T00:16:54.994+0000] {processor.py:840} INFO - DAG(s) 'example_weekday_branch_operator' retrieved from /home/airflow/.local/lib/python3.12/site-packages/airflow/example_dags/example_branch_day_of_week_operator.py
[2026-05-01T00:16:55.005+0000] {logging_mixin.py:188} INFO - [2026-05-01T00:16:55.005+0000] {dag.py:3089} INFO - Sync 1 DAGs
[2026-05-01T00:16:55.013+0000] {logging_mixin.py:188} INFO - [2026-05-01T00:16:55.013+0000] {dag.py:3947} INFO - Setting next_dagrun for example_weekday_branch_operator to 2026-04-30 00:00:00+00:00, run_after=2026-05-01 00:00:00+00:00
[2026-05-01T00:16:55.020+0000] {processor.py:183} INFO - Processing /home/airflow/.local/lib/python3.12/site-packages/airflow/example_dags/example_branch_day_of_week_operator.py took 0.035 seconds
[2026-05-01T00:17:25.836+0000] {processor.py:161} INFO - Started process (PID=56973) to work on /home/airflow/.local/lib/python3.12/site-packages/airflow/example_dags/example_branch_day_of_week_operator.py
[2026-05-01T00:17:25.837+0000] {processor.py:830} INFO - Processing file /home/airflow/.local/lib/python3.12/site-packages/airflow/example_dags/example_branch_day_of_week_operator.py for tasks to queue
[2026-05-01T00:17:25.839+0000] {logging_mixin.py:188} INFO - [2026-05-01T00:17:25.838+0000] {dagbag.py:545} INFO - Filling up the DagBag from /home/airflow/.local/lib/python3.12/site-packages/airflow/example_dags/example_branch_day_of_week_operator.py
[2026-05-01T00:17:25.843+0000] {processor.py:840} INFO - DAG(s) 'example_weekday_branch_operator' retrieved from /home/airflow/.local/lib/python3.12/site-packages/airflow/example_dags/example_branch_day_of_week_operator.py
[2026-05-01T00:17:25.853+0000] {logging_mixin.py:188} INFO - [2026-05-01T00:17:25.853+0000] {dag.py:3089} INFO - Sync 1 DAGs
[2026-05-01T00:17:25.864+0000] {logging_mixin.py:188} INFO - [2026-05-01T00:17:25.864+0000] {dag.py:3947} INFO - Setting next_dagrun for example_weekday_branch_operator to 2026-04-30 00:00:00+00:00, run_after=2026-05-01 00:00:00+00:00
[2026-05-01T00:17:25.876+0000] {processor.py:183} INFO - Processing /home/airflow/.local/lib/python3.12/site-packages/airflow/example_dags/example_branch_day_of_week_operator.py took 0.043 seconds
[2026-05-01T00:17:56.230+0000] {processor.py:161} INFO - Started process (PID=57032) to work on /home/airflow/.local/lib/python3.12/site-packages/airflow/example_dags/example_branch_day_of_week_operator.py
[2026-05-01T00:17:56.231+0000] {processor.py:830} INFO - Processing file /home/airflow/.local/lib/python3.12/site-packages/airflow/example_dags/example_branch_day_of_week_operator.py for tasks to queue
[2026-05-01T00:17:56.234+0000] {logging_mixin.py:188} INFO - [2026-05-01T00:17:56.232+0000] {dagbag.py:545} INFO - Filling up the DagBag from /home/airflow/.local/lib/python3.12/site-packages/airflow/example_dags/example_branch_day_of_week_operator.py
[2026-05-01T00:17:56.238+0000] {processor.py:840} INFO - DAG(s) 'example_weekday_branch_operator' retrieved from /home/airflow/.local/lib/python3.12/site-packages/airflow/example_dags/example_branch_day_of_week_operator.py
[2026-05-01T00:17:56.251+0000] {logging_mixin.py:188} INFO - [2026-05-01T00:17:56.251+0000] {dag.py:3089} INFO - Sync 1 DAGs
[2026-05-01T00:17:56.262+0000] {logging_mixin.py:188} INFO - [2026-05-01T00:17:56.262+0000] {dag.py:3947} INFO - Setting next_dagrun for example_weekday_branch_operator to 2026-04-30 00:00:00+00:00, run_after=2026-05-01 00:00:00+00:00
[2026-05-01T00:17:56.273+0000] {processor.py:183} INFO - Processing /home/airflow/.local/lib/python3.12/site-packages/airflow/example_dags/example_branch_day_of_week_operator.py took 0.047 seconds
[2026-05-01T00:18:26.948+0000] {processor.py:161} INFO - Started process (PID=57092) to work on /home/airflow/.local/lib/python3.12/site-packages/airflow/example_dags/example_branch_day_of_week_operator.py
[2026-05-01T00:18:26.949+0000] {processor.py:830} INFO - Processing file /home/airflow/.local/lib/python3.12/site-packages/airflow/example_dags/example_branch_day_of_week_operator.py for tasks to queue
[2026-05-01T00:18:26.950+0000] {logging_mixin.py:188} INFO - [2026-05-01T00:18:26.949+0000] {dagbag.py:545} INFO - Filling up the DagBag from /home/airflow/.local/lib/python3.12/site-packages/airflow/example_dags/example_branch_day_of_week_operator.py
[2026-05-01T00:18:26.953+0000] {processor.py:840} INFO - DAG(s) 'example_weekday_branch_operator' retrieved from /home/airflow/.local/lib/python3.12/site-packages/airflow/example_dags/example_branch_day_of_week_operator.py
[2026-05-01T00:18:26.965+0000] {logging_mixin.py:188} INFO - [2026-05-01T00:18:26.965+0000] {dag.py:3089} INFO - Sync 1 DAGs
[2026-05-01T00:18:26.985+0000] {logging_mixin.py:188} INFO - [2026-05-01T00:18:26.985+0000] {dag.py:3947} INFO - Setting next_dagrun for example_weekday_branch_operator to 2026-04-30 00:00:00+00:00, run_after=2026-05-01 00:00:00+00:00
[2026-05-01T00:18:27.000+0000] {processor.py:183} INFO - Processing /home/airflow/.local/lib/python3.12/site-packages/airflow/example_dags/example_branch_day_of_week_operator.py took 0.054 seconds
[2026-05-01T00:18:57.602+0000] {processor.py:161} INFO - Started process (PID=57152) to work on /home/airflow/.local/lib/python3.12/site-packages/airflow/example_dags/example_branch_day_of_week_operator.py
[2026-05-01T00:18:57.603+0000] {processor.py:830} INFO - Processing file /home/airflow/.local/lib/python3.12/site-packages/airflow/example_dags/example_branch_day_of_week_operator.py for tasks to queue
[2026-05-01T00:18:57.605+0000] {logging_mixin.py:188} INFO - [2026-05-01T00:18:57.604+0000] {dagbag.py:545} INFO - Filling up the DagBag from /home/airflow/.local/lib/python3.12/site-packages/airflow/example_dags/example_branch_day_of_week_operator.py
[2026-05-01T00:18:57.608+0000] {processor.py:840} INFO - DAG(s) 'example_weekday_branch_operator' retrieved from /home/airflow/.local/lib/python3.12/site-packages/airflow/example_dags/example_branch_day_of_week_operator.py
[2026-05-01T00:18:57.616+0000] {logging_mixin.py:188} INFO - [2026-05-01T00:18:57.616+0000] {dag.py:3089} INFO - Sync 1 DAGs
[2026-05-01T00:18:57.626+0000] {logging_mixin.py:188} INFO - [2026-05-01T00:18:57.626+0000] {dag.py:3947} INFO - Setting next_dagrun for example_weekday_branch_operator to 2026-04-30 00:00:00+00:00, run_after=2026-05-01 00:00:00+00:00
[2026-05-01T00:18:57.636+0000] {processor.py:183} INFO - Processing /home/airflow/.local/lib/python3.12/site-packages/airflow/example_dags/example_branch_day_of_week_operator.py took 0.036 seconds
[2026-05-01T00:19:28.429+0000] {processor.py:161} INFO - Started process (PID=57212) to work on /home/airflow/.local/lib/python3.12/site-packages/airflow/example_dags/example_branch_day_of_week_operator.py
[2026-05-01T00:19:28.429+0000] {processor.py:830} INFO - Processing file /home/airflow/.local/lib/python3.12/site-packages/airflow/example_dags/example_branch_day_of_week_operator.py for tasks to queue
[2026-05-01T00:19:28.431+0000] {logging_mixin.py:188} INFO - [2026-05-01T00:19:28.430+0000] {dagbag.py:545} INFO - Filling up the DagBag from /home/airflow/.local/lib/python3.12/site-packages/airflow/example_dags/example_branch_day_of_week_operator.py
[2026-05-01T00:19:28.435+0000] {processor.py:840} INFO - DAG(s) 'example_weekday_branch_operator' retrieved from /home/airflow/.local/lib/python3.12/site-packages/airflow/example_dags/example_branch_day_of_week_operator.py
[2026-05-01T00:19:28.446+0000] {logging_mixin.py:188} INFO - [2026-05-01T00:19:28.446+0000] {dag.py:3089} INFO - Sync 1 DAGs
[2026-05-01T00:19:28.458+0000] {logging_mixin.py:188} INFO - [2026-05-01T00:19:28.458+0000] {dag.py:3947} INFO - Setting next_dagrun for example_weekday_branch_operator to 2026-04-30 00:00:00+00:00, run_after=2026-05-01 00:00:00+00:00
[2026-05-01T00:19:28.473+0000] {processor.py:183} INFO - Processing /home/airflow/.local/lib/python3.12/site-packages/airflow/example_dags/example_branch_day_of_week_operator.py took 0.048 seconds
[2026-05-01T00:19:58.643+0000] {processor.py:161} INFO - Started process (PID=57272) to work on /home/airflow/.local/lib/python3.12/site-packages/airflow/example_dags/example_branch_day_of_week_operator.py
[2026-05-01T00:19:58.645+0000] {processor.py:830} INFO - Processing file /home/airflow/.local/lib/python3.12/site-packages/airflow/example_dags/example_branch_day_of_week_operator.py for tasks to queue
[2026-05-01T00:19:58.646+0000] {logging_mixin.py:188} INFO - [2026-05-01T00:19:58.646+0000] {dagbag.py:545} INFO - Filling up the DagBag from /home/airflow/.local/lib/python3.12/site-packages/airflow/example_dags/example_branch_day_of_week_operator.py
[2026-05-01T00:19:58.651+0000] {processor.py:840} INFO - DAG(s) 'example_weekday_branch_operator' retrieved from /home/airflow/.local/lib/python3.12/site-packages/airflow/example_dags/example_branch_day_of_week_operator.py
[2026-05-01T00:19:58.663+0000] {logging_mixin.py:188} INFO - [2026-05-01T00:19:58.663+0000] {dag.py:3089} INFO - Sync 1 DAGs
[2026-05-01T00:19:58.674+0000] {logging_mixin.py:188} INFO - [2026-05-01T00:19:58.674+0000] {dag.py:3947} INFO - Setting next_dagrun for example_weekday_branch_operator to 2026-04-30 00:00:00+00:00, run_after=2026-05-01 00:00:00+00:00
[2026-05-01T00:19:58.682+0000] {processor.py:183} INFO - Processing /home/airflow/.local/lib/python3.12/site-packages/airflow/example_dags/example_branch_day_of_week_operator.py took 0.042 seconds
[2026-05-01T00:20:29.502+0000] {processor.py:161} INFO - Started process (PID=57332) to work on /home/airflow/.local/lib/python3.12/site-packages/airflow/example_dags/example_branch_day_of_week_operator.py
[2026-05-01T00:20:29.503+0000] {processor.py:830} INFO - Processing file /home/airflow/.local/lib/python3.12/site-packages/airflow/example_dags/example_branch_day_of_week_operator.py for tasks to queue
[2026-05-01T00:20:29.504+0000] {logging_mixin.py:188} INFO - [2026-05-01T00:20:29.504+0000] {dagbag.py:545} INFO - Filling up the DagBag from /home/airflow/.local/lib/python3.12/site-packages/airflow/example_dags/example_branch_day_of_week_operator.py
[2026-05-01T00:20:29.507+0000] {processor.py:840} INFO - DAG(s) 'example_weekday_branch_operator' retrieved from /home/airflow/.local/lib/python3.12/site-packages/airflow/example_dags/example_branch_day_of_week_operator.py
[2026-05-01T00:20:29.518+0000] {logging_mixin.py:188} INFO - [2026-05-01T00:20:29.518+0000] {dag.py:3089} INFO - Sync 1 DAGs
[2026-05-01T00:20:29.529+0000] {logging_mixin.py:188} INFO - [2026-05-01T00:20:29.529+0000] {dag.py:3947} INFO - Setting next_dagrun for example_weekday_branch_operator to 2026-04-30 00:00:00+00:00, run_after=2026-05-01 00:00:00+00:00
[2026-05-01T00:20:29.538+0000] {processor.py:183} INFO - Processing /home/airflow/.local/lib/python3.12/site-packages/airflow/example_dags/example_branch_day_of_week_operator.py took 0.038 seconds
[2026-05-01T00:20:59.763+0000] {processor.py:161} INFO - Started process (PID=57392) to work on /home/airflow/.local/lib/python3.12/site-packages/airflow/example_dags/example_branch_day_of_week_operator.py
[2026-05-01T00:20:59.764+0000] {processor.py:830} INFO - Processing file /home/airflow/.local/lib/python3.12/site-packages/airflow/example_dags/example_branch_day_of_week_operator.py for tasks to queue
[2026-05-01T00:20:59.765+0000] {logging_mixin.py:188} INFO - [2026-05-01T00:20:59.765+0000] {dagbag.py:545} INFO - Filling up the DagBag from /home/airflow/.local/lib/python3.12/site-packages/airflow/example_dags/example_branch_day_of_week_operator.py
[2026-05-01T00:20:59.768+0000] {processor.py:840} INFO - DAG(s) 'example_weekday_branch_operator' retrieved from /home/airflow/.local/lib/python3.12/site-packages/airflow/example_dags/example_branch_day_of_week_operator.py
[2026-05-01T00:20:59.784+0000] {logging_mixin.py:188} INFO - [2026-05-01T00:20:59.784+0000] {dag.py:3089} INFO - Sync 1 DAGs
[2026-05-01T00:20:59.798+0000] {logging_mixin.py:188} INFO - [2026-05-01T00:20:59.798+0000] {dag.py:3947} INFO - Setting next_dagrun for example_weekday_branch_operator to 2026-04-30 00:00:00+00:00, run_after=2026-05-01 00:00:00+00:00
[2026-05-01T00:20:59.810+0000] {processor.py:183} INFO - Processing /home/airflow/.local/lib/python3.12/site-packages/airflow/example_dags/example_branch_day_of_week_operator.py took 0.051 seconds
[2026-05-01T00:21:30.054+0000] {processor.py:161} INFO - Started process (PID=57452) to work on /home/airflow/.local/lib/python3.12/site-packages/airflow/example_dags/example_branch_day_of_week_operator.py
[2026-05-01T00:21:30.055+0000] {processor.py:830} INFO - Processing file /home/airflow/.local/lib/python3.12/site-packages/airflow/example_dags/example_branch_day_of_week_operator.py for tasks to queue
[2026-05-01T00:21:30.056+0000] {logging_mixin.py:188} INFO - [2026-05-01T00:21:30.056+0000] {dagbag.py:545} INFO - Filling up the DagBag from /home/airflow/.local/lib/python3.12/site-packages/airflow/example_dags/example_branch_day_of_week_operator.py
[2026-05-01T00:21:30.062+0000] {processor.py:840} INFO - DAG(s) 'example_weekday_branch_operator' retrieved from /home/airflow/.local/lib/python3.12/site-packages/airflow/example_dags/example_branch_day_of_week_operator.py
[2026-05-01T00:21:30.071+0000] {logging_mixin.py:188} INFO - [2026-05-01T00:21:30.071+0000] {dag.py:3089} INFO - Sync 1 DAGs
[2026-05-01T00:21:30.083+0000] {logging_mixin.py:188} INFO - [2026-05-01T00:21:30.083+0000] {dag.py:3947} INFO - Setting next_dagrun for example_weekday_branch_operator to 2026-04-30 00:00:00+00:00, run_after=2026-05-01 00:00:00+00:00
[2026-05-01T00:21:30.095+0000] {processor.py:183} INFO - Processing /home/airflow/.local/lib/python3.12/site-packages/airflow/example_dags/example_branch_day_of_week_operator.py took 0.043 seconds
[2026-05-01T00:22:00.150+0000] {processor.py:161} INFO - Started process (PID=57512) to work on /home/airflow/.local/lib/python3.12/site-packages/airflow/example_dags/example_branch_day_of_week_operator.py
[2026-05-01T00:22:00.151+0000] {processor.py:830} INFO - Processing file /home/airflow/.local/lib/python3.12/site-packages/airflow/example_dags/example_branch_day_of_week_operator.py for tasks to queue
[2026-05-01T00:22:00.152+0000] {logging_mixin.py:188} INFO - [2026-05-01T00:22:00.152+0000] {dagbag.py:545} INFO - Filling up the DagBag from /home/airflow/.local/lib/python3.12/site-packages/airflow/example_dags/example_branch_day_of_week_operator.py
[2026-05-01T00:22:00.155+0000] {processor.py:840} INFO - DAG(s) 'example_weekday_branch_operator' retrieved from /home/airflow/.local/lib/python3.12/site-packages/airflow/example_dags/example_branch_day_of_week_operator.py
[2026-05-01T00:22:00.163+0000] {logging_mixin.py:188} INFO - [2026-05-01T00:22:00.163+0000] {dag.py:3089} INFO - Sync 1 DAGs
[2026-05-01T00:22:00.171+0000] {logging_mixin.py:188} INFO - [2026-05-01T00:22:00.171+0000] {dag.py:3947} INFO - Setting next_dagrun for example_weekday_branch_operator to 2026-04-30 00:00:00+00:00, run_after=2026-05-01 00:00:00+00:00
[2026-05-01T00:22:00.176+0000] {processor.py:183} INFO - Processing /home/airflow/.local/lib/python3.12/site-packages/airflow/example_dags/example_branch_day_of_week_operator.py took 0.028 seconds
[2026-05-01T00:22:30.982+0000] {processor.py:161} INFO - Started process (PID=57570) to work on /home/airflow/.local/lib/python3.12/site-packages/airflow/example_dags/example_branch_day_of_week_operator.py
[2026-05-01T00:22:30.983+0000] {processor.py:830} INFO - Processing file /home/airflow/.local/lib/python3.12/site-packages/airflow/example_dags/example_branch_day_of_week_operator.py for tasks to queue
[2026-05-01T00:22:30.984+0000] {logging_mixin.py:188} INFO - [2026-05-01T00:22:30.984+0000] {dagbag.py:545} INFO - Filling up the DagBag from /home/airflow/.local/lib/python3.12/site-packages/airflow/example_dags/example_branch_day_of_week_operator.py
[2026-05-01T00:22:30.988+0000] {processor.py:840} INFO - DAG(s) 'example_weekday_branch_operator' retrieved from /home/airflow/.local/lib/python3.12/site-packages/airflow/example_dags/example_branch_day_of_week_operator.py
[2026-05-01T00:22:31.006+0000] {logging_mixin.py:188} INFO - [2026-05-01T00:22:31.006+0000] {dag.py:3089} INFO - Sync 1 DAGs
[2026-05-01T00:22:31.014+0000] {logging_mixin.py:188} INFO - [2026-05-01T00:22:31.014+0000] {dag.py:3947} INFO - Setting next_dagrun for example_weekday_branch_operator to 2026-04-30 00:00:00+00:00, run_after=2026-05-01 00:00:00+00:00
[2026-05-01T00:22:31.022+0000] {processor.py:183} INFO - Processing /home/airflow/.local/lib/python3.12/site-packages/airflow/example_dags/example_branch_day_of_week_operator.py took 0.042 seconds
[2026-05-01T00:23:01.883+0000] {processor.py:161} INFO - Started process (PID=57630) to work on /home/airflow/.local/lib/python3.12/site-packages/airflow/example_dags/example_branch_day_of_week_operator.py
[2026-05-01T00:23:01.884+0000] {processor.py:830} INFO - Processing file /home/airflow/.local/lib/python3.12/site-packages/airflow/example_dags/example_branch_day_of_week_operator.py for tasks to queue
[2026-05-01T00:23:01.885+0000] {logging_mixin.py:188} INFO - [2026-05-01T00:23:01.885+0000] {dagbag.py:545} INFO - Filling up the DagBag from /home/airflow/.local/lib/python3.12/site-packages/airflow/example_dags/example_branch_day_of_week_operator.py
[2026-05-01T00:23:01.888+0000] {processor.py:840} INFO - DAG(s) 'example_weekday_branch_operator' retrieved from /home/airflow/.local/lib/python3.12/site-packages/airflow/example_dags/example_branch_day_of_week_operator.py
[2026-05-01T00:23:01.899+0000] {logging_mixin.py:188} INFO - [2026-05-01T00:23:01.899+0000] {dag.py:3089} INFO - Sync 1 DAGs
[2026-05-01T00:23:01.908+0000] {logging_mixin.py:188} INFO - [2026-05-01T00:23:01.908+0000] {dag.py:3947} INFO - Setting next_dagrun for example_weekday_branch_operator to 2026-04-30 00:00:00+00:00, run_after=2026-05-01 00:00:00+00:00
[2026-05-01T00:23:01.921+0000] {processor.py:183} INFO - Processing /home/airflow/.local/lib/python3.12/site-packages/airflow/example_dags/example_branch_day_of_week_operator.py took 0.040 seconds
