[2026-05-01T00:00:02.769+0000] {processor.py:161} INFO - Started process (PID=54933) to work on /home/airflow/.local/lib/python3.12/site-packages/airflow/example_dags/example_sensor_decorator.py
[2026-05-01T00:00:02.770+0000] {processor.py:830} INFO - Processing file /home/airflow/.local/lib/python3.12/site-packages/airflow/example_dags/example_sensor_decorator.py for tasks to queue
[2026-05-01T00:00:02.771+0000] {logging_mixin.py:188} INFO - [2026-05-01T00:00:02.770+0000] {dagbag.py:545} INFO - Filling up the DagBag from /home/airflow/.local/lib/python3.12/site-packages/airflow/example_dags/example_sensor_decorator.py
[2026-05-01T00:00:02.775+0000] {processor.py:840} INFO - DAG(s) 'example_sensor_decorator' retrieved from /home/airflow/.local/lib/python3.12/site-packages/airflow/example_dags/example_sensor_decorator.py
[2026-05-01T00:00:02.786+0000] {logging_mixin.py:188} INFO - [2026-05-01T00:00:02.786+0000] {dag.py:3089} INFO - Sync 1 DAGs
[2026-05-01T00:00:02.790+0000] {logging_mixin.py:188} INFO - [2026-05-01T00:00:02.790+0000] {dag.py:3947} INFO - Setting next_dagrun for example_sensor_decorator to None, run_after=None
[2026-05-01T00:00:02.798+0000] {processor.py:183} INFO - Processing /home/airflow/.local/lib/python3.12/site-packages/airflow/example_dags/example_sensor_decorator.py took 0.031 seconds
[2026-05-01T00:00:33.581+0000] {processor.py:161} INFO - Started process (PID=54993) to work on /home/airflow/.local/lib/python3.12/site-packages/airflow/example_dags/example_sensor_decorator.py
[2026-05-01T00:00:33.582+0000] {processor.py:830} INFO - Processing file /home/airflow/.local/lib/python3.12/site-packages/airflow/example_dags/example_sensor_decorator.py for tasks to queue
[2026-05-01T00:00:33.582+0000] {logging_mixin.py:188} INFO - [2026-05-01T00:00:33.582+0000] {dagbag.py:545} INFO - Filling up the DagBag from /home/airflow/.local/lib/python3.12/site-packages/airflow/example_dags/example_sensor_decorator.py
[2026-05-01T00:00:33.585+0000] {processor.py:840} INFO - DAG(s) 'example_sensor_decorator' retrieved from /home/airflow/.local/lib/python3.12/site-packages/airflow/example_dags/example_sensor_decorator.py
[2026-05-01T00:00:33.591+0000] {logging_mixin.py:188} INFO - [2026-05-01T00:00:33.591+0000] {dag.py:3089} INFO - Sync 1 DAGs
[2026-05-01T00:00:33.595+0000] {logging_mixin.py:188} INFO - [2026-05-01T00:00:33.595+0000] {dag.py:3947} INFO - Setting next_dagrun for example_sensor_decorator to None, run_after=None
[2026-05-01T00:00:33.601+0000] {processor.py:183} INFO - Processing /home/airflow/.local/lib/python3.12/site-packages/airflow/example_dags/example_sensor_decorator.py took 0.022 seconds
[2026-05-01T00:01:04.291+0000] {processor.py:161} INFO - Started process (PID=55053) to work on /home/airflow/.local/lib/python3.12/site-packages/airflow/example_dags/example_sensor_decorator.py
[2026-05-01T00:01:04.291+0000] {processor.py:830} INFO - Processing file /home/airflow/.local/lib/python3.12/site-packages/airflow/example_dags/example_sensor_decorator.py for tasks to queue
[2026-05-01T00:01:04.292+0000] {logging_mixin.py:188} INFO - [2026-05-01T00:01:04.292+0000] {dagbag.py:545} INFO - Filling up the DagBag from /home/airflow/.local/lib/python3.12/site-packages/airflow/example_dags/example_sensor_decorator.py
[2026-05-01T00:01:04.294+0000] {processor.py:840} INFO - DAG(s) 'example_sensor_decorator' retrieved from /home/airflow/.local/lib/python3.12/site-packages/airflow/example_dags/example_sensor_decorator.py
[2026-05-01T00:01:04.301+0000] {logging_mixin.py:188} INFO - [2026-05-01T00:01:04.301+0000] {dag.py:3089} INFO - Sync 1 DAGs
[2026-05-01T00:01:04.305+0000] {logging_mixin.py:188} INFO - [2026-05-01T00:01:04.305+0000] {dag.py:3947} INFO - Setting next_dagrun for example_sensor_decorator to None, run_after=None
[2026-05-01T00:01:04.310+0000] {processor.py:183} INFO - Processing /home/airflow/.local/lib/python3.12/site-packages/airflow/example_dags/example_sensor_decorator.py took 0.021 seconds
[2026-05-01T00:01:35.079+0000] {processor.py:161} INFO - Started process (PID=55119) to work on /home/airflow/.local/lib/python3.12/site-packages/airflow/example_dags/example_sensor_decorator.py
[2026-05-01T00:01:35.080+0000] {processor.py:830} INFO - Processing file /home/airflow/.local/lib/python3.12/site-packages/airflow/example_dags/example_sensor_decorator.py for tasks to queue
[2026-05-01T00:01:35.080+0000] {logging_mixin.py:188} INFO - [2026-05-01T00:01:35.080+0000] {dagbag.py:545} INFO - Filling up the DagBag from /home/airflow/.local/lib/python3.12/site-packages/airflow/example_dags/example_sensor_decorator.py
[2026-05-01T00:01:35.083+0000] {processor.py:840} INFO - DAG(s) 'example_sensor_decorator' retrieved from /home/airflow/.local/lib/python3.12/site-packages/airflow/example_dags/example_sensor_decorator.py
[2026-05-01T00:01:35.092+0000] {logging_mixin.py:188} INFO - [2026-05-01T00:01:35.092+0000] {dag.py:3089} INFO - Sync 1 DAGs
[2026-05-01T00:01:35.096+0000] {logging_mixin.py:188} INFO - [2026-05-01T00:01:35.096+0000] {dag.py:3947} INFO - Setting next_dagrun for example_sensor_decorator to None, run_after=None
[2026-05-01T00:01:35.101+0000] {processor.py:183} INFO - Processing /home/airflow/.local/lib/python3.12/site-packages/airflow/example_dags/example_sensor_decorator.py took 0.024 seconds
[2026-05-01T00:02:06.475+0000] {processor.py:161} INFO - Started process (PID=55179) to work on /home/airflow/.local/lib/python3.12/site-packages/airflow/example_dags/example_sensor_decorator.py
[2026-05-01T00:02:06.476+0000] {processor.py:830} INFO - Processing file /home/airflow/.local/lib/python3.12/site-packages/airflow/example_dags/example_sensor_decorator.py for tasks to queue
[2026-05-01T00:02:06.478+0000] {logging_mixin.py:188} INFO - [2026-05-01T00:02:06.478+0000] {dagbag.py:545} INFO - Filling up the DagBag from /home/airflow/.local/lib/python3.12/site-packages/airflow/example_dags/example_sensor_decorator.py
[2026-05-01T00:02:06.481+0000] {processor.py:840} INFO - DAG(s) 'example_sensor_decorator' retrieved from /home/airflow/.local/lib/python3.12/site-packages/airflow/example_dags/example_sensor_decorator.py
[2026-05-01T00:02:06.497+0000] {logging_mixin.py:188} INFO - [2026-05-01T00:02:06.497+0000] {dag.py:3089} INFO - Sync 1 DAGs
[2026-05-01T00:02:06.503+0000] {logging_mixin.py:188} INFO - [2026-05-01T00:02:06.503+0000] {dag.py:3947} INFO - Setting next_dagrun for example_sensor_decorator to None, run_after=None
[2026-05-01T00:02:06.513+0000] {processor.py:183} INFO - Processing /home/airflow/.local/lib/python3.12/site-packages/airflow/example_dags/example_sensor_decorator.py took 0.041 seconds
[2026-05-01T00:02:37.377+0000] {processor.py:161} INFO - Started process (PID=55239) to work on /home/airflow/.local/lib/python3.12/site-packages/airflow/example_dags/example_sensor_decorator.py
[2026-05-01T00:02:37.377+0000] {processor.py:830} INFO - Processing file /home/airflow/.local/lib/python3.12/site-packages/airflow/example_dags/example_sensor_decorator.py for tasks to queue
[2026-05-01T00:02:37.378+0000] {logging_mixin.py:188} INFO - [2026-05-01T00:02:37.378+0000] {dagbag.py:545} INFO - Filling up the DagBag from /home/airflow/.local/lib/python3.12/site-packages/airflow/example_dags/example_sensor_decorator.py
[2026-05-01T00:02:37.380+0000] {processor.py:840} INFO - DAG(s) 'example_sensor_decorator' retrieved from /home/airflow/.local/lib/python3.12/site-packages/airflow/example_dags/example_sensor_decorator.py
[2026-05-01T00:02:37.387+0000] {logging_mixin.py:188} INFO - [2026-05-01T00:02:37.387+0000] {dag.py:3089} INFO - Sync 1 DAGs
[2026-05-01T00:02:37.391+0000] {logging_mixin.py:188} INFO - [2026-05-01T00:02:37.390+0000] {dag.py:3947} INFO - Setting next_dagrun for example_sensor_decorator to None, run_after=None
[2026-05-01T00:02:37.396+0000] {processor.py:183} INFO - Processing /home/airflow/.local/lib/python3.12/site-packages/airflow/example_dags/example_sensor_decorator.py took 0.021 seconds
[2026-05-01T00:03:08.156+0000] {processor.py:161} INFO - Started process (PID=55299) to work on /home/airflow/.local/lib/python3.12/site-packages/airflow/example_dags/example_sensor_decorator.py
[2026-05-01T00:03:08.157+0000] {processor.py:830} INFO - Processing file /home/airflow/.local/lib/python3.12/site-packages/airflow/example_dags/example_sensor_decorator.py for tasks to queue
[2026-05-01T00:03:08.158+0000] {logging_mixin.py:188} INFO - [2026-05-01T00:03:08.158+0000] {dagbag.py:545} INFO - Filling up the DagBag from /home/airflow/.local/lib/python3.12/site-packages/airflow/example_dags/example_sensor_decorator.py
[2026-05-01T00:03:08.161+0000] {processor.py:840} INFO - DAG(s) 'example_sensor_decorator' retrieved from /home/airflow/.local/lib/python3.12/site-packages/airflow/example_dags/example_sensor_decorator.py
[2026-05-01T00:03:08.170+0000] {logging_mixin.py:188} INFO - [2026-05-01T00:03:08.170+0000] {dag.py:3089} INFO - Sync 1 DAGs
[2026-05-01T00:03:08.175+0000] {logging_mixin.py:188} INFO - [2026-05-01T00:03:08.175+0000] {dag.py:3947} INFO - Setting next_dagrun for example_sensor_decorator to None, run_after=None
[2026-05-01T00:03:08.181+0000] {processor.py:183} INFO - Processing /home/airflow/.local/lib/python3.12/site-packages/airflow/example_dags/example_sensor_decorator.py took 0.027 seconds
[2026-05-01T00:03:38.796+0000] {processor.py:161} INFO - Started process (PID=55359) to work on /home/airflow/.local/lib/python3.12/site-packages/airflow/example_dags/example_sensor_decorator.py
[2026-05-01T00:03:38.796+0000] {processor.py:830} INFO - Processing file /home/airflow/.local/lib/python3.12/site-packages/airflow/example_dags/example_sensor_decorator.py for tasks to queue
[2026-05-01T00:03:38.797+0000] {logging_mixin.py:188} INFO - [2026-05-01T00:03:38.797+0000] {dagbag.py:545} INFO - Filling up the DagBag from /home/airflow/.local/lib/python3.12/site-packages/airflow/example_dags/example_sensor_decorator.py
[2026-05-01T00:03:38.799+0000] {processor.py:840} INFO - DAG(s) 'example_sensor_decorator' retrieved from /home/airflow/.local/lib/python3.12/site-packages/airflow/example_dags/example_sensor_decorator.py
[2026-05-01T00:03:38.806+0000] {logging_mixin.py:188} INFO - [2026-05-01T00:03:38.806+0000] {dag.py:3089} INFO - Sync 1 DAGs
[2026-05-01T00:03:38.810+0000] {logging_mixin.py:188} INFO - [2026-05-01T00:03:38.809+0000] {dag.py:3947} INFO - Setting next_dagrun for example_sensor_decorator to None, run_after=None
[2026-05-01T00:03:38.815+0000] {processor.py:183} INFO - Processing /home/airflow/.local/lib/python3.12/site-packages/airflow/example_dags/example_sensor_decorator.py took 0.021 seconds
[2026-05-01T00:04:09.533+0000] {processor.py:161} INFO - Started process (PID=55419) to work on /home/airflow/.local/lib/python3.12/site-packages/airflow/example_dags/example_sensor_decorator.py
[2026-05-01T00:04:09.533+0000] {processor.py:830} INFO - Processing file /home/airflow/.local/lib/python3.12/site-packages/airflow/example_dags/example_sensor_decorator.py for tasks to queue
[2026-05-01T00:04:09.534+0000] {logging_mixin.py:188} INFO - [2026-05-01T00:04:09.533+0000] {dagbag.py:545} INFO - Filling up the DagBag from /home/airflow/.local/lib/python3.12/site-packages/airflow/example_dags/example_sensor_decorator.py
[2026-05-01T00:04:09.536+0000] {processor.py:840} INFO - DAG(s) 'example_sensor_decorator' retrieved from /home/airflow/.local/lib/python3.12/site-packages/airflow/example_dags/example_sensor_decorator.py
[2026-05-01T00:04:09.542+0000] {logging_mixin.py:188} INFO - [2026-05-01T00:04:09.542+0000] {dag.py:3089} INFO - Sync 1 DAGs
[2026-05-01T00:04:09.546+0000] {logging_mixin.py:188} INFO - [2026-05-01T00:04:09.546+0000] {dag.py:3947} INFO - Setting next_dagrun for example_sensor_decorator to None, run_after=None
[2026-05-01T00:04:09.551+0000] {processor.py:183} INFO - Processing /home/airflow/.local/lib/python3.12/site-packages/airflow/example_dags/example_sensor_decorator.py took 0.021 seconds
[2026-05-01T00:04:40.254+0000] {processor.py:161} INFO - Started process (PID=55479) to work on /home/airflow/.local/lib/python3.12/site-packages/airflow/example_dags/example_sensor_decorator.py
[2026-05-01T00:04:40.254+0000] {processor.py:830} INFO - Processing file /home/airflow/.local/lib/python3.12/site-packages/airflow/example_dags/example_sensor_decorator.py for tasks to queue
[2026-05-01T00:04:40.255+0000] {logging_mixin.py:188} INFO - [2026-05-01T00:04:40.255+0000] {dagbag.py:545} INFO - Filling up the DagBag from /home/airflow/.local/lib/python3.12/site-packages/airflow/example_dags/example_sensor_decorator.py
[2026-05-01T00:04:40.257+0000] {processor.py:840} INFO - DAG(s) 'example_sensor_decorator' retrieved from /home/airflow/.local/lib/python3.12/site-packages/airflow/example_dags/example_sensor_decorator.py
[2026-05-01T00:04:40.264+0000] {logging_mixin.py:188} INFO - [2026-05-01T00:04:40.264+0000] {dag.py:3089} INFO - Sync 1 DAGs
[2026-05-01T00:04:40.268+0000] {logging_mixin.py:188} INFO - [2026-05-01T00:04:40.268+0000] {dag.py:3947} INFO - Setting next_dagrun for example_sensor_decorator to None, run_after=None
[2026-05-01T00:04:40.273+0000] {processor.py:183} INFO - Processing /home/airflow/.local/lib/python3.12/site-packages/airflow/example_dags/example_sensor_decorator.py took 0.021 seconds
[2026-05-01T00:05:11.025+0000] {processor.py:161} INFO - Started process (PID=55540) to work on /home/airflow/.local/lib/python3.12/site-packages/airflow/example_dags/example_sensor_decorator.py
[2026-05-01T00:05:11.027+0000] {processor.py:830} INFO - Processing file /home/airflow/.local/lib/python3.12/site-packages/airflow/example_dags/example_sensor_decorator.py for tasks to queue
[2026-05-01T00:05:11.029+0000] {logging_mixin.py:188} INFO - [2026-05-01T00:05:11.029+0000] {dagbag.py:545} INFO - Filling up the DagBag from /home/airflow/.local/lib/python3.12/site-packages/airflow/example_dags/example_sensor_decorator.py
[2026-05-01T00:05:11.032+0000] {processor.py:840} INFO - DAG(s) 'example_sensor_decorator' retrieved from /home/airflow/.local/lib/python3.12/site-packages/airflow/example_dags/example_sensor_decorator.py
[2026-05-01T00:05:11.041+0000] {logging_mixin.py:188} INFO - [2026-05-01T00:05:11.041+0000] {dag.py:3089} INFO - Sync 1 DAGs
[2026-05-01T00:05:11.046+0000] {logging_mixin.py:188} INFO - [2026-05-01T00:05:11.046+0000] {dag.py:3947} INFO - Setting next_dagrun for example_sensor_decorator to None, run_after=None
[2026-05-01T00:05:11.055+0000] {processor.py:183} INFO - Processing /home/airflow/.local/lib/python3.12/site-packages/airflow/example_dags/example_sensor_decorator.py took 0.032 seconds
[2026-05-01T00:05:41.809+0000] {processor.py:161} INFO - Started process (PID=55600) to work on /home/airflow/.local/lib/python3.12/site-packages/airflow/example_dags/example_sensor_decorator.py
[2026-05-01T00:05:41.809+0000] {processor.py:830} INFO - Processing file /home/airflow/.local/lib/python3.12/site-packages/airflow/example_dags/example_sensor_decorator.py for tasks to queue
[2026-05-01T00:05:41.810+0000] {logging_mixin.py:188} INFO - [2026-05-01T00:05:41.810+0000] {dagbag.py:545} INFO - Filling up the DagBag from /home/airflow/.local/lib/python3.12/site-packages/airflow/example_dags/example_sensor_decorator.py
[2026-05-01T00:05:41.812+0000] {processor.py:840} INFO - DAG(s) 'example_sensor_decorator' retrieved from /home/airflow/.local/lib/python3.12/site-packages/airflow/example_dags/example_sensor_decorator.py
[2026-05-01T00:05:41.819+0000] {logging_mixin.py:188} INFO - [2026-05-01T00:05:41.819+0000] {dag.py:3089} INFO - Sync 1 DAGs
[2026-05-01T00:05:41.823+0000] {logging_mixin.py:188} INFO - [2026-05-01T00:05:41.823+0000] {dag.py:3947} INFO - Setting next_dagrun for example_sensor_decorator to None, run_after=None
[2026-05-01T00:05:41.828+0000] {processor.py:183} INFO - Processing /home/airflow/.local/lib/python3.12/site-packages/airflow/example_dags/example_sensor_decorator.py took 0.021 seconds
[2026-05-01T00:06:12.571+0000] {processor.py:161} INFO - Started process (PID=55660) to work on /home/airflow/.local/lib/python3.12/site-packages/airflow/example_dags/example_sensor_decorator.py
[2026-05-01T00:06:12.572+0000] {processor.py:830} INFO - Processing file /home/airflow/.local/lib/python3.12/site-packages/airflow/example_dags/example_sensor_decorator.py for tasks to queue
[2026-05-01T00:06:12.573+0000] {logging_mixin.py:188} INFO - [2026-05-01T00:06:12.573+0000] {dagbag.py:545} INFO - Filling up the DagBag from /home/airflow/.local/lib/python3.12/site-packages/airflow/example_dags/example_sensor_decorator.py
[2026-05-01T00:06:12.576+0000] {processor.py:840} INFO - DAG(s) 'example_sensor_decorator' retrieved from /home/airflow/.local/lib/python3.12/site-packages/airflow/example_dags/example_sensor_decorator.py
[2026-05-01T00:06:12.587+0000] {logging_mixin.py:188} INFO - [2026-05-01T00:06:12.587+0000] {dag.py:3089} INFO - Sync 1 DAGs
[2026-05-01T00:06:12.594+0000] {logging_mixin.py:188} INFO - [2026-05-01T00:06:12.593+0000] {dag.py:3947} INFO - Setting next_dagrun for example_sensor_decorator to None, run_after=None
[2026-05-01T00:06:12.603+0000] {processor.py:183} INFO - Processing /home/airflow/.local/lib/python3.12/site-packages/airflow/example_dags/example_sensor_decorator.py took 0.035 seconds
[2026-05-01T00:06:43.361+0000] {processor.py:161} INFO - Started process (PID=55720) to work on /home/airflow/.local/lib/python3.12/site-packages/airflow/example_dags/example_sensor_decorator.py
[2026-05-01T00:06:43.363+0000] {processor.py:830} INFO - Processing file /home/airflow/.local/lib/python3.12/site-packages/airflow/example_dags/example_sensor_decorator.py for tasks to queue
[2026-05-01T00:06:43.363+0000] {logging_mixin.py:188} INFO - [2026-05-01T00:06:43.363+0000] {dagbag.py:545} INFO - Filling up the DagBag from /home/airflow/.local/lib/python3.12/site-packages/airflow/example_dags/example_sensor_decorator.py
[2026-05-01T00:06:43.366+0000] {processor.py:840} INFO - DAG(s) 'example_sensor_decorator' retrieved from /home/airflow/.local/lib/python3.12/site-packages/airflow/example_dags/example_sensor_decorator.py
[2026-05-01T00:06:43.376+0000] {logging_mixin.py:188} INFO - [2026-05-01T00:06:43.376+0000] {dag.py:3089} INFO - Sync 1 DAGs
[2026-05-01T00:06:43.380+0000] {logging_mixin.py:188} INFO - [2026-05-01T00:06:43.380+0000] {dag.py:3947} INFO - Setting next_dagrun for example_sensor_decorator to None, run_after=None
[2026-05-01T00:06:43.388+0000] {processor.py:183} INFO - Processing /home/airflow/.local/lib/python3.12/site-packages/airflow/example_dags/example_sensor_decorator.py took 0.029 seconds
[2026-05-01T00:07:13.484+0000] {processor.py:161} INFO - Started process (PID=55780) to work on /home/airflow/.local/lib/python3.12/site-packages/airflow/example_dags/example_sensor_decorator.py
[2026-05-01T00:07:13.484+0000] {processor.py:830} INFO - Processing file /home/airflow/.local/lib/python3.12/site-packages/airflow/example_dags/example_sensor_decorator.py for tasks to queue
[2026-05-01T00:07:13.486+0000] {logging_mixin.py:188} INFO - [2026-05-01T00:07:13.486+0000] {dagbag.py:545} INFO - Filling up the DagBag from /home/airflow/.local/lib/python3.12/site-packages/airflow/example_dags/example_sensor_decorator.py
[2026-05-01T00:07:13.490+0000] {processor.py:840} INFO - DAG(s) 'example_sensor_decorator' retrieved from /home/airflow/.local/lib/python3.12/site-packages/airflow/example_dags/example_sensor_decorator.py
[2026-05-01T00:07:13.500+0000] {logging_mixin.py:188} INFO - [2026-05-01T00:07:13.499+0000] {dag.py:3089} INFO - Sync 1 DAGs
[2026-05-01T00:07:13.504+0000] {logging_mixin.py:188} INFO - [2026-05-01T00:07:13.504+0000] {dag.py:3947} INFO - Setting next_dagrun for example_sensor_decorator to None, run_after=None
[2026-05-01T00:07:13.511+0000] {processor.py:183} INFO - Processing /home/airflow/.local/lib/python3.12/site-packages/airflow/example_dags/example_sensor_decorator.py took 0.030 seconds
[2026-05-01T00:07:44.149+0000] {processor.py:161} INFO - Started process (PID=55840) to work on /home/airflow/.local/lib/python3.12/site-packages/airflow/example_dags/example_sensor_decorator.py
[2026-05-01T00:07:44.150+0000] {processor.py:830} INFO - Processing file /home/airflow/.local/lib/python3.12/site-packages/airflow/example_dags/example_sensor_decorator.py for tasks to queue
[2026-05-01T00:07:44.151+0000] {logging_mixin.py:188} INFO - [2026-05-01T00:07:44.150+0000] {dagbag.py:545} INFO - Filling up the DagBag from /home/airflow/.local/lib/python3.12/site-packages/airflow/example_dags/example_sensor_decorator.py
[2026-05-01T00:07:44.153+0000] {processor.py:840} INFO - DAG(s) 'example_sensor_decorator' retrieved from /home/airflow/.local/lib/python3.12/site-packages/airflow/example_dags/example_sensor_decorator.py
[2026-05-01T00:07:44.159+0000] {logging_mixin.py:188} INFO - [2026-05-01T00:07:44.159+0000] {dag.py:3089} INFO - Sync 1 DAGs
[2026-05-01T00:07:44.219+0000] {logging_mixin.py:188} INFO - [2026-05-01T00:07:44.219+0000] {dag.py:3947} INFO - Setting next_dagrun for example_sensor_decorator to None, run_after=None
[2026-05-01T00:07:44.225+0000] {processor.py:183} INFO - Processing /home/airflow/.local/lib/python3.12/site-packages/airflow/example_dags/example_sensor_decorator.py took 0.078 seconds
[2026-05-01T00:08:14.413+0000] {processor.py:161} INFO - Started process (PID=55900) to work on /home/airflow/.local/lib/python3.12/site-packages/airflow/example_dags/example_sensor_decorator.py
[2026-05-01T00:08:14.414+0000] {processor.py:830} INFO - Processing file /home/airflow/.local/lib/python3.12/site-packages/airflow/example_dags/example_sensor_decorator.py for tasks to queue
[2026-05-01T00:08:14.415+0000] {logging_mixin.py:188} INFO - [2026-05-01T00:08:14.415+0000] {dagbag.py:545} INFO - Filling up the DagBag from /home/airflow/.local/lib/python3.12/site-packages/airflow/example_dags/example_sensor_decorator.py
[2026-05-01T00:08:14.419+0000] {processor.py:840} INFO - DAG(s) 'example_sensor_decorator' retrieved from /home/airflow/.local/lib/python3.12/site-packages/airflow/example_dags/example_sensor_decorator.py
[2026-05-01T00:08:14.430+0000] {logging_mixin.py:188} INFO - [2026-05-01T00:08:14.430+0000] {dag.py:3089} INFO - Sync 1 DAGs
[2026-05-01T00:08:14.435+0000] {logging_mixin.py:188} INFO - [2026-05-01T00:08:14.435+0000] {dag.py:3947} INFO - Setting next_dagrun for example_sensor_decorator to None, run_after=None
[2026-05-01T00:08:14.510+0000] {processor.py:183} INFO - Processing /home/airflow/.local/lib/python3.12/site-packages/airflow/example_dags/example_sensor_decorator.py took 0.099 seconds
[2026-05-01T00:08:45.096+0000] {processor.py:161} INFO - Started process (PID=55961) to work on /home/airflow/.local/lib/python3.12/site-packages/airflow/example_dags/example_sensor_decorator.py
[2026-05-01T00:08:45.098+0000] {processor.py:830} INFO - Processing file /home/airflow/.local/lib/python3.12/site-packages/airflow/example_dags/example_sensor_decorator.py for tasks to queue
[2026-05-01T00:08:45.099+0000] {logging_mixin.py:188} INFO - [2026-05-01T00:08:45.099+0000] {dagbag.py:545} INFO - Filling up the DagBag from /home/airflow/.local/lib/python3.12/site-packages/airflow/example_dags/example_sensor_decorator.py
[2026-05-01T00:08:45.103+0000] {processor.py:840} INFO - DAG(s) 'example_sensor_decorator' retrieved from /home/airflow/.local/lib/python3.12/site-packages/airflow/example_dags/example_sensor_decorator.py
[2026-05-01T00:08:45.114+0000] {logging_mixin.py:188} INFO - [2026-05-01T00:08:45.114+0000] {dag.py:3089} INFO - Sync 1 DAGs
[2026-05-01T00:08:45.118+0000] {logging_mixin.py:188} INFO - [2026-05-01T00:08:45.118+0000] {dag.py:3947} INFO - Setting next_dagrun for example_sensor_decorator to None, run_after=None
[2026-05-01T00:08:45.195+0000] {processor.py:183} INFO - Processing /home/airflow/.local/lib/python3.12/site-packages/airflow/example_dags/example_sensor_decorator.py took 0.102 seconds
[2026-05-01T00:09:15.870+0000] {processor.py:161} INFO - Started process (PID=56021) to work on /home/airflow/.local/lib/python3.12/site-packages/airflow/example_dags/example_sensor_decorator.py
[2026-05-01T00:09:15.871+0000] {processor.py:830} INFO - Processing file /home/airflow/.local/lib/python3.12/site-packages/airflow/example_dags/example_sensor_decorator.py for tasks to queue
[2026-05-01T00:09:15.871+0000] {logging_mixin.py:188} INFO - [2026-05-01T00:09:15.871+0000] {dagbag.py:545} INFO - Filling up the DagBag from /home/airflow/.local/lib/python3.12/site-packages/airflow/example_dags/example_sensor_decorator.py
[2026-05-01T00:09:15.874+0000] {processor.py:840} INFO - DAG(s) 'example_sensor_decorator' retrieved from /home/airflow/.local/lib/python3.12/site-packages/airflow/example_dags/example_sensor_decorator.py
[2026-05-01T00:09:15.887+0000] {logging_mixin.py:188} INFO - [2026-05-01T00:09:15.887+0000] {dag.py:3089} INFO - Sync 1 DAGs
[2026-05-01T00:09:15.891+0000] {logging_mixin.py:188} INFO - [2026-05-01T00:09:15.891+0000] {dag.py:3947} INFO - Setting next_dagrun for example_sensor_decorator to None, run_after=None
[2026-05-01T00:09:15.899+0000] {processor.py:183} INFO - Processing /home/airflow/.local/lib/python3.12/site-packages/airflow/example_dags/example_sensor_decorator.py took 0.032 seconds
[2026-05-01T00:09:46.633+0000] {processor.py:161} INFO - Started process (PID=56081) to work on /home/airflow/.local/lib/python3.12/site-packages/airflow/example_dags/example_sensor_decorator.py
[2026-05-01T00:09:46.633+0000] {processor.py:830} INFO - Processing file /home/airflow/.local/lib/python3.12/site-packages/airflow/example_dags/example_sensor_decorator.py for tasks to queue
[2026-05-01T00:09:46.634+0000] {logging_mixin.py:188} INFO - [2026-05-01T00:09:46.634+0000] {dagbag.py:545} INFO - Filling up the DagBag from /home/airflow/.local/lib/python3.12/site-packages/airflow/example_dags/example_sensor_decorator.py
[2026-05-01T00:09:46.636+0000] {processor.py:840} INFO - DAG(s) 'example_sensor_decorator' retrieved from /home/airflow/.local/lib/python3.12/site-packages/airflow/example_dags/example_sensor_decorator.py
[2026-05-01T00:09:46.643+0000] {logging_mixin.py:188} INFO - [2026-05-01T00:09:46.643+0000] {dag.py:3089} INFO - Sync 1 DAGs
[2026-05-01T00:09:46.647+0000] {logging_mixin.py:188} INFO - [2026-05-01T00:09:46.647+0000] {dag.py:3947} INFO - Setting next_dagrun for example_sensor_decorator to None, run_after=None
[2026-05-01T00:09:46.652+0000] {processor.py:183} INFO - Processing /home/airflow/.local/lib/python3.12/site-packages/airflow/example_dags/example_sensor_decorator.py took 0.021 seconds
[2026-05-01T00:10:17.323+0000] {processor.py:161} INFO - Started process (PID=56141) to work on /home/airflow/.local/lib/python3.12/site-packages/airflow/example_dags/example_sensor_decorator.py
[2026-05-01T00:10:17.324+0000] {processor.py:830} INFO - Processing file /home/airflow/.local/lib/python3.12/site-packages/airflow/example_dags/example_sensor_decorator.py for tasks to queue
[2026-05-01T00:10:17.325+0000] {logging_mixin.py:188} INFO - [2026-05-01T00:10:17.325+0000] {dagbag.py:545} INFO - Filling up the DagBag from /home/airflow/.local/lib/python3.12/site-packages/airflow/example_dags/example_sensor_decorator.py
[2026-05-01T00:10:17.328+0000] {processor.py:840} INFO - DAG(s) 'example_sensor_decorator' retrieved from /home/airflow/.local/lib/python3.12/site-packages/airflow/example_dags/example_sensor_decorator.py
[2026-05-01T00:10:17.340+0000] {logging_mixin.py:188} INFO - [2026-05-01T00:10:17.340+0000] {dag.py:3089} INFO - Sync 1 DAGs
[2026-05-01T00:10:17.345+0000] {logging_mixin.py:188} INFO - [2026-05-01T00:10:17.345+0000] {dag.py:3947} INFO - Setting next_dagrun for example_sensor_decorator to None, run_after=None
[2026-05-01T00:10:17.355+0000] {processor.py:183} INFO - Processing /home/airflow/.local/lib/python3.12/site-packages/airflow/example_dags/example_sensor_decorator.py took 0.034 seconds
[2026-05-01T00:10:48.134+0000] {processor.py:161} INFO - Started process (PID=56201) to work on /home/airflow/.local/lib/python3.12/site-packages/airflow/example_dags/example_sensor_decorator.py
[2026-05-01T00:10:48.135+0000] {processor.py:830} INFO - Processing file /home/airflow/.local/lib/python3.12/site-packages/airflow/example_dags/example_sensor_decorator.py for tasks to queue
[2026-05-01T00:10:48.136+0000] {logging_mixin.py:188} INFO - [2026-05-01T00:10:48.136+0000] {dagbag.py:545} INFO - Filling up the DagBag from /home/airflow/.local/lib/python3.12/site-packages/airflow/example_dags/example_sensor_decorator.py
[2026-05-01T00:10:48.138+0000] {processor.py:840} INFO - DAG(s) 'example_sensor_decorator' retrieved from /home/airflow/.local/lib/python3.12/site-packages/airflow/example_dags/example_sensor_decorator.py
[2026-05-01T00:10:48.150+0000] {logging_mixin.py:188} INFO - [2026-05-01T00:10:48.150+0000] {dag.py:3089} INFO - Sync 1 DAGs
[2026-05-01T00:10:48.154+0000] {logging_mixin.py:188} INFO - [2026-05-01T00:10:48.154+0000] {dag.py:3947} INFO - Setting next_dagrun for example_sensor_decorator to None, run_after=None
[2026-05-01T00:10:48.163+0000] {processor.py:183} INFO - Processing /home/airflow/.local/lib/python3.12/site-packages/airflow/example_dags/example_sensor_decorator.py took 0.031 seconds
[2026-05-01T00:11:18.195+0000] {processor.py:161} INFO - Started process (PID=56261) to work on /home/airflow/.local/lib/python3.12/site-packages/airflow/example_dags/example_sensor_decorator.py
[2026-05-01T00:11:18.196+0000] {processor.py:830} INFO - Processing file /home/airflow/.local/lib/python3.12/site-packages/airflow/example_dags/example_sensor_decorator.py for tasks to queue
[2026-05-01T00:11:18.198+0000] {logging_mixin.py:188} INFO - [2026-05-01T00:11:18.197+0000] {dagbag.py:545} INFO - Filling up the DagBag from /home/airflow/.local/lib/python3.12/site-packages/airflow/example_dags/example_sensor_decorator.py
[2026-05-01T00:11:18.202+0000] {processor.py:840} INFO - DAG(s) 'example_sensor_decorator' retrieved from /home/airflow/.local/lib/python3.12/site-packages/airflow/example_dags/example_sensor_decorator.py
[2026-05-01T00:11:18.213+0000] {logging_mixin.py:188} INFO - [2026-05-01T00:11:18.213+0000] {dag.py:3089} INFO - Sync 1 DAGs
[2026-05-01T00:11:18.219+0000] {logging_mixin.py:188} INFO - [2026-05-01T00:11:18.219+0000] {dag.py:3947} INFO - Setting next_dagrun for example_sensor_decorator to None, run_after=None
[2026-05-01T00:11:18.227+0000] {processor.py:183} INFO - Processing /home/airflow/.local/lib/python3.12/site-packages/airflow/example_dags/example_sensor_decorator.py took 0.034 seconds
[2026-05-01T00:11:48.840+0000] {processor.py:161} INFO - Started process (PID=56321) to work on /home/airflow/.local/lib/python3.12/site-packages/airflow/example_dags/example_sensor_decorator.py
[2026-05-01T00:11:48.840+0000] {processor.py:830} INFO - Processing file /home/airflow/.local/lib/python3.12/site-packages/airflow/example_dags/example_sensor_decorator.py for tasks to queue
[2026-05-01T00:11:48.841+0000] {logging_mixin.py:188} INFO - [2026-05-01T00:11:48.841+0000] {dagbag.py:545} INFO - Filling up the DagBag from /home/airflow/.local/lib/python3.12/site-packages/airflow/example_dags/example_sensor_decorator.py
[2026-05-01T00:11:48.843+0000] {processor.py:840} INFO - DAG(s) 'example_sensor_decorator' retrieved from /home/airflow/.local/lib/python3.12/site-packages/airflow/example_dags/example_sensor_decorator.py
[2026-05-01T00:11:48.855+0000] {logging_mixin.py:188} INFO - [2026-05-01T00:11:48.855+0000] {dag.py:3089} INFO - Sync 1 DAGs
[2026-05-01T00:11:48.859+0000] {logging_mixin.py:188} INFO - [2026-05-01T00:11:48.859+0000] {dag.py:3947} INFO - Setting next_dagrun for example_sensor_decorator to None, run_after=None
[2026-05-01T00:11:48.869+0000] {processor.py:183} INFO - Processing /home/airflow/.local/lib/python3.12/site-packages/airflow/example_dags/example_sensor_decorator.py took 0.032 seconds
[2026-05-01T00:12:19.542+0000] {processor.py:161} INFO - Started process (PID=56381) to work on /home/airflow/.local/lib/python3.12/site-packages/airflow/example_dags/example_sensor_decorator.py
[2026-05-01T00:12:19.544+0000] {processor.py:830} INFO - Processing file /home/airflow/.local/lib/python3.12/site-packages/airflow/example_dags/example_sensor_decorator.py for tasks to queue
[2026-05-01T00:12:19.545+0000] {logging_mixin.py:188} INFO - [2026-05-01T00:12:19.545+0000] {dagbag.py:545} INFO - Filling up the DagBag from /home/airflow/.local/lib/python3.12/site-packages/airflow/example_dags/example_sensor_decorator.py
[2026-05-01T00:12:19.548+0000] {processor.py:840} INFO - DAG(s) 'example_sensor_decorator' retrieved from /home/airflow/.local/lib/python3.12/site-packages/airflow/example_dags/example_sensor_decorator.py
[2026-05-01T00:12:19.558+0000] {logging_mixin.py:188} INFO - [2026-05-01T00:12:19.558+0000] {dag.py:3089} INFO - Sync 1 DAGs
[2026-05-01T00:12:19.570+0000] {logging_mixin.py:188} INFO - [2026-05-01T00:12:19.570+0000] {dag.py:3947} INFO - Setting next_dagrun for example_sensor_decorator to None, run_after=None
[2026-05-01T00:12:19.582+0000] {processor.py:183} INFO - Processing /home/airflow/.local/lib/python3.12/site-packages/airflow/example_dags/example_sensor_decorator.py took 0.043 seconds
[2026-05-01T00:12:50.326+0000] {processor.py:161} INFO - Started process (PID=56441) to work on /home/airflow/.local/lib/python3.12/site-packages/airflow/example_dags/example_sensor_decorator.py
[2026-05-01T00:12:50.329+0000] {processor.py:830} INFO - Processing file /home/airflow/.local/lib/python3.12/site-packages/airflow/example_dags/example_sensor_decorator.py for tasks to queue
[2026-05-01T00:12:50.332+0000] {logging_mixin.py:188} INFO - [2026-05-01T00:12:50.331+0000] {dagbag.py:545} INFO - Filling up the DagBag from /home/airflow/.local/lib/python3.12/site-packages/airflow/example_dags/example_sensor_decorator.py
[2026-05-01T00:12:50.334+0000] {processor.py:840} INFO - DAG(s) 'example_sensor_decorator' retrieved from /home/airflow/.local/lib/python3.12/site-packages/airflow/example_dags/example_sensor_decorator.py
[2026-05-01T00:12:50.341+0000] {logging_mixin.py:188} INFO - [2026-05-01T00:12:50.341+0000] {dag.py:3089} INFO - Sync 1 DAGs
[2026-05-01T00:12:50.346+0000] {logging_mixin.py:188} INFO - [2026-05-01T00:12:50.346+0000] {dag.py:3947} INFO - Setting next_dagrun for example_sensor_decorator to None, run_after=None
[2026-05-01T00:12:50.351+0000] {processor.py:183} INFO - Processing /home/airflow/.local/lib/python3.12/site-packages/airflow/example_dags/example_sensor_decorator.py took 0.028 seconds
[2026-05-01T00:13:21.032+0000] {processor.py:161} INFO - Started process (PID=56501) to work on /home/airflow/.local/lib/python3.12/site-packages/airflow/example_dags/example_sensor_decorator.py
[2026-05-01T00:13:21.033+0000] {processor.py:830} INFO - Processing file /home/airflow/.local/lib/python3.12/site-packages/airflow/example_dags/example_sensor_decorator.py for tasks to queue
[2026-05-01T00:13:21.034+0000] {logging_mixin.py:188} INFO - [2026-05-01T00:13:21.034+0000] {dagbag.py:545} INFO - Filling up the DagBag from /home/airflow/.local/lib/python3.12/site-packages/airflow/example_dags/example_sensor_decorator.py
[2026-05-01T00:13:21.037+0000] {processor.py:840} INFO - DAG(s) 'example_sensor_decorator' retrieved from /home/airflow/.local/lib/python3.12/site-packages/airflow/example_dags/example_sensor_decorator.py
[2026-05-01T00:13:21.043+0000] {logging_mixin.py:188} INFO - [2026-05-01T00:13:21.043+0000] {dag.py:3089} INFO - Sync 1 DAGs
[2026-05-01T00:13:21.047+0000] {logging_mixin.py:188} INFO - [2026-05-01T00:13:21.047+0000] {dag.py:3947} INFO - Setting next_dagrun for example_sensor_decorator to None, run_after=None
[2026-05-01T00:13:21.052+0000] {processor.py:183} INFO - Processing /home/airflow/.local/lib/python3.12/site-packages/airflow/example_dags/example_sensor_decorator.py took 0.023 seconds
[2026-05-01T00:13:51.431+0000] {processor.py:161} INFO - Started process (PID=56561) to work on /home/airflow/.local/lib/python3.12/site-packages/airflow/example_dags/example_sensor_decorator.py
[2026-05-01T00:13:51.432+0000] {processor.py:830} INFO - Processing file /home/airflow/.local/lib/python3.12/site-packages/airflow/example_dags/example_sensor_decorator.py for tasks to queue
[2026-05-01T00:13:51.433+0000] {logging_mixin.py:188} INFO - [2026-05-01T00:13:51.433+0000] {dagbag.py:545} INFO - Filling up the DagBag from /home/airflow/.local/lib/python3.12/site-packages/airflow/example_dags/example_sensor_decorator.py
[2026-05-01T00:13:51.438+0000] {processor.py:840} INFO - DAG(s) 'example_sensor_decorator' retrieved from /home/airflow/.local/lib/python3.12/site-packages/airflow/example_dags/example_sensor_decorator.py
[2026-05-01T00:13:51.447+0000] {logging_mixin.py:188} INFO - [2026-05-01T00:13:51.446+0000] {dag.py:3089} INFO - Sync 1 DAGs
[2026-05-01T00:13:51.451+0000] {logging_mixin.py:188} INFO - [2026-05-01T00:13:51.451+0000] {dag.py:3947} INFO - Setting next_dagrun for example_sensor_decorator to None, run_after=None
[2026-05-01T00:13:51.458+0000] {processor.py:183} INFO - Processing /home/airflow/.local/lib/python3.12/site-packages/airflow/example_dags/example_sensor_decorator.py took 0.029 seconds
[2026-05-01T00:14:22.093+0000] {processor.py:161} INFO - Started process (PID=56621) to work on /home/airflow/.local/lib/python3.12/site-packages/airflow/example_dags/example_sensor_decorator.py
[2026-05-01T00:14:22.093+0000] {processor.py:830} INFO - Processing file /home/airflow/.local/lib/python3.12/site-packages/airflow/example_dags/example_sensor_decorator.py for tasks to queue
[2026-05-01T00:14:22.094+0000] {logging_mixin.py:188} INFO - [2026-05-01T00:14:22.094+0000] {dagbag.py:545} INFO - Filling up the DagBag from /home/airflow/.local/lib/python3.12/site-packages/airflow/example_dags/example_sensor_decorator.py
[2026-05-01T00:14:22.097+0000] {processor.py:840} INFO - DAG(s) 'example_sensor_decorator' retrieved from /home/airflow/.local/lib/python3.12/site-packages/airflow/example_dags/example_sensor_decorator.py
[2026-05-01T00:14:22.104+0000] {logging_mixin.py:188} INFO - [2026-05-01T00:14:22.104+0000] {dag.py:3089} INFO - Sync 1 DAGs
[2026-05-01T00:14:22.111+0000] {logging_mixin.py:188} INFO - [2026-05-01T00:14:22.111+0000] {dag.py:3947} INFO - Setting next_dagrun for example_sensor_decorator to None, run_after=None
[2026-05-01T00:14:22.120+0000] {processor.py:183} INFO - Processing /home/airflow/.local/lib/python3.12/site-packages/airflow/example_dags/example_sensor_decorator.py took 0.029 seconds
[2026-05-01T00:14:52.680+0000] {processor.py:161} INFO - Started process (PID=56681) to work on /home/airflow/.local/lib/python3.12/site-packages/airflow/example_dags/example_sensor_decorator.py
[2026-05-01T00:14:52.681+0000] {processor.py:830} INFO - Processing file /home/airflow/.local/lib/python3.12/site-packages/airflow/example_dags/example_sensor_decorator.py for tasks to queue
[2026-05-01T00:14:52.682+0000] {logging_mixin.py:188} INFO - [2026-05-01T00:14:52.682+0000] {dagbag.py:545} INFO - Filling up the DagBag from /home/airflow/.local/lib/python3.12/site-packages/airflow/example_dags/example_sensor_decorator.py
[2026-05-01T00:14:52.685+0000] {processor.py:840} INFO - DAG(s) 'example_sensor_decorator' retrieved from /home/airflow/.local/lib/python3.12/site-packages/airflow/example_dags/example_sensor_decorator.py
[2026-05-01T00:14:52.696+0000] {logging_mixin.py:188} INFO - [2026-05-01T00:14:52.696+0000] {dag.py:3089} INFO - Sync 1 DAGs
[2026-05-01T00:14:52.700+0000] {logging_mixin.py:188} INFO - [2026-05-01T00:14:52.700+0000] {dag.py:3947} INFO - Setting next_dagrun for example_sensor_decorator to None, run_after=None
[2026-05-01T00:14:52.708+0000] {processor.py:183} INFO - Processing /home/airflow/.local/lib/python3.12/site-packages/airflow/example_dags/example_sensor_decorator.py took 0.031 seconds
[2026-05-01T00:15:23.265+0000] {processor.py:161} INFO - Started process (PID=56741) to work on /home/airflow/.local/lib/python3.12/site-packages/airflow/example_dags/example_sensor_decorator.py
[2026-05-01T00:15:23.266+0000] {processor.py:830} INFO - Processing file /home/airflow/.local/lib/python3.12/site-packages/airflow/example_dags/example_sensor_decorator.py for tasks to queue
[2026-05-01T00:15:23.267+0000] {logging_mixin.py:188} INFO - [2026-05-01T00:15:23.266+0000] {dagbag.py:545} INFO - Filling up the DagBag from /home/airflow/.local/lib/python3.12/site-packages/airflow/example_dags/example_sensor_decorator.py
[2026-05-01T00:15:23.270+0000] {processor.py:840} INFO - DAG(s) 'example_sensor_decorator' retrieved from /home/airflow/.local/lib/python3.12/site-packages/airflow/example_dags/example_sensor_decorator.py
[2026-05-01T00:15:23.280+0000] {logging_mixin.py:188} INFO - [2026-05-01T00:15:23.280+0000] {dag.py:3089} INFO - Sync 1 DAGs
[2026-05-01T00:15:23.285+0000] {logging_mixin.py:188} INFO - [2026-05-01T00:15:23.285+0000] {dag.py:3947} INFO - Setting next_dagrun for example_sensor_decorator to None, run_after=None
[2026-05-01T00:15:23.290+0000] {processor.py:183} INFO - Processing /home/airflow/.local/lib/python3.12/site-packages/airflow/example_dags/example_sensor_decorator.py took 0.028 seconds
[2026-05-01T00:15:53.891+0000] {processor.py:161} INFO - Started process (PID=56801) to work on /home/airflow/.local/lib/python3.12/site-packages/airflow/example_dags/example_sensor_decorator.py
[2026-05-01T00:15:53.892+0000] {processor.py:830} INFO - Processing file /home/airflow/.local/lib/python3.12/site-packages/airflow/example_dags/example_sensor_decorator.py for tasks to queue
[2026-05-01T00:15:53.893+0000] {logging_mixin.py:188} INFO - [2026-05-01T00:15:53.893+0000] {dagbag.py:545} INFO - Filling up the DagBag from /home/airflow/.local/lib/python3.12/site-packages/airflow/example_dags/example_sensor_decorator.py
[2026-05-01T00:15:53.896+0000] {processor.py:840} INFO - DAG(s) 'example_sensor_decorator' retrieved from /home/airflow/.local/lib/python3.12/site-packages/airflow/example_dags/example_sensor_decorator.py
[2026-05-01T00:15:53.907+0000] {logging_mixin.py:188} INFO - [2026-05-01T00:15:53.906+0000] {dag.py:3089} INFO - Sync 1 DAGs
[2026-05-01T00:15:53.911+0000] {logging_mixin.py:188} INFO - [2026-05-01T00:15:53.911+0000] {dag.py:3947} INFO - Setting next_dagrun for example_sensor_decorator to None, run_after=None
[2026-05-01T00:15:53.916+0000] {processor.py:183} INFO - Processing /home/airflow/.local/lib/python3.12/site-packages/airflow/example_dags/example_sensor_decorator.py took 0.027 seconds
[2026-05-01T00:16:24.548+0000] {processor.py:161} INFO - Started process (PID=56861) to work on /home/airflow/.local/lib/python3.12/site-packages/airflow/example_dags/example_sensor_decorator.py
[2026-05-01T00:16:24.548+0000] {processor.py:830} INFO - Processing file /home/airflow/.local/lib/python3.12/site-packages/airflow/example_dags/example_sensor_decorator.py for tasks to queue
[2026-05-01T00:16:24.549+0000] {logging_mixin.py:188} INFO - [2026-05-01T00:16:24.549+0000] {dagbag.py:545} INFO - Filling up the DagBag from /home/airflow/.local/lib/python3.12/site-packages/airflow/example_dags/example_sensor_decorator.py
[2026-05-01T00:16:24.552+0000] {processor.py:840} INFO - DAG(s) 'example_sensor_decorator' retrieved from /home/airflow/.local/lib/python3.12/site-packages/airflow/example_dags/example_sensor_decorator.py
[2026-05-01T00:16:24.558+0000] {logging_mixin.py:188} INFO - [2026-05-01T00:16:24.558+0000] {dag.py:3089} INFO - Sync 1 DAGs
[2026-05-01T00:16:24.562+0000] {logging_mixin.py:188} INFO - [2026-05-01T00:16:24.562+0000] {dag.py:3947} INFO - Setting next_dagrun for example_sensor_decorator to None, run_after=None
[2026-05-01T00:16:24.567+0000] {processor.py:183} INFO - Processing /home/airflow/.local/lib/python3.12/site-packages/airflow/example_dags/example_sensor_decorator.py took 0.022 seconds
[2026-05-01T00:16:55.156+0000] {processor.py:161} INFO - Started process (PID=56921) to work on /home/airflow/.local/lib/python3.12/site-packages/airflow/example_dags/example_sensor_decorator.py
[2026-05-01T00:16:55.157+0000] {processor.py:830} INFO - Processing file /home/airflow/.local/lib/python3.12/site-packages/airflow/example_dags/example_sensor_decorator.py for tasks to queue
[2026-05-01T00:16:55.157+0000] {logging_mixin.py:188} INFO - [2026-05-01T00:16:55.157+0000] {dagbag.py:545} INFO - Filling up the DagBag from /home/airflow/.local/lib/python3.12/site-packages/airflow/example_dags/example_sensor_decorator.py
[2026-05-01T00:16:55.160+0000] {processor.py:840} INFO - DAG(s) 'example_sensor_decorator' retrieved from /home/airflow/.local/lib/python3.12/site-packages/airflow/example_dags/example_sensor_decorator.py
[2026-05-01T00:16:55.167+0000] {logging_mixin.py:188} INFO - [2026-05-01T00:16:55.167+0000] {dag.py:3089} INFO - Sync 1 DAGs
[2026-05-01T00:16:55.171+0000] {logging_mixin.py:188} INFO - [2026-05-01T00:16:55.171+0000] {dag.py:3947} INFO - Setting next_dagrun for example_sensor_decorator to None, run_after=None
[2026-05-01T00:16:55.176+0000] {processor.py:183} INFO - Processing /home/airflow/.local/lib/python3.12/site-packages/airflow/example_dags/example_sensor_decorator.py took 0.023 seconds
[2026-05-01T00:17:26.146+0000] {processor.py:161} INFO - Started process (PID=56981) to work on /home/airflow/.local/lib/python3.12/site-packages/airflow/example_dags/example_sensor_decorator.py
[2026-05-01T00:17:26.146+0000] {processor.py:830} INFO - Processing file /home/airflow/.local/lib/python3.12/site-packages/airflow/example_dags/example_sensor_decorator.py for tasks to queue
[2026-05-01T00:17:26.147+0000] {logging_mixin.py:188} INFO - [2026-05-01T00:17:26.147+0000] {dagbag.py:545} INFO - Filling up the DagBag from /home/airflow/.local/lib/python3.12/site-packages/airflow/example_dags/example_sensor_decorator.py
[2026-05-01T00:17:26.149+0000] {processor.py:840} INFO - DAG(s) 'example_sensor_decorator' retrieved from /home/airflow/.local/lib/python3.12/site-packages/airflow/example_dags/example_sensor_decorator.py
[2026-05-01T00:17:26.157+0000] {logging_mixin.py:188} INFO - [2026-05-01T00:17:26.156+0000] {dag.py:3089} INFO - Sync 1 DAGs
[2026-05-01T00:17:26.161+0000] {logging_mixin.py:188} INFO - [2026-05-01T00:17:26.161+0000] {dag.py:3947} INFO - Setting next_dagrun for example_sensor_decorator to None, run_after=None
[2026-05-01T00:17:26.166+0000] {processor.py:183} INFO - Processing /home/airflow/.local/lib/python3.12/site-packages/airflow/example_dags/example_sensor_decorator.py took 0.024 seconds
[2026-05-01T00:17:56.473+0000] {processor.py:161} INFO - Started process (PID=57040) to work on /home/airflow/.local/lib/python3.12/site-packages/airflow/example_dags/example_sensor_decorator.py
[2026-05-01T00:17:56.474+0000] {processor.py:830} INFO - Processing file /home/airflow/.local/lib/python3.12/site-packages/airflow/example_dags/example_sensor_decorator.py for tasks to queue
[2026-05-01T00:17:56.474+0000] {logging_mixin.py:188} INFO - [2026-05-01T00:17:56.474+0000] {dagbag.py:545} INFO - Filling up the DagBag from /home/airflow/.local/lib/python3.12/site-packages/airflow/example_dags/example_sensor_decorator.py
[2026-05-01T00:17:56.477+0000] {processor.py:840} INFO - DAG(s) 'example_sensor_decorator' retrieved from /home/airflow/.local/lib/python3.12/site-packages/airflow/example_dags/example_sensor_decorator.py
[2026-05-01T00:17:56.486+0000] {logging_mixin.py:188} INFO - [2026-05-01T00:17:56.485+0000] {dag.py:3089} INFO - Sync 1 DAGs
[2026-05-01T00:17:56.490+0000] {logging_mixin.py:188} INFO - [2026-05-01T00:17:56.490+0000] {dag.py:3947} INFO - Setting next_dagrun for example_sensor_decorator to None, run_after=None
[2026-05-01T00:17:56.497+0000] {processor.py:183} INFO - Processing /home/airflow/.local/lib/python3.12/site-packages/airflow/example_dags/example_sensor_decorator.py took 0.027 seconds
[2026-05-01T00:18:27.180+0000] {processor.py:161} INFO - Started process (PID=57100) to work on /home/airflow/.local/lib/python3.12/site-packages/airflow/example_dags/example_sensor_decorator.py
[2026-05-01T00:18:27.180+0000] {processor.py:830} INFO - Processing file /home/airflow/.local/lib/python3.12/site-packages/airflow/example_dags/example_sensor_decorator.py for tasks to queue
[2026-05-01T00:18:27.181+0000] {logging_mixin.py:188} INFO - [2026-05-01T00:18:27.181+0000] {dagbag.py:545} INFO - Filling up the DagBag from /home/airflow/.local/lib/python3.12/site-packages/airflow/example_dags/example_sensor_decorator.py
[2026-05-01T00:18:27.184+0000] {processor.py:840} INFO - DAG(s) 'example_sensor_decorator' retrieved from /home/airflow/.local/lib/python3.12/site-packages/airflow/example_dags/example_sensor_decorator.py
[2026-05-01T00:18:27.193+0000] {logging_mixin.py:188} INFO - [2026-05-01T00:18:27.192+0000] {dag.py:3089} INFO - Sync 1 DAGs
[2026-05-01T00:18:27.199+0000] {logging_mixin.py:188} INFO - [2026-05-01T00:18:27.198+0000] {dag.py:3947} INFO - Setting next_dagrun for example_sensor_decorator to None, run_after=None
[2026-05-01T00:18:27.205+0000] {processor.py:183} INFO - Processing /home/airflow/.local/lib/python3.12/site-packages/airflow/example_dags/example_sensor_decorator.py took 0.029 seconds
[2026-05-01T00:18:57.782+0000] {processor.py:161} INFO - Started process (PID=57160) to work on /home/airflow/.local/lib/python3.12/site-packages/airflow/example_dags/example_sensor_decorator.py
[2026-05-01T00:18:57.782+0000] {processor.py:830} INFO - Processing file /home/airflow/.local/lib/python3.12/site-packages/airflow/example_dags/example_sensor_decorator.py for tasks to queue
[2026-05-01T00:18:57.783+0000] {logging_mixin.py:188} INFO - [2026-05-01T00:18:57.783+0000] {dagbag.py:545} INFO - Filling up the DagBag from /home/airflow/.local/lib/python3.12/site-packages/airflow/example_dags/example_sensor_decorator.py
[2026-05-01T00:18:57.785+0000] {processor.py:840} INFO - DAG(s) 'example_sensor_decorator' retrieved from /home/airflow/.local/lib/python3.12/site-packages/airflow/example_dags/example_sensor_decorator.py
[2026-05-01T00:18:57.792+0000] {logging_mixin.py:188} INFO - [2026-05-01T00:18:57.792+0000] {dag.py:3089} INFO - Sync 1 DAGs
[2026-05-01T00:18:57.796+0000] {logging_mixin.py:188} INFO - [2026-05-01T00:18:57.796+0000] {dag.py:3947} INFO - Setting next_dagrun for example_sensor_decorator to None, run_after=None
[2026-05-01T00:18:57.801+0000] {processor.py:183} INFO - Processing /home/airflow/.local/lib/python3.12/site-packages/airflow/example_dags/example_sensor_decorator.py took 0.022 seconds
[2026-05-01T00:19:28.694+0000] {processor.py:161} INFO - Started process (PID=57220) to work on /home/airflow/.local/lib/python3.12/site-packages/airflow/example_dags/example_sensor_decorator.py
[2026-05-01T00:19:28.696+0000] {processor.py:830} INFO - Processing file /home/airflow/.local/lib/python3.12/site-packages/airflow/example_dags/example_sensor_decorator.py for tasks to queue
[2026-05-01T00:19:28.696+0000] {logging_mixin.py:188} INFO - [2026-05-01T00:19:28.696+0000] {dagbag.py:545} INFO - Filling up the DagBag from /home/airflow/.local/lib/python3.12/site-packages/airflow/example_dags/example_sensor_decorator.py
[2026-05-01T00:19:28.700+0000] {processor.py:840} INFO - DAG(s) 'example_sensor_decorator' retrieved from /home/airflow/.local/lib/python3.12/site-packages/airflow/example_dags/example_sensor_decorator.py
[2026-05-01T00:19:28.708+0000] {logging_mixin.py:188} INFO - [2026-05-01T00:19:28.708+0000] {dag.py:3089} INFO - Sync 1 DAGs
[2026-05-01T00:19:28.712+0000] {logging_mixin.py:188} INFO - [2026-05-01T00:19:28.712+0000] {dag.py:3947} INFO - Setting next_dagrun for example_sensor_decorator to None, run_after=None
[2026-05-01T00:19:28.720+0000] {processor.py:183} INFO - Processing /home/airflow/.local/lib/python3.12/site-packages/airflow/example_dags/example_sensor_decorator.py took 0.029 seconds
[2026-05-01T00:19:58.825+0000] {processor.py:161} INFO - Started process (PID=57280) to work on /home/airflow/.local/lib/python3.12/site-packages/airflow/example_dags/example_sensor_decorator.py
[2026-05-01T00:19:58.826+0000] {processor.py:830} INFO - Processing file /home/airflow/.local/lib/python3.12/site-packages/airflow/example_dags/example_sensor_decorator.py for tasks to queue
[2026-05-01T00:19:58.827+0000] {logging_mixin.py:188} INFO - [2026-05-01T00:19:58.827+0000] {dagbag.py:545} INFO - Filling up the DagBag from /home/airflow/.local/lib/python3.12/site-packages/airflow/example_dags/example_sensor_decorator.py
[2026-05-01T00:19:58.832+0000] {processor.py:840} INFO - DAG(s) 'example_sensor_decorator' retrieved from /home/airflow/.local/lib/python3.12/site-packages/airflow/example_dags/example_sensor_decorator.py
[2026-05-01T00:19:58.840+0000] {logging_mixin.py:188} INFO - [2026-05-01T00:19:58.840+0000] {dag.py:3089} INFO - Sync 1 DAGs
[2026-05-01T00:19:58.844+0000] {logging_mixin.py:188} INFO - [2026-05-01T00:19:58.844+0000] {dag.py:3947} INFO - Setting next_dagrun for example_sensor_decorator to None, run_after=None
[2026-05-01T00:19:58.849+0000] {processor.py:183} INFO - Processing /home/airflow/.local/lib/python3.12/site-packages/airflow/example_dags/example_sensor_decorator.py took 0.027 seconds
[2026-05-01T00:20:29.717+0000] {processor.py:161} INFO - Started process (PID=57340) to work on /home/airflow/.local/lib/python3.12/site-packages/airflow/example_dags/example_sensor_decorator.py
[2026-05-01T00:20:29.718+0000] {processor.py:830} INFO - Processing file /home/airflow/.local/lib/python3.12/site-packages/airflow/example_dags/example_sensor_decorator.py for tasks to queue
[2026-05-01T00:20:29.721+0000] {logging_mixin.py:188} INFO - [2026-05-01T00:20:29.720+0000] {dagbag.py:545} INFO - Filling up the DagBag from /home/airflow/.local/lib/python3.12/site-packages/airflow/example_dags/example_sensor_decorator.py
[2026-05-01T00:20:29.723+0000] {processor.py:840} INFO - DAG(s) 'example_sensor_decorator' retrieved from /home/airflow/.local/lib/python3.12/site-packages/airflow/example_dags/example_sensor_decorator.py
[2026-05-01T00:20:29.732+0000] {logging_mixin.py:188} INFO - [2026-05-01T00:20:29.732+0000] {dag.py:3089} INFO - Sync 1 DAGs
[2026-05-01T00:20:29.737+0000] {logging_mixin.py:188} INFO - [2026-05-01T00:20:29.737+0000] {dag.py:3947} INFO - Setting next_dagrun for example_sensor_decorator to None, run_after=None
[2026-05-01T00:20:29.743+0000] {processor.py:183} INFO - Processing /home/airflow/.local/lib/python3.12/site-packages/airflow/example_dags/example_sensor_decorator.py took 0.029 seconds
[2026-05-01T00:21:00.009+0000] {processor.py:161} INFO - Started process (PID=57400) to work on /home/airflow/.local/lib/python3.12/site-packages/airflow/example_dags/example_sensor_decorator.py
[2026-05-01T00:21:00.010+0000] {processor.py:830} INFO - Processing file /home/airflow/.local/lib/python3.12/site-packages/airflow/example_dags/example_sensor_decorator.py for tasks to queue
[2026-05-01T00:21:00.013+0000] {logging_mixin.py:188} INFO - [2026-05-01T00:21:00.012+0000] {dagbag.py:545} INFO - Filling up the DagBag from /home/airflow/.local/lib/python3.12/site-packages/airflow/example_dags/example_sensor_decorator.py
[2026-05-01T00:21:00.016+0000] {processor.py:840} INFO - DAG(s) 'example_sensor_decorator' retrieved from /home/airflow/.local/lib/python3.12/site-packages/airflow/example_dags/example_sensor_decorator.py
[2026-05-01T00:21:00.030+0000] {logging_mixin.py:188} INFO - [2026-05-01T00:21:00.029+0000] {dag.py:3089} INFO - Sync 1 DAGs
[2026-05-01T00:21:00.037+0000] {logging_mixin.py:188} INFO - [2026-05-01T00:21:00.037+0000] {dag.py:3947} INFO - Setting next_dagrun for example_sensor_decorator to None, run_after=None
[2026-05-01T00:21:00.043+0000] {processor.py:183} INFO - Processing /home/airflow/.local/lib/python3.12/site-packages/airflow/example_dags/example_sensor_decorator.py took 0.040 seconds
[2026-05-01T00:21:30.261+0000] {processor.py:161} INFO - Started process (PID=57460) to work on /home/airflow/.local/lib/python3.12/site-packages/airflow/example_dags/example_sensor_decorator.py
[2026-05-01T00:21:30.262+0000] {processor.py:830} INFO - Processing file /home/airflow/.local/lib/python3.12/site-packages/airflow/example_dags/example_sensor_decorator.py for tasks to queue
[2026-05-01T00:21:30.262+0000] {logging_mixin.py:188} INFO - [2026-05-01T00:21:30.262+0000] {dagbag.py:545} INFO - Filling up the DagBag from /home/airflow/.local/lib/python3.12/site-packages/airflow/example_dags/example_sensor_decorator.py
[2026-05-01T00:21:30.265+0000] {processor.py:840} INFO - DAG(s) 'example_sensor_decorator' retrieved from /home/airflow/.local/lib/python3.12/site-packages/airflow/example_dags/example_sensor_decorator.py
[2026-05-01T00:21:30.272+0000] {logging_mixin.py:188} INFO - [2026-05-01T00:21:30.272+0000] {dag.py:3089} INFO - Sync 1 DAGs
[2026-05-01T00:21:30.276+0000] {logging_mixin.py:188} INFO - [2026-05-01T00:21:30.276+0000] {dag.py:3947} INFO - Setting next_dagrun for example_sensor_decorator to None, run_after=None
[2026-05-01T00:21:30.281+0000] {processor.py:183} INFO - Processing /home/airflow/.local/lib/python3.12/site-packages/airflow/example_dags/example_sensor_decorator.py took 0.023 seconds
[2026-05-01T00:22:00.381+0000] {processor.py:161} INFO - Started process (PID=57520) to work on /home/airflow/.local/lib/python3.12/site-packages/airflow/example_dags/example_sensor_decorator.py
[2026-05-01T00:22:00.382+0000] {processor.py:830} INFO - Processing file /home/airflow/.local/lib/python3.12/site-packages/airflow/example_dags/example_sensor_decorator.py for tasks to queue
[2026-05-01T00:22:00.382+0000] {logging_mixin.py:188} INFO - [2026-05-01T00:22:00.382+0000] {dagbag.py:545} INFO - Filling up the DagBag from /home/airflow/.local/lib/python3.12/site-packages/airflow/example_dags/example_sensor_decorator.py
[2026-05-01T00:22:00.385+0000] {processor.py:840} INFO - DAG(s) 'example_sensor_decorator' retrieved from /home/airflow/.local/lib/python3.12/site-packages/airflow/example_dags/example_sensor_decorator.py
[2026-05-01T00:22:00.392+0000] {logging_mixin.py:188} INFO - [2026-05-01T00:22:00.392+0000] {dag.py:3089} INFO - Sync 1 DAGs
[2026-05-01T00:22:00.396+0000] {logging_mixin.py:188} INFO - [2026-05-01T00:22:00.396+0000] {dag.py:3947} INFO - Setting next_dagrun for example_sensor_decorator to None, run_after=None
[2026-05-01T00:22:00.401+0000] {processor.py:183} INFO - Processing /home/airflow/.local/lib/python3.12/site-packages/airflow/example_dags/example_sensor_decorator.py took 0.022 seconds
[2026-05-01T00:22:31.235+0000] {processor.py:161} INFO - Started process (PID=57578) to work on /home/airflow/.local/lib/python3.12/site-packages/airflow/example_dags/example_sensor_decorator.py
[2026-05-01T00:22:31.235+0000] {processor.py:830} INFO - Processing file /home/airflow/.local/lib/python3.12/site-packages/airflow/example_dags/example_sensor_decorator.py for tasks to queue
[2026-05-01T00:22:31.236+0000] {logging_mixin.py:188} INFO - [2026-05-01T00:22:31.236+0000] {dagbag.py:545} INFO - Filling up the DagBag from /home/airflow/.local/lib/python3.12/site-packages/airflow/example_dags/example_sensor_decorator.py
[2026-05-01T00:22:31.238+0000] {processor.py:840} INFO - DAG(s) 'example_sensor_decorator' retrieved from /home/airflow/.local/lib/python3.12/site-packages/airflow/example_dags/example_sensor_decorator.py
[2026-05-01T00:22:31.245+0000] {logging_mixin.py:188} INFO - [2026-05-01T00:22:31.245+0000] {dag.py:3089} INFO - Sync 1 DAGs
[2026-05-01T00:22:31.249+0000] {logging_mixin.py:188} INFO - [2026-05-01T00:22:31.249+0000] {dag.py:3947} INFO - Setting next_dagrun for example_sensor_decorator to None, run_after=None
[2026-05-01T00:22:31.255+0000] {processor.py:183} INFO - Processing /home/airflow/.local/lib/python3.12/site-packages/airflow/example_dags/example_sensor_decorator.py took 0.022 seconds
[2026-05-01T00:23:02.055+0000] {processor.py:161} INFO - Started process (PID=57638) to work on /home/airflow/.local/lib/python3.12/site-packages/airflow/example_dags/example_sensor_decorator.py
[2026-05-01T00:23:02.056+0000] {processor.py:830} INFO - Processing file /home/airflow/.local/lib/python3.12/site-packages/airflow/example_dags/example_sensor_decorator.py for tasks to queue
[2026-05-01T00:23:02.057+0000] {logging_mixin.py:188} INFO - [2026-05-01T00:23:02.057+0000] {dagbag.py:545} INFO - Filling up the DagBag from /home/airflow/.local/lib/python3.12/site-packages/airflow/example_dags/example_sensor_decorator.py
[2026-05-01T00:23:02.061+0000] {processor.py:840} INFO - DAG(s) 'example_sensor_decorator' retrieved from /home/airflow/.local/lib/python3.12/site-packages/airflow/example_dags/example_sensor_decorator.py
[2026-05-01T00:23:02.070+0000] {logging_mixin.py:188} INFO - [2026-05-01T00:23:02.070+0000] {dag.py:3089} INFO - Sync 1 DAGs
[2026-05-01T00:23:02.074+0000] {logging_mixin.py:188} INFO - [2026-05-01T00:23:02.074+0000] {dag.py:3947} INFO - Setting next_dagrun for example_sensor_decorator to None, run_after=None
[2026-05-01T00:23:02.084+0000] {processor.py:183} INFO - Processing /home/airflow/.local/lib/python3.12/site-packages/airflow/example_dags/example_sensor_decorator.py took 0.030 seconds
[2026-05-01T00:23:32.513+0000] {processor.py:161} INFO - Started process (PID=57698) to work on /home/airflow/.local/lib/python3.12/site-packages/airflow/example_dags/example_sensor_decorator.py
[2026-05-01T00:23:32.514+0000] {processor.py:830} INFO - Processing file /home/airflow/.local/lib/python3.12/site-packages/airflow/example_dags/example_sensor_decorator.py for tasks to queue
[2026-05-01T00:23:32.515+0000] {logging_mixin.py:188} INFO - [2026-05-01T00:23:32.515+0000] {dagbag.py:545} INFO - Filling up the DagBag from /home/airflow/.local/lib/python3.12/site-packages/airflow/example_dags/example_sensor_decorator.py
[2026-05-01T00:23:32.518+0000] {processor.py:840} INFO - DAG(s) 'example_sensor_decorator' retrieved from /home/airflow/.local/lib/python3.12/site-packages/airflow/example_dags/example_sensor_decorator.py
[2026-05-01T00:23:32.530+0000] {logging_mixin.py:188} INFO - [2026-05-01T00:23:32.530+0000] {dag.py:3089} INFO - Sync 1 DAGs
[2026-05-01T00:23:32.538+0000] {logging_mixin.py:188} INFO - [2026-05-01T00:23:32.538+0000] {dag.py:3947} INFO - Setting next_dagrun for example_sensor_decorator to None, run_after=None
[2026-05-01T00:23:32.546+0000] {processor.py:183} INFO - Processing /home/airflow/.local/lib/python3.12/site-packages/airflow/example_dags/example_sensor_decorator.py took 0.036 seconds
[2026-05-01T00:24:03.322+0000] {processor.py:161} INFO - Started process (PID=57758) to work on /home/airflow/.local/lib/python3.12/site-packages/airflow/example_dags/example_sensor_decorator.py
[2026-05-01T00:24:03.322+0000] {processor.py:830} INFO - Processing file /home/airflow/.local/lib/python3.12/site-packages/airflow/example_dags/example_sensor_decorator.py for tasks to queue
[2026-05-01T00:24:03.323+0000] {logging_mixin.py:188} INFO - [2026-05-01T00:24:03.323+0000] {dagbag.py:545} INFO - Filling up the DagBag from /home/airflow/.local/lib/python3.12/site-packages/airflow/example_dags/example_sensor_decorator.py
[2026-05-01T00:24:03.326+0000] {processor.py:840} INFO - DAG(s) 'example_sensor_decorator' retrieved from /home/airflow/.local/lib/python3.12/site-packages/airflow/example_dags/example_sensor_decorator.py
[2026-05-01T00:24:03.335+0000] {logging_mixin.py:188} INFO - [2026-05-01T00:24:03.335+0000] {dag.py:3089} INFO - Sync 1 DAGs
[2026-05-01T00:24:03.339+0000] {logging_mixin.py:188} INFO - [2026-05-01T00:24:03.339+0000] {dag.py:3947} INFO - Setting next_dagrun for example_sensor_decorator to None, run_after=None
[2026-05-01T00:24:03.345+0000] {processor.py:183} INFO - Processing /home/airflow/.local/lib/python3.12/site-packages/airflow/example_dags/example_sensor_decorator.py took 0.026 seconds
[2026-05-01T00:24:33.959+0000] {processor.py:161} INFO - Started process (PID=57818) to work on /home/airflow/.local/lib/python3.12/site-packages/airflow/example_dags/example_sensor_decorator.py
[2026-05-01T00:24:33.960+0000] {processor.py:830} INFO - Processing file /home/airflow/.local/lib/python3.12/site-packages/airflow/example_dags/example_sensor_decorator.py for tasks to queue
[2026-05-01T00:24:33.961+0000] {logging_mixin.py:188} INFO - [2026-05-01T00:24:33.961+0000] {dagbag.py:545} INFO - Filling up the DagBag from /home/airflow/.local/lib/python3.12/site-packages/airflow/example_dags/example_sensor_decorator.py
[2026-05-01T00:24:33.966+0000] {processor.py:840} INFO - DAG(s) 'example_sensor_decorator' retrieved from /home/airflow/.local/lib/python3.12/site-packages/airflow/example_dags/example_sensor_decorator.py
[2026-05-01T00:24:33.974+0000] {logging_mixin.py:188} INFO - [2026-05-01T00:24:33.974+0000] {dag.py:3089} INFO - Sync 1 DAGs
[2026-05-01T00:24:33.980+0000] {logging_mixin.py:188} INFO - [2026-05-01T00:24:33.980+0000] {dag.py:3947} INFO - Setting next_dagrun for example_sensor_decorator to None, run_after=None
[2026-05-01T00:24:33.987+0000] {processor.py:183} INFO - Processing /home/airflow/.local/lib/python3.12/site-packages/airflow/example_dags/example_sensor_decorator.py took 0.031 seconds
[2026-05-01T00:25:04.791+0000] {processor.py:161} INFO - Started process (PID=57878) to work on /home/airflow/.local/lib/python3.12/site-packages/airflow/example_dags/example_sensor_decorator.py
[2026-05-01T00:25:04.792+0000] {processor.py:830} INFO - Processing file /home/airflow/.local/lib/python3.12/site-packages/airflow/example_dags/example_sensor_decorator.py for tasks to queue
[2026-05-01T00:25:04.794+0000] {logging_mixin.py:188} INFO - [2026-05-01T00:25:04.793+0000] {dagbag.py:545} INFO - Filling up the DagBag from /home/airflow/.local/lib/python3.12/site-packages/airflow/example_dags/example_sensor_decorator.py
[2026-05-01T00:25:04.796+0000] {processor.py:840} INFO - DAG(s) 'example_sensor_decorator' retrieved from /home/airflow/.local/lib/python3.12/site-packages/airflow/example_dags/example_sensor_decorator.py
[2026-05-01T00:25:04.807+0000] {logging_mixin.py:188} INFO - [2026-05-01T00:25:04.807+0000] {dag.py:3089} INFO - Sync 1 DAGs
[2026-05-01T00:25:04.814+0000] {logging_mixin.py:188} INFO - [2026-05-01T00:25:04.814+0000] {dag.py:3947} INFO - Setting next_dagrun for example_sensor_decorator to None, run_after=None
[2026-05-01T00:25:04.823+0000] {processor.py:183} INFO - Processing /home/airflow/.local/lib/python3.12/site-packages/airflow/example_dags/example_sensor_decorator.py took 0.036 seconds
[2026-05-01T00:25:35.551+0000] {processor.py:161} INFO - Started process (PID=57938) to work on /home/airflow/.local/lib/python3.12/site-packages/airflow/example_dags/example_sensor_decorator.py
[2026-05-01T00:25:35.552+0000] {processor.py:830} INFO - Processing file /home/airflow/.local/lib/python3.12/site-packages/airflow/example_dags/example_sensor_decorator.py for tasks to queue
[2026-05-01T00:25:35.552+0000] {logging_mixin.py:188} INFO - [2026-05-01T00:25:35.552+0000] {dagbag.py:545} INFO - Filling up the DagBag from /home/airflow/.local/lib/python3.12/site-packages/airflow/example_dags/example_sensor_decorator.py
[2026-05-01T00:25:35.555+0000] {processor.py:840} INFO - DAG(s) 'example_sensor_decorator' retrieved from /home/airflow/.local/lib/python3.12/site-packages/airflow/example_dags/example_sensor_decorator.py
[2026-05-01T00:25:35.568+0000] {logging_mixin.py:188} INFO - [2026-05-01T00:25:35.568+0000] {dag.py:3089} INFO - Sync 1 DAGs
[2026-05-01T00:25:35.575+0000] {logging_mixin.py:188} INFO - [2026-05-01T00:25:35.575+0000] {dag.py:3947} INFO - Setting next_dagrun for example_sensor_decorator to None, run_after=None
[2026-05-01T00:25:35.582+0000] {processor.py:183} INFO - Processing /home/airflow/.local/lib/python3.12/site-packages/airflow/example_dags/example_sensor_decorator.py took 0.035 seconds
[2026-05-01T00:26:06.447+0000] {processor.py:161} INFO - Started process (PID=57998) to work on /home/airflow/.local/lib/python3.12/site-packages/airflow/example_dags/example_sensor_decorator.py
[2026-05-01T00:26:06.449+0000] {processor.py:830} INFO - Processing file /home/airflow/.local/lib/python3.12/site-packages/airflow/example_dags/example_sensor_decorator.py for tasks to queue
[2026-05-01T00:26:06.449+0000] {logging_mixin.py:188} INFO - [2026-05-01T00:26:06.449+0000] {dagbag.py:545} INFO - Filling up the DagBag from /home/airflow/.local/lib/python3.12/site-packages/airflow/example_dags/example_sensor_decorator.py
[2026-05-01T00:26:06.453+0000] {processor.py:840} INFO - DAG(s) 'example_sensor_decorator' retrieved from /home/airflow/.local/lib/python3.12/site-packages/airflow/example_dags/example_sensor_decorator.py
[2026-05-01T00:26:06.465+0000] {logging_mixin.py:188} INFO - [2026-05-01T00:26:06.465+0000] {dag.py:3089} INFO - Sync 1 DAGs
[2026-05-01T00:26:06.469+0000] {logging_mixin.py:188} INFO - [2026-05-01T00:26:06.469+0000] {dag.py:3947} INFO - Setting next_dagrun for example_sensor_decorator to None, run_after=None
[2026-05-01T00:26:06.477+0000] {processor.py:183} INFO - Processing /home/airflow/.local/lib/python3.12/site-packages/airflow/example_dags/example_sensor_decorator.py took 0.033 seconds
[2026-05-01T00:26:37.283+0000] {processor.py:161} INFO - Started process (PID=58058) to work on /home/airflow/.local/lib/python3.12/site-packages/airflow/example_dags/example_sensor_decorator.py
[2026-05-01T00:26:37.284+0000] {processor.py:830} INFO - Processing file /home/airflow/.local/lib/python3.12/site-packages/airflow/example_dags/example_sensor_decorator.py for tasks to queue
[2026-05-01T00:26:37.285+0000] {logging_mixin.py:188} INFO - [2026-05-01T00:26:37.285+0000] {dagbag.py:545} INFO - Filling up the DagBag from /home/airflow/.local/lib/python3.12/site-packages/airflow/example_dags/example_sensor_decorator.py
[2026-05-01T00:26:37.290+0000] {processor.py:840} INFO - DAG(s) 'example_sensor_decorator' retrieved from /home/airflow/.local/lib/python3.12/site-packages/airflow/example_dags/example_sensor_decorator.py
[2026-05-01T00:26:37.299+0000] {logging_mixin.py:188} INFO - [2026-05-01T00:26:37.299+0000] {dag.py:3089} INFO - Sync 1 DAGs
[2026-05-01T00:26:37.304+0000] {logging_mixin.py:188} INFO - [2026-05-01T00:26:37.304+0000] {dag.py:3947} INFO - Setting next_dagrun for example_sensor_decorator to None, run_after=None
[2026-05-01T00:26:37.309+0000] {processor.py:183} INFO - Processing /home/airflow/.local/lib/python3.12/site-packages/airflow/example_dags/example_sensor_decorator.py took 0.030 seconds
[2026-05-01T00:27:08.102+0000] {processor.py:161} INFO - Started process (PID=58118) to work on /home/airflow/.local/lib/python3.12/site-packages/airflow/example_dags/example_sensor_decorator.py
[2026-05-01T00:27:08.102+0000] {processor.py:830} INFO - Processing file /home/airflow/.local/lib/python3.12/site-packages/airflow/example_dags/example_sensor_decorator.py for tasks to queue
[2026-05-01T00:27:08.103+0000] {logging_mixin.py:188} INFO - [2026-05-01T00:27:08.103+0000] {dagbag.py:545} INFO - Filling up the DagBag from /home/airflow/.local/lib/python3.12/site-packages/airflow/example_dags/example_sensor_decorator.py
[2026-05-01T00:27:08.106+0000] {processor.py:840} INFO - DAG(s) 'example_sensor_decorator' retrieved from /home/airflow/.local/lib/python3.12/site-packages/airflow/example_dags/example_sensor_decorator.py
[2026-05-01T00:27:08.119+0000] {logging_mixin.py:188} INFO - [2026-05-01T00:27:08.119+0000] {dag.py:3089} INFO - Sync 1 DAGs
[2026-05-01T00:27:08.125+0000] {logging_mixin.py:188} INFO - [2026-05-01T00:27:08.124+0000] {dag.py:3947} INFO - Setting next_dagrun for example_sensor_decorator to None, run_after=None
[2026-05-01T00:27:08.130+0000] {processor.py:183} INFO - Processing /home/airflow/.local/lib/python3.12/site-packages/airflow/example_dags/example_sensor_decorator.py took 0.031 seconds
[2026-05-01T00:27:38.869+0000] {processor.py:161} INFO - Started process (PID=58178) to work on /home/airflow/.local/lib/python3.12/site-packages/airflow/example_dags/example_sensor_decorator.py
[2026-05-01T00:27:38.870+0000] {processor.py:830} INFO - Processing file /home/airflow/.local/lib/python3.12/site-packages/airflow/example_dags/example_sensor_decorator.py for tasks to queue
[2026-05-01T00:27:38.870+0000] {logging_mixin.py:188} INFO - [2026-05-01T00:27:38.870+0000] {dagbag.py:545} INFO - Filling up the DagBag from /home/airflow/.local/lib/python3.12/site-packages/airflow/example_dags/example_sensor_decorator.py
[2026-05-01T00:27:38.872+0000] {processor.py:840} INFO - DAG(s) 'example_sensor_decorator' retrieved from /home/airflow/.local/lib/python3.12/site-packages/airflow/example_dags/example_sensor_decorator.py
[2026-05-01T00:27:38.879+0000] {logging_mixin.py:188} INFO - [2026-05-01T00:27:38.879+0000] {dag.py:3089} INFO - Sync 1 DAGs
[2026-05-01T00:27:38.883+0000] {logging_mixin.py:188} INFO - [2026-05-01T00:27:38.883+0000] {dag.py:3947} INFO - Setting next_dagrun for example_sensor_decorator to None, run_after=None
[2026-05-01T00:27:38.888+0000] {processor.py:183} INFO - Processing /home/airflow/.local/lib/python3.12/site-packages/airflow/example_dags/example_sensor_decorator.py took 0.021 seconds
[2026-05-01T00:28:09.649+0000] {processor.py:161} INFO - Started process (PID=58243) to work on /home/airflow/.local/lib/python3.12/site-packages/airflow/example_dags/example_sensor_decorator.py
[2026-05-01T00:28:09.650+0000] {processor.py:830} INFO - Processing file /home/airflow/.local/lib/python3.12/site-packages/airflow/example_dags/example_sensor_decorator.py for tasks to queue
[2026-05-01T00:28:09.652+0000] {logging_mixin.py:188} INFO - [2026-05-01T00:28:09.651+0000] {dagbag.py:545} INFO - Filling up the DagBag from /home/airflow/.local/lib/python3.12/site-packages/airflow/example_dags/example_sensor_decorator.py
[2026-05-01T00:28:09.654+0000] {processor.py:840} INFO - DAG(s) 'example_sensor_decorator' retrieved from /home/airflow/.local/lib/python3.12/site-packages/airflow/example_dags/example_sensor_decorator.py
[2026-05-01T00:28:09.664+0000] {logging_mixin.py:188} INFO - [2026-05-01T00:28:09.663+0000] {dag.py:3089} INFO - Sync 1 DAGs
[2026-05-01T00:28:09.670+0000] {logging_mixin.py:188} INFO - [2026-05-01T00:28:09.670+0000] {dag.py:3947} INFO - Setting next_dagrun for example_sensor_decorator to None, run_after=None
[2026-05-01T00:28:09.678+0000] {processor.py:183} INFO - Processing /home/airflow/.local/lib/python3.12/site-packages/airflow/example_dags/example_sensor_decorator.py took 0.031 seconds
[2026-05-01T00:28:40.456+0000] {processor.py:161} INFO - Started process (PID=58303) to work on /home/airflow/.local/lib/python3.12/site-packages/airflow/example_dags/example_sensor_decorator.py
[2026-05-01T00:28:40.456+0000] {processor.py:830} INFO - Processing file /home/airflow/.local/lib/python3.12/site-packages/airflow/example_dags/example_sensor_decorator.py for tasks to queue
[2026-05-01T00:28:40.457+0000] {logging_mixin.py:188} INFO - [2026-05-01T00:28:40.457+0000] {dagbag.py:545} INFO - Filling up the DagBag from /home/airflow/.local/lib/python3.12/site-packages/airflow/example_dags/example_sensor_decorator.py
[2026-05-01T00:28:40.461+0000] {processor.py:840} INFO - DAG(s) 'example_sensor_decorator' retrieved from /home/airflow/.local/lib/python3.12/site-packages/airflow/example_dags/example_sensor_decorator.py
[2026-05-01T00:28:40.469+0000] {logging_mixin.py:188} INFO - [2026-05-01T00:28:40.469+0000] {dag.py:3089} INFO - Sync 1 DAGs
[2026-05-01T00:28:40.473+0000] {logging_mixin.py:188} INFO - [2026-05-01T00:28:40.473+0000] {dag.py:3947} INFO - Setting next_dagrun for example_sensor_decorator to None, run_after=None
[2026-05-01T00:28:40.479+0000] {processor.py:183} INFO - Processing /home/airflow/.local/lib/python3.12/site-packages/airflow/example_dags/example_sensor_decorator.py took 0.026 seconds
[2026-05-01T00:29:11.194+0000] {processor.py:161} INFO - Started process (PID=58363) to work on /home/airflow/.local/lib/python3.12/site-packages/airflow/example_dags/example_sensor_decorator.py
[2026-05-01T00:29:11.195+0000] {processor.py:830} INFO - Processing file /home/airflow/.local/lib/python3.12/site-packages/airflow/example_dags/example_sensor_decorator.py for tasks to queue
[2026-05-01T00:29:11.195+0000] {logging_mixin.py:188} INFO - [2026-05-01T00:29:11.195+0000] {dagbag.py:545} INFO - Filling up the DagBag from /home/airflow/.local/lib/python3.12/site-packages/airflow/example_dags/example_sensor_decorator.py
[2026-05-01T00:29:11.198+0000] {processor.py:840} INFO - DAG(s) 'example_sensor_decorator' retrieved from /home/airflow/.local/lib/python3.12/site-packages/airflow/example_dags/example_sensor_decorator.py
[2026-05-01T00:29:11.205+0000] {logging_mixin.py:188} INFO - [2026-05-01T00:29:11.205+0000] {dag.py:3089} INFO - Sync 1 DAGs
[2026-05-01T00:29:11.209+0000] {logging_mixin.py:188} INFO - [2026-05-01T00:29:11.209+0000] {dag.py:3947} INFO - Setting next_dagrun for example_sensor_decorator to None, run_after=None
[2026-05-01T00:29:11.214+0000] {processor.py:183} INFO - Processing /home/airflow/.local/lib/python3.12/site-packages/airflow/example_dags/example_sensor_decorator.py took 0.022 seconds
[2026-05-01T00:29:41.328+0000] {processor.py:161} INFO - Started process (PID=58423) to work on /home/airflow/.local/lib/python3.12/site-packages/airflow/example_dags/example_sensor_decorator.py
[2026-05-01T00:29:41.329+0000] {processor.py:830} INFO - Processing file /home/airflow/.local/lib/python3.12/site-packages/airflow/example_dags/example_sensor_decorator.py for tasks to queue
[2026-05-01T00:29:41.330+0000] {logging_mixin.py:188} INFO - [2026-05-01T00:29:41.329+0000] {dagbag.py:545} INFO - Filling up the DagBag from /home/airflow/.local/lib/python3.12/site-packages/airflow/example_dags/example_sensor_decorator.py
[2026-05-01T00:29:41.332+0000] {processor.py:840} INFO - DAG(s) 'example_sensor_decorator' retrieved from /home/airflow/.local/lib/python3.12/site-packages/airflow/example_dags/example_sensor_decorator.py
[2026-05-01T00:29:41.343+0000] {logging_mixin.py:188} INFO - [2026-05-01T00:29:41.343+0000] {dag.py:3089} INFO - Sync 1 DAGs
[2026-05-01T00:29:41.348+0000] {logging_mixin.py:188} INFO - [2026-05-01T00:29:41.348+0000] {dag.py:3947} INFO - Setting next_dagrun for example_sensor_decorator to None, run_after=None
[2026-05-01T00:29:41.356+0000] {processor.py:183} INFO - Processing /home/airflow/.local/lib/python3.12/site-packages/airflow/example_dags/example_sensor_decorator.py took 0.029 seconds
[2026-05-01T00:30:12.291+0000] {processor.py:161} INFO - Started process (PID=58483) to work on /home/airflow/.local/lib/python3.12/site-packages/airflow/example_dags/example_sensor_decorator.py
[2026-05-01T00:30:12.292+0000] {processor.py:830} INFO - Processing file /home/airflow/.local/lib/python3.12/site-packages/airflow/example_dags/example_sensor_decorator.py for tasks to queue
[2026-05-01T00:30:12.293+0000] {logging_mixin.py:188} INFO - [2026-05-01T00:30:12.293+0000] {dagbag.py:545} INFO - Filling up the DagBag from /home/airflow/.local/lib/python3.12/site-packages/airflow/example_dags/example_sensor_decorator.py
[2026-05-01T00:30:12.297+0000] {processor.py:840} INFO - DAG(s) 'example_sensor_decorator' retrieved from /home/airflow/.local/lib/python3.12/site-packages/airflow/example_dags/example_sensor_decorator.py
[2026-05-01T00:30:12.310+0000] {logging_mixin.py:188} INFO - [2026-05-01T00:30:12.310+0000] {dag.py:3089} INFO - Sync 1 DAGs
[2026-05-01T00:30:12.315+0000] {logging_mixin.py:188} INFO - [2026-05-01T00:30:12.315+0000] {dag.py:3947} INFO - Setting next_dagrun for example_sensor_decorator to None, run_after=None
[2026-05-01T00:30:12.324+0000] {processor.py:183} INFO - Processing /home/airflow/.local/lib/python3.12/site-packages/airflow/example_dags/example_sensor_decorator.py took 0.035 seconds
