[2026-05-01T00:00:02.638+0000] {processor.py:161} INFO - Started process (PID=54927) to work on /home/airflow/.local/lib/python3.12/site-packages/airflow/example_dags/example_short_circuit_decorator.py
[2026-05-01T00:00:02.639+0000] {processor.py:830} INFO - Processing file /home/airflow/.local/lib/python3.12/site-packages/airflow/example_dags/example_short_circuit_decorator.py for tasks to queue
[2026-05-01T00:00:02.640+0000] {logging_mixin.py:188} INFO - [2026-05-01T00:00:02.640+0000] {dagbag.py:545} INFO - Filling up the DagBag from /home/airflow/.local/lib/python3.12/site-packages/airflow/example_dags/example_short_circuit_decorator.py
[2026-05-01T00:00:02.643+0000] {processor.py:840} INFO - DAG(s) 'example_short_circuit_decorator' retrieved from /home/airflow/.local/lib/python3.12/site-packages/airflow/example_dags/example_short_circuit_decorator.py
[2026-05-01T00:00:02.651+0000] {logging_mixin.py:188} INFO - [2026-05-01T00:00:02.651+0000] {dag.py:3089} INFO - Sync 1 DAGs
[2026-05-01T00:00:02.660+0000] {logging_mixin.py:188} INFO - [2026-05-01T00:00:02.660+0000] {dag.py:3947} INFO - Setting next_dagrun for example_short_circuit_decorator to 2026-04-30 00:00:00+00:00, run_after=2026-05-01 00:00:00+00:00
[2026-05-01T00:00:02.669+0000] {processor.py:183} INFO - Processing /home/airflow/.local/lib/python3.12/site-packages/airflow/example_dags/example_short_circuit_decorator.py took 0.033 seconds
[2026-05-01T00:00:33.447+0000] {processor.py:161} INFO - Started process (PID=54987) to work on /home/airflow/.local/lib/python3.12/site-packages/airflow/example_dags/example_short_circuit_decorator.py
[2026-05-01T00:00:33.447+0000] {processor.py:830} INFO - Processing file /home/airflow/.local/lib/python3.12/site-packages/airflow/example_dags/example_short_circuit_decorator.py for tasks to queue
[2026-05-01T00:00:33.449+0000] {logging_mixin.py:188} INFO - [2026-05-01T00:00:33.449+0000] {dagbag.py:545} INFO - Filling up the DagBag from /home/airflow/.local/lib/python3.12/site-packages/airflow/example_dags/example_short_circuit_decorator.py
[2026-05-01T00:00:33.455+0000] {processor.py:840} INFO - DAG(s) 'example_short_circuit_decorator' retrieved from /home/airflow/.local/lib/python3.12/site-packages/airflow/example_dags/example_short_circuit_decorator.py
[2026-05-01T00:00:33.467+0000] {logging_mixin.py:188} INFO - [2026-05-01T00:00:33.467+0000] {dag.py:3089} INFO - Sync 1 DAGs
[2026-05-01T00:00:33.475+0000] {logging_mixin.py:188} INFO - [2026-05-01T00:00:33.475+0000] {dag.py:3947} INFO - Setting next_dagrun for example_short_circuit_decorator to 2026-04-30 00:00:00+00:00, run_after=2026-05-01 00:00:00+00:00
[2026-05-01T00:00:33.481+0000] {processor.py:183} INFO - Processing /home/airflow/.local/lib/python3.12/site-packages/airflow/example_dags/example_short_circuit_decorator.py took 0.037 seconds
[2026-05-01T00:01:04.138+0000] {processor.py:161} INFO - Started process (PID=55047) to work on /home/airflow/.local/lib/python3.12/site-packages/airflow/example_dags/example_short_circuit_decorator.py
[2026-05-01T00:01:04.139+0000] {processor.py:830} INFO - Processing file /home/airflow/.local/lib/python3.12/site-packages/airflow/example_dags/example_short_circuit_decorator.py for tasks to queue
[2026-05-01T00:01:04.140+0000] {logging_mixin.py:188} INFO - [2026-05-01T00:01:04.140+0000] {dagbag.py:545} INFO - Filling up the DagBag from /home/airflow/.local/lib/python3.12/site-packages/airflow/example_dags/example_short_circuit_decorator.py
[2026-05-01T00:01:04.144+0000] {processor.py:840} INFO - DAG(s) 'example_short_circuit_decorator' retrieved from /home/airflow/.local/lib/python3.12/site-packages/airflow/example_dags/example_short_circuit_decorator.py
[2026-05-01T00:01:04.154+0000] {logging_mixin.py:188} INFO - [2026-05-01T00:01:04.154+0000] {dag.py:3089} INFO - Sync 1 DAGs
[2026-05-01T00:01:04.162+0000] {logging_mixin.py:188} INFO - [2026-05-01T00:01:04.162+0000] {dag.py:3947} INFO - Setting next_dagrun for example_short_circuit_decorator to 2026-04-30 00:00:00+00:00, run_after=2026-05-01 00:00:00+00:00
[2026-05-01T00:01:04.170+0000] {processor.py:183} INFO - Processing /home/airflow/.local/lib/python3.12/site-packages/airflow/example_dags/example_short_circuit_decorator.py took 0.034 seconds
[2026-05-01T00:01:34.941+0000] {processor.py:161} INFO - Started process (PID=55113) to work on /home/airflow/.local/lib/python3.12/site-packages/airflow/example_dags/example_short_circuit_decorator.py
[2026-05-01T00:01:34.942+0000] {processor.py:830} INFO - Processing file /home/airflow/.local/lib/python3.12/site-packages/airflow/example_dags/example_short_circuit_decorator.py for tasks to queue
[2026-05-01T00:01:34.945+0000] {logging_mixin.py:188} INFO - [2026-05-01T00:01:34.945+0000] {dagbag.py:545} INFO - Filling up the DagBag from /home/airflow/.local/lib/python3.12/site-packages/airflow/example_dags/example_short_circuit_decorator.py
[2026-05-01T00:01:34.949+0000] {processor.py:840} INFO - DAG(s) 'example_short_circuit_decorator' retrieved from /home/airflow/.local/lib/python3.12/site-packages/airflow/example_dags/example_short_circuit_decorator.py
[2026-05-01T00:01:34.963+0000] {logging_mixin.py:188} INFO - [2026-05-01T00:01:34.963+0000] {dag.py:3089} INFO - Sync 1 DAGs
[2026-05-01T00:01:34.971+0000] {logging_mixin.py:188} INFO - [2026-05-01T00:01:34.971+0000] {dag.py:3947} INFO - Setting next_dagrun for example_short_circuit_decorator to 2026-04-30 00:00:00+00:00, run_after=2026-05-01 00:00:00+00:00
[2026-05-01T00:01:34.978+0000] {processor.py:183} INFO - Processing /home/airflow/.local/lib/python3.12/site-packages/airflow/example_dags/example_short_circuit_decorator.py took 0.040 seconds
[2026-05-01T00:02:06.150+0000] {processor.py:161} INFO - Started process (PID=55173) to work on /home/airflow/.local/lib/python3.12/site-packages/airflow/example_dags/example_short_circuit_decorator.py
[2026-05-01T00:02:06.152+0000] {processor.py:830} INFO - Processing file /home/airflow/.local/lib/python3.12/site-packages/airflow/example_dags/example_short_circuit_decorator.py for tasks to queue
[2026-05-01T00:02:06.153+0000] {logging_mixin.py:188} INFO - [2026-05-01T00:02:06.153+0000] {dagbag.py:545} INFO - Filling up the DagBag from /home/airflow/.local/lib/python3.12/site-packages/airflow/example_dags/example_short_circuit_decorator.py
[2026-05-01T00:02:06.157+0000] {processor.py:840} INFO - DAG(s) 'example_short_circuit_decorator' retrieved from /home/airflow/.local/lib/python3.12/site-packages/airflow/example_dags/example_short_circuit_decorator.py
[2026-05-01T00:02:06.169+0000] {logging_mixin.py:188} INFO - [2026-05-01T00:02:06.168+0000] {dag.py:3089} INFO - Sync 1 DAGs
[2026-05-01T00:02:06.180+0000] {logging_mixin.py:188} INFO - [2026-05-01T00:02:06.180+0000] {dag.py:3947} INFO - Setting next_dagrun for example_short_circuit_decorator to 2026-04-30 00:00:00+00:00, run_after=2026-05-01 00:00:00+00:00
[2026-05-01T00:02:06.194+0000] {processor.py:183} INFO - Processing /home/airflow/.local/lib/python3.12/site-packages/airflow/example_dags/example_short_circuit_decorator.py took 0.047 seconds
[2026-05-01T00:02:36.213+0000] {processor.py:161} INFO - Started process (PID=55233) to work on /home/airflow/.local/lib/python3.12/site-packages/airflow/example_dags/example_short_circuit_decorator.py
[2026-05-01T00:02:36.214+0000] {processor.py:830} INFO - Processing file /home/airflow/.local/lib/python3.12/site-packages/airflow/example_dags/example_short_circuit_decorator.py for tasks to queue
[2026-05-01T00:02:36.215+0000] {logging_mixin.py:188} INFO - [2026-05-01T00:02:36.215+0000] {dagbag.py:545} INFO - Filling up the DagBag from /home/airflow/.local/lib/python3.12/site-packages/airflow/example_dags/example_short_circuit_decorator.py
[2026-05-01T00:02:36.222+0000] {processor.py:840} INFO - DAG(s) 'example_short_circuit_decorator' retrieved from /home/airflow/.local/lib/python3.12/site-packages/airflow/example_dags/example_short_circuit_decorator.py
[2026-05-01T00:02:36.232+0000] {logging_mixin.py:188} INFO - [2026-05-01T00:02:36.232+0000] {dag.py:3089} INFO - Sync 1 DAGs
[2026-05-01T00:02:36.241+0000] {logging_mixin.py:188} INFO - [2026-05-01T00:02:36.241+0000] {dag.py:3947} INFO - Setting next_dagrun for example_short_circuit_decorator to 2026-04-30 00:00:00+00:00, run_after=2026-05-01 00:00:00+00:00
[2026-05-01T00:02:36.249+0000] {processor.py:183} INFO - Processing /home/airflow/.local/lib/python3.12/site-packages/airflow/example_dags/example_short_circuit_decorator.py took 0.039 seconds
[2026-05-01T00:03:06.973+0000] {processor.py:161} INFO - Started process (PID=55293) to work on /home/airflow/.local/lib/python3.12/site-packages/airflow/example_dags/example_short_circuit_decorator.py
[2026-05-01T00:03:06.974+0000] {processor.py:830} INFO - Processing file /home/airflow/.local/lib/python3.12/site-packages/airflow/example_dags/example_short_circuit_decorator.py for tasks to queue
[2026-05-01T00:03:06.975+0000] {logging_mixin.py:188} INFO - [2026-05-01T00:03:06.975+0000] {dagbag.py:545} INFO - Filling up the DagBag from /home/airflow/.local/lib/python3.12/site-packages/airflow/example_dags/example_short_circuit_decorator.py
[2026-05-01T00:03:06.978+0000] {processor.py:840} INFO - DAG(s) 'example_short_circuit_decorator' retrieved from /home/airflow/.local/lib/python3.12/site-packages/airflow/example_dags/example_short_circuit_decorator.py
[2026-05-01T00:03:06.989+0000] {logging_mixin.py:188} INFO - [2026-05-01T00:03:06.989+0000] {dag.py:3089} INFO - Sync 1 DAGs
[2026-05-01T00:03:06.999+0000] {logging_mixin.py:188} INFO - [2026-05-01T00:03:06.999+0000] {dag.py:3947} INFO - Setting next_dagrun for example_short_circuit_decorator to 2026-04-30 00:00:00+00:00, run_after=2026-05-01 00:00:00+00:00
[2026-05-01T00:03:07.008+0000] {processor.py:183} INFO - Processing /home/airflow/.local/lib/python3.12/site-packages/airflow/example_dags/example_short_circuit_decorator.py took 0.038 seconds
[2026-05-01T00:03:37.632+0000] {processor.py:161} INFO - Started process (PID=55353) to work on /home/airflow/.local/lib/python3.12/site-packages/airflow/example_dags/example_short_circuit_decorator.py
[2026-05-01T00:03:37.633+0000] {processor.py:830} INFO - Processing file /home/airflow/.local/lib/python3.12/site-packages/airflow/example_dags/example_short_circuit_decorator.py for tasks to queue
[2026-05-01T00:03:37.634+0000] {logging_mixin.py:188} INFO - [2026-05-01T00:03:37.634+0000] {dagbag.py:545} INFO - Filling up the DagBag from /home/airflow/.local/lib/python3.12/site-packages/airflow/example_dags/example_short_circuit_decorator.py
[2026-05-01T00:03:37.640+0000] {processor.py:840} INFO - DAG(s) 'example_short_circuit_decorator' retrieved from /home/airflow/.local/lib/python3.12/site-packages/airflow/example_dags/example_short_circuit_decorator.py
[2026-05-01T00:03:37.651+0000] {logging_mixin.py:188} INFO - [2026-05-01T00:03:37.651+0000] {dag.py:3089} INFO - Sync 1 DAGs
[2026-05-01T00:03:37.659+0000] {logging_mixin.py:188} INFO - [2026-05-01T00:03:37.659+0000] {dag.py:3947} INFO - Setting next_dagrun for example_short_circuit_decorator to 2026-04-30 00:00:00+00:00, run_after=2026-05-01 00:00:00+00:00
[2026-05-01T00:03:37.665+0000] {processor.py:183} INFO - Processing /home/airflow/.local/lib/python3.12/site-packages/airflow/example_dags/example_short_circuit_decorator.py took 0.035 seconds
[2026-05-01T00:04:08.374+0000] {processor.py:161} INFO - Started process (PID=55413) to work on /home/airflow/.local/lib/python3.12/site-packages/airflow/example_dags/example_short_circuit_decorator.py
[2026-05-01T00:04:08.375+0000] {processor.py:830} INFO - Processing file /home/airflow/.local/lib/python3.12/site-packages/airflow/example_dags/example_short_circuit_decorator.py for tasks to queue
[2026-05-01T00:04:08.376+0000] {logging_mixin.py:188} INFO - [2026-05-01T00:04:08.376+0000] {dagbag.py:545} INFO - Filling up the DagBag from /home/airflow/.local/lib/python3.12/site-packages/airflow/example_dags/example_short_circuit_decorator.py
[2026-05-01T00:04:08.379+0000] {processor.py:840} INFO - DAG(s) 'example_short_circuit_decorator' retrieved from /home/airflow/.local/lib/python3.12/site-packages/airflow/example_dags/example_short_circuit_decorator.py
[2026-05-01T00:04:08.387+0000] {logging_mixin.py:188} INFO - [2026-05-01T00:04:08.387+0000] {dag.py:3089} INFO - Sync 1 DAGs
[2026-05-01T00:04:08.396+0000] {logging_mixin.py:188} INFO - [2026-05-01T00:04:08.396+0000] {dag.py:3947} INFO - Setting next_dagrun for example_short_circuit_decorator to 2026-04-30 00:00:00+00:00, run_after=2026-05-01 00:00:00+00:00
[2026-05-01T00:04:08.405+0000] {processor.py:183} INFO - Processing /home/airflow/.local/lib/python3.12/site-packages/airflow/example_dags/example_short_circuit_decorator.py took 0.034 seconds
[2026-05-01T00:04:39.092+0000] {processor.py:161} INFO - Started process (PID=55473) to work on /home/airflow/.local/lib/python3.12/site-packages/airflow/example_dags/example_short_circuit_decorator.py
[2026-05-01T00:04:39.092+0000] {processor.py:830} INFO - Processing file /home/airflow/.local/lib/python3.12/site-packages/airflow/example_dags/example_short_circuit_decorator.py for tasks to queue
[2026-05-01T00:04:39.095+0000] {logging_mixin.py:188} INFO - [2026-05-01T00:04:39.095+0000] {dagbag.py:545} INFO - Filling up the DagBag from /home/airflow/.local/lib/python3.12/site-packages/airflow/example_dags/example_short_circuit_decorator.py
[2026-05-01T00:04:39.098+0000] {processor.py:840} INFO - DAG(s) 'example_short_circuit_decorator' retrieved from /home/airflow/.local/lib/python3.12/site-packages/airflow/example_dags/example_short_circuit_decorator.py
[2026-05-01T00:04:39.108+0000] {logging_mixin.py:188} INFO - [2026-05-01T00:04:39.108+0000] {dag.py:3089} INFO - Sync 1 DAGs
[2026-05-01T00:04:39.115+0000] {logging_mixin.py:188} INFO - [2026-05-01T00:04:39.115+0000] {dag.py:3947} INFO - Setting next_dagrun for example_short_circuit_decorator to 2026-04-30 00:00:00+00:00, run_after=2026-05-01 00:00:00+00:00
[2026-05-01T00:04:39.122+0000] {processor.py:183} INFO - Processing /home/airflow/.local/lib/python3.12/site-packages/airflow/example_dags/example_short_circuit_decorator.py took 0.032 seconds
[2026-05-01T00:05:09.862+0000] {processor.py:161} INFO - Started process (PID=55534) to work on /home/airflow/.local/lib/python3.12/site-packages/airflow/example_dags/example_short_circuit_decorator.py
[2026-05-01T00:05:09.863+0000] {processor.py:830} INFO - Processing file /home/airflow/.local/lib/python3.12/site-packages/airflow/example_dags/example_short_circuit_decorator.py for tasks to queue
[2026-05-01T00:05:09.864+0000] {logging_mixin.py:188} INFO - [2026-05-01T00:05:09.864+0000] {dagbag.py:545} INFO - Filling up the DagBag from /home/airflow/.local/lib/python3.12/site-packages/airflow/example_dags/example_short_circuit_decorator.py
[2026-05-01T00:05:09.869+0000] {processor.py:840} INFO - DAG(s) 'example_short_circuit_decorator' retrieved from /home/airflow/.local/lib/python3.12/site-packages/airflow/example_dags/example_short_circuit_decorator.py
[2026-05-01T00:05:09.879+0000] {logging_mixin.py:188} INFO - [2026-05-01T00:05:09.879+0000] {dag.py:3089} INFO - Sync 1 DAGs
[2026-05-01T00:05:09.886+0000] {logging_mixin.py:188} INFO - [2026-05-01T00:05:09.886+0000] {dag.py:3947} INFO - Setting next_dagrun for example_short_circuit_decorator to 2026-04-30 00:00:00+00:00, run_after=2026-05-01 00:00:00+00:00
[2026-05-01T00:05:09.892+0000] {processor.py:183} INFO - Processing /home/airflow/.local/lib/python3.12/site-packages/airflow/example_dags/example_short_circuit_decorator.py took 0.032 seconds
[2026-05-01T00:05:40.643+0000] {processor.py:161} INFO - Started process (PID=55594) to work on /home/airflow/.local/lib/python3.12/site-packages/airflow/example_dags/example_short_circuit_decorator.py
[2026-05-01T00:05:40.644+0000] {processor.py:830} INFO - Processing file /home/airflow/.local/lib/python3.12/site-packages/airflow/example_dags/example_short_circuit_decorator.py for tasks to queue
[2026-05-01T00:05:40.646+0000] {logging_mixin.py:188} INFO - [2026-05-01T00:05:40.646+0000] {dagbag.py:545} INFO - Filling up the DagBag from /home/airflow/.local/lib/python3.12/site-packages/airflow/example_dags/example_short_circuit_decorator.py
[2026-05-01T00:05:40.651+0000] {processor.py:840} INFO - DAG(s) 'example_short_circuit_decorator' retrieved from /home/airflow/.local/lib/python3.12/site-packages/airflow/example_dags/example_short_circuit_decorator.py
[2026-05-01T00:05:40.662+0000] {logging_mixin.py:188} INFO - [2026-05-01T00:05:40.662+0000] {dag.py:3089} INFO - Sync 1 DAGs
[2026-05-01T00:05:40.669+0000] {logging_mixin.py:188} INFO - [2026-05-01T00:05:40.669+0000] {dag.py:3947} INFO - Setting next_dagrun for example_short_circuit_decorator to 2026-04-30 00:00:00+00:00, run_after=2026-05-01 00:00:00+00:00
[2026-05-01T00:05:40.678+0000] {processor.py:183} INFO - Processing /home/airflow/.local/lib/python3.12/site-packages/airflow/example_dags/example_short_circuit_decorator.py took 0.037 seconds
[2026-05-01T00:06:11.441+0000] {processor.py:161} INFO - Started process (PID=55654) to work on /home/airflow/.local/lib/python3.12/site-packages/airflow/example_dags/example_short_circuit_decorator.py
[2026-05-01T00:06:11.441+0000] {processor.py:830} INFO - Processing file /home/airflow/.local/lib/python3.12/site-packages/airflow/example_dags/example_short_circuit_decorator.py for tasks to queue
[2026-05-01T00:06:11.442+0000] {logging_mixin.py:188} INFO - [2026-05-01T00:06:11.442+0000] {dagbag.py:545} INFO - Filling up the DagBag from /home/airflow/.local/lib/python3.12/site-packages/airflow/example_dags/example_short_circuit_decorator.py
[2026-05-01T00:06:11.445+0000] {processor.py:840} INFO - DAG(s) 'example_short_circuit_decorator' retrieved from /home/airflow/.local/lib/python3.12/site-packages/airflow/example_dags/example_short_circuit_decorator.py
[2026-05-01T00:06:11.458+0000] {logging_mixin.py:188} INFO - [2026-05-01T00:06:11.458+0000] {dag.py:3089} INFO - Sync 1 DAGs
[2026-05-01T00:06:11.467+0000] {logging_mixin.py:188} INFO - [2026-05-01T00:06:11.467+0000] {dag.py:3947} INFO - Setting next_dagrun for example_short_circuit_decorator to 2026-04-30 00:00:00+00:00, run_after=2026-05-01 00:00:00+00:00
[2026-05-01T00:06:11.476+0000] {processor.py:183} INFO - Processing /home/airflow/.local/lib/python3.12/site-packages/airflow/example_dags/example_short_circuit_decorator.py took 0.038 seconds
[2026-05-01T00:06:42.196+0000] {processor.py:161} INFO - Started process (PID=55714) to work on /home/airflow/.local/lib/python3.12/site-packages/airflow/example_dags/example_short_circuit_decorator.py
[2026-05-01T00:06:42.197+0000] {processor.py:830} INFO - Processing file /home/airflow/.local/lib/python3.12/site-packages/airflow/example_dags/example_short_circuit_decorator.py for tasks to queue
[2026-05-01T00:06:42.198+0000] {logging_mixin.py:188} INFO - [2026-05-01T00:06:42.198+0000] {dagbag.py:545} INFO - Filling up the DagBag from /home/airflow/.local/lib/python3.12/site-packages/airflow/example_dags/example_short_circuit_decorator.py
[2026-05-01T00:06:42.201+0000] {processor.py:840} INFO - DAG(s) 'example_short_circuit_decorator' retrieved from /home/airflow/.local/lib/python3.12/site-packages/airflow/example_dags/example_short_circuit_decorator.py
[2026-05-01T00:06:42.212+0000] {logging_mixin.py:188} INFO - [2026-05-01T00:06:42.212+0000] {dag.py:3089} INFO - Sync 1 DAGs
[2026-05-01T00:06:42.220+0000] {logging_mixin.py:188} INFO - [2026-05-01T00:06:42.220+0000] {dag.py:3947} INFO - Setting next_dagrun for example_short_circuit_decorator to 2026-04-30 00:00:00+00:00, run_after=2026-05-01 00:00:00+00:00
[2026-05-01T00:06:42.229+0000] {processor.py:183} INFO - Processing /home/airflow/.local/lib/python3.12/site-packages/airflow/example_dags/example_short_circuit_decorator.py took 0.035 seconds
[2026-05-01T00:07:13.356+0000] {processor.py:161} INFO - Started process (PID=55774) to work on /home/airflow/.local/lib/python3.12/site-packages/airflow/example_dags/example_short_circuit_decorator.py
[2026-05-01T00:07:13.357+0000] {processor.py:830} INFO - Processing file /home/airflow/.local/lib/python3.12/site-packages/airflow/example_dags/example_short_circuit_decorator.py for tasks to queue
[2026-05-01T00:07:13.357+0000] {logging_mixin.py:188} INFO - [2026-05-01T00:07:13.357+0000] {dagbag.py:545} INFO - Filling up the DagBag from /home/airflow/.local/lib/python3.12/site-packages/airflow/example_dags/example_short_circuit_decorator.py
[2026-05-01T00:07:13.361+0000] {processor.py:840} INFO - DAG(s) 'example_short_circuit_decorator' retrieved from /home/airflow/.local/lib/python3.12/site-packages/airflow/example_dags/example_short_circuit_decorator.py
[2026-05-01T00:07:13.369+0000] {logging_mixin.py:188} INFO - [2026-05-01T00:07:13.369+0000] {dag.py:3089} INFO - Sync 1 DAGs
[2026-05-01T00:07:13.377+0000] {logging_mixin.py:188} INFO - [2026-05-01T00:07:13.377+0000] {dag.py:3947} INFO - Setting next_dagrun for example_short_circuit_decorator to 2026-04-30 00:00:00+00:00, run_after=2026-05-01 00:00:00+00:00
[2026-05-01T00:07:13.383+0000] {processor.py:183} INFO - Processing /home/airflow/.local/lib/python3.12/site-packages/airflow/example_dags/example_short_circuit_decorator.py took 0.030 seconds
[2026-05-01T00:07:43.796+0000] {processor.py:161} INFO - Started process (PID=55834) to work on /home/airflow/.local/lib/python3.12/site-packages/airflow/example_dags/example_short_circuit_decorator.py
[2026-05-01T00:07:43.796+0000] {processor.py:830} INFO - Processing file /home/airflow/.local/lib/python3.12/site-packages/airflow/example_dags/example_short_circuit_decorator.py for tasks to queue
[2026-05-01T00:07:43.798+0000] {logging_mixin.py:188} INFO - [2026-05-01T00:07:43.798+0000] {dagbag.py:545} INFO - Filling up the DagBag from /home/airflow/.local/lib/python3.12/site-packages/airflow/example_dags/example_short_circuit_decorator.py
[2026-05-01T00:07:43.802+0000] {processor.py:840} INFO - DAG(s) 'example_short_circuit_decorator' retrieved from /home/airflow/.local/lib/python3.12/site-packages/airflow/example_dags/example_short_circuit_decorator.py
[2026-05-01T00:07:43.812+0000] {logging_mixin.py:188} INFO - [2026-05-01T00:07:43.812+0000] {dag.py:3089} INFO - Sync 1 DAGs
[2026-05-01T00:07:43.896+0000] {logging_mixin.py:188} INFO - [2026-05-01T00:07:43.896+0000] {dag.py:3947} INFO - Setting next_dagrun for example_short_circuit_decorator to 2026-04-30 00:00:00+00:00, run_after=2026-05-01 00:00:00+00:00
[2026-05-01T00:07:43.906+0000] {processor.py:183} INFO - Processing /home/airflow/.local/lib/python3.12/site-packages/airflow/example_dags/example_short_circuit_decorator.py took 0.113 seconds
[2026-05-01T00:08:14.062+0000] {processor.py:161} INFO - Started process (PID=55894) to work on /home/airflow/.local/lib/python3.12/site-packages/airflow/example_dags/example_short_circuit_decorator.py
[2026-05-01T00:08:14.063+0000] {processor.py:830} INFO - Processing file /home/airflow/.local/lib/python3.12/site-packages/airflow/example_dags/example_short_circuit_decorator.py for tasks to queue
[2026-05-01T00:08:14.065+0000] {logging_mixin.py:188} INFO - [2026-05-01T00:08:14.065+0000] {dagbag.py:545} INFO - Filling up the DagBag from /home/airflow/.local/lib/python3.12/site-packages/airflow/example_dags/example_short_circuit_decorator.py
[2026-05-01T00:08:14.068+0000] {processor.py:840} INFO - DAG(s) 'example_short_circuit_decorator' retrieved from /home/airflow/.local/lib/python3.12/site-packages/airflow/example_dags/example_short_circuit_decorator.py
[2026-05-01T00:08:14.076+0000] {logging_mixin.py:188} INFO - [2026-05-01T00:08:14.076+0000] {dag.py:3089} INFO - Sync 1 DAGs
[2026-05-01T00:08:14.152+0000] {logging_mixin.py:188} INFO - [2026-05-01T00:08:14.152+0000] {dag.py:3947} INFO - Setting next_dagrun for example_short_circuit_decorator to 2026-04-30 00:00:00+00:00, run_after=2026-05-01 00:00:00+00:00
[2026-05-01T00:08:14.161+0000] {processor.py:183} INFO - Processing /home/airflow/.local/lib/python3.12/site-packages/airflow/example_dags/example_short_circuit_decorator.py took 0.101 seconds
[2026-05-01T00:08:44.773+0000] {processor.py:161} INFO - Started process (PID=55955) to work on /home/airflow/.local/lib/python3.12/site-packages/airflow/example_dags/example_short_circuit_decorator.py
[2026-05-01T00:08:44.774+0000] {processor.py:830} INFO - Processing file /home/airflow/.local/lib/python3.12/site-packages/airflow/example_dags/example_short_circuit_decorator.py for tasks to queue
[2026-05-01T00:08:44.775+0000] {logging_mixin.py:188} INFO - [2026-05-01T00:08:44.775+0000] {dagbag.py:545} INFO - Filling up the DagBag from /home/airflow/.local/lib/python3.12/site-packages/airflow/example_dags/example_short_circuit_decorator.py
[2026-05-01T00:08:44.779+0000] {processor.py:840} INFO - DAG(s) 'example_short_circuit_decorator' retrieved from /home/airflow/.local/lib/python3.12/site-packages/airflow/example_dags/example_short_circuit_decorator.py
[2026-05-01T00:08:44.787+0000] {logging_mixin.py:188} INFO - [2026-05-01T00:08:44.787+0000] {dag.py:3089} INFO - Sync 1 DAGs
[2026-05-01T00:08:44.864+0000] {logging_mixin.py:188} INFO - [2026-05-01T00:08:44.864+0000] {dag.py:3947} INFO - Setting next_dagrun for example_short_circuit_decorator to 2026-04-30 00:00:00+00:00, run_after=2026-05-01 00:00:00+00:00
[2026-05-01T00:08:44.869+0000] {processor.py:183} INFO - Processing /home/airflow/.local/lib/python3.12/site-packages/airflow/example_dags/example_short_circuit_decorator.py took 0.098 seconds
[2026-05-01T00:09:15.747+0000] {processor.py:161} INFO - Started process (PID=56015) to work on /home/airflow/.local/lib/python3.12/site-packages/airflow/example_dags/example_short_circuit_decorator.py
[2026-05-01T00:09:15.748+0000] {processor.py:830} INFO - Processing file /home/airflow/.local/lib/python3.12/site-packages/airflow/example_dags/example_short_circuit_decorator.py for tasks to queue
[2026-05-01T00:09:15.749+0000] {logging_mixin.py:188} INFO - [2026-05-01T00:09:15.749+0000] {dagbag.py:545} INFO - Filling up the DagBag from /home/airflow/.local/lib/python3.12/site-packages/airflow/example_dags/example_short_circuit_decorator.py
[2026-05-01T00:09:15.752+0000] {processor.py:840} INFO - DAG(s) 'example_short_circuit_decorator' retrieved from /home/airflow/.local/lib/python3.12/site-packages/airflow/example_dags/example_short_circuit_decorator.py
[2026-05-01T00:09:15.763+0000] {logging_mixin.py:188} INFO - [2026-05-01T00:09:15.763+0000] {dag.py:3089} INFO - Sync 1 DAGs
[2026-05-01T00:09:15.773+0000] {logging_mixin.py:188} INFO - [2026-05-01T00:09:15.773+0000] {dag.py:3947} INFO - Setting next_dagrun for example_short_circuit_decorator to 2026-04-30 00:00:00+00:00, run_after=2026-05-01 00:00:00+00:00
[2026-05-01T00:09:15.781+0000] {processor.py:183} INFO - Processing /home/airflow/.local/lib/python3.12/site-packages/airflow/example_dags/example_short_circuit_decorator.py took 0.037 seconds
[2026-05-01T00:09:46.506+0000] {processor.py:161} INFO - Started process (PID=56075) to work on /home/airflow/.local/lib/python3.12/site-packages/airflow/example_dags/example_short_circuit_decorator.py
[2026-05-01T00:09:46.507+0000] {processor.py:830} INFO - Processing file /home/airflow/.local/lib/python3.12/site-packages/airflow/example_dags/example_short_circuit_decorator.py for tasks to queue
[2026-05-01T00:09:46.508+0000] {logging_mixin.py:188} INFO - [2026-05-01T00:09:46.508+0000] {dagbag.py:545} INFO - Filling up the DagBag from /home/airflow/.local/lib/python3.12/site-packages/airflow/example_dags/example_short_circuit_decorator.py
[2026-05-01T00:09:46.511+0000] {processor.py:840} INFO - DAG(s) 'example_short_circuit_decorator' retrieved from /home/airflow/.local/lib/python3.12/site-packages/airflow/example_dags/example_short_circuit_decorator.py
[2026-05-01T00:09:46.522+0000] {logging_mixin.py:188} INFO - [2026-05-01T00:09:46.522+0000] {dag.py:3089} INFO - Sync 1 DAGs
[2026-05-01T00:09:46.529+0000] {logging_mixin.py:188} INFO - [2026-05-01T00:09:46.529+0000] {dag.py:3947} INFO - Setting next_dagrun for example_short_circuit_decorator to 2026-04-30 00:00:00+00:00, run_after=2026-05-01 00:00:00+00:00
[2026-05-01T00:09:46.535+0000] {processor.py:183} INFO - Processing /home/airflow/.local/lib/python3.12/site-packages/airflow/example_dags/example_short_circuit_decorator.py took 0.032 seconds
[2026-05-01T00:10:17.205+0000] {processor.py:161} INFO - Started process (PID=56135) to work on /home/airflow/.local/lib/python3.12/site-packages/airflow/example_dags/example_short_circuit_decorator.py
[2026-05-01T00:10:17.206+0000] {processor.py:830} INFO - Processing file /home/airflow/.local/lib/python3.12/site-packages/airflow/example_dags/example_short_circuit_decorator.py for tasks to queue
[2026-05-01T00:10:17.207+0000] {logging_mixin.py:188} INFO - [2026-05-01T00:10:17.207+0000] {dagbag.py:545} INFO - Filling up the DagBag from /home/airflow/.local/lib/python3.12/site-packages/airflow/example_dags/example_short_circuit_decorator.py
[2026-05-01T00:10:17.210+0000] {processor.py:840} INFO - DAG(s) 'example_short_circuit_decorator' retrieved from /home/airflow/.local/lib/python3.12/site-packages/airflow/example_dags/example_short_circuit_decorator.py
[2026-05-01T00:10:17.221+0000] {logging_mixin.py:188} INFO - [2026-05-01T00:10:17.221+0000] {dag.py:3089} INFO - Sync 1 DAGs
[2026-05-01T00:10:17.230+0000] {logging_mixin.py:188} INFO - [2026-05-01T00:10:17.230+0000] {dag.py:3947} INFO - Setting next_dagrun for example_short_circuit_decorator to 2026-04-30 00:00:00+00:00, run_after=2026-05-01 00:00:00+00:00
[2026-05-01T00:10:17.239+0000] {processor.py:183} INFO - Processing /home/airflow/.local/lib/python3.12/site-packages/airflow/example_dags/example_short_circuit_decorator.py took 0.036 seconds
[2026-05-01T00:10:48.015+0000] {processor.py:161} INFO - Started process (PID=56195) to work on /home/airflow/.local/lib/python3.12/site-packages/airflow/example_dags/example_short_circuit_decorator.py
[2026-05-01T00:10:48.016+0000] {processor.py:830} INFO - Processing file /home/airflow/.local/lib/python3.12/site-packages/airflow/example_dags/example_short_circuit_decorator.py for tasks to queue
[2026-05-01T00:10:48.017+0000] {logging_mixin.py:188} INFO - [2026-05-01T00:10:48.017+0000] {dagbag.py:545} INFO - Filling up the DagBag from /home/airflow/.local/lib/python3.12/site-packages/airflow/example_dags/example_short_circuit_decorator.py
[2026-05-01T00:10:48.020+0000] {processor.py:840} INFO - DAG(s) 'example_short_circuit_decorator' retrieved from /home/airflow/.local/lib/python3.12/site-packages/airflow/example_dags/example_short_circuit_decorator.py
[2026-05-01T00:10:48.030+0000] {logging_mixin.py:188} INFO - [2026-05-01T00:10:48.030+0000] {dag.py:3089} INFO - Sync 1 DAGs
[2026-05-01T00:10:48.038+0000] {logging_mixin.py:188} INFO - [2026-05-01T00:10:48.038+0000] {dag.py:3947} INFO - Setting next_dagrun for example_short_circuit_decorator to 2026-04-30 00:00:00+00:00, run_after=2026-05-01 00:00:00+00:00
[2026-05-01T00:10:48.049+0000] {processor.py:183} INFO - Processing /home/airflow/.local/lib/python3.12/site-packages/airflow/example_dags/example_short_circuit_decorator.py took 0.036 seconds
[2026-05-01T00:11:18.072+0000] {processor.py:161} INFO - Started process (PID=56255) to work on /home/airflow/.local/lib/python3.12/site-packages/airflow/example_dags/example_short_circuit_decorator.py
[2026-05-01T00:11:18.072+0000] {processor.py:830} INFO - Processing file /home/airflow/.local/lib/python3.12/site-packages/airflow/example_dags/example_short_circuit_decorator.py for tasks to queue
[2026-05-01T00:11:18.073+0000] {logging_mixin.py:188} INFO - [2026-05-01T00:11:18.073+0000] {dagbag.py:545} INFO - Filling up the DagBag from /home/airflow/.local/lib/python3.12/site-packages/airflow/example_dags/example_short_circuit_decorator.py
[2026-05-01T00:11:18.077+0000] {processor.py:840} INFO - DAG(s) 'example_short_circuit_decorator' retrieved from /home/airflow/.local/lib/python3.12/site-packages/airflow/example_dags/example_short_circuit_decorator.py
[2026-05-01T00:11:18.088+0000] {logging_mixin.py:188} INFO - [2026-05-01T00:11:18.088+0000] {dag.py:3089} INFO - Sync 1 DAGs
[2026-05-01T00:11:18.098+0000] {logging_mixin.py:188} INFO - [2026-05-01T00:11:18.098+0000] {dag.py:3947} INFO - Setting next_dagrun for example_short_circuit_decorator to 2026-04-30 00:00:00+00:00, run_after=2026-05-01 00:00:00+00:00
[2026-05-01T00:11:18.106+0000] {processor.py:183} INFO - Processing /home/airflow/.local/lib/python3.12/site-packages/airflow/example_dags/example_short_circuit_decorator.py took 0.037 seconds
[2026-05-01T00:11:48.725+0000] {processor.py:161} INFO - Started process (PID=56315) to work on /home/airflow/.local/lib/python3.12/site-packages/airflow/example_dags/example_short_circuit_decorator.py
[2026-05-01T00:11:48.726+0000] {processor.py:830} INFO - Processing file /home/airflow/.local/lib/python3.12/site-packages/airflow/example_dags/example_short_circuit_decorator.py for tasks to queue
[2026-05-01T00:11:48.726+0000] {logging_mixin.py:188} INFO - [2026-05-01T00:11:48.726+0000] {dagbag.py:545} INFO - Filling up the DagBag from /home/airflow/.local/lib/python3.12/site-packages/airflow/example_dags/example_short_circuit_decorator.py
[2026-05-01T00:11:48.730+0000] {processor.py:840} INFO - DAG(s) 'example_short_circuit_decorator' retrieved from /home/airflow/.local/lib/python3.12/site-packages/airflow/example_dags/example_short_circuit_decorator.py
[2026-05-01T00:11:48.739+0000] {logging_mixin.py:188} INFO - [2026-05-01T00:11:48.739+0000] {dag.py:3089} INFO - Sync 1 DAGs
[2026-05-01T00:11:48.747+0000] {logging_mixin.py:188} INFO - [2026-05-01T00:11:48.747+0000] {dag.py:3947} INFO - Setting next_dagrun for example_short_circuit_decorator to 2026-04-30 00:00:00+00:00, run_after=2026-05-01 00:00:00+00:00
[2026-05-01T00:11:48.755+0000] {processor.py:183} INFO - Processing /home/airflow/.local/lib/python3.12/site-packages/airflow/example_dags/example_short_circuit_decorator.py took 0.033 seconds
[2026-05-01T00:12:19.402+0000] {processor.py:161} INFO - Started process (PID=56375) to work on /home/airflow/.local/lib/python3.12/site-packages/airflow/example_dags/example_short_circuit_decorator.py
[2026-05-01T00:12:19.402+0000] {processor.py:830} INFO - Processing file /home/airflow/.local/lib/python3.12/site-packages/airflow/example_dags/example_short_circuit_decorator.py for tasks to queue
[2026-05-01T00:12:19.403+0000] {logging_mixin.py:188} INFO - [2026-05-01T00:12:19.403+0000] {dagbag.py:545} INFO - Filling up the DagBag from /home/airflow/.local/lib/python3.12/site-packages/airflow/example_dags/example_short_circuit_decorator.py
[2026-05-01T00:12:19.406+0000] {processor.py:840} INFO - DAG(s) 'example_short_circuit_decorator' retrieved from /home/airflow/.local/lib/python3.12/site-packages/airflow/example_dags/example_short_circuit_decorator.py
[2026-05-01T00:12:19.413+0000] {logging_mixin.py:188} INFO - [2026-05-01T00:12:19.413+0000] {dag.py:3089} INFO - Sync 1 DAGs
[2026-05-01T00:12:19.422+0000] {logging_mixin.py:188} INFO - [2026-05-01T00:12:19.422+0000] {dag.py:3947} INFO - Setting next_dagrun for example_short_circuit_decorator to 2026-04-30 00:00:00+00:00, run_after=2026-05-01 00:00:00+00:00
[2026-05-01T00:12:19.432+0000] {processor.py:183} INFO - Processing /home/airflow/.local/lib/python3.12/site-packages/airflow/example_dags/example_short_circuit_decorator.py took 0.033 seconds
[2026-05-01T00:12:50.170+0000] {processor.py:161} INFO - Started process (PID=56435) to work on /home/airflow/.local/lib/python3.12/site-packages/airflow/example_dags/example_short_circuit_decorator.py
[2026-05-01T00:12:50.170+0000] {processor.py:830} INFO - Processing file /home/airflow/.local/lib/python3.12/site-packages/airflow/example_dags/example_short_circuit_decorator.py for tasks to queue
[2026-05-01T00:12:50.171+0000] {logging_mixin.py:188} INFO - [2026-05-01T00:12:50.171+0000] {dagbag.py:545} INFO - Filling up the DagBag from /home/airflow/.local/lib/python3.12/site-packages/airflow/example_dags/example_short_circuit_decorator.py
[2026-05-01T00:12:50.176+0000] {processor.py:840} INFO - DAG(s) 'example_short_circuit_decorator' retrieved from /home/airflow/.local/lib/python3.12/site-packages/airflow/example_dags/example_short_circuit_decorator.py
[2026-05-01T00:12:50.189+0000] {logging_mixin.py:188} INFO - [2026-05-01T00:12:50.189+0000] {dag.py:3089} INFO - Sync 1 DAGs
[2026-05-01T00:12:50.200+0000] {logging_mixin.py:188} INFO - [2026-05-01T00:12:50.200+0000] {dag.py:3947} INFO - Setting next_dagrun for example_short_circuit_decorator to 2026-04-30 00:00:00+00:00, run_after=2026-05-01 00:00:00+00:00
[2026-05-01T00:12:50.213+0000] {processor.py:183} INFO - Processing /home/airflow/.local/lib/python3.12/site-packages/airflow/example_dags/example_short_circuit_decorator.py took 0.046 seconds
[2026-05-01T00:13:20.888+0000] {processor.py:161} INFO - Started process (PID=56495) to work on /home/airflow/.local/lib/python3.12/site-packages/airflow/example_dags/example_short_circuit_decorator.py
[2026-05-01T00:13:20.889+0000] {processor.py:830} INFO - Processing file /home/airflow/.local/lib/python3.12/site-packages/airflow/example_dags/example_short_circuit_decorator.py for tasks to queue
[2026-05-01T00:13:20.891+0000] {logging_mixin.py:188} INFO - [2026-05-01T00:13:20.891+0000] {dagbag.py:545} INFO - Filling up the DagBag from /home/airflow/.local/lib/python3.12/site-packages/airflow/example_dags/example_short_circuit_decorator.py
[2026-05-01T00:13:20.895+0000] {processor.py:840} INFO - DAG(s) 'example_short_circuit_decorator' retrieved from /home/airflow/.local/lib/python3.12/site-packages/airflow/example_dags/example_short_circuit_decorator.py
[2026-05-01T00:13:20.908+0000] {logging_mixin.py:188} INFO - [2026-05-01T00:13:20.907+0000] {dag.py:3089} INFO - Sync 1 DAGs
[2026-05-01T00:13:20.915+0000] {logging_mixin.py:188} INFO - [2026-05-01T00:13:20.915+0000] {dag.py:3947} INFO - Setting next_dagrun for example_short_circuit_decorator to 2026-04-30 00:00:00+00:00, run_after=2026-05-01 00:00:00+00:00
[2026-05-01T00:13:20.924+0000] {processor.py:183} INFO - Processing /home/airflow/.local/lib/python3.12/site-packages/airflow/example_dags/example_short_circuit_decorator.py took 0.037 seconds
[2026-05-01T00:13:51.304+0000] {processor.py:161} INFO - Started process (PID=56555) to work on /home/airflow/.local/lib/python3.12/site-packages/airflow/example_dags/example_short_circuit_decorator.py
[2026-05-01T00:13:51.305+0000] {processor.py:830} INFO - Processing file /home/airflow/.local/lib/python3.12/site-packages/airflow/example_dags/example_short_circuit_decorator.py for tasks to queue
[2026-05-01T00:13:51.305+0000] {logging_mixin.py:188} INFO - [2026-05-01T00:13:51.305+0000] {dagbag.py:545} INFO - Filling up the DagBag from /home/airflow/.local/lib/python3.12/site-packages/airflow/example_dags/example_short_circuit_decorator.py
[2026-05-01T00:13:51.309+0000] {processor.py:840} INFO - DAG(s) 'example_short_circuit_decorator' retrieved from /home/airflow/.local/lib/python3.12/site-packages/airflow/example_dags/example_short_circuit_decorator.py
[2026-05-01T00:13:51.316+0000] {logging_mixin.py:188} INFO - [2026-05-01T00:13:51.316+0000] {dag.py:3089} INFO - Sync 1 DAGs
[2026-05-01T00:13:51.327+0000] {logging_mixin.py:188} INFO - [2026-05-01T00:13:51.327+0000] {dag.py:3947} INFO - Setting next_dagrun for example_short_circuit_decorator to 2026-04-30 00:00:00+00:00, run_after=2026-05-01 00:00:00+00:00
[2026-05-01T00:13:51.336+0000] {processor.py:183} INFO - Processing /home/airflow/.local/lib/python3.12/site-packages/airflow/example_dags/example_short_circuit_decorator.py took 0.034 seconds
[2026-05-01T00:14:21.959+0000] {processor.py:161} INFO - Started process (PID=56615) to work on /home/airflow/.local/lib/python3.12/site-packages/airflow/example_dags/example_short_circuit_decorator.py
[2026-05-01T00:14:21.959+0000] {processor.py:830} INFO - Processing file /home/airflow/.local/lib/python3.12/site-packages/airflow/example_dags/example_short_circuit_decorator.py for tasks to queue
[2026-05-01T00:14:21.960+0000] {logging_mixin.py:188} INFO - [2026-05-01T00:14:21.960+0000] {dagbag.py:545} INFO - Filling up the DagBag from /home/airflow/.local/lib/python3.12/site-packages/airflow/example_dags/example_short_circuit_decorator.py
[2026-05-01T00:14:21.963+0000] {processor.py:840} INFO - DAG(s) 'example_short_circuit_decorator' retrieved from /home/airflow/.local/lib/python3.12/site-packages/airflow/example_dags/example_short_circuit_decorator.py
[2026-05-01T00:14:21.970+0000] {logging_mixin.py:188} INFO - [2026-05-01T00:14:21.970+0000] {dag.py:3089} INFO - Sync 1 DAGs
[2026-05-01T00:14:21.978+0000] {logging_mixin.py:188} INFO - [2026-05-01T00:14:21.978+0000] {dag.py:3947} INFO - Setting next_dagrun for example_short_circuit_decorator to 2026-04-30 00:00:00+00:00, run_after=2026-05-01 00:00:00+00:00
[2026-05-01T00:14:21.988+0000] {processor.py:183} INFO - Processing /home/airflow/.local/lib/python3.12/site-packages/airflow/example_dags/example_short_circuit_decorator.py took 0.031 seconds
[2026-05-01T00:14:52.555+0000] {processor.py:161} INFO - Started process (PID=56675) to work on /home/airflow/.local/lib/python3.12/site-packages/airflow/example_dags/example_short_circuit_decorator.py
[2026-05-01T00:14:52.556+0000] {processor.py:830} INFO - Processing file /home/airflow/.local/lib/python3.12/site-packages/airflow/example_dags/example_short_circuit_decorator.py for tasks to queue
[2026-05-01T00:14:52.557+0000] {logging_mixin.py:188} INFO - [2026-05-01T00:14:52.557+0000] {dagbag.py:545} INFO - Filling up the DagBag from /home/airflow/.local/lib/python3.12/site-packages/airflow/example_dags/example_short_circuit_decorator.py
[2026-05-01T00:14:52.561+0000] {processor.py:840} INFO - DAG(s) 'example_short_circuit_decorator' retrieved from /home/airflow/.local/lib/python3.12/site-packages/airflow/example_dags/example_short_circuit_decorator.py
[2026-05-01T00:14:52.572+0000] {logging_mixin.py:188} INFO - [2026-05-01T00:14:52.572+0000] {dag.py:3089} INFO - Sync 1 DAGs
[2026-05-01T00:14:52.579+0000] {logging_mixin.py:188} INFO - [2026-05-01T00:14:52.579+0000] {dag.py:3947} INFO - Setting next_dagrun for example_short_circuit_decorator to 2026-04-30 00:00:00+00:00, run_after=2026-05-01 00:00:00+00:00
[2026-05-01T00:14:52.586+0000] {processor.py:183} INFO - Processing /home/airflow/.local/lib/python3.12/site-packages/airflow/example_dags/example_short_circuit_decorator.py took 0.034 seconds
[2026-05-01T00:15:23.134+0000] {processor.py:161} INFO - Started process (PID=56735) to work on /home/airflow/.local/lib/python3.12/site-packages/airflow/example_dags/example_short_circuit_decorator.py
[2026-05-01T00:15:23.136+0000] {processor.py:830} INFO - Processing file /home/airflow/.local/lib/python3.12/site-packages/airflow/example_dags/example_short_circuit_decorator.py for tasks to queue
[2026-05-01T00:15:23.137+0000] {logging_mixin.py:188} INFO - [2026-05-01T00:15:23.137+0000] {dagbag.py:545} INFO - Filling up the DagBag from /home/airflow/.local/lib/python3.12/site-packages/airflow/example_dags/example_short_circuit_decorator.py
[2026-05-01T00:15:23.141+0000] {processor.py:840} INFO - DAG(s) 'example_short_circuit_decorator' retrieved from /home/airflow/.local/lib/python3.12/site-packages/airflow/example_dags/example_short_circuit_decorator.py
[2026-05-01T00:15:23.153+0000] {logging_mixin.py:188} INFO - [2026-05-01T00:15:23.153+0000] {dag.py:3089} INFO - Sync 1 DAGs
[2026-05-01T00:15:23.161+0000] {logging_mixin.py:188} INFO - [2026-05-01T00:15:23.160+0000] {dag.py:3947} INFO - Setting next_dagrun for example_short_circuit_decorator to 2026-04-30 00:00:00+00:00, run_after=2026-05-01 00:00:00+00:00
[2026-05-01T00:15:23.167+0000] {processor.py:183} INFO - Processing /home/airflow/.local/lib/python3.12/site-packages/airflow/example_dags/example_short_circuit_decorator.py took 0.036 seconds
[2026-05-01T00:15:53.755+0000] {processor.py:161} INFO - Started process (PID=56795) to work on /home/airflow/.local/lib/python3.12/site-packages/airflow/example_dags/example_short_circuit_decorator.py
[2026-05-01T00:15:53.756+0000] {processor.py:830} INFO - Processing file /home/airflow/.local/lib/python3.12/site-packages/airflow/example_dags/example_short_circuit_decorator.py for tasks to queue
[2026-05-01T00:15:53.759+0000] {logging_mixin.py:188} INFO - [2026-05-01T00:15:53.759+0000] {dagbag.py:545} INFO - Filling up the DagBag from /home/airflow/.local/lib/python3.12/site-packages/airflow/example_dags/example_short_circuit_decorator.py
[2026-05-01T00:15:53.762+0000] {processor.py:840} INFO - DAG(s) 'example_short_circuit_decorator' retrieved from /home/airflow/.local/lib/python3.12/site-packages/airflow/example_dags/example_short_circuit_decorator.py
[2026-05-01T00:15:53.771+0000] {logging_mixin.py:188} INFO - [2026-05-01T00:15:53.771+0000] {dag.py:3089} INFO - Sync 1 DAGs
[2026-05-01T00:15:53.780+0000] {logging_mixin.py:188} INFO - [2026-05-01T00:15:53.780+0000] {dag.py:3947} INFO - Setting next_dagrun for example_short_circuit_decorator to 2026-04-30 00:00:00+00:00, run_after=2026-05-01 00:00:00+00:00
[2026-05-01T00:15:53.788+0000] {processor.py:183} INFO - Processing /home/airflow/.local/lib/python3.12/site-packages/airflow/example_dags/example_short_circuit_decorator.py took 0.035 seconds
[2026-05-01T00:16:24.364+0000] {processor.py:161} INFO - Started process (PID=56855) to work on /home/airflow/.local/lib/python3.12/site-packages/airflow/example_dags/example_short_circuit_decorator.py
[2026-05-01T00:16:24.365+0000] {processor.py:830} INFO - Processing file /home/airflow/.local/lib/python3.12/site-packages/airflow/example_dags/example_short_circuit_decorator.py for tasks to queue
[2026-05-01T00:16:24.366+0000] {logging_mixin.py:188} INFO - [2026-05-01T00:16:24.366+0000] {dagbag.py:545} INFO - Filling up the DagBag from /home/airflow/.local/lib/python3.12/site-packages/airflow/example_dags/example_short_circuit_decorator.py
[2026-05-01T00:16:24.372+0000] {processor.py:840} INFO - DAG(s) 'example_short_circuit_decorator' retrieved from /home/airflow/.local/lib/python3.12/site-packages/airflow/example_dags/example_short_circuit_decorator.py
[2026-05-01T00:16:24.386+0000] {logging_mixin.py:188} INFO - [2026-05-01T00:16:24.385+0000] {dag.py:3089} INFO - Sync 1 DAGs
[2026-05-01T00:16:24.416+0000] {logging_mixin.py:188} INFO - [2026-05-01T00:16:24.415+0000] {dag.py:3947} INFO - Setting next_dagrun for example_short_circuit_decorator to 2026-04-30 00:00:00+00:00, run_after=2026-05-01 00:00:00+00:00
[2026-05-01T00:16:24.428+0000] {processor.py:183} INFO - Processing /home/airflow/.local/lib/python3.12/site-packages/airflow/example_dags/example_short_circuit_decorator.py took 0.067 seconds
[2026-05-01T00:16:55.030+0000] {processor.py:161} INFO - Started process (PID=56915) to work on /home/airflow/.local/lib/python3.12/site-packages/airflow/example_dags/example_short_circuit_decorator.py
[2026-05-01T00:16:55.031+0000] {processor.py:830} INFO - Processing file /home/airflow/.local/lib/python3.12/site-packages/airflow/example_dags/example_short_circuit_decorator.py for tasks to queue
[2026-05-01T00:16:55.033+0000] {logging_mixin.py:188} INFO - [2026-05-01T00:16:55.032+0000] {dagbag.py:545} INFO - Filling up the DagBag from /home/airflow/.local/lib/python3.12/site-packages/airflow/example_dags/example_short_circuit_decorator.py
[2026-05-01T00:16:55.036+0000] {processor.py:840} INFO - DAG(s) 'example_short_circuit_decorator' retrieved from /home/airflow/.local/lib/python3.12/site-packages/airflow/example_dags/example_short_circuit_decorator.py
[2026-05-01T00:16:55.044+0000] {logging_mixin.py:188} INFO - [2026-05-01T00:16:55.044+0000] {dag.py:3089} INFO - Sync 1 DAGs
[2026-05-01T00:16:55.053+0000] {logging_mixin.py:188} INFO - [2026-05-01T00:16:55.053+0000] {dag.py:3947} INFO - Setting next_dagrun for example_short_circuit_decorator to 2026-04-30 00:00:00+00:00, run_after=2026-05-01 00:00:00+00:00
[2026-05-01T00:16:55.059+0000] {processor.py:183} INFO - Processing /home/airflow/.local/lib/python3.12/site-packages/airflow/example_dags/example_short_circuit_decorator.py took 0.031 seconds
[2026-05-01T00:17:25.892+0000] {processor.py:161} INFO - Started process (PID=56975) to work on /home/airflow/.local/lib/python3.12/site-packages/airflow/example_dags/example_short_circuit_decorator.py
[2026-05-01T00:17:25.893+0000] {processor.py:830} INFO - Processing file /home/airflow/.local/lib/python3.12/site-packages/airflow/example_dags/example_short_circuit_decorator.py for tasks to queue
[2026-05-01T00:17:25.894+0000] {logging_mixin.py:188} INFO - [2026-05-01T00:17:25.894+0000] {dagbag.py:545} INFO - Filling up the DagBag from /home/airflow/.local/lib/python3.12/site-packages/airflow/example_dags/example_short_circuit_decorator.py
[2026-05-01T00:17:25.903+0000] {processor.py:840} INFO - DAG(s) 'example_short_circuit_decorator' retrieved from /home/airflow/.local/lib/python3.12/site-packages/airflow/example_dags/example_short_circuit_decorator.py
[2026-05-01T00:17:25.929+0000] {logging_mixin.py:188} INFO - [2026-05-01T00:17:25.929+0000] {dag.py:3089} INFO - Sync 1 DAGs
[2026-05-01T00:17:25.989+0000] {logging_mixin.py:188} INFO - [2026-05-01T00:17:25.989+0000] {dag.py:3947} INFO - Setting next_dagrun for example_short_circuit_decorator to 2026-04-30 00:00:00+00:00, run_after=2026-05-01 00:00:00+00:00
[2026-05-01T00:17:26.029+0000] {processor.py:183} INFO - Processing /home/airflow/.local/lib/python3.12/site-packages/airflow/example_dags/example_short_circuit_decorator.py took 0.140 seconds
[2026-05-01T00:17:56.290+0000] {processor.py:161} INFO - Started process (PID=57034) to work on /home/airflow/.local/lib/python3.12/site-packages/airflow/example_dags/example_short_circuit_decorator.py
[2026-05-01T00:17:56.291+0000] {processor.py:830} INFO - Processing file /home/airflow/.local/lib/python3.12/site-packages/airflow/example_dags/example_short_circuit_decorator.py for tasks to queue
[2026-05-01T00:17:56.293+0000] {logging_mixin.py:188} INFO - [2026-05-01T00:17:56.292+0000] {dagbag.py:545} INFO - Filling up the DagBag from /home/airflow/.local/lib/python3.12/site-packages/airflow/example_dags/example_short_circuit_decorator.py
[2026-05-01T00:17:56.299+0000] {processor.py:840} INFO - DAG(s) 'example_short_circuit_decorator' retrieved from /home/airflow/.local/lib/python3.12/site-packages/airflow/example_dags/example_short_circuit_decorator.py
[2026-05-01T00:17:56.314+0000] {logging_mixin.py:188} INFO - [2026-05-01T00:17:56.313+0000] {dag.py:3089} INFO - Sync 1 DAGs
[2026-05-01T00:17:56.323+0000] {logging_mixin.py:188} INFO - [2026-05-01T00:17:56.323+0000] {dag.py:3947} INFO - Setting next_dagrun for example_short_circuit_decorator to 2026-04-30 00:00:00+00:00, run_after=2026-05-01 00:00:00+00:00
[2026-05-01T00:17:56.336+0000] {processor.py:183} INFO - Processing /home/airflow/.local/lib/python3.12/site-packages/airflow/example_dags/example_short_circuit_decorator.py took 0.049 seconds
[2026-05-01T00:18:27.020+0000] {processor.py:161} INFO - Started process (PID=57094) to work on /home/airflow/.local/lib/python3.12/site-packages/airflow/example_dags/example_short_circuit_decorator.py
[2026-05-01T00:18:27.021+0000] {processor.py:830} INFO - Processing file /home/airflow/.local/lib/python3.12/site-packages/airflow/example_dags/example_short_circuit_decorator.py for tasks to queue
[2026-05-01T00:18:27.021+0000] {logging_mixin.py:188} INFO - [2026-05-01T00:18:27.021+0000] {dagbag.py:545} INFO - Filling up the DagBag from /home/airflow/.local/lib/python3.12/site-packages/airflow/example_dags/example_short_circuit_decorator.py
[2026-05-01T00:18:27.026+0000] {processor.py:840} INFO - DAG(s) 'example_short_circuit_decorator' retrieved from /home/airflow/.local/lib/python3.12/site-packages/airflow/example_dags/example_short_circuit_decorator.py
[2026-05-01T00:18:27.038+0000] {logging_mixin.py:188} INFO - [2026-05-01T00:18:27.038+0000] {dag.py:3089} INFO - Sync 1 DAGs
[2026-05-01T00:18:27.049+0000] {logging_mixin.py:188} INFO - [2026-05-01T00:18:27.049+0000] {dag.py:3947} INFO - Setting next_dagrun for example_short_circuit_decorator to 2026-04-30 00:00:00+00:00, run_after=2026-05-01 00:00:00+00:00
[2026-05-01T00:18:27.062+0000] {processor.py:183} INFO - Processing /home/airflow/.local/lib/python3.12/site-packages/airflow/example_dags/example_short_circuit_decorator.py took 0.046 seconds
[2026-05-01T00:18:57.647+0000] {processor.py:161} INFO - Started process (PID=57154) to work on /home/airflow/.local/lib/python3.12/site-packages/airflow/example_dags/example_short_circuit_decorator.py
[2026-05-01T00:18:57.648+0000] {processor.py:830} INFO - Processing file /home/airflow/.local/lib/python3.12/site-packages/airflow/example_dags/example_short_circuit_decorator.py for tasks to queue
[2026-05-01T00:18:57.649+0000] {logging_mixin.py:188} INFO - [2026-05-01T00:18:57.649+0000] {dagbag.py:545} INFO - Filling up the DagBag from /home/airflow/.local/lib/python3.12/site-packages/airflow/example_dags/example_short_circuit_decorator.py
[2026-05-01T00:18:57.653+0000] {processor.py:840} INFO - DAG(s) 'example_short_circuit_decorator' retrieved from /home/airflow/.local/lib/python3.12/site-packages/airflow/example_dags/example_short_circuit_decorator.py
[2026-05-01T00:18:57.662+0000] {logging_mixin.py:188} INFO - [2026-05-01T00:18:57.662+0000] {dag.py:3089} INFO - Sync 1 DAGs
[2026-05-01T00:18:57.671+0000] {logging_mixin.py:188} INFO - [2026-05-01T00:18:57.671+0000] {dag.py:3947} INFO - Setting next_dagrun for example_short_circuit_decorator to 2026-04-30 00:00:00+00:00, run_after=2026-05-01 00:00:00+00:00
[2026-05-01T00:18:57.683+0000] {processor.py:183} INFO - Processing /home/airflow/.local/lib/python3.12/site-packages/airflow/example_dags/example_short_circuit_decorator.py took 0.038 seconds
[2026-05-01T00:19:28.496+0000] {processor.py:161} INFO - Started process (PID=57214) to work on /home/airflow/.local/lib/python3.12/site-packages/airflow/example_dags/example_short_circuit_decorator.py
[2026-05-01T00:19:28.498+0000] {processor.py:830} INFO - Processing file /home/airflow/.local/lib/python3.12/site-packages/airflow/example_dags/example_short_circuit_decorator.py for tasks to queue
[2026-05-01T00:19:28.499+0000] {logging_mixin.py:188} INFO - [2026-05-01T00:19:28.499+0000] {dagbag.py:545} INFO - Filling up the DagBag from /home/airflow/.local/lib/python3.12/site-packages/airflow/example_dags/example_short_circuit_decorator.py
[2026-05-01T00:19:28.511+0000] {processor.py:840} INFO - DAG(s) 'example_short_circuit_decorator' retrieved from /home/airflow/.local/lib/python3.12/site-packages/airflow/example_dags/example_short_circuit_decorator.py
[2026-05-01T00:19:28.530+0000] {logging_mixin.py:188} INFO - [2026-05-01T00:19:28.530+0000] {dag.py:3089} INFO - Sync 1 DAGs
[2026-05-01T00:19:28.545+0000] {logging_mixin.py:188} INFO - [2026-05-01T00:19:28.545+0000] {dag.py:3947} INFO - Setting next_dagrun for example_short_circuit_decorator to 2026-04-30 00:00:00+00:00, run_after=2026-05-01 00:00:00+00:00
[2026-05-01T00:19:28.560+0000] {processor.py:183} INFO - Processing /home/airflow/.local/lib/python3.12/site-packages/airflow/example_dags/example_short_circuit_decorator.py took 0.069 seconds
[2026-05-01T00:19:58.693+0000] {processor.py:161} INFO - Started process (PID=57274) to work on /home/airflow/.local/lib/python3.12/site-packages/airflow/example_dags/example_short_circuit_decorator.py
[2026-05-01T00:19:58.694+0000] {processor.py:830} INFO - Processing file /home/airflow/.local/lib/python3.12/site-packages/airflow/example_dags/example_short_circuit_decorator.py for tasks to queue
[2026-05-01T00:19:58.695+0000] {logging_mixin.py:188} INFO - [2026-05-01T00:19:58.695+0000] {dagbag.py:545} INFO - Filling up the DagBag from /home/airflow/.local/lib/python3.12/site-packages/airflow/example_dags/example_short_circuit_decorator.py
[2026-05-01T00:19:58.699+0000] {processor.py:840} INFO - DAG(s) 'example_short_circuit_decorator' retrieved from /home/airflow/.local/lib/python3.12/site-packages/airflow/example_dags/example_short_circuit_decorator.py
[2026-05-01T00:19:58.708+0000] {logging_mixin.py:188} INFO - [2026-05-01T00:19:58.708+0000] {dag.py:3089} INFO - Sync 1 DAGs
[2026-05-01T00:19:58.716+0000] {logging_mixin.py:188} INFO - [2026-05-01T00:19:58.716+0000] {dag.py:3947} INFO - Setting next_dagrun for example_short_circuit_decorator to 2026-04-30 00:00:00+00:00, run_after=2026-05-01 00:00:00+00:00
[2026-05-01T00:19:58.722+0000] {processor.py:183} INFO - Processing /home/airflow/.local/lib/python3.12/site-packages/airflow/example_dags/example_short_circuit_decorator.py took 0.032 seconds
[2026-05-01T00:20:29.583+0000] {processor.py:161} INFO - Started process (PID=57334) to work on /home/airflow/.local/lib/python3.12/site-packages/airflow/example_dags/example_short_circuit_decorator.py
[2026-05-01T00:20:29.584+0000] {processor.py:830} INFO - Processing file /home/airflow/.local/lib/python3.12/site-packages/airflow/example_dags/example_short_circuit_decorator.py for tasks to queue
[2026-05-01T00:20:29.584+0000] {logging_mixin.py:188} INFO - [2026-05-01T00:20:29.584+0000] {dagbag.py:545} INFO - Filling up the DagBag from /home/airflow/.local/lib/python3.12/site-packages/airflow/example_dags/example_short_circuit_decorator.py
[2026-05-01T00:20:29.588+0000] {processor.py:840} INFO - DAG(s) 'example_short_circuit_decorator' retrieved from /home/airflow/.local/lib/python3.12/site-packages/airflow/example_dags/example_short_circuit_decorator.py
[2026-05-01T00:20:29.599+0000] {logging_mixin.py:188} INFO - [2026-05-01T00:20:29.599+0000] {dag.py:3089} INFO - Sync 1 DAGs
[2026-05-01T00:20:29.610+0000] {logging_mixin.py:188} INFO - [2026-05-01T00:20:29.610+0000] {dag.py:3947} INFO - Setting next_dagrun for example_short_circuit_decorator to 2026-04-30 00:00:00+00:00, run_after=2026-05-01 00:00:00+00:00
[2026-05-01T00:20:29.618+0000] {processor.py:183} INFO - Processing /home/airflow/.local/lib/python3.12/site-packages/airflow/example_dags/example_short_circuit_decorator.py took 0.037 seconds
[2026-05-01T00:20:59.827+0000] {processor.py:161} INFO - Started process (PID=57394) to work on /home/airflow/.local/lib/python3.12/site-packages/airflow/example_dags/example_short_circuit_decorator.py
[2026-05-01T00:20:59.829+0000] {processor.py:830} INFO - Processing file /home/airflow/.local/lib/python3.12/site-packages/airflow/example_dags/example_short_circuit_decorator.py for tasks to queue
[2026-05-01T00:20:59.830+0000] {logging_mixin.py:188} INFO - [2026-05-01T00:20:59.829+0000] {dagbag.py:545} INFO - Filling up the DagBag from /home/airflow/.local/lib/python3.12/site-packages/airflow/example_dags/example_short_circuit_decorator.py
[2026-05-01T00:20:59.834+0000] {processor.py:840} INFO - DAG(s) 'example_short_circuit_decorator' retrieved from /home/airflow/.local/lib/python3.12/site-packages/airflow/example_dags/example_short_circuit_decorator.py
[2026-05-01T00:20:59.853+0000] {logging_mixin.py:188} INFO - [2026-05-01T00:20:59.853+0000] {dag.py:3089} INFO - Sync 1 DAGs
[2026-05-01T00:20:59.865+0000] {logging_mixin.py:188} INFO - [2026-05-01T00:20:59.865+0000] {dag.py:3947} INFO - Setting next_dagrun for example_short_circuit_decorator to 2026-04-30 00:00:00+00:00, run_after=2026-05-01 00:00:00+00:00
[2026-05-01T00:20:59.876+0000] {processor.py:183} INFO - Processing /home/airflow/.local/lib/python3.12/site-packages/airflow/example_dags/example_short_circuit_decorator.py took 0.056 seconds
[2026-05-01T00:21:30.106+0000] {processor.py:161} INFO - Started process (PID=57454) to work on /home/airflow/.local/lib/python3.12/site-packages/airflow/example_dags/example_short_circuit_decorator.py
[2026-05-01T00:21:30.107+0000] {processor.py:830} INFO - Processing file /home/airflow/.local/lib/python3.12/site-packages/airflow/example_dags/example_short_circuit_decorator.py for tasks to queue
[2026-05-01T00:21:30.108+0000] {logging_mixin.py:188} INFO - [2026-05-01T00:21:30.108+0000] {dagbag.py:545} INFO - Filling up the DagBag from /home/airflow/.local/lib/python3.12/site-packages/airflow/example_dags/example_short_circuit_decorator.py
[2026-05-01T00:21:30.115+0000] {processor.py:840} INFO - DAG(s) 'example_short_circuit_decorator' retrieved from /home/airflow/.local/lib/python3.12/site-packages/airflow/example_dags/example_short_circuit_decorator.py
[2026-05-01T00:21:30.128+0000] {logging_mixin.py:188} INFO - [2026-05-01T00:21:30.128+0000] {dag.py:3089} INFO - Sync 1 DAGs
[2026-05-01T00:21:30.138+0000] {logging_mixin.py:188} INFO - [2026-05-01T00:21:30.138+0000] {dag.py:3947} INFO - Setting next_dagrun for example_short_circuit_decorator to 2026-04-30 00:00:00+00:00, run_after=2026-05-01 00:00:00+00:00
[2026-05-01T00:21:30.151+0000] {processor.py:183} INFO - Processing /home/airflow/.local/lib/python3.12/site-packages/airflow/example_dags/example_short_circuit_decorator.py took 0.048 seconds
[2026-05-01T00:22:00.228+0000] {processor.py:161} INFO - Started process (PID=57514) to work on /home/airflow/.local/lib/python3.12/site-packages/airflow/example_dags/example_short_circuit_decorator.py
[2026-05-01T00:22:00.229+0000] {processor.py:830} INFO - Processing file /home/airflow/.local/lib/python3.12/site-packages/airflow/example_dags/example_short_circuit_decorator.py for tasks to queue
[2026-05-01T00:22:00.230+0000] {logging_mixin.py:188} INFO - [2026-05-01T00:22:00.229+0000] {dagbag.py:545} INFO - Filling up the DagBag from /home/airflow/.local/lib/python3.12/site-packages/airflow/example_dags/example_short_circuit_decorator.py
[2026-05-01T00:22:00.233+0000] {processor.py:840} INFO - DAG(s) 'example_short_circuit_decorator' retrieved from /home/airflow/.local/lib/python3.12/site-packages/airflow/example_dags/example_short_circuit_decorator.py
[2026-05-01T00:22:00.241+0000] {logging_mixin.py:188} INFO - [2026-05-01T00:22:00.241+0000] {dag.py:3089} INFO - Sync 1 DAGs
[2026-05-01T00:22:00.249+0000] {logging_mixin.py:188} INFO - [2026-05-01T00:22:00.249+0000] {dag.py:3947} INFO - Setting next_dagrun for example_short_circuit_decorator to 2026-04-30 00:00:00+00:00, run_after=2026-05-01 00:00:00+00:00
[2026-05-01T00:22:00.256+0000] {processor.py:183} INFO - Processing /home/airflow/.local/lib/python3.12/site-packages/airflow/example_dags/example_short_circuit_decorator.py took 0.030 seconds
[2026-05-01T00:22:31.069+0000] {processor.py:161} INFO - Started process (PID=57572) to work on /home/airflow/.local/lib/python3.12/site-packages/airflow/example_dags/example_short_circuit_decorator.py
[2026-05-01T00:22:31.070+0000] {processor.py:830} INFO - Processing file /home/airflow/.local/lib/python3.12/site-packages/airflow/example_dags/example_short_circuit_decorator.py for tasks to queue
[2026-05-01T00:22:31.071+0000] {logging_mixin.py:188} INFO - [2026-05-01T00:22:31.071+0000] {dagbag.py:545} INFO - Filling up the DagBag from /home/airflow/.local/lib/python3.12/site-packages/airflow/example_dags/example_short_circuit_decorator.py
[2026-05-01T00:22:31.079+0000] {processor.py:840} INFO - DAG(s) 'example_short_circuit_decorator' retrieved from /home/airflow/.local/lib/python3.12/site-packages/airflow/example_dags/example_short_circuit_decorator.py
[2026-05-01T00:22:31.089+0000] {logging_mixin.py:188} INFO - [2026-05-01T00:22:31.089+0000] {dag.py:3089} INFO - Sync 1 DAGs
[2026-05-01T00:22:31.100+0000] {logging_mixin.py:188} INFO - [2026-05-01T00:22:31.100+0000] {dag.py:3947} INFO - Setting next_dagrun for example_short_circuit_decorator to 2026-04-30 00:00:00+00:00, run_after=2026-05-01 00:00:00+00:00
[2026-05-01T00:22:31.109+0000] {processor.py:183} INFO - Processing /home/airflow/.local/lib/python3.12/site-packages/airflow/example_dags/example_short_circuit_decorator.py took 0.042 seconds
[2026-05-01T00:23:01.931+0000] {processor.py:161} INFO - Started process (PID=57632) to work on /home/airflow/.local/lib/python3.12/site-packages/airflow/example_dags/example_short_circuit_decorator.py
[2026-05-01T00:23:01.932+0000] {processor.py:830} INFO - Processing file /home/airflow/.local/lib/python3.12/site-packages/airflow/example_dags/example_short_circuit_decorator.py for tasks to queue
[2026-05-01T00:23:01.932+0000] {logging_mixin.py:188} INFO - [2026-05-01T00:23:01.932+0000] {dagbag.py:545} INFO - Filling up the DagBag from /home/airflow/.local/lib/python3.12/site-packages/airflow/example_dags/example_short_circuit_decorator.py
[2026-05-01T00:23:01.936+0000] {processor.py:840} INFO - DAG(s) 'example_short_circuit_decorator' retrieved from /home/airflow/.local/lib/python3.12/site-packages/airflow/example_dags/example_short_circuit_decorator.py
[2026-05-01T00:23:01.948+0000] {logging_mixin.py:188} INFO - [2026-05-01T00:23:01.948+0000] {dag.py:3089} INFO - Sync 1 DAGs
[2026-05-01T00:23:01.959+0000] {logging_mixin.py:188} INFO - [2026-05-01T00:23:01.959+0000] {dag.py:3947} INFO - Setting next_dagrun for example_short_circuit_decorator to 2026-04-30 00:00:00+00:00, run_after=2026-05-01 00:00:00+00:00
[2026-05-01T00:23:01.969+0000] {processor.py:183} INFO - Processing /home/airflow/.local/lib/python3.12/site-packages/airflow/example_dags/example_short_circuit_decorator.py took 0.040 seconds
[2026-05-01T00:23:32.374+0000] {processor.py:161} INFO - Started process (PID=57692) to work on /home/airflow/.local/lib/python3.12/site-packages/airflow/example_dags/example_short_circuit_decorator.py
[2026-05-01T00:23:32.375+0000] {processor.py:830} INFO - Processing file /home/airflow/.local/lib/python3.12/site-packages/airflow/example_dags/example_short_circuit_decorator.py for tasks to queue
[2026-05-01T00:23:32.376+0000] {logging_mixin.py:188} INFO - [2026-05-01T00:23:32.376+0000] {dagbag.py:545} INFO - Filling up the DagBag from /home/airflow/.local/lib/python3.12/site-packages/airflow/example_dags/example_short_circuit_decorator.py
[2026-05-01T00:23:32.379+0000] {processor.py:840} INFO - DAG(s) 'example_short_circuit_decorator' retrieved from /home/airflow/.local/lib/python3.12/site-packages/airflow/example_dags/example_short_circuit_decorator.py
[2026-05-01T00:23:32.393+0000] {logging_mixin.py:188} INFO - [2026-05-01T00:23:32.393+0000] {dag.py:3089} INFO - Sync 1 DAGs
[2026-05-01T00:23:32.402+0000] {logging_mixin.py:188} INFO - [2026-05-01T00:23:32.402+0000] {dag.py:3947} INFO - Setting next_dagrun for example_short_circuit_decorator to 2026-04-30 00:00:00+00:00, run_after=2026-05-01 00:00:00+00:00
[2026-05-01T00:23:32.410+0000] {processor.py:183} INFO - Processing /home/airflow/.local/lib/python3.12/site-packages/airflow/example_dags/example_short_circuit_decorator.py took 0.039 seconds
[2026-05-01T00:24:03.187+0000] {processor.py:161} INFO - Started process (PID=57752) to work on /home/airflow/.local/lib/python3.12/site-packages/airflow/example_dags/example_short_circuit_decorator.py
[2026-05-01T00:24:03.188+0000] {processor.py:830} INFO - Processing file /home/airflow/.local/lib/python3.12/site-packages/airflow/example_dags/example_short_circuit_decorator.py for tasks to queue
[2026-05-01T00:24:03.189+0000] {logging_mixin.py:188} INFO - [2026-05-01T00:24:03.189+0000] {dagbag.py:545} INFO - Filling up the DagBag from /home/airflow/.local/lib/python3.12/site-packages/airflow/example_dags/example_short_circuit_decorator.py
[2026-05-01T00:24:03.193+0000] {processor.py:840} INFO - DAG(s) 'example_short_circuit_decorator' retrieved from /home/airflow/.local/lib/python3.12/site-packages/airflow/example_dags/example_short_circuit_decorator.py
[2026-05-01T00:24:03.203+0000] {logging_mixin.py:188} INFO - [2026-05-01T00:24:03.203+0000] {dag.py:3089} INFO - Sync 1 DAGs
[2026-05-01T00:24:03.211+0000] {logging_mixin.py:188} INFO - [2026-05-01T00:24:03.211+0000] {dag.py:3947} INFO - Setting next_dagrun for example_short_circuit_decorator to 2026-04-30 00:00:00+00:00, run_after=2026-05-01 00:00:00+00:00
[2026-05-01T00:24:03.223+0000] {processor.py:183} INFO - Processing /home/airflow/.local/lib/python3.12/site-packages/airflow/example_dags/example_short_circuit_decorator.py took 0.038 seconds
[2026-05-01T00:24:33.829+0000] {processor.py:161} INFO - Started process (PID=57812) to work on /home/airflow/.local/lib/python3.12/site-packages/airflow/example_dags/example_short_circuit_decorator.py
[2026-05-01T00:24:33.830+0000] {processor.py:830} INFO - Processing file /home/airflow/.local/lib/python3.12/site-packages/airflow/example_dags/example_short_circuit_decorator.py for tasks to queue
[2026-05-01T00:24:33.832+0000] {logging_mixin.py:188} INFO - [2026-05-01T00:24:33.832+0000] {dagbag.py:545} INFO - Filling up the DagBag from /home/airflow/.local/lib/python3.12/site-packages/airflow/example_dags/example_short_circuit_decorator.py
[2026-05-01T00:24:33.836+0000] {processor.py:840} INFO - DAG(s) 'example_short_circuit_decorator' retrieved from /home/airflow/.local/lib/python3.12/site-packages/airflow/example_dags/example_short_circuit_decorator.py
[2026-05-01T00:24:33.847+0000] {logging_mixin.py:188} INFO - [2026-05-01T00:24:33.847+0000] {dag.py:3089} INFO - Sync 1 DAGs
[2026-05-01T00:24:33.855+0000] {logging_mixin.py:188} INFO - [2026-05-01T00:24:33.855+0000] {dag.py:3947} INFO - Setting next_dagrun for example_short_circuit_decorator to 2026-04-30 00:00:00+00:00, run_after=2026-05-01 00:00:00+00:00
[2026-05-01T00:24:33.861+0000] {processor.py:183} INFO - Processing /home/airflow/.local/lib/python3.12/site-packages/airflow/example_dags/example_short_circuit_decorator.py took 0.035 seconds
[2026-05-01T00:25:04.635+0000] {processor.py:161} INFO - Started process (PID=57872) to work on /home/airflow/.local/lib/python3.12/site-packages/airflow/example_dags/example_short_circuit_decorator.py
[2026-05-01T00:25:04.638+0000] {processor.py:830} INFO - Processing file /home/airflow/.local/lib/python3.12/site-packages/airflow/example_dags/example_short_circuit_decorator.py for tasks to queue
[2026-05-01T00:25:04.638+0000] {logging_mixin.py:188} INFO - [2026-05-01T00:25:04.638+0000] {dagbag.py:545} INFO - Filling up the DagBag from /home/airflow/.local/lib/python3.12/site-packages/airflow/example_dags/example_short_circuit_decorator.py
[2026-05-01T00:25:04.642+0000] {processor.py:840} INFO - DAG(s) 'example_short_circuit_decorator' retrieved from /home/airflow/.local/lib/python3.12/site-packages/airflow/example_dags/example_short_circuit_decorator.py
[2026-05-01T00:25:04.653+0000] {logging_mixin.py:188} INFO - [2026-05-01T00:25:04.653+0000] {dag.py:3089} INFO - Sync 1 DAGs
[2026-05-01T00:25:04.661+0000] {logging_mixin.py:188} INFO - [2026-05-01T00:25:04.661+0000] {dag.py:3947} INFO - Setting next_dagrun for example_short_circuit_decorator to 2026-04-30 00:00:00+00:00, run_after=2026-05-01 00:00:00+00:00
[2026-05-01T00:25:04.670+0000] {processor.py:183} INFO - Processing /home/airflow/.local/lib/python3.12/site-packages/airflow/example_dags/example_short_circuit_decorator.py took 0.038 seconds
[2026-05-01T00:25:35.425+0000] {processor.py:161} INFO - Started process (PID=57932) to work on /home/airflow/.local/lib/python3.12/site-packages/airflow/example_dags/example_short_circuit_decorator.py
[2026-05-01T00:25:35.425+0000] {processor.py:830} INFO - Processing file /home/airflow/.local/lib/python3.12/site-packages/airflow/example_dags/example_short_circuit_decorator.py for tasks to queue
[2026-05-01T00:25:35.426+0000] {logging_mixin.py:188} INFO - [2026-05-01T00:25:35.426+0000] {dagbag.py:545} INFO - Filling up the DagBag from /home/airflow/.local/lib/python3.12/site-packages/airflow/example_dags/example_short_circuit_decorator.py
[2026-05-01T00:25:35.430+0000] {processor.py:840} INFO - DAG(s) 'example_short_circuit_decorator' retrieved from /home/airflow/.local/lib/python3.12/site-packages/airflow/example_dags/example_short_circuit_decorator.py
[2026-05-01T00:25:35.441+0000] {logging_mixin.py:188} INFO - [2026-05-01T00:25:35.441+0000] {dag.py:3089} INFO - Sync 1 DAGs
[2026-05-01T00:25:35.451+0000] {logging_mixin.py:188} INFO - [2026-05-01T00:25:35.451+0000] {dag.py:3947} INFO - Setting next_dagrun for example_short_circuit_decorator to 2026-04-30 00:00:00+00:00, run_after=2026-05-01 00:00:00+00:00
[2026-05-01T00:25:35.459+0000] {processor.py:183} INFO - Processing /home/airflow/.local/lib/python3.12/site-packages/airflow/example_dags/example_short_circuit_decorator.py took 0.037 seconds
[2026-05-01T00:26:06.262+0000] {processor.py:161} INFO - Started process (PID=57992) to work on /home/airflow/.local/lib/python3.12/site-packages/airflow/example_dags/example_short_circuit_decorator.py
[2026-05-01T00:26:06.263+0000] {processor.py:830} INFO - Processing file /home/airflow/.local/lib/python3.12/site-packages/airflow/example_dags/example_short_circuit_decorator.py for tasks to queue
[2026-05-01T00:26:06.268+0000] {logging_mixin.py:188} INFO - [2026-05-01T00:26:06.268+0000] {dagbag.py:545} INFO - Filling up the DagBag from /home/airflow/.local/lib/python3.12/site-packages/airflow/example_dags/example_short_circuit_decorator.py
[2026-05-01T00:26:06.278+0000] {processor.py:840} INFO - DAG(s) 'example_short_circuit_decorator' retrieved from /home/airflow/.local/lib/python3.12/site-packages/airflow/example_dags/example_short_circuit_decorator.py
[2026-05-01T00:26:06.296+0000] {logging_mixin.py:188} INFO - [2026-05-01T00:26:06.296+0000] {dag.py:3089} INFO - Sync 1 DAGs
[2026-05-01T00:26:06.319+0000] {logging_mixin.py:188} INFO - [2026-05-01T00:26:06.319+0000] {dag.py:3947} INFO - Setting next_dagrun for example_short_circuit_decorator to 2026-04-30 00:00:00+00:00, run_after=2026-05-01 00:00:00+00:00
[2026-05-01T00:26:06.329+0000] {processor.py:183} INFO - Processing /home/airflow/.local/lib/python3.12/site-packages/airflow/example_dags/example_short_circuit_decorator.py took 0.080 seconds
[2026-05-01T00:26:37.145+0000] {processor.py:161} INFO - Started process (PID=58052) to work on /home/airflow/.local/lib/python3.12/site-packages/airflow/example_dags/example_short_circuit_decorator.py
[2026-05-01T00:26:37.146+0000] {processor.py:830} INFO - Processing file /home/airflow/.local/lib/python3.12/site-packages/airflow/example_dags/example_short_circuit_decorator.py for tasks to queue
[2026-05-01T00:26:37.147+0000] {logging_mixin.py:188} INFO - [2026-05-01T00:26:37.147+0000] {dagbag.py:545} INFO - Filling up the DagBag from /home/airflow/.local/lib/python3.12/site-packages/airflow/example_dags/example_short_circuit_decorator.py
[2026-05-01T00:26:37.152+0000] {processor.py:840} INFO - DAG(s) 'example_short_circuit_decorator' retrieved from /home/airflow/.local/lib/python3.12/site-packages/airflow/example_dags/example_short_circuit_decorator.py
[2026-05-01T00:26:37.162+0000] {logging_mixin.py:188} INFO - [2026-05-01T00:26:37.162+0000] {dag.py:3089} INFO - Sync 1 DAGs
[2026-05-01T00:26:37.171+0000] {logging_mixin.py:188} INFO - [2026-05-01T00:26:37.171+0000] {dag.py:3947} INFO - Setting next_dagrun for example_short_circuit_decorator to 2026-04-30 00:00:00+00:00, run_after=2026-05-01 00:00:00+00:00
[2026-05-01T00:26:37.179+0000] {processor.py:183} INFO - Processing /home/airflow/.local/lib/python3.12/site-packages/airflow/example_dags/example_short_circuit_decorator.py took 0.037 seconds
[2026-05-01T00:27:07.971+0000] {processor.py:161} INFO - Started process (PID=58112) to work on /home/airflow/.local/lib/python3.12/site-packages/airflow/example_dags/example_short_circuit_decorator.py
[2026-05-01T00:27:07.972+0000] {processor.py:830} INFO - Processing file /home/airflow/.local/lib/python3.12/site-packages/airflow/example_dags/example_short_circuit_decorator.py for tasks to queue
[2026-05-01T00:27:07.972+0000] {logging_mixin.py:188} INFO - [2026-05-01T00:27:07.972+0000] {dagbag.py:545} INFO - Filling up the DagBag from /home/airflow/.local/lib/python3.12/site-packages/airflow/example_dags/example_short_circuit_decorator.py
[2026-05-01T00:27:07.976+0000] {processor.py:840} INFO - DAG(s) 'example_short_circuit_decorator' retrieved from /home/airflow/.local/lib/python3.12/site-packages/airflow/example_dags/example_short_circuit_decorator.py
[2026-05-01T00:27:07.986+0000] {logging_mixin.py:188} INFO - [2026-05-01T00:27:07.986+0000] {dag.py:3089} INFO - Sync 1 DAGs
[2026-05-01T00:27:07.995+0000] {logging_mixin.py:188} INFO - [2026-05-01T00:27:07.995+0000] {dag.py:3947} INFO - Setting next_dagrun for example_short_circuit_decorator to 2026-04-30 00:00:00+00:00, run_after=2026-05-01 00:00:00+00:00
[2026-05-01T00:27:08.005+0000] {processor.py:183} INFO - Processing /home/airflow/.local/lib/python3.12/site-packages/airflow/example_dags/example_short_circuit_decorator.py took 0.038 seconds
[2026-05-01T00:27:38.716+0000] {processor.py:161} INFO - Started process (PID=58172) to work on /home/airflow/.local/lib/python3.12/site-packages/airflow/example_dags/example_short_circuit_decorator.py
[2026-05-01T00:27:38.717+0000] {processor.py:830} INFO - Processing file /home/airflow/.local/lib/python3.12/site-packages/airflow/example_dags/example_short_circuit_decorator.py for tasks to queue
[2026-05-01T00:27:38.718+0000] {logging_mixin.py:188} INFO - [2026-05-01T00:27:38.718+0000] {dagbag.py:545} INFO - Filling up the DagBag from /home/airflow/.local/lib/python3.12/site-packages/airflow/example_dags/example_short_circuit_decorator.py
[2026-05-01T00:27:38.721+0000] {processor.py:840} INFO - DAG(s) 'example_short_circuit_decorator' retrieved from /home/airflow/.local/lib/python3.12/site-packages/airflow/example_dags/example_short_circuit_decorator.py
[2026-05-01T00:27:38.730+0000] {logging_mixin.py:188} INFO - [2026-05-01T00:27:38.730+0000] {dag.py:3089} INFO - Sync 1 DAGs
[2026-05-01T00:27:38.738+0000] {logging_mixin.py:188} INFO - [2026-05-01T00:27:38.738+0000] {dag.py:3947} INFO - Setting next_dagrun for example_short_circuit_decorator to 2026-04-30 00:00:00+00:00, run_after=2026-05-01 00:00:00+00:00
[2026-05-01T00:27:38.747+0000] {processor.py:183} INFO - Processing /home/airflow/.local/lib/python3.12/site-packages/airflow/example_dags/example_short_circuit_decorator.py took 0.033 seconds
[2026-05-01T00:28:09.532+0000] {processor.py:161} INFO - Started process (PID=58237) to work on /home/airflow/.local/lib/python3.12/site-packages/airflow/example_dags/example_short_circuit_decorator.py
[2026-05-01T00:28:09.533+0000] {processor.py:830} INFO - Processing file /home/airflow/.local/lib/python3.12/site-packages/airflow/example_dags/example_short_circuit_decorator.py for tasks to queue
[2026-05-01T00:28:09.533+0000] {logging_mixin.py:188} INFO - [2026-05-01T00:28:09.533+0000] {dagbag.py:545} INFO - Filling up the DagBag from /home/airflow/.local/lib/python3.12/site-packages/airflow/example_dags/example_short_circuit_decorator.py
[2026-05-01T00:28:09.538+0000] {processor.py:840} INFO - DAG(s) 'example_short_circuit_decorator' retrieved from /home/airflow/.local/lib/python3.12/site-packages/airflow/example_dags/example_short_circuit_decorator.py
[2026-05-01T00:28:09.548+0000] {logging_mixin.py:188} INFO - [2026-05-01T00:28:09.548+0000] {dag.py:3089} INFO - Sync 1 DAGs
[2026-05-01T00:28:09.559+0000] {logging_mixin.py:188} INFO - [2026-05-01T00:28:09.559+0000] {dag.py:3947} INFO - Setting next_dagrun for example_short_circuit_decorator to 2026-04-30 00:00:00+00:00, run_after=2026-05-01 00:00:00+00:00
[2026-05-01T00:28:09.567+0000] {processor.py:183} INFO - Processing /home/airflow/.local/lib/python3.12/site-packages/airflow/example_dags/example_short_circuit_decorator.py took 0.038 seconds
[2026-05-01T00:28:40.281+0000] {processor.py:161} INFO - Started process (PID=58297) to work on /home/airflow/.local/lib/python3.12/site-packages/airflow/example_dags/example_short_circuit_decorator.py
[2026-05-01T00:28:40.284+0000] {processor.py:830} INFO - Processing file /home/airflow/.local/lib/python3.12/site-packages/airflow/example_dags/example_short_circuit_decorator.py for tasks to queue
[2026-05-01T00:28:40.284+0000] {logging_mixin.py:188} INFO - [2026-05-01T00:28:40.284+0000] {dagbag.py:545} INFO - Filling up the DagBag from /home/airflow/.local/lib/python3.12/site-packages/airflow/example_dags/example_short_circuit_decorator.py
[2026-05-01T00:28:40.288+0000] {processor.py:840} INFO - DAG(s) 'example_short_circuit_decorator' retrieved from /home/airflow/.local/lib/python3.12/site-packages/airflow/example_dags/example_short_circuit_decorator.py
[2026-05-01T00:28:40.301+0000] {logging_mixin.py:188} INFO - [2026-05-01T00:28:40.300+0000] {dag.py:3089} INFO - Sync 1 DAGs
[2026-05-01T00:28:40.309+0000] {logging_mixin.py:188} INFO - [2026-05-01T00:28:40.309+0000] {dag.py:3947} INFO - Setting next_dagrun for example_short_circuit_decorator to 2026-04-30 00:00:00+00:00, run_after=2026-05-01 00:00:00+00:00
[2026-05-01T00:28:40.319+0000] {processor.py:183} INFO - Processing /home/airflow/.local/lib/python3.12/site-packages/airflow/example_dags/example_short_circuit_decorator.py took 0.041 seconds
[2026-05-01T00:29:11.034+0000] {processor.py:161} INFO - Started process (PID=58357) to work on /home/airflow/.local/lib/python3.12/site-packages/airflow/example_dags/example_short_circuit_decorator.py
[2026-05-01T00:29:11.035+0000] {processor.py:830} INFO - Processing file /home/airflow/.local/lib/python3.12/site-packages/airflow/example_dags/example_short_circuit_decorator.py for tasks to queue
[2026-05-01T00:29:11.036+0000] {logging_mixin.py:188} INFO - [2026-05-01T00:29:11.036+0000] {dagbag.py:545} INFO - Filling up the DagBag from /home/airflow/.local/lib/python3.12/site-packages/airflow/example_dags/example_short_circuit_decorator.py
[2026-05-01T00:29:11.040+0000] {processor.py:840} INFO - DAG(s) 'example_short_circuit_decorator' retrieved from /home/airflow/.local/lib/python3.12/site-packages/airflow/example_dags/example_short_circuit_decorator.py
[2026-05-01T00:29:11.050+0000] {logging_mixin.py:188} INFO - [2026-05-01T00:29:11.050+0000] {dag.py:3089} INFO - Sync 1 DAGs
[2026-05-01T00:29:11.059+0000] {logging_mixin.py:188} INFO - [2026-05-01T00:29:11.059+0000] {dag.py:3947} INFO - Setting next_dagrun for example_short_circuit_decorator to 2026-04-30 00:00:00+00:00, run_after=2026-05-01 00:00:00+00:00
[2026-05-01T00:29:11.067+0000] {processor.py:183} INFO - Processing /home/airflow/.local/lib/python3.12/site-packages/airflow/example_dags/example_short_circuit_decorator.py took 0.035 seconds
[2026-05-01T00:29:41.187+0000] {processor.py:161} INFO - Started process (PID=58417) to work on /home/airflow/.local/lib/python3.12/site-packages/airflow/example_dags/example_short_circuit_decorator.py
[2026-05-01T00:29:41.188+0000] {processor.py:830} INFO - Processing file /home/airflow/.local/lib/python3.12/site-packages/airflow/example_dags/example_short_circuit_decorator.py for tasks to queue
[2026-05-01T00:29:41.191+0000] {logging_mixin.py:188} INFO - [2026-05-01T00:29:41.191+0000] {dagbag.py:545} INFO - Filling up the DagBag from /home/airflow/.local/lib/python3.12/site-packages/airflow/example_dags/example_short_circuit_decorator.py
[2026-05-01T00:29:41.194+0000] {processor.py:840} INFO - DAG(s) 'example_short_circuit_decorator' retrieved from /home/airflow/.local/lib/python3.12/site-packages/airflow/example_dags/example_short_circuit_decorator.py
[2026-05-01T00:29:41.206+0000] {logging_mixin.py:188} INFO - [2026-05-01T00:29:41.206+0000] {dag.py:3089} INFO - Sync 1 DAGs
[2026-05-01T00:29:41.216+0000] {logging_mixin.py:188} INFO - [2026-05-01T00:29:41.216+0000] {dag.py:3947} INFO - Setting next_dagrun for example_short_circuit_decorator to 2026-04-30 00:00:00+00:00, run_after=2026-05-01 00:00:00+00:00
[2026-05-01T00:29:41.225+0000] {processor.py:183} INFO - Processing /home/airflow/.local/lib/python3.12/site-packages/airflow/example_dags/example_short_circuit_decorator.py took 0.040 seconds
[2026-05-01T00:30:12.167+0000] {processor.py:161} INFO - Started process (PID=58477) to work on /home/airflow/.local/lib/python3.12/site-packages/airflow/example_dags/example_short_circuit_decorator.py
[2026-05-01T00:30:12.168+0000] {processor.py:830} INFO - Processing file /home/airflow/.local/lib/python3.12/site-packages/airflow/example_dags/example_short_circuit_decorator.py for tasks to queue
[2026-05-01T00:30:12.169+0000] {logging_mixin.py:188} INFO - [2026-05-01T00:30:12.168+0000] {dagbag.py:545} INFO - Filling up the DagBag from /home/airflow/.local/lib/python3.12/site-packages/airflow/example_dags/example_short_circuit_decorator.py
[2026-05-01T00:30:12.173+0000] {processor.py:840} INFO - DAG(s) 'example_short_circuit_decorator' retrieved from /home/airflow/.local/lib/python3.12/site-packages/airflow/example_dags/example_short_circuit_decorator.py
[2026-05-01T00:30:12.185+0000] {logging_mixin.py:188} INFO - [2026-05-01T00:30:12.185+0000] {dag.py:3089} INFO - Sync 1 DAGs
[2026-05-01T00:30:12.195+0000] {logging_mixin.py:188} INFO - [2026-05-01T00:30:12.194+0000] {dag.py:3947} INFO - Setting next_dagrun for example_short_circuit_decorator to 2026-04-30 00:00:00+00:00, run_after=2026-05-01 00:00:00+00:00
[2026-05-01T00:30:12.203+0000] {processor.py:183} INFO - Processing /home/airflow/.local/lib/python3.12/site-packages/airflow/example_dags/example_short_circuit_decorator.py took 0.040 seconds
