[2026-05-01T00:00:05.133+0000] {processor.py:161} INFO - Started process (PID=54953) to work on /home/airflow/.local/lib/python3.12/site-packages/airflow/example_dags/example_latest_only.py
[2026-05-01T00:00:05.134+0000] {processor.py:830} INFO - Processing file /home/airflow/.local/lib/python3.12/site-packages/airflow/example_dags/example_latest_only.py for tasks to queue
[2026-05-01T00:00:05.135+0000] {logging_mixin.py:188} INFO - [2026-05-01T00:00:05.135+0000] {dagbag.py:545} INFO - Filling up the DagBag from /home/airflow/.local/lib/python3.12/site-packages/airflow/example_dags/example_latest_only.py
[2026-05-01T00:00:05.137+0000] {processor.py:840} INFO - DAG(s) 'latest_only' retrieved from /home/airflow/.local/lib/python3.12/site-packages/airflow/example_dags/example_latest_only.py
[2026-05-01T00:00:05.145+0000] {logging_mixin.py:188} INFO - [2026-05-01T00:00:05.145+0000] {dag.py:3089} INFO - Sync 1 DAGs
[2026-05-01T00:00:05.151+0000] {logging_mixin.py:188} INFO - [2026-05-01T00:00:05.151+0000] {dag.py:3947} INFO - Setting next_dagrun for latest_only to 2026-04-30 20:00:00+00:00, run_after=2026-05-01 00:00:00+00:00
[2026-05-01T00:00:05.156+0000] {processor.py:183} INFO - Processing /home/airflow/.local/lib/python3.12/site-packages/airflow/example_dags/example_latest_only.py took 0.025 seconds
[2026-05-01T00:00:35.959+0000] {processor.py:161} INFO - Started process (PID=55013) to work on /home/airflow/.local/lib/python3.12/site-packages/airflow/example_dags/example_latest_only.py
[2026-05-01T00:00:35.960+0000] {processor.py:830} INFO - Processing file /home/airflow/.local/lib/python3.12/site-packages/airflow/example_dags/example_latest_only.py for tasks to queue
[2026-05-01T00:00:35.960+0000] {logging_mixin.py:188} INFO - [2026-05-01T00:00:35.960+0000] {dagbag.py:545} INFO - Filling up the DagBag from /home/airflow/.local/lib/python3.12/site-packages/airflow/example_dags/example_latest_only.py
[2026-05-01T00:00:35.962+0000] {processor.py:840} INFO - DAG(s) 'latest_only' retrieved from /home/airflow/.local/lib/python3.12/site-packages/airflow/example_dags/example_latest_only.py
[2026-05-01T00:00:35.969+0000] {logging_mixin.py:188} INFO - [2026-05-01T00:00:35.969+0000] {dag.py:3089} INFO - Sync 1 DAGs
[2026-05-01T00:00:35.975+0000] {logging_mixin.py:188} INFO - [2026-05-01T00:00:35.975+0000] {dag.py:3947} INFO - Setting next_dagrun for latest_only to 2026-04-30 20:00:00+00:00, run_after=2026-05-01 00:00:00+00:00
[2026-05-01T00:00:35.980+0000] {processor.py:183} INFO - Processing /home/airflow/.local/lib/python3.12/site-packages/airflow/example_dags/example_latest_only.py took 0.023 seconds
[2026-05-01T00:01:06.650+0000] {processor.py:161} INFO - Started process (PID=55073) to work on /home/airflow/.local/lib/python3.12/site-packages/airflow/example_dags/example_latest_only.py
[2026-05-01T00:01:06.650+0000] {processor.py:830} INFO - Processing file /home/airflow/.local/lib/python3.12/site-packages/airflow/example_dags/example_latest_only.py for tasks to queue
[2026-05-01T00:01:06.652+0000] {logging_mixin.py:188} INFO - [2026-05-01T00:01:06.652+0000] {dagbag.py:545} INFO - Filling up the DagBag from /home/airflow/.local/lib/python3.12/site-packages/airflow/example_dags/example_latest_only.py
[2026-05-01T00:01:06.654+0000] {processor.py:840} INFO - DAG(s) 'latest_only' retrieved from /home/airflow/.local/lib/python3.12/site-packages/airflow/example_dags/example_latest_only.py
[2026-05-01T00:01:06.666+0000] {logging_mixin.py:188} INFO - [2026-05-01T00:01:06.666+0000] {dag.py:3089} INFO - Sync 1 DAGs
[2026-05-01T00:01:06.675+0000] {logging_mixin.py:188} INFO - [2026-05-01T00:01:06.674+0000] {dag.py:3947} INFO - Setting next_dagrun for latest_only to 2026-04-30 20:00:00+00:00, run_after=2026-05-01 00:00:00+00:00
[2026-05-01T00:01:06.681+0000] {processor.py:183} INFO - Processing /home/airflow/.local/lib/python3.12/site-packages/airflow/example_dags/example_latest_only.py took 0.034 seconds
[2026-05-01T00:01:37.460+0000] {processor.py:161} INFO - Started process (PID=55133) to work on /home/airflow/.local/lib/python3.12/site-packages/airflow/example_dags/example_latest_only.py
[2026-05-01T00:01:37.460+0000] {processor.py:830} INFO - Processing file /home/airflow/.local/lib/python3.12/site-packages/airflow/example_dags/example_latest_only.py for tasks to queue
[2026-05-01T00:01:37.461+0000] {logging_mixin.py:188} INFO - [2026-05-01T00:01:37.461+0000] {dagbag.py:545} INFO - Filling up the DagBag from /home/airflow/.local/lib/python3.12/site-packages/airflow/example_dags/example_latest_only.py
[2026-05-01T00:01:37.463+0000] {processor.py:840} INFO - DAG(s) 'latest_only' retrieved from /home/airflow/.local/lib/python3.12/site-packages/airflow/example_dags/example_latest_only.py
[2026-05-01T00:01:37.470+0000] {logging_mixin.py:188} INFO - [2026-05-01T00:01:37.470+0000] {dag.py:3089} INFO - Sync 1 DAGs
[2026-05-01T00:01:37.479+0000] {logging_mixin.py:188} INFO - [2026-05-01T00:01:37.479+0000] {dag.py:3947} INFO - Setting next_dagrun for latest_only to 2026-04-30 20:00:00+00:00, run_after=2026-05-01 00:00:00+00:00
[2026-05-01T00:01:37.483+0000] {processor.py:183} INFO - Processing /home/airflow/.local/lib/python3.12/site-packages/airflow/example_dags/example_latest_only.py took 0.026 seconds
[2026-05-01T00:02:08.056+0000] {processor.py:161} INFO - Started process (PID=55193) to work on /home/airflow/.local/lib/python3.12/site-packages/airflow/example_dags/example_latest_only.py
[2026-05-01T00:02:08.059+0000] {processor.py:830} INFO - Processing file /home/airflow/.local/lib/python3.12/site-packages/airflow/example_dags/example_latest_only.py for tasks to queue
[2026-05-01T00:02:08.060+0000] {logging_mixin.py:188} INFO - [2026-05-01T00:02:08.060+0000] {dagbag.py:545} INFO - Filling up the DagBag from /home/airflow/.local/lib/python3.12/site-packages/airflow/example_dags/example_latest_only.py
[2026-05-01T00:02:08.063+0000] {processor.py:840} INFO - DAG(s) 'latest_only' retrieved from /home/airflow/.local/lib/python3.12/site-packages/airflow/example_dags/example_latest_only.py
[2026-05-01T00:02:08.075+0000] {logging_mixin.py:188} INFO - [2026-05-01T00:02:08.074+0000] {dag.py:3089} INFO - Sync 1 DAGs
[2026-05-01T00:02:08.085+0000] {logging_mixin.py:188} INFO - [2026-05-01T00:02:08.085+0000] {dag.py:3947} INFO - Setting next_dagrun for latest_only to 2026-04-30 20:00:00+00:00, run_after=2026-05-01 00:00:00+00:00
[2026-05-01T00:02:08.095+0000] {processor.py:183} INFO - Processing /home/airflow/.local/lib/python3.12/site-packages/airflow/example_dags/example_latest_only.py took 0.041 seconds
[2026-05-01T00:02:38.699+0000] {processor.py:161} INFO - Started process (PID=55253) to work on /home/airflow/.local/lib/python3.12/site-packages/airflow/example_dags/example_latest_only.py
[2026-05-01T00:02:38.700+0000] {processor.py:830} INFO - Processing file /home/airflow/.local/lib/python3.12/site-packages/airflow/example_dags/example_latest_only.py for tasks to queue
[2026-05-01T00:02:38.701+0000] {logging_mixin.py:188} INFO - [2026-05-01T00:02:38.700+0000] {dagbag.py:545} INFO - Filling up the DagBag from /home/airflow/.local/lib/python3.12/site-packages/airflow/example_dags/example_latest_only.py
[2026-05-01T00:02:38.702+0000] {processor.py:840} INFO - DAG(s) 'latest_only' retrieved from /home/airflow/.local/lib/python3.12/site-packages/airflow/example_dags/example_latest_only.py
[2026-05-01T00:02:38.712+0000] {logging_mixin.py:188} INFO - [2026-05-01T00:02:38.712+0000] {dag.py:3089} INFO - Sync 1 DAGs
[2026-05-01T00:02:38.720+0000] {logging_mixin.py:188} INFO - [2026-05-01T00:02:38.720+0000] {dag.py:3947} INFO - Setting next_dagrun for latest_only to 2026-04-30 20:00:00+00:00, run_after=2026-05-01 00:00:00+00:00
[2026-05-01T00:02:38.730+0000] {processor.py:183} INFO - Processing /home/airflow/.local/lib/python3.12/site-packages/airflow/example_dags/example_latest_only.py took 0.032 seconds
[2026-05-01T00:03:09.493+0000] {processor.py:161} INFO - Started process (PID=55313) to work on /home/airflow/.local/lib/python3.12/site-packages/airflow/example_dags/example_latest_only.py
[2026-05-01T00:03:09.494+0000] {processor.py:830} INFO - Processing file /home/airflow/.local/lib/python3.12/site-packages/airflow/example_dags/example_latest_only.py for tasks to queue
[2026-05-01T00:03:09.494+0000] {logging_mixin.py:188} INFO - [2026-05-01T00:03:09.494+0000] {dagbag.py:545} INFO - Filling up the DagBag from /home/airflow/.local/lib/python3.12/site-packages/airflow/example_dags/example_latest_only.py
[2026-05-01T00:03:09.496+0000] {processor.py:840} INFO - DAG(s) 'latest_only' retrieved from /home/airflow/.local/lib/python3.12/site-packages/airflow/example_dags/example_latest_only.py
[2026-05-01T00:03:09.503+0000] {logging_mixin.py:188} INFO - [2026-05-01T00:03:09.503+0000] {dag.py:3089} INFO - Sync 1 DAGs
[2026-05-01T00:03:09.509+0000] {logging_mixin.py:188} INFO - [2026-05-01T00:03:09.509+0000] {dag.py:3947} INFO - Setting next_dagrun for latest_only to 2026-04-30 20:00:00+00:00, run_after=2026-05-01 00:00:00+00:00
[2026-05-01T00:03:09.514+0000] {processor.py:183} INFO - Processing /home/airflow/.local/lib/python3.12/site-packages/airflow/example_dags/example_latest_only.py took 0.023 seconds
[2026-05-01T00:03:40.115+0000] {processor.py:161} INFO - Started process (PID=55373) to work on /home/airflow/.local/lib/python3.12/site-packages/airflow/example_dags/example_latest_only.py
[2026-05-01T00:03:40.117+0000] {processor.py:830} INFO - Processing file /home/airflow/.local/lib/python3.12/site-packages/airflow/example_dags/example_latest_only.py for tasks to queue
[2026-05-01T00:03:40.118+0000] {logging_mixin.py:188} INFO - [2026-05-01T00:03:40.117+0000] {dagbag.py:545} INFO - Filling up the DagBag from /home/airflow/.local/lib/python3.12/site-packages/airflow/example_dags/example_latest_only.py
[2026-05-01T00:03:40.119+0000] {processor.py:840} INFO - DAG(s) 'latest_only' retrieved from /home/airflow/.local/lib/python3.12/site-packages/airflow/example_dags/example_latest_only.py
[2026-05-01T00:03:40.130+0000] {logging_mixin.py:188} INFO - [2026-05-01T00:03:40.130+0000] {dag.py:3089} INFO - Sync 1 DAGs
[2026-05-01T00:03:40.138+0000] {logging_mixin.py:188} INFO - [2026-05-01T00:03:40.138+0000] {dag.py:3947} INFO - Setting next_dagrun for latest_only to 2026-04-30 20:00:00+00:00, run_after=2026-05-01 00:00:00+00:00
[2026-05-01T00:03:40.147+0000] {processor.py:183} INFO - Processing /home/airflow/.local/lib/python3.12/site-packages/airflow/example_dags/example_latest_only.py took 0.034 seconds
[2026-05-01T00:04:10.833+0000] {processor.py:161} INFO - Started process (PID=55433) to work on /home/airflow/.local/lib/python3.12/site-packages/airflow/example_dags/example_latest_only.py
[2026-05-01T00:04:10.834+0000] {processor.py:830} INFO - Processing file /home/airflow/.local/lib/python3.12/site-packages/airflow/example_dags/example_latest_only.py for tasks to queue
[2026-05-01T00:04:10.835+0000] {logging_mixin.py:188} INFO - [2026-05-01T00:04:10.835+0000] {dagbag.py:545} INFO - Filling up the DagBag from /home/airflow/.local/lib/python3.12/site-packages/airflow/example_dags/example_latest_only.py
[2026-05-01T00:04:10.837+0000] {processor.py:840} INFO - DAG(s) 'latest_only' retrieved from /home/airflow/.local/lib/python3.12/site-packages/airflow/example_dags/example_latest_only.py
[2026-05-01T00:04:10.845+0000] {logging_mixin.py:188} INFO - [2026-05-01T00:04:10.845+0000] {dag.py:3089} INFO - Sync 1 DAGs
[2026-05-01T00:04:10.853+0000] {logging_mixin.py:188} INFO - [2026-05-01T00:04:10.853+0000] {dag.py:3947} INFO - Setting next_dagrun for latest_only to 2026-04-30 20:00:00+00:00, run_after=2026-05-01 00:00:00+00:00
[2026-05-01T00:04:10.862+0000] {processor.py:183} INFO - Processing /home/airflow/.local/lib/python3.12/site-packages/airflow/example_dags/example_latest_only.py took 0.031 seconds
[2026-05-01T00:04:41.608+0000] {processor.py:161} INFO - Started process (PID=55493) to work on /home/airflow/.local/lib/python3.12/site-packages/airflow/example_dags/example_latest_only.py
[2026-05-01T00:04:41.609+0000] {processor.py:830} INFO - Processing file /home/airflow/.local/lib/python3.12/site-packages/airflow/example_dags/example_latest_only.py for tasks to queue
[2026-05-01T00:04:41.609+0000] {logging_mixin.py:188} INFO - [2026-05-01T00:04:41.609+0000] {dagbag.py:545} INFO - Filling up the DagBag from /home/airflow/.local/lib/python3.12/site-packages/airflow/example_dags/example_latest_only.py
[2026-05-01T00:04:41.611+0000] {processor.py:840} INFO - DAG(s) 'latest_only' retrieved from /home/airflow/.local/lib/python3.12/site-packages/airflow/example_dags/example_latest_only.py
[2026-05-01T00:04:41.618+0000] {logging_mixin.py:188} INFO - [2026-05-01T00:04:41.618+0000] {dag.py:3089} INFO - Sync 1 DAGs
[2026-05-01T00:04:41.624+0000] {logging_mixin.py:188} INFO - [2026-05-01T00:04:41.624+0000] {dag.py:3947} INFO - Setting next_dagrun for latest_only to 2026-04-30 20:00:00+00:00, run_after=2026-05-01 00:00:00+00:00
[2026-05-01T00:04:41.629+0000] {processor.py:183} INFO - Processing /home/airflow/.local/lib/python3.12/site-packages/airflow/example_dags/example_latest_only.py took 0.023 seconds
[2026-05-01T00:05:12.380+0000] {processor.py:161} INFO - Started process (PID=55554) to work on /home/airflow/.local/lib/python3.12/site-packages/airflow/example_dags/example_latest_only.py
[2026-05-01T00:05:12.382+0000] {processor.py:830} INFO - Processing file /home/airflow/.local/lib/python3.12/site-packages/airflow/example_dags/example_latest_only.py for tasks to queue
[2026-05-01T00:05:12.383+0000] {logging_mixin.py:188} INFO - [2026-05-01T00:05:12.383+0000] {dagbag.py:545} INFO - Filling up the DagBag from /home/airflow/.local/lib/python3.12/site-packages/airflow/example_dags/example_latest_only.py
[2026-05-01T00:05:12.386+0000] {processor.py:840} INFO - DAG(s) 'latest_only' retrieved from /home/airflow/.local/lib/python3.12/site-packages/airflow/example_dags/example_latest_only.py
[2026-05-01T00:05:12.396+0000] {logging_mixin.py:188} INFO - [2026-05-01T00:05:12.396+0000] {dag.py:3089} INFO - Sync 1 DAGs
[2026-05-01T00:05:12.405+0000] {logging_mixin.py:188} INFO - [2026-05-01T00:05:12.405+0000] {dag.py:3947} INFO - Setting next_dagrun for latest_only to 2026-04-30 20:00:00+00:00, run_after=2026-05-01 00:00:00+00:00
[2026-05-01T00:05:12.413+0000] {processor.py:183} INFO - Processing /home/airflow/.local/lib/python3.12/site-packages/airflow/example_dags/example_latest_only.py took 0.035 seconds
[2026-05-01T00:05:43.130+0000] {processor.py:161} INFO - Started process (PID=55614) to work on /home/airflow/.local/lib/python3.12/site-packages/airflow/example_dags/example_latest_only.py
[2026-05-01T00:05:43.130+0000] {processor.py:830} INFO - Processing file /home/airflow/.local/lib/python3.12/site-packages/airflow/example_dags/example_latest_only.py for tasks to queue
[2026-05-01T00:05:43.131+0000] {logging_mixin.py:188} INFO - [2026-05-01T00:05:43.131+0000] {dagbag.py:545} INFO - Filling up the DagBag from /home/airflow/.local/lib/python3.12/site-packages/airflow/example_dags/example_latest_only.py
[2026-05-01T00:05:43.133+0000] {processor.py:840} INFO - DAG(s) 'latest_only' retrieved from /home/airflow/.local/lib/python3.12/site-packages/airflow/example_dags/example_latest_only.py
[2026-05-01T00:05:43.139+0000] {logging_mixin.py:188} INFO - [2026-05-01T00:05:43.139+0000] {dag.py:3089} INFO - Sync 1 DAGs
[2026-05-01T00:05:43.145+0000] {logging_mixin.py:188} INFO - [2026-05-01T00:05:43.145+0000] {dag.py:3947} INFO - Setting next_dagrun for latest_only to 2026-04-30 20:00:00+00:00, run_after=2026-05-01 00:00:00+00:00
[2026-05-01T00:05:43.150+0000] {processor.py:183} INFO - Processing /home/airflow/.local/lib/python3.12/site-packages/airflow/example_dags/example_latest_only.py took 0.023 seconds
[2026-05-01T00:06:13.911+0000] {processor.py:161} INFO - Started process (PID=55674) to work on /home/airflow/.local/lib/python3.12/site-packages/airflow/example_dags/example_latest_only.py
[2026-05-01T00:06:13.911+0000] {processor.py:830} INFO - Processing file /home/airflow/.local/lib/python3.12/site-packages/airflow/example_dags/example_latest_only.py for tasks to queue
[2026-05-01T00:06:13.912+0000] {logging_mixin.py:188} INFO - [2026-05-01T00:06:13.912+0000] {dagbag.py:545} INFO - Filling up the DagBag from /home/airflow/.local/lib/python3.12/site-packages/airflow/example_dags/example_latest_only.py
[2026-05-01T00:06:13.914+0000] {processor.py:840} INFO - DAG(s) 'latest_only' retrieved from /home/airflow/.local/lib/python3.12/site-packages/airflow/example_dags/example_latest_only.py
[2026-05-01T00:06:13.924+0000] {logging_mixin.py:188} INFO - [2026-05-01T00:06:13.924+0000] {dag.py:3089} INFO - Sync 1 DAGs
[2026-05-01T00:06:13.931+0000] {logging_mixin.py:188} INFO - [2026-05-01T00:06:13.931+0000] {dag.py:3947} INFO - Setting next_dagrun for latest_only to 2026-04-30 20:00:00+00:00, run_after=2026-05-01 00:00:00+00:00
[2026-05-01T00:06:13.940+0000] {processor.py:183} INFO - Processing /home/airflow/.local/lib/python3.12/site-packages/airflow/example_dags/example_latest_only.py took 0.031 seconds
[2026-05-01T00:06:44.709+0000] {processor.py:161} INFO - Started process (PID=55734) to work on /home/airflow/.local/lib/python3.12/site-packages/airflow/example_dags/example_latest_only.py
[2026-05-01T00:06:44.709+0000] {processor.py:830} INFO - Processing file /home/airflow/.local/lib/python3.12/site-packages/airflow/example_dags/example_latest_only.py for tasks to queue
[2026-05-01T00:06:44.710+0000] {logging_mixin.py:188} INFO - [2026-05-01T00:06:44.710+0000] {dagbag.py:545} INFO - Filling up the DagBag from /home/airflow/.local/lib/python3.12/site-packages/airflow/example_dags/example_latest_only.py
[2026-05-01T00:06:44.712+0000] {processor.py:840} INFO - DAG(s) 'latest_only' retrieved from /home/airflow/.local/lib/python3.12/site-packages/airflow/example_dags/example_latest_only.py
[2026-05-01T00:06:44.718+0000] {logging_mixin.py:188} INFO - [2026-05-01T00:06:44.718+0000] {dag.py:3089} INFO - Sync 1 DAGs
[2026-05-01T00:06:44.725+0000] {logging_mixin.py:188} INFO - [2026-05-01T00:06:44.725+0000] {dag.py:3947} INFO - Setting next_dagrun for latest_only to 2026-04-30 20:00:00+00:00, run_after=2026-05-01 00:00:00+00:00
[2026-05-01T00:06:44.730+0000] {processor.py:183} INFO - Processing /home/airflow/.local/lib/python3.12/site-packages/airflow/example_dags/example_latest_only.py took 0.023 seconds
[2026-05-01T00:07:14.806+0000] {processor.py:161} INFO - Started process (PID=55794) to work on /home/airflow/.local/lib/python3.12/site-packages/airflow/example_dags/example_latest_only.py
[2026-05-01T00:07:14.806+0000] {processor.py:830} INFO - Processing file /home/airflow/.local/lib/python3.12/site-packages/airflow/example_dags/example_latest_only.py for tasks to queue
[2026-05-01T00:07:14.809+0000] {logging_mixin.py:188} INFO - [2026-05-01T00:07:14.808+0000] {dagbag.py:545} INFO - Filling up the DagBag from /home/airflow/.local/lib/python3.12/site-packages/airflow/example_dags/example_latest_only.py
[2026-05-01T00:07:14.811+0000] {processor.py:840} INFO - DAG(s) 'latest_only' retrieved from /home/airflow/.local/lib/python3.12/site-packages/airflow/example_dags/example_latest_only.py
[2026-05-01T00:07:14.820+0000] {logging_mixin.py:188} INFO - [2026-05-01T00:07:14.820+0000] {dag.py:3089} INFO - Sync 1 DAGs
[2026-05-01T00:07:14.828+0000] {logging_mixin.py:188} INFO - [2026-05-01T00:07:14.828+0000] {dag.py:3947} INFO - Setting next_dagrun for latest_only to 2026-04-30 20:00:00+00:00, run_after=2026-05-01 00:00:00+00:00
[2026-05-01T00:07:14.833+0000] {processor.py:183} INFO - Processing /home/airflow/.local/lib/python3.12/site-packages/airflow/example_dags/example_latest_only.py took 0.030 seconds
[2026-05-01T00:07:45.497+0000] {processor.py:161} INFO - Started process (PID=55854) to work on /home/airflow/.local/lib/python3.12/site-packages/airflow/example_dags/example_latest_only.py
[2026-05-01T00:07:45.498+0000] {processor.py:830} INFO - Processing file /home/airflow/.local/lib/python3.12/site-packages/airflow/example_dags/example_latest_only.py for tasks to queue
[2026-05-01T00:07:45.501+0000] {logging_mixin.py:188} INFO - [2026-05-01T00:07:45.500+0000] {dagbag.py:545} INFO - Filling up the DagBag from /home/airflow/.local/lib/python3.12/site-packages/airflow/example_dags/example_latest_only.py
[2026-05-01T00:07:45.504+0000] {processor.py:840} INFO - DAG(s) 'latest_only' retrieved from /home/airflow/.local/lib/python3.12/site-packages/airflow/example_dags/example_latest_only.py
[2026-05-01T00:07:45.514+0000] {logging_mixin.py:188} INFO - [2026-05-01T00:07:45.514+0000] {dag.py:3089} INFO - Sync 1 DAGs
[2026-05-01T00:07:45.522+0000] {logging_mixin.py:188} INFO - [2026-05-01T00:07:45.522+0000] {dag.py:3947} INFO - Setting next_dagrun for latest_only to 2026-04-30 20:00:00+00:00, run_after=2026-05-01 00:00:00+00:00
[2026-05-01T00:07:45.527+0000] {processor.py:183} INFO - Processing /home/airflow/.local/lib/python3.12/site-packages/airflow/example_dags/example_latest_only.py took 0.033 seconds
[2026-05-01T00:08:16.230+0000] {processor.py:161} INFO - Started process (PID=55914) to work on /home/airflow/.local/lib/python3.12/site-packages/airflow/example_dags/example_latest_only.py
[2026-05-01T00:08:16.230+0000] {processor.py:830} INFO - Processing file /home/airflow/.local/lib/python3.12/site-packages/airflow/example_dags/example_latest_only.py for tasks to queue
[2026-05-01T00:08:16.231+0000] {logging_mixin.py:188} INFO - [2026-05-01T00:08:16.231+0000] {dagbag.py:545} INFO - Filling up the DagBag from /home/airflow/.local/lib/python3.12/site-packages/airflow/example_dags/example_latest_only.py
[2026-05-01T00:08:16.232+0000] {processor.py:840} INFO - DAG(s) 'latest_only' retrieved from /home/airflow/.local/lib/python3.12/site-packages/airflow/example_dags/example_latest_only.py
[2026-05-01T00:08:16.239+0000] {logging_mixin.py:188} INFO - [2026-05-01T00:08:16.239+0000] {dag.py:3089} INFO - Sync 1 DAGs
[2026-05-01T00:08:16.245+0000] {logging_mixin.py:188} INFO - [2026-05-01T00:08:16.245+0000] {dag.py:3947} INFO - Setting next_dagrun for latest_only to 2026-04-30 20:00:00+00:00, run_after=2026-05-01 00:00:00+00:00
[2026-05-01T00:08:16.250+0000] {processor.py:183} INFO - Processing /home/airflow/.local/lib/python3.12/site-packages/airflow/example_dags/example_latest_only.py took 0.023 seconds
[2026-05-01T00:08:47.146+0000] {processor.py:161} INFO - Started process (PID=55975) to work on /home/airflow/.local/lib/python3.12/site-packages/airflow/example_dags/example_latest_only.py
[2026-05-01T00:08:47.147+0000] {processor.py:830} INFO - Processing file /home/airflow/.local/lib/python3.12/site-packages/airflow/example_dags/example_latest_only.py for tasks to queue
[2026-05-01T00:08:47.147+0000] {logging_mixin.py:188} INFO - [2026-05-01T00:08:47.147+0000] {dagbag.py:545} INFO - Filling up the DagBag from /home/airflow/.local/lib/python3.12/site-packages/airflow/example_dags/example_latest_only.py
[2026-05-01T00:08:47.149+0000] {processor.py:840} INFO - DAG(s) 'latest_only' retrieved from /home/airflow/.local/lib/python3.12/site-packages/airflow/example_dags/example_latest_only.py
[2026-05-01T00:08:47.215+0000] {logging_mixin.py:188} INFO - [2026-05-01T00:08:47.215+0000] {dag.py:3089} INFO - Sync 1 DAGs
[2026-05-01T00:08:47.221+0000] {logging_mixin.py:188} INFO - [2026-05-01T00:08:47.221+0000] {dag.py:3947} INFO - Setting next_dagrun for latest_only to 2026-04-30 20:00:00+00:00, run_after=2026-05-01 00:00:00+00:00
[2026-05-01T00:08:47.226+0000] {processor.py:183} INFO - Processing /home/airflow/.local/lib/python3.12/site-packages/airflow/example_dags/example_latest_only.py took 0.082 seconds
[2026-05-01T00:09:17.239+0000] {processor.py:161} INFO - Started process (PID=56035) to work on /home/airflow/.local/lib/python3.12/site-packages/airflow/example_dags/example_latest_only.py
[2026-05-01T00:09:17.240+0000] {processor.py:830} INFO - Processing file /home/airflow/.local/lib/python3.12/site-packages/airflow/example_dags/example_latest_only.py for tasks to queue
[2026-05-01T00:09:17.240+0000] {logging_mixin.py:188} INFO - [2026-05-01T00:09:17.240+0000] {dagbag.py:545} INFO - Filling up the DagBag from /home/airflow/.local/lib/python3.12/site-packages/airflow/example_dags/example_latest_only.py
[2026-05-01T00:09:17.242+0000] {processor.py:840} INFO - DAG(s) 'latest_only' retrieved from /home/airflow/.local/lib/python3.12/site-packages/airflow/example_dags/example_latest_only.py
[2026-05-01T00:09:17.249+0000] {logging_mixin.py:188} INFO - [2026-05-01T00:09:17.249+0000] {dag.py:3089} INFO - Sync 1 DAGs
[2026-05-01T00:09:17.255+0000] {logging_mixin.py:188} INFO - [2026-05-01T00:09:17.255+0000] {dag.py:3947} INFO - Setting next_dagrun for latest_only to 2026-04-30 20:00:00+00:00, run_after=2026-05-01 00:00:00+00:00
[2026-05-01T00:09:17.260+0000] {processor.py:183} INFO - Processing /home/airflow/.local/lib/python3.12/site-packages/airflow/example_dags/example_latest_only.py took 0.022 seconds
[2026-05-01T00:09:47.994+0000] {processor.py:161} INFO - Started process (PID=56095) to work on /home/airflow/.local/lib/python3.12/site-packages/airflow/example_dags/example_latest_only.py
[2026-05-01T00:09:47.994+0000] {processor.py:830} INFO - Processing file /home/airflow/.local/lib/python3.12/site-packages/airflow/example_dags/example_latest_only.py for tasks to queue
[2026-05-01T00:09:47.995+0000] {logging_mixin.py:188} INFO - [2026-05-01T00:09:47.995+0000] {dagbag.py:545} INFO - Filling up the DagBag from /home/airflow/.local/lib/python3.12/site-packages/airflow/example_dags/example_latest_only.py
[2026-05-01T00:09:47.997+0000] {processor.py:840} INFO - DAG(s) 'latest_only' retrieved from /home/airflow/.local/lib/python3.12/site-packages/airflow/example_dags/example_latest_only.py
[2026-05-01T00:09:48.004+0000] {logging_mixin.py:188} INFO - [2026-05-01T00:09:48.004+0000] {dag.py:3089} INFO - Sync 1 DAGs
[2026-05-01T00:09:48.010+0000] {logging_mixin.py:188} INFO - [2026-05-01T00:09:48.010+0000] {dag.py:3947} INFO - Setting next_dagrun for latest_only to 2026-04-30 20:00:00+00:00, run_after=2026-05-01 00:00:00+00:00
[2026-05-01T00:09:48.015+0000] {processor.py:183} INFO - Processing /home/airflow/.local/lib/python3.12/site-packages/airflow/example_dags/example_latest_only.py took 0.024 seconds
[2026-05-01T00:10:18.682+0000] {processor.py:161} INFO - Started process (PID=56155) to work on /home/airflow/.local/lib/python3.12/site-packages/airflow/example_dags/example_latest_only.py
[2026-05-01T00:10:18.683+0000] {processor.py:830} INFO - Processing file /home/airflow/.local/lib/python3.12/site-packages/airflow/example_dags/example_latest_only.py for tasks to queue
[2026-05-01T00:10:18.684+0000] {logging_mixin.py:188} INFO - [2026-05-01T00:10:18.684+0000] {dagbag.py:545} INFO - Filling up the DagBag from /home/airflow/.local/lib/python3.12/site-packages/airflow/example_dags/example_latest_only.py
[2026-05-01T00:10:18.687+0000] {processor.py:840} INFO - DAG(s) 'latest_only' retrieved from /home/airflow/.local/lib/python3.12/site-packages/airflow/example_dags/example_latest_only.py
[2026-05-01T00:10:18.700+0000] {logging_mixin.py:188} INFO - [2026-05-01T00:10:18.700+0000] {dag.py:3089} INFO - Sync 1 DAGs
[2026-05-01T00:10:18.709+0000] {logging_mixin.py:188} INFO - [2026-05-01T00:10:18.709+0000] {dag.py:3947} INFO - Setting next_dagrun for latest_only to 2026-04-30 20:00:00+00:00, run_after=2026-05-01 00:00:00+00:00
[2026-05-01T00:10:18.715+0000] {processor.py:183} INFO - Processing /home/airflow/.local/lib/python3.12/site-packages/airflow/example_dags/example_latest_only.py took 0.035 seconds
[2026-05-01T00:10:49.494+0000] {processor.py:161} INFO - Started process (PID=56215) to work on /home/airflow/.local/lib/python3.12/site-packages/airflow/example_dags/example_latest_only.py
[2026-05-01T00:10:49.495+0000] {processor.py:830} INFO - Processing file /home/airflow/.local/lib/python3.12/site-packages/airflow/example_dags/example_latest_only.py for tasks to queue
[2026-05-01T00:10:49.497+0000] {logging_mixin.py:188} INFO - [2026-05-01T00:10:49.497+0000] {dagbag.py:545} INFO - Filling up the DagBag from /home/airflow/.local/lib/python3.12/site-packages/airflow/example_dags/example_latest_only.py
[2026-05-01T00:10:49.499+0000] {processor.py:840} INFO - DAG(s) 'latest_only' retrieved from /home/airflow/.local/lib/python3.12/site-packages/airflow/example_dags/example_latest_only.py
[2026-05-01T00:10:49.507+0000] {logging_mixin.py:188} INFO - [2026-05-01T00:10:49.507+0000] {dag.py:3089} INFO - Sync 1 DAGs
[2026-05-01T00:10:49.517+0000] {logging_mixin.py:188} INFO - [2026-05-01T00:10:49.517+0000] {dag.py:3947} INFO - Setting next_dagrun for latest_only to 2026-04-30 20:00:00+00:00, run_after=2026-05-01 00:00:00+00:00
[2026-05-01T00:10:49.526+0000] {processor.py:183} INFO - Processing /home/airflow/.local/lib/python3.12/site-packages/airflow/example_dags/example_latest_only.py took 0.034 seconds
[2026-05-01T00:11:20.597+0000] {processor.py:161} INFO - Started process (PID=56275) to work on /home/airflow/.local/lib/python3.12/site-packages/airflow/example_dags/example_latest_only.py
[2026-05-01T00:11:20.598+0000] {processor.py:830} INFO - Processing file /home/airflow/.local/lib/python3.12/site-packages/airflow/example_dags/example_latest_only.py for tasks to queue
[2026-05-01T00:11:20.599+0000] {logging_mixin.py:188} INFO - [2026-05-01T00:11:20.598+0000] {dagbag.py:545} INFO - Filling up the DagBag from /home/airflow/.local/lib/python3.12/site-packages/airflow/example_dags/example_latest_only.py
[2026-05-01T00:11:20.600+0000] {processor.py:840} INFO - DAG(s) 'latest_only' retrieved from /home/airflow/.local/lib/python3.12/site-packages/airflow/example_dags/example_latest_only.py
[2026-05-01T00:11:20.607+0000] {logging_mixin.py:188} INFO - [2026-05-01T00:11:20.607+0000] {dag.py:3089} INFO - Sync 1 DAGs
[2026-05-01T00:11:20.614+0000] {logging_mixin.py:188} INFO - [2026-05-01T00:11:20.613+0000] {dag.py:3947} INFO - Setting next_dagrun for latest_only to 2026-04-30 20:00:00+00:00, run_after=2026-05-01 00:00:00+00:00
[2026-05-01T00:11:20.619+0000] {processor.py:183} INFO - Processing /home/airflow/.local/lib/python3.12/site-packages/airflow/example_dags/example_latest_only.py took 0.023 seconds
[2026-05-01T00:11:51.221+0000] {processor.py:161} INFO - Started process (PID=56335) to work on /home/airflow/.local/lib/python3.12/site-packages/airflow/example_dags/example_latest_only.py
[2026-05-01T00:11:51.223+0000] {processor.py:830} INFO - Processing file /home/airflow/.local/lib/python3.12/site-packages/airflow/example_dags/example_latest_only.py for tasks to queue
[2026-05-01T00:11:51.224+0000] {logging_mixin.py:188} INFO - [2026-05-01T00:11:51.223+0000] {dagbag.py:545} INFO - Filling up the DagBag from /home/airflow/.local/lib/python3.12/site-packages/airflow/example_dags/example_latest_only.py
[2026-05-01T00:11:51.226+0000] {processor.py:840} INFO - DAG(s) 'latest_only' retrieved from /home/airflow/.local/lib/python3.12/site-packages/airflow/example_dags/example_latest_only.py
[2026-05-01T00:11:51.235+0000] {logging_mixin.py:188} INFO - [2026-05-01T00:11:51.235+0000] {dag.py:3089} INFO - Sync 1 DAGs
[2026-05-01T00:11:51.242+0000] {logging_mixin.py:188} INFO - [2026-05-01T00:11:51.242+0000] {dag.py:3947} INFO - Setting next_dagrun for latest_only to 2026-04-30 20:00:00+00:00, run_after=2026-05-01 00:00:00+00:00
[2026-05-01T00:11:51.246+0000] {processor.py:183} INFO - Processing /home/airflow/.local/lib/python3.12/site-packages/airflow/example_dags/example_latest_only.py took 0.028 seconds
[2026-05-01T00:12:21.930+0000] {processor.py:161} INFO - Started process (PID=56395) to work on /home/airflow/.local/lib/python3.12/site-packages/airflow/example_dags/example_latest_only.py
[2026-05-01T00:12:21.930+0000] {processor.py:830} INFO - Processing file /home/airflow/.local/lib/python3.12/site-packages/airflow/example_dags/example_latest_only.py for tasks to queue
[2026-05-01T00:12:21.931+0000] {logging_mixin.py:188} INFO - [2026-05-01T00:12:21.931+0000] {dagbag.py:545} INFO - Filling up the DagBag from /home/airflow/.local/lib/python3.12/site-packages/airflow/example_dags/example_latest_only.py
[2026-05-01T00:12:21.933+0000] {processor.py:840} INFO - DAG(s) 'latest_only' retrieved from /home/airflow/.local/lib/python3.12/site-packages/airflow/example_dags/example_latest_only.py
[2026-05-01T00:12:21.939+0000] {logging_mixin.py:188} INFO - [2026-05-01T00:12:21.939+0000] {dag.py:3089} INFO - Sync 1 DAGs
[2026-05-01T00:12:21.946+0000] {logging_mixin.py:188} INFO - [2026-05-01T00:12:21.945+0000] {dag.py:3947} INFO - Setting next_dagrun for latest_only to 2026-04-30 20:00:00+00:00, run_after=2026-05-01 00:00:00+00:00
[2026-05-01T00:12:21.951+0000] {processor.py:183} INFO - Processing /home/airflow/.local/lib/python3.12/site-packages/airflow/example_dags/example_latest_only.py took 0.023 seconds
[2026-05-01T00:12:52.723+0000] {processor.py:161} INFO - Started process (PID=56455) to work on /home/airflow/.local/lib/python3.12/site-packages/airflow/example_dags/example_latest_only.py
[2026-05-01T00:12:52.724+0000] {processor.py:830} INFO - Processing file /home/airflow/.local/lib/python3.12/site-packages/airflow/example_dags/example_latest_only.py for tasks to queue
[2026-05-01T00:12:52.724+0000] {logging_mixin.py:188} INFO - [2026-05-01T00:12:52.724+0000] {dagbag.py:545} INFO - Filling up the DagBag from /home/airflow/.local/lib/python3.12/site-packages/airflow/example_dags/example_latest_only.py
[2026-05-01T00:12:52.726+0000] {processor.py:840} INFO - DAG(s) 'latest_only' retrieved from /home/airflow/.local/lib/python3.12/site-packages/airflow/example_dags/example_latest_only.py
[2026-05-01T00:12:52.734+0000] {logging_mixin.py:188} INFO - [2026-05-01T00:12:52.734+0000] {dag.py:3089} INFO - Sync 1 DAGs
[2026-05-01T00:12:52.741+0000] {logging_mixin.py:188} INFO - [2026-05-01T00:12:52.741+0000] {dag.py:3947} INFO - Setting next_dagrun for latest_only to 2026-04-30 20:00:00+00:00, run_after=2026-05-01 00:00:00+00:00
[2026-05-01T00:12:52.746+0000] {processor.py:183} INFO - Processing /home/airflow/.local/lib/python3.12/site-packages/airflow/example_dags/example_latest_only.py took 0.025 seconds
[2026-05-01T00:13:23.420+0000] {processor.py:161} INFO - Started process (PID=56515) to work on /home/airflow/.local/lib/python3.12/site-packages/airflow/example_dags/example_latest_only.py
[2026-05-01T00:13:23.421+0000] {processor.py:830} INFO - Processing file /home/airflow/.local/lib/python3.12/site-packages/airflow/example_dags/example_latest_only.py for tasks to queue
[2026-05-01T00:13:23.422+0000] {logging_mixin.py:188} INFO - [2026-05-01T00:13:23.422+0000] {dagbag.py:545} INFO - Filling up the DagBag from /home/airflow/.local/lib/python3.12/site-packages/airflow/example_dags/example_latest_only.py
[2026-05-01T00:13:23.425+0000] {processor.py:840} INFO - DAG(s) 'latest_only' retrieved from /home/airflow/.local/lib/python3.12/site-packages/airflow/example_dags/example_latest_only.py
[2026-05-01T00:13:23.434+0000] {logging_mixin.py:188} INFO - [2026-05-01T00:13:23.434+0000] {dag.py:3089} INFO - Sync 1 DAGs
[2026-05-01T00:13:23.442+0000] {logging_mixin.py:188} INFO - [2026-05-01T00:13:23.442+0000] {dag.py:3947} INFO - Setting next_dagrun for latest_only to 2026-04-30 20:00:00+00:00, run_after=2026-05-01 00:00:00+00:00
[2026-05-01T00:13:23.450+0000] {processor.py:183} INFO - Processing /home/airflow/.local/lib/python3.12/site-packages/airflow/example_dags/example_latest_only.py took 0.032 seconds
[2026-05-01T00:13:53.789+0000] {processor.py:161} INFO - Started process (PID=56575) to work on /home/airflow/.local/lib/python3.12/site-packages/airflow/example_dags/example_latest_only.py
[2026-05-01T00:13:53.789+0000] {processor.py:830} INFO - Processing file /home/airflow/.local/lib/python3.12/site-packages/airflow/example_dags/example_latest_only.py for tasks to queue
[2026-05-01T00:13:53.790+0000] {logging_mixin.py:188} INFO - [2026-05-01T00:13:53.790+0000] {dagbag.py:545} INFO - Filling up the DagBag from /home/airflow/.local/lib/python3.12/site-packages/airflow/example_dags/example_latest_only.py
[2026-05-01T00:13:53.791+0000] {processor.py:840} INFO - DAG(s) 'latest_only' retrieved from /home/airflow/.local/lib/python3.12/site-packages/airflow/example_dags/example_latest_only.py
[2026-05-01T00:13:53.798+0000] {logging_mixin.py:188} INFO - [2026-05-01T00:13:53.798+0000] {dag.py:3089} INFO - Sync 1 DAGs
[2026-05-01T00:13:53.805+0000] {logging_mixin.py:188} INFO - [2026-05-01T00:13:53.805+0000] {dag.py:3947} INFO - Setting next_dagrun for latest_only to 2026-04-30 20:00:00+00:00, run_after=2026-05-01 00:00:00+00:00
[2026-05-01T00:13:53.810+0000] {processor.py:183} INFO - Processing /home/airflow/.local/lib/python3.12/site-packages/airflow/example_dags/example_latest_only.py took 0.024 seconds
[2026-05-01T00:14:24.520+0000] {processor.py:161} INFO - Started process (PID=56635) to work on /home/airflow/.local/lib/python3.12/site-packages/airflow/example_dags/example_latest_only.py
[2026-05-01T00:14:24.521+0000] {processor.py:830} INFO - Processing file /home/airflow/.local/lib/python3.12/site-packages/airflow/example_dags/example_latest_only.py for tasks to queue
[2026-05-01T00:14:24.521+0000] {logging_mixin.py:188} INFO - [2026-05-01T00:14:24.521+0000] {dagbag.py:545} INFO - Filling up the DagBag from /home/airflow/.local/lib/python3.12/site-packages/airflow/example_dags/example_latest_only.py
[2026-05-01T00:14:24.523+0000] {processor.py:840} INFO - DAG(s) 'latest_only' retrieved from /home/airflow/.local/lib/python3.12/site-packages/airflow/example_dags/example_latest_only.py
[2026-05-01T00:14:24.530+0000] {logging_mixin.py:188} INFO - [2026-05-01T00:14:24.530+0000] {dag.py:3089} INFO - Sync 1 DAGs
[2026-05-01T00:14:24.536+0000] {logging_mixin.py:188} INFO - [2026-05-01T00:14:24.536+0000] {dag.py:3947} INFO - Setting next_dagrun for latest_only to 2026-04-30 20:00:00+00:00, run_after=2026-05-01 00:00:00+00:00
[2026-05-01T00:14:24.542+0000] {processor.py:183} INFO - Processing /home/airflow/.local/lib/python3.12/site-packages/airflow/example_dags/example_latest_only.py took 0.023 seconds
[2026-05-01T00:14:55.038+0000] {processor.py:161} INFO - Started process (PID=56695) to work on /home/airflow/.local/lib/python3.12/site-packages/airflow/example_dags/example_latest_only.py
[2026-05-01T00:14:55.039+0000] {processor.py:830} INFO - Processing file /home/airflow/.local/lib/python3.12/site-packages/airflow/example_dags/example_latest_only.py for tasks to queue
[2026-05-01T00:14:55.039+0000] {logging_mixin.py:188} INFO - [2026-05-01T00:14:55.039+0000] {dagbag.py:545} INFO - Filling up the DagBag from /home/airflow/.local/lib/python3.12/site-packages/airflow/example_dags/example_latest_only.py
[2026-05-01T00:14:55.041+0000] {processor.py:840} INFO - DAG(s) 'latest_only' retrieved from /home/airflow/.local/lib/python3.12/site-packages/airflow/example_dags/example_latest_only.py
[2026-05-01T00:14:55.048+0000] {logging_mixin.py:188} INFO - [2026-05-01T00:14:55.048+0000] {dag.py:3089} INFO - Sync 1 DAGs
[2026-05-01T00:14:55.054+0000] {logging_mixin.py:188} INFO - [2026-05-01T00:14:55.054+0000] {dag.py:3947} INFO - Setting next_dagrun for latest_only to 2026-04-30 20:00:00+00:00, run_after=2026-05-01 00:00:00+00:00
[2026-05-01T00:14:55.059+0000] {processor.py:183} INFO - Processing /home/airflow/.local/lib/python3.12/site-packages/airflow/example_dags/example_latest_only.py took 0.023 seconds
[2026-05-01T00:15:25.605+0000] {processor.py:161} INFO - Started process (PID=56755) to work on /home/airflow/.local/lib/python3.12/site-packages/airflow/example_dags/example_latest_only.py
[2026-05-01T00:15:25.606+0000] {processor.py:830} INFO - Processing file /home/airflow/.local/lib/python3.12/site-packages/airflow/example_dags/example_latest_only.py for tasks to queue
[2026-05-01T00:15:25.607+0000] {logging_mixin.py:188} INFO - [2026-05-01T00:15:25.606+0000] {dagbag.py:545} INFO - Filling up the DagBag from /home/airflow/.local/lib/python3.12/site-packages/airflow/example_dags/example_latest_only.py
[2026-05-01T00:15:25.609+0000] {processor.py:840} INFO - DAG(s) 'latest_only' retrieved from /home/airflow/.local/lib/python3.12/site-packages/airflow/example_dags/example_latest_only.py
[2026-05-01T00:15:25.619+0000] {logging_mixin.py:188} INFO - [2026-05-01T00:15:25.619+0000] {dag.py:3089} INFO - Sync 1 DAGs
[2026-05-01T00:15:25.627+0000] {logging_mixin.py:188} INFO - [2026-05-01T00:15:25.627+0000] {dag.py:3947} INFO - Setting next_dagrun for latest_only to 2026-04-30 20:00:00+00:00, run_after=2026-05-01 00:00:00+00:00
[2026-05-01T00:15:25.635+0000] {processor.py:183} INFO - Processing /home/airflow/.local/lib/python3.12/site-packages/airflow/example_dags/example_latest_only.py took 0.032 seconds
[2026-05-01T00:15:56.246+0000] {processor.py:161} INFO - Started process (PID=56815) to work on /home/airflow/.local/lib/python3.12/site-packages/airflow/example_dags/example_latest_only.py
[2026-05-01T00:15:56.246+0000] {processor.py:830} INFO - Processing file /home/airflow/.local/lib/python3.12/site-packages/airflow/example_dags/example_latest_only.py for tasks to queue
[2026-05-01T00:15:56.247+0000] {logging_mixin.py:188} INFO - [2026-05-01T00:15:56.247+0000] {dagbag.py:545} INFO - Filling up the DagBag from /home/airflow/.local/lib/python3.12/site-packages/airflow/example_dags/example_latest_only.py
[2026-05-01T00:15:56.249+0000] {processor.py:840} INFO - DAG(s) 'latest_only' retrieved from /home/airflow/.local/lib/python3.12/site-packages/airflow/example_dags/example_latest_only.py
[2026-05-01T00:15:56.259+0000] {logging_mixin.py:188} INFO - [2026-05-01T00:15:56.259+0000] {dag.py:3089} INFO - Sync 1 DAGs
[2026-05-01T00:15:56.267+0000] {logging_mixin.py:188} INFO - [2026-05-01T00:15:56.267+0000] {dag.py:3947} INFO - Setting next_dagrun for latest_only to 2026-04-30 20:00:00+00:00, run_after=2026-05-01 00:00:00+00:00
[2026-05-01T00:15:56.275+0000] {processor.py:183} INFO - Processing /home/airflow/.local/lib/python3.12/site-packages/airflow/example_dags/example_latest_only.py took 0.031 seconds
[2026-05-01T00:16:26.879+0000] {processor.py:161} INFO - Started process (PID=56875) to work on /home/airflow/.local/lib/python3.12/site-packages/airflow/example_dags/example_latest_only.py
[2026-05-01T00:16:26.880+0000] {processor.py:830} INFO - Processing file /home/airflow/.local/lib/python3.12/site-packages/airflow/example_dags/example_latest_only.py for tasks to queue
[2026-05-01T00:16:26.881+0000] {logging_mixin.py:188} INFO - [2026-05-01T00:16:26.881+0000] {dagbag.py:545} INFO - Filling up the DagBag from /home/airflow/.local/lib/python3.12/site-packages/airflow/example_dags/example_latest_only.py
[2026-05-01T00:16:26.884+0000] {processor.py:840} INFO - DAG(s) 'latest_only' retrieved from /home/airflow/.local/lib/python3.12/site-packages/airflow/example_dags/example_latest_only.py
[2026-05-01T00:16:26.894+0000] {logging_mixin.py:188} INFO - [2026-05-01T00:16:26.894+0000] {dag.py:3089} INFO - Sync 1 DAGs
[2026-05-01T00:16:26.901+0000] {logging_mixin.py:188} INFO - [2026-05-01T00:16:26.901+0000] {dag.py:3947} INFO - Setting next_dagrun for latest_only to 2026-04-30 20:00:00+00:00, run_after=2026-05-01 00:00:00+00:00
[2026-05-01T00:16:26.906+0000] {processor.py:183} INFO - Processing /home/airflow/.local/lib/python3.12/site-packages/airflow/example_dags/example_latest_only.py took 0.030 seconds
[2026-05-01T00:16:57.539+0000] {processor.py:161} INFO - Started process (PID=56935) to work on /home/airflow/.local/lib/python3.12/site-packages/airflow/example_dags/example_latest_only.py
[2026-05-01T00:16:57.540+0000] {processor.py:830} INFO - Processing file /home/airflow/.local/lib/python3.12/site-packages/airflow/example_dags/example_latest_only.py for tasks to queue
[2026-05-01T00:16:57.541+0000] {logging_mixin.py:188} INFO - [2026-05-01T00:16:57.541+0000] {dagbag.py:545} INFO - Filling up the DagBag from /home/airflow/.local/lib/python3.12/site-packages/airflow/example_dags/example_latest_only.py
[2026-05-01T00:16:57.543+0000] {processor.py:840} INFO - DAG(s) 'latest_only' retrieved from /home/airflow/.local/lib/python3.12/site-packages/airflow/example_dags/example_latest_only.py
[2026-05-01T00:16:57.552+0000] {logging_mixin.py:188} INFO - [2026-05-01T00:16:57.552+0000] {dag.py:3089} INFO - Sync 1 DAGs
[2026-05-01T00:16:57.563+0000] {logging_mixin.py:188} INFO - [2026-05-01T00:16:57.563+0000] {dag.py:3947} INFO - Setting next_dagrun for latest_only to 2026-04-30 20:00:00+00:00, run_after=2026-05-01 00:00:00+00:00
[2026-05-01T00:16:57.574+0000] {processor.py:183} INFO - Processing /home/airflow/.local/lib/python3.12/site-packages/airflow/example_dags/example_latest_only.py took 0.039 seconds
[2026-05-01T00:17:28.612+0000] {processor.py:161} INFO - Started process (PID=56995) to work on /home/airflow/.local/lib/python3.12/site-packages/airflow/example_dags/example_latest_only.py
[2026-05-01T00:17:28.613+0000] {processor.py:830} INFO - Processing file /home/airflow/.local/lib/python3.12/site-packages/airflow/example_dags/example_latest_only.py for tasks to queue
[2026-05-01T00:17:28.615+0000] {logging_mixin.py:188} INFO - [2026-05-01T00:17:28.615+0000] {dagbag.py:545} INFO - Filling up the DagBag from /home/airflow/.local/lib/python3.12/site-packages/airflow/example_dags/example_latest_only.py
[2026-05-01T00:17:28.619+0000] {processor.py:840} INFO - DAG(s) 'latest_only' retrieved from /home/airflow/.local/lib/python3.12/site-packages/airflow/example_dags/example_latest_only.py
[2026-05-01T00:17:28.627+0000] {logging_mixin.py:188} INFO - [2026-05-01T00:17:28.627+0000] {dag.py:3089} INFO - Sync 1 DAGs
[2026-05-01T00:17:28.636+0000] {logging_mixin.py:188} INFO - [2026-05-01T00:17:28.636+0000] {dag.py:3947} INFO - Setting next_dagrun for latest_only to 2026-04-30 20:00:00+00:00, run_after=2026-05-01 00:00:00+00:00
[2026-05-01T00:17:28.642+0000] {processor.py:183} INFO - Processing /home/airflow/.local/lib/python3.12/site-packages/airflow/example_dags/example_latest_only.py took 0.033 seconds
[2026-05-01T00:17:58.813+0000] {processor.py:161} INFO - Started process (PID=57054) to work on /home/airflow/.local/lib/python3.12/site-packages/airflow/example_dags/example_latest_only.py
[2026-05-01T00:17:58.813+0000] {processor.py:830} INFO - Processing file /home/airflow/.local/lib/python3.12/site-packages/airflow/example_dags/example_latest_only.py for tasks to queue
[2026-05-01T00:17:58.814+0000] {logging_mixin.py:188} INFO - [2026-05-01T00:17:58.814+0000] {dagbag.py:545} INFO - Filling up the DagBag from /home/airflow/.local/lib/python3.12/site-packages/airflow/example_dags/example_latest_only.py
[2026-05-01T00:17:58.816+0000] {processor.py:840} INFO - DAG(s) 'latest_only' retrieved from /home/airflow/.local/lib/python3.12/site-packages/airflow/example_dags/example_latest_only.py
[2026-05-01T00:17:58.823+0000] {logging_mixin.py:188} INFO - [2026-05-01T00:17:58.822+0000] {dag.py:3089} INFO - Sync 1 DAGs
[2026-05-01T00:17:58.829+0000] {logging_mixin.py:188} INFO - [2026-05-01T00:17:58.829+0000] {dag.py:3947} INFO - Setting next_dagrun for latest_only to 2026-04-30 20:00:00+00:00, run_after=2026-05-01 00:00:00+00:00
[2026-05-01T00:17:58.834+0000] {processor.py:183} INFO - Processing /home/airflow/.local/lib/python3.12/site-packages/airflow/example_dags/example_latest_only.py took 0.023 seconds
[2026-05-01T00:18:29.531+0000] {processor.py:161} INFO - Started process (PID=57114) to work on /home/airflow/.local/lib/python3.12/site-packages/airflow/example_dags/example_latest_only.py
[2026-05-01T00:18:29.532+0000] {processor.py:830} INFO - Processing file /home/airflow/.local/lib/python3.12/site-packages/airflow/example_dags/example_latest_only.py for tasks to queue
[2026-05-01T00:18:29.533+0000] {logging_mixin.py:188} INFO - [2026-05-01T00:18:29.532+0000] {dagbag.py:545} INFO - Filling up the DagBag from /home/airflow/.local/lib/python3.12/site-packages/airflow/example_dags/example_latest_only.py
[2026-05-01T00:18:29.536+0000] {processor.py:840} INFO - DAG(s) 'latest_only' retrieved from /home/airflow/.local/lib/python3.12/site-packages/airflow/example_dags/example_latest_only.py
[2026-05-01T00:18:29.546+0000] {logging_mixin.py:188} INFO - [2026-05-01T00:18:29.546+0000] {dag.py:3089} INFO - Sync 1 DAGs
[2026-05-01T00:18:29.556+0000] {logging_mixin.py:188} INFO - [2026-05-01T00:18:29.556+0000] {dag.py:3947} INFO - Setting next_dagrun for latest_only to 2026-04-30 20:00:00+00:00, run_after=2026-05-01 00:00:00+00:00
[2026-05-01T00:18:29.565+0000] {processor.py:183} INFO - Processing /home/airflow/.local/lib/python3.12/site-packages/airflow/example_dags/example_latest_only.py took 0.036 seconds
[2026-05-01T00:19:00.128+0000] {processor.py:161} INFO - Started process (PID=57174) to work on /home/airflow/.local/lib/python3.12/site-packages/airflow/example_dags/example_latest_only.py
[2026-05-01T00:19:00.128+0000] {processor.py:830} INFO - Processing file /home/airflow/.local/lib/python3.12/site-packages/airflow/example_dags/example_latest_only.py for tasks to queue
[2026-05-01T00:19:00.131+0000] {logging_mixin.py:188} INFO - [2026-05-01T00:19:00.131+0000] {dagbag.py:545} INFO - Filling up the DagBag from /home/airflow/.local/lib/python3.12/site-packages/airflow/example_dags/example_latest_only.py
[2026-05-01T00:19:00.133+0000] {processor.py:840} INFO - DAG(s) 'latest_only' retrieved from /home/airflow/.local/lib/python3.12/site-packages/airflow/example_dags/example_latest_only.py
[2026-05-01T00:19:00.141+0000] {logging_mixin.py:188} INFO - [2026-05-01T00:19:00.141+0000] {dag.py:3089} INFO - Sync 1 DAGs
[2026-05-01T00:19:00.149+0000] {logging_mixin.py:188} INFO - [2026-05-01T00:19:00.149+0000] {dag.py:3947} INFO - Setting next_dagrun for latest_only to 2026-04-30 20:00:00+00:00, run_after=2026-05-01 00:00:00+00:00
[2026-05-01T00:19:00.154+0000] {processor.py:183} INFO - Processing /home/airflow/.local/lib/python3.12/site-packages/airflow/example_dags/example_latest_only.py took 0.029 seconds
[2026-05-01T00:19:31.118+0000] {processor.py:161} INFO - Started process (PID=57234) to work on /home/airflow/.local/lib/python3.12/site-packages/airflow/example_dags/example_latest_only.py
[2026-05-01T00:19:31.118+0000] {processor.py:830} INFO - Processing file /home/airflow/.local/lib/python3.12/site-packages/airflow/example_dags/example_latest_only.py for tasks to queue
[2026-05-01T00:19:31.119+0000] {logging_mixin.py:188} INFO - [2026-05-01T00:19:31.119+0000] {dagbag.py:545} INFO - Filling up the DagBag from /home/airflow/.local/lib/python3.12/site-packages/airflow/example_dags/example_latest_only.py
[2026-05-01T00:19:31.121+0000] {processor.py:840} INFO - DAG(s) 'latest_only' retrieved from /home/airflow/.local/lib/python3.12/site-packages/airflow/example_dags/example_latest_only.py
[2026-05-01T00:19:31.129+0000] {logging_mixin.py:188} INFO - [2026-05-01T00:19:31.129+0000] {dag.py:3089} INFO - Sync 1 DAGs
[2026-05-01T00:19:31.137+0000] {logging_mixin.py:188} INFO - [2026-05-01T00:19:31.136+0000] {dag.py:3947} INFO - Setting next_dagrun for latest_only to 2026-04-30 20:00:00+00:00, run_after=2026-05-01 00:00:00+00:00
[2026-05-01T00:19:31.144+0000] {processor.py:183} INFO - Processing /home/airflow/.local/lib/python3.12/site-packages/airflow/example_dags/example_latest_only.py took 0.029 seconds
[2026-05-01T00:20:01.292+0000] {processor.py:161} INFO - Started process (PID=57294) to work on /home/airflow/.local/lib/python3.12/site-packages/airflow/example_dags/example_latest_only.py
[2026-05-01T00:20:01.293+0000] {processor.py:830} INFO - Processing file /home/airflow/.local/lib/python3.12/site-packages/airflow/example_dags/example_latest_only.py for tasks to queue
[2026-05-01T00:20:01.295+0000] {logging_mixin.py:188} INFO - [2026-05-01T00:20:01.295+0000] {dagbag.py:545} INFO - Filling up the DagBag from /home/airflow/.local/lib/python3.12/site-packages/airflow/example_dags/example_latest_only.py
[2026-05-01T00:20:01.297+0000] {processor.py:840} INFO - DAG(s) 'latest_only' retrieved from /home/airflow/.local/lib/python3.12/site-packages/airflow/example_dags/example_latest_only.py
[2026-05-01T00:20:01.309+0000] {logging_mixin.py:188} INFO - [2026-05-01T00:20:01.309+0000] {dag.py:3089} INFO - Sync 1 DAGs
[2026-05-01T00:20:01.320+0000] {logging_mixin.py:188} INFO - [2026-05-01T00:20:01.319+0000] {dag.py:3947} INFO - Setting next_dagrun for latest_only to 2026-04-30 20:00:00+00:00, run_after=2026-05-01 00:00:00+00:00
[2026-05-01T00:20:01.330+0000] {processor.py:183} INFO - Processing /home/airflow/.local/lib/python3.12/site-packages/airflow/example_dags/example_latest_only.py took 0.043 seconds
[2026-05-01T00:20:32.137+0000] {processor.py:161} INFO - Started process (PID=57354) to work on /home/airflow/.local/lib/python3.12/site-packages/airflow/example_dags/example_latest_only.py
[2026-05-01T00:20:32.138+0000] {processor.py:830} INFO - Processing file /home/airflow/.local/lib/python3.12/site-packages/airflow/example_dags/example_latest_only.py for tasks to queue
[2026-05-01T00:20:32.139+0000] {logging_mixin.py:188} INFO - [2026-05-01T00:20:32.139+0000] {dagbag.py:545} INFO - Filling up the DagBag from /home/airflow/.local/lib/python3.12/site-packages/airflow/example_dags/example_latest_only.py
[2026-05-01T00:20:32.141+0000] {processor.py:840} INFO - DAG(s) 'latest_only' retrieved from /home/airflow/.local/lib/python3.12/site-packages/airflow/example_dags/example_latest_only.py
[2026-05-01T00:20:32.149+0000] {logging_mixin.py:188} INFO - [2026-05-01T00:20:32.149+0000] {dag.py:3089} INFO - Sync 1 DAGs
[2026-05-01T00:20:32.158+0000] {logging_mixin.py:188} INFO - [2026-05-01T00:20:32.158+0000] {dag.py:3947} INFO - Setting next_dagrun for latest_only to 2026-04-30 20:00:00+00:00, run_after=2026-05-01 00:00:00+00:00
[2026-05-01T00:20:32.164+0000] {processor.py:183} INFO - Processing /home/airflow/.local/lib/python3.12/site-packages/airflow/example_dags/example_latest_only.py took 0.029 seconds
[2026-05-01T00:21:02.446+0000] {processor.py:161} INFO - Started process (PID=57414) to work on /home/airflow/.local/lib/python3.12/site-packages/airflow/example_dags/example_latest_only.py
[2026-05-01T00:21:02.447+0000] {processor.py:830} INFO - Processing file /home/airflow/.local/lib/python3.12/site-packages/airflow/example_dags/example_latest_only.py for tasks to queue
[2026-05-01T00:21:02.447+0000] {logging_mixin.py:188} INFO - [2026-05-01T00:21:02.447+0000] {dagbag.py:545} INFO - Filling up the DagBag from /home/airflow/.local/lib/python3.12/site-packages/airflow/example_dags/example_latest_only.py
[2026-05-01T00:21:02.451+0000] {processor.py:840} INFO - DAG(s) 'latest_only' retrieved from /home/airflow/.local/lib/python3.12/site-packages/airflow/example_dags/example_latest_only.py
[2026-05-01T00:21:02.462+0000] {logging_mixin.py:188} INFO - [2026-05-01T00:21:02.461+0000] {dag.py:3089} INFO - Sync 1 DAGs
[2026-05-01T00:21:02.472+0000] {logging_mixin.py:188} INFO - [2026-05-01T00:21:02.472+0000] {dag.py:3947} INFO - Setting next_dagrun for latest_only to 2026-04-30 20:00:00+00:00, run_after=2026-05-01 00:00:00+00:00
[2026-05-01T00:21:02.477+0000] {processor.py:183} INFO - Processing /home/airflow/.local/lib/python3.12/site-packages/airflow/example_dags/example_latest_only.py took 0.033 seconds
[2026-05-01T00:21:32.769+0000] {processor.py:161} INFO - Started process (PID=57474) to work on /home/airflow/.local/lib/python3.12/site-packages/airflow/example_dags/example_latest_only.py
[2026-05-01T00:21:32.770+0000] {processor.py:830} INFO - Processing file /home/airflow/.local/lib/python3.12/site-packages/airflow/example_dags/example_latest_only.py for tasks to queue
[2026-05-01T00:21:32.770+0000] {logging_mixin.py:188} INFO - [2026-05-01T00:21:32.770+0000] {dagbag.py:545} INFO - Filling up the DagBag from /home/airflow/.local/lib/python3.12/site-packages/airflow/example_dags/example_latest_only.py
[2026-05-01T00:21:32.773+0000] {processor.py:840} INFO - DAG(s) 'latest_only' retrieved from /home/airflow/.local/lib/python3.12/site-packages/airflow/example_dags/example_latest_only.py
[2026-05-01T00:21:32.781+0000] {logging_mixin.py:188} INFO - [2026-05-01T00:21:32.781+0000] {dag.py:3089} INFO - Sync 1 DAGs
[2026-05-01T00:21:32.790+0000] {logging_mixin.py:188} INFO - [2026-05-01T00:21:32.790+0000] {dag.py:3947} INFO - Setting next_dagrun for latest_only to 2026-04-30 20:00:00+00:00, run_after=2026-05-01 00:00:00+00:00
[2026-05-01T00:21:32.796+0000] {processor.py:183} INFO - Processing /home/airflow/.local/lib/python3.12/site-packages/airflow/example_dags/example_latest_only.py took 0.030 seconds
[2026-05-01T00:22:03.758+0000] {processor.py:161} INFO - Started process (PID=57534) to work on /home/airflow/.local/lib/python3.12/site-packages/airflow/example_dags/example_latest_only.py
[2026-05-01T00:22:03.759+0000] {processor.py:830} INFO - Processing file /home/airflow/.local/lib/python3.12/site-packages/airflow/example_dags/example_latest_only.py for tasks to queue
[2026-05-01T00:22:03.760+0000] {logging_mixin.py:188} INFO - [2026-05-01T00:22:03.760+0000] {dagbag.py:545} INFO - Filling up the DagBag from /home/airflow/.local/lib/python3.12/site-packages/airflow/example_dags/example_latest_only.py
[2026-05-01T00:22:03.762+0000] {processor.py:840} INFO - DAG(s) 'latest_only' retrieved from /home/airflow/.local/lib/python3.12/site-packages/airflow/example_dags/example_latest_only.py
[2026-05-01T00:22:03.769+0000] {logging_mixin.py:188} INFO - [2026-05-01T00:22:03.769+0000] {dag.py:3089} INFO - Sync 1 DAGs
[2026-05-01T00:22:03.776+0000] {logging_mixin.py:188} INFO - [2026-05-01T00:22:03.776+0000] {dag.py:3947} INFO - Setting next_dagrun for latest_only to 2026-04-30 20:00:00+00:00, run_after=2026-05-01 00:00:00+00:00
[2026-05-01T00:22:03.781+0000] {processor.py:183} INFO - Processing /home/airflow/.local/lib/python3.12/site-packages/airflow/example_dags/example_latest_only.py took 0.026 seconds
[2026-05-01T00:22:34.727+0000] {processor.py:161} INFO - Started process (PID=57594) to work on /home/airflow/.local/lib/python3.12/site-packages/airflow/example_dags/example_latest_only.py
[2026-05-01T00:22:34.728+0000] {processor.py:830} INFO - Processing file /home/airflow/.local/lib/python3.12/site-packages/airflow/example_dags/example_latest_only.py for tasks to queue
[2026-05-01T00:22:34.729+0000] {logging_mixin.py:188} INFO - [2026-05-01T00:22:34.728+0000] {dagbag.py:545} INFO - Filling up the DagBag from /home/airflow/.local/lib/python3.12/site-packages/airflow/example_dags/example_latest_only.py
[2026-05-01T00:22:34.731+0000] {processor.py:840} INFO - DAG(s) 'latest_only' retrieved from /home/airflow/.local/lib/python3.12/site-packages/airflow/example_dags/example_latest_only.py
[2026-05-01T00:22:34.738+0000] {logging_mixin.py:188} INFO - [2026-05-01T00:22:34.738+0000] {dag.py:3089} INFO - Sync 1 DAGs
[2026-05-01T00:22:34.745+0000] {logging_mixin.py:188} INFO - [2026-05-01T00:22:34.745+0000] {dag.py:3947} INFO - Setting next_dagrun for latest_only to 2026-04-30 20:00:00+00:00, run_after=2026-05-01 00:00:00+00:00
[2026-05-01T00:22:34.752+0000] {processor.py:183} INFO - Processing /home/airflow/.local/lib/python3.12/site-packages/airflow/example_dags/example_latest_only.py took 0.028 seconds
[2026-05-01T00:23:05.531+0000] {processor.py:161} INFO - Started process (PID=57654) to work on /home/airflow/.local/lib/python3.12/site-packages/airflow/example_dags/example_latest_only.py
[2026-05-01T00:23:05.531+0000] {processor.py:830} INFO - Processing file /home/airflow/.local/lib/python3.12/site-packages/airflow/example_dags/example_latest_only.py for tasks to queue
[2026-05-01T00:23:05.532+0000] {logging_mixin.py:188} INFO - [2026-05-01T00:23:05.532+0000] {dagbag.py:545} INFO - Filling up the DagBag from /home/airflow/.local/lib/python3.12/site-packages/airflow/example_dags/example_latest_only.py
[2026-05-01T00:23:05.535+0000] {processor.py:840} INFO - DAG(s) 'latest_only' retrieved from /home/airflow/.local/lib/python3.12/site-packages/airflow/example_dags/example_latest_only.py
[2026-05-01T00:23:05.543+0000] {logging_mixin.py:188} INFO - [2026-05-01T00:23:05.543+0000] {dag.py:3089} INFO - Sync 1 DAGs
[2026-05-01T00:23:05.555+0000] {logging_mixin.py:188} INFO - [2026-05-01T00:23:05.555+0000] {dag.py:3947} INFO - Setting next_dagrun for latest_only to 2026-04-30 20:00:00+00:00, run_after=2026-05-01 00:00:00+00:00
[2026-05-01T00:23:05.568+0000] {processor.py:183} INFO - Processing /home/airflow/.local/lib/python3.12/site-packages/airflow/example_dags/example_latest_only.py took 0.040 seconds
[2026-05-01T00:23:36.029+0000] {processor.py:161} INFO - Started process (PID=57714) to work on /home/airflow/.local/lib/python3.12/site-packages/airflow/example_dags/example_latest_only.py
[2026-05-01T00:23:36.030+0000] {processor.py:830} INFO - Processing file /home/airflow/.local/lib/python3.12/site-packages/airflow/example_dags/example_latest_only.py for tasks to queue
[2026-05-01T00:23:36.033+0000] {logging_mixin.py:188} INFO - [2026-05-01T00:23:36.031+0000] {dagbag.py:545} INFO - Filling up the DagBag from /home/airflow/.local/lib/python3.12/site-packages/airflow/example_dags/example_latest_only.py
[2026-05-01T00:23:36.035+0000] {processor.py:840} INFO - DAG(s) 'latest_only' retrieved from /home/airflow/.local/lib/python3.12/site-packages/airflow/example_dags/example_latest_only.py
[2026-05-01T00:23:36.047+0000] {logging_mixin.py:188} INFO - [2026-05-01T00:23:36.047+0000] {dag.py:3089} INFO - Sync 1 DAGs
[2026-05-01T00:23:36.057+0000] {logging_mixin.py:188} INFO - [2026-05-01T00:23:36.057+0000] {dag.py:3947} INFO - Setting next_dagrun for latest_only to 2026-04-30 20:00:00+00:00, run_after=2026-05-01 00:00:00+00:00
[2026-05-01T00:23:36.062+0000] {processor.py:183} INFO - Processing /home/airflow/.local/lib/python3.12/site-packages/airflow/example_dags/example_latest_only.py took 0.037 seconds
[2026-05-01T00:24:06.739+0000] {processor.py:161} INFO - Started process (PID=57774) to work on /home/airflow/.local/lib/python3.12/site-packages/airflow/example_dags/example_latest_only.py
[2026-05-01T00:24:06.740+0000] {processor.py:830} INFO - Processing file /home/airflow/.local/lib/python3.12/site-packages/airflow/example_dags/example_latest_only.py for tasks to queue
[2026-05-01T00:24:06.742+0000] {logging_mixin.py:188} INFO - [2026-05-01T00:24:06.742+0000] {dagbag.py:545} INFO - Filling up the DagBag from /home/airflow/.local/lib/python3.12/site-packages/airflow/example_dags/example_latest_only.py
[2026-05-01T00:24:06.745+0000] {processor.py:840} INFO - DAG(s) 'latest_only' retrieved from /home/airflow/.local/lib/python3.12/site-packages/airflow/example_dags/example_latest_only.py
[2026-05-01T00:24:06.754+0000] {logging_mixin.py:188} INFO - [2026-05-01T00:24:06.754+0000] {dag.py:3089} INFO - Sync 1 DAGs
[2026-05-01T00:24:06.761+0000] {logging_mixin.py:188} INFO - [2026-05-01T00:24:06.761+0000] {dag.py:3947} INFO - Setting next_dagrun for latest_only to 2026-04-30 20:00:00+00:00, run_after=2026-05-01 00:00:00+00:00
[2026-05-01T00:24:06.766+0000] {processor.py:183} INFO - Processing /home/airflow/.local/lib/python3.12/site-packages/airflow/example_dags/example_latest_only.py took 0.029 seconds
[2026-05-01T00:24:37.387+0000] {processor.py:161} INFO - Started process (PID=57834) to work on /home/airflow/.local/lib/python3.12/site-packages/airflow/example_dags/example_latest_only.py
[2026-05-01T00:24:37.388+0000] {processor.py:830} INFO - Processing file /home/airflow/.local/lib/python3.12/site-packages/airflow/example_dags/example_latest_only.py for tasks to queue
[2026-05-01T00:24:37.390+0000] {logging_mixin.py:188} INFO - [2026-05-01T00:24:37.389+0000] {dagbag.py:545} INFO - Filling up the DagBag from /home/airflow/.local/lib/python3.12/site-packages/airflow/example_dags/example_latest_only.py
[2026-05-01T00:24:37.392+0000] {processor.py:840} INFO - DAG(s) 'latest_only' retrieved from /home/airflow/.local/lib/python3.12/site-packages/airflow/example_dags/example_latest_only.py
[2026-05-01T00:24:37.400+0000] {logging_mixin.py:188} INFO - [2026-05-01T00:24:37.400+0000] {dag.py:3089} INFO - Sync 1 DAGs
[2026-05-01T00:24:37.407+0000] {logging_mixin.py:188} INFO - [2026-05-01T00:24:37.407+0000] {dag.py:3947} INFO - Setting next_dagrun for latest_only to 2026-04-30 20:00:00+00:00, run_after=2026-05-01 00:00:00+00:00
[2026-05-01T00:24:37.412+0000] {processor.py:183} INFO - Processing /home/airflow/.local/lib/python3.12/site-packages/airflow/example_dags/example_latest_only.py took 0.028 seconds
[2026-05-01T00:25:08.898+0000] {processor.py:161} INFO - Started process (PID=57900) to work on /home/airflow/.local/lib/python3.12/site-packages/airflow/example_dags/example_latest_only.py
[2026-05-01T00:25:08.901+0000] {processor.py:830} INFO - Processing file /home/airflow/.local/lib/python3.12/site-packages/airflow/example_dags/example_latest_only.py for tasks to queue
[2026-05-01T00:25:08.903+0000] {logging_mixin.py:188} INFO - [2026-05-01T00:25:08.903+0000] {dagbag.py:545} INFO - Filling up the DagBag from /home/airflow/.local/lib/python3.12/site-packages/airflow/example_dags/example_latest_only.py
[2026-05-01T00:25:08.906+0000] {processor.py:840} INFO - DAG(s) 'latest_only' retrieved from /home/airflow/.local/lib/python3.12/site-packages/airflow/example_dags/example_latest_only.py
[2026-05-01T00:25:08.920+0000] {logging_mixin.py:188} INFO - [2026-05-01T00:25:08.920+0000] {dag.py:3089} INFO - Sync 1 DAGs
[2026-05-01T00:25:08.934+0000] {logging_mixin.py:188} INFO - [2026-05-01T00:25:08.934+0000] {dag.py:3947} INFO - Setting next_dagrun for latest_only to 2026-04-30 20:00:00+00:00, run_after=2026-05-01 00:00:00+00:00
[2026-05-01T00:25:08.946+0000] {processor.py:183} INFO - Processing /home/airflow/.local/lib/python3.12/site-packages/airflow/example_dags/example_latest_only.py took 0.058 seconds
[2026-05-01T00:25:38.960+0000] {processor.py:161} INFO - Started process (PID=57960) to work on /home/airflow/.local/lib/python3.12/site-packages/airflow/example_dags/example_latest_only.py
[2026-05-01T00:25:38.961+0000] {processor.py:830} INFO - Processing file /home/airflow/.local/lib/python3.12/site-packages/airflow/example_dags/example_latest_only.py for tasks to queue
[2026-05-01T00:25:38.962+0000] {logging_mixin.py:188} INFO - [2026-05-01T00:25:38.961+0000] {dagbag.py:545} INFO - Filling up the DagBag from /home/airflow/.local/lib/python3.12/site-packages/airflow/example_dags/example_latest_only.py
[2026-05-01T00:25:38.964+0000] {processor.py:840} INFO - DAG(s) 'latest_only' retrieved from /home/airflow/.local/lib/python3.12/site-packages/airflow/example_dags/example_latest_only.py
[2026-05-01T00:25:38.976+0000] {logging_mixin.py:188} INFO - [2026-05-01T00:25:38.976+0000] {dag.py:3089} INFO - Sync 1 DAGs
[2026-05-01T00:25:38.984+0000] {logging_mixin.py:188} INFO - [2026-05-01T00:25:38.984+0000] {dag.py:3947} INFO - Setting next_dagrun for latest_only to 2026-04-30 20:00:00+00:00, run_after=2026-05-01 00:00:00+00:00
[2026-05-01T00:25:38.990+0000] {processor.py:183} INFO - Processing /home/airflow/.local/lib/python3.12/site-packages/airflow/example_dags/example_latest_only.py took 0.033 seconds
[2026-05-01T00:26:09.890+0000] {processor.py:161} INFO - Started process (PID=58020) to work on /home/airflow/.local/lib/python3.12/site-packages/airflow/example_dags/example_latest_only.py
[2026-05-01T00:26:09.891+0000] {processor.py:830} INFO - Processing file /home/airflow/.local/lib/python3.12/site-packages/airflow/example_dags/example_latest_only.py for tasks to queue
[2026-05-01T00:26:09.892+0000] {logging_mixin.py:188} INFO - [2026-05-01T00:26:09.892+0000] {dagbag.py:545} INFO - Filling up the DagBag from /home/airflow/.local/lib/python3.12/site-packages/airflow/example_dags/example_latest_only.py
[2026-05-01T00:26:09.893+0000] {processor.py:840} INFO - DAG(s) 'latest_only' retrieved from /home/airflow/.local/lib/python3.12/site-packages/airflow/example_dags/example_latest_only.py
[2026-05-01T00:26:09.900+0000] {logging_mixin.py:188} INFO - [2026-05-01T00:26:09.900+0000] {dag.py:3089} INFO - Sync 1 DAGs
[2026-05-01T00:26:09.907+0000] {logging_mixin.py:188} INFO - [2026-05-01T00:26:09.907+0000] {dag.py:3947} INFO - Setting next_dagrun for latest_only to 2026-04-30 20:00:00+00:00, run_after=2026-05-01 00:00:00+00:00
[2026-05-01T00:26:09.912+0000] {processor.py:183} INFO - Processing /home/airflow/.local/lib/python3.12/site-packages/airflow/example_dags/example_latest_only.py took 0.024 seconds
[2026-05-01T00:26:40.727+0000] {processor.py:161} INFO - Started process (PID=58080) to work on /home/airflow/.local/lib/python3.12/site-packages/airflow/example_dags/example_latest_only.py
[2026-05-01T00:26:40.728+0000] {processor.py:830} INFO - Processing file /home/airflow/.local/lib/python3.12/site-packages/airflow/example_dags/example_latest_only.py for tasks to queue
[2026-05-01T00:26:40.729+0000] {logging_mixin.py:188} INFO - [2026-05-01T00:26:40.728+0000] {dagbag.py:545} INFO - Filling up the DagBag from /home/airflow/.local/lib/python3.12/site-packages/airflow/example_dags/example_latest_only.py
[2026-05-01T00:26:40.731+0000] {processor.py:840} INFO - DAG(s) 'latest_only' retrieved from /home/airflow/.local/lib/python3.12/site-packages/airflow/example_dags/example_latest_only.py
[2026-05-01T00:26:40.742+0000] {logging_mixin.py:188} INFO - [2026-05-01T00:26:40.742+0000] {dag.py:3089} INFO - Sync 1 DAGs
[2026-05-01T00:26:40.749+0000] {logging_mixin.py:188} INFO - [2026-05-01T00:26:40.749+0000] {dag.py:3947} INFO - Setting next_dagrun for latest_only to 2026-04-30 20:00:00+00:00, run_after=2026-05-01 00:00:00+00:00
[2026-05-01T00:26:40.758+0000] {processor.py:183} INFO - Processing /home/airflow/.local/lib/python3.12/site-packages/airflow/example_dags/example_latest_only.py took 0.034 seconds
[2026-05-01T00:27:11.541+0000] {processor.py:161} INFO - Started process (PID=58140) to work on /home/airflow/.local/lib/python3.12/site-packages/airflow/example_dags/example_latest_only.py
[2026-05-01T00:27:11.542+0000] {processor.py:830} INFO - Processing file /home/airflow/.local/lib/python3.12/site-packages/airflow/example_dags/example_latest_only.py for tasks to queue
[2026-05-01T00:27:11.542+0000] {logging_mixin.py:188} INFO - [2026-05-01T00:27:11.542+0000] {dagbag.py:545} INFO - Filling up the DagBag from /home/airflow/.local/lib/python3.12/site-packages/airflow/example_dags/example_latest_only.py
[2026-05-01T00:27:11.544+0000] {processor.py:840} INFO - DAG(s) 'latest_only' retrieved from /home/airflow/.local/lib/python3.12/site-packages/airflow/example_dags/example_latest_only.py
[2026-05-01T00:27:11.553+0000] {logging_mixin.py:188} INFO - [2026-05-01T00:27:11.553+0000] {dag.py:3089} INFO - Sync 1 DAGs
[2026-05-01T00:27:11.560+0000] {logging_mixin.py:188} INFO - [2026-05-01T00:27:11.560+0000] {dag.py:3947} INFO - Setting next_dagrun for latest_only to 2026-04-30 20:00:00+00:00, run_after=2026-05-01 00:00:00+00:00
[2026-05-01T00:27:11.570+0000] {processor.py:183} INFO - Processing /home/airflow/.local/lib/python3.12/site-packages/airflow/example_dags/example_latest_only.py took 0.031 seconds
[2026-05-01T00:27:42.272+0000] {processor.py:161} INFO - Started process (PID=58200) to work on /home/airflow/.local/lib/python3.12/site-packages/airflow/example_dags/example_latest_only.py
[2026-05-01T00:27:42.273+0000] {processor.py:830} INFO - Processing file /home/airflow/.local/lib/python3.12/site-packages/airflow/example_dags/example_latest_only.py for tasks to queue
[2026-05-01T00:27:42.273+0000] {logging_mixin.py:188} INFO - [2026-05-01T00:27:42.273+0000] {dagbag.py:545} INFO - Filling up the DagBag from /home/airflow/.local/lib/python3.12/site-packages/airflow/example_dags/example_latest_only.py
[2026-05-01T00:27:42.275+0000] {processor.py:840} INFO - DAG(s) 'latest_only' retrieved from /home/airflow/.local/lib/python3.12/site-packages/airflow/example_dags/example_latest_only.py
[2026-05-01T00:27:42.287+0000] {logging_mixin.py:188} INFO - [2026-05-01T00:27:42.286+0000] {dag.py:3089} INFO - Sync 1 DAGs
[2026-05-01T00:27:42.294+0000] {logging_mixin.py:188} INFO - [2026-05-01T00:27:42.294+0000] {dag.py:3947} INFO - Setting next_dagrun for latest_only to 2026-04-30 20:00:00+00:00, run_after=2026-05-01 00:00:00+00:00
[2026-05-01T00:27:42.304+0000] {processor.py:183} INFO - Processing /home/airflow/.local/lib/python3.12/site-packages/airflow/example_dags/example_latest_only.py took 0.034 seconds
[2026-05-01T00:28:13.082+0000] {processor.py:161} INFO - Started process (PID=58259) to work on /home/airflow/.local/lib/python3.12/site-packages/airflow/example_dags/example_latest_only.py
[2026-05-01T00:28:13.083+0000] {processor.py:830} INFO - Processing file /home/airflow/.local/lib/python3.12/site-packages/airflow/example_dags/example_latest_only.py for tasks to queue
[2026-05-01T00:28:13.083+0000] {logging_mixin.py:188} INFO - [2026-05-01T00:28:13.083+0000] {dagbag.py:545} INFO - Filling up the DagBag from /home/airflow/.local/lib/python3.12/site-packages/airflow/example_dags/example_latest_only.py
[2026-05-01T00:28:13.085+0000] {processor.py:840} INFO - DAG(s) 'latest_only' retrieved from /home/airflow/.local/lib/python3.12/site-packages/airflow/example_dags/example_latest_only.py
[2026-05-01T00:28:13.097+0000] {logging_mixin.py:188} INFO - [2026-05-01T00:28:13.097+0000] {dag.py:3089} INFO - Sync 1 DAGs
[2026-05-01T00:28:13.107+0000] {logging_mixin.py:188} INFO - [2026-05-01T00:28:13.107+0000] {dag.py:3947} INFO - Setting next_dagrun for latest_only to 2026-04-30 20:00:00+00:00, run_after=2026-05-01 00:00:00+00:00
[2026-05-01T00:28:13.117+0000] {processor.py:183} INFO - Processing /home/airflow/.local/lib/python3.12/site-packages/airflow/example_dags/example_latest_only.py took 0.037 seconds
[2026-05-01T00:28:43.906+0000] {processor.py:161} INFO - Started process (PID=58319) to work on /home/airflow/.local/lib/python3.12/site-packages/airflow/example_dags/example_latest_only.py
[2026-05-01T00:28:43.907+0000] {processor.py:830} INFO - Processing file /home/airflow/.local/lib/python3.12/site-packages/airflow/example_dags/example_latest_only.py for tasks to queue
[2026-05-01T00:28:43.907+0000] {logging_mixin.py:188} INFO - [2026-05-01T00:28:43.907+0000] {dagbag.py:545} INFO - Filling up the DagBag from /home/airflow/.local/lib/python3.12/site-packages/airflow/example_dags/example_latest_only.py
[2026-05-01T00:28:43.910+0000] {processor.py:840} INFO - DAG(s) 'latest_only' retrieved from /home/airflow/.local/lib/python3.12/site-packages/airflow/example_dags/example_latest_only.py
[2026-05-01T00:28:43.920+0000] {logging_mixin.py:188} INFO - [2026-05-01T00:28:43.920+0000] {dag.py:3089} INFO - Sync 1 DAGs
[2026-05-01T00:28:43.928+0000] {logging_mixin.py:188} INFO - [2026-05-01T00:28:43.928+0000] {dag.py:3947} INFO - Setting next_dagrun for latest_only to 2026-04-30 20:00:00+00:00, run_after=2026-05-01 00:00:00+00:00
[2026-05-01T00:28:43.939+0000] {processor.py:183} INFO - Processing /home/airflow/.local/lib/python3.12/site-packages/airflow/example_dags/example_latest_only.py took 0.036 seconds
[2026-05-01T00:29:14.843+0000] {processor.py:161} INFO - Started process (PID=58379) to work on /home/airflow/.local/lib/python3.12/site-packages/airflow/example_dags/example_latest_only.py
[2026-05-01T00:29:14.844+0000] {processor.py:830} INFO - Processing file /home/airflow/.local/lib/python3.12/site-packages/airflow/example_dags/example_latest_only.py for tasks to queue
[2026-05-01T00:29:14.845+0000] {logging_mixin.py:188} INFO - [2026-05-01T00:29:14.845+0000] {dagbag.py:545} INFO - Filling up the DagBag from /home/airflow/.local/lib/python3.12/site-packages/airflow/example_dags/example_latest_only.py
[2026-05-01T00:29:14.849+0000] {processor.py:840} INFO - DAG(s) 'latest_only' retrieved from /home/airflow/.local/lib/python3.12/site-packages/airflow/example_dags/example_latest_only.py
[2026-05-01T00:29:14.860+0000] {logging_mixin.py:188} INFO - [2026-05-01T00:29:14.860+0000] {dag.py:3089} INFO - Sync 1 DAGs
[2026-05-01T00:29:14.870+0000] {logging_mixin.py:188} INFO - [2026-05-01T00:29:14.870+0000] {dag.py:3947} INFO - Setting next_dagrun for latest_only to 2026-04-30 20:00:00+00:00, run_after=2026-05-01 00:00:00+00:00
[2026-05-01T00:29:14.877+0000] {processor.py:183} INFO - Processing /home/airflow/.local/lib/python3.12/site-packages/airflow/example_dags/example_latest_only.py took 0.037 seconds
[2026-05-01T00:29:44.917+0000] {processor.py:161} INFO - Started process (PID=58439) to work on /home/airflow/.local/lib/python3.12/site-packages/airflow/example_dags/example_latest_only.py
[2026-05-01T00:29:44.918+0000] {processor.py:830} INFO - Processing file /home/airflow/.local/lib/python3.12/site-packages/airflow/example_dags/example_latest_only.py for tasks to queue
[2026-05-01T00:29:44.919+0000] {logging_mixin.py:188} INFO - [2026-05-01T00:29:44.919+0000] {dagbag.py:545} INFO - Filling up the DagBag from /home/airflow/.local/lib/python3.12/site-packages/airflow/example_dags/example_latest_only.py
[2026-05-01T00:29:44.921+0000] {processor.py:840} INFO - DAG(s) 'latest_only' retrieved from /home/airflow/.local/lib/python3.12/site-packages/airflow/example_dags/example_latest_only.py
[2026-05-01T00:29:44.932+0000] {logging_mixin.py:188} INFO - [2026-05-01T00:29:44.932+0000] {dag.py:3089} INFO - Sync 1 DAGs
[2026-05-01T00:29:44.944+0000] {logging_mixin.py:188} INFO - [2026-05-01T00:29:44.944+0000] {dag.py:3947} INFO - Setting next_dagrun for latest_only to 2026-04-30 20:00:00+00:00, run_after=2026-05-01 00:00:00+00:00
[2026-05-01T00:29:44.954+0000] {processor.py:183} INFO - Processing /home/airflow/.local/lib/python3.12/site-packages/airflow/example_dags/example_latest_only.py took 0.040 seconds
