[2026-05-01T00:00:07.262+0000] {processor.py:161} INFO - Started process (PID=54957) to work on /home/airflow/.local/lib/python3.12/site-packages/airflow/example_dags/example_nested_branch_dag.py
[2026-05-01T00:00:07.262+0000] {processor.py:830} INFO - Processing file /home/airflow/.local/lib/python3.12/site-packages/airflow/example_dags/example_nested_branch_dag.py for tasks to queue
[2026-05-01T00:00:07.263+0000] {logging_mixin.py:188} INFO - [2026-05-01T00:00:07.263+0000] {dagbag.py:545} INFO - Filling up the DagBag from /home/airflow/.local/lib/python3.12/site-packages/airflow/example_dags/example_nested_branch_dag.py
[2026-05-01T00:00:07.268+0000] {processor.py:840} INFO - DAG(s) 'example_nested_branch_dag' retrieved from /home/airflow/.local/lib/python3.12/site-packages/airflow/example_dags/example_nested_branch_dag.py
[2026-05-01T00:00:07.279+0000] {logging_mixin.py:188} INFO - [2026-05-01T00:00:07.279+0000] {dag.py:3089} INFO - Sync 1 DAGs
[2026-05-01T00:00:07.286+0000] {logging_mixin.py:188} INFO - [2026-05-01T00:00:07.286+0000] {dag.py:3947} INFO - Setting next_dagrun for example_nested_branch_dag to 2026-04-30 00:00:00+00:00, run_after=2026-05-01 00:00:00+00:00
[2026-05-01T00:00:07.292+0000] {processor.py:183} INFO - Processing /home/airflow/.local/lib/python3.12/site-packages/airflow/example_dags/example_nested_branch_dag.py took 0.033 seconds
[2026-05-01T00:00:38.057+0000] {processor.py:161} INFO - Started process (PID=55017) to work on /home/airflow/.local/lib/python3.12/site-packages/airflow/example_dags/example_nested_branch_dag.py
[2026-05-01T00:00:38.057+0000] {processor.py:830} INFO - Processing file /home/airflow/.local/lib/python3.12/site-packages/airflow/example_dags/example_nested_branch_dag.py for tasks to queue
[2026-05-01T00:00:38.058+0000] {logging_mixin.py:188} INFO - [2026-05-01T00:00:38.058+0000] {dagbag.py:545} INFO - Filling up the DagBag from /home/airflow/.local/lib/python3.12/site-packages/airflow/example_dags/example_nested_branch_dag.py
[2026-05-01T00:00:38.063+0000] {processor.py:840} INFO - DAG(s) 'example_nested_branch_dag' retrieved from /home/airflow/.local/lib/python3.12/site-packages/airflow/example_dags/example_nested_branch_dag.py
[2026-05-01T00:00:38.073+0000] {logging_mixin.py:188} INFO - [2026-05-01T00:00:38.073+0000] {dag.py:3089} INFO - Sync 1 DAGs
[2026-05-01T00:00:38.083+0000] {logging_mixin.py:188} INFO - [2026-05-01T00:00:38.083+0000] {dag.py:3947} INFO - Setting next_dagrun for example_nested_branch_dag to 2026-04-30 00:00:00+00:00, run_after=2026-05-01 00:00:00+00:00
[2026-05-01T00:00:38.090+0000] {processor.py:183} INFO - Processing /home/airflow/.local/lib/python3.12/site-packages/airflow/example_dags/example_nested_branch_dag.py took 0.036 seconds
[2026-05-01T00:01:08.787+0000] {processor.py:161} INFO - Started process (PID=55077) to work on /home/airflow/.local/lib/python3.12/site-packages/airflow/example_dags/example_nested_branch_dag.py
[2026-05-01T00:01:08.788+0000] {processor.py:830} INFO - Processing file /home/airflow/.local/lib/python3.12/site-packages/airflow/example_dags/example_nested_branch_dag.py for tasks to queue
[2026-05-01T00:01:08.789+0000] {logging_mixin.py:188} INFO - [2026-05-01T00:01:08.788+0000] {dagbag.py:545} INFO - Filling up the DagBag from /home/airflow/.local/lib/python3.12/site-packages/airflow/example_dags/example_nested_branch_dag.py
[2026-05-01T00:01:08.793+0000] {processor.py:840} INFO - DAG(s) 'example_nested_branch_dag' retrieved from /home/airflow/.local/lib/python3.12/site-packages/airflow/example_dags/example_nested_branch_dag.py
[2026-05-01T00:01:08.806+0000] {logging_mixin.py:188} INFO - [2026-05-01T00:01:08.806+0000] {dag.py:3089} INFO - Sync 1 DAGs
[2026-05-01T00:01:08.815+0000] {logging_mixin.py:188} INFO - [2026-05-01T00:01:08.815+0000] {dag.py:3947} INFO - Setting next_dagrun for example_nested_branch_dag to 2026-04-30 00:00:00+00:00, run_after=2026-05-01 00:00:00+00:00
[2026-05-01T00:01:08.821+0000] {processor.py:183} INFO - Processing /home/airflow/.local/lib/python3.12/site-packages/airflow/example_dags/example_nested_branch_dag.py took 0.036 seconds
[2026-05-01T00:01:39.578+0000] {processor.py:161} INFO - Started process (PID=55137) to work on /home/airflow/.local/lib/python3.12/site-packages/airflow/example_dags/example_nested_branch_dag.py
[2026-05-01T00:01:39.578+0000] {processor.py:830} INFO - Processing file /home/airflow/.local/lib/python3.12/site-packages/airflow/example_dags/example_nested_branch_dag.py for tasks to queue
[2026-05-01T00:01:39.579+0000] {logging_mixin.py:188} INFO - [2026-05-01T00:01:39.579+0000] {dagbag.py:545} INFO - Filling up the DagBag from /home/airflow/.local/lib/python3.12/site-packages/airflow/example_dags/example_nested_branch_dag.py
[2026-05-01T00:01:39.583+0000] {processor.py:840} INFO - DAG(s) 'example_nested_branch_dag' retrieved from /home/airflow/.local/lib/python3.12/site-packages/airflow/example_dags/example_nested_branch_dag.py
[2026-05-01T00:01:39.595+0000] {logging_mixin.py:188} INFO - [2026-05-01T00:01:39.595+0000] {dag.py:3089} INFO - Sync 1 DAGs
[2026-05-01T00:01:39.605+0000] {logging_mixin.py:188} INFO - [2026-05-01T00:01:39.605+0000] {dag.py:3947} INFO - Setting next_dagrun for example_nested_branch_dag to 2026-04-30 00:00:00+00:00, run_after=2026-05-01 00:00:00+00:00
[2026-05-01T00:01:39.620+0000] {processor.py:183} INFO - Processing /home/airflow/.local/lib/python3.12/site-packages/airflow/example_dags/example_nested_branch_dag.py took 0.044 seconds
[2026-05-01T00:02:11.336+0000] {processor.py:161} INFO - Started process (PID=55197) to work on /home/airflow/.local/lib/python3.12/site-packages/airflow/example_dags/example_nested_branch_dag.py
[2026-05-01T00:02:11.540+0000] {processor.py:830} INFO - Processing file /home/airflow/.local/lib/python3.12/site-packages/airflow/example_dags/example_nested_branch_dag.py for tasks to queue
[2026-05-01T00:02:11.545+0000] {logging_mixin.py:188} INFO - [2026-05-01T00:02:11.544+0000] {dagbag.py:545} INFO - Filling up the DagBag from /home/airflow/.local/lib/python3.12/site-packages/airflow/example_dags/example_nested_branch_dag.py
[2026-05-01T00:02:11.836+0000] {processor.py:840} INFO - DAG(s) 'example_nested_branch_dag' retrieved from /home/airflow/.local/lib/python3.12/site-packages/airflow/example_dags/example_nested_branch_dag.py
[2026-05-01T00:02:12.258+0000] {logging_mixin.py:188} INFO - [2026-05-01T00:02:12.258+0000] {dag.py:3089} INFO - Sync 1 DAGs
[2026-05-01T00:02:12.641+0000] {logging_mixin.py:188} INFO - [2026-05-01T00:02:12.641+0000] {dag.py:3947} INFO - Setting next_dagrun for example_nested_branch_dag to 2026-04-30 00:00:00+00:00, run_after=2026-05-01 00:00:00+00:00
[2026-05-01T00:02:13.430+0000] {processor.py:183} INFO - Processing /home/airflow/.local/lib/python3.12/site-packages/airflow/example_dags/example_nested_branch_dag.py took 2.104 seconds
[2026-05-01T00:02:43.907+0000] {processor.py:161} INFO - Started process (PID=55257) to work on /home/airflow/.local/lib/python3.12/site-packages/airflow/example_dags/example_nested_branch_dag.py
[2026-05-01T00:02:43.909+0000] {processor.py:830} INFO - Processing file /home/airflow/.local/lib/python3.12/site-packages/airflow/example_dags/example_nested_branch_dag.py for tasks to queue
[2026-05-01T00:02:43.911+0000] {logging_mixin.py:188} INFO - [2026-05-01T00:02:43.910+0000] {dagbag.py:545} INFO - Filling up the DagBag from /home/airflow/.local/lib/python3.12/site-packages/airflow/example_dags/example_nested_branch_dag.py
[2026-05-01T00:02:43.919+0000] {processor.py:840} INFO - DAG(s) 'example_nested_branch_dag' retrieved from /home/airflow/.local/lib/python3.12/site-packages/airflow/example_dags/example_nested_branch_dag.py
[2026-05-01T00:02:43.931+0000] {logging_mixin.py:188} INFO - [2026-05-01T00:02:43.931+0000] {dag.py:3089} INFO - Sync 1 DAGs
[2026-05-01T00:02:43.942+0000] {logging_mixin.py:188} INFO - [2026-05-01T00:02:43.942+0000] {dag.py:3947} INFO - Setting next_dagrun for example_nested_branch_dag to 2026-04-30 00:00:00+00:00, run_after=2026-05-01 00:00:00+00:00
[2026-05-01T00:02:43.953+0000] {processor.py:183} INFO - Processing /home/airflow/.local/lib/python3.12/site-packages/airflow/example_dags/example_nested_branch_dag.py took 0.052 seconds
[2026-05-01T00:03:14.652+0000] {processor.py:161} INFO - Started process (PID=55317) to work on /home/airflow/.local/lib/python3.12/site-packages/airflow/example_dags/example_nested_branch_dag.py
[2026-05-01T00:03:14.654+0000] {processor.py:830} INFO - Processing file /home/airflow/.local/lib/python3.12/site-packages/airflow/example_dags/example_nested_branch_dag.py for tasks to queue
[2026-05-01T00:03:14.656+0000] {logging_mixin.py:188} INFO - [2026-05-01T00:03:14.656+0000] {dagbag.py:545} INFO - Filling up the DagBag from /home/airflow/.local/lib/python3.12/site-packages/airflow/example_dags/example_nested_branch_dag.py
[2026-05-01T00:03:14.666+0000] {processor.py:840} INFO - DAG(s) 'example_nested_branch_dag' retrieved from /home/airflow/.local/lib/python3.12/site-packages/airflow/example_dags/example_nested_branch_dag.py
[2026-05-01T00:03:14.680+0000] {logging_mixin.py:188} INFO - [2026-05-01T00:03:14.680+0000] {dag.py:3089} INFO - Sync 1 DAGs
[2026-05-01T00:03:14.694+0000] {logging_mixin.py:188} INFO - [2026-05-01T00:03:14.694+0000] {dag.py:3947} INFO - Setting next_dagrun for example_nested_branch_dag to 2026-04-30 00:00:00+00:00, run_after=2026-05-01 00:00:00+00:00
[2026-05-01T00:03:14.703+0000] {processor.py:183} INFO - Processing /home/airflow/.local/lib/python3.12/site-packages/airflow/example_dags/example_nested_branch_dag.py took 0.057 seconds
[2026-05-01T00:03:45.317+0000] {processor.py:161} INFO - Started process (PID=55377) to work on /home/airflow/.local/lib/python3.12/site-packages/airflow/example_dags/example_nested_branch_dag.py
[2026-05-01T00:03:45.319+0000] {processor.py:830} INFO - Processing file /home/airflow/.local/lib/python3.12/site-packages/airflow/example_dags/example_nested_branch_dag.py for tasks to queue
[2026-05-01T00:03:45.321+0000] {logging_mixin.py:188} INFO - [2026-05-01T00:03:45.321+0000] {dagbag.py:545} INFO - Filling up the DagBag from /home/airflow/.local/lib/python3.12/site-packages/airflow/example_dags/example_nested_branch_dag.py
[2026-05-01T00:03:45.332+0000] {processor.py:840} INFO - DAG(s) 'example_nested_branch_dag' retrieved from /home/airflow/.local/lib/python3.12/site-packages/airflow/example_dags/example_nested_branch_dag.py
[2026-05-01T00:03:45.349+0000] {logging_mixin.py:188} INFO - [2026-05-01T00:03:45.349+0000] {dag.py:3089} INFO - Sync 1 DAGs
[2026-05-01T00:03:45.362+0000] {logging_mixin.py:188} INFO - [2026-05-01T00:03:45.362+0000] {dag.py:3947} INFO - Setting next_dagrun for example_nested_branch_dag to 2026-04-30 00:00:00+00:00, run_after=2026-05-01 00:00:00+00:00
[2026-05-01T00:03:45.371+0000] {processor.py:183} INFO - Processing /home/airflow/.local/lib/python3.12/site-packages/airflow/example_dags/example_nested_branch_dag.py took 0.061 seconds
[2026-05-01T00:04:16.041+0000] {processor.py:161} INFO - Started process (PID=55437) to work on /home/airflow/.local/lib/python3.12/site-packages/airflow/example_dags/example_nested_branch_dag.py
[2026-05-01T00:04:16.042+0000] {processor.py:830} INFO - Processing file /home/airflow/.local/lib/python3.12/site-packages/airflow/example_dags/example_nested_branch_dag.py for tasks to queue
[2026-05-01T00:04:16.044+0000] {logging_mixin.py:188} INFO - [2026-05-01T00:04:16.044+0000] {dagbag.py:545} INFO - Filling up the DagBag from /home/airflow/.local/lib/python3.12/site-packages/airflow/example_dags/example_nested_branch_dag.py
[2026-05-01T00:04:16.055+0000] {processor.py:840} INFO - DAG(s) 'example_nested_branch_dag' retrieved from /home/airflow/.local/lib/python3.12/site-packages/airflow/example_dags/example_nested_branch_dag.py
[2026-05-01T00:04:16.071+0000] {logging_mixin.py:188} INFO - [2026-05-01T00:04:16.071+0000] {dag.py:3089} INFO - Sync 1 DAGs
[2026-05-01T00:04:16.084+0000] {logging_mixin.py:188} INFO - [2026-05-01T00:04:16.084+0000] {dag.py:3947} INFO - Setting next_dagrun for example_nested_branch_dag to 2026-04-30 00:00:00+00:00, run_after=2026-05-01 00:00:00+00:00
[2026-05-01T00:04:16.093+0000] {processor.py:183} INFO - Processing /home/airflow/.local/lib/python3.12/site-packages/airflow/example_dags/example_nested_branch_dag.py took 0.059 seconds
[2026-05-01T00:04:46.769+0000] {processor.py:161} INFO - Started process (PID=55497) to work on /home/airflow/.local/lib/python3.12/site-packages/airflow/example_dags/example_nested_branch_dag.py
[2026-05-01T00:04:46.770+0000] {processor.py:830} INFO - Processing file /home/airflow/.local/lib/python3.12/site-packages/airflow/example_dags/example_nested_branch_dag.py for tasks to queue
[2026-05-01T00:04:46.772+0000] {logging_mixin.py:188} INFO - [2026-05-01T00:04:46.772+0000] {dagbag.py:545} INFO - Filling up the DagBag from /home/airflow/.local/lib/python3.12/site-packages/airflow/example_dags/example_nested_branch_dag.py
[2026-05-01T00:04:46.780+0000] {processor.py:840} INFO - DAG(s) 'example_nested_branch_dag' retrieved from /home/airflow/.local/lib/python3.12/site-packages/airflow/example_dags/example_nested_branch_dag.py
[2026-05-01T00:04:46.801+0000] {logging_mixin.py:188} INFO - [2026-05-01T00:04:46.801+0000] {dag.py:3089} INFO - Sync 1 DAGs
[2026-05-01T00:04:46.813+0000] {logging_mixin.py:188} INFO - [2026-05-01T00:04:46.813+0000] {dag.py:3947} INFO - Setting next_dagrun for example_nested_branch_dag to 2026-04-30 00:00:00+00:00, run_after=2026-05-01 00:00:00+00:00
[2026-05-01T00:04:46.822+0000] {processor.py:183} INFO - Processing /home/airflow/.local/lib/python3.12/site-packages/airflow/example_dags/example_nested_branch_dag.py took 0.060 seconds
[2026-05-01T00:05:17.577+0000] {processor.py:161} INFO - Started process (PID=55558) to work on /home/airflow/.local/lib/python3.12/site-packages/airflow/example_dags/example_nested_branch_dag.py
[2026-05-01T00:05:17.579+0000] {processor.py:830} INFO - Processing file /home/airflow/.local/lib/python3.12/site-packages/airflow/example_dags/example_nested_branch_dag.py for tasks to queue
[2026-05-01T00:05:17.581+0000] {logging_mixin.py:188} INFO - [2026-05-01T00:05:17.581+0000] {dagbag.py:545} INFO - Filling up the DagBag from /home/airflow/.local/lib/python3.12/site-packages/airflow/example_dags/example_nested_branch_dag.py
[2026-05-01T00:05:17.593+0000] {processor.py:840} INFO - DAG(s) 'example_nested_branch_dag' retrieved from /home/airflow/.local/lib/python3.12/site-packages/airflow/example_dags/example_nested_branch_dag.py
[2026-05-01T00:05:17.607+0000] {logging_mixin.py:188} INFO - [2026-05-01T00:05:17.607+0000] {dag.py:3089} INFO - Sync 1 DAGs
[2026-05-01T00:05:17.619+0000] {logging_mixin.py:188} INFO - [2026-05-01T00:05:17.619+0000] {dag.py:3947} INFO - Setting next_dagrun for example_nested_branch_dag to 2026-04-30 00:00:00+00:00, run_after=2026-05-01 00:00:00+00:00
[2026-05-01T00:05:17.630+0000] {processor.py:183} INFO - Processing /home/airflow/.local/lib/python3.12/site-packages/airflow/example_dags/example_nested_branch_dag.py took 0.061 seconds
[2026-05-01T00:05:48.307+0000] {processor.py:161} INFO - Started process (PID=55618) to work on /home/airflow/.local/lib/python3.12/site-packages/airflow/example_dags/example_nested_branch_dag.py
[2026-05-01T00:05:48.311+0000] {processor.py:830} INFO - Processing file /home/airflow/.local/lib/python3.12/site-packages/airflow/example_dags/example_nested_branch_dag.py for tasks to queue
[2026-05-01T00:05:48.313+0000] {logging_mixin.py:188} INFO - [2026-05-01T00:05:48.313+0000] {dagbag.py:545} INFO - Filling up the DagBag from /home/airflow/.local/lib/python3.12/site-packages/airflow/example_dags/example_nested_branch_dag.py
[2026-05-01T00:05:48.322+0000] {processor.py:840} INFO - DAG(s) 'example_nested_branch_dag' retrieved from /home/airflow/.local/lib/python3.12/site-packages/airflow/example_dags/example_nested_branch_dag.py
[2026-05-01T00:05:48.337+0000] {logging_mixin.py:188} INFO - [2026-05-01T00:05:48.337+0000] {dag.py:3089} INFO - Sync 1 DAGs
[2026-05-01T00:05:48.347+0000] {logging_mixin.py:188} INFO - [2026-05-01T00:05:48.347+0000] {dag.py:3947} INFO - Setting next_dagrun for example_nested_branch_dag to 2026-04-30 00:00:00+00:00, run_after=2026-05-01 00:00:00+00:00
[2026-05-01T00:05:48.355+0000] {processor.py:183} INFO - Processing /home/airflow/.local/lib/python3.12/site-packages/airflow/example_dags/example_nested_branch_dag.py took 0.058 seconds
[2026-05-01T00:06:19.107+0000] {processor.py:161} INFO - Started process (PID=55678) to work on /home/airflow/.local/lib/python3.12/site-packages/airflow/example_dags/example_nested_branch_dag.py
[2026-05-01T00:06:19.109+0000] {processor.py:830} INFO - Processing file /home/airflow/.local/lib/python3.12/site-packages/airflow/example_dags/example_nested_branch_dag.py for tasks to queue
[2026-05-01T00:06:19.111+0000] {logging_mixin.py:188} INFO - [2026-05-01T00:06:19.111+0000] {dagbag.py:545} INFO - Filling up the DagBag from /home/airflow/.local/lib/python3.12/site-packages/airflow/example_dags/example_nested_branch_dag.py
[2026-05-01T00:06:19.120+0000] {processor.py:840} INFO - DAG(s) 'example_nested_branch_dag' retrieved from /home/airflow/.local/lib/python3.12/site-packages/airflow/example_dags/example_nested_branch_dag.py
[2026-05-01T00:06:19.138+0000] {logging_mixin.py:188} INFO - [2026-05-01T00:06:19.138+0000] {dag.py:3089} INFO - Sync 1 DAGs
[2026-05-01T00:06:19.148+0000] {logging_mixin.py:188} INFO - [2026-05-01T00:06:19.148+0000] {dag.py:3947} INFO - Setting next_dagrun for example_nested_branch_dag to 2026-04-30 00:00:00+00:00, run_after=2026-05-01 00:00:00+00:00
[2026-05-01T00:06:19.158+0000] {processor.py:183} INFO - Processing /home/airflow/.local/lib/python3.12/site-packages/airflow/example_dags/example_nested_branch_dag.py took 0.057 seconds
[2026-05-01T00:06:49.867+0000] {processor.py:161} INFO - Started process (PID=55738) to work on /home/airflow/.local/lib/python3.12/site-packages/airflow/example_dags/example_nested_branch_dag.py
[2026-05-01T00:06:49.869+0000] {processor.py:830} INFO - Processing file /home/airflow/.local/lib/python3.12/site-packages/airflow/example_dags/example_nested_branch_dag.py for tasks to queue
[2026-05-01T00:06:49.871+0000] {logging_mixin.py:188} INFO - [2026-05-01T00:06:49.870+0000] {dagbag.py:545} INFO - Filling up the DagBag from /home/airflow/.local/lib/python3.12/site-packages/airflow/example_dags/example_nested_branch_dag.py
[2026-05-01T00:06:49.883+0000] {processor.py:840} INFO - DAG(s) 'example_nested_branch_dag' retrieved from /home/airflow/.local/lib/python3.12/site-packages/airflow/example_dags/example_nested_branch_dag.py
[2026-05-01T00:06:49.900+0000] {logging_mixin.py:188} INFO - [2026-05-01T00:06:49.900+0000] {dag.py:3089} INFO - Sync 1 DAGs
[2026-05-01T00:06:49.908+0000] {logging_mixin.py:188} INFO - [2026-05-01T00:06:49.908+0000] {dag.py:3947} INFO - Setting next_dagrun for example_nested_branch_dag to 2026-04-30 00:00:00+00:00, run_after=2026-05-01 00:00:00+00:00
[2026-05-01T00:06:49.918+0000] {processor.py:183} INFO - Processing /home/airflow/.local/lib/python3.12/site-packages/airflow/example_dags/example_nested_branch_dag.py took 0.057 seconds
[2026-05-01T00:07:19.992+0000] {processor.py:161} INFO - Started process (PID=55798) to work on /home/airflow/.local/lib/python3.12/site-packages/airflow/example_dags/example_nested_branch_dag.py
[2026-05-01T00:07:19.993+0000] {processor.py:830} INFO - Processing file /home/airflow/.local/lib/python3.12/site-packages/airflow/example_dags/example_nested_branch_dag.py for tasks to queue
[2026-05-01T00:07:19.994+0000] {logging_mixin.py:188} INFO - [2026-05-01T00:07:19.994+0000] {dagbag.py:545} INFO - Filling up the DagBag from /home/airflow/.local/lib/python3.12/site-packages/airflow/example_dags/example_nested_branch_dag.py
[2026-05-01T00:07:20.002+0000] {processor.py:840} INFO - DAG(s) 'example_nested_branch_dag' retrieved from /home/airflow/.local/lib/python3.12/site-packages/airflow/example_dags/example_nested_branch_dag.py
[2026-05-01T00:07:20.022+0000] {logging_mixin.py:188} INFO - [2026-05-01T00:07:20.019+0000] {dag.py:3089} INFO - Sync 1 DAGs
[2026-05-01T00:07:20.034+0000] {logging_mixin.py:188} INFO - [2026-05-01T00:07:20.034+0000] {dag.py:3947} INFO - Setting next_dagrun for example_nested_branch_dag to 2026-04-30 00:00:00+00:00, run_after=2026-05-01 00:00:00+00:00
[2026-05-01T00:07:20.044+0000] {processor.py:183} INFO - Processing /home/airflow/.local/lib/python3.12/site-packages/airflow/example_dags/example_nested_branch_dag.py took 0.059 seconds
[2026-05-01T00:07:50.683+0000] {processor.py:161} INFO - Started process (PID=55858) to work on /home/airflow/.local/lib/python3.12/site-packages/airflow/example_dags/example_nested_branch_dag.py
[2026-05-01T00:07:50.686+0000] {processor.py:830} INFO - Processing file /home/airflow/.local/lib/python3.12/site-packages/airflow/example_dags/example_nested_branch_dag.py for tasks to queue
[2026-05-01T00:07:50.687+0000] {logging_mixin.py:188} INFO - [2026-05-01T00:07:50.687+0000] {dagbag.py:545} INFO - Filling up the DagBag from /home/airflow/.local/lib/python3.12/site-packages/airflow/example_dags/example_nested_branch_dag.py
[2026-05-01T00:07:50.696+0000] {processor.py:840} INFO - DAG(s) 'example_nested_branch_dag' retrieved from /home/airflow/.local/lib/python3.12/site-packages/airflow/example_dags/example_nested_branch_dag.py
[2026-05-01T00:07:50.711+0000] {logging_mixin.py:188} INFO - [2026-05-01T00:07:50.711+0000] {dag.py:3089} INFO - Sync 1 DAGs
[2026-05-01T00:07:50.724+0000] {logging_mixin.py:188} INFO - [2026-05-01T00:07:50.724+0000] {dag.py:3947} INFO - Setting next_dagrun for example_nested_branch_dag to 2026-04-30 00:00:00+00:00, run_after=2026-05-01 00:00:00+00:00
[2026-05-01T00:07:50.734+0000] {processor.py:183} INFO - Processing /home/airflow/.local/lib/python3.12/site-packages/airflow/example_dags/example_nested_branch_dag.py took 0.058 seconds
[2026-05-01T00:08:21.416+0000] {processor.py:161} INFO - Started process (PID=55918) to work on /home/airflow/.local/lib/python3.12/site-packages/airflow/example_dags/example_nested_branch_dag.py
[2026-05-01T00:08:21.418+0000] {processor.py:830} INFO - Processing file /home/airflow/.local/lib/python3.12/site-packages/airflow/example_dags/example_nested_branch_dag.py for tasks to queue
[2026-05-01T00:08:21.419+0000] {logging_mixin.py:188} INFO - [2026-05-01T00:08:21.419+0000] {dagbag.py:545} INFO - Filling up the DagBag from /home/airflow/.local/lib/python3.12/site-packages/airflow/example_dags/example_nested_branch_dag.py
[2026-05-01T00:08:21.430+0000] {processor.py:840} INFO - DAG(s) 'example_nested_branch_dag' retrieved from /home/airflow/.local/lib/python3.12/site-packages/airflow/example_dags/example_nested_branch_dag.py
[2026-05-01T00:08:21.446+0000] {logging_mixin.py:188} INFO - [2026-05-01T00:08:21.446+0000] {dag.py:3089} INFO - Sync 1 DAGs
[2026-05-01T00:08:21.455+0000] {logging_mixin.py:188} INFO - [2026-05-01T00:08:21.455+0000] {dag.py:3947} INFO - Setting next_dagrun for example_nested_branch_dag to 2026-04-30 00:00:00+00:00, run_after=2026-05-01 00:00:00+00:00
[2026-05-01T00:08:21.465+0000] {processor.py:183} INFO - Processing /home/airflow/.local/lib/python3.12/site-packages/airflow/example_dags/example_nested_branch_dag.py took 0.056 seconds
[2026-05-01T00:08:52.452+0000] {processor.py:161} INFO - Started process (PID=55979) to work on /home/airflow/.local/lib/python3.12/site-packages/airflow/example_dags/example_nested_branch_dag.py
[2026-05-01T00:08:52.455+0000] {processor.py:830} INFO - Processing file /home/airflow/.local/lib/python3.12/site-packages/airflow/example_dags/example_nested_branch_dag.py for tasks to queue
[2026-05-01T00:08:52.457+0000] {logging_mixin.py:188} INFO - [2026-05-01T00:08:52.457+0000] {dagbag.py:545} INFO - Filling up the DagBag from /home/airflow/.local/lib/python3.12/site-packages/airflow/example_dags/example_nested_branch_dag.py
[2026-05-01T00:08:52.467+0000] {processor.py:840} INFO - DAG(s) 'example_nested_branch_dag' retrieved from /home/airflow/.local/lib/python3.12/site-packages/airflow/example_dags/example_nested_branch_dag.py
[2026-05-01T00:08:52.554+0000] {logging_mixin.py:188} INFO - [2026-05-01T00:08:52.554+0000] {dag.py:3089} INFO - Sync 1 DAGs
[2026-05-01T00:08:52.561+0000] {logging_mixin.py:188} INFO - [2026-05-01T00:08:52.561+0000] {dag.py:3947} INFO - Setting next_dagrun for example_nested_branch_dag to 2026-04-30 00:00:00+00:00, run_after=2026-05-01 00:00:00+00:00
[2026-05-01T00:08:52.570+0000] {processor.py:183} INFO - Processing /home/airflow/.local/lib/python3.12/site-packages/airflow/example_dags/example_nested_branch_dag.py took 0.125 seconds
[2026-05-01T00:09:23.411+0000] {processor.py:161} INFO - Started process (PID=56039) to work on /home/airflow/.local/lib/python3.12/site-packages/airflow/example_dags/example_nested_branch_dag.py
[2026-05-01T00:09:23.413+0000] {processor.py:830} INFO - Processing file /home/airflow/.local/lib/python3.12/site-packages/airflow/example_dags/example_nested_branch_dag.py for tasks to queue
[2026-05-01T00:09:23.416+0000] {logging_mixin.py:188} INFO - [2026-05-01T00:09:23.415+0000] {dagbag.py:545} INFO - Filling up the DagBag from /home/airflow/.local/lib/python3.12/site-packages/airflow/example_dags/example_nested_branch_dag.py
[2026-05-01T00:09:23.425+0000] {processor.py:840} INFO - DAG(s) 'example_nested_branch_dag' retrieved from /home/airflow/.local/lib/python3.12/site-packages/airflow/example_dags/example_nested_branch_dag.py
[2026-05-01T00:09:23.442+0000] {logging_mixin.py:188} INFO - [2026-05-01T00:09:23.442+0000] {dag.py:3089} INFO - Sync 1 DAGs
[2026-05-01T00:09:23.454+0000] {logging_mixin.py:188} INFO - [2026-05-01T00:09:23.454+0000] {dag.py:3947} INFO - Setting next_dagrun for example_nested_branch_dag to 2026-04-30 00:00:00+00:00, run_after=2026-05-01 00:00:00+00:00
[2026-05-01T00:09:23.464+0000] {processor.py:183} INFO - Processing /home/airflow/.local/lib/python3.12/site-packages/airflow/example_dags/example_nested_branch_dag.py took 0.059 seconds
[2026-05-01T00:09:54.185+0000] {processor.py:161} INFO - Started process (PID=56099) to work on /home/airflow/.local/lib/python3.12/site-packages/airflow/example_dags/example_nested_branch_dag.py
[2026-05-01T00:09:54.187+0000] {processor.py:830} INFO - Processing file /home/airflow/.local/lib/python3.12/site-packages/airflow/example_dags/example_nested_branch_dag.py for tasks to queue
[2026-05-01T00:09:54.189+0000] {logging_mixin.py:188} INFO - [2026-05-01T00:09:54.189+0000] {dagbag.py:545} INFO - Filling up the DagBag from /home/airflow/.local/lib/python3.12/site-packages/airflow/example_dags/example_nested_branch_dag.py
[2026-05-01T00:09:54.197+0000] {processor.py:840} INFO - DAG(s) 'example_nested_branch_dag' retrieved from /home/airflow/.local/lib/python3.12/site-packages/airflow/example_dags/example_nested_branch_dag.py
[2026-05-01T00:09:54.212+0000] {logging_mixin.py:188} INFO - [2026-05-01T00:09:54.212+0000] {dag.py:3089} INFO - Sync 1 DAGs
[2026-05-01T00:09:54.224+0000] {logging_mixin.py:188} INFO - [2026-05-01T00:09:54.224+0000] {dag.py:3947} INFO - Setting next_dagrun for example_nested_branch_dag to 2026-04-30 00:00:00+00:00, run_after=2026-05-01 00:00:00+00:00
[2026-05-01T00:09:54.233+0000] {processor.py:183} INFO - Processing /home/airflow/.local/lib/python3.12/site-packages/airflow/example_dags/example_nested_branch_dag.py took 0.057 seconds
[2026-05-01T00:10:24.877+0000] {processor.py:161} INFO - Started process (PID=56159) to work on /home/airflow/.local/lib/python3.12/site-packages/airflow/example_dags/example_nested_branch_dag.py
[2026-05-01T00:10:24.879+0000] {processor.py:830} INFO - Processing file /home/airflow/.local/lib/python3.12/site-packages/airflow/example_dags/example_nested_branch_dag.py for tasks to queue
[2026-05-01T00:10:24.880+0000] {logging_mixin.py:188} INFO - [2026-05-01T00:10:24.880+0000] {dagbag.py:545} INFO - Filling up the DagBag from /home/airflow/.local/lib/python3.12/site-packages/airflow/example_dags/example_nested_branch_dag.py
[2026-05-01T00:10:24.891+0000] {processor.py:840} INFO - DAG(s) 'example_nested_branch_dag' retrieved from /home/airflow/.local/lib/python3.12/site-packages/airflow/example_dags/example_nested_branch_dag.py
[2026-05-01T00:10:24.909+0000] {logging_mixin.py:188} INFO - [2026-05-01T00:10:24.909+0000] {dag.py:3089} INFO - Sync 1 DAGs
[2026-05-01T00:10:24.919+0000] {logging_mixin.py:188} INFO - [2026-05-01T00:10:24.919+0000] {dag.py:3947} INFO - Setting next_dagrun for example_nested_branch_dag to 2026-04-30 00:00:00+00:00, run_after=2026-05-01 00:00:00+00:00
[2026-05-01T00:10:24.929+0000] {processor.py:183} INFO - Processing /home/airflow/.local/lib/python3.12/site-packages/airflow/example_dags/example_nested_branch_dag.py took 0.059 seconds
[2026-05-01T00:10:54.979+0000] {processor.py:161} INFO - Started process (PID=56219) to work on /home/airflow/.local/lib/python3.12/site-packages/airflow/example_dags/example_nested_branch_dag.py
[2026-05-01T00:10:54.981+0000] {processor.py:830} INFO - Processing file /home/airflow/.local/lib/python3.12/site-packages/airflow/example_dags/example_nested_branch_dag.py for tasks to queue
[2026-05-01T00:10:54.983+0000] {logging_mixin.py:188} INFO - [2026-05-01T00:10:54.982+0000] {dagbag.py:545} INFO - Filling up the DagBag from /home/airflow/.local/lib/python3.12/site-packages/airflow/example_dags/example_nested_branch_dag.py
[2026-05-01T00:10:54.996+0000] {processor.py:840} INFO - DAG(s) 'example_nested_branch_dag' retrieved from /home/airflow/.local/lib/python3.12/site-packages/airflow/example_dags/example_nested_branch_dag.py
[2026-05-01T00:10:55.015+0000] {logging_mixin.py:188} INFO - [2026-05-01T00:10:55.015+0000] {dag.py:3089} INFO - Sync 1 DAGs
[2026-05-01T00:10:55.027+0000] {logging_mixin.py:188} INFO - [2026-05-01T00:10:55.027+0000] {dag.py:3947} INFO - Setting next_dagrun for example_nested_branch_dag to 2026-04-30 00:00:00+00:00, run_after=2026-05-01 00:00:00+00:00
[2026-05-01T00:10:55.037+0000] {processor.py:183} INFO - Processing /home/airflow/.local/lib/python3.12/site-packages/airflow/example_dags/example_nested_branch_dag.py took 0.066 seconds
[2026-05-01T00:11:25.774+0000] {processor.py:161} INFO - Started process (PID=56279) to work on /home/airflow/.local/lib/python3.12/site-packages/airflow/example_dags/example_nested_branch_dag.py
[2026-05-01T00:11:25.776+0000] {processor.py:830} INFO - Processing file /home/airflow/.local/lib/python3.12/site-packages/airflow/example_dags/example_nested_branch_dag.py for tasks to queue
[2026-05-01T00:11:25.778+0000] {logging_mixin.py:188} INFO - [2026-05-01T00:11:25.778+0000] {dagbag.py:545} INFO - Filling up the DagBag from /home/airflow/.local/lib/python3.12/site-packages/airflow/example_dags/example_nested_branch_dag.py
[2026-05-01T00:11:25.790+0000] {processor.py:840} INFO - DAG(s) 'example_nested_branch_dag' retrieved from /home/airflow/.local/lib/python3.12/site-packages/airflow/example_dags/example_nested_branch_dag.py
[2026-05-01T00:11:25.810+0000] {logging_mixin.py:188} INFO - [2026-05-01T00:11:25.809+0000] {dag.py:3089} INFO - Sync 1 DAGs
[2026-05-01T00:11:25.822+0000] {logging_mixin.py:188} INFO - [2026-05-01T00:11:25.822+0000] {dag.py:3947} INFO - Setting next_dagrun for example_nested_branch_dag to 2026-04-30 00:00:00+00:00, run_after=2026-05-01 00:00:00+00:00
[2026-05-01T00:11:25.832+0000] {processor.py:183} INFO - Processing /home/airflow/.local/lib/python3.12/site-packages/airflow/example_dags/example_nested_branch_dag.py took 0.064 seconds
[2026-05-01T00:11:56.396+0000] {processor.py:161} INFO - Started process (PID=56339) to work on /home/airflow/.local/lib/python3.12/site-packages/airflow/example_dags/example_nested_branch_dag.py
[2026-05-01T00:11:56.398+0000] {processor.py:830} INFO - Processing file /home/airflow/.local/lib/python3.12/site-packages/airflow/example_dags/example_nested_branch_dag.py for tasks to queue
[2026-05-01T00:11:56.400+0000] {logging_mixin.py:188} INFO - [2026-05-01T00:11:56.400+0000] {dagbag.py:545} INFO - Filling up the DagBag from /home/airflow/.local/lib/python3.12/site-packages/airflow/example_dags/example_nested_branch_dag.py
[2026-05-01T00:11:56.409+0000] {processor.py:840} INFO - DAG(s) 'example_nested_branch_dag' retrieved from /home/airflow/.local/lib/python3.12/site-packages/airflow/example_dags/example_nested_branch_dag.py
[2026-05-01T00:11:56.425+0000] {logging_mixin.py:188} INFO - [2026-05-01T00:11:56.425+0000] {dag.py:3089} INFO - Sync 1 DAGs
[2026-05-01T00:11:56.436+0000] {logging_mixin.py:188} INFO - [2026-05-01T00:11:56.436+0000] {dag.py:3947} INFO - Setting next_dagrun for example_nested_branch_dag to 2026-04-30 00:00:00+00:00, run_after=2026-05-01 00:00:00+00:00
[2026-05-01T00:11:56.446+0000] {processor.py:183} INFO - Processing /home/airflow/.local/lib/python3.12/site-packages/airflow/example_dags/example_nested_branch_dag.py took 0.057 seconds
[2026-05-01T00:12:27.097+0000] {processor.py:161} INFO - Started process (PID=56399) to work on /home/airflow/.local/lib/python3.12/site-packages/airflow/example_dags/example_nested_branch_dag.py
[2026-05-01T00:12:27.098+0000] {processor.py:830} INFO - Processing file /home/airflow/.local/lib/python3.12/site-packages/airflow/example_dags/example_nested_branch_dag.py for tasks to queue
[2026-05-01T00:12:27.101+0000] {logging_mixin.py:188} INFO - [2026-05-01T00:12:27.101+0000] {dagbag.py:545} INFO - Filling up the DagBag from /home/airflow/.local/lib/python3.12/site-packages/airflow/example_dags/example_nested_branch_dag.py
[2026-05-01T00:12:27.113+0000] {processor.py:840} INFO - DAG(s) 'example_nested_branch_dag' retrieved from /home/airflow/.local/lib/python3.12/site-packages/airflow/example_dags/example_nested_branch_dag.py
[2026-05-01T00:12:27.130+0000] {logging_mixin.py:188} INFO - [2026-05-01T00:12:27.129+0000] {dag.py:3089} INFO - Sync 1 DAGs
[2026-05-01T00:12:27.141+0000] {logging_mixin.py:188} INFO - [2026-05-01T00:12:27.141+0000] {dag.py:3947} INFO - Setting next_dagrun for example_nested_branch_dag to 2026-04-30 00:00:00+00:00, run_after=2026-05-01 00:00:00+00:00
[2026-05-01T00:12:27.150+0000] {processor.py:183} INFO - Processing /home/airflow/.local/lib/python3.12/site-packages/airflow/example_dags/example_nested_branch_dag.py took 0.062 seconds
[2026-05-01T00:12:57.883+0000] {processor.py:161} INFO - Started process (PID=56459) to work on /home/airflow/.local/lib/python3.12/site-packages/airflow/example_dags/example_nested_branch_dag.py
[2026-05-01T00:12:57.884+0000] {processor.py:830} INFO - Processing file /home/airflow/.local/lib/python3.12/site-packages/airflow/example_dags/example_nested_branch_dag.py for tasks to queue
[2026-05-01T00:12:57.886+0000] {logging_mixin.py:188} INFO - [2026-05-01T00:12:57.886+0000] {dagbag.py:545} INFO - Filling up the DagBag from /home/airflow/.local/lib/python3.12/site-packages/airflow/example_dags/example_nested_branch_dag.py
[2026-05-01T00:12:57.895+0000] {processor.py:840} INFO - DAG(s) 'example_nested_branch_dag' retrieved from /home/airflow/.local/lib/python3.12/site-packages/airflow/example_dags/example_nested_branch_dag.py
[2026-05-01T00:12:57.915+0000] {logging_mixin.py:188} INFO - [2026-05-01T00:12:57.915+0000] {dag.py:3089} INFO - Sync 1 DAGs
[2026-05-01T00:12:57.927+0000] {logging_mixin.py:188} INFO - [2026-05-01T00:12:57.927+0000] {dag.py:3947} INFO - Setting next_dagrun for example_nested_branch_dag to 2026-04-30 00:00:00+00:00, run_after=2026-05-01 00:00:00+00:00
[2026-05-01T00:12:57.936+0000] {processor.py:183} INFO - Processing /home/airflow/.local/lib/python3.12/site-packages/airflow/example_dags/example_nested_branch_dag.py took 0.062 seconds
[2026-05-01T00:13:28.651+0000] {processor.py:161} INFO - Started process (PID=56519) to work on /home/airflow/.local/lib/python3.12/site-packages/airflow/example_dags/example_nested_branch_dag.py
[2026-05-01T00:13:28.658+0000] {processor.py:830} INFO - Processing file /home/airflow/.local/lib/python3.12/site-packages/airflow/example_dags/example_nested_branch_dag.py for tasks to queue
[2026-05-01T00:13:28.699+0000] {logging_mixin.py:188} INFO - [2026-05-01T00:13:28.697+0000] {dagbag.py:545} INFO - Filling up the DagBag from /home/airflow/.local/lib/python3.12/site-packages/airflow/example_dags/example_nested_branch_dag.py
[2026-05-01T00:13:28.830+0000] {processor.py:840} INFO - DAG(s) 'example_nested_branch_dag' retrieved from /home/airflow/.local/lib/python3.12/site-packages/airflow/example_dags/example_nested_branch_dag.py
[2026-05-01T00:13:29.222+0000] {logging_mixin.py:188} INFO - [2026-05-01T00:13:29.222+0000] {dag.py:3089} INFO - Sync 1 DAGs
[2026-05-01T00:13:29.262+0000] {logging_mixin.py:188} INFO - [2026-05-01T00:13:29.261+0000] {dag.py:3947} INFO - Setting next_dagrun for example_nested_branch_dag to 2026-04-30 00:00:00+00:00, run_after=2026-05-01 00:00:00+00:00
[2026-05-01T00:13:29.292+0000] {processor.py:183} INFO - Processing /home/airflow/.local/lib/python3.12/site-packages/airflow/example_dags/example_nested_branch_dag.py took 0.661 seconds
[2026-05-01T00:13:59.955+0000] {processor.py:161} INFO - Started process (PID=56579) to work on /home/airflow/.local/lib/python3.12/site-packages/airflow/example_dags/example_nested_branch_dag.py
[2026-05-01T00:13:59.956+0000] {processor.py:830} INFO - Processing file /home/airflow/.local/lib/python3.12/site-packages/airflow/example_dags/example_nested_branch_dag.py for tasks to queue
[2026-05-01T00:13:59.958+0000] {logging_mixin.py:188} INFO - [2026-05-01T00:13:59.958+0000] {dagbag.py:545} INFO - Filling up the DagBag from /home/airflow/.local/lib/python3.12/site-packages/airflow/example_dags/example_nested_branch_dag.py
[2026-05-01T00:13:59.964+0000] {processor.py:840} INFO - DAG(s) 'example_nested_branch_dag' retrieved from /home/airflow/.local/lib/python3.12/site-packages/airflow/example_dags/example_nested_branch_dag.py
[2026-05-01T00:13:59.983+0000] {logging_mixin.py:188} INFO - [2026-05-01T00:13:59.983+0000] {dag.py:3089} INFO - Sync 1 DAGs
[2026-05-01T00:13:59.998+0000] {logging_mixin.py:188} INFO - [2026-05-01T00:13:59.998+0000] {dag.py:3947} INFO - Setting next_dagrun for example_nested_branch_dag to 2026-04-30 00:00:00+00:00, run_after=2026-05-01 00:00:00+00:00
[2026-05-01T00:14:00.010+0000] {processor.py:183} INFO - Processing /home/airflow/.local/lib/python3.12/site-packages/airflow/example_dags/example_nested_branch_dag.py took 0.061 seconds
[2026-05-01T00:14:30.701+0000] {processor.py:161} INFO - Started process (PID=56639) to work on /home/airflow/.local/lib/python3.12/site-packages/airflow/example_dags/example_nested_branch_dag.py
[2026-05-01T00:14:30.702+0000] {processor.py:830} INFO - Processing file /home/airflow/.local/lib/python3.12/site-packages/airflow/example_dags/example_nested_branch_dag.py for tasks to queue
[2026-05-01T00:14:30.708+0000] {logging_mixin.py:188} INFO - [2026-05-01T00:14:30.708+0000] {dagbag.py:545} INFO - Filling up the DagBag from /home/airflow/.local/lib/python3.12/site-packages/airflow/example_dags/example_nested_branch_dag.py
[2026-05-01T00:14:30.718+0000] {processor.py:840} INFO - DAG(s) 'example_nested_branch_dag' retrieved from /home/airflow/.local/lib/python3.12/site-packages/airflow/example_dags/example_nested_branch_dag.py
[2026-05-01T00:14:30.730+0000] {logging_mixin.py:188} INFO - [2026-05-01T00:14:30.730+0000] {dag.py:3089} INFO - Sync 1 DAGs
[2026-05-01T00:14:30.743+0000] {logging_mixin.py:188} INFO - [2026-05-01T00:14:30.743+0000] {dag.py:3947} INFO - Setting next_dagrun for example_nested_branch_dag to 2026-04-30 00:00:00+00:00, run_after=2026-05-01 00:00:00+00:00
[2026-05-01T00:14:30.754+0000] {processor.py:183} INFO - Processing /home/airflow/.local/lib/python3.12/site-packages/airflow/example_dags/example_nested_branch_dag.py took 0.063 seconds
[2026-05-01T00:15:01.215+0000] {processor.py:161} INFO - Started process (PID=56699) to work on /home/airflow/.local/lib/python3.12/site-packages/airflow/example_dags/example_nested_branch_dag.py
[2026-05-01T00:15:01.217+0000] {processor.py:830} INFO - Processing file /home/airflow/.local/lib/python3.12/site-packages/airflow/example_dags/example_nested_branch_dag.py for tasks to queue
[2026-05-01T00:15:01.221+0000] {logging_mixin.py:188} INFO - [2026-05-01T00:15:01.220+0000] {dagbag.py:545} INFO - Filling up the DagBag from /home/airflow/.local/lib/python3.12/site-packages/airflow/example_dags/example_nested_branch_dag.py
[2026-05-01T00:15:01.235+0000] {processor.py:840} INFO - DAG(s) 'example_nested_branch_dag' retrieved from /home/airflow/.local/lib/python3.12/site-packages/airflow/example_dags/example_nested_branch_dag.py
[2026-05-01T00:15:01.255+0000] {logging_mixin.py:188} INFO - [2026-05-01T00:15:01.255+0000] {dag.py:3089} INFO - Sync 1 DAGs
[2026-05-01T00:15:01.267+0000] {logging_mixin.py:188} INFO - [2026-05-01T00:15:01.267+0000] {dag.py:3947} INFO - Setting next_dagrun for example_nested_branch_dag to 2026-04-30 00:00:00+00:00, run_after=2026-05-01 00:00:00+00:00
[2026-05-01T00:15:01.281+0000] {processor.py:183} INFO - Processing /home/airflow/.local/lib/python3.12/site-packages/airflow/example_dags/example_nested_branch_dag.py took 0.074 seconds
[2026-05-01T00:15:31.807+0000] {processor.py:161} INFO - Started process (PID=56759) to work on /home/airflow/.local/lib/python3.12/site-packages/airflow/example_dags/example_nested_branch_dag.py
[2026-05-01T00:15:31.809+0000] {processor.py:830} INFO - Processing file /home/airflow/.local/lib/python3.12/site-packages/airflow/example_dags/example_nested_branch_dag.py for tasks to queue
[2026-05-01T00:15:31.811+0000] {logging_mixin.py:188} INFO - [2026-05-01T00:15:31.811+0000] {dagbag.py:545} INFO - Filling up the DagBag from /home/airflow/.local/lib/python3.12/site-packages/airflow/example_dags/example_nested_branch_dag.py
[2026-05-01T00:15:31.820+0000] {processor.py:840} INFO - DAG(s) 'example_nested_branch_dag' retrieved from /home/airflow/.local/lib/python3.12/site-packages/airflow/example_dags/example_nested_branch_dag.py
[2026-05-01T00:15:31.838+0000] {logging_mixin.py:188} INFO - [2026-05-01T00:15:31.838+0000] {dag.py:3089} INFO - Sync 1 DAGs
[2026-05-01T00:15:31.853+0000] {logging_mixin.py:188} INFO - [2026-05-01T00:15:31.852+0000] {dag.py:3947} INFO - Setting next_dagrun for example_nested_branch_dag to 2026-04-30 00:00:00+00:00, run_after=2026-05-01 00:00:00+00:00
[2026-05-01T00:15:31.864+0000] {processor.py:183} INFO - Processing /home/airflow/.local/lib/python3.12/site-packages/airflow/example_dags/example_nested_branch_dag.py took 0.064 seconds
[2026-05-01T00:16:02.456+0000] {processor.py:161} INFO - Started process (PID=56819) to work on /home/airflow/.local/lib/python3.12/site-packages/airflow/example_dags/example_nested_branch_dag.py
[2026-05-01T00:16:02.458+0000] {processor.py:830} INFO - Processing file /home/airflow/.local/lib/python3.12/site-packages/airflow/example_dags/example_nested_branch_dag.py for tasks to queue
[2026-05-01T00:16:02.460+0000] {logging_mixin.py:188} INFO - [2026-05-01T00:16:02.460+0000] {dagbag.py:545} INFO - Filling up the DagBag from /home/airflow/.local/lib/python3.12/site-packages/airflow/example_dags/example_nested_branch_dag.py
[2026-05-01T00:16:02.471+0000] {processor.py:840} INFO - DAG(s) 'example_nested_branch_dag' retrieved from /home/airflow/.local/lib/python3.12/site-packages/airflow/example_dags/example_nested_branch_dag.py
[2026-05-01T00:16:02.489+0000] {logging_mixin.py:188} INFO - [2026-05-01T00:16:02.489+0000] {dag.py:3089} INFO - Sync 1 DAGs
[2026-05-01T00:16:02.501+0000] {logging_mixin.py:188} INFO - [2026-05-01T00:16:02.501+0000] {dag.py:3947} INFO - Setting next_dagrun for example_nested_branch_dag to 2026-04-30 00:00:00+00:00, run_after=2026-05-01 00:00:00+00:00
[2026-05-01T00:16:02.511+0000] {processor.py:183} INFO - Processing /home/airflow/.local/lib/python3.12/site-packages/airflow/example_dags/example_nested_branch_dag.py took 0.064 seconds
[2026-05-01T00:16:33.089+0000] {processor.py:161} INFO - Started process (PID=56879) to work on /home/airflow/.local/lib/python3.12/site-packages/airflow/example_dags/example_nested_branch_dag.py
[2026-05-01T00:16:33.091+0000] {processor.py:830} INFO - Processing file /home/airflow/.local/lib/python3.12/site-packages/airflow/example_dags/example_nested_branch_dag.py for tasks to queue
[2026-05-01T00:16:33.094+0000] {logging_mixin.py:188} INFO - [2026-05-01T00:16:33.094+0000] {dagbag.py:545} INFO - Filling up the DagBag from /home/airflow/.local/lib/python3.12/site-packages/airflow/example_dags/example_nested_branch_dag.py
[2026-05-01T00:16:33.103+0000] {processor.py:840} INFO - DAG(s) 'example_nested_branch_dag' retrieved from /home/airflow/.local/lib/python3.12/site-packages/airflow/example_dags/example_nested_branch_dag.py
[2026-05-01T00:16:33.119+0000] {logging_mixin.py:188} INFO - [2026-05-01T00:16:33.119+0000] {dag.py:3089} INFO - Sync 1 DAGs
[2026-05-01T00:16:33.133+0000] {logging_mixin.py:188} INFO - [2026-05-01T00:16:33.133+0000] {dag.py:3947} INFO - Setting next_dagrun for example_nested_branch_dag to 2026-04-30 00:00:00+00:00, run_after=2026-05-01 00:00:00+00:00
[2026-05-01T00:16:33.146+0000] {processor.py:183} INFO - Processing /home/airflow/.local/lib/python3.12/site-packages/airflow/example_dags/example_nested_branch_dag.py took 0.065 seconds
[2026-05-01T00:17:03.725+0000] {processor.py:161} INFO - Started process (PID=56939) to work on /home/airflow/.local/lib/python3.12/site-packages/airflow/example_dags/example_nested_branch_dag.py
[2026-05-01T00:17:03.728+0000] {processor.py:830} INFO - Processing file /home/airflow/.local/lib/python3.12/site-packages/airflow/example_dags/example_nested_branch_dag.py for tasks to queue
[2026-05-01T00:17:03.730+0000] {logging_mixin.py:188} INFO - [2026-05-01T00:17:03.729+0000] {dagbag.py:545} INFO - Filling up the DagBag from /home/airflow/.local/lib/python3.12/site-packages/airflow/example_dags/example_nested_branch_dag.py
[2026-05-01T00:17:03.740+0000] {processor.py:840} INFO - DAG(s) 'example_nested_branch_dag' retrieved from /home/airflow/.local/lib/python3.12/site-packages/airflow/example_dags/example_nested_branch_dag.py
[2026-05-01T00:17:03.767+0000] {logging_mixin.py:188} INFO - [2026-05-01T00:17:03.766+0000] {dag.py:3089} INFO - Sync 1 DAGs
[2026-05-01T00:17:03.781+0000] {logging_mixin.py:188} INFO - [2026-05-01T00:17:03.781+0000] {dag.py:3947} INFO - Setting next_dagrun for example_nested_branch_dag to 2026-04-30 00:00:00+00:00, run_after=2026-05-01 00:00:00+00:00
[2026-05-01T00:17:03.808+0000] {processor.py:183} INFO - Processing /home/airflow/.local/lib/python3.12/site-packages/airflow/example_dags/example_nested_branch_dag.py took 0.089 seconds
[2026-05-01T00:17:33.852+0000] {processor.py:161} INFO - Started process (PID=56999) to work on /home/airflow/.local/lib/python3.12/site-packages/airflow/example_dags/example_nested_branch_dag.py
[2026-05-01T00:17:33.855+0000] {processor.py:830} INFO - Processing file /home/airflow/.local/lib/python3.12/site-packages/airflow/example_dags/example_nested_branch_dag.py for tasks to queue
[2026-05-01T00:17:33.858+0000] {logging_mixin.py:188} INFO - [2026-05-01T00:17:33.858+0000] {dagbag.py:545} INFO - Filling up the DagBag from /home/airflow/.local/lib/python3.12/site-packages/airflow/example_dags/example_nested_branch_dag.py
[2026-05-01T00:17:33.867+0000] {processor.py:840} INFO - DAG(s) 'example_nested_branch_dag' retrieved from /home/airflow/.local/lib/python3.12/site-packages/airflow/example_dags/example_nested_branch_dag.py
[2026-05-01T00:17:33.888+0000] {logging_mixin.py:188} INFO - [2026-05-01T00:17:33.888+0000] {dag.py:3089} INFO - Sync 1 DAGs
[2026-05-01T00:17:33.902+0000] {logging_mixin.py:188} INFO - [2026-05-01T00:17:33.902+0000] {dag.py:3947} INFO - Setting next_dagrun for example_nested_branch_dag to 2026-04-30 00:00:00+00:00, run_after=2026-05-01 00:00:00+00:00
[2026-05-01T00:17:33.914+0000] {processor.py:183} INFO - Processing /home/airflow/.local/lib/python3.12/site-packages/airflow/example_dags/example_nested_branch_dag.py took 0.066 seconds
[2026-05-01T00:18:03.965+0000] {processor.py:161} INFO - Started process (PID=57058) to work on /home/airflow/.local/lib/python3.12/site-packages/airflow/example_dags/example_nested_branch_dag.py
[2026-05-01T00:18:03.968+0000] {processor.py:830} INFO - Processing file /home/airflow/.local/lib/python3.12/site-packages/airflow/example_dags/example_nested_branch_dag.py for tasks to queue
[2026-05-01T00:18:03.972+0000] {logging_mixin.py:188} INFO - [2026-05-01T00:18:03.971+0000] {dagbag.py:545} INFO - Filling up the DagBag from /home/airflow/.local/lib/python3.12/site-packages/airflow/example_dags/example_nested_branch_dag.py
[2026-05-01T00:18:03.981+0000] {processor.py:840} INFO - DAG(s) 'example_nested_branch_dag' retrieved from /home/airflow/.local/lib/python3.12/site-packages/airflow/example_dags/example_nested_branch_dag.py
[2026-05-01T00:18:03.993+0000] {logging_mixin.py:188} INFO - [2026-05-01T00:18:03.992+0000] {dag.py:3089} INFO - Sync 1 DAGs
[2026-05-01T00:18:04.003+0000] {logging_mixin.py:188} INFO - [2026-05-01T00:18:04.002+0000] {dag.py:3947} INFO - Setting next_dagrun for example_nested_branch_dag to 2026-04-30 00:00:00+00:00, run_after=2026-05-01 00:00:00+00:00
[2026-05-01T00:18:04.014+0000] {processor.py:183} INFO - Processing /home/airflow/.local/lib/python3.12/site-packages/airflow/example_dags/example_nested_branch_dag.py took 0.056 seconds
[2026-05-01T00:18:34.738+0000] {processor.py:161} INFO - Started process (PID=57118) to work on /home/airflow/.local/lib/python3.12/site-packages/airflow/example_dags/example_nested_branch_dag.py
[2026-05-01T00:18:34.740+0000] {processor.py:830} INFO - Processing file /home/airflow/.local/lib/python3.12/site-packages/airflow/example_dags/example_nested_branch_dag.py for tasks to queue
[2026-05-01T00:18:34.743+0000] {logging_mixin.py:188} INFO - [2026-05-01T00:18:34.742+0000] {dagbag.py:545} INFO - Filling up the DagBag from /home/airflow/.local/lib/python3.12/site-packages/airflow/example_dags/example_nested_branch_dag.py
[2026-05-01T00:18:34.752+0000] {processor.py:840} INFO - DAG(s) 'example_nested_branch_dag' retrieved from /home/airflow/.local/lib/python3.12/site-packages/airflow/example_dags/example_nested_branch_dag.py
[2026-05-01T00:18:34.767+0000] {logging_mixin.py:188} INFO - [2026-05-01T00:18:34.767+0000] {dag.py:3089} INFO - Sync 1 DAGs
[2026-05-01T00:18:34.783+0000] {logging_mixin.py:188} INFO - [2026-05-01T00:18:34.783+0000] {dag.py:3947} INFO - Setting next_dagrun for example_nested_branch_dag to 2026-04-30 00:00:00+00:00, run_after=2026-05-01 00:00:00+00:00
[2026-05-01T00:18:34.793+0000] {processor.py:183} INFO - Processing /home/airflow/.local/lib/python3.12/site-packages/airflow/example_dags/example_nested_branch_dag.py took 0.061 seconds
[2026-05-01T00:19:05.304+0000] {processor.py:161} INFO - Started process (PID=57178) to work on /home/airflow/.local/lib/python3.12/site-packages/airflow/example_dags/example_nested_branch_dag.py
[2026-05-01T00:19:05.306+0000] {processor.py:830} INFO - Processing file /home/airflow/.local/lib/python3.12/site-packages/airflow/example_dags/example_nested_branch_dag.py for tasks to queue
[2026-05-01T00:19:05.309+0000] {logging_mixin.py:188} INFO - [2026-05-01T00:19:05.308+0000] {dagbag.py:545} INFO - Filling up the DagBag from /home/airflow/.local/lib/python3.12/site-packages/airflow/example_dags/example_nested_branch_dag.py
[2026-05-01T00:19:05.318+0000] {processor.py:840} INFO - DAG(s) 'example_nested_branch_dag' retrieved from /home/airflow/.local/lib/python3.12/site-packages/airflow/example_dags/example_nested_branch_dag.py
[2026-05-01T00:19:05.334+0000] {logging_mixin.py:188} INFO - [2026-05-01T00:19:05.334+0000] {dag.py:3089} INFO - Sync 1 DAGs
[2026-05-01T00:19:05.346+0000] {logging_mixin.py:188} INFO - [2026-05-01T00:19:05.346+0000] {dag.py:3947} INFO - Setting next_dagrun for example_nested_branch_dag to 2026-04-30 00:00:00+00:00, run_after=2026-05-01 00:00:00+00:00
[2026-05-01T00:19:05.355+0000] {processor.py:183} INFO - Processing /home/airflow/.local/lib/python3.12/site-packages/airflow/example_dags/example_nested_branch_dag.py took 0.058 seconds
[2026-05-01T00:19:36.320+0000] {processor.py:161} INFO - Started process (PID=57238) to work on /home/airflow/.local/lib/python3.12/site-packages/airflow/example_dags/example_nested_branch_dag.py
[2026-05-01T00:19:36.322+0000] {processor.py:830} INFO - Processing file /home/airflow/.local/lib/python3.12/site-packages/airflow/example_dags/example_nested_branch_dag.py for tasks to queue
[2026-05-01T00:19:36.326+0000] {logging_mixin.py:188} INFO - [2026-05-01T00:19:36.326+0000] {dagbag.py:545} INFO - Filling up the DagBag from /home/airflow/.local/lib/python3.12/site-packages/airflow/example_dags/example_nested_branch_dag.py
[2026-05-01T00:19:36.340+0000] {processor.py:840} INFO - DAG(s) 'example_nested_branch_dag' retrieved from /home/airflow/.local/lib/python3.12/site-packages/airflow/example_dags/example_nested_branch_dag.py
[2026-05-01T00:19:36.360+0000] {logging_mixin.py:188} INFO - [2026-05-01T00:19:36.360+0000] {dag.py:3089} INFO - Sync 1 DAGs
[2026-05-01T00:19:36.376+0000] {logging_mixin.py:188} INFO - [2026-05-01T00:19:36.375+0000] {dag.py:3947} INFO - Setting next_dagrun for example_nested_branch_dag to 2026-04-30 00:00:00+00:00, run_after=2026-05-01 00:00:00+00:00
[2026-05-01T00:19:36.388+0000] {processor.py:183} INFO - Processing /home/airflow/.local/lib/python3.12/site-packages/airflow/example_dags/example_nested_branch_dag.py took 0.079 seconds
[2026-05-01T00:20:06.502+0000] {processor.py:161} INFO - Started process (PID=57298) to work on /home/airflow/.local/lib/python3.12/site-packages/airflow/example_dags/example_nested_branch_dag.py
[2026-05-01T00:20:06.506+0000] {processor.py:830} INFO - Processing file /home/airflow/.local/lib/python3.12/site-packages/airflow/example_dags/example_nested_branch_dag.py for tasks to queue
[2026-05-01T00:20:06.508+0000] {logging_mixin.py:188} INFO - [2026-05-01T00:20:06.508+0000] {dagbag.py:545} INFO - Filling up the DagBag from /home/airflow/.local/lib/python3.12/site-packages/airflow/example_dags/example_nested_branch_dag.py
[2026-05-01T00:20:06.527+0000] {processor.py:840} INFO - DAG(s) 'example_nested_branch_dag' retrieved from /home/airflow/.local/lib/python3.12/site-packages/airflow/example_dags/example_nested_branch_dag.py
[2026-05-01T00:20:06.545+0000] {logging_mixin.py:188} INFO - [2026-05-01T00:20:06.545+0000] {dag.py:3089} INFO - Sync 1 DAGs
[2026-05-01T00:20:06.562+0000] {logging_mixin.py:188} INFO - [2026-05-01T00:20:06.561+0000] {dag.py:3947} INFO - Setting next_dagrun for example_nested_branch_dag to 2026-04-30 00:00:00+00:00, run_after=2026-05-01 00:00:00+00:00
[2026-05-01T00:20:06.575+0000] {processor.py:183} INFO - Processing /home/airflow/.local/lib/python3.12/site-packages/airflow/example_dags/example_nested_branch_dag.py took 0.083 seconds
[2026-05-01T00:20:37.302+0000] {processor.py:161} INFO - Started process (PID=57358) to work on /home/airflow/.local/lib/python3.12/site-packages/airflow/example_dags/example_nested_branch_dag.py
[2026-05-01T00:20:37.304+0000] {processor.py:830} INFO - Processing file /home/airflow/.local/lib/python3.12/site-packages/airflow/example_dags/example_nested_branch_dag.py for tasks to queue
[2026-05-01T00:20:37.308+0000] {logging_mixin.py:188} INFO - [2026-05-01T00:20:37.308+0000] {dagbag.py:545} INFO - Filling up the DagBag from /home/airflow/.local/lib/python3.12/site-packages/airflow/example_dags/example_nested_branch_dag.py
[2026-05-01T00:20:37.316+0000] {processor.py:840} INFO - DAG(s) 'example_nested_branch_dag' retrieved from /home/airflow/.local/lib/python3.12/site-packages/airflow/example_dags/example_nested_branch_dag.py
[2026-05-01T00:20:37.328+0000] {logging_mixin.py:188} INFO - [2026-05-01T00:20:37.328+0000] {dag.py:3089} INFO - Sync 1 DAGs
[2026-05-01T00:20:37.339+0000] {logging_mixin.py:188} INFO - [2026-05-01T00:20:37.339+0000] {dag.py:3947} INFO - Setting next_dagrun for example_nested_branch_dag to 2026-04-30 00:00:00+00:00, run_after=2026-05-01 00:00:00+00:00
[2026-05-01T00:20:37.348+0000] {processor.py:183} INFO - Processing /home/airflow/.local/lib/python3.12/site-packages/airflow/example_dags/example_nested_branch_dag.py took 0.057 seconds
[2026-05-01T00:21:07.595+0000] {processor.py:161} INFO - Started process (PID=57418) to work on /home/airflow/.local/lib/python3.12/site-packages/airflow/example_dags/example_nested_branch_dag.py
[2026-05-01T00:21:07.597+0000] {processor.py:830} INFO - Processing file /home/airflow/.local/lib/python3.12/site-packages/airflow/example_dags/example_nested_branch_dag.py for tasks to queue
[2026-05-01T00:21:07.599+0000] {logging_mixin.py:188} INFO - [2026-05-01T00:21:07.599+0000] {dagbag.py:545} INFO - Filling up the DagBag from /home/airflow/.local/lib/python3.12/site-packages/airflow/example_dags/example_nested_branch_dag.py
[2026-05-01T00:21:07.610+0000] {processor.py:840} INFO - DAG(s) 'example_nested_branch_dag' retrieved from /home/airflow/.local/lib/python3.12/site-packages/airflow/example_dags/example_nested_branch_dag.py
[2026-05-01T00:21:07.643+0000] {logging_mixin.py:188} INFO - [2026-05-01T00:21:07.643+0000] {dag.py:3089} INFO - Sync 1 DAGs
[2026-05-01T00:21:07.669+0000] {logging_mixin.py:188} INFO - [2026-05-01T00:21:07.669+0000] {dag.py:3947} INFO - Setting next_dagrun for example_nested_branch_dag to 2026-04-30 00:00:00+00:00, run_after=2026-05-01 00:00:00+00:00
[2026-05-01T00:21:07.695+0000] {processor.py:183} INFO - Processing /home/airflow/.local/lib/python3.12/site-packages/airflow/example_dags/example_nested_branch_dag.py took 0.107 seconds
[2026-05-01T00:21:38.095+0000] {processor.py:161} INFO - Started process (PID=57484) to work on /home/airflow/.local/lib/python3.12/site-packages/airflow/example_dags/example_nested_branch_dag.py
[2026-05-01T00:21:38.096+0000] {processor.py:830} INFO - Processing file /home/airflow/.local/lib/python3.12/site-packages/airflow/example_dags/example_nested_branch_dag.py for tasks to queue
[2026-05-01T00:21:38.098+0000] {logging_mixin.py:188} INFO - [2026-05-01T00:21:38.098+0000] {dagbag.py:545} INFO - Filling up the DagBag from /home/airflow/.local/lib/python3.12/site-packages/airflow/example_dags/example_nested_branch_dag.py
[2026-05-01T00:21:38.104+0000] {processor.py:840} INFO - DAG(s) 'example_nested_branch_dag' retrieved from /home/airflow/.local/lib/python3.12/site-packages/airflow/example_dags/example_nested_branch_dag.py
[2026-05-01T00:21:38.122+0000] {logging_mixin.py:188} INFO - [2026-05-01T00:21:38.122+0000] {dag.py:3089} INFO - Sync 1 DAGs
[2026-05-01T00:21:38.136+0000] {logging_mixin.py:188} INFO - [2026-05-01T00:21:38.135+0000] {dag.py:3947} INFO - Setting next_dagrun for example_nested_branch_dag to 2026-04-30 00:00:00+00:00, run_after=2026-05-01 00:00:00+00:00
[2026-05-01T00:21:38.146+0000] {processor.py:183} INFO - Processing /home/airflow/.local/lib/python3.12/site-packages/airflow/example_dags/example_nested_branch_dag.py took 0.055 seconds
[2026-05-01T00:22:08.945+0000] {processor.py:161} INFO - Started process (PID=57544) to work on /home/airflow/.local/lib/python3.12/site-packages/airflow/example_dags/example_nested_branch_dag.py
[2026-05-01T00:22:08.947+0000] {processor.py:830} INFO - Processing file /home/airflow/.local/lib/python3.12/site-packages/airflow/example_dags/example_nested_branch_dag.py for tasks to queue
[2026-05-01T00:22:08.951+0000] {logging_mixin.py:188} INFO - [2026-05-01T00:22:08.951+0000] {dagbag.py:545} INFO - Filling up the DagBag from /home/airflow/.local/lib/python3.12/site-packages/airflow/example_dags/example_nested_branch_dag.py
[2026-05-01T00:22:08.965+0000] {processor.py:840} INFO - DAG(s) 'example_nested_branch_dag' retrieved from /home/airflow/.local/lib/python3.12/site-packages/airflow/example_dags/example_nested_branch_dag.py
[2026-05-01T00:22:09.000+0000] {logging_mixin.py:188} INFO - [2026-05-01T00:22:09.000+0000] {dag.py:3089} INFO - Sync 1 DAGs
[2026-05-01T00:22:09.020+0000] {logging_mixin.py:188} INFO - [2026-05-01T00:22:09.020+0000] {dag.py:3947} INFO - Setting next_dagrun for example_nested_branch_dag to 2026-04-30 00:00:00+00:00, run_after=2026-05-01 00:00:00+00:00
[2026-05-01T00:22:09.039+0000] {processor.py:183} INFO - Processing /home/airflow/.local/lib/python3.12/site-packages/airflow/example_dags/example_nested_branch_dag.py took 0.108 seconds
[2026-05-01T00:22:39.901+0000] {processor.py:161} INFO - Started process (PID=57604) to work on /home/airflow/.local/lib/python3.12/site-packages/airflow/example_dags/example_nested_branch_dag.py
[2026-05-01T00:22:39.904+0000] {processor.py:830} INFO - Processing file /home/airflow/.local/lib/python3.12/site-packages/airflow/example_dags/example_nested_branch_dag.py for tasks to queue
[2026-05-01T00:22:39.906+0000] {logging_mixin.py:188} INFO - [2026-05-01T00:22:39.906+0000] {dagbag.py:545} INFO - Filling up the DagBag from /home/airflow/.local/lib/python3.12/site-packages/airflow/example_dags/example_nested_branch_dag.py
[2026-05-01T00:22:39.917+0000] {processor.py:840} INFO - DAG(s) 'example_nested_branch_dag' retrieved from /home/airflow/.local/lib/python3.12/site-packages/airflow/example_dags/example_nested_branch_dag.py
[2026-05-01T00:22:39.934+0000] {logging_mixin.py:188} INFO - [2026-05-01T00:22:39.934+0000] {dag.py:3089} INFO - Sync 1 DAGs
[2026-05-01T00:22:39.947+0000] {logging_mixin.py:188} INFO - [2026-05-01T00:22:39.947+0000] {dag.py:3947} INFO - Setting next_dagrun for example_nested_branch_dag to 2026-04-30 00:00:00+00:00, run_after=2026-05-01 00:00:00+00:00
[2026-05-01T00:22:39.959+0000] {processor.py:183} INFO - Processing /home/airflow/.local/lib/python3.12/site-packages/airflow/example_dags/example_nested_branch_dag.py took 0.067 seconds
[2026-05-01T00:23:10.694+0000] {processor.py:161} INFO - Started process (PID=57664) to work on /home/airflow/.local/lib/python3.12/site-packages/airflow/example_dags/example_nested_branch_dag.py
[2026-05-01T00:23:10.698+0000] {processor.py:830} INFO - Processing file /home/airflow/.local/lib/python3.12/site-packages/airflow/example_dags/example_nested_branch_dag.py for tasks to queue
[2026-05-01T00:23:10.699+0000] {logging_mixin.py:188} INFO - [2026-05-01T00:23:10.699+0000] {dagbag.py:545} INFO - Filling up the DagBag from /home/airflow/.local/lib/python3.12/site-packages/airflow/example_dags/example_nested_branch_dag.py
[2026-05-01T00:23:10.706+0000] {processor.py:840} INFO - DAG(s) 'example_nested_branch_dag' retrieved from /home/airflow/.local/lib/python3.12/site-packages/airflow/example_dags/example_nested_branch_dag.py
[2026-05-01T00:23:10.719+0000] {logging_mixin.py:188} INFO - [2026-05-01T00:23:10.719+0000] {dag.py:3089} INFO - Sync 1 DAGs
[2026-05-01T00:23:10.734+0000] {logging_mixin.py:188} INFO - [2026-05-01T00:23:10.734+0000] {dag.py:3947} INFO - Setting next_dagrun for example_nested_branch_dag to 2026-04-30 00:00:00+00:00, run_after=2026-05-01 00:00:00+00:00
[2026-05-01T00:23:10.749+0000] {processor.py:183} INFO - Processing /home/airflow/.local/lib/python3.12/site-packages/airflow/example_dags/example_nested_branch_dag.py took 0.058 seconds
[2026-05-01T00:23:41.214+0000] {processor.py:161} INFO - Started process (PID=57724) to work on /home/airflow/.local/lib/python3.12/site-packages/airflow/example_dags/example_nested_branch_dag.py
[2026-05-01T00:23:41.215+0000] {processor.py:830} INFO - Processing file /home/airflow/.local/lib/python3.12/site-packages/airflow/example_dags/example_nested_branch_dag.py for tasks to queue
[2026-05-01T00:23:41.216+0000] {logging_mixin.py:188} INFO - [2026-05-01T00:23:41.216+0000] {dagbag.py:545} INFO - Filling up the DagBag from /home/airflow/.local/lib/python3.12/site-packages/airflow/example_dags/example_nested_branch_dag.py
[2026-05-01T00:23:41.221+0000] {processor.py:840} INFO - DAG(s) 'example_nested_branch_dag' retrieved from /home/airflow/.local/lib/python3.12/site-packages/airflow/example_dags/example_nested_branch_dag.py
[2026-05-01T00:23:41.243+0000] {logging_mixin.py:188} INFO - [2026-05-01T00:23:41.243+0000] {dag.py:3089} INFO - Sync 1 DAGs
[2026-05-01T00:23:41.260+0000] {logging_mixin.py:188} INFO - [2026-05-01T00:23:41.260+0000] {dag.py:3947} INFO - Setting next_dagrun for example_nested_branch_dag to 2026-04-30 00:00:00+00:00, run_after=2026-05-01 00:00:00+00:00
[2026-05-01T00:23:41.275+0000] {processor.py:183} INFO - Processing /home/airflow/.local/lib/python3.12/site-packages/airflow/example_dags/example_nested_branch_dag.py took 0.065 seconds
[2026-05-01T00:24:11.904+0000] {processor.py:161} INFO - Started process (PID=57784) to work on /home/airflow/.local/lib/python3.12/site-packages/airflow/example_dags/example_nested_branch_dag.py
[2026-05-01T00:24:11.906+0000] {processor.py:830} INFO - Processing file /home/airflow/.local/lib/python3.12/site-packages/airflow/example_dags/example_nested_branch_dag.py for tasks to queue
[2026-05-01T00:24:11.908+0000] {logging_mixin.py:188} INFO - [2026-05-01T00:24:11.907+0000] {dagbag.py:545} INFO - Filling up the DagBag from /home/airflow/.local/lib/python3.12/site-packages/airflow/example_dags/example_nested_branch_dag.py
[2026-05-01T00:24:11.918+0000] {processor.py:840} INFO - DAG(s) 'example_nested_branch_dag' retrieved from /home/airflow/.local/lib/python3.12/site-packages/airflow/example_dags/example_nested_branch_dag.py
[2026-05-01T00:24:11.934+0000] {logging_mixin.py:188} INFO - [2026-05-01T00:24:11.933+0000] {dag.py:3089} INFO - Sync 1 DAGs
[2026-05-01T00:24:11.943+0000] {logging_mixin.py:188} INFO - [2026-05-01T00:24:11.943+0000] {dag.py:3947} INFO - Setting next_dagrun for example_nested_branch_dag to 2026-04-30 00:00:00+00:00, run_after=2026-05-01 00:00:00+00:00
[2026-05-01T00:24:11.953+0000] {processor.py:183} INFO - Processing /home/airflow/.local/lib/python3.12/site-packages/airflow/example_dags/example_nested_branch_dag.py took 0.057 seconds
[2026-05-01T00:24:42.571+0000] {processor.py:161} INFO - Started process (PID=57844) to work on /home/airflow/.local/lib/python3.12/site-packages/airflow/example_dags/example_nested_branch_dag.py
[2026-05-01T00:24:42.573+0000] {processor.py:830} INFO - Processing file /home/airflow/.local/lib/python3.12/site-packages/airflow/example_dags/example_nested_branch_dag.py for tasks to queue
[2026-05-01T00:24:42.574+0000] {logging_mixin.py:188} INFO - [2026-05-01T00:24:42.574+0000] {dagbag.py:545} INFO - Filling up the DagBag from /home/airflow/.local/lib/python3.12/site-packages/airflow/example_dags/example_nested_branch_dag.py
[2026-05-01T00:24:42.586+0000] {processor.py:840} INFO - DAG(s) 'example_nested_branch_dag' retrieved from /home/airflow/.local/lib/python3.12/site-packages/airflow/example_dags/example_nested_branch_dag.py
[2026-05-01T00:24:42.602+0000] {logging_mixin.py:188} INFO - [2026-05-01T00:24:42.601+0000] {dag.py:3089} INFO - Sync 1 DAGs
[2026-05-01T00:24:42.614+0000] {logging_mixin.py:188} INFO - [2026-05-01T00:24:42.614+0000] {dag.py:3947} INFO - Setting next_dagrun for example_nested_branch_dag to 2026-04-30 00:00:00+00:00, run_after=2026-05-01 00:00:00+00:00
[2026-05-01T00:24:42.625+0000] {processor.py:183} INFO - Processing /home/airflow/.local/lib/python3.12/site-packages/airflow/example_dags/example_nested_branch_dag.py took 0.063 seconds
[2026-05-01T00:25:13.157+0000] {processor.py:161} INFO - Started process (PID=57904) to work on /home/airflow/.local/lib/python3.12/site-packages/airflow/example_dags/example_nested_branch_dag.py
[2026-05-01T00:25:13.159+0000] {processor.py:830} INFO - Processing file /home/airflow/.local/lib/python3.12/site-packages/airflow/example_dags/example_nested_branch_dag.py for tasks to queue
[2026-05-01T00:25:13.163+0000] {logging_mixin.py:188} INFO - [2026-05-01T00:25:13.162+0000] {dagbag.py:545} INFO - Filling up the DagBag from /home/airflow/.local/lib/python3.12/site-packages/airflow/example_dags/example_nested_branch_dag.py
[2026-05-01T00:25:13.178+0000] {processor.py:840} INFO - DAG(s) 'example_nested_branch_dag' retrieved from /home/airflow/.local/lib/python3.12/site-packages/airflow/example_dags/example_nested_branch_dag.py
[2026-05-01T00:25:13.211+0000] {logging_mixin.py:188} INFO - [2026-05-01T00:25:13.210+0000] {dag.py:3089} INFO - Sync 1 DAGs
[2026-05-01T00:25:13.236+0000] {logging_mixin.py:188} INFO - [2026-05-01T00:25:13.236+0000] {dag.py:3947} INFO - Setting next_dagrun for example_nested_branch_dag to 2026-04-30 00:00:00+00:00, run_after=2026-05-01 00:00:00+00:00
[2026-05-01T00:25:13.249+0000] {processor.py:183} INFO - Processing /home/airflow/.local/lib/python3.12/site-packages/airflow/example_dags/example_nested_branch_dag.py took 0.105 seconds
[2026-05-01T00:25:44.128+0000] {processor.py:161} INFO - Started process (PID=57964) to work on /home/airflow/.local/lib/python3.12/site-packages/airflow/example_dags/example_nested_branch_dag.py
[2026-05-01T00:25:44.130+0000] {processor.py:830} INFO - Processing file /home/airflow/.local/lib/python3.12/site-packages/airflow/example_dags/example_nested_branch_dag.py for tasks to queue
[2026-05-01T00:25:44.132+0000] {logging_mixin.py:188} INFO - [2026-05-01T00:25:44.132+0000] {dagbag.py:545} INFO - Filling up the DagBag from /home/airflow/.local/lib/python3.12/site-packages/airflow/example_dags/example_nested_branch_dag.py
[2026-05-01T00:25:44.140+0000] {processor.py:840} INFO - DAG(s) 'example_nested_branch_dag' retrieved from /home/airflow/.local/lib/python3.12/site-packages/airflow/example_dags/example_nested_branch_dag.py
[2026-05-01T00:25:44.158+0000] {logging_mixin.py:188} INFO - [2026-05-01T00:25:44.157+0000] {dag.py:3089} INFO - Sync 1 DAGs
[2026-05-01T00:25:44.169+0000] {logging_mixin.py:188} INFO - [2026-05-01T00:25:44.169+0000] {dag.py:3947} INFO - Setting next_dagrun for example_nested_branch_dag to 2026-04-30 00:00:00+00:00, run_after=2026-05-01 00:00:00+00:00
[2026-05-01T00:25:44.180+0000] {processor.py:183} INFO - Processing /home/airflow/.local/lib/python3.12/site-packages/airflow/example_dags/example_nested_branch_dag.py took 0.059 seconds
[2026-05-01T00:26:15.087+0000] {processor.py:161} INFO - Started process (PID=58024) to work on /home/airflow/.local/lib/python3.12/site-packages/airflow/example_dags/example_nested_branch_dag.py
[2026-05-01T00:26:15.094+0000] {processor.py:830} INFO - Processing file /home/airflow/.local/lib/python3.12/site-packages/airflow/example_dags/example_nested_branch_dag.py for tasks to queue
[2026-05-01T00:26:15.095+0000] {logging_mixin.py:188} INFO - [2026-05-01T00:26:15.095+0000] {dagbag.py:545} INFO - Filling up the DagBag from /home/airflow/.local/lib/python3.12/site-packages/airflow/example_dags/example_nested_branch_dag.py
[2026-05-01T00:26:15.108+0000] {processor.py:840} INFO - DAG(s) 'example_nested_branch_dag' retrieved from /home/airflow/.local/lib/python3.12/site-packages/airflow/example_dags/example_nested_branch_dag.py
[2026-05-01T00:26:15.121+0000] {logging_mixin.py:188} INFO - [2026-05-01T00:26:15.121+0000] {dag.py:3089} INFO - Sync 1 DAGs
[2026-05-01T00:26:15.133+0000] {logging_mixin.py:188} INFO - [2026-05-01T00:26:15.133+0000] {dag.py:3947} INFO - Setting next_dagrun for example_nested_branch_dag to 2026-04-30 00:00:00+00:00, run_after=2026-05-01 00:00:00+00:00
[2026-05-01T00:26:15.142+0000] {processor.py:183} INFO - Processing /home/airflow/.local/lib/python3.12/site-packages/airflow/example_dags/example_nested_branch_dag.py took 0.064 seconds
[2026-05-01T00:26:45.904+0000] {processor.py:161} INFO - Started process (PID=58084) to work on /home/airflow/.local/lib/python3.12/site-packages/airflow/example_dags/example_nested_branch_dag.py
[2026-05-01T00:26:45.907+0000] {processor.py:830} INFO - Processing file /home/airflow/.local/lib/python3.12/site-packages/airflow/example_dags/example_nested_branch_dag.py for tasks to queue
[2026-05-01T00:26:45.909+0000] {logging_mixin.py:188} INFO - [2026-05-01T00:26:45.908+0000] {dagbag.py:545} INFO - Filling up the DagBag from /home/airflow/.local/lib/python3.12/site-packages/airflow/example_dags/example_nested_branch_dag.py
[2026-05-01T00:26:45.918+0000] {processor.py:840} INFO - DAG(s) 'example_nested_branch_dag' retrieved from /home/airflow/.local/lib/python3.12/site-packages/airflow/example_dags/example_nested_branch_dag.py
[2026-05-01T00:26:45.935+0000] {logging_mixin.py:188} INFO - [2026-05-01T00:26:45.935+0000] {dag.py:3089} INFO - Sync 1 DAGs
[2026-05-01T00:26:45.951+0000] {logging_mixin.py:188} INFO - [2026-05-01T00:26:45.951+0000] {dag.py:3947} INFO - Setting next_dagrun for example_nested_branch_dag to 2026-04-30 00:00:00+00:00, run_after=2026-05-01 00:00:00+00:00
[2026-05-01T00:26:45.960+0000] {processor.py:183} INFO - Processing /home/airflow/.local/lib/python3.12/site-packages/airflow/example_dags/example_nested_branch_dag.py took 0.063 seconds
[2026-05-01T00:27:16.726+0000] {processor.py:161} INFO - Started process (PID=58144) to work on /home/airflow/.local/lib/python3.12/site-packages/airflow/example_dags/example_nested_branch_dag.py
[2026-05-01T00:27:16.729+0000] {processor.py:830} INFO - Processing file /home/airflow/.local/lib/python3.12/site-packages/airflow/example_dags/example_nested_branch_dag.py for tasks to queue
[2026-05-01T00:27:16.733+0000] {logging_mixin.py:188} INFO - [2026-05-01T00:27:16.732+0000] {dagbag.py:545} INFO - Filling up the DagBag from /home/airflow/.local/lib/python3.12/site-packages/airflow/example_dags/example_nested_branch_dag.py
[2026-05-01T00:27:16.745+0000] {processor.py:840} INFO - DAG(s) 'example_nested_branch_dag' retrieved from /home/airflow/.local/lib/python3.12/site-packages/airflow/example_dags/example_nested_branch_dag.py
[2026-05-01T00:27:16.761+0000] {logging_mixin.py:188} INFO - [2026-05-01T00:27:16.761+0000] {dag.py:3089} INFO - Sync 1 DAGs
[2026-05-01T00:27:16.774+0000] {logging_mixin.py:188} INFO - [2026-05-01T00:27:16.774+0000] {dag.py:3947} INFO - Setting next_dagrun for example_nested_branch_dag to 2026-04-30 00:00:00+00:00, run_after=2026-05-01 00:00:00+00:00
[2026-05-01T00:27:16.784+0000] {processor.py:183} INFO - Processing /home/airflow/.local/lib/python3.12/site-packages/airflow/example_dags/example_nested_branch_dag.py took 0.067 seconds
[2026-05-01T00:27:47.478+0000] {processor.py:161} INFO - Started process (PID=58204) to work on /home/airflow/.local/lib/python3.12/site-packages/airflow/example_dags/example_nested_branch_dag.py
[2026-05-01T00:27:47.479+0000] {processor.py:830} INFO - Processing file /home/airflow/.local/lib/python3.12/site-packages/airflow/example_dags/example_nested_branch_dag.py for tasks to queue
[2026-05-01T00:27:47.481+0000] {logging_mixin.py:188} INFO - [2026-05-01T00:27:47.481+0000] {dagbag.py:545} INFO - Filling up the DagBag from /home/airflow/.local/lib/python3.12/site-packages/airflow/example_dags/example_nested_branch_dag.py
[2026-05-01T00:27:47.491+0000] {processor.py:840} INFO - DAG(s) 'example_nested_branch_dag' retrieved from /home/airflow/.local/lib/python3.12/site-packages/airflow/example_dags/example_nested_branch_dag.py
[2026-05-01T00:27:47.505+0000] {logging_mixin.py:188} INFO - [2026-05-01T00:27:47.505+0000] {dag.py:3089} INFO - Sync 1 DAGs
[2026-05-01T00:27:47.519+0000] {logging_mixin.py:188} INFO - [2026-05-01T00:27:47.519+0000] {dag.py:3947} INFO - Setting next_dagrun for example_nested_branch_dag to 2026-04-30 00:00:00+00:00, run_after=2026-05-01 00:00:00+00:00
[2026-05-01T00:27:47.529+0000] {processor.py:183} INFO - Processing /home/airflow/.local/lib/python3.12/site-packages/airflow/example_dags/example_nested_branch_dag.py took 0.059 seconds
[2026-05-01T00:28:18.273+0000] {processor.py:161} INFO - Started process (PID=58263) to work on /home/airflow/.local/lib/python3.12/site-packages/airflow/example_dags/example_nested_branch_dag.py
[2026-05-01T00:28:18.275+0000] {processor.py:830} INFO - Processing file /home/airflow/.local/lib/python3.12/site-packages/airflow/example_dags/example_nested_branch_dag.py for tasks to queue
[2026-05-01T00:28:18.277+0000] {logging_mixin.py:188} INFO - [2026-05-01T00:28:18.276+0000] {dagbag.py:545} INFO - Filling up the DagBag from /home/airflow/.local/lib/python3.12/site-packages/airflow/example_dags/example_nested_branch_dag.py
[2026-05-01T00:28:18.286+0000] {processor.py:840} INFO - DAG(s) 'example_nested_branch_dag' retrieved from /home/airflow/.local/lib/python3.12/site-packages/airflow/example_dags/example_nested_branch_dag.py
[2026-05-01T00:28:18.305+0000] {logging_mixin.py:188} INFO - [2026-05-01T00:28:18.305+0000] {dag.py:3089} INFO - Sync 1 DAGs
[2026-05-01T00:28:18.317+0000] {logging_mixin.py:188} INFO - [2026-05-01T00:28:18.317+0000] {dag.py:3947} INFO - Setting next_dagrun for example_nested_branch_dag to 2026-04-30 00:00:00+00:00, run_after=2026-05-01 00:00:00+00:00
[2026-05-01T00:28:18.329+0000] {processor.py:183} INFO - Processing /home/airflow/.local/lib/python3.12/site-packages/airflow/example_dags/example_nested_branch_dag.py took 0.065 seconds
[2026-05-01T00:28:49.096+0000] {processor.py:161} INFO - Started process (PID=58323) to work on /home/airflow/.local/lib/python3.12/site-packages/airflow/example_dags/example_nested_branch_dag.py
[2026-05-01T00:28:49.098+0000] {processor.py:830} INFO - Processing file /home/airflow/.local/lib/python3.12/site-packages/airflow/example_dags/example_nested_branch_dag.py for tasks to queue
[2026-05-01T00:28:49.103+0000] {logging_mixin.py:188} INFO - [2026-05-01T00:28:49.103+0000] {dagbag.py:545} INFO - Filling up the DagBag from /home/airflow/.local/lib/python3.12/site-packages/airflow/example_dags/example_nested_branch_dag.py
[2026-05-01T00:28:49.112+0000] {processor.py:840} INFO - DAG(s) 'example_nested_branch_dag' retrieved from /home/airflow/.local/lib/python3.12/site-packages/airflow/example_dags/example_nested_branch_dag.py
[2026-05-01T00:28:49.129+0000] {logging_mixin.py:188} INFO - [2026-05-01T00:28:49.129+0000] {dag.py:3089} INFO - Sync 1 DAGs
[2026-05-01T00:28:49.141+0000] {logging_mixin.py:188} INFO - [2026-05-01T00:28:49.141+0000] {dag.py:3947} INFO - Setting next_dagrun for example_nested_branch_dag to 2026-04-30 00:00:00+00:00, run_after=2026-05-01 00:00:00+00:00
[2026-05-01T00:28:49.152+0000] {processor.py:183} INFO - Processing /home/airflow/.local/lib/python3.12/site-packages/airflow/example_dags/example_nested_branch_dag.py took 0.063 seconds
[2026-05-01T00:29:20.095+0000] {processor.py:161} INFO - Started process (PID=58383) to work on /home/airflow/.local/lib/python3.12/site-packages/airflow/example_dags/example_nested_branch_dag.py
[2026-05-01T00:29:20.098+0000] {processor.py:830} INFO - Processing file /home/airflow/.local/lib/python3.12/site-packages/airflow/example_dags/example_nested_branch_dag.py for tasks to queue
[2026-05-01T00:29:20.103+0000] {logging_mixin.py:188} INFO - [2026-05-01T00:29:20.102+0000] {dagbag.py:545} INFO - Filling up the DagBag from /home/airflow/.local/lib/python3.12/site-packages/airflow/example_dags/example_nested_branch_dag.py
[2026-05-01T00:29:20.125+0000] {processor.py:840} INFO - DAG(s) 'example_nested_branch_dag' retrieved from /home/airflow/.local/lib/python3.12/site-packages/airflow/example_dags/example_nested_branch_dag.py
[2026-05-01T00:29:20.149+0000] {logging_mixin.py:188} INFO - [2026-05-01T00:29:20.149+0000] {dag.py:3089} INFO - Sync 1 DAGs
[2026-05-01T00:29:20.174+0000] {logging_mixin.py:188} INFO - [2026-05-01T00:29:20.174+0000] {dag.py:3947} INFO - Setting next_dagrun for example_nested_branch_dag to 2026-04-30 00:00:00+00:00, run_after=2026-05-01 00:00:00+00:00
[2026-05-01T00:29:20.189+0000] {processor.py:183} INFO - Processing /home/airflow/.local/lib/python3.12/site-packages/airflow/example_dags/example_nested_branch_dag.py took 0.137 seconds
[2026-05-01T00:29:51.143+0000] {processor.py:161} INFO - Started process (PID=58443) to work on /home/airflow/.local/lib/python3.12/site-packages/airflow/example_dags/example_nested_branch_dag.py
[2026-05-01T00:29:51.144+0000] {processor.py:830} INFO - Processing file /home/airflow/.local/lib/python3.12/site-packages/airflow/example_dags/example_nested_branch_dag.py for tasks to queue
[2026-05-01T00:29:51.147+0000] {logging_mixin.py:188} INFO - [2026-05-01T00:29:51.147+0000] {dagbag.py:545} INFO - Filling up the DagBag from /home/airflow/.local/lib/python3.12/site-packages/airflow/example_dags/example_nested_branch_dag.py
[2026-05-01T00:29:51.156+0000] {processor.py:840} INFO - DAG(s) 'example_nested_branch_dag' retrieved from /home/airflow/.local/lib/python3.12/site-packages/airflow/example_dags/example_nested_branch_dag.py
[2026-05-01T00:29:51.171+0000] {logging_mixin.py:188} INFO - [2026-05-01T00:29:51.171+0000] {dag.py:3089} INFO - Sync 1 DAGs
[2026-05-01T00:29:51.185+0000] {logging_mixin.py:188} INFO - [2026-05-01T00:29:51.185+0000] {dag.py:3947} INFO - Setting next_dagrun for example_nested_branch_dag to 2026-04-30 00:00:00+00:00, run_after=2026-05-01 00:00:00+00:00
[2026-05-01T00:29:51.196+0000] {processor.py:183} INFO - Processing /home/airflow/.local/lib/python3.12/site-packages/airflow/example_dags/example_nested_branch_dag.py took 0.060 seconds
