[2026-05-01T00:00:04.897+0000] {processor.py:161} INFO - Started process (PID=54942) to work on /home/airflow/.local/lib/python3.12/site-packages/airflow/example_dags/example_python_operator.py
[2026-05-01T00:00:04.898+0000] {processor.py:830} INFO - Processing file /home/airflow/.local/lib/python3.12/site-packages/airflow/example_dags/example_python_operator.py for tasks to queue
[2026-05-01T00:00:04.899+0000] {logging_mixin.py:188} INFO - [2026-05-01T00:00:04.899+0000] {dagbag.py:545} INFO - Filling up the DagBag from /home/airflow/.local/lib/python3.12/site-packages/airflow/example_dags/example_python_operator.py
[2026-05-01T00:00:04.903+0000] {processor.py:840} INFO - DAG(s) 'example_python_operator' retrieved from /home/airflow/.local/lib/python3.12/site-packages/airflow/example_dags/example_python_operator.py
[2026-05-01T00:00:04.913+0000] {logging_mixin.py:188} INFO - [2026-05-01T00:00:04.913+0000] {dag.py:3089} INFO - Sync 1 DAGs
[2026-05-01T00:00:04.918+0000] {logging_mixin.py:188} INFO - [2026-05-01T00:00:04.918+0000] {dag.py:3947} INFO - Setting next_dagrun for example_python_operator to None, run_after=None
[2026-05-01T00:00:04.928+0000] {processor.py:183} INFO - Processing /home/airflow/.local/lib/python3.12/site-packages/airflow/example_dags/example_python_operator.py took 0.033 seconds
[2026-05-01T00:00:35.686+0000] {processor.py:161} INFO - Started process (PID=55002) to work on /home/airflow/.local/lib/python3.12/site-packages/airflow/example_dags/example_python_operator.py
[2026-05-01T00:00:35.686+0000] {processor.py:830} INFO - Processing file /home/airflow/.local/lib/python3.12/site-packages/airflow/example_dags/example_python_operator.py for tasks to queue
[2026-05-01T00:00:35.687+0000] {logging_mixin.py:188} INFO - [2026-05-01T00:00:35.687+0000] {dagbag.py:545} INFO - Filling up the DagBag from /home/airflow/.local/lib/python3.12/site-packages/airflow/example_dags/example_python_operator.py
[2026-05-01T00:00:35.692+0000] {processor.py:840} INFO - DAG(s) 'example_python_operator' retrieved from /home/airflow/.local/lib/python3.12/site-packages/airflow/example_dags/example_python_operator.py
[2026-05-01T00:00:35.703+0000] {logging_mixin.py:188} INFO - [2026-05-01T00:00:35.703+0000] {dag.py:3089} INFO - Sync 1 DAGs
[2026-05-01T00:00:35.708+0000] {logging_mixin.py:188} INFO - [2026-05-01T00:00:35.708+0000] {dag.py:3947} INFO - Setting next_dagrun for example_python_operator to None, run_after=None
[2026-05-01T00:00:35.717+0000] {processor.py:183} INFO - Processing /home/airflow/.local/lib/python3.12/site-packages/airflow/example_dags/example_python_operator.py took 0.034 seconds
[2026-05-01T00:01:06.407+0000] {processor.py:161} INFO - Started process (PID=55062) to work on /home/airflow/.local/lib/python3.12/site-packages/airflow/example_dags/example_python_operator.py
[2026-05-01T00:01:06.408+0000] {processor.py:830} INFO - Processing file /home/airflow/.local/lib/python3.12/site-packages/airflow/example_dags/example_python_operator.py for tasks to queue
[2026-05-01T00:01:06.408+0000] {logging_mixin.py:188} INFO - [2026-05-01T00:01:06.408+0000] {dagbag.py:545} INFO - Filling up the DagBag from /home/airflow/.local/lib/python3.12/site-packages/airflow/example_dags/example_python_operator.py
[2026-05-01T00:01:06.413+0000] {processor.py:840} INFO - DAG(s) 'example_python_operator' retrieved from /home/airflow/.local/lib/python3.12/site-packages/airflow/example_dags/example_python_operator.py
[2026-05-01T00:01:06.424+0000] {logging_mixin.py:188} INFO - [2026-05-01T00:01:06.424+0000] {dag.py:3089} INFO - Sync 1 DAGs
[2026-05-01T00:01:06.429+0000] {logging_mixin.py:188} INFO - [2026-05-01T00:01:06.428+0000] {dag.py:3947} INFO - Setting next_dagrun for example_python_operator to None, run_after=None
[2026-05-01T00:01:06.437+0000] {processor.py:183} INFO - Processing /home/airflow/.local/lib/python3.12/site-packages/airflow/example_dags/example_python_operator.py took 0.032 seconds
[2026-05-01T00:01:37.195+0000] {processor.py:161} INFO - Started process (PID=55122) to work on /home/airflow/.local/lib/python3.12/site-packages/airflow/example_dags/example_python_operator.py
[2026-05-01T00:01:37.196+0000] {processor.py:830} INFO - Processing file /home/airflow/.local/lib/python3.12/site-packages/airflow/example_dags/example_python_operator.py for tasks to queue
[2026-05-01T00:01:37.197+0000] {logging_mixin.py:188} INFO - [2026-05-01T00:01:37.197+0000] {dagbag.py:545} INFO - Filling up the DagBag from /home/airflow/.local/lib/python3.12/site-packages/airflow/example_dags/example_python_operator.py
[2026-05-01T00:01:37.203+0000] {processor.py:840} INFO - DAG(s) 'example_python_operator' retrieved from /home/airflow/.local/lib/python3.12/site-packages/airflow/example_dags/example_python_operator.py
[2026-05-01T00:01:37.213+0000] {logging_mixin.py:188} INFO - [2026-05-01T00:01:37.213+0000] {dag.py:3089} INFO - Sync 1 DAGs
[2026-05-01T00:01:37.218+0000] {logging_mixin.py:188} INFO - [2026-05-01T00:01:37.218+0000] {dag.py:3947} INFO - Setting next_dagrun for example_python_operator to None, run_after=None
[2026-05-01T00:01:37.228+0000] {processor.py:183} INFO - Processing /home/airflow/.local/lib/python3.12/site-packages/airflow/example_dags/example_python_operator.py took 0.036 seconds
[2026-05-01T00:02:07.721+0000] {processor.py:161} INFO - Started process (PID=55182) to work on /home/airflow/.local/lib/python3.12/site-packages/airflow/example_dags/example_python_operator.py
[2026-05-01T00:02:07.721+0000] {processor.py:830} INFO - Processing file /home/airflow/.local/lib/python3.12/site-packages/airflow/example_dags/example_python_operator.py for tasks to queue
[2026-05-01T00:02:07.723+0000] {logging_mixin.py:188} INFO - [2026-05-01T00:02:07.723+0000] {dagbag.py:545} INFO - Filling up the DagBag from /home/airflow/.local/lib/python3.12/site-packages/airflow/example_dags/example_python_operator.py
[2026-05-01T00:02:07.731+0000] {processor.py:840} INFO - DAG(s) 'example_python_operator' retrieved from /home/airflow/.local/lib/python3.12/site-packages/airflow/example_dags/example_python_operator.py
[2026-05-01T00:02:07.743+0000] {logging_mixin.py:188} INFO - [2026-05-01T00:02:07.743+0000] {dag.py:3089} INFO - Sync 1 DAGs
[2026-05-01T00:02:07.751+0000] {logging_mixin.py:188} INFO - [2026-05-01T00:02:07.751+0000] {dag.py:3947} INFO - Setting next_dagrun for example_python_operator to None, run_after=None
[2026-05-01T00:02:07.763+0000] {processor.py:183} INFO - Processing /home/airflow/.local/lib/python3.12/site-packages/airflow/example_dags/example_python_operator.py took 0.046 seconds
[2026-05-01T00:02:38.462+0000] {processor.py:161} INFO - Started process (PID=55242) to work on /home/airflow/.local/lib/python3.12/site-packages/airflow/example_dags/example_python_operator.py
[2026-05-01T00:02:38.463+0000] {processor.py:830} INFO - Processing file /home/airflow/.local/lib/python3.12/site-packages/airflow/example_dags/example_python_operator.py for tasks to queue
[2026-05-01T00:02:38.463+0000] {logging_mixin.py:188} INFO - [2026-05-01T00:02:38.463+0000] {dagbag.py:545} INFO - Filling up the DagBag from /home/airflow/.local/lib/python3.12/site-packages/airflow/example_dags/example_python_operator.py
[2026-05-01T00:02:38.469+0000] {processor.py:840} INFO - DAG(s) 'example_python_operator' retrieved from /home/airflow/.local/lib/python3.12/site-packages/airflow/example_dags/example_python_operator.py
[2026-05-01T00:02:38.482+0000] {logging_mixin.py:188} INFO - [2026-05-01T00:02:38.482+0000] {dag.py:3089} INFO - Sync 1 DAGs
[2026-05-01T00:02:38.488+0000] {logging_mixin.py:188} INFO - [2026-05-01T00:02:38.488+0000] {dag.py:3947} INFO - Setting next_dagrun for example_python_operator to None, run_after=None
[2026-05-01T00:02:38.496+0000] {processor.py:183} INFO - Processing /home/airflow/.local/lib/python3.12/site-packages/airflow/example_dags/example_python_operator.py took 0.036 seconds
[2026-05-01T00:03:09.253+0000] {processor.py:161} INFO - Started process (PID=55302) to work on /home/airflow/.local/lib/python3.12/site-packages/airflow/example_dags/example_python_operator.py
[2026-05-01T00:03:09.253+0000] {processor.py:830} INFO - Processing file /home/airflow/.local/lib/python3.12/site-packages/airflow/example_dags/example_python_operator.py for tasks to queue
[2026-05-01T00:03:09.254+0000] {logging_mixin.py:188} INFO - [2026-05-01T00:03:09.254+0000] {dagbag.py:545} INFO - Filling up the DagBag from /home/airflow/.local/lib/python3.12/site-packages/airflow/example_dags/example_python_operator.py
[2026-05-01T00:03:09.259+0000] {processor.py:840} INFO - DAG(s) 'example_python_operator' retrieved from /home/airflow/.local/lib/python3.12/site-packages/airflow/example_dags/example_python_operator.py
[2026-05-01T00:03:09.269+0000] {logging_mixin.py:188} INFO - [2026-05-01T00:03:09.269+0000] {dag.py:3089} INFO - Sync 1 DAGs
[2026-05-01T00:03:09.276+0000] {logging_mixin.py:188} INFO - [2026-05-01T00:03:09.276+0000] {dag.py:3947} INFO - Setting next_dagrun for example_python_operator to None, run_after=None
[2026-05-01T00:03:09.286+0000] {processor.py:183} INFO - Processing /home/airflow/.local/lib/python3.12/site-packages/airflow/example_dags/example_python_operator.py took 0.036 seconds
[2026-05-01T00:03:39.879+0000] {processor.py:161} INFO - Started process (PID=55362) to work on /home/airflow/.local/lib/python3.12/site-packages/airflow/example_dags/example_python_operator.py
[2026-05-01T00:03:39.881+0000] {processor.py:830} INFO - Processing file /home/airflow/.local/lib/python3.12/site-packages/airflow/example_dags/example_python_operator.py for tasks to queue
[2026-05-01T00:03:39.881+0000] {logging_mixin.py:188} INFO - [2026-05-01T00:03:39.881+0000] {dagbag.py:545} INFO - Filling up the DagBag from /home/airflow/.local/lib/python3.12/site-packages/airflow/example_dags/example_python_operator.py
[2026-05-01T00:03:39.886+0000] {processor.py:840} INFO - DAG(s) 'example_python_operator' retrieved from /home/airflow/.local/lib/python3.12/site-packages/airflow/example_dags/example_python_operator.py
[2026-05-01T00:03:39.894+0000] {logging_mixin.py:188} INFO - [2026-05-01T00:03:39.894+0000] {dag.py:3089} INFO - Sync 1 DAGs
[2026-05-01T00:03:39.898+0000] {logging_mixin.py:188} INFO - [2026-05-01T00:03:39.898+0000] {dag.py:3947} INFO - Setting next_dagrun for example_python_operator to None, run_after=None
[2026-05-01T00:03:39.908+0000] {processor.py:183} INFO - Processing /home/airflow/.local/lib/python3.12/site-packages/airflow/example_dags/example_python_operator.py took 0.031 seconds
[2026-05-01T00:04:10.621+0000] {processor.py:161} INFO - Started process (PID=55422) to work on /home/airflow/.local/lib/python3.12/site-packages/airflow/example_dags/example_python_operator.py
[2026-05-01T00:04:10.621+0000] {processor.py:830} INFO - Processing file /home/airflow/.local/lib/python3.12/site-packages/airflow/example_dags/example_python_operator.py for tasks to queue
[2026-05-01T00:04:10.622+0000] {logging_mixin.py:188} INFO - [2026-05-01T00:04:10.622+0000] {dagbag.py:545} INFO - Filling up the DagBag from /home/airflow/.local/lib/python3.12/site-packages/airflow/example_dags/example_python_operator.py
[2026-05-01T00:04:10.626+0000] {processor.py:840} INFO - DAG(s) 'example_python_operator' retrieved from /home/airflow/.local/lib/python3.12/site-packages/airflow/example_dags/example_python_operator.py
[2026-05-01T00:04:10.636+0000] {logging_mixin.py:188} INFO - [2026-05-01T00:04:10.636+0000] {dag.py:3089} INFO - Sync 1 DAGs
[2026-05-01T00:04:10.642+0000] {logging_mixin.py:188} INFO - [2026-05-01T00:04:10.642+0000] {dag.py:3947} INFO - Setting next_dagrun for example_python_operator to None, run_after=None
[2026-05-01T00:04:10.653+0000] {processor.py:183} INFO - Processing /home/airflow/.local/lib/python3.12/site-packages/airflow/example_dags/example_python_operator.py took 0.035 seconds
[2026-05-01T00:04:41.345+0000] {processor.py:161} INFO - Started process (PID=55482) to work on /home/airflow/.local/lib/python3.12/site-packages/airflow/example_dags/example_python_operator.py
[2026-05-01T00:04:41.345+0000] {processor.py:830} INFO - Processing file /home/airflow/.local/lib/python3.12/site-packages/airflow/example_dags/example_python_operator.py for tasks to queue
[2026-05-01T00:04:41.346+0000] {logging_mixin.py:188} INFO - [2026-05-01T00:04:41.346+0000] {dagbag.py:545} INFO - Filling up the DagBag from /home/airflow/.local/lib/python3.12/site-packages/airflow/example_dags/example_python_operator.py
[2026-05-01T00:04:41.350+0000] {processor.py:840} INFO - DAG(s) 'example_python_operator' retrieved from /home/airflow/.local/lib/python3.12/site-packages/airflow/example_dags/example_python_operator.py
[2026-05-01T00:04:41.362+0000] {logging_mixin.py:188} INFO - [2026-05-01T00:04:41.361+0000] {dag.py:3089} INFO - Sync 1 DAGs
[2026-05-01T00:04:41.368+0000] {logging_mixin.py:188} INFO - [2026-05-01T00:04:41.368+0000] {dag.py:3947} INFO - Setting next_dagrun for example_python_operator to None, run_after=None
[2026-05-01T00:04:41.377+0000] {processor.py:183} INFO - Processing /home/airflow/.local/lib/python3.12/site-packages/airflow/example_dags/example_python_operator.py took 0.035 seconds
[2026-05-01T00:05:12.149+0000] {processor.py:161} INFO - Started process (PID=55543) to work on /home/airflow/.local/lib/python3.12/site-packages/airflow/example_dags/example_python_operator.py
[2026-05-01T00:05:12.150+0000] {processor.py:830} INFO - Processing file /home/airflow/.local/lib/python3.12/site-packages/airflow/example_dags/example_python_operator.py for tasks to queue
[2026-05-01T00:05:12.151+0000] {logging_mixin.py:188} INFO - [2026-05-01T00:05:12.151+0000] {dagbag.py:545} INFO - Filling up the DagBag from /home/airflow/.local/lib/python3.12/site-packages/airflow/example_dags/example_python_operator.py
[2026-05-01T00:05:12.155+0000] {processor.py:840} INFO - DAG(s) 'example_python_operator' retrieved from /home/airflow/.local/lib/python3.12/site-packages/airflow/example_dags/example_python_operator.py
[2026-05-01T00:05:12.166+0000] {logging_mixin.py:188} INFO - [2026-05-01T00:05:12.166+0000] {dag.py:3089} INFO - Sync 1 DAGs
[2026-05-01T00:05:12.171+0000] {logging_mixin.py:188} INFO - [2026-05-01T00:05:12.171+0000] {dag.py:3947} INFO - Setting next_dagrun for example_python_operator to None, run_after=None
[2026-05-01T00:05:12.184+0000] {processor.py:183} INFO - Processing /home/airflow/.local/lib/python3.12/site-packages/airflow/example_dags/example_python_operator.py took 0.038 seconds
[2026-05-01T00:05:42.892+0000] {processor.py:161} INFO - Started process (PID=55603) to work on /home/airflow/.local/lib/python3.12/site-packages/airflow/example_dags/example_python_operator.py
[2026-05-01T00:05:42.892+0000] {processor.py:830} INFO - Processing file /home/airflow/.local/lib/python3.12/site-packages/airflow/example_dags/example_python_operator.py for tasks to queue
[2026-05-01T00:05:42.893+0000] {logging_mixin.py:188} INFO - [2026-05-01T00:05:42.893+0000] {dagbag.py:545} INFO - Filling up the DagBag from /home/airflow/.local/lib/python3.12/site-packages/airflow/example_dags/example_python_operator.py
[2026-05-01T00:05:42.897+0000] {processor.py:840} INFO - DAG(s) 'example_python_operator' retrieved from /home/airflow/.local/lib/python3.12/site-packages/airflow/example_dags/example_python_operator.py
[2026-05-01T00:05:42.908+0000] {logging_mixin.py:188} INFO - [2026-05-01T00:05:42.908+0000] {dag.py:3089} INFO - Sync 1 DAGs
[2026-05-01T00:05:42.913+0000] {logging_mixin.py:188} INFO - [2026-05-01T00:05:42.913+0000] {dag.py:3947} INFO - Setting next_dagrun for example_python_operator to None, run_after=None
[2026-05-01T00:05:42.922+0000] {processor.py:183} INFO - Processing /home/airflow/.local/lib/python3.12/site-packages/airflow/example_dags/example_python_operator.py took 0.032 seconds
[2026-05-01T00:06:13.691+0000] {processor.py:161} INFO - Started process (PID=55663) to work on /home/airflow/.local/lib/python3.12/site-packages/airflow/example_dags/example_python_operator.py
[2026-05-01T00:06:13.692+0000] {processor.py:830} INFO - Processing file /home/airflow/.local/lib/python3.12/site-packages/airflow/example_dags/example_python_operator.py for tasks to queue
[2026-05-01T00:06:13.692+0000] {logging_mixin.py:188} INFO - [2026-05-01T00:06:13.692+0000] {dagbag.py:545} INFO - Filling up the DagBag from /home/airflow/.local/lib/python3.12/site-packages/airflow/example_dags/example_python_operator.py
[2026-05-01T00:06:13.697+0000] {processor.py:840} INFO - DAG(s) 'example_python_operator' retrieved from /home/airflow/.local/lib/python3.12/site-packages/airflow/example_dags/example_python_operator.py
[2026-05-01T00:06:13.707+0000] {logging_mixin.py:188} INFO - [2026-05-01T00:06:13.707+0000] {dag.py:3089} INFO - Sync 1 DAGs
[2026-05-01T00:06:13.715+0000] {logging_mixin.py:188} INFO - [2026-05-01T00:06:13.714+0000] {dag.py:3947} INFO - Setting next_dagrun for example_python_operator to None, run_after=None
[2026-05-01T00:06:13.723+0000] {processor.py:183} INFO - Processing /home/airflow/.local/lib/python3.12/site-packages/airflow/example_dags/example_python_operator.py took 0.035 seconds
[2026-05-01T00:06:44.449+0000] {processor.py:161} INFO - Started process (PID=55723) to work on /home/airflow/.local/lib/python3.12/site-packages/airflow/example_dags/example_python_operator.py
[2026-05-01T00:06:44.449+0000] {processor.py:830} INFO - Processing file /home/airflow/.local/lib/python3.12/site-packages/airflow/example_dags/example_python_operator.py for tasks to queue
[2026-05-01T00:06:44.450+0000] {logging_mixin.py:188} INFO - [2026-05-01T00:06:44.450+0000] {dagbag.py:545} INFO - Filling up the DagBag from /home/airflow/.local/lib/python3.12/site-packages/airflow/example_dags/example_python_operator.py
[2026-05-01T00:06:44.455+0000] {processor.py:840} INFO - DAG(s) 'example_python_operator' retrieved from /home/airflow/.local/lib/python3.12/site-packages/airflow/example_dags/example_python_operator.py
[2026-05-01T00:06:44.465+0000] {logging_mixin.py:188} INFO - [2026-05-01T00:06:44.465+0000] {dag.py:3089} INFO - Sync 1 DAGs
[2026-05-01T00:06:44.471+0000] {logging_mixin.py:188} INFO - [2026-05-01T00:06:44.471+0000] {dag.py:3947} INFO - Setting next_dagrun for example_python_operator to None, run_after=None
[2026-05-01T00:06:44.479+0000] {processor.py:183} INFO - Processing /home/airflow/.local/lib/python3.12/site-packages/airflow/example_dags/example_python_operator.py took 0.033 seconds
[2026-05-01T00:07:14.584+0000] {processor.py:161} INFO - Started process (PID=55783) to work on /home/airflow/.local/lib/python3.12/site-packages/airflow/example_dags/example_python_operator.py
[2026-05-01T00:07:14.585+0000] {processor.py:830} INFO - Processing file /home/airflow/.local/lib/python3.12/site-packages/airflow/example_dags/example_python_operator.py for tasks to queue
[2026-05-01T00:07:14.586+0000] {logging_mixin.py:188} INFO - [2026-05-01T00:07:14.585+0000] {dagbag.py:545} INFO - Filling up the DagBag from /home/airflow/.local/lib/python3.12/site-packages/airflow/example_dags/example_python_operator.py
[2026-05-01T00:07:14.590+0000] {processor.py:840} INFO - DAG(s) 'example_python_operator' retrieved from /home/airflow/.local/lib/python3.12/site-packages/airflow/example_dags/example_python_operator.py
[2026-05-01T00:07:14.600+0000] {logging_mixin.py:188} INFO - [2026-05-01T00:07:14.600+0000] {dag.py:3089} INFO - Sync 1 DAGs
[2026-05-01T00:07:14.608+0000] {logging_mixin.py:188} INFO - [2026-05-01T00:07:14.608+0000] {dag.py:3947} INFO - Setting next_dagrun for example_python_operator to None, run_after=None
[2026-05-01T00:07:14.617+0000] {processor.py:183} INFO - Processing /home/airflow/.local/lib/python3.12/site-packages/airflow/example_dags/example_python_operator.py took 0.035 seconds
[2026-05-01T00:07:45.244+0000] {processor.py:161} INFO - Started process (PID=55843) to work on /home/airflow/.local/lib/python3.12/site-packages/airflow/example_dags/example_python_operator.py
[2026-05-01T00:07:45.244+0000] {processor.py:830} INFO - Processing file /home/airflow/.local/lib/python3.12/site-packages/airflow/example_dags/example_python_operator.py for tasks to queue
[2026-05-01T00:07:45.245+0000] {logging_mixin.py:188} INFO - [2026-05-01T00:07:45.245+0000] {dagbag.py:545} INFO - Filling up the DagBag from /home/airflow/.local/lib/python3.12/site-packages/airflow/example_dags/example_python_operator.py
[2026-05-01T00:07:45.250+0000] {processor.py:840} INFO - DAG(s) 'example_python_operator' retrieved from /home/airflow/.local/lib/python3.12/site-packages/airflow/example_dags/example_python_operator.py
[2026-05-01T00:07:45.261+0000] {logging_mixin.py:188} INFO - [2026-05-01T00:07:45.261+0000] {dag.py:3089} INFO - Sync 1 DAGs
[2026-05-01T00:07:45.267+0000] {logging_mixin.py:188} INFO - [2026-05-01T00:07:45.267+0000] {dag.py:3947} INFO - Setting next_dagrun for example_python_operator to None, run_after=None
[2026-05-01T00:07:45.277+0000] {processor.py:183} INFO - Processing /home/airflow/.local/lib/python3.12/site-packages/airflow/example_dags/example_python_operator.py took 0.036 seconds
[2026-05-01T00:08:15.659+0000] {processor.py:161} INFO - Started process (PID=55903) to work on /home/airflow/.local/lib/python3.12/site-packages/airflow/example_dags/example_python_operator.py
[2026-05-01T00:08:15.659+0000] {processor.py:830} INFO - Processing file /home/airflow/.local/lib/python3.12/site-packages/airflow/example_dags/example_python_operator.py for tasks to queue
[2026-05-01T00:08:15.660+0000] {logging_mixin.py:188} INFO - [2026-05-01T00:08:15.660+0000] {dagbag.py:545} INFO - Filling up the DagBag from /home/airflow/.local/lib/python3.12/site-packages/airflow/example_dags/example_python_operator.py
[2026-05-01T00:08:15.664+0000] {processor.py:840} INFO - DAG(s) 'example_python_operator' retrieved from /home/airflow/.local/lib/python3.12/site-packages/airflow/example_dags/example_python_operator.py
[2026-05-01T00:08:15.674+0000] {logging_mixin.py:188} INFO - [2026-05-01T00:08:15.674+0000] {dag.py:3089} INFO - Sync 1 DAGs
[2026-05-01T00:08:15.751+0000] {logging_mixin.py:188} INFO - [2026-05-01T00:08:15.751+0000] {dag.py:3947} INFO - Setting next_dagrun for example_python_operator to None, run_after=None
[2026-05-01T00:08:15.760+0000] {processor.py:183} INFO - Processing /home/airflow/.local/lib/python3.12/site-packages/airflow/example_dags/example_python_operator.py took 0.104 seconds
[2026-05-01T00:08:46.398+0000] {processor.py:161} INFO - Started process (PID=55964) to work on /home/airflow/.local/lib/python3.12/site-packages/airflow/example_dags/example_python_operator.py
[2026-05-01T00:08:46.399+0000] {processor.py:830} INFO - Processing file /home/airflow/.local/lib/python3.12/site-packages/airflow/example_dags/example_python_operator.py for tasks to queue
[2026-05-01T00:08:46.399+0000] {logging_mixin.py:188} INFO - [2026-05-01T00:08:46.399+0000] {dagbag.py:545} INFO - Filling up the DagBag from /home/airflow/.local/lib/python3.12/site-packages/airflow/example_dags/example_python_operator.py
[2026-05-01T00:08:46.404+0000] {processor.py:840} INFO - DAG(s) 'example_python_operator' retrieved from /home/airflow/.local/lib/python3.12/site-packages/airflow/example_dags/example_python_operator.py
[2026-05-01T00:08:46.412+0000] {logging_mixin.py:188} INFO - [2026-05-01T00:08:46.412+0000] {dag.py:3089} INFO - Sync 1 DAGs
[2026-05-01T00:08:46.479+0000] {logging_mixin.py:188} INFO - [2026-05-01T00:08:46.479+0000] {dag.py:3947} INFO - Setting next_dagrun for example_python_operator to None, run_after=None
[2026-05-01T00:08:46.485+0000] {processor.py:183} INFO - Processing /home/airflow/.local/lib/python3.12/site-packages/airflow/example_dags/example_python_operator.py took 0.089 seconds
[2026-05-01T00:09:16.992+0000] {processor.py:161} INFO - Started process (PID=56024) to work on /home/airflow/.local/lib/python3.12/site-packages/airflow/example_dags/example_python_operator.py
[2026-05-01T00:09:16.993+0000] {processor.py:830} INFO - Processing file /home/airflow/.local/lib/python3.12/site-packages/airflow/example_dags/example_python_operator.py for tasks to queue
[2026-05-01T00:09:16.994+0000] {logging_mixin.py:188} INFO - [2026-05-01T00:09:16.994+0000] {dagbag.py:545} INFO - Filling up the DagBag from /home/airflow/.local/lib/python3.12/site-packages/airflow/example_dags/example_python_operator.py
[2026-05-01T00:09:16.998+0000] {processor.py:840} INFO - DAG(s) 'example_python_operator' retrieved from /home/airflow/.local/lib/python3.12/site-packages/airflow/example_dags/example_python_operator.py
[2026-05-01T00:09:17.009+0000] {logging_mixin.py:188} INFO - [2026-05-01T00:09:17.009+0000] {dag.py:3089} INFO - Sync 1 DAGs
[2026-05-01T00:09:17.015+0000] {logging_mixin.py:188} INFO - [2026-05-01T00:09:17.015+0000] {dag.py:3947} INFO - Setting next_dagrun for example_python_operator to None, run_after=None
[2026-05-01T00:09:17.025+0000] {processor.py:183} INFO - Processing /home/airflow/.local/lib/python3.12/site-packages/airflow/example_dags/example_python_operator.py took 0.035 seconds
[2026-05-01T00:09:47.725+0000] {processor.py:161} INFO - Started process (PID=56084) to work on /home/airflow/.local/lib/python3.12/site-packages/airflow/example_dags/example_python_operator.py
[2026-05-01T00:09:47.726+0000] {processor.py:830} INFO - Processing file /home/airflow/.local/lib/python3.12/site-packages/airflow/example_dags/example_python_operator.py for tasks to queue
[2026-05-01T00:09:47.726+0000] {logging_mixin.py:188} INFO - [2026-05-01T00:09:47.726+0000] {dagbag.py:545} INFO - Filling up the DagBag from /home/airflow/.local/lib/python3.12/site-packages/airflow/example_dags/example_python_operator.py
[2026-05-01T00:09:47.731+0000] {processor.py:840} INFO - DAG(s) 'example_python_operator' retrieved from /home/airflow/.local/lib/python3.12/site-packages/airflow/example_dags/example_python_operator.py
[2026-05-01T00:09:47.741+0000] {logging_mixin.py:188} INFO - [2026-05-01T00:09:47.741+0000] {dag.py:3089} INFO - Sync 1 DAGs
[2026-05-01T00:09:47.748+0000] {logging_mixin.py:188} INFO - [2026-05-01T00:09:47.748+0000] {dag.py:3947} INFO - Setting next_dagrun for example_python_operator to None, run_after=None
[2026-05-01T00:09:47.758+0000] {processor.py:183} INFO - Processing /home/airflow/.local/lib/python3.12/site-packages/airflow/example_dags/example_python_operator.py took 0.035 seconds
[2026-05-01T00:10:18.448+0000] {processor.py:161} INFO - Started process (PID=56144) to work on /home/airflow/.local/lib/python3.12/site-packages/airflow/example_dags/example_python_operator.py
[2026-05-01T00:10:18.449+0000] {processor.py:830} INFO - Processing file /home/airflow/.local/lib/python3.12/site-packages/airflow/example_dags/example_python_operator.py for tasks to queue
[2026-05-01T00:10:18.449+0000] {logging_mixin.py:188} INFO - [2026-05-01T00:10:18.449+0000] {dagbag.py:545} INFO - Filling up the DagBag from /home/airflow/.local/lib/python3.12/site-packages/airflow/example_dags/example_python_operator.py
[2026-05-01T00:10:18.454+0000] {processor.py:840} INFO - DAG(s) 'example_python_operator' retrieved from /home/airflow/.local/lib/python3.12/site-packages/airflow/example_dags/example_python_operator.py
[2026-05-01T00:10:18.464+0000] {logging_mixin.py:188} INFO - [2026-05-01T00:10:18.464+0000] {dag.py:3089} INFO - Sync 1 DAGs
[2026-05-01T00:10:18.469+0000] {logging_mixin.py:188} INFO - [2026-05-01T00:10:18.469+0000] {dag.py:3947} INFO - Setting next_dagrun for example_python_operator to None, run_after=None
[2026-05-01T00:10:18.480+0000] {processor.py:183} INFO - Processing /home/airflow/.local/lib/python3.12/site-packages/airflow/example_dags/example_python_operator.py took 0.034 seconds
[2026-05-01T00:10:49.262+0000] {processor.py:161} INFO - Started process (PID=56204) to work on /home/airflow/.local/lib/python3.12/site-packages/airflow/example_dags/example_python_operator.py
[2026-05-01T00:10:49.263+0000] {processor.py:830} INFO - Processing file /home/airflow/.local/lib/python3.12/site-packages/airflow/example_dags/example_python_operator.py for tasks to queue
[2026-05-01T00:10:49.264+0000] {logging_mixin.py:188} INFO - [2026-05-01T00:10:49.264+0000] {dagbag.py:545} INFO - Filling up the DagBag from /home/airflow/.local/lib/python3.12/site-packages/airflow/example_dags/example_python_operator.py
[2026-05-01T00:10:49.268+0000] {processor.py:840} INFO - DAG(s) 'example_python_operator' retrieved from /home/airflow/.local/lib/python3.12/site-packages/airflow/example_dags/example_python_operator.py
[2026-05-01T00:10:49.275+0000] {logging_mixin.py:188} INFO - [2026-05-01T00:10:49.275+0000] {dag.py:3089} INFO - Sync 1 DAGs
[2026-05-01T00:10:49.279+0000] {logging_mixin.py:188} INFO - [2026-05-01T00:10:49.279+0000] {dag.py:3947} INFO - Setting next_dagrun for example_python_operator to None, run_after=None
[2026-05-01T00:10:49.284+0000] {processor.py:183} INFO - Processing /home/airflow/.local/lib/python3.12/site-packages/airflow/example_dags/example_python_operator.py took 0.024 seconds
[2026-05-01T00:11:20.334+0000] {processor.py:161} INFO - Started process (PID=56264) to work on /home/airflow/.local/lib/python3.12/site-packages/airflow/example_dags/example_python_operator.py
[2026-05-01T00:11:20.335+0000] {processor.py:830} INFO - Processing file /home/airflow/.local/lib/python3.12/site-packages/airflow/example_dags/example_python_operator.py for tasks to queue
[2026-05-01T00:11:20.335+0000] {logging_mixin.py:188} INFO - [2026-05-01T00:11:20.335+0000] {dagbag.py:545} INFO - Filling up the DagBag from /home/airflow/.local/lib/python3.12/site-packages/airflow/example_dags/example_python_operator.py
[2026-05-01T00:11:20.340+0000] {processor.py:840} INFO - DAG(s) 'example_python_operator' retrieved from /home/airflow/.local/lib/python3.12/site-packages/airflow/example_dags/example_python_operator.py
[2026-05-01T00:11:20.350+0000] {logging_mixin.py:188} INFO - [2026-05-01T00:11:20.350+0000] {dag.py:3089} INFO - Sync 1 DAGs
[2026-05-01T00:11:20.358+0000] {logging_mixin.py:188} INFO - [2026-05-01T00:11:20.358+0000] {dag.py:3947} INFO - Setting next_dagrun for example_python_operator to None, run_after=None
[2026-05-01T00:11:20.364+0000] {processor.py:183} INFO - Processing /home/airflow/.local/lib/python3.12/site-packages/airflow/example_dags/example_python_operator.py took 0.033 seconds
[2026-05-01T00:11:50.985+0000] {processor.py:161} INFO - Started process (PID=56324) to work on /home/airflow/.local/lib/python3.12/site-packages/airflow/example_dags/example_python_operator.py
[2026-05-01T00:11:50.986+0000] {processor.py:830} INFO - Processing file /home/airflow/.local/lib/python3.12/site-packages/airflow/example_dags/example_python_operator.py for tasks to queue
[2026-05-01T00:11:50.986+0000] {logging_mixin.py:188} INFO - [2026-05-01T00:11:50.986+0000] {dagbag.py:545} INFO - Filling up the DagBag from /home/airflow/.local/lib/python3.12/site-packages/airflow/example_dags/example_python_operator.py
[2026-05-01T00:11:50.991+0000] {processor.py:840} INFO - DAG(s) 'example_python_operator' retrieved from /home/airflow/.local/lib/python3.12/site-packages/airflow/example_dags/example_python_operator.py
[2026-05-01T00:11:51.005+0000] {logging_mixin.py:188} INFO - [2026-05-01T00:11:51.005+0000] {dag.py:3089} INFO - Sync 1 DAGs
[2026-05-01T00:11:51.012+0000] {logging_mixin.py:188} INFO - [2026-05-01T00:11:51.012+0000] {dag.py:3947} INFO - Setting next_dagrun for example_python_operator to None, run_after=None
[2026-05-01T00:11:51.023+0000] {processor.py:183} INFO - Processing /home/airflow/.local/lib/python3.12/site-packages/airflow/example_dags/example_python_operator.py took 0.041 seconds
[2026-05-01T00:12:21.686+0000] {processor.py:161} INFO - Started process (PID=56384) to work on /home/airflow/.local/lib/python3.12/site-packages/airflow/example_dags/example_python_operator.py
[2026-05-01T00:12:21.687+0000] {processor.py:830} INFO - Processing file /home/airflow/.local/lib/python3.12/site-packages/airflow/example_dags/example_python_operator.py for tasks to queue
[2026-05-01T00:12:21.688+0000] {logging_mixin.py:188} INFO - [2026-05-01T00:12:21.688+0000] {dagbag.py:545} INFO - Filling up the DagBag from /home/airflow/.local/lib/python3.12/site-packages/airflow/example_dags/example_python_operator.py
[2026-05-01T00:12:21.692+0000] {processor.py:840} INFO - DAG(s) 'example_python_operator' retrieved from /home/airflow/.local/lib/python3.12/site-packages/airflow/example_dags/example_python_operator.py
[2026-05-01T00:12:21.702+0000] {logging_mixin.py:188} INFO - [2026-05-01T00:12:21.702+0000] {dag.py:3089} INFO - Sync 1 DAGs
[2026-05-01T00:12:21.708+0000] {logging_mixin.py:188} INFO - [2026-05-01T00:12:21.708+0000] {dag.py:3947} INFO - Setting next_dagrun for example_python_operator to None, run_after=None
[2026-05-01T00:12:21.718+0000] {processor.py:183} INFO - Processing /home/airflow/.local/lib/python3.12/site-packages/airflow/example_dags/example_python_operator.py took 0.034 seconds
[2026-05-01T00:12:52.419+0000] {processor.py:161} INFO - Started process (PID=56444) to work on /home/airflow/.local/lib/python3.12/site-packages/airflow/example_dags/example_python_operator.py
[2026-05-01T00:12:52.420+0000] {processor.py:830} INFO - Processing file /home/airflow/.local/lib/python3.12/site-packages/airflow/example_dags/example_python_operator.py for tasks to queue
[2026-05-01T00:12:52.421+0000] {logging_mixin.py:188} INFO - [2026-05-01T00:12:52.421+0000] {dagbag.py:545} INFO - Filling up the DagBag from /home/airflow/.local/lib/python3.12/site-packages/airflow/example_dags/example_python_operator.py
[2026-05-01T00:12:52.428+0000] {processor.py:840} INFO - DAG(s) 'example_python_operator' retrieved from /home/airflow/.local/lib/python3.12/site-packages/airflow/example_dags/example_python_operator.py
[2026-05-01T00:12:52.437+0000] {logging_mixin.py:188} INFO - [2026-05-01T00:12:52.437+0000] {dag.py:3089} INFO - Sync 1 DAGs
[2026-05-01T00:12:52.442+0000] {logging_mixin.py:188} INFO - [2026-05-01T00:12:52.442+0000] {dag.py:3947} INFO - Setting next_dagrun for example_python_operator to None, run_after=None
[2026-05-01T00:12:52.451+0000] {processor.py:183} INFO - Processing /home/airflow/.local/lib/python3.12/site-packages/airflow/example_dags/example_python_operator.py took 0.035 seconds
[2026-05-01T00:13:23.166+0000] {processor.py:161} INFO - Started process (PID=56504) to work on /home/airflow/.local/lib/python3.12/site-packages/airflow/example_dags/example_python_operator.py
[2026-05-01T00:13:23.168+0000] {processor.py:830} INFO - Processing file /home/airflow/.local/lib/python3.12/site-packages/airflow/example_dags/example_python_operator.py for tasks to queue
[2026-05-01T00:13:23.169+0000] {logging_mixin.py:188} INFO - [2026-05-01T00:13:23.168+0000] {dagbag.py:545} INFO - Filling up the DagBag from /home/airflow/.local/lib/python3.12/site-packages/airflow/example_dags/example_python_operator.py
[2026-05-01T00:13:23.174+0000] {processor.py:840} INFO - DAG(s) 'example_python_operator' retrieved from /home/airflow/.local/lib/python3.12/site-packages/airflow/example_dags/example_python_operator.py
[2026-05-01T00:13:23.188+0000] {logging_mixin.py:188} INFO - [2026-05-01T00:13:23.188+0000] {dag.py:3089} INFO - Sync 1 DAGs
[2026-05-01T00:13:23.192+0000] {logging_mixin.py:188} INFO - [2026-05-01T00:13:23.192+0000] {dag.py:3947} INFO - Setting next_dagrun for example_python_operator to None, run_after=None
[2026-05-01T00:13:23.202+0000] {processor.py:183} INFO - Processing /home/airflow/.local/lib/python3.12/site-packages/airflow/example_dags/example_python_operator.py took 0.039 seconds
[2026-05-01T00:13:53.531+0000] {processor.py:161} INFO - Started process (PID=56564) to work on /home/airflow/.local/lib/python3.12/site-packages/airflow/example_dags/example_python_operator.py
[2026-05-01T00:13:53.531+0000] {processor.py:830} INFO - Processing file /home/airflow/.local/lib/python3.12/site-packages/airflow/example_dags/example_python_operator.py for tasks to queue
[2026-05-01T00:13:53.532+0000] {logging_mixin.py:188} INFO - [2026-05-01T00:13:53.532+0000] {dagbag.py:545} INFO - Filling up the DagBag from /home/airflow/.local/lib/python3.12/site-packages/airflow/example_dags/example_python_operator.py
[2026-05-01T00:13:53.536+0000] {processor.py:840} INFO - DAG(s) 'example_python_operator' retrieved from /home/airflow/.local/lib/python3.12/site-packages/airflow/example_dags/example_python_operator.py
[2026-05-01T00:13:53.544+0000] {logging_mixin.py:188} INFO - [2026-05-01T00:13:53.544+0000] {dag.py:3089} INFO - Sync 1 DAGs
[2026-05-01T00:13:53.548+0000] {logging_mixin.py:188} INFO - [2026-05-01T00:13:53.548+0000] {dag.py:3947} INFO - Setting next_dagrun for example_python_operator to None, run_after=None
[2026-05-01T00:13:53.553+0000] {processor.py:183} INFO - Processing /home/airflow/.local/lib/python3.12/site-packages/airflow/example_dags/example_python_operator.py took 0.024 seconds
[2026-05-01T00:14:24.230+0000] {processor.py:161} INFO - Started process (PID=56624) to work on /home/airflow/.local/lib/python3.12/site-packages/airflow/example_dags/example_python_operator.py
[2026-05-01T00:14:24.230+0000] {processor.py:830} INFO - Processing file /home/airflow/.local/lib/python3.12/site-packages/airflow/example_dags/example_python_operator.py for tasks to queue
[2026-05-01T00:14:24.231+0000] {logging_mixin.py:188} INFO - [2026-05-01T00:14:24.231+0000] {dagbag.py:545} INFO - Filling up the DagBag from /home/airflow/.local/lib/python3.12/site-packages/airflow/example_dags/example_python_operator.py
[2026-05-01T00:14:24.236+0000] {processor.py:840} INFO - DAG(s) 'example_python_operator' retrieved from /home/airflow/.local/lib/python3.12/site-packages/airflow/example_dags/example_python_operator.py
[2026-05-01T00:14:24.247+0000] {logging_mixin.py:188} INFO - [2026-05-01T00:14:24.246+0000] {dag.py:3089} INFO - Sync 1 DAGs
[2026-05-01T00:14:24.252+0000] {logging_mixin.py:188} INFO - [2026-05-01T00:14:24.252+0000] {dag.py:3947} INFO - Setting next_dagrun for example_python_operator to None, run_after=None
[2026-05-01T00:14:24.263+0000] {processor.py:183} INFO - Processing /home/airflow/.local/lib/python3.12/site-packages/airflow/example_dags/example_python_operator.py took 0.035 seconds
[2026-05-01T00:14:54.799+0000] {processor.py:161} INFO - Started process (PID=56684) to work on /home/airflow/.local/lib/python3.12/site-packages/airflow/example_dags/example_python_operator.py
[2026-05-01T00:14:54.801+0000] {processor.py:830} INFO - Processing file /home/airflow/.local/lib/python3.12/site-packages/airflow/example_dags/example_python_operator.py for tasks to queue
[2026-05-01T00:14:54.802+0000] {logging_mixin.py:188} INFO - [2026-05-01T00:14:54.802+0000] {dagbag.py:545} INFO - Filling up the DagBag from /home/airflow/.local/lib/python3.12/site-packages/airflow/example_dags/example_python_operator.py
[2026-05-01T00:14:54.806+0000] {processor.py:840} INFO - DAG(s) 'example_python_operator' retrieved from /home/airflow/.local/lib/python3.12/site-packages/airflow/example_dags/example_python_operator.py
[2026-05-01T00:14:54.815+0000] {logging_mixin.py:188} INFO - [2026-05-01T00:14:54.814+0000] {dag.py:3089} INFO - Sync 1 DAGs
[2026-05-01T00:14:54.819+0000] {logging_mixin.py:188} INFO - [2026-05-01T00:14:54.819+0000] {dag.py:3947} INFO - Setting next_dagrun for example_python_operator to None, run_after=None
[2026-05-01T00:14:54.825+0000] {processor.py:183} INFO - Processing /home/airflow/.local/lib/python3.12/site-packages/airflow/example_dags/example_python_operator.py took 0.028 seconds
[2026-05-01T00:15:25.382+0000] {processor.py:161} INFO - Started process (PID=56744) to work on /home/airflow/.local/lib/python3.12/site-packages/airflow/example_dags/example_python_operator.py
[2026-05-01T00:15:25.383+0000] {processor.py:830} INFO - Processing file /home/airflow/.local/lib/python3.12/site-packages/airflow/example_dags/example_python_operator.py for tasks to queue
[2026-05-01T00:15:25.384+0000] {logging_mixin.py:188} INFO - [2026-05-01T00:15:25.384+0000] {dagbag.py:545} INFO - Filling up the DagBag from /home/airflow/.local/lib/python3.12/site-packages/airflow/example_dags/example_python_operator.py
[2026-05-01T00:15:25.388+0000] {processor.py:840} INFO - DAG(s) 'example_python_operator' retrieved from /home/airflow/.local/lib/python3.12/site-packages/airflow/example_dags/example_python_operator.py
[2026-05-01T00:15:25.400+0000] {logging_mixin.py:188} INFO - [2026-05-01T00:15:25.400+0000] {dag.py:3089} INFO - Sync 1 DAGs
[2026-05-01T00:15:25.405+0000] {logging_mixin.py:188} INFO - [2026-05-01T00:15:25.405+0000] {dag.py:3947} INFO - Setting next_dagrun for example_python_operator to None, run_after=None
[2026-05-01T00:15:25.415+0000] {processor.py:183} INFO - Processing /home/airflow/.local/lib/python3.12/site-packages/airflow/example_dags/example_python_operator.py took 0.036 seconds
[2026-05-01T00:15:56.010+0000] {processor.py:161} INFO - Started process (PID=56804) to work on /home/airflow/.local/lib/python3.12/site-packages/airflow/example_dags/example_python_operator.py
[2026-05-01T00:15:56.011+0000] {processor.py:830} INFO - Processing file /home/airflow/.local/lib/python3.12/site-packages/airflow/example_dags/example_python_operator.py for tasks to queue
[2026-05-01T00:15:56.012+0000] {logging_mixin.py:188} INFO - [2026-05-01T00:15:56.012+0000] {dagbag.py:545} INFO - Filling up the DagBag from /home/airflow/.local/lib/python3.12/site-packages/airflow/example_dags/example_python_operator.py
[2026-05-01T00:15:56.016+0000] {processor.py:840} INFO - DAG(s) 'example_python_operator' retrieved from /home/airflow/.local/lib/python3.12/site-packages/airflow/example_dags/example_python_operator.py
[2026-05-01T00:15:56.027+0000] {logging_mixin.py:188} INFO - [2026-05-01T00:15:56.027+0000] {dag.py:3089} INFO - Sync 1 DAGs
[2026-05-01T00:15:56.034+0000] {logging_mixin.py:188} INFO - [2026-05-01T00:15:56.034+0000] {dag.py:3947} INFO - Setting next_dagrun for example_python_operator to None, run_after=None
[2026-05-01T00:15:56.043+0000] {processor.py:183} INFO - Processing /home/airflow/.local/lib/python3.12/site-packages/airflow/example_dags/example_python_operator.py took 0.036 seconds
[2026-05-01T00:16:26.649+0000] {processor.py:161} INFO - Started process (PID=56864) to work on /home/airflow/.local/lib/python3.12/site-packages/airflow/example_dags/example_python_operator.py
[2026-05-01T00:16:26.650+0000] {processor.py:830} INFO - Processing file /home/airflow/.local/lib/python3.12/site-packages/airflow/example_dags/example_python_operator.py for tasks to queue
[2026-05-01T00:16:26.651+0000] {logging_mixin.py:188} INFO - [2026-05-01T00:16:26.650+0000] {dagbag.py:545} INFO - Filling up the DagBag from /home/airflow/.local/lib/python3.12/site-packages/airflow/example_dags/example_python_operator.py
[2026-05-01T00:16:26.656+0000] {processor.py:840} INFO - DAG(s) 'example_python_operator' retrieved from /home/airflow/.local/lib/python3.12/site-packages/airflow/example_dags/example_python_operator.py
[2026-05-01T00:16:26.665+0000] {logging_mixin.py:188} INFO - [2026-05-01T00:16:26.665+0000] {dag.py:3089} INFO - Sync 1 DAGs
[2026-05-01T00:16:26.670+0000] {logging_mixin.py:188} INFO - [2026-05-01T00:16:26.670+0000] {dag.py:3947} INFO - Setting next_dagrun for example_python_operator to None, run_after=None
[2026-05-01T00:16:26.676+0000] {processor.py:183} INFO - Processing /home/airflow/.local/lib/python3.12/site-packages/airflow/example_dags/example_python_operator.py took 0.029 seconds
[2026-05-01T00:16:57.272+0000] {processor.py:161} INFO - Started process (PID=56924) to work on /home/airflow/.local/lib/python3.12/site-packages/airflow/example_dags/example_python_operator.py
[2026-05-01T00:16:57.273+0000] {processor.py:830} INFO - Processing file /home/airflow/.local/lib/python3.12/site-packages/airflow/example_dags/example_python_operator.py for tasks to queue
[2026-05-01T00:16:57.273+0000] {logging_mixin.py:188} INFO - [2026-05-01T00:16:57.273+0000] {dagbag.py:545} INFO - Filling up the DagBag from /home/airflow/.local/lib/python3.12/site-packages/airflow/example_dags/example_python_operator.py
[2026-05-01T00:16:57.278+0000] {processor.py:840} INFO - DAG(s) 'example_python_operator' retrieved from /home/airflow/.local/lib/python3.12/site-packages/airflow/example_dags/example_python_operator.py
[2026-05-01T00:16:57.286+0000] {logging_mixin.py:188} INFO - [2026-05-01T00:16:57.285+0000] {dag.py:3089} INFO - Sync 1 DAGs
[2026-05-01T00:16:57.290+0000] {logging_mixin.py:188} INFO - [2026-05-01T00:16:57.290+0000] {dag.py:3947} INFO - Setting next_dagrun for example_python_operator to None, run_after=None
[2026-05-01T00:16:57.296+0000] {processor.py:183} INFO - Processing /home/airflow/.local/lib/python3.12/site-packages/airflow/example_dags/example_python_operator.py took 0.026 seconds
[2026-05-01T00:17:28.298+0000] {processor.py:161} INFO - Started process (PID=56984) to work on /home/airflow/.local/lib/python3.12/site-packages/airflow/example_dags/example_python_operator.py
[2026-05-01T00:17:28.299+0000] {processor.py:830} INFO - Processing file /home/airflow/.local/lib/python3.12/site-packages/airflow/example_dags/example_python_operator.py for tasks to queue
[2026-05-01T00:17:28.300+0000] {logging_mixin.py:188} INFO - [2026-05-01T00:17:28.300+0000] {dagbag.py:545} INFO - Filling up the DagBag from /home/airflow/.local/lib/python3.12/site-packages/airflow/example_dags/example_python_operator.py
[2026-05-01T00:17:28.305+0000] {processor.py:840} INFO - DAG(s) 'example_python_operator' retrieved from /home/airflow/.local/lib/python3.12/site-packages/airflow/example_dags/example_python_operator.py
[2026-05-01T00:17:28.324+0000] {logging_mixin.py:188} INFO - [2026-05-01T00:17:28.324+0000] {dag.py:3089} INFO - Sync 1 DAGs
[2026-05-01T00:17:28.331+0000] {logging_mixin.py:188} INFO - [2026-05-01T00:17:28.331+0000] {dag.py:3947} INFO - Setting next_dagrun for example_python_operator to None, run_after=None
[2026-05-01T00:17:28.344+0000] {processor.py:183} INFO - Processing /home/airflow/.local/lib/python3.12/site-packages/airflow/example_dags/example_python_operator.py took 0.050 seconds
[2026-05-01T00:17:58.566+0000] {processor.py:161} INFO - Started process (PID=57043) to work on /home/airflow/.local/lib/python3.12/site-packages/airflow/example_dags/example_python_operator.py
[2026-05-01T00:17:58.567+0000] {processor.py:830} INFO - Processing file /home/airflow/.local/lib/python3.12/site-packages/airflow/example_dags/example_python_operator.py for tasks to queue
[2026-05-01T00:17:58.568+0000] {logging_mixin.py:188} INFO - [2026-05-01T00:17:58.567+0000] {dagbag.py:545} INFO - Filling up the DagBag from /home/airflow/.local/lib/python3.12/site-packages/airflow/example_dags/example_python_operator.py
[2026-05-01T00:17:58.572+0000] {processor.py:840} INFO - DAG(s) 'example_python_operator' retrieved from /home/airflow/.local/lib/python3.12/site-packages/airflow/example_dags/example_python_operator.py
[2026-05-01T00:17:58.583+0000] {logging_mixin.py:188} INFO - [2026-05-01T00:17:58.582+0000] {dag.py:3089} INFO - Sync 1 DAGs
[2026-05-01T00:17:58.588+0000] {logging_mixin.py:188} INFO - [2026-05-01T00:17:58.587+0000] {dag.py:3947} INFO - Setting next_dagrun for example_python_operator to None, run_after=None
[2026-05-01T00:17:58.599+0000] {processor.py:183} INFO - Processing /home/airflow/.local/lib/python3.12/site-packages/airflow/example_dags/example_python_operator.py took 0.036 seconds
[2026-05-01T00:18:29.288+0000] {processor.py:161} INFO - Started process (PID=57103) to work on /home/airflow/.local/lib/python3.12/site-packages/airflow/example_dags/example_python_operator.py
[2026-05-01T00:18:29.289+0000] {processor.py:830} INFO - Processing file /home/airflow/.local/lib/python3.12/site-packages/airflow/example_dags/example_python_operator.py for tasks to queue
[2026-05-01T00:18:29.290+0000] {logging_mixin.py:188} INFO - [2026-05-01T00:18:29.290+0000] {dagbag.py:545} INFO - Filling up the DagBag from /home/airflow/.local/lib/python3.12/site-packages/airflow/example_dags/example_python_operator.py
[2026-05-01T00:18:29.295+0000] {processor.py:840} INFO - DAG(s) 'example_python_operator' retrieved from /home/airflow/.local/lib/python3.12/site-packages/airflow/example_dags/example_python_operator.py
[2026-05-01T00:18:29.306+0000] {logging_mixin.py:188} INFO - [2026-05-01T00:18:29.306+0000] {dag.py:3089} INFO - Sync 1 DAGs
[2026-05-01T00:18:29.312+0000] {logging_mixin.py:188} INFO - [2026-05-01T00:18:29.312+0000] {dag.py:3947} INFO - Setting next_dagrun for example_python_operator to None, run_after=None
[2026-05-01T00:18:29.321+0000] {processor.py:183} INFO - Processing /home/airflow/.local/lib/python3.12/site-packages/airflow/example_dags/example_python_operator.py took 0.035 seconds
[2026-05-01T00:18:59.881+0000] {processor.py:161} INFO - Started process (PID=57163) to work on /home/airflow/.local/lib/python3.12/site-packages/airflow/example_dags/example_python_operator.py
[2026-05-01T00:18:59.881+0000] {processor.py:830} INFO - Processing file /home/airflow/.local/lib/python3.12/site-packages/airflow/example_dags/example_python_operator.py for tasks to queue
[2026-05-01T00:18:59.882+0000] {logging_mixin.py:188} INFO - [2026-05-01T00:18:59.882+0000] {dagbag.py:545} INFO - Filling up the DagBag from /home/airflow/.local/lib/python3.12/site-packages/airflow/example_dags/example_python_operator.py
[2026-05-01T00:18:59.887+0000] {processor.py:840} INFO - DAG(s) 'example_python_operator' retrieved from /home/airflow/.local/lib/python3.12/site-packages/airflow/example_dags/example_python_operator.py
[2026-05-01T00:18:59.898+0000] {logging_mixin.py:188} INFO - [2026-05-01T00:18:59.897+0000] {dag.py:3089} INFO - Sync 1 DAGs
[2026-05-01T00:18:59.903+0000] {logging_mixin.py:188} INFO - [2026-05-01T00:18:59.903+0000] {dag.py:3947} INFO - Setting next_dagrun for example_python_operator to None, run_after=None
[2026-05-01T00:18:59.914+0000] {processor.py:183} INFO - Processing /home/airflow/.local/lib/python3.12/site-packages/airflow/example_dags/example_python_operator.py took 0.037 seconds
[2026-05-01T00:19:30.779+0000] {processor.py:161} INFO - Started process (PID=57223) to work on /home/airflow/.local/lib/python3.12/site-packages/airflow/example_dags/example_python_operator.py
[2026-05-01T00:19:30.780+0000] {processor.py:830} INFO - Processing file /home/airflow/.local/lib/python3.12/site-packages/airflow/example_dags/example_python_operator.py for tasks to queue
[2026-05-01T00:19:30.781+0000] {logging_mixin.py:188} INFO - [2026-05-01T00:19:30.781+0000] {dagbag.py:545} INFO - Filling up the DagBag from /home/airflow/.local/lib/python3.12/site-packages/airflow/example_dags/example_python_operator.py
[2026-05-01T00:19:30.786+0000] {processor.py:840} INFO - DAG(s) 'example_python_operator' retrieved from /home/airflow/.local/lib/python3.12/site-packages/airflow/example_dags/example_python_operator.py
[2026-05-01T00:19:30.798+0000] {logging_mixin.py:188} INFO - [2026-05-01T00:19:30.798+0000] {dag.py:3089} INFO - Sync 1 DAGs
[2026-05-01T00:19:30.804+0000] {logging_mixin.py:188} INFO - [2026-05-01T00:19:30.804+0000] {dag.py:3947} INFO - Setting next_dagrun for example_python_operator to None, run_after=None
[2026-05-01T00:19:30.820+0000] {processor.py:183} INFO - Processing /home/airflow/.local/lib/python3.12/site-packages/airflow/example_dags/example_python_operator.py took 0.044 seconds
[2026-05-01T00:20:00.954+0000] {processor.py:161} INFO - Started process (PID=57283) to work on /home/airflow/.local/lib/python3.12/site-packages/airflow/example_dags/example_python_operator.py
[2026-05-01T00:20:00.954+0000] {processor.py:830} INFO - Processing file /home/airflow/.local/lib/python3.12/site-packages/airflow/example_dags/example_python_operator.py for tasks to queue
[2026-05-01T00:20:00.955+0000] {logging_mixin.py:188} INFO - [2026-05-01T00:20:00.955+0000] {dagbag.py:545} INFO - Filling up the DagBag from /home/airflow/.local/lib/python3.12/site-packages/airflow/example_dags/example_python_operator.py
[2026-05-01T00:20:00.962+0000] {processor.py:840} INFO - DAG(s) 'example_python_operator' retrieved from /home/airflow/.local/lib/python3.12/site-packages/airflow/example_dags/example_python_operator.py
[2026-05-01T00:20:00.977+0000] {logging_mixin.py:188} INFO - [2026-05-01T00:20:00.977+0000] {dag.py:3089} INFO - Sync 1 DAGs
[2026-05-01T00:20:00.989+0000] {logging_mixin.py:188} INFO - [2026-05-01T00:20:00.989+0000] {dag.py:3947} INFO - Setting next_dagrun for example_python_operator to None, run_after=None
[2026-05-01T00:20:01.013+0000] {processor.py:183} INFO - Processing /home/airflow/.local/lib/python3.12/site-packages/airflow/example_dags/example_python_operator.py took 0.064 seconds
[2026-05-01T00:20:31.830+0000] {processor.py:161} INFO - Started process (PID=57343) to work on /home/airflow/.local/lib/python3.12/site-packages/airflow/example_dags/example_python_operator.py
[2026-05-01T00:20:31.831+0000] {processor.py:830} INFO - Processing file /home/airflow/.local/lib/python3.12/site-packages/airflow/example_dags/example_python_operator.py for tasks to queue
[2026-05-01T00:20:31.832+0000] {logging_mixin.py:188} INFO - [2026-05-01T00:20:31.832+0000] {dagbag.py:545} INFO - Filling up the DagBag from /home/airflow/.local/lib/python3.12/site-packages/airflow/example_dags/example_python_operator.py
[2026-05-01T00:20:31.836+0000] {processor.py:840} INFO - DAG(s) 'example_python_operator' retrieved from /home/airflow/.local/lib/python3.12/site-packages/airflow/example_dags/example_python_operator.py
[2026-05-01T00:20:31.848+0000] {logging_mixin.py:188} INFO - [2026-05-01T00:20:31.848+0000] {dag.py:3089} INFO - Sync 1 DAGs
[2026-05-01T00:20:31.853+0000] {logging_mixin.py:188} INFO - [2026-05-01T00:20:31.853+0000] {dag.py:3947} INFO - Setting next_dagrun for example_python_operator to None, run_after=None
[2026-05-01T00:20:31.865+0000] {processor.py:183} INFO - Processing /home/airflow/.local/lib/python3.12/site-packages/airflow/example_dags/example_python_operator.py took 0.037 seconds
[2026-05-01T00:21:02.169+0000] {processor.py:161} INFO - Started process (PID=57403) to work on /home/airflow/.local/lib/python3.12/site-packages/airflow/example_dags/example_python_operator.py
[2026-05-01T00:21:02.170+0000] {processor.py:830} INFO - Processing file /home/airflow/.local/lib/python3.12/site-packages/airflow/example_dags/example_python_operator.py for tasks to queue
[2026-05-01T00:21:02.171+0000] {logging_mixin.py:188} INFO - [2026-05-01T00:21:02.171+0000] {dagbag.py:545} INFO - Filling up the DagBag from /home/airflow/.local/lib/python3.12/site-packages/airflow/example_dags/example_python_operator.py
[2026-05-01T00:21:02.178+0000] {processor.py:840} INFO - DAG(s) 'example_python_operator' retrieved from /home/airflow/.local/lib/python3.12/site-packages/airflow/example_dags/example_python_operator.py
[2026-05-01T00:21:02.188+0000] {logging_mixin.py:188} INFO - [2026-05-01T00:21:02.187+0000] {dag.py:3089} INFO - Sync 1 DAGs
[2026-05-01T00:21:02.195+0000] {logging_mixin.py:188} INFO - [2026-05-01T00:21:02.195+0000] {dag.py:3947} INFO - Setting next_dagrun for example_python_operator to None, run_after=None
[2026-05-01T00:21:02.202+0000] {processor.py:183} INFO - Processing /home/airflow/.local/lib/python3.12/site-packages/airflow/example_dags/example_python_operator.py took 0.036 seconds
[2026-05-01T00:21:32.409+0000] {processor.py:161} INFO - Started process (PID=57463) to work on /home/airflow/.local/lib/python3.12/site-packages/airflow/example_dags/example_python_operator.py
[2026-05-01T00:21:32.412+0000] {processor.py:830} INFO - Processing file /home/airflow/.local/lib/python3.12/site-packages/airflow/example_dags/example_python_operator.py for tasks to queue
[2026-05-01T00:21:32.415+0000] {logging_mixin.py:188} INFO - [2026-05-01T00:21:32.414+0000] {dagbag.py:545} INFO - Filling up the DagBag from /home/airflow/.local/lib/python3.12/site-packages/airflow/example_dags/example_python_operator.py
[2026-05-01T00:21:32.429+0000] {processor.py:840} INFO - DAG(s) 'example_python_operator' retrieved from /home/airflow/.local/lib/python3.12/site-packages/airflow/example_dags/example_python_operator.py
[2026-05-01T00:21:32.466+0000] {logging_mixin.py:188} INFO - [2026-05-01T00:21:32.466+0000] {dag.py:3089} INFO - Sync 1 DAGs
[2026-05-01T00:21:32.481+0000] {logging_mixin.py:188} INFO - [2026-05-01T00:21:32.481+0000] {dag.py:3947} INFO - Setting next_dagrun for example_python_operator to None, run_after=None
[2026-05-01T00:21:32.499+0000] {processor.py:183} INFO - Processing /home/airflow/.local/lib/python3.12/site-packages/airflow/example_dags/example_python_operator.py took 0.101 seconds
[2026-05-01T00:22:03.456+0000] {processor.py:161} INFO - Started process (PID=57523) to work on /home/airflow/.local/lib/python3.12/site-packages/airflow/example_dags/example_python_operator.py
[2026-05-01T00:22:03.458+0000] {processor.py:830} INFO - Processing file /home/airflow/.local/lib/python3.12/site-packages/airflow/example_dags/example_python_operator.py for tasks to queue
[2026-05-01T00:22:03.460+0000] {logging_mixin.py:188} INFO - [2026-05-01T00:22:03.459+0000] {dagbag.py:545} INFO - Filling up the DagBag from /home/airflow/.local/lib/python3.12/site-packages/airflow/example_dags/example_python_operator.py
[2026-05-01T00:22:03.469+0000] {processor.py:840} INFO - DAG(s) 'example_python_operator' retrieved from /home/airflow/.local/lib/python3.12/site-packages/airflow/example_dags/example_python_operator.py
[2026-05-01T00:22:03.494+0000] {logging_mixin.py:188} INFO - [2026-05-01T00:22:03.494+0000] {dag.py:3089} INFO - Sync 1 DAGs
[2026-05-01T00:22:03.503+0000] {logging_mixin.py:188} INFO - [2026-05-01T00:22:03.503+0000] {dag.py:3947} INFO - Setting next_dagrun for example_python_operator to None, run_after=None
[2026-05-01T00:22:03.515+0000] {processor.py:183} INFO - Processing /home/airflow/.local/lib/python3.12/site-packages/airflow/example_dags/example_python_operator.py took 0.066 seconds
[2026-05-01T00:22:34.410+0000] {processor.py:161} INFO - Started process (PID=57583) to work on /home/airflow/.local/lib/python3.12/site-packages/airflow/example_dags/example_python_operator.py
[2026-05-01T00:22:34.412+0000] {processor.py:830} INFO - Processing file /home/airflow/.local/lib/python3.12/site-packages/airflow/example_dags/example_python_operator.py for tasks to queue
[2026-05-01T00:22:34.414+0000] {logging_mixin.py:188} INFO - [2026-05-01T00:22:34.414+0000] {dagbag.py:545} INFO - Filling up the DagBag from /home/airflow/.local/lib/python3.12/site-packages/airflow/example_dags/example_python_operator.py
[2026-05-01T00:22:34.423+0000] {processor.py:840} INFO - DAG(s) 'example_python_operator' retrieved from /home/airflow/.local/lib/python3.12/site-packages/airflow/example_dags/example_python_operator.py
[2026-05-01T00:22:34.440+0000] {logging_mixin.py:188} INFO - [2026-05-01T00:22:34.440+0000] {dag.py:3089} INFO - Sync 1 DAGs
[2026-05-01T00:22:34.448+0000] {logging_mixin.py:188} INFO - [2026-05-01T00:22:34.448+0000] {dag.py:3947} INFO - Setting next_dagrun for example_python_operator to None, run_after=None
[2026-05-01T00:22:34.457+0000] {processor.py:183} INFO - Processing /home/airflow/.local/lib/python3.12/site-packages/airflow/example_dags/example_python_operator.py took 0.055 seconds
[2026-05-01T00:23:05.246+0000] {processor.py:161} INFO - Started process (PID=57643) to work on /home/airflow/.local/lib/python3.12/site-packages/airflow/example_dags/example_python_operator.py
[2026-05-01T00:23:05.247+0000] {processor.py:830} INFO - Processing file /home/airflow/.local/lib/python3.12/site-packages/airflow/example_dags/example_python_operator.py for tasks to queue
[2026-05-01T00:23:05.249+0000] {logging_mixin.py:188} INFO - [2026-05-01T00:23:05.249+0000] {dagbag.py:545} INFO - Filling up the DagBag from /home/airflow/.local/lib/python3.12/site-packages/airflow/example_dags/example_python_operator.py
[2026-05-01T00:23:05.261+0000] {processor.py:840} INFO - DAG(s) 'example_python_operator' retrieved from /home/airflow/.local/lib/python3.12/site-packages/airflow/example_dags/example_python_operator.py
[2026-05-01T00:23:05.278+0000] {logging_mixin.py:188} INFO - [2026-05-01T00:23:05.278+0000] {dag.py:3089} INFO - Sync 1 DAGs
[2026-05-01T00:23:05.286+0000] {logging_mixin.py:188} INFO - [2026-05-01T00:23:05.286+0000] {dag.py:3947} INFO - Setting next_dagrun for example_python_operator to None, run_after=None
[2026-05-01T00:23:05.298+0000] {processor.py:183} INFO - Processing /home/airflow/.local/lib/python3.12/site-packages/airflow/example_dags/example_python_operator.py took 0.063 seconds
[2026-05-01T00:23:35.688+0000] {processor.py:161} INFO - Started process (PID=57703) to work on /home/airflow/.local/lib/python3.12/site-packages/airflow/example_dags/example_python_operator.py
[2026-05-01T00:23:35.691+0000] {processor.py:830} INFO - Processing file /home/airflow/.local/lib/python3.12/site-packages/airflow/example_dags/example_python_operator.py for tasks to queue
[2026-05-01T00:23:35.693+0000] {logging_mixin.py:188} INFO - [2026-05-01T00:23:35.693+0000] {dagbag.py:545} INFO - Filling up the DagBag from /home/airflow/.local/lib/python3.12/site-packages/airflow/example_dags/example_python_operator.py
[2026-05-01T00:23:35.704+0000] {processor.py:840} INFO - DAG(s) 'example_python_operator' retrieved from /home/airflow/.local/lib/python3.12/site-packages/airflow/example_dags/example_python_operator.py
[2026-05-01T00:23:35.718+0000] {logging_mixin.py:188} INFO - [2026-05-01T00:23:35.718+0000] {dag.py:3089} INFO - Sync 1 DAGs
[2026-05-01T00:23:35.730+0000] {logging_mixin.py:188} INFO - [2026-05-01T00:23:35.729+0000] {dag.py:3947} INFO - Setting next_dagrun for example_python_operator to None, run_after=None
[2026-05-01T00:23:35.742+0000] {processor.py:183} INFO - Processing /home/airflow/.local/lib/python3.12/site-packages/airflow/example_dags/example_python_operator.py took 0.061 seconds
[2026-05-01T00:24:06.481+0000] {processor.py:161} INFO - Started process (PID=57763) to work on /home/airflow/.local/lib/python3.12/site-packages/airflow/example_dags/example_python_operator.py
[2026-05-01T00:24:06.484+0000] {processor.py:830} INFO - Processing file /home/airflow/.local/lib/python3.12/site-packages/airflow/example_dags/example_python_operator.py for tasks to queue
[2026-05-01T00:24:06.485+0000] {logging_mixin.py:188} INFO - [2026-05-01T00:24:06.485+0000] {dagbag.py:545} INFO - Filling up the DagBag from /home/airflow/.local/lib/python3.12/site-packages/airflow/example_dags/example_python_operator.py
[2026-05-01T00:24:06.494+0000] {processor.py:840} INFO - DAG(s) 'example_python_operator' retrieved from /home/airflow/.local/lib/python3.12/site-packages/airflow/example_dags/example_python_operator.py
[2026-05-01T00:24:06.508+0000] {logging_mixin.py:188} INFO - [2026-05-01T00:24:06.508+0000] {dag.py:3089} INFO - Sync 1 DAGs
[2026-05-01T00:24:06.515+0000] {logging_mixin.py:188} INFO - [2026-05-01T00:24:06.514+0000] {dag.py:3947} INFO - Setting next_dagrun for example_python_operator to None, run_after=None
[2026-05-01T00:24:06.525+0000] {processor.py:183} INFO - Processing /home/airflow/.local/lib/python3.12/site-packages/airflow/example_dags/example_python_operator.py took 0.053 seconds
[2026-05-01T00:24:37.120+0000] {processor.py:161} INFO - Started process (PID=57823) to work on /home/airflow/.local/lib/python3.12/site-packages/airflow/example_dags/example_python_operator.py
[2026-05-01T00:24:37.122+0000] {processor.py:830} INFO - Processing file /home/airflow/.local/lib/python3.12/site-packages/airflow/example_dags/example_python_operator.py for tasks to queue
[2026-05-01T00:24:37.123+0000] {logging_mixin.py:188} INFO - [2026-05-01T00:24:37.123+0000] {dagbag.py:545} INFO - Filling up the DagBag from /home/airflow/.local/lib/python3.12/site-packages/airflow/example_dags/example_python_operator.py
[2026-05-01T00:24:37.135+0000] {processor.py:840} INFO - DAG(s) 'example_python_operator' retrieved from /home/airflow/.local/lib/python3.12/site-packages/airflow/example_dags/example_python_operator.py
[2026-05-01T00:24:37.150+0000] {logging_mixin.py:188} INFO - [2026-05-01T00:24:37.150+0000] {dag.py:3089} INFO - Sync 1 DAGs
[2026-05-01T00:24:37.158+0000] {logging_mixin.py:188} INFO - [2026-05-01T00:24:37.158+0000] {dag.py:3947} INFO - Setting next_dagrun for example_python_operator to None, run_after=None
[2026-05-01T00:24:37.168+0000] {processor.py:183} INFO - Processing /home/airflow/.local/lib/python3.12/site-packages/airflow/example_dags/example_python_operator.py took 0.055 seconds
[2026-05-01T00:25:08.056+0000] {processor.py:161} INFO - Started process (PID=57883) to work on /home/airflow/.local/lib/python3.12/site-packages/airflow/example_dags/example_python_operator.py
[2026-05-01T00:25:08.057+0000] {processor.py:830} INFO - Processing file /home/airflow/.local/lib/python3.12/site-packages/airflow/example_dags/example_python_operator.py for tasks to queue
[2026-05-01T00:25:08.063+0000] {logging_mixin.py:188} INFO - [2026-05-01T00:25:08.062+0000] {dagbag.py:545} INFO - Filling up the DagBag from /home/airflow/.local/lib/python3.12/site-packages/airflow/example_dags/example_python_operator.py
[2026-05-01T00:25:08.086+0000] {processor.py:840} INFO - DAG(s) 'example_python_operator' retrieved from /home/airflow/.local/lib/python3.12/site-packages/airflow/example_dags/example_python_operator.py
[2026-05-01T00:25:08.139+0000] {logging_mixin.py:188} INFO - [2026-05-01T00:25:08.139+0000] {dag.py:3089} INFO - Sync 1 DAGs
[2026-05-01T00:25:08.157+0000] {logging_mixin.py:188} INFO - [2026-05-01T00:25:08.157+0000] {dag.py:3947} INFO - Setting next_dagrun for example_python_operator to None, run_after=None
[2026-05-01T00:25:08.207+0000] {processor.py:183} INFO - Processing /home/airflow/.local/lib/python3.12/site-packages/airflow/example_dags/example_python_operator.py took 0.158 seconds
[2026-05-01T00:25:38.707+0000] {processor.py:161} INFO - Started process (PID=57943) to work on /home/airflow/.local/lib/python3.12/site-packages/airflow/example_dags/example_python_operator.py
[2026-05-01T00:25:38.709+0000] {processor.py:830} INFO - Processing file /home/airflow/.local/lib/python3.12/site-packages/airflow/example_dags/example_python_operator.py for tasks to queue
[2026-05-01T00:25:38.711+0000] {logging_mixin.py:188} INFO - [2026-05-01T00:25:38.711+0000] {dagbag.py:545} INFO - Filling up the DagBag from /home/airflow/.local/lib/python3.12/site-packages/airflow/example_dags/example_python_operator.py
[2026-05-01T00:25:38.723+0000] {processor.py:840} INFO - DAG(s) 'example_python_operator' retrieved from /home/airflow/.local/lib/python3.12/site-packages/airflow/example_dags/example_python_operator.py
[2026-05-01T00:25:38.734+0000] {logging_mixin.py:188} INFO - [2026-05-01T00:25:38.734+0000] {dag.py:3089} INFO - Sync 1 DAGs
[2026-05-01T00:25:38.739+0000] {logging_mixin.py:188} INFO - [2026-05-01T00:25:38.739+0000] {dag.py:3947} INFO - Setting next_dagrun for example_python_operator to None, run_after=None
[2026-05-01T00:25:38.751+0000] {processor.py:183} INFO - Processing /home/airflow/.local/lib/python3.12/site-packages/airflow/example_dags/example_python_operator.py took 0.051 seconds
[2026-05-01T00:26:09.626+0000] {processor.py:161} INFO - Started process (PID=58009) to work on /home/airflow/.local/lib/python3.12/site-packages/airflow/example_dags/example_python_operator.py
[2026-05-01T00:26:09.628+0000] {processor.py:830} INFO - Processing file /home/airflow/.local/lib/python3.12/site-packages/airflow/example_dags/example_python_operator.py for tasks to queue
[2026-05-01T00:26:09.630+0000] {logging_mixin.py:188} INFO - [2026-05-01T00:26:09.630+0000] {dagbag.py:545} INFO - Filling up the DagBag from /home/airflow/.local/lib/python3.12/site-packages/airflow/example_dags/example_python_operator.py
[2026-05-01T00:26:09.637+0000] {processor.py:840} INFO - DAG(s) 'example_python_operator' retrieved from /home/airflow/.local/lib/python3.12/site-packages/airflow/example_dags/example_python_operator.py
[2026-05-01T00:26:09.649+0000] {logging_mixin.py:188} INFO - [2026-05-01T00:26:09.649+0000] {dag.py:3089} INFO - Sync 1 DAGs
[2026-05-01T00:26:09.655+0000] {logging_mixin.py:188} INFO - [2026-05-01T00:26:09.655+0000] {dag.py:3947} INFO - Setting next_dagrun for example_python_operator to None, run_after=None
[2026-05-01T00:26:09.665+0000] {processor.py:183} INFO - Processing /home/airflow/.local/lib/python3.12/site-packages/airflow/example_dags/example_python_operator.py took 0.045 seconds
[2026-05-01T00:26:40.459+0000] {processor.py:161} INFO - Started process (PID=58069) to work on /home/airflow/.local/lib/python3.12/site-packages/airflow/example_dags/example_python_operator.py
[2026-05-01T00:26:40.461+0000] {processor.py:830} INFO - Processing file /home/airflow/.local/lib/python3.12/site-packages/airflow/example_dags/example_python_operator.py for tasks to queue
[2026-05-01T00:26:40.463+0000] {logging_mixin.py:188} INFO - [2026-05-01T00:26:40.463+0000] {dagbag.py:545} INFO - Filling up the DagBag from /home/airflow/.local/lib/python3.12/site-packages/airflow/example_dags/example_python_operator.py
[2026-05-01T00:26:40.474+0000] {processor.py:840} INFO - DAG(s) 'example_python_operator' retrieved from /home/airflow/.local/lib/python3.12/site-packages/airflow/example_dags/example_python_operator.py
[2026-05-01T00:26:40.493+0000] {logging_mixin.py:188} INFO - [2026-05-01T00:26:40.493+0000] {dag.py:3089} INFO - Sync 1 DAGs
[2026-05-01T00:26:40.501+0000] {logging_mixin.py:188} INFO - [2026-05-01T00:26:40.501+0000] {dag.py:3947} INFO - Setting next_dagrun for example_python_operator to None, run_after=None
[2026-05-01T00:26:40.510+0000] {processor.py:183} INFO - Processing /home/airflow/.local/lib/python3.12/site-packages/airflow/example_dags/example_python_operator.py took 0.059 seconds
[2026-05-01T00:27:11.277+0000] {processor.py:161} INFO - Started process (PID=58129) to work on /home/airflow/.local/lib/python3.12/site-packages/airflow/example_dags/example_python_operator.py
[2026-05-01T00:27:11.279+0000] {processor.py:830} INFO - Processing file /home/airflow/.local/lib/python3.12/site-packages/airflow/example_dags/example_python_operator.py for tasks to queue
[2026-05-01T00:27:11.281+0000] {logging_mixin.py:188} INFO - [2026-05-01T00:27:11.281+0000] {dagbag.py:545} INFO - Filling up the DagBag from /home/airflow/.local/lib/python3.12/site-packages/airflow/example_dags/example_python_operator.py
[2026-05-01T00:27:11.292+0000] {processor.py:840} INFO - DAG(s) 'example_python_operator' retrieved from /home/airflow/.local/lib/python3.12/site-packages/airflow/example_dags/example_python_operator.py
[2026-05-01T00:27:11.310+0000] {logging_mixin.py:188} INFO - [2026-05-01T00:27:11.310+0000] {dag.py:3089} INFO - Sync 1 DAGs
[2026-05-01T00:27:11.316+0000] {logging_mixin.py:188} INFO - [2026-05-01T00:27:11.316+0000] {dag.py:3947} INFO - Setting next_dagrun for example_python_operator to None, run_after=None
[2026-05-01T00:27:11.327+0000] {processor.py:183} INFO - Processing /home/airflow/.local/lib/python3.12/site-packages/airflow/example_dags/example_python_operator.py took 0.057 seconds
[2026-05-01T00:27:42.022+0000] {processor.py:161} INFO - Started process (PID=58189) to work on /home/airflow/.local/lib/python3.12/site-packages/airflow/example_dags/example_python_operator.py
[2026-05-01T00:27:42.024+0000] {processor.py:830} INFO - Processing file /home/airflow/.local/lib/python3.12/site-packages/airflow/example_dags/example_python_operator.py for tasks to queue
[2026-05-01T00:27:42.025+0000] {logging_mixin.py:188} INFO - [2026-05-01T00:27:42.025+0000] {dagbag.py:545} INFO - Filling up the DagBag from /home/airflow/.local/lib/python3.12/site-packages/airflow/example_dags/example_python_operator.py
[2026-05-01T00:27:42.035+0000] {processor.py:840} INFO - DAG(s) 'example_python_operator' retrieved from /home/airflow/.local/lib/python3.12/site-packages/airflow/example_dags/example_python_operator.py
[2026-05-01T00:27:42.051+0000] {logging_mixin.py:188} INFO - [2026-05-01T00:27:42.051+0000] {dag.py:3089} INFO - Sync 1 DAGs
[2026-05-01T00:27:42.056+0000] {logging_mixin.py:188} INFO - [2026-05-01T00:27:42.056+0000] {dag.py:3947} INFO - Setting next_dagrun for example_python_operator to None, run_after=None
[2026-05-01T00:27:42.066+0000] {processor.py:183} INFO - Processing /home/airflow/.local/lib/python3.12/site-packages/airflow/example_dags/example_python_operator.py took 0.052 seconds
[2026-05-01T00:28:12.810+0000] {processor.py:161} INFO - Started process (PID=58248) to work on /home/airflow/.local/lib/python3.12/site-packages/airflow/example_dags/example_python_operator.py
[2026-05-01T00:28:12.812+0000] {processor.py:830} INFO - Processing file /home/airflow/.local/lib/python3.12/site-packages/airflow/example_dags/example_python_operator.py for tasks to queue
[2026-05-01T00:28:12.813+0000] {logging_mixin.py:188} INFO - [2026-05-01T00:28:12.813+0000] {dagbag.py:545} INFO - Filling up the DagBag from /home/airflow/.local/lib/python3.12/site-packages/airflow/example_dags/example_python_operator.py
[2026-05-01T00:28:12.828+0000] {processor.py:840} INFO - DAG(s) 'example_python_operator' retrieved from /home/airflow/.local/lib/python3.12/site-packages/airflow/example_dags/example_python_operator.py
[2026-05-01T00:28:12.841+0000] {logging_mixin.py:188} INFO - [2026-05-01T00:28:12.841+0000] {dag.py:3089} INFO - Sync 1 DAGs
[2026-05-01T00:28:12.845+0000] {logging_mixin.py:188} INFO - [2026-05-01T00:28:12.845+0000] {dag.py:3947} INFO - Setting next_dagrun for example_python_operator to None, run_after=None
[2026-05-01T00:28:12.857+0000] {processor.py:183} INFO - Processing /home/airflow/.local/lib/python3.12/site-packages/airflow/example_dags/example_python_operator.py took 0.054 seconds
[2026-05-01T00:28:43.624+0000] {processor.py:161} INFO - Started process (PID=58308) to work on /home/airflow/.local/lib/python3.12/site-packages/airflow/example_dags/example_python_operator.py
[2026-05-01T00:28:43.626+0000] {processor.py:830} INFO - Processing file /home/airflow/.local/lib/python3.12/site-packages/airflow/example_dags/example_python_operator.py for tasks to queue
[2026-05-01T00:28:43.628+0000] {logging_mixin.py:188} INFO - [2026-05-01T00:28:43.628+0000] {dagbag.py:545} INFO - Filling up the DagBag from /home/airflow/.local/lib/python3.12/site-packages/airflow/example_dags/example_python_operator.py
[2026-05-01T00:28:43.639+0000] {processor.py:840} INFO - DAG(s) 'example_python_operator' retrieved from /home/airflow/.local/lib/python3.12/site-packages/airflow/example_dags/example_python_operator.py
[2026-05-01T00:28:43.655+0000] {logging_mixin.py:188} INFO - [2026-05-01T00:28:43.655+0000] {dag.py:3089} INFO - Sync 1 DAGs
[2026-05-01T00:28:43.662+0000] {logging_mixin.py:188} INFO - [2026-05-01T00:28:43.662+0000] {dag.py:3947} INFO - Setting next_dagrun for example_python_operator to None, run_after=None
[2026-05-01T00:28:43.672+0000] {processor.py:183} INFO - Processing /home/airflow/.local/lib/python3.12/site-packages/airflow/example_dags/example_python_operator.py took 0.061 seconds
[2026-05-01T00:29:14.388+0000] {processor.py:161} INFO - Started process (PID=58368) to work on /home/airflow/.local/lib/python3.12/site-packages/airflow/example_dags/example_python_operator.py
[2026-05-01T00:29:14.390+0000] {processor.py:830} INFO - Processing file /home/airflow/.local/lib/python3.12/site-packages/airflow/example_dags/example_python_operator.py for tasks to queue
[2026-05-01T00:29:14.391+0000] {logging_mixin.py:188} INFO - [2026-05-01T00:29:14.391+0000] {dagbag.py:545} INFO - Filling up the DagBag from /home/airflow/.local/lib/python3.12/site-packages/airflow/example_dags/example_python_operator.py
[2026-05-01T00:29:14.407+0000] {processor.py:840} INFO - DAG(s) 'example_python_operator' retrieved from /home/airflow/.local/lib/python3.12/site-packages/airflow/example_dags/example_python_operator.py
[2026-05-01T00:29:14.428+0000] {logging_mixin.py:188} INFO - [2026-05-01T00:29:14.428+0000] {dag.py:3089} INFO - Sync 1 DAGs
[2026-05-01T00:29:14.436+0000] {logging_mixin.py:188} INFO - [2026-05-01T00:29:14.435+0000] {dag.py:3947} INFO - Setting next_dagrun for example_python_operator to None, run_after=None
[2026-05-01T00:29:14.450+0000] {processor.py:183} INFO - Processing /home/airflow/.local/lib/python3.12/site-packages/airflow/example_dags/example_python_operator.py took 0.076 seconds
[2026-05-01T00:29:44.563+0000] {processor.py:161} INFO - Started process (PID=58428) to work on /home/airflow/.local/lib/python3.12/site-packages/airflow/example_dags/example_python_operator.py
[2026-05-01T00:29:44.564+0000] {processor.py:830} INFO - Processing file /home/airflow/.local/lib/python3.12/site-packages/airflow/example_dags/example_python_operator.py for tasks to queue
[2026-05-01T00:29:44.565+0000] {logging_mixin.py:188} INFO - [2026-05-01T00:29:44.565+0000] {dagbag.py:545} INFO - Filling up the DagBag from /home/airflow/.local/lib/python3.12/site-packages/airflow/example_dags/example_python_operator.py
[2026-05-01T00:29:44.574+0000] {processor.py:840} INFO - DAG(s) 'example_python_operator' retrieved from /home/airflow/.local/lib/python3.12/site-packages/airflow/example_dags/example_python_operator.py
[2026-05-01T00:29:44.592+0000] {logging_mixin.py:188} INFO - [2026-05-01T00:29:44.592+0000] {dag.py:3089} INFO - Sync 1 DAGs
[2026-05-01T00:29:44.603+0000] {logging_mixin.py:188} INFO - [2026-05-01T00:29:44.602+0000] {dag.py:3947} INFO - Setting next_dagrun for example_python_operator to None, run_after=None
[2026-05-01T00:29:44.613+0000] {processor.py:183} INFO - Processing /home/airflow/.local/lib/python3.12/site-packages/airflow/example_dags/example_python_operator.py took 0.055 seconds
