[2026-05-01T00:00:02.629+0000] {processor.py:161} INFO - Started process (PID=54926) to work on /home/airflow/.local/lib/python3.12/site-packages/airflow/example_dags/example_branch_operator.py
[2026-05-01T00:00:02.630+0000] {processor.py:830} INFO - Processing file /home/airflow/.local/lib/python3.12/site-packages/airflow/example_dags/example_branch_operator.py for tasks to queue
[2026-05-01T00:00:02.631+0000] {logging_mixin.py:188} INFO - [2026-05-01T00:00:02.631+0000] {dagbag.py:545} INFO - Filling up the DagBag from /home/airflow/.local/lib/python3.12/site-packages/airflow/example_dags/example_branch_operator.py
[2026-05-01T00:00:02.637+0000] {processor.py:840} INFO - DAG(s) 'example_branch_operator' retrieved from /home/airflow/.local/lib/python3.12/site-packages/airflow/example_dags/example_branch_operator.py
[2026-05-01T00:00:02.647+0000] {logging_mixin.py:188} INFO - [2026-05-01T00:00:02.647+0000] {dag.py:3089} INFO - Sync 1 DAGs
[2026-05-01T00:00:02.657+0000] {logging_mixin.py:188} INFO - [2026-05-01T00:00:02.657+0000] {dag.py:3947} INFO - Setting next_dagrun for example_branch_operator to 2026-04-30 00:00:00+00:00, run_after=2026-05-01 00:00:00+00:00
[2026-05-01T00:00:02.666+0000] {processor.py:183} INFO - Processing /home/airflow/.local/lib/python3.12/site-packages/airflow/example_dags/example_branch_operator.py took 0.039 seconds
[2026-05-01T00:00:33.415+0000] {processor.py:161} INFO - Started process (PID=54986) to work on /home/airflow/.local/lib/python3.12/site-packages/airflow/example_dags/example_branch_operator.py
[2026-05-01T00:00:33.416+0000] {processor.py:830} INFO - Processing file /home/airflow/.local/lib/python3.12/site-packages/airflow/example_dags/example_branch_operator.py for tasks to queue
[2026-05-01T00:00:33.417+0000] {logging_mixin.py:188} INFO - [2026-05-01T00:00:33.417+0000] {dagbag.py:545} INFO - Filling up the DagBag from /home/airflow/.local/lib/python3.12/site-packages/airflow/example_dags/example_branch_operator.py
[2026-05-01T00:00:33.424+0000] {processor.py:840} INFO - DAG(s) 'example_branch_operator' retrieved from /home/airflow/.local/lib/python3.12/site-packages/airflow/example_dags/example_branch_operator.py
[2026-05-01T00:00:33.439+0000] {logging_mixin.py:188} INFO - [2026-05-01T00:00:33.439+0000] {dag.py:3089} INFO - Sync 1 DAGs
[2026-05-01T00:00:33.447+0000] {logging_mixin.py:188} INFO - [2026-05-01T00:00:33.447+0000] {dag.py:3947} INFO - Setting next_dagrun for example_branch_operator to 2026-04-30 00:00:00+00:00, run_after=2026-05-01 00:00:00+00:00
[2026-05-01T00:00:33.459+0000] {processor.py:183} INFO - Processing /home/airflow/.local/lib/python3.12/site-packages/airflow/example_dags/example_branch_operator.py took 0.047 seconds
[2026-05-01T00:01:04.134+0000] {processor.py:161} INFO - Started process (PID=55046) to work on /home/airflow/.local/lib/python3.12/site-packages/airflow/example_dags/example_branch_operator.py
[2026-05-01T00:01:04.134+0000] {processor.py:830} INFO - Processing file /home/airflow/.local/lib/python3.12/site-packages/airflow/example_dags/example_branch_operator.py for tasks to queue
[2026-05-01T00:01:04.135+0000] {logging_mixin.py:188} INFO - [2026-05-01T00:01:04.135+0000] {dagbag.py:545} INFO - Filling up the DagBag from /home/airflow/.local/lib/python3.12/site-packages/airflow/example_dags/example_branch_operator.py
[2026-05-01T00:01:04.144+0000] {processor.py:840} INFO - DAG(s) 'example_branch_operator' retrieved from /home/airflow/.local/lib/python3.12/site-packages/airflow/example_dags/example_branch_operator.py
[2026-05-01T00:01:04.155+0000] {logging_mixin.py:188} INFO - [2026-05-01T00:01:04.155+0000] {dag.py:3089} INFO - Sync 1 DAGs
[2026-05-01T00:01:04.164+0000] {logging_mixin.py:188} INFO - [2026-05-01T00:01:04.164+0000] {dag.py:3947} INFO - Setting next_dagrun for example_branch_operator to 2026-04-30 00:00:00+00:00, run_after=2026-05-01 00:00:00+00:00
[2026-05-01T00:01:04.173+0000] {processor.py:183} INFO - Processing /home/airflow/.local/lib/python3.12/site-packages/airflow/example_dags/example_branch_operator.py took 0.041 seconds
[2026-05-01T00:01:34.908+0000] {processor.py:161} INFO - Started process (PID=55112) to work on /home/airflow/.local/lib/python3.12/site-packages/airflow/example_dags/example_branch_operator.py
[2026-05-01T00:01:34.910+0000] {processor.py:830} INFO - Processing file /home/airflow/.local/lib/python3.12/site-packages/airflow/example_dags/example_branch_operator.py for tasks to queue
[2026-05-01T00:01:34.911+0000] {logging_mixin.py:188} INFO - [2026-05-01T00:01:34.911+0000] {dagbag.py:545} INFO - Filling up the DagBag from /home/airflow/.local/lib/python3.12/site-packages/airflow/example_dags/example_branch_operator.py
[2026-05-01T00:01:34.926+0000] {processor.py:840} INFO - DAG(s) 'example_branch_operator' retrieved from /home/airflow/.local/lib/python3.12/site-packages/airflow/example_dags/example_branch_operator.py
[2026-05-01T00:01:34.942+0000] {logging_mixin.py:188} INFO - [2026-05-01T00:01:34.942+0000] {dag.py:3089} INFO - Sync 1 DAGs
[2026-05-01T00:01:34.951+0000] {logging_mixin.py:188} INFO - [2026-05-01T00:01:34.951+0000] {dag.py:3947} INFO - Setting next_dagrun for example_branch_operator to 2026-04-30 00:00:00+00:00, run_after=2026-05-01 00:00:00+00:00
[2026-05-01T00:01:34.961+0000] {processor.py:183} INFO - Processing /home/airflow/.local/lib/python3.12/site-packages/airflow/example_dags/example_branch_operator.py took 0.056 seconds
[2026-05-01T00:02:06.108+0000] {processor.py:161} INFO - Started process (PID=55172) to work on /home/airflow/.local/lib/python3.12/site-packages/airflow/example_dags/example_branch_operator.py
[2026-05-01T00:02:06.109+0000] {processor.py:830} INFO - Processing file /home/airflow/.local/lib/python3.12/site-packages/airflow/example_dags/example_branch_operator.py for tasks to queue
[2026-05-01T00:02:06.109+0000] {logging_mixin.py:188} INFO - [2026-05-01T00:02:06.109+0000] {dagbag.py:545} INFO - Filling up the DagBag from /home/airflow/.local/lib/python3.12/site-packages/airflow/example_dags/example_branch_operator.py
[2026-05-01T00:02:06.116+0000] {processor.py:840} INFO - DAG(s) 'example_branch_operator' retrieved from /home/airflow/.local/lib/python3.12/site-packages/airflow/example_dags/example_branch_operator.py
[2026-05-01T00:02:06.126+0000] {logging_mixin.py:188} INFO - [2026-05-01T00:02:06.126+0000] {dag.py:3089} INFO - Sync 1 DAGs
[2026-05-01T00:02:06.133+0000] {logging_mixin.py:188} INFO - [2026-05-01T00:02:06.133+0000] {dag.py:3947} INFO - Setting next_dagrun for example_branch_operator to 2026-04-30 00:00:00+00:00, run_after=2026-05-01 00:00:00+00:00
[2026-05-01T00:02:06.139+0000] {processor.py:183} INFO - Processing /home/airflow/.local/lib/python3.12/site-packages/airflow/example_dags/example_branch_operator.py took 0.034 seconds
[2026-05-01T00:02:36.177+0000] {processor.py:161} INFO - Started process (PID=55232) to work on /home/airflow/.local/lib/python3.12/site-packages/airflow/example_dags/example_branch_operator.py
[2026-05-01T00:02:36.177+0000] {processor.py:830} INFO - Processing file /home/airflow/.local/lib/python3.12/site-packages/airflow/example_dags/example_branch_operator.py for tasks to queue
[2026-05-01T00:02:36.178+0000] {logging_mixin.py:188} INFO - [2026-05-01T00:02:36.178+0000] {dagbag.py:545} INFO - Filling up the DagBag from /home/airflow/.local/lib/python3.12/site-packages/airflow/example_dags/example_branch_operator.py
[2026-05-01T00:02:36.183+0000] {processor.py:840} INFO - DAG(s) 'example_branch_operator' retrieved from /home/airflow/.local/lib/python3.12/site-packages/airflow/example_dags/example_branch_operator.py
[2026-05-01T00:02:36.192+0000] {logging_mixin.py:188} INFO - [2026-05-01T00:02:36.192+0000] {dag.py:3089} INFO - Sync 1 DAGs
[2026-05-01T00:02:36.198+0000] {logging_mixin.py:188} INFO - [2026-05-01T00:02:36.198+0000] {dag.py:3947} INFO - Setting next_dagrun for example_branch_operator to 2026-04-30 00:00:00+00:00, run_after=2026-05-01 00:00:00+00:00
[2026-05-01T00:02:36.203+0000] {processor.py:183} INFO - Processing /home/airflow/.local/lib/python3.12/site-packages/airflow/example_dags/example_branch_operator.py took 0.029 seconds
[2026-05-01T00:03:06.937+0000] {processor.py:161} INFO - Started process (PID=55292) to work on /home/airflow/.local/lib/python3.12/site-packages/airflow/example_dags/example_branch_operator.py
[2026-05-01T00:03:06.938+0000] {processor.py:830} INFO - Processing file /home/airflow/.local/lib/python3.12/site-packages/airflow/example_dags/example_branch_operator.py for tasks to queue
[2026-05-01T00:03:06.939+0000] {logging_mixin.py:188} INFO - [2026-05-01T00:03:06.939+0000] {dagbag.py:545} INFO - Filling up the DagBag from /home/airflow/.local/lib/python3.12/site-packages/airflow/example_dags/example_branch_operator.py
[2026-05-01T00:03:06.944+0000] {processor.py:840} INFO - DAG(s) 'example_branch_operator' retrieved from /home/airflow/.local/lib/python3.12/site-packages/airflow/example_dags/example_branch_operator.py
[2026-05-01T00:03:06.953+0000] {logging_mixin.py:188} INFO - [2026-05-01T00:03:06.953+0000] {dag.py:3089} INFO - Sync 1 DAGs
[2026-05-01T00:03:06.960+0000] {logging_mixin.py:188} INFO - [2026-05-01T00:03:06.960+0000] {dag.py:3947} INFO - Setting next_dagrun for example_branch_operator to 2026-04-30 00:00:00+00:00, run_after=2026-05-01 00:00:00+00:00
[2026-05-01T00:03:06.964+0000] {processor.py:183} INFO - Processing /home/airflow/.local/lib/python3.12/site-packages/airflow/example_dags/example_branch_operator.py took 0.029 seconds
[2026-05-01T00:03:37.610+0000] {processor.py:161} INFO - Started process (PID=55352) to work on /home/airflow/.local/lib/python3.12/site-packages/airflow/example_dags/example_branch_operator.py
[2026-05-01T00:03:37.611+0000] {processor.py:830} INFO - Processing file /home/airflow/.local/lib/python3.12/site-packages/airflow/example_dags/example_branch_operator.py for tasks to queue
[2026-05-01T00:03:37.611+0000] {logging_mixin.py:188} INFO - [2026-05-01T00:03:37.611+0000] {dagbag.py:545} INFO - Filling up the DagBag from /home/airflow/.local/lib/python3.12/site-packages/airflow/example_dags/example_branch_operator.py
[2026-05-01T00:03:37.617+0000] {processor.py:840} INFO - DAG(s) 'example_branch_operator' retrieved from /home/airflow/.local/lib/python3.12/site-packages/airflow/example_dags/example_branch_operator.py
[2026-05-01T00:03:37.630+0000] {logging_mixin.py:188} INFO - [2026-05-01T00:03:37.630+0000] {dag.py:3089} INFO - Sync 1 DAGs
[2026-05-01T00:03:37.640+0000] {logging_mixin.py:188} INFO - [2026-05-01T00:03:37.640+0000] {dag.py:3947} INFO - Setting next_dagrun for example_branch_operator to 2026-04-30 00:00:00+00:00, run_after=2026-05-01 00:00:00+00:00
[2026-05-01T00:03:37.651+0000] {processor.py:183} INFO - Processing /home/airflow/.local/lib/python3.12/site-packages/airflow/example_dags/example_branch_operator.py took 0.043 seconds
[2026-05-01T00:04:08.337+0000] {processor.py:161} INFO - Started process (PID=55412) to work on /home/airflow/.local/lib/python3.12/site-packages/airflow/example_dags/example_branch_operator.py
[2026-05-01T00:04:08.338+0000] {processor.py:830} INFO - Processing file /home/airflow/.local/lib/python3.12/site-packages/airflow/example_dags/example_branch_operator.py for tasks to queue
[2026-05-01T00:04:08.339+0000] {logging_mixin.py:188} INFO - [2026-05-01T00:04:08.339+0000] {dagbag.py:545} INFO - Filling up the DagBag from /home/airflow/.local/lib/python3.12/site-packages/airflow/example_dags/example_branch_operator.py
[2026-05-01T00:04:08.344+0000] {processor.py:840} INFO - DAG(s) 'example_branch_operator' retrieved from /home/airflow/.local/lib/python3.12/site-packages/airflow/example_dags/example_branch_operator.py
[2026-05-01T00:04:08.359+0000] {logging_mixin.py:188} INFO - [2026-05-01T00:04:08.359+0000] {dag.py:3089} INFO - Sync 1 DAGs
[2026-05-01T00:04:08.367+0000] {logging_mixin.py:188} INFO - [2026-05-01T00:04:08.367+0000] {dag.py:3947} INFO - Setting next_dagrun for example_branch_operator to 2026-04-30 00:00:00+00:00, run_after=2026-05-01 00:00:00+00:00
[2026-05-01T00:04:08.372+0000] {processor.py:183} INFO - Processing /home/airflow/.local/lib/python3.12/site-packages/airflow/example_dags/example_branch_operator.py took 0.038 seconds
[2026-05-01T00:04:39.075+0000] {processor.py:161} INFO - Started process (PID=55472) to work on /home/airflow/.local/lib/python3.12/site-packages/airflow/example_dags/example_branch_operator.py
[2026-05-01T00:04:39.076+0000] {processor.py:830} INFO - Processing file /home/airflow/.local/lib/python3.12/site-packages/airflow/example_dags/example_branch_operator.py for tasks to queue
[2026-05-01T00:04:39.077+0000] {logging_mixin.py:188} INFO - [2026-05-01T00:04:39.077+0000] {dagbag.py:545} INFO - Filling up the DagBag from /home/airflow/.local/lib/python3.12/site-packages/airflow/example_dags/example_branch_operator.py
[2026-05-01T00:04:39.083+0000] {processor.py:840} INFO - DAG(s) 'example_branch_operator' retrieved from /home/airflow/.local/lib/python3.12/site-packages/airflow/example_dags/example_branch_operator.py
[2026-05-01T00:04:39.092+0000] {logging_mixin.py:188} INFO - [2026-05-01T00:04:39.092+0000] {dag.py:3089} INFO - Sync 1 DAGs
[2026-05-01T00:04:39.104+0000] {logging_mixin.py:188} INFO - [2026-05-01T00:04:39.104+0000] {dag.py:3947} INFO - Setting next_dagrun for example_branch_operator to 2026-04-30 00:00:00+00:00, run_after=2026-05-01 00:00:00+00:00
[2026-05-01T00:04:39.117+0000] {processor.py:183} INFO - Processing /home/airflow/.local/lib/python3.12/site-packages/airflow/example_dags/example_branch_operator.py took 0.044 seconds
[2026-05-01T00:05:09.841+0000] {processor.py:161} INFO - Started process (PID=55533) to work on /home/airflow/.local/lib/python3.12/site-packages/airflow/example_dags/example_branch_operator.py
[2026-05-01T00:05:09.842+0000] {processor.py:830} INFO - Processing file /home/airflow/.local/lib/python3.12/site-packages/airflow/example_dags/example_branch_operator.py for tasks to queue
[2026-05-01T00:05:09.843+0000] {logging_mixin.py:188} INFO - [2026-05-01T00:05:09.843+0000] {dagbag.py:545} INFO - Filling up the DagBag from /home/airflow/.local/lib/python3.12/site-packages/airflow/example_dags/example_branch_operator.py
[2026-05-01T00:05:09.851+0000] {processor.py:840} INFO - DAG(s) 'example_branch_operator' retrieved from /home/airflow/.local/lib/python3.12/site-packages/airflow/example_dags/example_branch_operator.py
[2026-05-01T00:05:09.860+0000] {logging_mixin.py:188} INFO - [2026-05-01T00:05:09.860+0000] {dag.py:3089} INFO - Sync 1 DAGs
[2026-05-01T00:05:09.869+0000] {logging_mixin.py:188} INFO - [2026-05-01T00:05:09.869+0000] {dag.py:3947} INFO - Setting next_dagrun for example_branch_operator to 2026-04-30 00:00:00+00:00, run_after=2026-05-01 00:00:00+00:00
[2026-05-01T00:05:09.882+0000] {processor.py:183} INFO - Processing /home/airflow/.local/lib/python3.12/site-packages/airflow/example_dags/example_branch_operator.py took 0.044 seconds
[2026-05-01T00:05:40.620+0000] {processor.py:161} INFO - Started process (PID=55593) to work on /home/airflow/.local/lib/python3.12/site-packages/airflow/example_dags/example_branch_operator.py
[2026-05-01T00:05:40.620+0000] {processor.py:830} INFO - Processing file /home/airflow/.local/lib/python3.12/site-packages/airflow/example_dags/example_branch_operator.py for tasks to queue
[2026-05-01T00:05:40.622+0000] {logging_mixin.py:188} INFO - [2026-05-01T00:05:40.622+0000] {dagbag.py:545} INFO - Filling up the DagBag from /home/airflow/.local/lib/python3.12/site-packages/airflow/example_dags/example_branch_operator.py
[2026-05-01T00:05:40.630+0000] {processor.py:840} INFO - DAG(s) 'example_branch_operator' retrieved from /home/airflow/.local/lib/python3.12/site-packages/airflow/example_dags/example_branch_operator.py
[2026-05-01T00:05:40.641+0000] {logging_mixin.py:188} INFO - [2026-05-01T00:05:40.641+0000] {dag.py:3089} INFO - Sync 1 DAGs
[2026-05-01T00:05:40.648+0000] {logging_mixin.py:188} INFO - [2026-05-01T00:05:40.648+0000] {dag.py:3947} INFO - Setting next_dagrun for example_branch_operator to 2026-04-30 00:00:00+00:00, run_after=2026-05-01 00:00:00+00:00
[2026-05-01T00:05:40.659+0000] {processor.py:183} INFO - Processing /home/airflow/.local/lib/python3.12/site-packages/airflow/example_dags/example_branch_operator.py took 0.042 seconds
[2026-05-01T00:06:11.405+0000] {processor.py:161} INFO - Started process (PID=55653) to work on /home/airflow/.local/lib/python3.12/site-packages/airflow/example_dags/example_branch_operator.py
[2026-05-01T00:06:11.405+0000] {processor.py:830} INFO - Processing file /home/airflow/.local/lib/python3.12/site-packages/airflow/example_dags/example_branch_operator.py for tasks to queue
[2026-05-01T00:06:11.406+0000] {logging_mixin.py:188} INFO - [2026-05-01T00:06:11.406+0000] {dagbag.py:545} INFO - Filling up the DagBag from /home/airflow/.local/lib/python3.12/site-packages/airflow/example_dags/example_branch_operator.py
[2026-05-01T00:06:11.412+0000] {processor.py:840} INFO - DAG(s) 'example_branch_operator' retrieved from /home/airflow/.local/lib/python3.12/site-packages/airflow/example_dags/example_branch_operator.py
[2026-05-01T00:06:11.421+0000] {logging_mixin.py:188} INFO - [2026-05-01T00:06:11.420+0000] {dag.py:3089} INFO - Sync 1 DAGs
[2026-05-01T00:06:11.427+0000] {logging_mixin.py:188} INFO - [2026-05-01T00:06:11.427+0000] {dag.py:3947} INFO - Setting next_dagrun for example_branch_operator to 2026-04-30 00:00:00+00:00, run_after=2026-05-01 00:00:00+00:00
[2026-05-01T00:06:11.432+0000] {processor.py:183} INFO - Processing /home/airflow/.local/lib/python3.12/site-packages/airflow/example_dags/example_branch_operator.py took 0.030 seconds
[2026-05-01T00:06:42.160+0000] {processor.py:161} INFO - Started process (PID=55713) to work on /home/airflow/.local/lib/python3.12/site-packages/airflow/example_dags/example_branch_operator.py
[2026-05-01T00:06:42.160+0000] {processor.py:830} INFO - Processing file /home/airflow/.local/lib/python3.12/site-packages/airflow/example_dags/example_branch_operator.py for tasks to queue
[2026-05-01T00:06:42.161+0000] {logging_mixin.py:188} INFO - [2026-05-01T00:06:42.161+0000] {dagbag.py:545} INFO - Filling up the DagBag from /home/airflow/.local/lib/python3.12/site-packages/airflow/example_dags/example_branch_operator.py
[2026-05-01T00:06:42.166+0000] {processor.py:840} INFO - DAG(s) 'example_branch_operator' retrieved from /home/airflow/.local/lib/python3.12/site-packages/airflow/example_dags/example_branch_operator.py
[2026-05-01T00:06:42.175+0000] {logging_mixin.py:188} INFO - [2026-05-01T00:06:42.175+0000] {dag.py:3089} INFO - Sync 1 DAGs
[2026-05-01T00:06:42.181+0000] {logging_mixin.py:188} INFO - [2026-05-01T00:06:42.181+0000] {dag.py:3947} INFO - Setting next_dagrun for example_branch_operator to 2026-04-30 00:00:00+00:00, run_after=2026-05-01 00:00:00+00:00
[2026-05-01T00:06:42.186+0000] {processor.py:183} INFO - Processing /home/airflow/.local/lib/python3.12/site-packages/airflow/example_dags/example_branch_operator.py took 0.029 seconds
[2026-05-01T00:07:13.309+0000] {processor.py:161} INFO - Started process (PID=55773) to work on /home/airflow/.local/lib/python3.12/site-packages/airflow/example_dags/example_branch_operator.py
[2026-05-01T00:07:13.309+0000] {processor.py:830} INFO - Processing file /home/airflow/.local/lib/python3.12/site-packages/airflow/example_dags/example_branch_operator.py for tasks to queue
[2026-05-01T00:07:13.311+0000] {logging_mixin.py:188} INFO - [2026-05-01T00:07:13.311+0000] {dagbag.py:545} INFO - Filling up the DagBag from /home/airflow/.local/lib/python3.12/site-packages/airflow/example_dags/example_branch_operator.py
[2026-05-01T00:07:13.318+0000] {processor.py:840} INFO - DAG(s) 'example_branch_operator' retrieved from /home/airflow/.local/lib/python3.12/site-packages/airflow/example_dags/example_branch_operator.py
[2026-05-01T00:07:13.333+0000] {logging_mixin.py:188} INFO - [2026-05-01T00:07:13.333+0000] {dag.py:3089} INFO - Sync 1 DAGs
[2026-05-01T00:07:13.341+0000] {logging_mixin.py:188} INFO - [2026-05-01T00:07:13.341+0000] {dag.py:3947} INFO - Setting next_dagrun for example_branch_operator to 2026-04-30 00:00:00+00:00, run_after=2026-05-01 00:00:00+00:00
[2026-05-01T00:07:13.346+0000] {processor.py:183} INFO - Processing /home/airflow/.local/lib/python3.12/site-packages/airflow/example_dags/example_branch_operator.py took 0.040 seconds
[2026-05-01T00:07:43.684+0000] {processor.py:161} INFO - Started process (PID=55833) to work on /home/airflow/.local/lib/python3.12/site-packages/airflow/example_dags/example_branch_operator.py
[2026-05-01T00:07:43.685+0000] {processor.py:830} INFO - Processing file /home/airflow/.local/lib/python3.12/site-packages/airflow/example_dags/example_branch_operator.py for tasks to queue
[2026-05-01T00:07:43.686+0000] {logging_mixin.py:188} INFO - [2026-05-01T00:07:43.686+0000] {dagbag.py:545} INFO - Filling up the DagBag from /home/airflow/.local/lib/python3.12/site-packages/airflow/example_dags/example_branch_operator.py
[2026-05-01T00:07:43.694+0000] {processor.py:840} INFO - DAG(s) 'example_branch_operator' retrieved from /home/airflow/.local/lib/python3.12/site-packages/airflow/example_dags/example_branch_operator.py
[2026-05-01T00:07:43.710+0000] {logging_mixin.py:188} INFO - [2026-05-01T00:07:43.710+0000] {dag.py:3089} INFO - Sync 1 DAGs
[2026-05-01T00:07:43.803+0000] {logging_mixin.py:188} INFO - [2026-05-01T00:07:43.803+0000] {dag.py:3947} INFO - Setting next_dagrun for example_branch_operator to 2026-04-30 00:00:00+00:00, run_after=2026-05-01 00:00:00+00:00
[2026-05-01T00:07:43.812+0000] {processor.py:183} INFO - Processing /home/airflow/.local/lib/python3.12/site-packages/airflow/example_dags/example_branch_operator.py took 0.131 seconds
[2026-05-01T00:08:14.046+0000] {processor.py:161} INFO - Started process (PID=55893) to work on /home/airflow/.local/lib/python3.12/site-packages/airflow/example_dags/example_branch_operator.py
[2026-05-01T00:08:14.046+0000] {processor.py:830} INFO - Processing file /home/airflow/.local/lib/python3.12/site-packages/airflow/example_dags/example_branch_operator.py for tasks to queue
[2026-05-01T00:08:14.047+0000] {logging_mixin.py:188} INFO - [2026-05-01T00:08:14.047+0000] {dagbag.py:545} INFO - Filling up the DagBag from /home/airflow/.local/lib/python3.12/site-packages/airflow/example_dags/example_branch_operator.py
[2026-05-01T00:08:14.056+0000] {processor.py:840} INFO - DAG(s) 'example_branch_operator' retrieved from /home/airflow/.local/lib/python3.12/site-packages/airflow/example_dags/example_branch_operator.py
[2026-05-01T00:08:14.066+0000] {logging_mixin.py:188} INFO - [2026-05-01T00:08:14.066+0000] {dag.py:3089} INFO - Sync 1 DAGs
[2026-05-01T00:08:14.145+0000] {logging_mixin.py:188} INFO - [2026-05-01T00:08:14.145+0000] {dag.py:3947} INFO - Setting next_dagrun for example_branch_operator to 2026-04-30 00:00:00+00:00, run_after=2026-05-01 00:00:00+00:00
[2026-05-01T00:08:14.155+0000] {processor.py:183} INFO - Processing /home/airflow/.local/lib/python3.12/site-packages/airflow/example_dags/example_branch_operator.py took 0.112 seconds
[2026-05-01T00:08:44.746+0000] {processor.py:161} INFO - Started process (PID=55954) to work on /home/airflow/.local/lib/python3.12/site-packages/airflow/example_dags/example_branch_operator.py
[2026-05-01T00:08:44.746+0000] {processor.py:830} INFO - Processing file /home/airflow/.local/lib/python3.12/site-packages/airflow/example_dags/example_branch_operator.py for tasks to queue
[2026-05-01T00:08:44.747+0000] {logging_mixin.py:188} INFO - [2026-05-01T00:08:44.747+0000] {dagbag.py:545} INFO - Filling up the DagBag from /home/airflow/.local/lib/python3.12/site-packages/airflow/example_dags/example_branch_operator.py
[2026-05-01T00:08:44.753+0000] {processor.py:840} INFO - DAG(s) 'example_branch_operator' retrieved from /home/airflow/.local/lib/python3.12/site-packages/airflow/example_dags/example_branch_operator.py
[2026-05-01T00:08:44.764+0000] {logging_mixin.py:188} INFO - [2026-05-01T00:08:44.764+0000] {dag.py:3089} INFO - Sync 1 DAGs
[2026-05-01T00:08:44.845+0000] {logging_mixin.py:188} INFO - [2026-05-01T00:08:44.845+0000] {dag.py:3947} INFO - Setting next_dagrun for example_branch_operator to 2026-04-30 00:00:00+00:00, run_after=2026-05-01 00:00:00+00:00
[2026-05-01T00:08:44.856+0000] {processor.py:183} INFO - Processing /home/airflow/.local/lib/python3.12/site-packages/airflow/example_dags/example_branch_operator.py took 0.113 seconds
[2026-05-01T00:09:15.704+0000] {processor.py:161} INFO - Started process (PID=56014) to work on /home/airflow/.local/lib/python3.12/site-packages/airflow/example_dags/example_branch_operator.py
[2026-05-01T00:09:15.706+0000] {processor.py:830} INFO - Processing file /home/airflow/.local/lib/python3.12/site-packages/airflow/example_dags/example_branch_operator.py for tasks to queue
[2026-05-01T00:09:15.707+0000] {logging_mixin.py:188} INFO - [2026-05-01T00:09:15.707+0000] {dagbag.py:545} INFO - Filling up the DagBag from /home/airflow/.local/lib/python3.12/site-packages/airflow/example_dags/example_branch_operator.py
[2026-05-01T00:09:15.713+0000] {processor.py:840} INFO - DAG(s) 'example_branch_operator' retrieved from /home/airflow/.local/lib/python3.12/site-packages/airflow/example_dags/example_branch_operator.py
[2026-05-01T00:09:15.727+0000] {logging_mixin.py:188} INFO - [2026-05-01T00:09:15.726+0000] {dag.py:3089} INFO - Sync 1 DAGs
[2026-05-01T00:09:15.734+0000] {logging_mixin.py:188} INFO - [2026-05-01T00:09:15.733+0000] {dag.py:3947} INFO - Setting next_dagrun for example_branch_operator to 2026-04-30 00:00:00+00:00, run_after=2026-05-01 00:00:00+00:00
[2026-05-01T00:09:15.743+0000] {processor.py:183} INFO - Processing /home/airflow/.local/lib/python3.12/site-packages/airflow/example_dags/example_branch_operator.py took 0.040 seconds
[2026-05-01T00:09:46.473+0000] {processor.py:161} INFO - Started process (PID=56074) to work on /home/airflow/.local/lib/python3.12/site-packages/airflow/example_dags/example_branch_operator.py
[2026-05-01T00:09:46.473+0000] {processor.py:830} INFO - Processing file /home/airflow/.local/lib/python3.12/site-packages/airflow/example_dags/example_branch_operator.py for tasks to queue
[2026-05-01T00:09:46.474+0000] {logging_mixin.py:188} INFO - [2026-05-01T00:09:46.474+0000] {dagbag.py:545} INFO - Filling up the DagBag from /home/airflow/.local/lib/python3.12/site-packages/airflow/example_dags/example_branch_operator.py
[2026-05-01T00:09:46.480+0000] {processor.py:840} INFO - DAG(s) 'example_branch_operator' retrieved from /home/airflow/.local/lib/python3.12/site-packages/airflow/example_dags/example_branch_operator.py
[2026-05-01T00:09:46.496+0000] {logging_mixin.py:188} INFO - [2026-05-01T00:09:46.495+0000] {dag.py:3089} INFO - Sync 1 DAGs
[2026-05-01T00:09:46.504+0000] {logging_mixin.py:188} INFO - [2026-05-01T00:09:46.504+0000] {dag.py:3947} INFO - Setting next_dagrun for example_branch_operator to 2026-04-30 00:00:00+00:00, run_after=2026-05-01 00:00:00+00:00
[2026-05-01T00:09:46.513+0000] {processor.py:183} INFO - Processing /home/airflow/.local/lib/python3.12/site-packages/airflow/example_dags/example_branch_operator.py took 0.043 seconds
[2026-05-01T00:10:17.164+0000] {processor.py:161} INFO - Started process (PID=56134) to work on /home/airflow/.local/lib/python3.12/site-packages/airflow/example_dags/example_branch_operator.py
[2026-05-01T00:10:17.164+0000] {processor.py:830} INFO - Processing file /home/airflow/.local/lib/python3.12/site-packages/airflow/example_dags/example_branch_operator.py for tasks to queue
[2026-05-01T00:10:17.165+0000] {logging_mixin.py:188} INFO - [2026-05-01T00:10:17.165+0000] {dagbag.py:545} INFO - Filling up the DagBag from /home/airflow/.local/lib/python3.12/site-packages/airflow/example_dags/example_branch_operator.py
[2026-05-01T00:10:17.171+0000] {processor.py:840} INFO - DAG(s) 'example_branch_operator' retrieved from /home/airflow/.local/lib/python3.12/site-packages/airflow/example_dags/example_branch_operator.py
[2026-05-01T00:10:17.187+0000] {logging_mixin.py:188} INFO - [2026-05-01T00:10:17.187+0000] {dag.py:3089} INFO - Sync 1 DAGs
[2026-05-01T00:10:17.196+0000] {logging_mixin.py:188} INFO - [2026-05-01T00:10:17.196+0000] {dag.py:3947} INFO - Setting next_dagrun for example_branch_operator to 2026-04-30 00:00:00+00:00, run_after=2026-05-01 00:00:00+00:00
[2026-05-01T00:10:17.202+0000] {processor.py:183} INFO - Processing /home/airflow/.local/lib/python3.12/site-packages/airflow/example_dags/example_branch_operator.py took 0.040 seconds
[2026-05-01T00:10:47.973+0000] {processor.py:161} INFO - Started process (PID=56194) to work on /home/airflow/.local/lib/python3.12/site-packages/airflow/example_dags/example_branch_operator.py
[2026-05-01T00:10:47.974+0000] {processor.py:830} INFO - Processing file /home/airflow/.local/lib/python3.12/site-packages/airflow/example_dags/example_branch_operator.py for tasks to queue
[2026-05-01T00:10:47.975+0000] {logging_mixin.py:188} INFO - [2026-05-01T00:10:47.975+0000] {dagbag.py:545} INFO - Filling up the DagBag from /home/airflow/.local/lib/python3.12/site-packages/airflow/example_dags/example_branch_operator.py
[2026-05-01T00:10:47.983+0000] {processor.py:840} INFO - DAG(s) 'example_branch_operator' retrieved from /home/airflow/.local/lib/python3.12/site-packages/airflow/example_dags/example_branch_operator.py
[2026-05-01T00:10:47.995+0000] {logging_mixin.py:188} INFO - [2026-05-01T00:10:47.995+0000] {dag.py:3089} INFO - Sync 1 DAGs
[2026-05-01T00:10:48.002+0000] {logging_mixin.py:188} INFO - [2026-05-01T00:10:48.002+0000] {dag.py:3947} INFO - Setting next_dagrun for example_branch_operator to 2026-04-30 00:00:00+00:00, run_after=2026-05-01 00:00:00+00:00
[2026-05-01T00:10:48.011+0000] {processor.py:183} INFO - Processing /home/airflow/.local/lib/python3.12/site-packages/airflow/example_dags/example_branch_operator.py took 0.040 seconds
[2026-05-01T00:11:18.039+0000] {processor.py:161} INFO - Started process (PID=56254) to work on /home/airflow/.local/lib/python3.12/site-packages/airflow/example_dags/example_branch_operator.py
[2026-05-01T00:11:18.040+0000] {processor.py:830} INFO - Processing file /home/airflow/.local/lib/python3.12/site-packages/airflow/example_dags/example_branch_operator.py for tasks to queue
[2026-05-01T00:11:18.040+0000] {logging_mixin.py:188} INFO - [2026-05-01T00:11:18.040+0000] {dagbag.py:545} INFO - Filling up the DagBag from /home/airflow/.local/lib/python3.12/site-packages/airflow/example_dags/example_branch_operator.py
[2026-05-01T00:11:18.048+0000] {processor.py:840} INFO - DAG(s) 'example_branch_operator' retrieved from /home/airflow/.local/lib/python3.12/site-packages/airflow/example_dags/example_branch_operator.py
[2026-05-01T00:11:18.062+0000] {logging_mixin.py:188} INFO - [2026-05-01T00:11:18.062+0000] {dag.py:3089} INFO - Sync 1 DAGs
[2026-05-01T00:11:18.071+0000] {logging_mixin.py:188} INFO - [2026-05-01T00:11:18.071+0000] {dag.py:3947} INFO - Setting next_dagrun for example_branch_operator to 2026-04-30 00:00:00+00:00, run_after=2026-05-01 00:00:00+00:00
[2026-05-01T00:11:18.077+0000] {processor.py:183} INFO - Processing /home/airflow/.local/lib/python3.12/site-packages/airflow/example_dags/example_branch_operator.py took 0.042 seconds
[2026-05-01T00:11:48.689+0000] {processor.py:161} INFO - Started process (PID=56314) to work on /home/airflow/.local/lib/python3.12/site-packages/airflow/example_dags/example_branch_operator.py
[2026-05-01T00:11:48.690+0000] {processor.py:830} INFO - Processing file /home/airflow/.local/lib/python3.12/site-packages/airflow/example_dags/example_branch_operator.py for tasks to queue
[2026-05-01T00:11:48.691+0000] {logging_mixin.py:188} INFO - [2026-05-01T00:11:48.690+0000] {dagbag.py:545} INFO - Filling up the DagBag from /home/airflow/.local/lib/python3.12/site-packages/airflow/example_dags/example_branch_operator.py
[2026-05-01T00:11:48.696+0000] {processor.py:840} INFO - DAG(s) 'example_branch_operator' retrieved from /home/airflow/.local/lib/python3.12/site-packages/airflow/example_dags/example_branch_operator.py
[2026-05-01T00:11:48.705+0000] {logging_mixin.py:188} INFO - [2026-05-01T00:11:48.705+0000] {dag.py:3089} INFO - Sync 1 DAGs
[2026-05-01T00:11:48.712+0000] {logging_mixin.py:188} INFO - [2026-05-01T00:11:48.711+0000] {dag.py:3947} INFO - Setting next_dagrun for example_branch_operator to 2026-04-30 00:00:00+00:00, run_after=2026-05-01 00:00:00+00:00
[2026-05-01T00:11:48.716+0000] {processor.py:183} INFO - Processing /home/airflow/.local/lib/python3.12/site-packages/airflow/example_dags/example_branch_operator.py took 0.029 seconds
[2026-05-01T00:12:19.393+0000] {processor.py:161} INFO - Started process (PID=56374) to work on /home/airflow/.local/lib/python3.12/site-packages/airflow/example_dags/example_branch_operator.py
[2026-05-01T00:12:19.394+0000] {processor.py:830} INFO - Processing file /home/airflow/.local/lib/python3.12/site-packages/airflow/example_dags/example_branch_operator.py for tasks to queue
[2026-05-01T00:12:19.395+0000] {logging_mixin.py:188} INFO - [2026-05-01T00:12:19.395+0000] {dagbag.py:545} INFO - Filling up the DagBag from /home/airflow/.local/lib/python3.12/site-packages/airflow/example_dags/example_branch_operator.py
[2026-05-01T00:12:19.401+0000] {processor.py:840} INFO - DAG(s) 'example_branch_operator' retrieved from /home/airflow/.local/lib/python3.12/site-packages/airflow/example_dags/example_branch_operator.py
[2026-05-01T00:12:19.411+0000] {logging_mixin.py:188} INFO - [2026-05-01T00:12:19.411+0000] {dag.py:3089} INFO - Sync 1 DAGs
[2026-05-01T00:12:19.420+0000] {logging_mixin.py:188} INFO - [2026-05-01T00:12:19.420+0000] {dag.py:3947} INFO - Setting next_dagrun for example_branch_operator to 2026-04-30 00:00:00+00:00, run_after=2026-05-01 00:00:00+00:00
[2026-05-01T00:12:19.429+0000] {processor.py:183} INFO - Processing /home/airflow/.local/lib/python3.12/site-packages/airflow/example_dags/example_branch_operator.py took 0.039 seconds
[2026-05-01T00:12:50.127+0000] {processor.py:161} INFO - Started process (PID=56434) to work on /home/airflow/.local/lib/python3.12/site-packages/airflow/example_dags/example_branch_operator.py
[2026-05-01T00:12:50.128+0000] {processor.py:830} INFO - Processing file /home/airflow/.local/lib/python3.12/site-packages/airflow/example_dags/example_branch_operator.py for tasks to queue
[2026-05-01T00:12:50.129+0000] {logging_mixin.py:188} INFO - [2026-05-01T00:12:50.129+0000] {dagbag.py:545} INFO - Filling up the DagBag from /home/airflow/.local/lib/python3.12/site-packages/airflow/example_dags/example_branch_operator.py
[2026-05-01T00:12:50.142+0000] {processor.py:840} INFO - DAG(s) 'example_branch_operator' retrieved from /home/airflow/.local/lib/python3.12/site-packages/airflow/example_dags/example_branch_operator.py
[2026-05-01T00:12:50.163+0000] {logging_mixin.py:188} INFO - [2026-05-01T00:12:50.163+0000] {dag.py:3089} INFO - Sync 1 DAGs
[2026-05-01T00:12:50.173+0000] {logging_mixin.py:188} INFO - [2026-05-01T00:12:50.173+0000] {dag.py:3947} INFO - Setting next_dagrun for example_branch_operator to 2026-04-30 00:00:00+00:00, run_after=2026-05-01 00:00:00+00:00
[2026-05-01T00:12:50.184+0000] {processor.py:183} INFO - Processing /home/airflow/.local/lib/python3.12/site-packages/airflow/example_dags/example_branch_operator.py took 0.061 seconds
[2026-05-01T00:13:20.857+0000] {processor.py:161} INFO - Started process (PID=56494) to work on /home/airflow/.local/lib/python3.12/site-packages/airflow/example_dags/example_branch_operator.py
[2026-05-01T00:13:20.860+0000] {processor.py:830} INFO - Processing file /home/airflow/.local/lib/python3.12/site-packages/airflow/example_dags/example_branch_operator.py for tasks to queue
[2026-05-01T00:13:20.861+0000] {logging_mixin.py:188} INFO - [2026-05-01T00:13:20.861+0000] {dagbag.py:545} INFO - Filling up the DagBag from /home/airflow/.local/lib/python3.12/site-packages/airflow/example_dags/example_branch_operator.py
[2026-05-01T00:13:20.867+0000] {processor.py:840} INFO - DAG(s) 'example_branch_operator' retrieved from /home/airflow/.local/lib/python3.12/site-packages/airflow/example_dags/example_branch_operator.py
[2026-05-01T00:13:20.879+0000] {logging_mixin.py:188} INFO - [2026-05-01T00:13:20.879+0000] {dag.py:3089} INFO - Sync 1 DAGs
[2026-05-01T00:13:20.887+0000] {logging_mixin.py:188} INFO - [2026-05-01T00:13:20.887+0000] {dag.py:3947} INFO - Setting next_dagrun for example_branch_operator to 2026-04-30 00:00:00+00:00, run_after=2026-05-01 00:00:00+00:00
[2026-05-01T00:13:20.897+0000] {processor.py:183} INFO - Processing /home/airflow/.local/lib/python3.12/site-packages/airflow/example_dags/example_branch_operator.py took 0.042 seconds
[2026-05-01T00:13:51.294+0000] {processor.py:161} INFO - Started process (PID=56554) to work on /home/airflow/.local/lib/python3.12/site-packages/airflow/example_dags/example_branch_operator.py
[2026-05-01T00:13:51.296+0000] {processor.py:830} INFO - Processing file /home/airflow/.local/lib/python3.12/site-packages/airflow/example_dags/example_branch_operator.py for tasks to queue
[2026-05-01T00:13:51.297+0000] {logging_mixin.py:188} INFO - [2026-05-01T00:13:51.297+0000] {dagbag.py:545} INFO - Filling up the DagBag from /home/airflow/.local/lib/python3.12/site-packages/airflow/example_dags/example_branch_operator.py
[2026-05-01T00:13:51.303+0000] {processor.py:840} INFO - DAG(s) 'example_branch_operator' retrieved from /home/airflow/.local/lib/python3.12/site-packages/airflow/example_dags/example_branch_operator.py
[2026-05-01T00:13:51.313+0000] {logging_mixin.py:188} INFO - [2026-05-01T00:13:51.313+0000] {dag.py:3089} INFO - Sync 1 DAGs
[2026-05-01T00:13:51.324+0000] {logging_mixin.py:188} INFO - [2026-05-01T00:13:51.324+0000] {dag.py:3947} INFO - Setting next_dagrun for example_branch_operator to 2026-04-30 00:00:00+00:00, run_after=2026-05-01 00:00:00+00:00
[2026-05-01T00:13:51.332+0000] {processor.py:183} INFO - Processing /home/airflow/.local/lib/python3.12/site-packages/airflow/example_dags/example_branch_operator.py took 0.040 seconds
[2026-05-01T00:14:21.949+0000] {processor.py:161} INFO - Started process (PID=56614) to work on /home/airflow/.local/lib/python3.12/site-packages/airflow/example_dags/example_branch_operator.py
[2026-05-01T00:14:21.950+0000] {processor.py:830} INFO - Processing file /home/airflow/.local/lib/python3.12/site-packages/airflow/example_dags/example_branch_operator.py for tasks to queue
[2026-05-01T00:14:21.951+0000] {logging_mixin.py:188} INFO - [2026-05-01T00:14:21.951+0000] {dagbag.py:545} INFO - Filling up the DagBag from /home/airflow/.local/lib/python3.12/site-packages/airflow/example_dags/example_branch_operator.py
[2026-05-01T00:14:21.957+0000] {processor.py:840} INFO - DAG(s) 'example_branch_operator' retrieved from /home/airflow/.local/lib/python3.12/site-packages/airflow/example_dags/example_branch_operator.py
[2026-05-01T00:14:21.967+0000] {logging_mixin.py:188} INFO - [2026-05-01T00:14:21.967+0000] {dag.py:3089} INFO - Sync 1 DAGs
[2026-05-01T00:14:21.977+0000] {logging_mixin.py:188} INFO - [2026-05-01T00:14:21.977+0000] {dag.py:3947} INFO - Setting next_dagrun for example_branch_operator to 2026-04-30 00:00:00+00:00, run_after=2026-05-01 00:00:00+00:00
[2026-05-01T00:14:21.985+0000] {processor.py:183} INFO - Processing /home/airflow/.local/lib/python3.12/site-packages/airflow/example_dags/example_branch_operator.py took 0.038 seconds
[2026-05-01T00:14:52.535+0000] {processor.py:161} INFO - Started process (PID=56674) to work on /home/airflow/.local/lib/python3.12/site-packages/airflow/example_dags/example_branch_operator.py
[2026-05-01T00:14:52.536+0000] {processor.py:830} INFO - Processing file /home/airflow/.local/lib/python3.12/site-packages/airflow/example_dags/example_branch_operator.py for tasks to queue
[2026-05-01T00:14:52.537+0000] {logging_mixin.py:188} INFO - [2026-05-01T00:14:52.537+0000] {dagbag.py:545} INFO - Filling up the DagBag from /home/airflow/.local/lib/python3.12/site-packages/airflow/example_dags/example_branch_operator.py
[2026-05-01T00:14:52.546+0000] {processor.py:840} INFO - DAG(s) 'example_branch_operator' retrieved from /home/airflow/.local/lib/python3.12/site-packages/airflow/example_dags/example_branch_operator.py
[2026-05-01T00:14:52.555+0000] {logging_mixin.py:188} INFO - [2026-05-01T00:14:52.555+0000] {dag.py:3089} INFO - Sync 1 DAGs
[2026-05-01T00:14:52.567+0000] {logging_mixin.py:188} INFO - [2026-05-01T00:14:52.567+0000] {dag.py:3947} INFO - Setting next_dagrun for example_branch_operator to 2026-04-30 00:00:00+00:00, run_after=2026-05-01 00:00:00+00:00
[2026-05-01T00:14:52.580+0000] {processor.py:183} INFO - Processing /home/airflow/.local/lib/python3.12/site-packages/airflow/example_dags/example_branch_operator.py took 0.048 seconds
[2026-05-01T00:15:23.119+0000] {processor.py:161} INFO - Started process (PID=56734) to work on /home/airflow/.local/lib/python3.12/site-packages/airflow/example_dags/example_branch_operator.py
[2026-05-01T00:15:23.120+0000] {processor.py:830} INFO - Processing file /home/airflow/.local/lib/python3.12/site-packages/airflow/example_dags/example_branch_operator.py for tasks to queue
[2026-05-01T00:15:23.121+0000] {logging_mixin.py:188} INFO - [2026-05-01T00:15:23.121+0000] {dagbag.py:545} INFO - Filling up the DagBag from /home/airflow/.local/lib/python3.12/site-packages/airflow/example_dags/example_branch_operator.py
[2026-05-01T00:15:23.130+0000] {processor.py:840} INFO - DAG(s) 'example_branch_operator' retrieved from /home/airflow/.local/lib/python3.12/site-packages/airflow/example_dags/example_branch_operator.py
[2026-05-01T00:15:23.140+0000] {logging_mixin.py:188} INFO - [2026-05-01T00:15:23.140+0000] {dag.py:3089} INFO - Sync 1 DAGs
[2026-05-01T00:15:23.147+0000] {logging_mixin.py:188} INFO - [2026-05-01T00:15:23.147+0000] {dag.py:3947} INFO - Setting next_dagrun for example_branch_operator to 2026-04-30 00:00:00+00:00, run_after=2026-05-01 00:00:00+00:00
[2026-05-01T00:15:23.162+0000] {processor.py:183} INFO - Processing /home/airflow/.local/lib/python3.12/site-packages/airflow/example_dags/example_branch_operator.py took 0.045 seconds
[2026-05-01T00:15:53.751+0000] {processor.py:161} INFO - Started process (PID=56794) to work on /home/airflow/.local/lib/python3.12/site-packages/airflow/example_dags/example_branch_operator.py
[2026-05-01T00:15:53.752+0000] {processor.py:830} INFO - Processing file /home/airflow/.local/lib/python3.12/site-packages/airflow/example_dags/example_branch_operator.py for tasks to queue
[2026-05-01T00:15:53.753+0000] {logging_mixin.py:188} INFO - [2026-05-01T00:15:53.753+0000] {dagbag.py:545} INFO - Filling up the DagBag from /home/airflow/.local/lib/python3.12/site-packages/airflow/example_dags/example_branch_operator.py
[2026-05-01T00:15:53.759+0000] {processor.py:840} INFO - DAG(s) 'example_branch_operator' retrieved from /home/airflow/.local/lib/python3.12/site-packages/airflow/example_dags/example_branch_operator.py
[2026-05-01T00:15:53.776+0000] {logging_mixin.py:188} INFO - [2026-05-01T00:15:53.776+0000] {dag.py:3089} INFO - Sync 1 DAGs
[2026-05-01T00:15:53.786+0000] {logging_mixin.py:188} INFO - [2026-05-01T00:15:53.786+0000] {dag.py:3947} INFO - Setting next_dagrun for example_branch_operator to 2026-04-30 00:00:00+00:00, run_after=2026-05-01 00:00:00+00:00
[2026-05-01T00:15:53.793+0000] {processor.py:183} INFO - Processing /home/airflow/.local/lib/python3.12/site-packages/airflow/example_dags/example_branch_operator.py took 0.045 seconds
[2026-05-01T00:16:24.342+0000] {processor.py:161} INFO - Started process (PID=56854) to work on /home/airflow/.local/lib/python3.12/site-packages/airflow/example_dags/example_branch_operator.py
[2026-05-01T00:16:24.344+0000] {processor.py:830} INFO - Processing file /home/airflow/.local/lib/python3.12/site-packages/airflow/example_dags/example_branch_operator.py for tasks to queue
[2026-05-01T00:16:24.345+0000] {logging_mixin.py:188} INFO - [2026-05-01T00:16:24.344+0000] {dagbag.py:545} INFO - Filling up the DagBag from /home/airflow/.local/lib/python3.12/site-packages/airflow/example_dags/example_branch_operator.py
[2026-05-01T00:16:24.352+0000] {processor.py:840} INFO - DAG(s) 'example_branch_operator' retrieved from /home/airflow/.local/lib/python3.12/site-packages/airflow/example_dags/example_branch_operator.py
[2026-05-01T00:16:24.366+0000] {logging_mixin.py:188} INFO - [2026-05-01T00:16:24.365+0000] {dag.py:3089} INFO - Sync 1 DAGs
[2026-05-01T00:16:24.378+0000] {logging_mixin.py:188} INFO - [2026-05-01T00:16:24.377+0000] {dag.py:3947} INFO - Setting next_dagrun for example_branch_operator to 2026-04-30 00:00:00+00:00, run_after=2026-05-01 00:00:00+00:00
[2026-05-01T00:16:24.393+0000] {processor.py:183} INFO - Processing /home/airflow/.local/lib/python3.12/site-packages/airflow/example_dags/example_branch_operator.py took 0.054 seconds
[2026-05-01T00:16:55.008+0000] {processor.py:161} INFO - Started process (PID=56914) to work on /home/airflow/.local/lib/python3.12/site-packages/airflow/example_dags/example_branch_operator.py
[2026-05-01T00:16:55.010+0000] {processor.py:830} INFO - Processing file /home/airflow/.local/lib/python3.12/site-packages/airflow/example_dags/example_branch_operator.py for tasks to queue
[2026-05-01T00:16:55.011+0000] {logging_mixin.py:188} INFO - [2026-05-01T00:16:55.011+0000] {dagbag.py:545} INFO - Filling up the DagBag from /home/airflow/.local/lib/python3.12/site-packages/airflow/example_dags/example_branch_operator.py
[2026-05-01T00:16:55.018+0000] {processor.py:840} INFO - DAG(s) 'example_branch_operator' retrieved from /home/airflow/.local/lib/python3.12/site-packages/airflow/example_dags/example_branch_operator.py
[2026-05-01T00:16:55.029+0000] {logging_mixin.py:188} INFO - [2026-05-01T00:16:55.029+0000] {dag.py:3089} INFO - Sync 1 DAGs
[2026-05-01T00:16:55.037+0000] {logging_mixin.py:188} INFO - [2026-05-01T00:16:55.037+0000] {dag.py:3947} INFO - Setting next_dagrun for example_branch_operator to 2026-04-30 00:00:00+00:00, run_after=2026-05-01 00:00:00+00:00
[2026-05-01T00:16:55.043+0000] {processor.py:183} INFO - Processing /home/airflow/.local/lib/python3.12/site-packages/airflow/example_dags/example_branch_operator.py took 0.037 seconds
[2026-05-01T00:17:25.861+0000] {processor.py:161} INFO - Started process (PID=56974) to work on /home/airflow/.local/lib/python3.12/site-packages/airflow/example_dags/example_branch_operator.py
[2026-05-01T00:17:25.862+0000] {processor.py:830} INFO - Processing file /home/airflow/.local/lib/python3.12/site-packages/airflow/example_dags/example_branch_operator.py for tasks to queue
[2026-05-01T00:17:25.864+0000] {logging_mixin.py:188} INFO - [2026-05-01T00:17:25.864+0000] {dagbag.py:545} INFO - Filling up the DagBag from /home/airflow/.local/lib/python3.12/site-packages/airflow/example_dags/example_branch_operator.py
[2026-05-01T00:17:25.874+0000] {processor.py:840} INFO - DAG(s) 'example_branch_operator' retrieved from /home/airflow/.local/lib/python3.12/site-packages/airflow/example_dags/example_branch_operator.py
[2026-05-01T00:17:25.893+0000] {logging_mixin.py:188} INFO - [2026-05-01T00:17:25.892+0000] {dag.py:3089} INFO - Sync 1 DAGs
[2026-05-01T00:17:25.908+0000] {logging_mixin.py:188} INFO - [2026-05-01T00:17:25.908+0000] {dag.py:3947} INFO - Setting next_dagrun for example_branch_operator to 2026-04-30 00:00:00+00:00, run_after=2026-05-01 00:00:00+00:00
[2026-05-01T00:17:25.944+0000] {processor.py:183} INFO - Processing /home/airflow/.local/lib/python3.12/site-packages/airflow/example_dags/example_branch_operator.py took 0.086 seconds
[2026-05-01T00:17:56.254+0000] {processor.py:161} INFO - Started process (PID=57033) to work on /home/airflow/.local/lib/python3.12/site-packages/airflow/example_dags/example_branch_operator.py
[2026-05-01T00:17:56.255+0000] {processor.py:830} INFO - Processing file /home/airflow/.local/lib/python3.12/site-packages/airflow/example_dags/example_branch_operator.py for tasks to queue
[2026-05-01T00:17:56.258+0000] {logging_mixin.py:188} INFO - [2026-05-01T00:17:56.258+0000] {dagbag.py:545} INFO - Filling up the DagBag from /home/airflow/.local/lib/python3.12/site-packages/airflow/example_dags/example_branch_operator.py
[2026-05-01T00:17:56.267+0000] {processor.py:840} INFO - DAG(s) 'example_branch_operator' retrieved from /home/airflow/.local/lib/python3.12/site-packages/airflow/example_dags/example_branch_operator.py
[2026-05-01T00:17:56.282+0000] {logging_mixin.py:188} INFO - [2026-05-01T00:17:56.281+0000] {dag.py:3089} INFO - Sync 1 DAGs
[2026-05-01T00:17:56.292+0000] {logging_mixin.py:188} INFO - [2026-05-01T00:17:56.291+0000] {dag.py:3947} INFO - Setting next_dagrun for example_branch_operator to 2026-04-30 00:00:00+00:00, run_after=2026-05-01 00:00:00+00:00
[2026-05-01T00:17:56.304+0000] {processor.py:183} INFO - Processing /home/airflow/.local/lib/python3.12/site-packages/airflow/example_dags/example_branch_operator.py took 0.053 seconds
[2026-05-01T00:18:26.972+0000] {processor.py:161} INFO - Started process (PID=57093) to work on /home/airflow/.local/lib/python3.12/site-packages/airflow/example_dags/example_branch_operator.py
[2026-05-01T00:18:26.973+0000] {processor.py:830} INFO - Processing file /home/airflow/.local/lib/python3.12/site-packages/airflow/example_dags/example_branch_operator.py for tasks to queue
[2026-05-01T00:18:26.977+0000] {logging_mixin.py:188} INFO - [2026-05-01T00:18:26.976+0000] {dagbag.py:545} INFO - Filling up the DagBag from /home/airflow/.local/lib/python3.12/site-packages/airflow/example_dags/example_branch_operator.py
[2026-05-01T00:18:26.988+0000] {processor.py:840} INFO - DAG(s) 'example_branch_operator' retrieved from /home/airflow/.local/lib/python3.12/site-packages/airflow/example_dags/example_branch_operator.py
[2026-05-01T00:18:27.007+0000] {logging_mixin.py:188} INFO - [2026-05-01T00:18:27.007+0000] {dag.py:3089} INFO - Sync 1 DAGs
[2026-05-01T00:18:27.019+0000] {logging_mixin.py:188} INFO - [2026-05-01T00:18:27.019+0000] {dag.py:3947} INFO - Setting next_dagrun for example_branch_operator to 2026-04-30 00:00:00+00:00, run_after=2026-05-01 00:00:00+00:00
[2026-05-01T00:18:27.027+0000] {processor.py:183} INFO - Processing /home/airflow/.local/lib/python3.12/site-packages/airflow/example_dags/example_branch_operator.py took 0.059 seconds
[2026-05-01T00:18:57.612+0000] {processor.py:161} INFO - Started process (PID=57153) to work on /home/airflow/.local/lib/python3.12/site-packages/airflow/example_dags/example_branch_operator.py
[2026-05-01T00:18:57.615+0000] {processor.py:830} INFO - Processing file /home/airflow/.local/lib/python3.12/site-packages/airflow/example_dags/example_branch_operator.py for tasks to queue
[2026-05-01T00:18:57.616+0000] {logging_mixin.py:188} INFO - [2026-05-01T00:18:57.615+0000] {dagbag.py:545} INFO - Filling up the DagBag from /home/airflow/.local/lib/python3.12/site-packages/airflow/example_dags/example_branch_operator.py
[2026-05-01T00:18:57.623+0000] {processor.py:840} INFO - DAG(s) 'example_branch_operator' retrieved from /home/airflow/.local/lib/python3.12/site-packages/airflow/example_dags/example_branch_operator.py
[2026-05-01T00:18:57.638+0000] {logging_mixin.py:188} INFO - [2026-05-01T00:18:57.638+0000] {dag.py:3089} INFO - Sync 1 DAGs
[2026-05-01T00:18:57.646+0000] {logging_mixin.py:188} INFO - [2026-05-01T00:18:57.646+0000] {dag.py:3947} INFO - Setting next_dagrun for example_branch_operator to 2026-04-30 00:00:00+00:00, run_after=2026-05-01 00:00:00+00:00
[2026-05-01T00:18:57.651+0000] {processor.py:183} INFO - Processing /home/airflow/.local/lib/python3.12/site-packages/airflow/example_dags/example_branch_operator.py took 0.041 seconds
[2026-05-01T00:19:28.440+0000] {processor.py:161} INFO - Started process (PID=57213) to work on /home/airflow/.local/lib/python3.12/site-packages/airflow/example_dags/example_branch_operator.py
[2026-05-01T00:19:28.441+0000] {processor.py:830} INFO - Processing file /home/airflow/.local/lib/python3.12/site-packages/airflow/example_dags/example_branch_operator.py for tasks to queue
[2026-05-01T00:19:28.444+0000] {logging_mixin.py:188} INFO - [2026-05-01T00:19:28.444+0000] {dagbag.py:545} INFO - Filling up the DagBag from /home/airflow/.local/lib/python3.12/site-packages/airflow/example_dags/example_branch_operator.py
[2026-05-01T00:19:28.454+0000] {processor.py:840} INFO - DAG(s) 'example_branch_operator' retrieved from /home/airflow/.local/lib/python3.12/site-packages/airflow/example_dags/example_branch_operator.py
[2026-05-01T00:19:28.479+0000] {logging_mixin.py:188} INFO - [2026-05-01T00:19:28.478+0000] {dag.py:3089} INFO - Sync 1 DAGs
[2026-05-01T00:19:28.503+0000] {logging_mixin.py:188} INFO - [2026-05-01T00:19:28.503+0000] {dag.py:3947} INFO - Setting next_dagrun for example_branch_operator to 2026-04-30 00:00:00+00:00, run_after=2026-05-01 00:00:00+00:00
[2026-05-01T00:19:28.526+0000] {processor.py:183} INFO - Processing /home/airflow/.local/lib/python3.12/site-packages/airflow/example_dags/example_branch_operator.py took 0.089 seconds
[2026-05-01T00:19:58.667+0000] {processor.py:161} INFO - Started process (PID=57273) to work on /home/airflow/.local/lib/python3.12/site-packages/airflow/example_dags/example_branch_operator.py
[2026-05-01T00:19:58.667+0000] {processor.py:830} INFO - Processing file /home/airflow/.local/lib/python3.12/site-packages/airflow/example_dags/example_branch_operator.py for tasks to queue
[2026-05-01T00:19:58.668+0000] {logging_mixin.py:188} INFO - [2026-05-01T00:19:58.668+0000] {dagbag.py:545} INFO - Filling up the DagBag from /home/airflow/.local/lib/python3.12/site-packages/airflow/example_dags/example_branch_operator.py
[2026-05-01T00:19:58.677+0000] {processor.py:840} INFO - DAG(s) 'example_branch_operator' retrieved from /home/airflow/.local/lib/python3.12/site-packages/airflow/example_dags/example_branch_operator.py
[2026-05-01T00:19:58.689+0000] {logging_mixin.py:188} INFO - [2026-05-01T00:19:58.688+0000] {dag.py:3089} INFO - Sync 1 DAGs
[2026-05-01T00:19:58.700+0000] {logging_mixin.py:188} INFO - [2026-05-01T00:19:58.699+0000] {dag.py:3947} INFO - Setting next_dagrun for example_branch_operator to 2026-04-30 00:00:00+00:00, run_after=2026-05-01 00:00:00+00:00
[2026-05-01T00:19:58.706+0000] {processor.py:183} INFO - Processing /home/airflow/.local/lib/python3.12/site-packages/airflow/example_dags/example_branch_operator.py took 0.042 seconds
[2026-05-01T00:20:29.547+0000] {processor.py:161} INFO - Started process (PID=57333) to work on /home/airflow/.local/lib/python3.12/site-packages/airflow/example_dags/example_branch_operator.py
[2026-05-01T00:20:29.547+0000] {processor.py:830} INFO - Processing file /home/airflow/.local/lib/python3.12/site-packages/airflow/example_dags/example_branch_operator.py for tasks to queue
[2026-05-01T00:20:29.548+0000] {logging_mixin.py:188} INFO - [2026-05-01T00:20:29.548+0000] {dagbag.py:545} INFO - Filling up the DagBag from /home/airflow/.local/lib/python3.12/site-packages/airflow/example_dags/example_branch_operator.py
[2026-05-01T00:20:29.554+0000] {processor.py:840} INFO - DAG(s) 'example_branch_operator' retrieved from /home/airflow/.local/lib/python3.12/site-packages/airflow/example_dags/example_branch_operator.py
[2026-05-01T00:20:29.563+0000] {logging_mixin.py:188} INFO - [2026-05-01T00:20:29.562+0000] {dag.py:3089} INFO - Sync 1 DAGs
[2026-05-01T00:20:29.569+0000] {logging_mixin.py:188} INFO - [2026-05-01T00:20:29.569+0000] {dag.py:3947} INFO - Setting next_dagrun for example_branch_operator to 2026-04-30 00:00:00+00:00, run_after=2026-05-01 00:00:00+00:00
[2026-05-01T00:20:29.575+0000] {processor.py:183} INFO - Processing /home/airflow/.local/lib/python3.12/site-packages/airflow/example_dags/example_branch_operator.py took 0.030 seconds
[2026-05-01T00:20:59.817+0000] {processor.py:161} INFO - Started process (PID=57393) to work on /home/airflow/.local/lib/python3.12/site-packages/airflow/example_dags/example_branch_operator.py
[2026-05-01T00:20:59.818+0000] {processor.py:830} INFO - Processing file /home/airflow/.local/lib/python3.12/site-packages/airflow/example_dags/example_branch_operator.py for tasks to queue
[2026-05-01T00:20:59.819+0000] {logging_mixin.py:188} INFO - [2026-05-01T00:20:59.819+0000] {dagbag.py:545} INFO - Filling up the DagBag from /home/airflow/.local/lib/python3.12/site-packages/airflow/example_dags/example_branch_operator.py
[2026-05-01T00:20:59.827+0000] {processor.py:840} INFO - DAG(s) 'example_branch_operator' retrieved from /home/airflow/.local/lib/python3.12/site-packages/airflow/example_dags/example_branch_operator.py
[2026-05-01T00:20:59.843+0000] {logging_mixin.py:188} INFO - [2026-05-01T00:20:59.843+0000] {dag.py:3089} INFO - Sync 1 DAGs
[2026-05-01T00:20:59.857+0000] {logging_mixin.py:188} INFO - [2026-05-01T00:20:59.857+0000] {dag.py:3947} INFO - Setting next_dagrun for example_branch_operator to 2026-04-30 00:00:00+00:00, run_after=2026-05-01 00:00:00+00:00
[2026-05-01T00:20:59.870+0000] {processor.py:183} INFO - Processing /home/airflow/.local/lib/python3.12/site-packages/airflow/example_dags/example_branch_operator.py took 0.055 seconds
[2026-05-01T00:21:30.073+0000] {processor.py:161} INFO - Started process (PID=57453) to work on /home/airflow/.local/lib/python3.12/site-packages/airflow/example_dags/example_branch_operator.py
[2026-05-01T00:21:30.075+0000] {processor.py:830} INFO - Processing file /home/airflow/.local/lib/python3.12/site-packages/airflow/example_dags/example_branch_operator.py for tasks to queue
[2026-05-01T00:21:30.075+0000] {logging_mixin.py:188} INFO - [2026-05-01T00:21:30.075+0000] {dagbag.py:545} INFO - Filling up the DagBag from /home/airflow/.local/lib/python3.12/site-packages/airflow/example_dags/example_branch_operator.py
[2026-05-01T00:21:30.082+0000] {processor.py:840} INFO - DAG(s) 'example_branch_operator' retrieved from /home/airflow/.local/lib/python3.12/site-packages/airflow/example_dags/example_branch_operator.py
[2026-05-01T00:21:30.099+0000] {logging_mixin.py:188} INFO - [2026-05-01T00:21:30.099+0000] {dag.py:3089} INFO - Sync 1 DAGs
[2026-05-01T00:21:30.108+0000] {logging_mixin.py:188} INFO - [2026-05-01T00:21:30.108+0000] {dag.py:3947} INFO - Setting next_dagrun for example_branch_operator to 2026-04-30 00:00:00+00:00, run_after=2026-05-01 00:00:00+00:00
[2026-05-01T00:21:30.119+0000] {processor.py:183} INFO - Processing /home/airflow/.local/lib/python3.12/site-packages/airflow/example_dags/example_branch_operator.py took 0.049 seconds
[2026-05-01T00:22:00.187+0000] {processor.py:161} INFO - Started process (PID=57513) to work on /home/airflow/.local/lib/python3.12/site-packages/airflow/example_dags/example_branch_operator.py
[2026-05-01T00:22:00.187+0000] {processor.py:830} INFO - Processing file /home/airflow/.local/lib/python3.12/site-packages/airflow/example_dags/example_branch_operator.py for tasks to queue
[2026-05-01T00:22:00.188+0000] {logging_mixin.py:188} INFO - [2026-05-01T00:22:00.188+0000] {dagbag.py:545} INFO - Filling up the DagBag from /home/airflow/.local/lib/python3.12/site-packages/airflow/example_dags/example_branch_operator.py
[2026-05-01T00:22:00.195+0000] {processor.py:840} INFO - DAG(s) 'example_branch_operator' retrieved from /home/airflow/.local/lib/python3.12/site-packages/airflow/example_dags/example_branch_operator.py
[2026-05-01T00:22:00.205+0000] {logging_mixin.py:188} INFO - [2026-05-01T00:22:00.205+0000] {dag.py:3089} INFO - Sync 1 DAGs
[2026-05-01T00:22:00.213+0000] {logging_mixin.py:188} INFO - [2026-05-01T00:22:00.213+0000] {dag.py:3947} INFO - Setting next_dagrun for example_branch_operator to 2026-04-30 00:00:00+00:00, run_after=2026-05-01 00:00:00+00:00
[2026-05-01T00:22:00.219+0000] {processor.py:183} INFO - Processing /home/airflow/.local/lib/python3.12/site-packages/airflow/example_dags/example_branch_operator.py took 0.035 seconds
[2026-05-01T00:22:31.028+0000] {processor.py:161} INFO - Started process (PID=57571) to work on /home/airflow/.local/lib/python3.12/site-packages/airflow/example_dags/example_branch_operator.py
[2026-05-01T00:22:31.028+0000] {processor.py:830} INFO - Processing file /home/airflow/.local/lib/python3.12/site-packages/airflow/example_dags/example_branch_operator.py for tasks to queue
[2026-05-01T00:22:31.029+0000] {logging_mixin.py:188} INFO - [2026-05-01T00:22:31.029+0000] {dagbag.py:545} INFO - Filling up the DagBag from /home/airflow/.local/lib/python3.12/site-packages/airflow/example_dags/example_branch_operator.py
[2026-05-01T00:22:31.035+0000] {processor.py:840} INFO - DAG(s) 'example_branch_operator' retrieved from /home/airflow/.local/lib/python3.12/site-packages/airflow/example_dags/example_branch_operator.py
[2026-05-01T00:22:31.045+0000] {logging_mixin.py:188} INFO - [2026-05-01T00:22:31.045+0000] {dag.py:3089} INFO - Sync 1 DAGs
[2026-05-01T00:22:31.053+0000] {logging_mixin.py:188} INFO - [2026-05-01T00:22:31.053+0000] {dag.py:3947} INFO - Setting next_dagrun for example_branch_operator to 2026-04-30 00:00:00+00:00, run_after=2026-05-01 00:00:00+00:00
[2026-05-01T00:22:31.059+0000] {processor.py:183} INFO - Processing /home/airflow/.local/lib/python3.12/site-packages/airflow/example_dags/example_branch_operator.py took 0.034 seconds
[2026-05-01T00:23:01.885+0000] {processor.py:161} INFO - Started process (PID=57631) to work on /home/airflow/.local/lib/python3.12/site-packages/airflow/example_dags/example_branch_operator.py
[2026-05-01T00:23:01.888+0000] {processor.py:830} INFO - Processing file /home/airflow/.local/lib/python3.12/site-packages/airflow/example_dags/example_branch_operator.py for tasks to queue
[2026-05-01T00:23:01.888+0000] {logging_mixin.py:188} INFO - [2026-05-01T00:23:01.888+0000] {dagbag.py:545} INFO - Filling up the DagBag from /home/airflow/.local/lib/python3.12/site-packages/airflow/example_dags/example_branch_operator.py
[2026-05-01T00:23:01.895+0000] {processor.py:840} INFO - DAG(s) 'example_branch_operator' retrieved from /home/airflow/.local/lib/python3.12/site-packages/airflow/example_dags/example_branch_operator.py
[2026-05-01T00:23:01.913+0000] {logging_mixin.py:188} INFO - [2026-05-01T00:23:01.913+0000] {dag.py:3089} INFO - Sync 1 DAGs
[2026-05-01T00:23:01.922+0000] {logging_mixin.py:188} INFO - [2026-05-01T00:23:01.921+0000] {dag.py:3947} INFO - Setting next_dagrun for example_branch_operator to 2026-04-30 00:00:00+00:00, run_after=2026-05-01 00:00:00+00:00
[2026-05-01T00:23:01.928+0000] {processor.py:183} INFO - Processing /home/airflow/.local/lib/python3.12/site-packages/airflow/example_dags/example_branch_operator.py took 0.045 seconds
