[2026-05-01T00:00:02.426+0000] {processor.py:161} INFO - Started process (PID=54917) to work on /home/airflow/.local/lib/python3.12/site-packages/airflow/example_dags/example_task_group.py
[2026-05-01T00:00:02.427+0000] {processor.py:830} INFO - Processing file /home/airflow/.local/lib/python3.12/site-packages/airflow/example_dags/example_task_group.py for tasks to queue
[2026-05-01T00:00:02.428+0000] {logging_mixin.py:188} INFO - [2026-05-01T00:00:02.428+0000] {dagbag.py:545} INFO - Filling up the DagBag from /home/airflow/.local/lib/python3.12/site-packages/airflow/example_dags/example_task_group.py
[2026-05-01T00:00:02.432+0000] {processor.py:840} INFO - DAG(s) 'example_task_group' retrieved from /home/airflow/.local/lib/python3.12/site-packages/airflow/example_dags/example_task_group.py
[2026-05-01T00:00:02.444+0000] {logging_mixin.py:188} INFO - [2026-05-01T00:00:02.443+0000] {dag.py:3089} INFO - Sync 1 DAGs
[2026-05-01T00:00:02.453+0000] {logging_mixin.py:188} INFO - [2026-05-01T00:00:02.453+0000] {dag.py:3947} INFO - Setting next_dagrun for example_task_group to 2026-04-30 00:00:00+00:00, run_after=2026-05-01 00:00:00+00:00
[2026-05-01T00:00:02.459+0000] {processor.py:183} INFO - Processing /home/airflow/.local/lib/python3.12/site-packages/airflow/example_dags/example_task_group.py took 0.036 seconds
[2026-05-01T00:00:33.232+0000] {processor.py:161} INFO - Started process (PID=54977) to work on /home/airflow/.local/lib/python3.12/site-packages/airflow/example_dags/example_task_group.py
[2026-05-01T00:00:33.232+0000] {processor.py:830} INFO - Processing file /home/airflow/.local/lib/python3.12/site-packages/airflow/example_dags/example_task_group.py for tasks to queue
[2026-05-01T00:00:33.233+0000] {logging_mixin.py:188} INFO - [2026-05-01T00:00:33.233+0000] {dagbag.py:545} INFO - Filling up the DagBag from /home/airflow/.local/lib/python3.12/site-packages/airflow/example_dags/example_task_group.py
[2026-05-01T00:00:33.236+0000] {processor.py:840} INFO - DAG(s) 'example_task_group' retrieved from /home/airflow/.local/lib/python3.12/site-packages/airflow/example_dags/example_task_group.py
[2026-05-01T00:00:33.244+0000] {logging_mixin.py:188} INFO - [2026-05-01T00:00:33.244+0000] {dag.py:3089} INFO - Sync 1 DAGs
[2026-05-01T00:00:33.254+0000] {logging_mixin.py:188} INFO - [2026-05-01T00:00:33.254+0000] {dag.py:3947} INFO - Setting next_dagrun for example_task_group to 2026-04-30 00:00:00+00:00, run_after=2026-05-01 00:00:00+00:00
[2026-05-01T00:00:33.266+0000] {processor.py:183} INFO - Processing /home/airflow/.local/lib/python3.12/site-packages/airflow/example_dags/example_task_group.py took 0.037 seconds
[2026-05-01T00:01:03.911+0000] {processor.py:161} INFO - Started process (PID=55037) to work on /home/airflow/.local/lib/python3.12/site-packages/airflow/example_dags/example_task_group.py
[2026-05-01T00:01:03.911+0000] {processor.py:830} INFO - Processing file /home/airflow/.local/lib/python3.12/site-packages/airflow/example_dags/example_task_group.py for tasks to queue
[2026-05-01T00:01:03.912+0000] {logging_mixin.py:188} INFO - [2026-05-01T00:01:03.912+0000] {dagbag.py:545} INFO - Filling up the DagBag from /home/airflow/.local/lib/python3.12/site-packages/airflow/example_dags/example_task_group.py
[2026-05-01T00:01:03.916+0000] {processor.py:840} INFO - DAG(s) 'example_task_group' retrieved from /home/airflow/.local/lib/python3.12/site-packages/airflow/example_dags/example_task_group.py
[2026-05-01T00:01:03.925+0000] {logging_mixin.py:188} INFO - [2026-05-01T00:01:03.925+0000] {dag.py:3089} INFO - Sync 1 DAGs
[2026-05-01T00:01:03.933+0000] {logging_mixin.py:188} INFO - [2026-05-01T00:01:03.933+0000] {dag.py:3947} INFO - Setting next_dagrun for example_task_group to 2026-04-30 00:00:00+00:00, run_after=2026-05-01 00:00:00+00:00
[2026-05-01T00:01:03.940+0000] {processor.py:183} INFO - Processing /home/airflow/.local/lib/python3.12/site-packages/airflow/example_dags/example_task_group.py took 0.032 seconds
[2026-05-01T00:01:34.675+0000] {processor.py:161} INFO - Started process (PID=55097) to work on /home/airflow/.local/lib/python3.12/site-packages/airflow/example_dags/example_task_group.py
[2026-05-01T00:01:34.676+0000] {processor.py:830} INFO - Processing file /home/airflow/.local/lib/python3.12/site-packages/airflow/example_dags/example_task_group.py for tasks to queue
[2026-05-01T00:01:34.677+0000] {logging_mixin.py:188} INFO - [2026-05-01T00:01:34.677+0000] {dagbag.py:545} INFO - Filling up the DagBag from /home/airflow/.local/lib/python3.12/site-packages/airflow/example_dags/example_task_group.py
[2026-05-01T00:01:34.680+0000] {processor.py:840} INFO - DAG(s) 'example_task_group' retrieved from /home/airflow/.local/lib/python3.12/site-packages/airflow/example_dags/example_task_group.py
[2026-05-01T00:01:34.690+0000] {logging_mixin.py:188} INFO - [2026-05-01T00:01:34.690+0000] {dag.py:3089} INFO - Sync 1 DAGs
[2026-05-01T00:01:34.698+0000] {logging_mixin.py:188} INFO - [2026-05-01T00:01:34.698+0000] {dag.py:3947} INFO - Setting next_dagrun for example_task_group to 2026-04-30 00:00:00+00:00, run_after=2026-05-01 00:00:00+00:00
[2026-05-01T00:01:34.704+0000] {processor.py:183} INFO - Processing /home/airflow/.local/lib/python3.12/site-packages/airflow/example_dags/example_task_group.py took 0.032 seconds
[2026-05-01T00:02:05.627+0000] {processor.py:161} INFO - Started process (PID=55163) to work on /home/airflow/.local/lib/python3.12/site-packages/airflow/example_dags/example_task_group.py
[2026-05-01T00:02:05.628+0000] {processor.py:830} INFO - Processing file /home/airflow/.local/lib/python3.12/site-packages/airflow/example_dags/example_task_group.py for tasks to queue
[2026-05-01T00:02:05.628+0000] {logging_mixin.py:188} INFO - [2026-05-01T00:02:05.628+0000] {dagbag.py:545} INFO - Filling up the DagBag from /home/airflow/.local/lib/python3.12/site-packages/airflow/example_dags/example_task_group.py
[2026-05-01T00:02:05.631+0000] {processor.py:840} INFO - DAG(s) 'example_task_group' retrieved from /home/airflow/.local/lib/python3.12/site-packages/airflow/example_dags/example_task_group.py
[2026-05-01T00:02:05.641+0000] {logging_mixin.py:188} INFO - [2026-05-01T00:02:05.641+0000] {dag.py:3089} INFO - Sync 1 DAGs
[2026-05-01T00:02:05.676+0000] {logging_mixin.py:188} INFO - [2026-05-01T00:02:05.676+0000] {dag.py:3947} INFO - Setting next_dagrun for example_task_group to 2026-04-30 00:00:00+00:00, run_after=2026-05-01 00:00:00+00:00
[2026-05-01T00:02:05.714+0000] {processor.py:183} INFO - Processing /home/airflow/.local/lib/python3.12/site-packages/airflow/example_dags/example_task_group.py took 0.090 seconds
[2026-05-01T00:02:35.781+0000] {processor.py:161} INFO - Started process (PID=55222) to work on /home/airflow/.local/lib/python3.12/site-packages/airflow/example_dags/example_task_group.py
[2026-05-01T00:02:35.783+0000] {processor.py:830} INFO - Processing file /home/airflow/.local/lib/python3.12/site-packages/airflow/example_dags/example_task_group.py for tasks to queue
[2026-05-01T00:02:35.784+0000] {logging_mixin.py:188} INFO - [2026-05-01T00:02:35.784+0000] {dagbag.py:545} INFO - Filling up the DagBag from /home/airflow/.local/lib/python3.12/site-packages/airflow/example_dags/example_task_group.py
[2026-05-01T00:02:35.790+0000] {processor.py:840} INFO - DAG(s) 'example_task_group' retrieved from /home/airflow/.local/lib/python3.12/site-packages/airflow/example_dags/example_task_group.py
[2026-05-01T00:02:35.804+0000] {logging_mixin.py:188} INFO - [2026-05-01T00:02:35.804+0000] {dag.py:3089} INFO - Sync 1 DAGs
[2026-05-01T00:02:35.814+0000] {logging_mixin.py:188} INFO - [2026-05-01T00:02:35.814+0000] {dag.py:3947} INFO - Setting next_dagrun for example_task_group to 2026-04-30 00:00:00+00:00, run_after=2026-05-01 00:00:00+00:00
[2026-05-01T00:02:35.828+0000] {processor.py:183} INFO - Processing /home/airflow/.local/lib/python3.12/site-packages/airflow/example_dags/example_task_group.py took 0.053 seconds
[2026-05-01T00:03:06.708+0000] {processor.py:161} INFO - Started process (PID=55283) to work on /home/airflow/.local/lib/python3.12/site-packages/airflow/example_dags/example_task_group.py
[2026-05-01T00:03:06.708+0000] {processor.py:830} INFO - Processing file /home/airflow/.local/lib/python3.12/site-packages/airflow/example_dags/example_task_group.py for tasks to queue
[2026-05-01T00:03:06.709+0000] {logging_mixin.py:188} INFO - [2026-05-01T00:03:06.709+0000] {dagbag.py:545} INFO - Filling up the DagBag from /home/airflow/.local/lib/python3.12/site-packages/airflow/example_dags/example_task_group.py
[2026-05-01T00:03:06.712+0000] {processor.py:840} INFO - DAG(s) 'example_task_group' retrieved from /home/airflow/.local/lib/python3.12/site-packages/airflow/example_dags/example_task_group.py
[2026-05-01T00:03:06.720+0000] {logging_mixin.py:188} INFO - [2026-05-01T00:03:06.720+0000] {dag.py:3089} INFO - Sync 1 DAGs
[2026-05-01T00:03:06.728+0000] {logging_mixin.py:188} INFO - [2026-05-01T00:03:06.728+0000] {dag.py:3947} INFO - Setting next_dagrun for example_task_group to 2026-04-30 00:00:00+00:00, run_after=2026-05-01 00:00:00+00:00
[2026-05-01T00:03:06.734+0000] {processor.py:183} INFO - Processing /home/airflow/.local/lib/python3.12/site-packages/airflow/example_dags/example_task_group.py took 0.029 seconds
[2026-05-01T00:03:37.394+0000] {processor.py:161} INFO - Started process (PID=55343) to work on /home/airflow/.local/lib/python3.12/site-packages/airflow/example_dags/example_task_group.py
[2026-05-01T00:03:37.395+0000] {processor.py:830} INFO - Processing file /home/airflow/.local/lib/python3.12/site-packages/airflow/example_dags/example_task_group.py for tasks to queue
[2026-05-01T00:03:37.396+0000] {logging_mixin.py:188} INFO - [2026-05-01T00:03:37.396+0000] {dagbag.py:545} INFO - Filling up the DagBag from /home/airflow/.local/lib/python3.12/site-packages/airflow/example_dags/example_task_group.py
[2026-05-01T00:03:37.399+0000] {processor.py:840} INFO - DAG(s) 'example_task_group' retrieved from /home/airflow/.local/lib/python3.12/site-packages/airflow/example_dags/example_task_group.py
[2026-05-01T00:03:37.407+0000] {logging_mixin.py:188} INFO - [2026-05-01T00:03:37.407+0000] {dag.py:3089} INFO - Sync 1 DAGs
[2026-05-01T00:03:37.414+0000] {logging_mixin.py:188} INFO - [2026-05-01T00:03:37.414+0000] {dag.py:3947} INFO - Setting next_dagrun for example_task_group to 2026-04-30 00:00:00+00:00, run_after=2026-05-01 00:00:00+00:00
[2026-05-01T00:03:37.420+0000] {processor.py:183} INFO - Processing /home/airflow/.local/lib/python3.12/site-packages/airflow/example_dags/example_task_group.py took 0.028 seconds
[2026-05-01T00:04:08.132+0000] {processor.py:161} INFO - Started process (PID=55403) to work on /home/airflow/.local/lib/python3.12/site-packages/airflow/example_dags/example_task_group.py
[2026-05-01T00:04:08.133+0000] {processor.py:830} INFO - Processing file /home/airflow/.local/lib/python3.12/site-packages/airflow/example_dags/example_task_group.py for tasks to queue
[2026-05-01T00:04:08.133+0000] {logging_mixin.py:188} INFO - [2026-05-01T00:04:08.133+0000] {dagbag.py:545} INFO - Filling up the DagBag from /home/airflow/.local/lib/python3.12/site-packages/airflow/example_dags/example_task_group.py
[2026-05-01T00:04:08.136+0000] {processor.py:840} INFO - DAG(s) 'example_task_group' retrieved from /home/airflow/.local/lib/python3.12/site-packages/airflow/example_dags/example_task_group.py
[2026-05-01T00:04:08.145+0000] {logging_mixin.py:188} INFO - [2026-05-01T00:04:08.145+0000] {dag.py:3089} INFO - Sync 1 DAGs
[2026-05-01T00:04:08.152+0000] {logging_mixin.py:188} INFO - [2026-05-01T00:04:08.152+0000] {dag.py:3947} INFO - Setting next_dagrun for example_task_group to 2026-04-30 00:00:00+00:00, run_after=2026-05-01 00:00:00+00:00
[2026-05-01T00:04:08.158+0000] {processor.py:183} INFO - Processing /home/airflow/.local/lib/python3.12/site-packages/airflow/example_dags/example_task_group.py took 0.029 seconds
[2026-05-01T00:04:38.859+0000] {processor.py:161} INFO - Started process (PID=55463) to work on /home/airflow/.local/lib/python3.12/site-packages/airflow/example_dags/example_task_group.py
[2026-05-01T00:04:38.859+0000] {processor.py:830} INFO - Processing file /home/airflow/.local/lib/python3.12/site-packages/airflow/example_dags/example_task_group.py for tasks to queue
[2026-05-01T00:04:38.860+0000] {logging_mixin.py:188} INFO - [2026-05-01T00:04:38.860+0000] {dagbag.py:545} INFO - Filling up the DagBag from /home/airflow/.local/lib/python3.12/site-packages/airflow/example_dags/example_task_group.py
[2026-05-01T00:04:38.863+0000] {processor.py:840} INFO - DAG(s) 'example_task_group' retrieved from /home/airflow/.local/lib/python3.12/site-packages/airflow/example_dags/example_task_group.py
[2026-05-01T00:04:38.871+0000] {logging_mixin.py:188} INFO - [2026-05-01T00:04:38.871+0000] {dag.py:3089} INFO - Sync 1 DAGs
[2026-05-01T00:04:38.879+0000] {logging_mixin.py:188} INFO - [2026-05-01T00:04:38.879+0000] {dag.py:3947} INFO - Setting next_dagrun for example_task_group to 2026-04-30 00:00:00+00:00, run_after=2026-05-01 00:00:00+00:00
[2026-05-01T00:04:38.885+0000] {processor.py:183} INFO - Processing /home/airflow/.local/lib/python3.12/site-packages/airflow/example_dags/example_task_group.py took 0.029 seconds
[2026-05-01T00:05:09.626+0000] {processor.py:161} INFO - Started process (PID=55524) to work on /home/airflow/.local/lib/python3.12/site-packages/airflow/example_dags/example_task_group.py
[2026-05-01T00:05:09.626+0000] {processor.py:830} INFO - Processing file /home/airflow/.local/lib/python3.12/site-packages/airflow/example_dags/example_task_group.py for tasks to queue
[2026-05-01T00:05:09.627+0000] {logging_mixin.py:188} INFO - [2026-05-01T00:05:09.627+0000] {dagbag.py:545} INFO - Filling up the DagBag from /home/airflow/.local/lib/python3.12/site-packages/airflow/example_dags/example_task_group.py
[2026-05-01T00:05:09.630+0000] {processor.py:840} INFO - DAG(s) 'example_task_group' retrieved from /home/airflow/.local/lib/python3.12/site-packages/airflow/example_dags/example_task_group.py
[2026-05-01T00:05:09.638+0000] {logging_mixin.py:188} INFO - [2026-05-01T00:05:09.638+0000] {dag.py:3089} INFO - Sync 1 DAGs
[2026-05-01T00:05:09.646+0000] {logging_mixin.py:188} INFO - [2026-05-01T00:05:09.646+0000] {dag.py:3947} INFO - Setting next_dagrun for example_task_group to 2026-04-30 00:00:00+00:00, run_after=2026-05-01 00:00:00+00:00
[2026-05-01T00:05:09.652+0000] {processor.py:183} INFO - Processing /home/airflow/.local/lib/python3.12/site-packages/airflow/example_dags/example_task_group.py took 0.028 seconds
[2026-05-01T00:05:40.408+0000] {processor.py:161} INFO - Started process (PID=55584) to work on /home/airflow/.local/lib/python3.12/site-packages/airflow/example_dags/example_task_group.py
[2026-05-01T00:05:40.408+0000] {processor.py:830} INFO - Processing file /home/airflow/.local/lib/python3.12/site-packages/airflow/example_dags/example_task_group.py for tasks to queue
[2026-05-01T00:05:40.409+0000] {logging_mixin.py:188} INFO - [2026-05-01T00:05:40.409+0000] {dagbag.py:545} INFO - Filling up the DagBag from /home/airflow/.local/lib/python3.12/site-packages/airflow/example_dags/example_task_group.py
[2026-05-01T00:05:40.412+0000] {processor.py:840} INFO - DAG(s) 'example_task_group' retrieved from /home/airflow/.local/lib/python3.12/site-packages/airflow/example_dags/example_task_group.py
[2026-05-01T00:05:40.420+0000] {logging_mixin.py:188} INFO - [2026-05-01T00:05:40.419+0000] {dag.py:3089} INFO - Sync 1 DAGs
[2026-05-01T00:05:40.427+0000] {logging_mixin.py:188} INFO - [2026-05-01T00:05:40.427+0000] {dag.py:3947} INFO - Setting next_dagrun for example_task_group to 2026-04-30 00:00:00+00:00, run_after=2026-05-01 00:00:00+00:00
[2026-05-01T00:05:40.433+0000] {processor.py:183} INFO - Processing /home/airflow/.local/lib/python3.12/site-packages/airflow/example_dags/example_task_group.py took 0.028 seconds
[2026-05-01T00:06:11.172+0000] {processor.py:161} INFO - Started process (PID=55644) to work on /home/airflow/.local/lib/python3.12/site-packages/airflow/example_dags/example_task_group.py
[2026-05-01T00:06:11.173+0000] {processor.py:830} INFO - Processing file /home/airflow/.local/lib/python3.12/site-packages/airflow/example_dags/example_task_group.py for tasks to queue
[2026-05-01T00:06:11.174+0000] {logging_mixin.py:188} INFO - [2026-05-01T00:06:11.173+0000] {dagbag.py:545} INFO - Filling up the DagBag from /home/airflow/.local/lib/python3.12/site-packages/airflow/example_dags/example_task_group.py
[2026-05-01T00:06:11.176+0000] {processor.py:840} INFO - DAG(s) 'example_task_group' retrieved from /home/airflow/.local/lib/python3.12/site-packages/airflow/example_dags/example_task_group.py
[2026-05-01T00:06:11.185+0000] {logging_mixin.py:188} INFO - [2026-05-01T00:06:11.184+0000] {dag.py:3089} INFO - Sync 1 DAGs
[2026-05-01T00:06:11.192+0000] {logging_mixin.py:188} INFO - [2026-05-01T00:06:11.192+0000] {dag.py:3947} INFO - Setting next_dagrun for example_task_group to 2026-04-30 00:00:00+00:00, run_after=2026-05-01 00:00:00+00:00
[2026-05-01T00:06:11.198+0000] {processor.py:183} INFO - Processing /home/airflow/.local/lib/python3.12/site-packages/airflow/example_dags/example_task_group.py took 0.029 seconds
[2026-05-01T00:06:41.927+0000] {processor.py:161} INFO - Started process (PID=55704) to work on /home/airflow/.local/lib/python3.12/site-packages/airflow/example_dags/example_task_group.py
[2026-05-01T00:06:41.928+0000] {processor.py:830} INFO - Processing file /home/airflow/.local/lib/python3.12/site-packages/airflow/example_dags/example_task_group.py for tasks to queue
[2026-05-01T00:06:41.928+0000] {logging_mixin.py:188} INFO - [2026-05-01T00:06:41.928+0000] {dagbag.py:545} INFO - Filling up the DagBag from /home/airflow/.local/lib/python3.12/site-packages/airflow/example_dags/example_task_group.py
[2026-05-01T00:06:41.931+0000] {processor.py:840} INFO - DAG(s) 'example_task_group' retrieved from /home/airflow/.local/lib/python3.12/site-packages/airflow/example_dags/example_task_group.py
[2026-05-01T00:06:41.940+0000] {logging_mixin.py:188} INFO - [2026-05-01T00:06:41.940+0000] {dag.py:3089} INFO - Sync 1 DAGs
[2026-05-01T00:06:41.948+0000] {logging_mixin.py:188} INFO - [2026-05-01T00:06:41.947+0000] {dag.py:3947} INFO - Setting next_dagrun for example_task_group to 2026-04-30 00:00:00+00:00, run_after=2026-05-01 00:00:00+00:00
[2026-05-01T00:06:41.953+0000] {processor.py:183} INFO - Processing /home/airflow/.local/lib/python3.12/site-packages/airflow/example_dags/example_task_group.py took 0.029 seconds
[2026-05-01T00:07:12.835+0000] {processor.py:161} INFO - Started process (PID=55764) to work on /home/airflow/.local/lib/python3.12/site-packages/airflow/example_dags/example_task_group.py
[2026-05-01T00:07:12.836+0000] {processor.py:830} INFO - Processing file /home/airflow/.local/lib/python3.12/site-packages/airflow/example_dags/example_task_group.py for tasks to queue
[2026-05-01T00:07:12.837+0000] {logging_mixin.py:188} INFO - [2026-05-01T00:07:12.837+0000] {dagbag.py:545} INFO - Filling up the DagBag from /home/airflow/.local/lib/python3.12/site-packages/airflow/example_dags/example_task_group.py
[2026-05-01T00:07:12.840+0000] {processor.py:840} INFO - DAG(s) 'example_task_group' retrieved from /home/airflow/.local/lib/python3.12/site-packages/airflow/example_dags/example_task_group.py
[2026-05-01T00:07:12.848+0000] {logging_mixin.py:188} INFO - [2026-05-01T00:07:12.848+0000] {dag.py:3089} INFO - Sync 1 DAGs
[2026-05-01T00:07:12.928+0000] {logging_mixin.py:188} INFO - [2026-05-01T00:07:12.928+0000] {dag.py:3947} INFO - Setting next_dagrun for example_task_group to 2026-04-30 00:00:00+00:00, run_after=2026-05-01 00:00:00+00:00
[2026-05-01T00:07:12.938+0000] {processor.py:183} INFO - Processing /home/airflow/.local/lib/python3.12/site-packages/airflow/example_dags/example_task_group.py took 0.105 seconds
[2026-05-01T00:07:43.180+0000] {processor.py:161} INFO - Started process (PID=55824) to work on /home/airflow/.local/lib/python3.12/site-packages/airflow/example_dags/example_task_group.py
[2026-05-01T00:07:43.181+0000] {processor.py:830} INFO - Processing file /home/airflow/.local/lib/python3.12/site-packages/airflow/example_dags/example_task_group.py for tasks to queue
[2026-05-01T00:07:43.182+0000] {logging_mixin.py:188} INFO - [2026-05-01T00:07:43.182+0000] {dagbag.py:545} INFO - Filling up the DagBag from /home/airflow/.local/lib/python3.12/site-packages/airflow/example_dags/example_task_group.py
[2026-05-01T00:07:43.186+0000] {processor.py:840} INFO - DAG(s) 'example_task_group' retrieved from /home/airflow/.local/lib/python3.12/site-packages/airflow/example_dags/example_task_group.py
[2026-05-01T00:07:43.196+0000] {logging_mixin.py:188} INFO - [2026-05-01T00:07:43.196+0000] {dag.py:3089} INFO - Sync 1 DAGs
[2026-05-01T00:07:43.278+0000] {logging_mixin.py:188} INFO - [2026-05-01T00:07:43.278+0000] {dag.py:3947} INFO - Setting next_dagrun for example_task_group to 2026-04-30 00:00:00+00:00, run_after=2026-05-01 00:00:00+00:00
[2026-05-01T00:07:43.289+0000] {processor.py:183} INFO - Processing /home/airflow/.local/lib/python3.12/site-packages/airflow/example_dags/example_task_group.py took 0.112 seconds
[2026-05-01T00:08:13.648+0000] {processor.py:161} INFO - Started process (PID=55884) to work on /home/airflow/.local/lib/python3.12/site-packages/airflow/example_dags/example_task_group.py
[2026-05-01T00:08:13.648+0000] {processor.py:830} INFO - Processing file /home/airflow/.local/lib/python3.12/site-packages/airflow/example_dags/example_task_group.py for tasks to queue
[2026-05-01T00:08:13.649+0000] {logging_mixin.py:188} INFO - [2026-05-01T00:08:13.649+0000] {dagbag.py:545} INFO - Filling up the DagBag from /home/airflow/.local/lib/python3.12/site-packages/airflow/example_dags/example_task_group.py
[2026-05-01T00:08:13.652+0000] {processor.py:840} INFO - DAG(s) 'example_task_group' retrieved from /home/airflow/.local/lib/python3.12/site-packages/airflow/example_dags/example_task_group.py
[2026-05-01T00:08:13.662+0000] {logging_mixin.py:188} INFO - [2026-05-01T00:08:13.661+0000] {dag.py:3089} INFO - Sync 1 DAGs
[2026-05-01T00:08:13.670+0000] {logging_mixin.py:188} INFO - [2026-05-01T00:08:13.670+0000] {dag.py:3947} INFO - Setting next_dagrun for example_task_group to 2026-04-30 00:00:00+00:00, run_after=2026-05-01 00:00:00+00:00
[2026-05-01T00:08:13.749+0000] {processor.py:183} INFO - Processing /home/airflow/.local/lib/python3.12/site-packages/airflow/example_dags/example_task_group.py took 0.104 seconds
[2026-05-01T00:08:44.353+0000] {processor.py:161} INFO - Started process (PID=55945) to work on /home/airflow/.local/lib/python3.12/site-packages/airflow/example_dags/example_task_group.py
[2026-05-01T00:08:44.353+0000] {processor.py:830} INFO - Processing file /home/airflow/.local/lib/python3.12/site-packages/airflow/example_dags/example_task_group.py for tasks to queue
[2026-05-01T00:08:44.354+0000] {logging_mixin.py:188} INFO - [2026-05-01T00:08:44.354+0000] {dagbag.py:545} INFO - Filling up the DagBag from /home/airflow/.local/lib/python3.12/site-packages/airflow/example_dags/example_task_group.py
[2026-05-01T00:08:44.357+0000] {processor.py:840} INFO - DAG(s) 'example_task_group' retrieved from /home/airflow/.local/lib/python3.12/site-packages/airflow/example_dags/example_task_group.py
[2026-05-01T00:08:44.365+0000] {logging_mixin.py:188} INFO - [2026-05-01T00:08:44.365+0000] {dag.py:3089} INFO - Sync 1 DAGs
[2026-05-01T00:08:44.374+0000] {logging_mixin.py:188} INFO - [2026-05-01T00:08:44.374+0000] {dag.py:3947} INFO - Setting next_dagrun for example_task_group to 2026-04-30 00:00:00+00:00, run_after=2026-05-01 00:00:00+00:00
[2026-05-01T00:08:44.455+0000] {processor.py:183} INFO - Processing /home/airflow/.local/lib/python3.12/site-packages/airflow/example_dags/example_task_group.py took 0.105 seconds
[2026-05-01T00:09:14.473+0000] {processor.py:161} INFO - Started process (PID=56005) to work on /home/airflow/.local/lib/python3.12/site-packages/airflow/example_dags/example_task_group.py
[2026-05-01T00:09:14.474+0000] {processor.py:830} INFO - Processing file /home/airflow/.local/lib/python3.12/site-packages/airflow/example_dags/example_task_group.py for tasks to queue
[2026-05-01T00:09:14.474+0000] {logging_mixin.py:188} INFO - [2026-05-01T00:09:14.474+0000] {dagbag.py:545} INFO - Filling up the DagBag from /home/airflow/.local/lib/python3.12/site-packages/airflow/example_dags/example_task_group.py
[2026-05-01T00:09:14.476+0000] {processor.py:840} INFO - DAG(s) 'example_task_group' retrieved from /home/airflow/.local/lib/python3.12/site-packages/airflow/example_dags/example_task_group.py
[2026-05-01T00:09:14.484+0000] {logging_mixin.py:188} INFO - [2026-05-01T00:09:14.484+0000] {dag.py:3089} INFO - Sync 1 DAGs
[2026-05-01T00:09:14.491+0000] {logging_mixin.py:188} INFO - [2026-05-01T00:09:14.490+0000] {dag.py:3947} INFO - Setting next_dagrun for example_task_group to 2026-04-30 00:00:00+00:00, run_after=2026-05-01 00:00:00+00:00
[2026-05-01T00:09:14.496+0000] {processor.py:183} INFO - Processing /home/airflow/.local/lib/python3.12/site-packages/airflow/example_dags/example_task_group.py took 0.025 seconds
[2026-05-01T00:09:45.242+0000] {processor.py:161} INFO - Started process (PID=56065) to work on /home/airflow/.local/lib/python3.12/site-packages/airflow/example_dags/example_task_group.py
[2026-05-01T00:09:45.244+0000] {processor.py:830} INFO - Processing file /home/airflow/.local/lib/python3.12/site-packages/airflow/example_dags/example_task_group.py for tasks to queue
[2026-05-01T00:09:45.245+0000] {logging_mixin.py:188} INFO - [2026-05-01T00:09:45.244+0000] {dagbag.py:545} INFO - Filling up the DagBag from /home/airflow/.local/lib/python3.12/site-packages/airflow/example_dags/example_task_group.py
[2026-05-01T00:09:45.248+0000] {processor.py:840} INFO - DAG(s) 'example_task_group' retrieved from /home/airflow/.local/lib/python3.12/site-packages/airflow/example_dags/example_task_group.py
[2026-05-01T00:09:45.257+0000] {logging_mixin.py:188} INFO - [2026-05-01T00:09:45.257+0000] {dag.py:3089} INFO - Sync 1 DAGs
[2026-05-01T00:09:45.265+0000] {logging_mixin.py:188} INFO - [2026-05-01T00:09:45.265+0000] {dag.py:3947} INFO - Setting next_dagrun for example_task_group to 2026-04-30 00:00:00+00:00, run_after=2026-05-01 00:00:00+00:00
[2026-05-01T00:09:45.271+0000] {processor.py:183} INFO - Processing /home/airflow/.local/lib/python3.12/site-packages/airflow/example_dags/example_task_group.py took 0.032 seconds
[2026-05-01T00:10:15.926+0000] {processor.py:161} INFO - Started process (PID=56125) to work on /home/airflow/.local/lib/python3.12/site-packages/airflow/example_dags/example_task_group.py
[2026-05-01T00:10:15.927+0000] {processor.py:830} INFO - Processing file /home/airflow/.local/lib/python3.12/site-packages/airflow/example_dags/example_task_group.py for tasks to queue
[2026-05-01T00:10:15.928+0000] {logging_mixin.py:188} INFO - [2026-05-01T00:10:15.928+0000] {dagbag.py:545} INFO - Filling up the DagBag from /home/airflow/.local/lib/python3.12/site-packages/airflow/example_dags/example_task_group.py
[2026-05-01T00:10:15.930+0000] {processor.py:840} INFO - DAG(s) 'example_task_group' retrieved from /home/airflow/.local/lib/python3.12/site-packages/airflow/example_dags/example_task_group.py
[2026-05-01T00:10:15.940+0000] {logging_mixin.py:188} INFO - [2026-05-01T00:10:15.940+0000] {dag.py:3089} INFO - Sync 1 DAGs
[2026-05-01T00:10:15.949+0000] {logging_mixin.py:188} INFO - [2026-05-01T00:10:15.949+0000] {dag.py:3947} INFO - Setting next_dagrun for example_task_group to 2026-04-30 00:00:00+00:00, run_after=2026-05-01 00:00:00+00:00
[2026-05-01T00:10:15.956+0000] {processor.py:183} INFO - Processing /home/airflow/.local/lib/python3.12/site-packages/airflow/example_dags/example_task_group.py took 0.033 seconds
[2026-05-01T00:10:46.757+0000] {processor.py:161} INFO - Started process (PID=56185) to work on /home/airflow/.local/lib/python3.12/site-packages/airflow/example_dags/example_task_group.py
[2026-05-01T00:10:46.758+0000] {processor.py:830} INFO - Processing file /home/airflow/.local/lib/python3.12/site-packages/airflow/example_dags/example_task_group.py for tasks to queue
[2026-05-01T00:10:46.759+0000] {logging_mixin.py:188} INFO - [2026-05-01T00:10:46.759+0000] {dagbag.py:545} INFO - Filling up the DagBag from /home/airflow/.local/lib/python3.12/site-packages/airflow/example_dags/example_task_group.py
[2026-05-01T00:10:46.762+0000] {processor.py:840} INFO - DAG(s) 'example_task_group' retrieved from /home/airflow/.local/lib/python3.12/site-packages/airflow/example_dags/example_task_group.py
[2026-05-01T00:10:46.773+0000] {logging_mixin.py:188} INFO - [2026-05-01T00:10:46.773+0000] {dag.py:3089} INFO - Sync 1 DAGs
[2026-05-01T00:10:46.781+0000] {logging_mixin.py:188} INFO - [2026-05-01T00:10:46.781+0000] {dag.py:3947} INFO - Setting next_dagrun for example_task_group to 2026-04-30 00:00:00+00:00, run_after=2026-05-01 00:00:00+00:00
[2026-05-01T00:10:46.788+0000] {processor.py:183} INFO - Processing /home/airflow/.local/lib/python3.12/site-packages/airflow/example_dags/example_task_group.py took 0.034 seconds
[2026-05-01T00:11:17.828+0000] {processor.py:161} INFO - Started process (PID=56245) to work on /home/airflow/.local/lib/python3.12/site-packages/airflow/example_dags/example_task_group.py
[2026-05-01T00:11:17.830+0000] {processor.py:830} INFO - Processing file /home/airflow/.local/lib/python3.12/site-packages/airflow/example_dags/example_task_group.py for tasks to queue
[2026-05-01T00:11:17.830+0000] {logging_mixin.py:188} INFO - [2026-05-01T00:11:17.830+0000] {dagbag.py:545} INFO - Filling up the DagBag from /home/airflow/.local/lib/python3.12/site-packages/airflow/example_dags/example_task_group.py
[2026-05-01T00:11:17.833+0000] {processor.py:840} INFO - DAG(s) 'example_task_group' retrieved from /home/airflow/.local/lib/python3.12/site-packages/airflow/example_dags/example_task_group.py
[2026-05-01T00:11:17.843+0000] {logging_mixin.py:188} INFO - [2026-05-01T00:11:17.843+0000] {dag.py:3089} INFO - Sync 1 DAGs
[2026-05-01T00:11:17.853+0000] {logging_mixin.py:188} INFO - [2026-05-01T00:11:17.852+0000] {dag.py:3947} INFO - Setting next_dagrun for example_task_group to 2026-04-30 00:00:00+00:00, run_after=2026-05-01 00:00:00+00:00
[2026-05-01T00:11:17.861+0000] {processor.py:183} INFO - Processing /home/airflow/.local/lib/python3.12/site-packages/airflow/example_dags/example_task_group.py took 0.035 seconds
[2026-05-01T00:11:48.503+0000] {processor.py:161} INFO - Started process (PID=56305) to work on /home/airflow/.local/lib/python3.12/site-packages/airflow/example_dags/example_task_group.py
[2026-05-01T00:11:48.504+0000] {processor.py:830} INFO - Processing file /home/airflow/.local/lib/python3.12/site-packages/airflow/example_dags/example_task_group.py for tasks to queue
[2026-05-01T00:11:48.505+0000] {logging_mixin.py:188} INFO - [2026-05-01T00:11:48.505+0000] {dagbag.py:545} INFO - Filling up the DagBag from /home/airflow/.local/lib/python3.12/site-packages/airflow/example_dags/example_task_group.py
[2026-05-01T00:11:48.508+0000] {processor.py:840} INFO - DAG(s) 'example_task_group' retrieved from /home/airflow/.local/lib/python3.12/site-packages/airflow/example_dags/example_task_group.py
[2026-05-01T00:11:48.516+0000] {logging_mixin.py:188} INFO - [2026-05-01T00:11:48.516+0000] {dag.py:3089} INFO - Sync 1 DAGs
[2026-05-01T00:11:48.524+0000] {logging_mixin.py:188} INFO - [2026-05-01T00:11:48.524+0000] {dag.py:3947} INFO - Setting next_dagrun for example_task_group to 2026-04-30 00:00:00+00:00, run_after=2026-05-01 00:00:00+00:00
[2026-05-01T00:11:48.534+0000] {processor.py:183} INFO - Processing /home/airflow/.local/lib/python3.12/site-packages/airflow/example_dags/example_task_group.py took 0.033 seconds
[2026-05-01T00:12:19.205+0000] {processor.py:161} INFO - Started process (PID=56365) to work on /home/airflow/.local/lib/python3.12/site-packages/airflow/example_dags/example_task_group.py
[2026-05-01T00:12:19.207+0000] {processor.py:830} INFO - Processing file /home/airflow/.local/lib/python3.12/site-packages/airflow/example_dags/example_task_group.py for tasks to queue
[2026-05-01T00:12:19.208+0000] {logging_mixin.py:188} INFO - [2026-05-01T00:12:19.208+0000] {dagbag.py:545} INFO - Filling up the DagBag from /home/airflow/.local/lib/python3.12/site-packages/airflow/example_dags/example_task_group.py
[2026-05-01T00:12:19.212+0000] {processor.py:840} INFO - DAG(s) 'example_task_group' retrieved from /home/airflow/.local/lib/python3.12/site-packages/airflow/example_dags/example_task_group.py
[2026-05-01T00:12:19.220+0000] {logging_mixin.py:188} INFO - [2026-05-01T00:12:19.220+0000] {dag.py:3089} INFO - Sync 1 DAGs
[2026-05-01T00:12:19.228+0000] {logging_mixin.py:188} INFO - [2026-05-01T00:12:19.228+0000] {dag.py:3947} INFO - Setting next_dagrun for example_task_group to 2026-04-30 00:00:00+00:00, run_after=2026-05-01 00:00:00+00:00
[2026-05-01T00:12:19.234+0000] {processor.py:183} INFO - Processing /home/airflow/.local/lib/python3.12/site-packages/airflow/example_dags/example_task_group.py took 0.032 seconds
[2026-05-01T00:12:49.846+0000] {processor.py:161} INFO - Started process (PID=56425) to work on /home/airflow/.local/lib/python3.12/site-packages/airflow/example_dags/example_task_group.py
[2026-05-01T00:12:49.846+0000] {processor.py:830} INFO - Processing file /home/airflow/.local/lib/python3.12/site-packages/airflow/example_dags/example_task_group.py for tasks to queue
[2026-05-01T00:12:49.853+0000] {logging_mixin.py:188} INFO - [2026-05-01T00:12:49.853+0000] {dagbag.py:545} INFO - Filling up the DagBag from /home/airflow/.local/lib/python3.12/site-packages/airflow/example_dags/example_task_group.py
[2026-05-01T00:12:49.856+0000] {processor.py:840} INFO - DAG(s) 'example_task_group' retrieved from /home/airflow/.local/lib/python3.12/site-packages/airflow/example_dags/example_task_group.py
[2026-05-01T00:12:49.867+0000] {logging_mixin.py:188} INFO - [2026-05-01T00:12:49.867+0000] {dag.py:3089} INFO - Sync 1 DAGs
[2026-05-01T00:12:49.877+0000] {logging_mixin.py:188} INFO - [2026-05-01T00:12:49.877+0000] {dag.py:3947} INFO - Setting next_dagrun for example_task_group to 2026-04-30 00:00:00+00:00, run_after=2026-05-01 00:00:00+00:00
[2026-05-01T00:12:49.887+0000] {processor.py:183} INFO - Processing /home/airflow/.local/lib/python3.12/site-packages/airflow/example_dags/example_task_group.py took 0.044 seconds
[2026-05-01T00:13:20.675+0000] {processor.py:161} INFO - Started process (PID=56485) to work on /home/airflow/.local/lib/python3.12/site-packages/airflow/example_dags/example_task_group.py
[2026-05-01T00:13:20.675+0000] {processor.py:830} INFO - Processing file /home/airflow/.local/lib/python3.12/site-packages/airflow/example_dags/example_task_group.py for tasks to queue
[2026-05-01T00:13:20.676+0000] {logging_mixin.py:188} INFO - [2026-05-01T00:13:20.676+0000] {dagbag.py:545} INFO - Filling up the DagBag from /home/airflow/.local/lib/python3.12/site-packages/airflow/example_dags/example_task_group.py
[2026-05-01T00:13:20.679+0000] {processor.py:840} INFO - DAG(s) 'example_task_group' retrieved from /home/airflow/.local/lib/python3.12/site-packages/airflow/example_dags/example_task_group.py
[2026-05-01T00:13:20.688+0000] {logging_mixin.py:188} INFO - [2026-05-01T00:13:20.688+0000] {dag.py:3089} INFO - Sync 1 DAGs
[2026-05-01T00:13:20.699+0000] {logging_mixin.py:188} INFO - [2026-05-01T00:13:20.698+0000] {dag.py:3947} INFO - Setting next_dagrun for example_task_group to 2026-04-30 00:00:00+00:00, run_after=2026-05-01 00:00:00+00:00
[2026-05-01T00:13:20.713+0000] {processor.py:183} INFO - Processing /home/airflow/.local/lib/python3.12/site-packages/airflow/example_dags/example_task_group.py took 0.041 seconds
[2026-05-01T00:13:51.092+0000] {processor.py:161} INFO - Started process (PID=56545) to work on /home/airflow/.local/lib/python3.12/site-packages/airflow/example_dags/example_task_group.py
[2026-05-01T00:13:51.093+0000] {processor.py:830} INFO - Processing file /home/airflow/.local/lib/python3.12/site-packages/airflow/example_dags/example_task_group.py for tasks to queue
[2026-05-01T00:13:51.096+0000] {logging_mixin.py:188} INFO - [2026-05-01T00:13:51.095+0000] {dagbag.py:545} INFO - Filling up the DagBag from /home/airflow/.local/lib/python3.12/site-packages/airflow/example_dags/example_task_group.py
[2026-05-01T00:13:51.099+0000] {processor.py:840} INFO - DAG(s) 'example_task_group' retrieved from /home/airflow/.local/lib/python3.12/site-packages/airflow/example_dags/example_task_group.py
[2026-05-01T00:13:51.111+0000] {logging_mixin.py:188} INFO - [2026-05-01T00:13:51.111+0000] {dag.py:3089} INFO - Sync 1 DAGs
[2026-05-01T00:13:51.119+0000] {logging_mixin.py:188} INFO - [2026-05-01T00:13:51.119+0000] {dag.py:3947} INFO - Setting next_dagrun for example_task_group to 2026-04-30 00:00:00+00:00, run_after=2026-05-01 00:00:00+00:00
[2026-05-01T00:13:51.129+0000] {processor.py:183} INFO - Processing /home/airflow/.local/lib/python3.12/site-packages/airflow/example_dags/example_task_group.py took 0.039 seconds
[2026-05-01T00:14:21.757+0000] {processor.py:161} INFO - Started process (PID=56605) to work on /home/airflow/.local/lib/python3.12/site-packages/airflow/example_dags/example_task_group.py
[2026-05-01T00:14:21.759+0000] {processor.py:830} INFO - Processing file /home/airflow/.local/lib/python3.12/site-packages/airflow/example_dags/example_task_group.py for tasks to queue
[2026-05-01T00:14:21.760+0000] {logging_mixin.py:188} INFO - [2026-05-01T00:14:21.760+0000] {dagbag.py:545} INFO - Filling up the DagBag from /home/airflow/.local/lib/python3.12/site-packages/airflow/example_dags/example_task_group.py
[2026-05-01T00:14:21.762+0000] {processor.py:840} INFO - DAG(s) 'example_task_group' retrieved from /home/airflow/.local/lib/python3.12/site-packages/airflow/example_dags/example_task_group.py
[2026-05-01T00:14:21.770+0000] {logging_mixin.py:188} INFO - [2026-05-01T00:14:21.770+0000] {dag.py:3089} INFO - Sync 1 DAGs
[2026-05-01T00:14:21.778+0000] {logging_mixin.py:188} INFO - [2026-05-01T00:14:21.778+0000] {dag.py:3947} INFO - Setting next_dagrun for example_task_group to 2026-04-30 00:00:00+00:00, run_after=2026-05-01 00:00:00+00:00
[2026-05-01T00:14:21.784+0000] {processor.py:183} INFO - Processing /home/airflow/.local/lib/python3.12/site-packages/airflow/example_dags/example_task_group.py took 0.029 seconds
[2026-05-01T00:14:52.339+0000] {processor.py:161} INFO - Started process (PID=56665) to work on /home/airflow/.local/lib/python3.12/site-packages/airflow/example_dags/example_task_group.py
[2026-05-01T00:14:52.340+0000] {processor.py:830} INFO - Processing file /home/airflow/.local/lib/python3.12/site-packages/airflow/example_dags/example_task_group.py for tasks to queue
[2026-05-01T00:14:52.340+0000] {logging_mixin.py:188} INFO - [2026-05-01T00:14:52.340+0000] {dagbag.py:545} INFO - Filling up the DagBag from /home/airflow/.local/lib/python3.12/site-packages/airflow/example_dags/example_task_group.py
[2026-05-01T00:14:52.343+0000] {processor.py:840} INFO - DAG(s) 'example_task_group' retrieved from /home/airflow/.local/lib/python3.12/site-packages/airflow/example_dags/example_task_group.py
[2026-05-01T00:14:52.353+0000] {logging_mixin.py:188} INFO - [2026-05-01T00:14:52.353+0000] {dag.py:3089} INFO - Sync 1 DAGs
[2026-05-01T00:14:52.363+0000] {logging_mixin.py:188} INFO - [2026-05-01T00:14:52.363+0000] {dag.py:3947} INFO - Setting next_dagrun for example_task_group to 2026-04-30 00:00:00+00:00, run_after=2026-05-01 00:00:00+00:00
[2026-05-01T00:14:52.372+0000] {processor.py:183} INFO - Processing /home/airflow/.local/lib/python3.12/site-packages/airflow/example_dags/example_task_group.py took 0.036 seconds
[2026-05-01T00:15:22.927+0000] {processor.py:161} INFO - Started process (PID=56725) to work on /home/airflow/.local/lib/python3.12/site-packages/airflow/example_dags/example_task_group.py
[2026-05-01T00:15:22.928+0000] {processor.py:830} INFO - Processing file /home/airflow/.local/lib/python3.12/site-packages/airflow/example_dags/example_task_group.py for tasks to queue
[2026-05-01T00:15:22.928+0000] {logging_mixin.py:188} INFO - [2026-05-01T00:15:22.928+0000] {dagbag.py:545} INFO - Filling up the DagBag from /home/airflow/.local/lib/python3.12/site-packages/airflow/example_dags/example_task_group.py
[2026-05-01T00:15:22.931+0000] {processor.py:840} INFO - DAG(s) 'example_task_group' retrieved from /home/airflow/.local/lib/python3.12/site-packages/airflow/example_dags/example_task_group.py
[2026-05-01T00:15:22.940+0000] {logging_mixin.py:188} INFO - [2026-05-01T00:15:22.940+0000] {dag.py:3089} INFO - Sync 1 DAGs
[2026-05-01T00:15:22.948+0000] {logging_mixin.py:188} INFO - [2026-05-01T00:15:22.948+0000] {dag.py:3947} INFO - Setting next_dagrun for example_task_group to 2026-04-30 00:00:00+00:00, run_after=2026-05-01 00:00:00+00:00
[2026-05-01T00:15:22.957+0000] {processor.py:183} INFO - Processing /home/airflow/.local/lib/python3.12/site-packages/airflow/example_dags/example_task_group.py took 0.032 seconds
[2026-05-01T00:15:53.550+0000] {processor.py:161} INFO - Started process (PID=56785) to work on /home/airflow/.local/lib/python3.12/site-packages/airflow/example_dags/example_task_group.py
[2026-05-01T00:15:53.550+0000] {processor.py:830} INFO - Processing file /home/airflow/.local/lib/python3.12/site-packages/airflow/example_dags/example_task_group.py for tasks to queue
[2026-05-01T00:15:53.551+0000] {logging_mixin.py:188} INFO - [2026-05-01T00:15:53.551+0000] {dagbag.py:545} INFO - Filling up the DagBag from /home/airflow/.local/lib/python3.12/site-packages/airflow/example_dags/example_task_group.py
[2026-05-01T00:15:53.554+0000] {processor.py:840} INFO - DAG(s) 'example_task_group' retrieved from /home/airflow/.local/lib/python3.12/site-packages/airflow/example_dags/example_task_group.py
[2026-05-01T00:15:53.562+0000] {logging_mixin.py:188} INFO - [2026-05-01T00:15:53.562+0000] {dag.py:3089} INFO - Sync 1 DAGs
[2026-05-01T00:15:53.572+0000] {logging_mixin.py:188} INFO - [2026-05-01T00:15:53.571+0000] {dag.py:3947} INFO - Setting next_dagrun for example_task_group to 2026-04-30 00:00:00+00:00, run_after=2026-05-01 00:00:00+00:00
[2026-05-01T00:15:53.581+0000] {processor.py:183} INFO - Processing /home/airflow/.local/lib/python3.12/site-packages/airflow/example_dags/example_task_group.py took 0.033 seconds
[2026-05-01T00:16:24.108+0000] {processor.py:161} INFO - Started process (PID=56845) to work on /home/airflow/.local/lib/python3.12/site-packages/airflow/example_dags/example_task_group.py
[2026-05-01T00:16:24.109+0000] {processor.py:830} INFO - Processing file /home/airflow/.local/lib/python3.12/site-packages/airflow/example_dags/example_task_group.py for tasks to queue
[2026-05-01T00:16:24.111+0000] {logging_mixin.py:188} INFO - [2026-05-01T00:16:24.111+0000] {dagbag.py:545} INFO - Filling up the DagBag from /home/airflow/.local/lib/python3.12/site-packages/airflow/example_dags/example_task_group.py
[2026-05-01T00:16:24.115+0000] {processor.py:840} INFO - DAG(s) 'example_task_group' retrieved from /home/airflow/.local/lib/python3.12/site-packages/airflow/example_dags/example_task_group.py
[2026-05-01T00:16:24.131+0000] {logging_mixin.py:188} INFO - [2026-05-01T00:16:24.130+0000] {dag.py:3089} INFO - Sync 1 DAGs
[2026-05-01T00:16:24.140+0000] {logging_mixin.py:188} INFO - [2026-05-01T00:16:24.140+0000] {dag.py:3947} INFO - Setting next_dagrun for example_task_group to 2026-04-30 00:00:00+00:00, run_after=2026-05-01 00:00:00+00:00
[2026-05-01T00:16:24.150+0000] {processor.py:183} INFO - Processing /home/airflow/.local/lib/python3.12/site-packages/airflow/example_dags/example_task_group.py took 0.045 seconds
[2026-05-01T00:16:54.818+0000] {processor.py:161} INFO - Started process (PID=56905) to work on /home/airflow/.local/lib/python3.12/site-packages/airflow/example_dags/example_task_group.py
[2026-05-01T00:16:54.819+0000] {processor.py:830} INFO - Processing file /home/airflow/.local/lib/python3.12/site-packages/airflow/example_dags/example_task_group.py for tasks to queue
[2026-05-01T00:16:54.820+0000] {logging_mixin.py:188} INFO - [2026-05-01T00:16:54.820+0000] {dagbag.py:545} INFO - Filling up the DagBag from /home/airflow/.local/lib/python3.12/site-packages/airflow/example_dags/example_task_group.py
[2026-05-01T00:16:54.824+0000] {processor.py:840} INFO - DAG(s) 'example_task_group' retrieved from /home/airflow/.local/lib/python3.12/site-packages/airflow/example_dags/example_task_group.py
[2026-05-01T00:16:54.835+0000] {logging_mixin.py:188} INFO - [2026-05-01T00:16:54.835+0000] {dag.py:3089} INFO - Sync 1 DAGs
[2026-05-01T00:16:54.843+0000] {logging_mixin.py:188} INFO - [2026-05-01T00:16:54.843+0000] {dag.py:3947} INFO - Setting next_dagrun for example_task_group to 2026-04-30 00:00:00+00:00, run_after=2026-05-01 00:00:00+00:00
[2026-05-01T00:16:54.849+0000] {processor.py:183} INFO - Processing /home/airflow/.local/lib/python3.12/site-packages/airflow/example_dags/example_task_group.py took 0.034 seconds
[2026-05-01T00:17:25.657+0000] {processor.py:161} INFO - Started process (PID=56965) to work on /home/airflow/.local/lib/python3.12/site-packages/airflow/example_dags/example_task_group.py
[2026-05-01T00:17:25.658+0000] {processor.py:830} INFO - Processing file /home/airflow/.local/lib/python3.12/site-packages/airflow/example_dags/example_task_group.py for tasks to queue
[2026-05-01T00:17:25.660+0000] {logging_mixin.py:188} INFO - [2026-05-01T00:17:25.660+0000] {dagbag.py:545} INFO - Filling up the DagBag from /home/airflow/.local/lib/python3.12/site-packages/airflow/example_dags/example_task_group.py
[2026-05-01T00:17:25.663+0000] {processor.py:840} INFO - DAG(s) 'example_task_group' retrieved from /home/airflow/.local/lib/python3.12/site-packages/airflow/example_dags/example_task_group.py
[2026-05-01T00:17:25.676+0000] {logging_mixin.py:188} INFO - [2026-05-01T00:17:25.676+0000] {dag.py:3089} INFO - Sync 1 DAGs
[2026-05-01T00:17:25.685+0000] {logging_mixin.py:188} INFO - [2026-05-01T00:17:25.685+0000] {dag.py:3947} INFO - Setting next_dagrun for example_task_group to 2026-04-30 00:00:00+00:00, run_after=2026-05-01 00:00:00+00:00
[2026-05-01T00:17:25.698+0000] {processor.py:183} INFO - Processing /home/airflow/.local/lib/python3.12/site-packages/airflow/example_dags/example_task_group.py took 0.044 seconds
[2026-05-01T00:17:55.839+0000] {processor.py:161} INFO - Started process (PID=57024) to work on /home/airflow/.local/lib/python3.12/site-packages/airflow/example_dags/example_task_group.py
[2026-05-01T00:17:55.840+0000] {processor.py:830} INFO - Processing file /home/airflow/.local/lib/python3.12/site-packages/airflow/example_dags/example_task_group.py for tasks to queue
[2026-05-01T00:17:55.841+0000] {logging_mixin.py:188} INFO - [2026-05-01T00:17:55.841+0000] {dagbag.py:545} INFO - Filling up the DagBag from /home/airflow/.local/lib/python3.12/site-packages/airflow/example_dags/example_task_group.py
[2026-05-01T00:17:55.848+0000] {processor.py:840} INFO - DAG(s) 'example_task_group' retrieved from /home/airflow/.local/lib/python3.12/site-packages/airflow/example_dags/example_task_group.py
[2026-05-01T00:17:55.864+0000] {logging_mixin.py:188} INFO - [2026-05-01T00:17:55.863+0000] {dag.py:3089} INFO - Sync 1 DAGs
[2026-05-01T00:17:55.880+0000] {logging_mixin.py:188} INFO - [2026-05-01T00:17:55.880+0000] {dag.py:3947} INFO - Setting next_dagrun for example_task_group to 2026-04-30 00:00:00+00:00, run_after=2026-05-01 00:00:00+00:00
[2026-05-01T00:17:56.003+0000] {processor.py:183} INFO - Processing /home/airflow/.local/lib/python3.12/site-packages/airflow/example_dags/example_task_group.py took 0.171 seconds
[2026-05-01T00:18:26.710+0000] {processor.py:161} INFO - Started process (PID=57084) to work on /home/airflow/.local/lib/python3.12/site-packages/airflow/example_dags/example_task_group.py
[2026-05-01T00:18:26.711+0000] {processor.py:830} INFO - Processing file /home/airflow/.local/lib/python3.12/site-packages/airflow/example_dags/example_task_group.py for tasks to queue
[2026-05-01T00:18:26.712+0000] {logging_mixin.py:188} INFO - [2026-05-01T00:18:26.712+0000] {dagbag.py:545} INFO - Filling up the DagBag from /home/airflow/.local/lib/python3.12/site-packages/airflow/example_dags/example_task_group.py
[2026-05-01T00:18:26.716+0000] {processor.py:840} INFO - DAG(s) 'example_task_group' retrieved from /home/airflow/.local/lib/python3.12/site-packages/airflow/example_dags/example_task_group.py
[2026-05-01T00:18:26.734+0000] {logging_mixin.py:188} INFO - [2026-05-01T00:18:26.733+0000] {dag.py:3089} INFO - Sync 1 DAGs
[2026-05-01T00:18:26.749+0000] {logging_mixin.py:188} INFO - [2026-05-01T00:18:26.749+0000] {dag.py:3947} INFO - Setting next_dagrun for example_task_group to 2026-04-30 00:00:00+00:00, run_after=2026-05-01 00:00:00+00:00
[2026-05-01T00:18:26.763+0000] {processor.py:183} INFO - Processing /home/airflow/.local/lib/python3.12/site-packages/airflow/example_dags/example_task_group.py took 0.058 seconds
[2026-05-01T00:18:57.432+0000] {processor.py:161} INFO - Started process (PID=57144) to work on /home/airflow/.local/lib/python3.12/site-packages/airflow/example_dags/example_task_group.py
[2026-05-01T00:18:57.432+0000] {processor.py:830} INFO - Processing file /home/airflow/.local/lib/python3.12/site-packages/airflow/example_dags/example_task_group.py for tasks to queue
[2026-05-01T00:18:57.433+0000] {logging_mixin.py:188} INFO - [2026-05-01T00:18:57.433+0000] {dagbag.py:545} INFO - Filling up the DagBag from /home/airflow/.local/lib/python3.12/site-packages/airflow/example_dags/example_task_group.py
[2026-05-01T00:18:57.436+0000] {processor.py:840} INFO - DAG(s) 'example_task_group' retrieved from /home/airflow/.local/lib/python3.12/site-packages/airflow/example_dags/example_task_group.py
[2026-05-01T00:18:57.444+0000] {logging_mixin.py:188} INFO - [2026-05-01T00:18:57.444+0000] {dag.py:3089} INFO - Sync 1 DAGs
[2026-05-01T00:18:57.454+0000] {logging_mixin.py:188} INFO - [2026-05-01T00:18:57.454+0000] {dag.py:3947} INFO - Setting next_dagrun for example_task_group to 2026-04-30 00:00:00+00:00, run_after=2026-05-01 00:00:00+00:00
[2026-05-01T00:18:57.463+0000] {processor.py:183} INFO - Processing /home/airflow/.local/lib/python3.12/site-packages/airflow/example_dags/example_task_group.py took 0.034 seconds
[2026-05-01T00:19:28.197+0000] {processor.py:161} INFO - Started process (PID=57204) to work on /home/airflow/.local/lib/python3.12/site-packages/airflow/example_dags/example_task_group.py
[2026-05-01T00:19:28.197+0000] {processor.py:830} INFO - Processing file /home/airflow/.local/lib/python3.12/site-packages/airflow/example_dags/example_task_group.py for tasks to queue
[2026-05-01T00:19:28.199+0000] {logging_mixin.py:188} INFO - [2026-05-01T00:19:28.199+0000] {dagbag.py:545} INFO - Filling up the DagBag from /home/airflow/.local/lib/python3.12/site-packages/airflow/example_dags/example_task_group.py
[2026-05-01T00:19:28.203+0000] {processor.py:840} INFO - DAG(s) 'example_task_group' retrieved from /home/airflow/.local/lib/python3.12/site-packages/airflow/example_dags/example_task_group.py
[2026-05-01T00:19:28.215+0000] {logging_mixin.py:188} INFO - [2026-05-01T00:19:28.215+0000] {dag.py:3089} INFO - Sync 1 DAGs
[2026-05-01T00:19:28.226+0000] {logging_mixin.py:188} INFO - [2026-05-01T00:19:28.226+0000] {dag.py:3947} INFO - Setting next_dagrun for example_task_group to 2026-04-30 00:00:00+00:00, run_after=2026-05-01 00:00:00+00:00
[2026-05-01T00:19:28.240+0000] {processor.py:183} INFO - Processing /home/airflow/.local/lib/python3.12/site-packages/airflow/example_dags/example_task_group.py took 0.049 seconds
[2026-05-01T00:19:58.460+0000] {processor.py:161} INFO - Started process (PID=57264) to work on /home/airflow/.local/lib/python3.12/site-packages/airflow/example_dags/example_task_group.py
[2026-05-01T00:19:58.461+0000] {processor.py:830} INFO - Processing file /home/airflow/.local/lib/python3.12/site-packages/airflow/example_dags/example_task_group.py for tasks to queue
[2026-05-01T00:19:58.463+0000] {logging_mixin.py:188} INFO - [2026-05-01T00:19:58.463+0000] {dagbag.py:545} INFO - Filling up the DagBag from /home/airflow/.local/lib/python3.12/site-packages/airflow/example_dags/example_task_group.py
[2026-05-01T00:19:58.468+0000] {processor.py:840} INFO - DAG(s) 'example_task_group' retrieved from /home/airflow/.local/lib/python3.12/site-packages/airflow/example_dags/example_task_group.py
[2026-05-01T00:19:58.478+0000] {logging_mixin.py:188} INFO - [2026-05-01T00:19:58.478+0000] {dag.py:3089} INFO - Sync 1 DAGs
[2026-05-01T00:19:58.487+0000] {logging_mixin.py:188} INFO - [2026-05-01T00:19:58.487+0000] {dag.py:3947} INFO - Setting next_dagrun for example_task_group to 2026-04-30 00:00:00+00:00, run_after=2026-05-01 00:00:00+00:00
[2026-05-01T00:19:58.496+0000] {processor.py:183} INFO - Processing /home/airflow/.local/lib/python3.12/site-packages/airflow/example_dags/example_task_group.py took 0.040 seconds
[2026-05-01T00:20:29.331+0000] {processor.py:161} INFO - Started process (PID=57324) to work on /home/airflow/.local/lib/python3.12/site-packages/airflow/example_dags/example_task_group.py
[2026-05-01T00:20:29.333+0000] {processor.py:830} INFO - Processing file /home/airflow/.local/lib/python3.12/site-packages/airflow/example_dags/example_task_group.py for tasks to queue
[2026-05-01T00:20:29.335+0000] {logging_mixin.py:188} INFO - [2026-05-01T00:20:29.335+0000] {dagbag.py:545} INFO - Filling up the DagBag from /home/airflow/.local/lib/python3.12/site-packages/airflow/example_dags/example_task_group.py
[2026-05-01T00:20:29.338+0000] {processor.py:840} INFO - DAG(s) 'example_task_group' retrieved from /home/airflow/.local/lib/python3.12/site-packages/airflow/example_dags/example_task_group.py
[2026-05-01T00:20:29.348+0000] {logging_mixin.py:188} INFO - [2026-05-01T00:20:29.348+0000] {dag.py:3089} INFO - Sync 1 DAGs
[2026-05-01T00:20:29.355+0000] {logging_mixin.py:188} INFO - [2026-05-01T00:20:29.355+0000] {dag.py:3947} INFO - Setting next_dagrun for example_task_group to 2026-04-30 00:00:00+00:00, run_after=2026-05-01 00:00:00+00:00
[2026-05-01T00:20:29.364+0000] {processor.py:183} INFO - Processing /home/airflow/.local/lib/python3.12/site-packages/airflow/example_dags/example_task_group.py took 0.035 seconds
[2026-05-01T00:20:59.543+0000] {processor.py:161} INFO - Started process (PID=57384) to work on /home/airflow/.local/lib/python3.12/site-packages/airflow/example_dags/example_task_group.py
[2026-05-01T00:20:59.544+0000] {processor.py:830} INFO - Processing file /home/airflow/.local/lib/python3.12/site-packages/airflow/example_dags/example_task_group.py for tasks to queue
[2026-05-01T00:20:59.546+0000] {logging_mixin.py:188} INFO - [2026-05-01T00:20:59.545+0000] {dagbag.py:545} INFO - Filling up the DagBag from /home/airflow/.local/lib/python3.12/site-packages/airflow/example_dags/example_task_group.py
[2026-05-01T00:20:59.551+0000] {processor.py:840} INFO - DAG(s) 'example_task_group' retrieved from /home/airflow/.local/lib/python3.12/site-packages/airflow/example_dags/example_task_group.py
[2026-05-01T00:20:59.566+0000] {logging_mixin.py:188} INFO - [2026-05-01T00:20:59.566+0000] {dag.py:3089} INFO - Sync 1 DAGs
[2026-05-01T00:20:59.577+0000] {logging_mixin.py:188} INFO - [2026-05-01T00:20:59.577+0000] {dag.py:3947} INFO - Setting next_dagrun for example_task_group to 2026-04-30 00:00:00+00:00, run_after=2026-05-01 00:00:00+00:00
[2026-05-01T00:20:59.587+0000] {processor.py:183} INFO - Processing /home/airflow/.local/lib/python3.12/site-packages/airflow/example_dags/example_task_group.py took 0.053 seconds
[2026-05-01T00:21:29.682+0000] {processor.py:161} INFO - Started process (PID=57442) to work on /home/airflow/.local/lib/python3.12/site-packages/airflow/example_dags/example_task_group.py
[2026-05-01T00:21:29.685+0000] {processor.py:830} INFO - Processing file /home/airflow/.local/lib/python3.12/site-packages/airflow/example_dags/example_task_group.py for tasks to queue
[2026-05-01T00:21:29.690+0000] {logging_mixin.py:188} INFO - [2026-05-01T00:21:29.690+0000] {dagbag.py:545} INFO - Filling up the DagBag from /home/airflow/.local/lib/python3.12/site-packages/airflow/example_dags/example_task_group.py
[2026-05-01T00:21:29.698+0000] {processor.py:840} INFO - DAG(s) 'example_task_group' retrieved from /home/airflow/.local/lib/python3.12/site-packages/airflow/example_dags/example_task_group.py
[2026-05-01T00:21:29.716+0000] {logging_mixin.py:188} INFO - [2026-05-01T00:21:29.716+0000] {dag.py:3089} INFO - Sync 1 DAGs
[2026-05-01T00:21:29.729+0000] {logging_mixin.py:188} INFO - [2026-05-01T00:21:29.729+0000] {dag.py:3947} INFO - Setting next_dagrun for example_task_group to 2026-04-30 00:00:00+00:00, run_after=2026-05-01 00:00:00+00:00
[2026-05-01T00:21:29.741+0000] {processor.py:183} INFO - Processing /home/airflow/.local/lib/python3.12/site-packages/airflow/example_dags/example_task_group.py took 0.063 seconds
[2026-05-01T00:21:59.930+0000] {processor.py:161} INFO - Started process (PID=57502) to work on /home/airflow/.local/lib/python3.12/site-packages/airflow/example_dags/example_task_group.py
[2026-05-01T00:21:59.931+0000] {processor.py:830} INFO - Processing file /home/airflow/.local/lib/python3.12/site-packages/airflow/example_dags/example_task_group.py for tasks to queue
[2026-05-01T00:21:59.932+0000] {logging_mixin.py:188} INFO - [2026-05-01T00:21:59.932+0000] {dagbag.py:545} INFO - Filling up the DagBag from /home/airflow/.local/lib/python3.12/site-packages/airflow/example_dags/example_task_group.py
[2026-05-01T00:21:59.936+0000] {processor.py:840} INFO - DAG(s) 'example_task_group' retrieved from /home/airflow/.local/lib/python3.12/site-packages/airflow/example_dags/example_task_group.py
[2026-05-01T00:21:59.950+0000] {logging_mixin.py:188} INFO - [2026-05-01T00:21:59.950+0000] {dag.py:3089} INFO - Sync 1 DAGs
[2026-05-01T00:21:59.959+0000] {logging_mixin.py:188} INFO - [2026-05-01T00:21:59.959+0000] {dag.py:3947} INFO - Setting next_dagrun for example_task_group to 2026-04-30 00:00:00+00:00, run_after=2026-05-01 00:00:00+00:00
[2026-05-01T00:21:59.966+0000] {processor.py:183} INFO - Processing /home/airflow/.local/lib/python3.12/site-packages/airflow/example_dags/example_task_group.py took 0.040 seconds
[2026-05-01T00:22:30.785+0000] {processor.py:161} INFO - Started process (PID=57562) to work on /home/airflow/.local/lib/python3.12/site-packages/airflow/example_dags/example_task_group.py
[2026-05-01T00:22:30.786+0000] {processor.py:830} INFO - Processing file /home/airflow/.local/lib/python3.12/site-packages/airflow/example_dags/example_task_group.py for tasks to queue
[2026-05-01T00:22:30.787+0000] {logging_mixin.py:188} INFO - [2026-05-01T00:22:30.786+0000] {dagbag.py:545} INFO - Filling up the DagBag from /home/airflow/.local/lib/python3.12/site-packages/airflow/example_dags/example_task_group.py
[2026-05-01T00:22:30.791+0000] {processor.py:840} INFO - DAG(s) 'example_task_group' retrieved from /home/airflow/.local/lib/python3.12/site-packages/airflow/example_dags/example_task_group.py
[2026-05-01T00:22:30.802+0000] {logging_mixin.py:188} INFO - [2026-05-01T00:22:30.801+0000] {dag.py:3089} INFO - Sync 1 DAGs
[2026-05-01T00:22:30.812+0000] {logging_mixin.py:188} INFO - [2026-05-01T00:22:30.812+0000] {dag.py:3947} INFO - Setting next_dagrun for example_task_group to 2026-04-30 00:00:00+00:00, run_after=2026-05-01 00:00:00+00:00
[2026-05-01T00:22:30.823+0000] {processor.py:183} INFO - Processing /home/airflow/.local/lib/python3.12/site-packages/airflow/example_dags/example_task_group.py took 0.042 seconds
[2026-05-01T00:23:01.650+0000] {processor.py:161} INFO - Started process (PID=57622) to work on /home/airflow/.local/lib/python3.12/site-packages/airflow/example_dags/example_task_group.py
[2026-05-01T00:23:01.651+0000] {processor.py:830} INFO - Processing file /home/airflow/.local/lib/python3.12/site-packages/airflow/example_dags/example_task_group.py for tasks to queue
[2026-05-01T00:23:01.652+0000] {logging_mixin.py:188} INFO - [2026-05-01T00:23:01.651+0000] {dagbag.py:545} INFO - Filling up the DagBag from /home/airflow/.local/lib/python3.12/site-packages/airflow/example_dags/example_task_group.py
[2026-05-01T00:23:01.654+0000] {processor.py:840} INFO - DAG(s) 'example_task_group' retrieved from /home/airflow/.local/lib/python3.12/site-packages/airflow/example_dags/example_task_group.py
[2026-05-01T00:23:01.669+0000] {logging_mixin.py:188} INFO - [2026-05-01T00:23:01.669+0000] {dag.py:3089} INFO - Sync 1 DAGs
[2026-05-01T00:23:01.679+0000] {logging_mixin.py:188} INFO - [2026-05-01T00:23:01.679+0000] {dag.py:3947} INFO - Setting next_dagrun for example_task_group to 2026-04-30 00:00:00+00:00, run_after=2026-05-01 00:00:00+00:00
[2026-05-01T00:23:01.688+0000] {processor.py:183} INFO - Processing /home/airflow/.local/lib/python3.12/site-packages/airflow/example_dags/example_task_group.py took 0.043 seconds
