[2026-05-01T00:00:06.173+0000] {processor.py:161} INFO - Started process (PID=54954) to work on /home/airflow/.local/lib/python3.12/site-packages/airflow/example_dags/example_task_group_decorator.py
[2026-05-01T00:00:06.174+0000] {processor.py:830} INFO - Processing file /home/airflow/.local/lib/python3.12/site-packages/airflow/example_dags/example_task_group_decorator.py for tasks to queue
[2026-05-01T00:00:06.175+0000] {logging_mixin.py:188} INFO - [2026-05-01T00:00:06.175+0000] {dagbag.py:545} INFO - Filling up the DagBag from /home/airflow/.local/lib/python3.12/site-packages/airflow/example_dags/example_task_group_decorator.py
[2026-05-01T00:00:06.185+0000] {processor.py:840} INFO - DAG(s) 'example_task_group_decorator' retrieved from /home/airflow/.local/lib/python3.12/site-packages/airflow/example_dags/example_task_group_decorator.py
[2026-05-01T00:00:06.200+0000] {logging_mixin.py:188} INFO - [2026-05-01T00:00:06.200+0000] {dag.py:3089} INFO - Sync 1 DAGs
[2026-05-01T00:00:06.208+0000] {logging_mixin.py:188} INFO - [2026-05-01T00:00:06.208+0000] {dag.py:3947} INFO - Setting next_dagrun for example_task_group_decorator to 2026-04-30 00:00:00+00:00, run_after=2026-05-01 00:00:00+00:00
[2026-05-01T00:00:06.214+0000] {processor.py:183} INFO - Processing /home/airflow/.local/lib/python3.12/site-packages/airflow/example_dags/example_task_group_decorator.py took 0.047 seconds
[2026-05-01T00:00:36.982+0000] {processor.py:161} INFO - Started process (PID=55014) to work on /home/airflow/.local/lib/python3.12/site-packages/airflow/example_dags/example_task_group_decorator.py
[2026-05-01T00:00:36.982+0000] {processor.py:830} INFO - Processing file /home/airflow/.local/lib/python3.12/site-packages/airflow/example_dags/example_task_group_decorator.py for tasks to queue
[2026-05-01T00:00:36.984+0000] {logging_mixin.py:188} INFO - [2026-05-01T00:00:36.984+0000] {dagbag.py:545} INFO - Filling up the DagBag from /home/airflow/.local/lib/python3.12/site-packages/airflow/example_dags/example_task_group_decorator.py
[2026-05-01T00:00:36.993+0000] {processor.py:840} INFO - DAG(s) 'example_task_group_decorator' retrieved from /home/airflow/.local/lib/python3.12/site-packages/airflow/example_dags/example_task_group_decorator.py
[2026-05-01T00:00:37.006+0000] {logging_mixin.py:188} INFO - [2026-05-01T00:00:37.006+0000] {dag.py:3089} INFO - Sync 1 DAGs
[2026-05-01T00:00:37.013+0000] {logging_mixin.py:188} INFO - [2026-05-01T00:00:37.013+0000] {dag.py:3947} INFO - Setting next_dagrun for example_task_group_decorator to 2026-04-30 00:00:00+00:00, run_after=2026-05-01 00:00:00+00:00
[2026-05-01T00:00:37.019+0000] {processor.py:183} INFO - Processing /home/airflow/.local/lib/python3.12/site-packages/airflow/example_dags/example_task_group_decorator.py took 0.043 seconds
[2026-05-01T00:01:07.715+0000] {processor.py:161} INFO - Started process (PID=55074) to work on /home/airflow/.local/lib/python3.12/site-packages/airflow/example_dags/example_task_group_decorator.py
[2026-05-01T00:01:07.715+0000] {processor.py:830} INFO - Processing file /home/airflow/.local/lib/python3.12/site-packages/airflow/example_dags/example_task_group_decorator.py for tasks to queue
[2026-05-01T00:01:07.717+0000] {logging_mixin.py:188} INFO - [2026-05-01T00:01:07.717+0000] {dagbag.py:545} INFO - Filling up the DagBag from /home/airflow/.local/lib/python3.12/site-packages/airflow/example_dags/example_task_group_decorator.py
[2026-05-01T00:01:07.725+0000] {processor.py:840} INFO - DAG(s) 'example_task_group_decorator' retrieved from /home/airflow/.local/lib/python3.12/site-packages/airflow/example_dags/example_task_group_decorator.py
[2026-05-01T00:01:07.735+0000] {logging_mixin.py:188} INFO - [2026-05-01T00:01:07.735+0000] {dag.py:3089} INFO - Sync 1 DAGs
[2026-05-01T00:01:07.766+0000] {logging_mixin.py:188} INFO - [2026-05-01T00:01:07.766+0000] {dag.py:3947} INFO - Setting next_dagrun for example_task_group_decorator to 2026-04-30 00:00:00+00:00, run_after=2026-05-01 00:00:00+00:00
[2026-05-01T00:01:07.771+0000] {processor.py:183} INFO - Processing /home/airflow/.local/lib/python3.12/site-packages/airflow/example_dags/example_task_group_decorator.py took 0.068 seconds
[2026-05-01T00:01:38.488+0000] {processor.py:161} INFO - Started process (PID=55134) to work on /home/airflow/.local/lib/python3.12/site-packages/airflow/example_dags/example_task_group_decorator.py
[2026-05-01T00:01:38.489+0000] {processor.py:830} INFO - Processing file /home/airflow/.local/lib/python3.12/site-packages/airflow/example_dags/example_task_group_decorator.py for tasks to queue
[2026-05-01T00:01:38.491+0000] {logging_mixin.py:188} INFO - [2026-05-01T00:01:38.491+0000] {dagbag.py:545} INFO - Filling up the DagBag from /home/airflow/.local/lib/python3.12/site-packages/airflow/example_dags/example_task_group_decorator.py
[2026-05-01T00:01:38.501+0000] {processor.py:840} INFO - DAG(s) 'example_task_group_decorator' retrieved from /home/airflow/.local/lib/python3.12/site-packages/airflow/example_dags/example_task_group_decorator.py
[2026-05-01T00:01:38.516+0000] {logging_mixin.py:188} INFO - [2026-05-01T00:01:38.516+0000] {dag.py:3089} INFO - Sync 1 DAGs
[2026-05-01T00:01:38.524+0000] {logging_mixin.py:188} INFO - [2026-05-01T00:01:38.524+0000] {dag.py:3947} INFO - Setting next_dagrun for example_task_group_decorator to 2026-04-30 00:00:00+00:00, run_after=2026-05-01 00:00:00+00:00
[2026-05-01T00:01:38.530+0000] {processor.py:183} INFO - Processing /home/airflow/.local/lib/python3.12/site-packages/airflow/example_dags/example_task_group_decorator.py took 0.049 seconds
[2026-05-01T00:02:09.133+0000] {processor.py:161} INFO - Started process (PID=55194) to work on /home/airflow/.local/lib/python3.12/site-packages/airflow/example_dags/example_task_group_decorator.py
[2026-05-01T00:02:09.134+0000] {processor.py:830} INFO - Processing file /home/airflow/.local/lib/python3.12/site-packages/airflow/example_dags/example_task_group_decorator.py for tasks to queue
[2026-05-01T00:02:09.136+0000] {logging_mixin.py:188} INFO - [2026-05-01T00:02:09.135+0000] {dagbag.py:545} INFO - Filling up the DagBag from /home/airflow/.local/lib/python3.12/site-packages/airflow/example_dags/example_task_group_decorator.py
[2026-05-01T00:02:09.145+0000] {processor.py:840} INFO - DAG(s) 'example_task_group_decorator' retrieved from /home/airflow/.local/lib/python3.12/site-packages/airflow/example_dags/example_task_group_decorator.py
[2026-05-01T00:02:09.160+0000] {logging_mixin.py:188} INFO - [2026-05-01T00:02:09.160+0000] {dag.py:3089} INFO - Sync 1 DAGs
[2026-05-01T00:02:09.180+0000] {logging_mixin.py:188} INFO - [2026-05-01T00:02:09.180+0000] {dag.py:3947} INFO - Setting next_dagrun for example_task_group_decorator to 2026-04-30 00:00:00+00:00, run_after=2026-05-01 00:00:00+00:00
[2026-05-01T00:02:09.187+0000] {processor.py:183} INFO - Processing /home/airflow/.local/lib/python3.12/site-packages/airflow/example_dags/example_task_group_decorator.py took 0.059 seconds
[2026-05-01T00:02:39.770+0000] {processor.py:161} INFO - Started process (PID=55254) to work on /home/airflow/.local/lib/python3.12/site-packages/airflow/example_dags/example_task_group_decorator.py
[2026-05-01T00:02:39.772+0000] {processor.py:830} INFO - Processing file /home/airflow/.local/lib/python3.12/site-packages/airflow/example_dags/example_task_group_decorator.py for tasks to queue
[2026-05-01T00:02:39.773+0000] {logging_mixin.py:188} INFO - [2026-05-01T00:02:39.773+0000] {dagbag.py:545} INFO - Filling up the DagBag from /home/airflow/.local/lib/python3.12/site-packages/airflow/example_dags/example_task_group_decorator.py
[2026-05-01T00:02:39.783+0000] {processor.py:840} INFO - DAG(s) 'example_task_group_decorator' retrieved from /home/airflow/.local/lib/python3.12/site-packages/airflow/example_dags/example_task_group_decorator.py
[2026-05-01T00:02:39.797+0000] {logging_mixin.py:188} INFO - [2026-05-01T00:02:39.797+0000] {dag.py:3089} INFO - Sync 1 DAGs
[2026-05-01T00:02:39.805+0000] {logging_mixin.py:188} INFO - [2026-05-01T00:02:39.805+0000] {dag.py:3947} INFO - Setting next_dagrun for example_task_group_decorator to 2026-04-30 00:00:00+00:00, run_after=2026-05-01 00:00:00+00:00
[2026-05-01T00:02:39.812+0000] {processor.py:183} INFO - Processing /home/airflow/.local/lib/python3.12/site-packages/airflow/example_dags/example_task_group_decorator.py took 0.048 seconds
[2026-05-01T00:03:10.526+0000] {processor.py:161} INFO - Started process (PID=55314) to work on /home/airflow/.local/lib/python3.12/site-packages/airflow/example_dags/example_task_group_decorator.py
[2026-05-01T00:03:10.527+0000] {processor.py:830} INFO - Processing file /home/airflow/.local/lib/python3.12/site-packages/airflow/example_dags/example_task_group_decorator.py for tasks to queue
[2026-05-01T00:03:10.529+0000] {logging_mixin.py:188} INFO - [2026-05-01T00:03:10.529+0000] {dagbag.py:545} INFO - Filling up the DagBag from /home/airflow/.local/lib/python3.12/site-packages/airflow/example_dags/example_task_group_decorator.py
[2026-05-01T00:03:10.538+0000] {processor.py:840} INFO - DAG(s) 'example_task_group_decorator' retrieved from /home/airflow/.local/lib/python3.12/site-packages/airflow/example_dags/example_task_group_decorator.py
[2026-05-01T00:03:10.552+0000] {logging_mixin.py:188} INFO - [2026-05-01T00:03:10.552+0000] {dag.py:3089} INFO - Sync 1 DAGs
[2026-05-01T00:03:10.561+0000] {logging_mixin.py:188} INFO - [2026-05-01T00:03:10.561+0000] {dag.py:3947} INFO - Setting next_dagrun for example_task_group_decorator to 2026-04-30 00:00:00+00:00, run_after=2026-05-01 00:00:00+00:00
[2026-05-01T00:03:10.566+0000] {processor.py:183} INFO - Processing /home/airflow/.local/lib/python3.12/site-packages/airflow/example_dags/example_task_group_decorator.py took 0.046 seconds
[2026-05-01T00:03:41.182+0000] {processor.py:161} INFO - Started process (PID=55374) to work on /home/airflow/.local/lib/python3.12/site-packages/airflow/example_dags/example_task_group_decorator.py
[2026-05-01T00:03:41.183+0000] {processor.py:830} INFO - Processing file /home/airflow/.local/lib/python3.12/site-packages/airflow/example_dags/example_task_group_decorator.py for tasks to queue
[2026-05-01T00:03:41.185+0000] {logging_mixin.py:188} INFO - [2026-05-01T00:03:41.185+0000] {dagbag.py:545} INFO - Filling up the DagBag from /home/airflow/.local/lib/python3.12/site-packages/airflow/example_dags/example_task_group_decorator.py
[2026-05-01T00:03:41.194+0000] {processor.py:840} INFO - DAG(s) 'example_task_group_decorator' retrieved from /home/airflow/.local/lib/python3.12/site-packages/airflow/example_dags/example_task_group_decorator.py
[2026-05-01T00:03:41.209+0000] {logging_mixin.py:188} INFO - [2026-05-01T00:03:41.209+0000] {dag.py:3089} INFO - Sync 1 DAGs
[2026-05-01T00:03:41.217+0000] {logging_mixin.py:188} INFO - [2026-05-01T00:03:41.217+0000] {dag.py:3947} INFO - Setting next_dagrun for example_task_group_decorator to 2026-04-30 00:00:00+00:00, run_after=2026-05-01 00:00:00+00:00
[2026-05-01T00:03:41.223+0000] {processor.py:183} INFO - Processing /home/airflow/.local/lib/python3.12/site-packages/airflow/example_dags/example_task_group_decorator.py took 0.047 seconds
[2026-05-01T00:04:11.897+0000] {processor.py:161} INFO - Started process (PID=55434) to work on /home/airflow/.local/lib/python3.12/site-packages/airflow/example_dags/example_task_group_decorator.py
[2026-05-01T00:04:11.898+0000] {processor.py:830} INFO - Processing file /home/airflow/.local/lib/python3.12/site-packages/airflow/example_dags/example_task_group_decorator.py for tasks to queue
[2026-05-01T00:04:11.900+0000] {logging_mixin.py:188} INFO - [2026-05-01T00:04:11.900+0000] {dagbag.py:545} INFO - Filling up the DagBag from /home/airflow/.local/lib/python3.12/site-packages/airflow/example_dags/example_task_group_decorator.py
[2026-05-01T00:04:11.909+0000] {processor.py:840} INFO - DAG(s) 'example_task_group_decorator' retrieved from /home/airflow/.local/lib/python3.12/site-packages/airflow/example_dags/example_task_group_decorator.py
[2026-05-01T00:04:11.923+0000] {logging_mixin.py:188} INFO - [2026-05-01T00:04:11.923+0000] {dag.py:3089} INFO - Sync 1 DAGs
[2026-05-01T00:04:11.931+0000] {logging_mixin.py:188} INFO - [2026-05-01T00:04:11.931+0000] {dag.py:3947} INFO - Setting next_dagrun for example_task_group_decorator to 2026-04-30 00:00:00+00:00, run_after=2026-05-01 00:00:00+00:00
[2026-05-01T00:04:11.938+0000] {processor.py:183} INFO - Processing /home/airflow/.local/lib/python3.12/site-packages/airflow/example_dags/example_task_group_decorator.py took 0.047 seconds
[2026-05-01T00:04:42.641+0000] {processor.py:161} INFO - Started process (PID=55494) to work on /home/airflow/.local/lib/python3.12/site-packages/airflow/example_dags/example_task_group_decorator.py
[2026-05-01T00:04:42.642+0000] {processor.py:830} INFO - Processing file /home/airflow/.local/lib/python3.12/site-packages/airflow/example_dags/example_task_group_decorator.py for tasks to queue
[2026-05-01T00:04:42.644+0000] {logging_mixin.py:188} INFO - [2026-05-01T00:04:42.644+0000] {dagbag.py:545} INFO - Filling up the DagBag from /home/airflow/.local/lib/python3.12/site-packages/airflow/example_dags/example_task_group_decorator.py
[2026-05-01T00:04:42.653+0000] {processor.py:840} INFO - DAG(s) 'example_task_group_decorator' retrieved from /home/airflow/.local/lib/python3.12/site-packages/airflow/example_dags/example_task_group_decorator.py
[2026-05-01T00:04:42.667+0000] {logging_mixin.py:188} INFO - [2026-05-01T00:04:42.667+0000] {dag.py:3089} INFO - Sync 1 DAGs
[2026-05-01T00:04:42.676+0000] {logging_mixin.py:188} INFO - [2026-05-01T00:04:42.676+0000] {dag.py:3947} INFO - Setting next_dagrun for example_task_group_decorator to 2026-04-30 00:00:00+00:00, run_after=2026-05-01 00:00:00+00:00
[2026-05-01T00:04:42.682+0000] {processor.py:183} INFO - Processing /home/airflow/.local/lib/python3.12/site-packages/airflow/example_dags/example_task_group_decorator.py took 0.047 seconds
[2026-05-01T00:05:13.441+0000] {processor.py:161} INFO - Started process (PID=55555) to work on /home/airflow/.local/lib/python3.12/site-packages/airflow/example_dags/example_task_group_decorator.py
[2026-05-01T00:05:13.443+0000] {processor.py:830} INFO - Processing file /home/airflow/.local/lib/python3.12/site-packages/airflow/example_dags/example_task_group_decorator.py for tasks to queue
[2026-05-01T00:05:13.444+0000] {logging_mixin.py:188} INFO - [2026-05-01T00:05:13.444+0000] {dagbag.py:545} INFO - Filling up the DagBag from /home/airflow/.local/lib/python3.12/site-packages/airflow/example_dags/example_task_group_decorator.py
[2026-05-01T00:05:13.454+0000] {processor.py:840} INFO - DAG(s) 'example_task_group_decorator' retrieved from /home/airflow/.local/lib/python3.12/site-packages/airflow/example_dags/example_task_group_decorator.py
[2026-05-01T00:05:13.469+0000] {logging_mixin.py:188} INFO - [2026-05-01T00:05:13.468+0000] {dag.py:3089} INFO - Sync 1 DAGs
[2026-05-01T00:05:13.477+0000] {logging_mixin.py:188} INFO - [2026-05-01T00:05:13.476+0000] {dag.py:3947} INFO - Setting next_dagrun for example_task_group_decorator to 2026-04-30 00:00:00+00:00, run_after=2026-05-01 00:00:00+00:00
[2026-05-01T00:05:13.482+0000] {processor.py:183} INFO - Processing /home/airflow/.local/lib/python3.12/site-packages/airflow/example_dags/example_task_group_decorator.py took 0.047 seconds
[2026-05-01T00:05:44.144+0000] {processor.py:161} INFO - Started process (PID=55615) to work on /home/airflow/.local/lib/python3.12/site-packages/airflow/example_dags/example_task_group_decorator.py
[2026-05-01T00:05:44.146+0000] {processor.py:830} INFO - Processing file /home/airflow/.local/lib/python3.12/site-packages/airflow/example_dags/example_task_group_decorator.py for tasks to queue
[2026-05-01T00:05:44.147+0000] {logging_mixin.py:188} INFO - [2026-05-01T00:05:44.146+0000] {dagbag.py:545} INFO - Filling up the DagBag from /home/airflow/.local/lib/python3.12/site-packages/airflow/example_dags/example_task_group_decorator.py
[2026-05-01T00:05:44.153+0000] {processor.py:840} INFO - DAG(s) 'example_task_group_decorator' retrieved from /home/airflow/.local/lib/python3.12/site-packages/airflow/example_dags/example_task_group_decorator.py
[2026-05-01T00:05:44.165+0000] {logging_mixin.py:188} INFO - [2026-05-01T00:05:44.165+0000] {dag.py:3089} INFO - Sync 1 DAGs
[2026-05-01T00:05:44.173+0000] {logging_mixin.py:188} INFO - [2026-05-01T00:05:44.173+0000] {dag.py:3947} INFO - Setting next_dagrun for example_task_group_decorator to 2026-04-30 00:00:00+00:00, run_after=2026-05-01 00:00:00+00:00
[2026-05-01T00:05:44.179+0000] {processor.py:183} INFO - Processing /home/airflow/.local/lib/python3.12/site-packages/airflow/example_dags/example_task_group_decorator.py took 0.038 seconds
[2026-05-01T00:06:14.976+0000] {processor.py:161} INFO - Started process (PID=55675) to work on /home/airflow/.local/lib/python3.12/site-packages/airflow/example_dags/example_task_group_decorator.py
[2026-05-01T00:06:14.978+0000] {processor.py:830} INFO - Processing file /home/airflow/.local/lib/python3.12/site-packages/airflow/example_dags/example_task_group_decorator.py for tasks to queue
[2026-05-01T00:06:14.980+0000] {logging_mixin.py:188} INFO - [2026-05-01T00:06:14.980+0000] {dagbag.py:545} INFO - Filling up the DagBag from /home/airflow/.local/lib/python3.12/site-packages/airflow/example_dags/example_task_group_decorator.py
[2026-05-01T00:06:14.989+0000] {processor.py:840} INFO - DAG(s) 'example_task_group_decorator' retrieved from /home/airflow/.local/lib/python3.12/site-packages/airflow/example_dags/example_task_group_decorator.py
[2026-05-01T00:06:15.004+0000] {logging_mixin.py:188} INFO - [2026-05-01T00:06:15.003+0000] {dag.py:3089} INFO - Sync 1 DAGs
[2026-05-01T00:06:15.012+0000] {logging_mixin.py:188} INFO - [2026-05-01T00:06:15.012+0000] {dag.py:3947} INFO - Setting next_dagrun for example_task_group_decorator to 2026-04-30 00:00:00+00:00, run_after=2026-05-01 00:00:00+00:00
[2026-05-01T00:06:15.018+0000] {processor.py:183} INFO - Processing /home/airflow/.local/lib/python3.12/site-packages/airflow/example_dags/example_task_group_decorator.py took 0.047 seconds
[2026-05-01T00:06:45.738+0000] {processor.py:161} INFO - Started process (PID=55735) to work on /home/airflow/.local/lib/python3.12/site-packages/airflow/example_dags/example_task_group_decorator.py
[2026-05-01T00:06:45.739+0000] {processor.py:830} INFO - Processing file /home/airflow/.local/lib/python3.12/site-packages/airflow/example_dags/example_task_group_decorator.py for tasks to queue
[2026-05-01T00:06:45.741+0000] {logging_mixin.py:188} INFO - [2026-05-01T00:06:45.741+0000] {dagbag.py:545} INFO - Filling up the DagBag from /home/airflow/.local/lib/python3.12/site-packages/airflow/example_dags/example_task_group_decorator.py
[2026-05-01T00:06:45.750+0000] {processor.py:840} INFO - DAG(s) 'example_task_group_decorator' retrieved from /home/airflow/.local/lib/python3.12/site-packages/airflow/example_dags/example_task_group_decorator.py
[2026-05-01T00:06:45.765+0000] {logging_mixin.py:188} INFO - [2026-05-01T00:06:45.765+0000] {dag.py:3089} INFO - Sync 1 DAGs
[2026-05-01T00:06:45.773+0000] {logging_mixin.py:188} INFO - [2026-05-01T00:06:45.773+0000] {dag.py:3947} INFO - Setting next_dagrun for example_task_group_decorator to 2026-04-30 00:00:00+00:00, run_after=2026-05-01 00:00:00+00:00
[2026-05-01T00:06:45.779+0000] {processor.py:183} INFO - Processing /home/airflow/.local/lib/python3.12/site-packages/airflow/example_dags/example_task_group_decorator.py took 0.046 seconds
[2026-05-01T00:07:15.861+0000] {processor.py:161} INFO - Started process (PID=55795) to work on /home/airflow/.local/lib/python3.12/site-packages/airflow/example_dags/example_task_group_decorator.py
[2026-05-01T00:07:15.862+0000] {processor.py:830} INFO - Processing file /home/airflow/.local/lib/python3.12/site-packages/airflow/example_dags/example_task_group_decorator.py for tasks to queue
[2026-05-01T00:07:15.864+0000] {logging_mixin.py:188} INFO - [2026-05-01T00:07:15.864+0000] {dagbag.py:545} INFO - Filling up the DagBag from /home/airflow/.local/lib/python3.12/site-packages/airflow/example_dags/example_task_group_decorator.py
[2026-05-01T00:07:15.873+0000] {processor.py:840} INFO - DAG(s) 'example_task_group_decorator' retrieved from /home/airflow/.local/lib/python3.12/site-packages/airflow/example_dags/example_task_group_decorator.py
[2026-05-01T00:07:15.887+0000] {logging_mixin.py:188} INFO - [2026-05-01T00:07:15.887+0000] {dag.py:3089} INFO - Sync 1 DAGs
[2026-05-01T00:07:15.895+0000] {logging_mixin.py:188} INFO - [2026-05-01T00:07:15.895+0000] {dag.py:3947} INFO - Setting next_dagrun for example_task_group_decorator to 2026-04-30 00:00:00+00:00, run_after=2026-05-01 00:00:00+00:00
[2026-05-01T00:07:15.902+0000] {processor.py:183} INFO - Processing /home/airflow/.local/lib/python3.12/site-packages/airflow/example_dags/example_task_group_decorator.py took 0.047 seconds
[2026-05-01T00:07:46.554+0000] {processor.py:161} INFO - Started process (PID=55855) to work on /home/airflow/.local/lib/python3.12/site-packages/airflow/example_dags/example_task_group_decorator.py
[2026-05-01T00:07:46.555+0000] {processor.py:830} INFO - Processing file /home/airflow/.local/lib/python3.12/site-packages/airflow/example_dags/example_task_group_decorator.py for tasks to queue
[2026-05-01T00:07:46.557+0000] {logging_mixin.py:188} INFO - [2026-05-01T00:07:46.557+0000] {dagbag.py:545} INFO - Filling up the DagBag from /home/airflow/.local/lib/python3.12/site-packages/airflow/example_dags/example_task_group_decorator.py
[2026-05-01T00:07:46.567+0000] {processor.py:840} INFO - DAG(s) 'example_task_group_decorator' retrieved from /home/airflow/.local/lib/python3.12/site-packages/airflow/example_dags/example_task_group_decorator.py
[2026-05-01T00:07:46.581+0000] {logging_mixin.py:188} INFO - [2026-05-01T00:07:46.581+0000] {dag.py:3089} INFO - Sync 1 DAGs
[2026-05-01T00:07:46.590+0000] {logging_mixin.py:188} INFO - [2026-05-01T00:07:46.589+0000] {dag.py:3947} INFO - Setting next_dagrun for example_task_group_decorator to 2026-04-30 00:00:00+00:00, run_after=2026-05-01 00:00:00+00:00
[2026-05-01T00:07:46.596+0000] {processor.py:183} INFO - Processing /home/airflow/.local/lib/python3.12/site-packages/airflow/example_dags/example_task_group_decorator.py took 0.048 seconds
[2026-05-01T00:08:17.265+0000] {processor.py:161} INFO - Started process (PID=55915) to work on /home/airflow/.local/lib/python3.12/site-packages/airflow/example_dags/example_task_group_decorator.py
[2026-05-01T00:08:17.267+0000] {processor.py:830} INFO - Processing file /home/airflow/.local/lib/python3.12/site-packages/airflow/example_dags/example_task_group_decorator.py for tasks to queue
[2026-05-01T00:08:17.269+0000] {logging_mixin.py:188} INFO - [2026-05-01T00:08:17.269+0000] {dagbag.py:545} INFO - Filling up the DagBag from /home/airflow/.local/lib/python3.12/site-packages/airflow/example_dags/example_task_group_decorator.py
[2026-05-01T00:08:17.278+0000] {processor.py:840} INFO - DAG(s) 'example_task_group_decorator' retrieved from /home/airflow/.local/lib/python3.12/site-packages/airflow/example_dags/example_task_group_decorator.py
[2026-05-01T00:08:17.293+0000] {logging_mixin.py:188} INFO - [2026-05-01T00:08:17.293+0000] {dag.py:3089} INFO - Sync 1 DAGs
[2026-05-01T00:08:17.300+0000] {logging_mixin.py:188} INFO - [2026-05-01T00:08:17.300+0000] {dag.py:3947} INFO - Setting next_dagrun for example_task_group_decorator to 2026-04-30 00:00:00+00:00, run_after=2026-05-01 00:00:00+00:00
[2026-05-01T00:08:17.307+0000] {processor.py:183} INFO - Processing /home/airflow/.local/lib/python3.12/site-packages/airflow/example_dags/example_task_group_decorator.py took 0.047 seconds
[2026-05-01T00:08:48.181+0000] {processor.py:161} INFO - Started process (PID=55976) to work on /home/airflow/.local/lib/python3.12/site-packages/airflow/example_dags/example_task_group_decorator.py
[2026-05-01T00:08:48.183+0000] {processor.py:830} INFO - Processing file /home/airflow/.local/lib/python3.12/site-packages/airflow/example_dags/example_task_group_decorator.py for tasks to queue
[2026-05-01T00:08:48.185+0000] {logging_mixin.py:188} INFO - [2026-05-01T00:08:48.184+0000] {dagbag.py:545} INFO - Filling up the DagBag from /home/airflow/.local/lib/python3.12/site-packages/airflow/example_dags/example_task_group_decorator.py
[2026-05-01T00:08:48.195+0000] {processor.py:840} INFO - DAG(s) 'example_task_group_decorator' retrieved from /home/airflow/.local/lib/python3.12/site-packages/airflow/example_dags/example_task_group_decorator.py
[2026-05-01T00:08:48.288+0000] {logging_mixin.py:188} INFO - [2026-05-01T00:08:48.288+0000] {dag.py:3089} INFO - Sync 1 DAGs
[2026-05-01T00:08:48.294+0000] {logging_mixin.py:188} INFO - [2026-05-01T00:08:48.294+0000] {dag.py:3947} INFO - Setting next_dagrun for example_task_group_decorator to 2026-04-30 00:00:00+00:00, run_after=2026-05-01 00:00:00+00:00
[2026-05-01T00:08:48.299+0000] {processor.py:183} INFO - Processing /home/airflow/.local/lib/python3.12/site-packages/airflow/example_dags/example_task_group_decorator.py took 0.124 seconds
[2026-05-01T00:09:19.279+0000] {processor.py:161} INFO - Started process (PID=56036) to work on /home/airflow/.local/lib/python3.12/site-packages/airflow/example_dags/example_task_group_decorator.py
[2026-05-01T00:09:19.281+0000] {processor.py:830} INFO - Processing file /home/airflow/.local/lib/python3.12/site-packages/airflow/example_dags/example_task_group_decorator.py for tasks to queue
[2026-05-01T00:09:19.282+0000] {logging_mixin.py:188} INFO - [2026-05-01T00:09:19.282+0000] {dagbag.py:545} INFO - Filling up the DagBag from /home/airflow/.local/lib/python3.12/site-packages/airflow/example_dags/example_task_group_decorator.py
[2026-05-01T00:09:19.292+0000] {processor.py:840} INFO - DAG(s) 'example_task_group_decorator' retrieved from /home/airflow/.local/lib/python3.12/site-packages/airflow/example_dags/example_task_group_decorator.py
[2026-05-01T00:09:19.306+0000] {logging_mixin.py:188} INFO - [2026-05-01T00:09:19.306+0000] {dag.py:3089} INFO - Sync 1 DAGs
[2026-05-01T00:09:19.314+0000] {logging_mixin.py:188} INFO - [2026-05-01T00:09:19.314+0000] {dag.py:3947} INFO - Setting next_dagrun for example_task_group_decorator to 2026-04-30 00:00:00+00:00, run_after=2026-05-01 00:00:00+00:00
[2026-05-01T00:09:19.320+0000] {processor.py:183} INFO - Processing /home/airflow/.local/lib/python3.12/site-packages/airflow/example_dags/example_task_group_decorator.py took 0.048 seconds
[2026-05-01T00:09:50.034+0000] {processor.py:161} INFO - Started process (PID=56096) to work on /home/airflow/.local/lib/python3.12/site-packages/airflow/example_dags/example_task_group_decorator.py
[2026-05-01T00:09:50.036+0000] {processor.py:830} INFO - Processing file /home/airflow/.local/lib/python3.12/site-packages/airflow/example_dags/example_task_group_decorator.py for tasks to queue
[2026-05-01T00:09:50.038+0000] {logging_mixin.py:188} INFO - [2026-05-01T00:09:50.037+0000] {dagbag.py:545} INFO - Filling up the DagBag from /home/airflow/.local/lib/python3.12/site-packages/airflow/example_dags/example_task_group_decorator.py
[2026-05-01T00:09:50.047+0000] {processor.py:840} INFO - DAG(s) 'example_task_group_decorator' retrieved from /home/airflow/.local/lib/python3.12/site-packages/airflow/example_dags/example_task_group_decorator.py
[2026-05-01T00:09:50.062+0000] {logging_mixin.py:188} INFO - [2026-05-01T00:09:50.062+0000] {dag.py:3089} INFO - Sync 1 DAGs
[2026-05-01T00:09:50.070+0000] {logging_mixin.py:188} INFO - [2026-05-01T00:09:50.070+0000] {dag.py:3947} INFO - Setting next_dagrun for example_task_group_decorator to 2026-04-30 00:00:00+00:00, run_after=2026-05-01 00:00:00+00:00
[2026-05-01T00:09:50.076+0000] {processor.py:183} INFO - Processing /home/airflow/.local/lib/python3.12/site-packages/airflow/example_dags/example_task_group_decorator.py took 0.048 seconds
[2026-05-01T00:10:20.762+0000] {processor.py:161} INFO - Started process (PID=56156) to work on /home/airflow/.local/lib/python3.12/site-packages/airflow/example_dags/example_task_group_decorator.py
[2026-05-01T00:10:20.764+0000] {processor.py:830} INFO - Processing file /home/airflow/.local/lib/python3.12/site-packages/airflow/example_dags/example_task_group_decorator.py for tasks to queue
[2026-05-01T00:10:20.766+0000] {logging_mixin.py:188} INFO - [2026-05-01T00:10:20.765+0000] {dagbag.py:545} INFO - Filling up the DagBag from /home/airflow/.local/lib/python3.12/site-packages/airflow/example_dags/example_task_group_decorator.py
[2026-05-01T00:10:20.775+0000] {processor.py:840} INFO - DAG(s) 'example_task_group_decorator' retrieved from /home/airflow/.local/lib/python3.12/site-packages/airflow/example_dags/example_task_group_decorator.py
[2026-05-01T00:10:20.790+0000] {logging_mixin.py:188} INFO - [2026-05-01T00:10:20.790+0000] {dag.py:3089} INFO - Sync 1 DAGs
[2026-05-01T00:10:20.798+0000] {logging_mixin.py:188} INFO - [2026-05-01T00:10:20.798+0000] {dag.py:3947} INFO - Setting next_dagrun for example_task_group_decorator to 2026-04-30 00:00:00+00:00, run_after=2026-05-01 00:00:00+00:00
[2026-05-01T00:10:20.804+0000] {processor.py:183} INFO - Processing /home/airflow/.local/lib/python3.12/site-packages/airflow/example_dags/example_task_group_decorator.py took 0.048 seconds
[2026-05-01T00:10:51.683+0000] {processor.py:161} INFO - Started process (PID=56216) to work on /home/airflow/.local/lib/python3.12/site-packages/airflow/example_dags/example_task_group_decorator.py
[2026-05-01T00:10:51.720+0000] {processor.py:830} INFO - Processing file /home/airflow/.local/lib/python3.12/site-packages/airflow/example_dags/example_task_group_decorator.py for tasks to queue
[2026-05-01T00:10:51.737+0000] {logging_mixin.py:188} INFO - [2026-05-01T00:10:51.736+0000] {dagbag.py:545} INFO - Filling up the DagBag from /home/airflow/.local/lib/python3.12/site-packages/airflow/example_dags/example_task_group_decorator.py
[2026-05-01T00:10:51.769+0000] {processor.py:840} INFO - DAG(s) 'example_task_group_decorator' retrieved from /home/airflow/.local/lib/python3.12/site-packages/airflow/example_dags/example_task_group_decorator.py
[2026-05-01T00:10:51.835+0000] {logging_mixin.py:188} INFO - [2026-05-01T00:10:51.835+0000] {dag.py:3089} INFO - Sync 1 DAGs
[2026-05-01T00:10:51.851+0000] {logging_mixin.py:188} INFO - [2026-05-01T00:10:51.851+0000] {dag.py:3947} INFO - Setting next_dagrun for example_task_group_decorator to 2026-04-30 00:00:00+00:00, run_after=2026-05-01 00:00:00+00:00
[2026-05-01T00:10:51.863+0000] {processor.py:183} INFO - Processing /home/airflow/.local/lib/python3.12/site-packages/airflow/example_dags/example_task_group_decorator.py took 0.302 seconds
[2026-05-01T00:11:22.634+0000] {processor.py:161} INFO - Started process (PID=56276) to work on /home/airflow/.local/lib/python3.12/site-packages/airflow/example_dags/example_task_group_decorator.py
[2026-05-01T00:11:22.636+0000] {processor.py:830} INFO - Processing file /home/airflow/.local/lib/python3.12/site-packages/airflow/example_dags/example_task_group_decorator.py for tasks to queue
[2026-05-01T00:11:22.637+0000] {logging_mixin.py:188} INFO - [2026-05-01T00:11:22.637+0000] {dagbag.py:545} INFO - Filling up the DagBag from /home/airflow/.local/lib/python3.12/site-packages/airflow/example_dags/example_task_group_decorator.py
[2026-05-01T00:11:22.647+0000] {processor.py:840} INFO - DAG(s) 'example_task_group_decorator' retrieved from /home/airflow/.local/lib/python3.12/site-packages/airflow/example_dags/example_task_group_decorator.py
[2026-05-01T00:11:22.662+0000] {logging_mixin.py:188} INFO - [2026-05-01T00:11:22.662+0000] {dag.py:3089} INFO - Sync 1 DAGs
[2026-05-01T00:11:22.670+0000] {logging_mixin.py:188} INFO - [2026-05-01T00:11:22.670+0000] {dag.py:3947} INFO - Setting next_dagrun for example_task_group_decorator to 2026-04-30 00:00:00+00:00, run_after=2026-05-01 00:00:00+00:00
[2026-05-01T00:11:22.677+0000] {processor.py:183} INFO - Processing /home/airflow/.local/lib/python3.12/site-packages/airflow/example_dags/example_task_group_decorator.py took 0.050 seconds
[2026-05-01T00:11:53.289+0000] {processor.py:161} INFO - Started process (PID=56336) to work on /home/airflow/.local/lib/python3.12/site-packages/airflow/example_dags/example_task_group_decorator.py
[2026-05-01T00:11:53.290+0000] {processor.py:830} INFO - Processing file /home/airflow/.local/lib/python3.12/site-packages/airflow/example_dags/example_task_group_decorator.py for tasks to queue
[2026-05-01T00:11:53.291+0000] {logging_mixin.py:188} INFO - [2026-05-01T00:11:53.291+0000] {dagbag.py:545} INFO - Filling up the DagBag from /home/airflow/.local/lib/python3.12/site-packages/airflow/example_dags/example_task_group_decorator.py
[2026-05-01T00:11:53.304+0000] {processor.py:840} INFO - DAG(s) 'example_task_group_decorator' retrieved from /home/airflow/.local/lib/python3.12/site-packages/airflow/example_dags/example_task_group_decorator.py
[2026-05-01T00:11:53.318+0000] {logging_mixin.py:188} INFO - [2026-05-01T00:11:53.318+0000] {dag.py:3089} INFO - Sync 1 DAGs
[2026-05-01T00:11:53.328+0000] {logging_mixin.py:188} INFO - [2026-05-01T00:11:53.328+0000] {dag.py:3947} INFO - Setting next_dagrun for example_task_group_decorator to 2026-04-30 00:00:00+00:00, run_after=2026-05-01 00:00:00+00:00
[2026-05-01T00:11:53.338+0000] {processor.py:183} INFO - Processing /home/airflow/.local/lib/python3.12/site-packages/airflow/example_dags/example_task_group_decorator.py took 0.055 seconds
[2026-05-01T00:12:23.966+0000] {processor.py:161} INFO - Started process (PID=56396) to work on /home/airflow/.local/lib/python3.12/site-packages/airflow/example_dags/example_task_group_decorator.py
[2026-05-01T00:12:23.967+0000] {processor.py:830} INFO - Processing file /home/airflow/.local/lib/python3.12/site-packages/airflow/example_dags/example_task_group_decorator.py for tasks to queue
[2026-05-01T00:12:23.969+0000] {logging_mixin.py:188} INFO - [2026-05-01T00:12:23.969+0000] {dagbag.py:545} INFO - Filling up the DagBag from /home/airflow/.local/lib/python3.12/site-packages/airflow/example_dags/example_task_group_decorator.py
[2026-05-01T00:12:23.979+0000] {processor.py:840} INFO - DAG(s) 'example_task_group_decorator' retrieved from /home/airflow/.local/lib/python3.12/site-packages/airflow/example_dags/example_task_group_decorator.py
[2026-05-01T00:12:23.995+0000] {logging_mixin.py:188} INFO - [2026-05-01T00:12:23.995+0000] {dag.py:3089} INFO - Sync 1 DAGs
[2026-05-01T00:12:24.005+0000] {logging_mixin.py:188} INFO - [2026-05-01T00:12:24.005+0000] {dag.py:3947} INFO - Setting next_dagrun for example_task_group_decorator to 2026-04-30 00:00:00+00:00, run_after=2026-05-01 00:00:00+00:00
[2026-05-01T00:12:24.012+0000] {processor.py:183} INFO - Processing /home/airflow/.local/lib/python3.12/site-packages/airflow/example_dags/example_task_group_decorator.py took 0.052 seconds
[2026-05-01T00:12:54.764+0000] {processor.py:161} INFO - Started process (PID=56456) to work on /home/airflow/.local/lib/python3.12/site-packages/airflow/example_dags/example_task_group_decorator.py
[2026-05-01T00:12:54.766+0000] {processor.py:830} INFO - Processing file /home/airflow/.local/lib/python3.12/site-packages/airflow/example_dags/example_task_group_decorator.py for tasks to queue
[2026-05-01T00:12:54.768+0000] {logging_mixin.py:188} INFO - [2026-05-01T00:12:54.768+0000] {dagbag.py:545} INFO - Filling up the DagBag from /home/airflow/.local/lib/python3.12/site-packages/airflow/example_dags/example_task_group_decorator.py
[2026-05-01T00:12:54.779+0000] {processor.py:840} INFO - DAG(s) 'example_task_group_decorator' retrieved from /home/airflow/.local/lib/python3.12/site-packages/airflow/example_dags/example_task_group_decorator.py
[2026-05-01T00:12:54.792+0000] {logging_mixin.py:188} INFO - [2026-05-01T00:12:54.792+0000] {dag.py:3089} INFO - Sync 1 DAGs
[2026-05-01T00:12:54.801+0000] {logging_mixin.py:188} INFO - [2026-05-01T00:12:54.801+0000] {dag.py:3947} INFO - Setting next_dagrun for example_task_group_decorator to 2026-04-30 00:00:00+00:00, run_after=2026-05-01 00:00:00+00:00
[2026-05-01T00:12:54.807+0000] {processor.py:183} INFO - Processing /home/airflow/.local/lib/python3.12/site-packages/airflow/example_dags/example_task_group_decorator.py took 0.050 seconds
[2026-05-01T00:13:25.493+0000] {processor.py:161} INFO - Started process (PID=56516) to work on /home/airflow/.local/lib/python3.12/site-packages/airflow/example_dags/example_task_group_decorator.py
[2026-05-01T00:13:25.494+0000] {processor.py:830} INFO - Processing file /home/airflow/.local/lib/python3.12/site-packages/airflow/example_dags/example_task_group_decorator.py for tasks to queue
[2026-05-01T00:13:25.496+0000] {logging_mixin.py:188} INFO - [2026-05-01T00:13:25.496+0000] {dagbag.py:545} INFO - Filling up the DagBag from /home/airflow/.local/lib/python3.12/site-packages/airflow/example_dags/example_task_group_decorator.py
[2026-05-01T00:13:25.507+0000] {processor.py:840} INFO - DAG(s) 'example_task_group_decorator' retrieved from /home/airflow/.local/lib/python3.12/site-packages/airflow/example_dags/example_task_group_decorator.py
[2026-05-01T00:13:25.523+0000] {logging_mixin.py:188} INFO - [2026-05-01T00:13:25.523+0000] {dag.py:3089} INFO - Sync 1 DAGs
[2026-05-01T00:13:25.533+0000] {logging_mixin.py:188} INFO - [2026-05-01T00:13:25.533+0000] {dag.py:3947} INFO - Setting next_dagrun for example_task_group_decorator to 2026-04-30 00:00:00+00:00, run_after=2026-05-01 00:00:00+00:00
[2026-05-01T00:13:25.539+0000] {processor.py:183} INFO - Processing /home/airflow/.local/lib/python3.12/site-packages/airflow/example_dags/example_task_group_decorator.py took 0.052 seconds
[2026-05-01T00:13:55.823+0000] {processor.py:161} INFO - Started process (PID=56576) to work on /home/airflow/.local/lib/python3.12/site-packages/airflow/example_dags/example_task_group_decorator.py
[2026-05-01T00:13:55.825+0000] {processor.py:830} INFO - Processing file /home/airflow/.local/lib/python3.12/site-packages/airflow/example_dags/example_task_group_decorator.py for tasks to queue
[2026-05-01T00:13:55.826+0000] {logging_mixin.py:188} INFO - [2026-05-01T00:13:55.826+0000] {dagbag.py:545} INFO - Filling up the DagBag from /home/airflow/.local/lib/python3.12/site-packages/airflow/example_dags/example_task_group_decorator.py
[2026-05-01T00:13:55.837+0000] {processor.py:840} INFO - DAG(s) 'example_task_group_decorator' retrieved from /home/airflow/.local/lib/python3.12/site-packages/airflow/example_dags/example_task_group_decorator.py
[2026-05-01T00:13:55.852+0000] {logging_mixin.py:188} INFO - [2026-05-01T00:13:55.852+0000] {dag.py:3089} INFO - Sync 1 DAGs
[2026-05-01T00:13:55.863+0000] {logging_mixin.py:188} INFO - [2026-05-01T00:13:55.863+0000] {dag.py:3947} INFO - Setting next_dagrun for example_task_group_decorator to 2026-04-30 00:00:00+00:00, run_after=2026-05-01 00:00:00+00:00
[2026-05-01T00:13:55.871+0000] {processor.py:183} INFO - Processing /home/airflow/.local/lib/python3.12/site-packages/airflow/example_dags/example_task_group_decorator.py took 0.053 seconds
[2026-05-01T00:14:26.558+0000] {processor.py:161} INFO - Started process (PID=56636) to work on /home/airflow/.local/lib/python3.12/site-packages/airflow/example_dags/example_task_group_decorator.py
[2026-05-01T00:14:26.560+0000] {processor.py:830} INFO - Processing file /home/airflow/.local/lib/python3.12/site-packages/airflow/example_dags/example_task_group_decorator.py for tasks to queue
[2026-05-01T00:14:26.561+0000] {logging_mixin.py:188} INFO - [2026-05-01T00:14:26.561+0000] {dagbag.py:545} INFO - Filling up the DagBag from /home/airflow/.local/lib/python3.12/site-packages/airflow/example_dags/example_task_group_decorator.py
[2026-05-01T00:14:26.571+0000] {processor.py:840} INFO - DAG(s) 'example_task_group_decorator' retrieved from /home/airflow/.local/lib/python3.12/site-packages/airflow/example_dags/example_task_group_decorator.py
[2026-05-01T00:14:26.586+0000] {logging_mixin.py:188} INFO - [2026-05-01T00:14:26.586+0000] {dag.py:3089} INFO - Sync 1 DAGs
[2026-05-01T00:14:26.594+0000] {logging_mixin.py:188} INFO - [2026-05-01T00:14:26.594+0000] {dag.py:3947} INFO - Setting next_dagrun for example_task_group_decorator to 2026-04-30 00:00:00+00:00, run_after=2026-05-01 00:00:00+00:00
[2026-05-01T00:14:26.600+0000] {processor.py:183} INFO - Processing /home/airflow/.local/lib/python3.12/site-packages/airflow/example_dags/example_task_group_decorator.py took 0.049 seconds
[2026-05-01T00:14:57.062+0000] {processor.py:161} INFO - Started process (PID=56696) to work on /home/airflow/.local/lib/python3.12/site-packages/airflow/example_dags/example_task_group_decorator.py
[2026-05-01T00:14:57.064+0000] {processor.py:830} INFO - Processing file /home/airflow/.local/lib/python3.12/site-packages/airflow/example_dags/example_task_group_decorator.py for tasks to queue
[2026-05-01T00:14:57.065+0000] {logging_mixin.py:188} INFO - [2026-05-01T00:14:57.065+0000] {dagbag.py:545} INFO - Filling up the DagBag from /home/airflow/.local/lib/python3.12/site-packages/airflow/example_dags/example_task_group_decorator.py
[2026-05-01T00:14:57.071+0000] {processor.py:840} INFO - DAG(s) 'example_task_group_decorator' retrieved from /home/airflow/.local/lib/python3.12/site-packages/airflow/example_dags/example_task_group_decorator.py
[2026-05-01T00:14:57.082+0000] {logging_mixin.py:188} INFO - [2026-05-01T00:14:57.082+0000] {dag.py:3089} INFO - Sync 1 DAGs
[2026-05-01T00:14:57.090+0000] {logging_mixin.py:188} INFO - [2026-05-01T00:14:57.090+0000] {dag.py:3947} INFO - Setting next_dagrun for example_task_group_decorator to 2026-04-30 00:00:00+00:00, run_after=2026-05-01 00:00:00+00:00
[2026-05-01T00:14:57.096+0000] {processor.py:183} INFO - Processing /home/airflow/.local/lib/python3.12/site-packages/airflow/example_dags/example_task_group_decorator.py took 0.037 seconds
[2026-05-01T00:15:27.679+0000] {processor.py:161} INFO - Started process (PID=56756) to work on /home/airflow/.local/lib/python3.12/site-packages/airflow/example_dags/example_task_group_decorator.py
[2026-05-01T00:15:27.681+0000] {processor.py:830} INFO - Processing file /home/airflow/.local/lib/python3.12/site-packages/airflow/example_dags/example_task_group_decorator.py for tasks to queue
[2026-05-01T00:15:27.683+0000] {logging_mixin.py:188} INFO - [2026-05-01T00:15:27.683+0000] {dagbag.py:545} INFO - Filling up the DagBag from /home/airflow/.local/lib/python3.12/site-packages/airflow/example_dags/example_task_group_decorator.py
[2026-05-01T00:15:27.693+0000] {processor.py:840} INFO - DAG(s) 'example_task_group_decorator' retrieved from /home/airflow/.local/lib/python3.12/site-packages/airflow/example_dags/example_task_group_decorator.py
[2026-05-01T00:15:27.707+0000] {logging_mixin.py:188} INFO - [2026-05-01T00:15:27.707+0000] {dag.py:3089} INFO - Sync 1 DAGs
[2026-05-01T00:15:27.715+0000] {logging_mixin.py:188} INFO - [2026-05-01T00:15:27.715+0000] {dag.py:3947} INFO - Setting next_dagrun for example_task_group_decorator to 2026-04-30 00:00:00+00:00, run_after=2026-05-01 00:00:00+00:00
[2026-05-01T00:15:27.722+0000] {processor.py:183} INFO - Processing /home/airflow/.local/lib/python3.12/site-packages/airflow/example_dags/example_task_group_decorator.py took 0.049 seconds
[2026-05-01T00:15:58.325+0000] {processor.py:161} INFO - Started process (PID=56816) to work on /home/airflow/.local/lib/python3.12/site-packages/airflow/example_dags/example_task_group_decorator.py
[2026-05-01T00:15:58.326+0000] {processor.py:830} INFO - Processing file /home/airflow/.local/lib/python3.12/site-packages/airflow/example_dags/example_task_group_decorator.py for tasks to queue
[2026-05-01T00:15:58.328+0000] {logging_mixin.py:188} INFO - [2026-05-01T00:15:58.327+0000] {dagbag.py:545} INFO - Filling up the DagBag from /home/airflow/.local/lib/python3.12/site-packages/airflow/example_dags/example_task_group_decorator.py
[2026-05-01T00:15:58.336+0000] {processor.py:840} INFO - DAG(s) 'example_task_group_decorator' retrieved from /home/airflow/.local/lib/python3.12/site-packages/airflow/example_dags/example_task_group_decorator.py
[2026-05-01T00:15:58.347+0000] {logging_mixin.py:188} INFO - [2026-05-01T00:15:58.347+0000] {dag.py:3089} INFO - Sync 1 DAGs
[2026-05-01T00:15:58.355+0000] {logging_mixin.py:188} INFO - [2026-05-01T00:15:58.355+0000] {dag.py:3947} INFO - Setting next_dagrun for example_task_group_decorator to 2026-04-30 00:00:00+00:00, run_after=2026-05-01 00:00:00+00:00
[2026-05-01T00:15:58.361+0000] {processor.py:183} INFO - Processing /home/airflow/.local/lib/python3.12/site-packages/airflow/example_dags/example_task_group_decorator.py took 0.042 seconds
[2026-05-01T00:16:28.944+0000] {processor.py:161} INFO - Started process (PID=56876) to work on /home/airflow/.local/lib/python3.12/site-packages/airflow/example_dags/example_task_group_decorator.py
[2026-05-01T00:16:28.946+0000] {processor.py:830} INFO - Processing file /home/airflow/.local/lib/python3.12/site-packages/airflow/example_dags/example_task_group_decorator.py for tasks to queue
[2026-05-01T00:16:28.947+0000] {logging_mixin.py:188} INFO - [2026-05-01T00:16:28.947+0000] {dagbag.py:545} INFO - Filling up the DagBag from /home/airflow/.local/lib/python3.12/site-packages/airflow/example_dags/example_task_group_decorator.py
[2026-05-01T00:16:28.957+0000] {processor.py:840} INFO - DAG(s) 'example_task_group_decorator' retrieved from /home/airflow/.local/lib/python3.12/site-packages/airflow/example_dags/example_task_group_decorator.py
[2026-05-01T00:16:28.973+0000] {logging_mixin.py:188} INFO - [2026-05-01T00:16:28.972+0000] {dag.py:3089} INFO - Sync 1 DAGs
[2026-05-01T00:16:28.981+0000] {logging_mixin.py:188} INFO - [2026-05-01T00:16:28.981+0000] {dag.py:3947} INFO - Setting next_dagrun for example_task_group_decorator to 2026-04-30 00:00:00+00:00, run_after=2026-05-01 00:00:00+00:00
[2026-05-01T00:16:28.988+0000] {processor.py:183} INFO - Processing /home/airflow/.local/lib/python3.12/site-packages/airflow/example_dags/example_task_group_decorator.py took 0.051 seconds
[2026-05-01T00:16:59.575+0000] {processor.py:161} INFO - Started process (PID=56936) to work on /home/airflow/.local/lib/python3.12/site-packages/airflow/example_dags/example_task_group_decorator.py
[2026-05-01T00:16:59.578+0000] {processor.py:830} INFO - Processing file /home/airflow/.local/lib/python3.12/site-packages/airflow/example_dags/example_task_group_decorator.py for tasks to queue
[2026-05-01T00:16:59.580+0000] {logging_mixin.py:188} INFO - [2026-05-01T00:16:59.579+0000] {dagbag.py:545} INFO - Filling up the DagBag from /home/airflow/.local/lib/python3.12/site-packages/airflow/example_dags/example_task_group_decorator.py
[2026-05-01T00:16:59.591+0000] {processor.py:840} INFO - DAG(s) 'example_task_group_decorator' retrieved from /home/airflow/.local/lib/python3.12/site-packages/airflow/example_dags/example_task_group_decorator.py
[2026-05-01T00:16:59.606+0000] {logging_mixin.py:188} INFO - [2026-05-01T00:16:59.605+0000] {dag.py:3089} INFO - Sync 1 DAGs
[2026-05-01T00:16:59.615+0000] {logging_mixin.py:188} INFO - [2026-05-01T00:16:59.614+0000] {dag.py:3947} INFO - Setting next_dagrun for example_task_group_decorator to 2026-04-30 00:00:00+00:00, run_after=2026-05-01 00:00:00+00:00
[2026-05-01T00:16:59.621+0000] {processor.py:183} INFO - Processing /home/airflow/.local/lib/python3.12/site-packages/airflow/example_dags/example_task_group_decorator.py took 0.055 seconds
[2026-05-01T00:17:29.669+0000] {processor.py:161} INFO - Started process (PID=56996) to work on /home/airflow/.local/lib/python3.12/site-packages/airflow/example_dags/example_task_group_decorator.py
[2026-05-01T00:17:29.670+0000] {processor.py:830} INFO - Processing file /home/airflow/.local/lib/python3.12/site-packages/airflow/example_dags/example_task_group_decorator.py for tasks to queue
[2026-05-01T00:17:29.672+0000] {logging_mixin.py:188} INFO - [2026-05-01T00:17:29.672+0000] {dagbag.py:545} INFO - Filling up the DagBag from /home/airflow/.local/lib/python3.12/site-packages/airflow/example_dags/example_task_group_decorator.py
[2026-05-01T00:17:29.684+0000] {processor.py:840} INFO - DAG(s) 'example_task_group_decorator' retrieved from /home/airflow/.local/lib/python3.12/site-packages/airflow/example_dags/example_task_group_decorator.py
[2026-05-01T00:17:29.699+0000] {logging_mixin.py:188} INFO - [2026-05-01T00:17:29.699+0000] {dag.py:3089} INFO - Sync 1 DAGs
[2026-05-01T00:17:29.708+0000] {logging_mixin.py:188} INFO - [2026-05-01T00:17:29.708+0000] {dag.py:3947} INFO - Setting next_dagrun for example_task_group_decorator to 2026-04-30 00:00:00+00:00, run_after=2026-05-01 00:00:00+00:00
[2026-05-01T00:17:29.715+0000] {processor.py:183} INFO - Processing /home/airflow/.local/lib/python3.12/site-packages/airflow/example_dags/example_task_group_decorator.py took 0.052 seconds
[2026-05-01T00:17:59.838+0000] {processor.py:161} INFO - Started process (PID=57055) to work on /home/airflow/.local/lib/python3.12/site-packages/airflow/example_dags/example_task_group_decorator.py
[2026-05-01T00:17:59.840+0000] {processor.py:830} INFO - Processing file /home/airflow/.local/lib/python3.12/site-packages/airflow/example_dags/example_task_group_decorator.py for tasks to queue
[2026-05-01T00:17:59.842+0000] {logging_mixin.py:188} INFO - [2026-05-01T00:17:59.842+0000] {dagbag.py:545} INFO - Filling up the DagBag from /home/airflow/.local/lib/python3.12/site-packages/airflow/example_dags/example_task_group_decorator.py
[2026-05-01T00:17:59.851+0000] {processor.py:840} INFO - DAG(s) 'example_task_group_decorator' retrieved from /home/airflow/.local/lib/python3.12/site-packages/airflow/example_dags/example_task_group_decorator.py
[2026-05-01T00:17:59.862+0000] {logging_mixin.py:188} INFO - [2026-05-01T00:17:59.862+0000] {dag.py:3089} INFO - Sync 1 DAGs
[2026-05-01T00:17:59.871+0000] {logging_mixin.py:188} INFO - [2026-05-01T00:17:59.871+0000] {dag.py:3947} INFO - Setting next_dagrun for example_task_group_decorator to 2026-04-30 00:00:00+00:00, run_after=2026-05-01 00:00:00+00:00
[2026-05-01T00:17:59.877+0000] {processor.py:183} INFO - Processing /home/airflow/.local/lib/python3.12/site-packages/airflow/example_dags/example_task_group_decorator.py took 0.045 seconds
[2026-05-01T00:18:30.597+0000] {processor.py:161} INFO - Started process (PID=57115) to work on /home/airflow/.local/lib/python3.12/site-packages/airflow/example_dags/example_task_group_decorator.py
[2026-05-01T00:18:30.599+0000] {processor.py:830} INFO - Processing file /home/airflow/.local/lib/python3.12/site-packages/airflow/example_dags/example_task_group_decorator.py for tasks to queue
[2026-05-01T00:18:30.600+0000] {logging_mixin.py:188} INFO - [2026-05-01T00:18:30.600+0000] {dagbag.py:545} INFO - Filling up the DagBag from /home/airflow/.local/lib/python3.12/site-packages/airflow/example_dags/example_task_group_decorator.py
[2026-05-01T00:18:30.610+0000] {processor.py:840} INFO - DAG(s) 'example_task_group_decorator' retrieved from /home/airflow/.local/lib/python3.12/site-packages/airflow/example_dags/example_task_group_decorator.py
[2026-05-01T00:18:30.624+0000] {logging_mixin.py:188} INFO - [2026-05-01T00:18:30.624+0000] {dag.py:3089} INFO - Sync 1 DAGs
[2026-05-01T00:18:30.632+0000] {logging_mixin.py:188} INFO - [2026-05-01T00:18:30.632+0000] {dag.py:3947} INFO - Setting next_dagrun for example_task_group_decorator to 2026-04-30 00:00:00+00:00, run_after=2026-05-01 00:00:00+00:00
[2026-05-01T00:18:30.638+0000] {processor.py:183} INFO - Processing /home/airflow/.local/lib/python3.12/site-packages/airflow/example_dags/example_task_group_decorator.py took 0.047 seconds
[2026-05-01T00:19:01.177+0000] {processor.py:161} INFO - Started process (PID=57175) to work on /home/airflow/.local/lib/python3.12/site-packages/airflow/example_dags/example_task_group_decorator.py
[2026-05-01T00:19:01.179+0000] {processor.py:830} INFO - Processing file /home/airflow/.local/lib/python3.12/site-packages/airflow/example_dags/example_task_group_decorator.py for tasks to queue
[2026-05-01T00:19:01.181+0000] {logging_mixin.py:188} INFO - [2026-05-01T00:19:01.180+0000] {dagbag.py:545} INFO - Filling up the DagBag from /home/airflow/.local/lib/python3.12/site-packages/airflow/example_dags/example_task_group_decorator.py
[2026-05-01T00:19:01.190+0000] {processor.py:840} INFO - DAG(s) 'example_task_group_decorator' retrieved from /home/airflow/.local/lib/python3.12/site-packages/airflow/example_dags/example_task_group_decorator.py
[2026-05-01T00:19:01.204+0000] {logging_mixin.py:188} INFO - [2026-05-01T00:19:01.204+0000] {dag.py:3089} INFO - Sync 1 DAGs
[2026-05-01T00:19:01.212+0000] {logging_mixin.py:188} INFO - [2026-05-01T00:19:01.212+0000] {dag.py:3947} INFO - Setting next_dagrun for example_task_group_decorator to 2026-04-30 00:00:00+00:00, run_after=2026-05-01 00:00:00+00:00
[2026-05-01T00:19:01.218+0000] {processor.py:183} INFO - Processing /home/airflow/.local/lib/python3.12/site-packages/airflow/example_dags/example_task_group_decorator.py took 0.046 seconds
[2026-05-01T00:19:32.136+0000] {processor.py:161} INFO - Started process (PID=57235) to work on /home/airflow/.local/lib/python3.12/site-packages/airflow/example_dags/example_task_group_decorator.py
[2026-05-01T00:19:32.137+0000] {processor.py:830} INFO - Processing file /home/airflow/.local/lib/python3.12/site-packages/airflow/example_dags/example_task_group_decorator.py for tasks to queue
[2026-05-01T00:19:32.138+0000] {logging_mixin.py:188} INFO - [2026-05-01T00:19:32.138+0000] {dagbag.py:545} INFO - Filling up the DagBag from /home/airflow/.local/lib/python3.12/site-packages/airflow/example_dags/example_task_group_decorator.py
[2026-05-01T00:19:32.144+0000] {processor.py:840} INFO - DAG(s) 'example_task_group_decorator' retrieved from /home/airflow/.local/lib/python3.12/site-packages/airflow/example_dags/example_task_group_decorator.py
[2026-05-01T00:19:32.154+0000] {logging_mixin.py:188} INFO - [2026-05-01T00:19:32.154+0000] {dag.py:3089} INFO - Sync 1 DAGs
[2026-05-01T00:19:32.162+0000] {logging_mixin.py:188} INFO - [2026-05-01T00:19:32.162+0000] {dag.py:3947} INFO - Setting next_dagrun for example_task_group_decorator to 2026-04-30 00:00:00+00:00, run_after=2026-05-01 00:00:00+00:00
[2026-05-01T00:19:32.168+0000] {processor.py:183} INFO - Processing /home/airflow/.local/lib/python3.12/site-packages/airflow/example_dags/example_task_group_decorator.py took 0.037 seconds
[2026-05-01T00:20:02.353+0000] {processor.py:161} INFO - Started process (PID=57295) to work on /home/airflow/.local/lib/python3.12/site-packages/airflow/example_dags/example_task_group_decorator.py
[2026-05-01T00:20:02.355+0000] {processor.py:830} INFO - Processing file /home/airflow/.local/lib/python3.12/site-packages/airflow/example_dags/example_task_group_decorator.py for tasks to queue
[2026-05-01T00:20:02.357+0000] {logging_mixin.py:188} INFO - [2026-05-01T00:20:02.357+0000] {dagbag.py:545} INFO - Filling up the DagBag from /home/airflow/.local/lib/python3.12/site-packages/airflow/example_dags/example_task_group_decorator.py
[2026-05-01T00:20:02.368+0000] {processor.py:840} INFO - DAG(s) 'example_task_group_decorator' retrieved from /home/airflow/.local/lib/python3.12/site-packages/airflow/example_dags/example_task_group_decorator.py
[2026-05-01T00:20:02.387+0000] {logging_mixin.py:188} INFO - [2026-05-01T00:20:02.387+0000] {dag.py:3089} INFO - Sync 1 DAGs
[2026-05-01T00:20:02.397+0000] {logging_mixin.py:188} INFO - [2026-05-01T00:20:02.397+0000] {dag.py:3947} INFO - Setting next_dagrun for example_task_group_decorator to 2026-04-30 00:00:00+00:00, run_after=2026-05-01 00:00:00+00:00
[2026-05-01T00:20:02.404+0000] {processor.py:183} INFO - Processing /home/airflow/.local/lib/python3.12/site-packages/airflow/example_dags/example_task_group_decorator.py took 0.058 seconds
[2026-05-01T00:20:33.143+0000] {processor.py:161} INFO - Started process (PID=57355) to work on /home/airflow/.local/lib/python3.12/site-packages/airflow/example_dags/example_task_group_decorator.py
[2026-05-01T00:20:33.144+0000] {processor.py:830} INFO - Processing file /home/airflow/.local/lib/python3.12/site-packages/airflow/example_dags/example_task_group_decorator.py for tasks to queue
[2026-05-01T00:20:33.145+0000] {logging_mixin.py:188} INFO - [2026-05-01T00:20:33.145+0000] {dagbag.py:545} INFO - Filling up the DagBag from /home/airflow/.local/lib/python3.12/site-packages/airflow/example_dags/example_task_group_decorator.py
[2026-05-01T00:20:33.149+0000] {processor.py:840} INFO - DAG(s) 'example_task_group_decorator' retrieved from /home/airflow/.local/lib/python3.12/site-packages/airflow/example_dags/example_task_group_decorator.py
[2026-05-01T00:20:33.158+0000] {logging_mixin.py:188} INFO - [2026-05-01T00:20:33.158+0000] {dag.py:3089} INFO - Sync 1 DAGs
[2026-05-01T00:20:33.165+0000] {logging_mixin.py:188} INFO - [2026-05-01T00:20:33.165+0000] {dag.py:3947} INFO - Setting next_dagrun for example_task_group_decorator to 2026-04-30 00:00:00+00:00, run_after=2026-05-01 00:00:00+00:00
[2026-05-01T00:20:33.171+0000] {processor.py:183} INFO - Processing /home/airflow/.local/lib/python3.12/site-packages/airflow/example_dags/example_task_group_decorator.py took 0.030 seconds
[2026-05-01T00:21:03.486+0000] {processor.py:161} INFO - Started process (PID=57415) to work on /home/airflow/.local/lib/python3.12/site-packages/airflow/example_dags/example_task_group_decorator.py
[2026-05-01T00:21:03.486+0000] {processor.py:830} INFO - Processing file /home/airflow/.local/lib/python3.12/site-packages/airflow/example_dags/example_task_group_decorator.py for tasks to queue
[2026-05-01T00:21:03.487+0000] {logging_mixin.py:188} INFO - [2026-05-01T00:21:03.487+0000] {dagbag.py:545} INFO - Filling up the DagBag from /home/airflow/.local/lib/python3.12/site-packages/airflow/example_dags/example_task_group_decorator.py
[2026-05-01T00:21:03.494+0000] {processor.py:840} INFO - DAG(s) 'example_task_group_decorator' retrieved from /home/airflow/.local/lib/python3.12/site-packages/airflow/example_dags/example_task_group_decorator.py
[2026-05-01T00:21:03.509+0000] {logging_mixin.py:188} INFO - [2026-05-01T00:21:03.509+0000] {dag.py:3089} INFO - Sync 1 DAGs
[2026-05-01T00:21:03.525+0000] {logging_mixin.py:188} INFO - [2026-05-01T00:21:03.525+0000] {dag.py:3947} INFO - Setting next_dagrun for example_task_group_decorator to 2026-04-30 00:00:00+00:00, run_after=2026-05-01 00:00:00+00:00
[2026-05-01T00:21:03.541+0000] {processor.py:183} INFO - Processing /home/airflow/.local/lib/python3.12/site-packages/airflow/example_dags/example_task_group_decorator.py took 0.058 seconds
[2026-05-01T00:21:33.794+0000] {processor.py:161} INFO - Started process (PID=57475) to work on /home/airflow/.local/lib/python3.12/site-packages/airflow/example_dags/example_task_group_decorator.py
[2026-05-01T00:21:33.795+0000] {processor.py:830} INFO - Processing file /home/airflow/.local/lib/python3.12/site-packages/airflow/example_dags/example_task_group_decorator.py for tasks to queue
[2026-05-01T00:21:33.798+0000] {logging_mixin.py:188} INFO - [2026-05-01T00:21:33.797+0000] {dagbag.py:545} INFO - Filling up the DagBag from /home/airflow/.local/lib/python3.12/site-packages/airflow/example_dags/example_task_group_decorator.py
[2026-05-01T00:21:33.809+0000] {processor.py:840} INFO - DAG(s) 'example_task_group_decorator' retrieved from /home/airflow/.local/lib/python3.12/site-packages/airflow/example_dags/example_task_group_decorator.py
[2026-05-01T00:21:33.818+0000] {logging_mixin.py:188} INFO - [2026-05-01T00:21:33.818+0000] {dag.py:3089} INFO - Sync 1 DAGs
[2026-05-01T00:21:33.827+0000] {logging_mixin.py:188} INFO - [2026-05-01T00:21:33.827+0000] {dag.py:3947} INFO - Setting next_dagrun for example_task_group_decorator to 2026-04-30 00:00:00+00:00, run_after=2026-05-01 00:00:00+00:00
[2026-05-01T00:21:33.834+0000] {processor.py:183} INFO - Processing /home/airflow/.local/lib/python3.12/site-packages/airflow/example_dags/example_task_group_decorator.py took 0.048 seconds
[2026-05-01T00:22:04.789+0000] {processor.py:161} INFO - Started process (PID=57535) to work on /home/airflow/.local/lib/python3.12/site-packages/airflow/example_dags/example_task_group_decorator.py
[2026-05-01T00:22:04.789+0000] {processor.py:830} INFO - Processing file /home/airflow/.local/lib/python3.12/site-packages/airflow/example_dags/example_task_group_decorator.py for tasks to queue
[2026-05-01T00:22:04.790+0000] {logging_mixin.py:188} INFO - [2026-05-01T00:22:04.790+0000] {dagbag.py:545} INFO - Filling up the DagBag from /home/airflow/.local/lib/python3.12/site-packages/airflow/example_dags/example_task_group_decorator.py
[2026-05-01T00:22:04.799+0000] {processor.py:840} INFO - DAG(s) 'example_task_group_decorator' retrieved from /home/airflow/.local/lib/python3.12/site-packages/airflow/example_dags/example_task_group_decorator.py
[2026-05-01T00:22:04.812+0000] {logging_mixin.py:188} INFO - [2026-05-01T00:22:04.812+0000] {dag.py:3089} INFO - Sync 1 DAGs
[2026-05-01T00:22:04.822+0000] {logging_mixin.py:188} INFO - [2026-05-01T00:22:04.822+0000] {dag.py:3947} INFO - Setting next_dagrun for example_task_group_decorator to 2026-04-30 00:00:00+00:00, run_after=2026-05-01 00:00:00+00:00
[2026-05-01T00:22:04.830+0000] {processor.py:183} INFO - Processing /home/airflow/.local/lib/python3.12/site-packages/airflow/example_dags/example_task_group_decorator.py took 0.044 seconds
[2026-05-01T00:22:35.764+0000] {processor.py:161} INFO - Started process (PID=57595) to work on /home/airflow/.local/lib/python3.12/site-packages/airflow/example_dags/example_task_group_decorator.py
[2026-05-01T00:22:35.766+0000] {processor.py:830} INFO - Processing file /home/airflow/.local/lib/python3.12/site-packages/airflow/example_dags/example_task_group_decorator.py for tasks to queue
[2026-05-01T00:22:35.768+0000] {logging_mixin.py:188} INFO - [2026-05-01T00:22:35.768+0000] {dagbag.py:545} INFO - Filling up the DagBag from /home/airflow/.local/lib/python3.12/site-packages/airflow/example_dags/example_task_group_decorator.py
[2026-05-01T00:22:35.778+0000] {processor.py:840} INFO - DAG(s) 'example_task_group_decorator' retrieved from /home/airflow/.local/lib/python3.12/site-packages/airflow/example_dags/example_task_group_decorator.py
[2026-05-01T00:22:35.793+0000] {logging_mixin.py:188} INFO - [2026-05-01T00:22:35.793+0000] {dag.py:3089} INFO - Sync 1 DAGs
[2026-05-01T00:22:35.802+0000] {logging_mixin.py:188} INFO - [2026-05-01T00:22:35.802+0000] {dag.py:3947} INFO - Setting next_dagrun for example_task_group_decorator to 2026-04-30 00:00:00+00:00, run_after=2026-05-01 00:00:00+00:00
[2026-05-01T00:22:35.808+0000] {processor.py:183} INFO - Processing /home/airflow/.local/lib/python3.12/site-packages/airflow/example_dags/example_task_group_decorator.py took 0.052 seconds
[2026-05-01T00:23:06.563+0000] {processor.py:161} INFO - Started process (PID=57655) to work on /home/airflow/.local/lib/python3.12/site-packages/airflow/example_dags/example_task_group_decorator.py
[2026-05-01T00:23:06.565+0000] {processor.py:830} INFO - Processing file /home/airflow/.local/lib/python3.12/site-packages/airflow/example_dags/example_task_group_decorator.py for tasks to queue
[2026-05-01T00:23:06.567+0000] {logging_mixin.py:188} INFO - [2026-05-01T00:23:06.567+0000] {dagbag.py:545} INFO - Filling up the DagBag from /home/airflow/.local/lib/python3.12/site-packages/airflow/example_dags/example_task_group_decorator.py
[2026-05-01T00:23:06.578+0000] {processor.py:840} INFO - DAG(s) 'example_task_group_decorator' retrieved from /home/airflow/.local/lib/python3.12/site-packages/airflow/example_dags/example_task_group_decorator.py
[2026-05-01T00:23:06.600+0000] {logging_mixin.py:188} INFO - [2026-05-01T00:23:06.600+0000] {dag.py:3089} INFO - Sync 1 DAGs
[2026-05-01T00:23:06.614+0000] {logging_mixin.py:188} INFO - [2026-05-01T00:23:06.614+0000] {dag.py:3947} INFO - Setting next_dagrun for example_task_group_decorator to 2026-04-30 00:00:00+00:00, run_after=2026-05-01 00:00:00+00:00
[2026-05-01T00:23:06.622+0000] {processor.py:183} INFO - Processing /home/airflow/.local/lib/python3.12/site-packages/airflow/example_dags/example_task_group_decorator.py took 0.067 seconds
