[2026-05-01T00:00:01.215+0000] {processor.py:161} INFO - Started process (PID=54912) to work on /home/airflow/.local/lib/python3.12/site-packages/airflow/example_dags/example_local_kubernetes_executor.py
[2026-05-01T00:00:01.215+0000] {processor.py:830} INFO - Processing file /home/airflow/.local/lib/python3.12/site-packages/airflow/example_dags/example_local_kubernetes_executor.py for tasks to queue
[2026-05-01T00:00:01.218+0000] {logging_mixin.py:188} INFO - [2026-05-01T00:00:01.217+0000] {dagbag.py:545} INFO - Filling up the DagBag from /home/airflow/.local/lib/python3.12/site-packages/airflow/example_dags/example_local_kubernetes_executor.py
[2026-05-01T00:00:01.223+0000] {processor.py:840} INFO - DAG(s) 'example_local_kubernetes_executor' retrieved from /home/airflow/.local/lib/python3.12/site-packages/airflow/example_dags/example_local_kubernetes_executor.py
[2026-05-01T00:00:01.247+0000] {logging_mixin.py:188} INFO - [2026-05-01T00:00:01.247+0000] {dag.py:3089} INFO - Sync 1 DAGs
[2026-05-01T00:00:01.253+0000] {logging_mixin.py:188} INFO - [2026-05-01T00:00:01.253+0000] {dag.py:3947} INFO - Setting next_dagrun for example_local_kubernetes_executor to None, run_after=None
[2026-05-01T00:00:01.264+0000] {processor.py:183} INFO - Processing /home/airflow/.local/lib/python3.12/site-packages/airflow/example_dags/example_local_kubernetes_executor.py took 0.053 seconds
[2026-05-01T00:00:31.993+0000] {processor.py:161} INFO - Started process (PID=54972) to work on /home/airflow/.local/lib/python3.12/site-packages/airflow/example_dags/example_local_kubernetes_executor.py
[2026-05-01T00:00:31.996+0000] {processor.py:830} INFO - Processing file /home/airflow/.local/lib/python3.12/site-packages/airflow/example_dags/example_local_kubernetes_executor.py for tasks to queue
[2026-05-01T00:00:31.997+0000] {logging_mixin.py:188} INFO - [2026-05-01T00:00:31.997+0000] {dagbag.py:545} INFO - Filling up the DagBag from /home/airflow/.local/lib/python3.12/site-packages/airflow/example_dags/example_local_kubernetes_executor.py
[2026-05-01T00:00:32.007+0000] {processor.py:840} INFO - DAG(s) 'example_local_kubernetes_executor' retrieved from /home/airflow/.local/lib/python3.12/site-packages/airflow/example_dags/example_local_kubernetes_executor.py
[2026-05-01T00:00:32.031+0000] {logging_mixin.py:188} INFO - [2026-05-01T00:00:32.031+0000] {dag.py:3089} INFO - Sync 1 DAGs
[2026-05-01T00:00:32.040+0000] {logging_mixin.py:188} INFO - [2026-05-01T00:00:32.040+0000] {dag.py:3947} INFO - Setting next_dagrun for example_local_kubernetes_executor to None, run_after=None
[2026-05-01T00:00:32.050+0000] {processor.py:183} INFO - Processing /home/airflow/.local/lib/python3.12/site-packages/airflow/example_dags/example_local_kubernetes_executor.py took 0.064 seconds
[2026-05-01T00:01:02.718+0000] {processor.py:161} INFO - Started process (PID=55032) to work on /home/airflow/.local/lib/python3.12/site-packages/airflow/example_dags/example_local_kubernetes_executor.py
[2026-05-01T00:01:02.721+0000] {processor.py:830} INFO - Processing file /home/airflow/.local/lib/python3.12/site-packages/airflow/example_dags/example_local_kubernetes_executor.py for tasks to queue
[2026-05-01T00:01:02.722+0000] {logging_mixin.py:188} INFO - [2026-05-01T00:01:02.722+0000] {dagbag.py:545} INFO - Filling up the DagBag from /home/airflow/.local/lib/python3.12/site-packages/airflow/example_dags/example_local_kubernetes_executor.py
[2026-05-01T00:01:02.728+0000] {processor.py:840} INFO - DAG(s) 'example_local_kubernetes_executor' retrieved from /home/airflow/.local/lib/python3.12/site-packages/airflow/example_dags/example_local_kubernetes_executor.py
[2026-05-01T00:01:02.750+0000] {logging_mixin.py:188} INFO - [2026-05-01T00:01:02.750+0000] {dag.py:3089} INFO - Sync 1 DAGs
[2026-05-01T00:01:02.756+0000] {logging_mixin.py:188} INFO - [2026-05-01T00:01:02.756+0000] {dag.py:3947} INFO - Setting next_dagrun for example_local_kubernetes_executor to None, run_after=None
[2026-05-01T00:01:02.768+0000] {processor.py:183} INFO - Processing /home/airflow/.local/lib/python3.12/site-packages/airflow/example_dags/example_local_kubernetes_executor.py took 0.055 seconds
[2026-05-01T00:01:33.462+0000] {processor.py:161} INFO - Started process (PID=55092) to work on /home/airflow/.local/lib/python3.12/site-packages/airflow/example_dags/example_local_kubernetes_executor.py
[2026-05-01T00:01:33.465+0000] {processor.py:830} INFO - Processing file /home/airflow/.local/lib/python3.12/site-packages/airflow/example_dags/example_local_kubernetes_executor.py for tasks to queue
[2026-05-01T00:01:33.466+0000] {logging_mixin.py:188} INFO - [2026-05-01T00:01:33.466+0000] {dagbag.py:545} INFO - Filling up the DagBag from /home/airflow/.local/lib/python3.12/site-packages/airflow/example_dags/example_local_kubernetes_executor.py
[2026-05-01T00:01:33.472+0000] {processor.py:840} INFO - DAG(s) 'example_local_kubernetes_executor' retrieved from /home/airflow/.local/lib/python3.12/site-packages/airflow/example_dags/example_local_kubernetes_executor.py
[2026-05-01T00:01:33.494+0000] {logging_mixin.py:188} INFO - [2026-05-01T00:01:33.493+0000] {dag.py:3089} INFO - Sync 1 DAGs
[2026-05-01T00:01:33.502+0000] {logging_mixin.py:188} INFO - [2026-05-01T00:01:33.502+0000] {dag.py:3947} INFO - Setting next_dagrun for example_local_kubernetes_executor to None, run_after=None
[2026-05-01T00:01:33.514+0000] {processor.py:183} INFO - Processing /home/airflow/.local/lib/python3.12/site-packages/airflow/example_dags/example_local_kubernetes_executor.py took 0.057 seconds
[2026-05-01T00:02:04.292+0000] {processor.py:161} INFO - Started process (PID=55152) to work on /home/airflow/.local/lib/python3.12/site-packages/airflow/example_dags/example_local_kubernetes_executor.py
[2026-05-01T00:02:04.315+0000] {processor.py:830} INFO - Processing file /home/airflow/.local/lib/python3.12/site-packages/airflow/example_dags/example_local_kubernetes_executor.py for tasks to queue
[2026-05-01T00:02:04.340+0000] {logging_mixin.py:188} INFO - [2026-05-01T00:02:04.339+0000] {dagbag.py:545} INFO - Filling up the DagBag from /home/airflow/.local/lib/python3.12/site-packages/airflow/example_dags/example_local_kubernetes_executor.py
[2026-05-01T00:02:04.355+0000] {processor.py:840} INFO - DAG(s) 'example_local_kubernetes_executor' retrieved from /home/airflow/.local/lib/python3.12/site-packages/airflow/example_dags/example_local_kubernetes_executor.py
[2026-05-01T00:02:04.386+0000] {logging_mixin.py:188} INFO - [2026-05-01T00:02:04.386+0000] {dag.py:3089} INFO - Sync 1 DAGs
[2026-05-01T00:02:04.393+0000] {logging_mixin.py:188} INFO - [2026-05-01T00:02:04.393+0000] {dag.py:3947} INFO - Setting next_dagrun for example_local_kubernetes_executor to None, run_after=None
[2026-05-01T00:02:04.408+0000] {processor.py:183} INFO - Processing /home/airflow/.local/lib/python3.12/site-packages/airflow/example_dags/example_local_kubernetes_executor.py took 0.123 seconds
[2026-05-01T00:02:34.636+0000] {processor.py:161} INFO - Started process (PID=55212) to work on /home/airflow/.local/lib/python3.12/site-packages/airflow/example_dags/example_local_kubernetes_executor.py
[2026-05-01T00:02:34.638+0000] {processor.py:830} INFO - Processing file /home/airflow/.local/lib/python3.12/site-packages/airflow/example_dags/example_local_kubernetes_executor.py for tasks to queue
[2026-05-01T00:02:34.643+0000] {logging_mixin.py:188} INFO - [2026-05-01T00:02:34.642+0000] {dagbag.py:545} INFO - Filling up the DagBag from /home/airflow/.local/lib/python3.12/site-packages/airflow/example_dags/example_local_kubernetes_executor.py
[2026-05-01T00:02:34.650+0000] {processor.py:840} INFO - DAG(s) 'example_local_kubernetes_executor' retrieved from /home/airflow/.local/lib/python3.12/site-packages/airflow/example_dags/example_local_kubernetes_executor.py
[2026-05-01T00:02:34.676+0000] {logging_mixin.py:188} INFO - [2026-05-01T00:02:34.676+0000] {dag.py:3089} INFO - Sync 1 DAGs
[2026-05-01T00:02:34.682+0000] {logging_mixin.py:188} INFO - [2026-05-01T00:02:34.682+0000] {dag.py:3947} INFO - Setting next_dagrun for example_local_kubernetes_executor to None, run_after=None
[2026-05-01T00:02:34.691+0000] {processor.py:183} INFO - Processing /home/airflow/.local/lib/python3.12/site-packages/airflow/example_dags/example_local_kubernetes_executor.py took 0.061 seconds
[2026-05-01T00:03:05.498+0000] {processor.py:161} INFO - Started process (PID=55278) to work on /home/airflow/.local/lib/python3.12/site-packages/airflow/example_dags/example_local_kubernetes_executor.py
[2026-05-01T00:03:05.500+0000] {processor.py:830} INFO - Processing file /home/airflow/.local/lib/python3.12/site-packages/airflow/example_dags/example_local_kubernetes_executor.py for tasks to queue
[2026-05-01T00:03:05.504+0000] {logging_mixin.py:188} INFO - [2026-05-01T00:03:05.504+0000] {dagbag.py:545} INFO - Filling up the DagBag from /home/airflow/.local/lib/python3.12/site-packages/airflow/example_dags/example_local_kubernetes_executor.py
[2026-05-01T00:03:05.509+0000] {processor.py:840} INFO - DAG(s) 'example_local_kubernetes_executor' retrieved from /home/airflow/.local/lib/python3.12/site-packages/airflow/example_dags/example_local_kubernetes_executor.py
[2026-05-01T00:03:05.530+0000] {logging_mixin.py:188} INFO - [2026-05-01T00:03:05.529+0000] {dag.py:3089} INFO - Sync 1 DAGs
[2026-05-01T00:03:05.536+0000] {logging_mixin.py:188} INFO - [2026-05-01T00:03:05.536+0000] {dag.py:3947} INFO - Setting next_dagrun for example_local_kubernetes_executor to None, run_after=None
[2026-05-01T00:03:05.547+0000] {processor.py:183} INFO - Processing /home/airflow/.local/lib/python3.12/site-packages/airflow/example_dags/example_local_kubernetes_executor.py took 0.054 seconds
[2026-05-01T00:03:36.198+0000] {processor.py:161} INFO - Started process (PID=55338) to work on /home/airflow/.local/lib/python3.12/site-packages/airflow/example_dags/example_local_kubernetes_executor.py
[2026-05-01T00:03:36.202+0000] {processor.py:830} INFO - Processing file /home/airflow/.local/lib/python3.12/site-packages/airflow/example_dags/example_local_kubernetes_executor.py for tasks to queue
[2026-05-01T00:03:36.203+0000] {logging_mixin.py:188} INFO - [2026-05-01T00:03:36.202+0000] {dagbag.py:545} INFO - Filling up the DagBag from /home/airflow/.local/lib/python3.12/site-packages/airflow/example_dags/example_local_kubernetes_executor.py
[2026-05-01T00:03:36.210+0000] {processor.py:840} INFO - DAG(s) 'example_local_kubernetes_executor' retrieved from /home/airflow/.local/lib/python3.12/site-packages/airflow/example_dags/example_local_kubernetes_executor.py
[2026-05-01T00:03:36.236+0000] {logging_mixin.py:188} INFO - [2026-05-01T00:03:36.236+0000] {dag.py:3089} INFO - Sync 1 DAGs
[2026-05-01T00:03:36.244+0000] {logging_mixin.py:188} INFO - [2026-05-01T00:03:36.244+0000] {dag.py:3947} INFO - Setting next_dagrun for example_local_kubernetes_executor to None, run_after=None
[2026-05-01T00:03:36.253+0000] {processor.py:183} INFO - Processing /home/airflow/.local/lib/python3.12/site-packages/airflow/example_dags/example_local_kubernetes_executor.py took 0.060 seconds
[2026-05-01T00:04:06.968+0000] {processor.py:161} INFO - Started process (PID=55398) to work on /home/airflow/.local/lib/python3.12/site-packages/airflow/example_dags/example_local_kubernetes_executor.py
[2026-05-01T00:04:06.969+0000] {processor.py:830} INFO - Processing file /home/airflow/.local/lib/python3.12/site-packages/airflow/example_dags/example_local_kubernetes_executor.py for tasks to queue
[2026-05-01T00:04:06.973+0000] {logging_mixin.py:188} INFO - [2026-05-01T00:04:06.972+0000] {dagbag.py:545} INFO - Filling up the DagBag from /home/airflow/.local/lib/python3.12/site-packages/airflow/example_dags/example_local_kubernetes_executor.py
[2026-05-01T00:04:06.979+0000] {processor.py:840} INFO - DAG(s) 'example_local_kubernetes_executor' retrieved from /home/airflow/.local/lib/python3.12/site-packages/airflow/example_dags/example_local_kubernetes_executor.py
[2026-05-01T00:04:06.998+0000] {logging_mixin.py:188} INFO - [2026-05-01T00:04:06.998+0000] {dag.py:3089} INFO - Sync 1 DAGs
[2026-05-01T00:04:07.004+0000] {logging_mixin.py:188} INFO - [2026-05-01T00:04:07.004+0000] {dag.py:3947} INFO - Setting next_dagrun for example_local_kubernetes_executor to None, run_after=None
[2026-05-01T00:04:07.013+0000] {processor.py:183} INFO - Processing /home/airflow/.local/lib/python3.12/site-packages/airflow/example_dags/example_local_kubernetes_executor.py took 0.050 seconds
[2026-05-01T00:04:37.661+0000] {processor.py:161} INFO - Started process (PID=55458) to work on /home/airflow/.local/lib/python3.12/site-packages/airflow/example_dags/example_local_kubernetes_executor.py
[2026-05-01T00:04:37.663+0000] {processor.py:830} INFO - Processing file /home/airflow/.local/lib/python3.12/site-packages/airflow/example_dags/example_local_kubernetes_executor.py for tasks to queue
[2026-05-01T00:04:37.665+0000] {logging_mixin.py:188} INFO - [2026-05-01T00:04:37.664+0000] {dagbag.py:545} INFO - Filling up the DagBag from /home/airflow/.local/lib/python3.12/site-packages/airflow/example_dags/example_local_kubernetes_executor.py
[2026-05-01T00:04:37.670+0000] {processor.py:840} INFO - DAG(s) 'example_local_kubernetes_executor' retrieved from /home/airflow/.local/lib/python3.12/site-packages/airflow/example_dags/example_local_kubernetes_executor.py
[2026-05-01T00:04:37.691+0000] {logging_mixin.py:188} INFO - [2026-05-01T00:04:37.691+0000] {dag.py:3089} INFO - Sync 1 DAGs
[2026-05-01T00:04:37.698+0000] {logging_mixin.py:188} INFO - [2026-05-01T00:04:37.698+0000] {dag.py:3947} INFO - Setting next_dagrun for example_local_kubernetes_executor to None, run_after=None
[2026-05-01T00:04:37.709+0000] {processor.py:183} INFO - Processing /home/airflow/.local/lib/python3.12/site-packages/airflow/example_dags/example_local_kubernetes_executor.py took 0.054 seconds
[2026-05-01T00:05:08.419+0000] {processor.py:161} INFO - Started process (PID=55519) to work on /home/airflow/.local/lib/python3.12/site-packages/airflow/example_dags/example_local_kubernetes_executor.py
[2026-05-01T00:05:08.421+0000] {processor.py:830} INFO - Processing file /home/airflow/.local/lib/python3.12/site-packages/airflow/example_dags/example_local_kubernetes_executor.py for tasks to queue
[2026-05-01T00:05:08.425+0000] {logging_mixin.py:188} INFO - [2026-05-01T00:05:08.425+0000] {dagbag.py:545} INFO - Filling up the DagBag from /home/airflow/.local/lib/python3.12/site-packages/airflow/example_dags/example_local_kubernetes_executor.py
[2026-05-01T00:05:08.432+0000] {processor.py:840} INFO - DAG(s) 'example_local_kubernetes_executor' retrieved from /home/airflow/.local/lib/python3.12/site-packages/airflow/example_dags/example_local_kubernetes_executor.py
[2026-05-01T00:05:08.456+0000] {logging_mixin.py:188} INFO - [2026-05-01T00:05:08.456+0000] {dag.py:3089} INFO - Sync 1 DAGs
[2026-05-01T00:05:08.462+0000] {logging_mixin.py:188} INFO - [2026-05-01T00:05:08.462+0000] {dag.py:3947} INFO - Setting next_dagrun for example_local_kubernetes_executor to None, run_after=None
[2026-05-01T00:05:08.472+0000] {processor.py:183} INFO - Processing /home/airflow/.local/lib/python3.12/site-packages/airflow/example_dags/example_local_kubernetes_executor.py took 0.058 seconds
[2026-05-01T00:05:39.206+0000] {processor.py:161} INFO - Started process (PID=55579) to work on /home/airflow/.local/lib/python3.12/site-packages/airflow/example_dags/example_local_kubernetes_executor.py
[2026-05-01T00:05:39.208+0000] {processor.py:830} INFO - Processing file /home/airflow/.local/lib/python3.12/site-packages/airflow/example_dags/example_local_kubernetes_executor.py for tasks to queue
[2026-05-01T00:05:39.212+0000] {logging_mixin.py:188} INFO - [2026-05-01T00:05:39.211+0000] {dagbag.py:545} INFO - Filling up the DagBag from /home/airflow/.local/lib/python3.12/site-packages/airflow/example_dags/example_local_kubernetes_executor.py
[2026-05-01T00:05:39.218+0000] {processor.py:840} INFO - DAG(s) 'example_local_kubernetes_executor' retrieved from /home/airflow/.local/lib/python3.12/site-packages/airflow/example_dags/example_local_kubernetes_executor.py
[2026-05-01T00:05:39.238+0000] {logging_mixin.py:188} INFO - [2026-05-01T00:05:39.237+0000] {dag.py:3089} INFO - Sync 1 DAGs
[2026-05-01T00:05:39.244+0000] {logging_mixin.py:188} INFO - [2026-05-01T00:05:39.244+0000] {dag.py:3947} INFO - Setting next_dagrun for example_local_kubernetes_executor to None, run_after=None
[2026-05-01T00:05:39.254+0000] {processor.py:183} INFO - Processing /home/airflow/.local/lib/python3.12/site-packages/airflow/example_dags/example_local_kubernetes_executor.py took 0.054 seconds
[2026-05-01T00:06:09.971+0000] {processor.py:161} INFO - Started process (PID=55639) to work on /home/airflow/.local/lib/python3.12/site-packages/airflow/example_dags/example_local_kubernetes_executor.py
[2026-05-01T00:06:09.972+0000] {processor.py:830} INFO - Processing file /home/airflow/.local/lib/python3.12/site-packages/airflow/example_dags/example_local_kubernetes_executor.py for tasks to queue
[2026-05-01T00:06:09.974+0000] {logging_mixin.py:188} INFO - [2026-05-01T00:06:09.973+0000] {dagbag.py:545} INFO - Filling up the DagBag from /home/airflow/.local/lib/python3.12/site-packages/airflow/example_dags/example_local_kubernetes_executor.py
[2026-05-01T00:06:09.982+0000] {processor.py:840} INFO - DAG(s) 'example_local_kubernetes_executor' retrieved from /home/airflow/.local/lib/python3.12/site-packages/airflow/example_dags/example_local_kubernetes_executor.py
[2026-05-01T00:06:10.002+0000] {logging_mixin.py:188} INFO - [2026-05-01T00:06:10.002+0000] {dag.py:3089} INFO - Sync 1 DAGs
[2026-05-01T00:06:10.009+0000] {logging_mixin.py:188} INFO - [2026-05-01T00:06:10.009+0000] {dag.py:3947} INFO - Setting next_dagrun for example_local_kubernetes_executor to None, run_after=None
[2026-05-01T00:06:10.018+0000] {processor.py:183} INFO - Processing /home/airflow/.local/lib/python3.12/site-packages/airflow/example_dags/example_local_kubernetes_executor.py took 0.052 seconds
[2026-05-01T00:06:40.684+0000] {processor.py:161} INFO - Started process (PID=55699) to work on /home/airflow/.local/lib/python3.12/site-packages/airflow/example_dags/example_local_kubernetes_executor.py
[2026-05-01T00:06:40.687+0000] {processor.py:830} INFO - Processing file /home/airflow/.local/lib/python3.12/site-packages/airflow/example_dags/example_local_kubernetes_executor.py for tasks to queue
[2026-05-01T00:06:40.690+0000] {logging_mixin.py:188} INFO - [2026-05-01T00:06:40.689+0000] {dagbag.py:545} INFO - Filling up the DagBag from /home/airflow/.local/lib/python3.12/site-packages/airflow/example_dags/example_local_kubernetes_executor.py
[2026-05-01T00:06:40.697+0000] {processor.py:840} INFO - DAG(s) 'example_local_kubernetes_executor' retrieved from /home/airflow/.local/lib/python3.12/site-packages/airflow/example_dags/example_local_kubernetes_executor.py
[2026-05-01T00:06:40.718+0000] {logging_mixin.py:188} INFO - [2026-05-01T00:06:40.718+0000] {dag.py:3089} INFO - Sync 1 DAGs
[2026-05-01T00:06:40.725+0000] {logging_mixin.py:188} INFO - [2026-05-01T00:06:40.724+0000] {dag.py:3947} INFO - Setting next_dagrun for example_local_kubernetes_executor to None, run_after=None
[2026-05-01T00:06:40.736+0000] {processor.py:183} INFO - Processing /home/airflow/.local/lib/python3.12/site-packages/airflow/example_dags/example_local_kubernetes_executor.py took 0.058 seconds
[2026-05-01T00:07:11.488+0000] {processor.py:161} INFO - Started process (PID=55759) to work on /home/airflow/.local/lib/python3.12/site-packages/airflow/example_dags/example_local_kubernetes_executor.py
[2026-05-01T00:07:11.489+0000] {processor.py:830} INFO - Processing file /home/airflow/.local/lib/python3.12/site-packages/airflow/example_dags/example_local_kubernetes_executor.py for tasks to queue
[2026-05-01T00:07:11.493+0000] {logging_mixin.py:188} INFO - [2026-05-01T00:07:11.493+0000] {dagbag.py:545} INFO - Filling up the DagBag from /home/airflow/.local/lib/python3.12/site-packages/airflow/example_dags/example_local_kubernetes_executor.py
[2026-05-01T00:07:11.500+0000] {processor.py:840} INFO - DAG(s) 'example_local_kubernetes_executor' retrieved from /home/airflow/.local/lib/python3.12/site-packages/airflow/example_dags/example_local_kubernetes_executor.py
[2026-05-01T00:07:11.521+0000] {logging_mixin.py:188} INFO - [2026-05-01T00:07:11.521+0000] {dag.py:3089} INFO - Sync 1 DAGs
[2026-05-01T00:07:11.531+0000] {logging_mixin.py:188} INFO - [2026-05-01T00:07:11.531+0000] {dag.py:3947} INFO - Setting next_dagrun for example_local_kubernetes_executor to None, run_after=None
[2026-05-01T00:07:11.608+0000] {processor.py:183} INFO - Processing /home/airflow/.local/lib/python3.12/site-packages/airflow/example_dags/example_local_kubernetes_executor.py took 0.124 seconds
[2026-05-01T00:07:41.821+0000] {processor.py:161} INFO - Started process (PID=55819) to work on /home/airflow/.local/lib/python3.12/site-packages/airflow/example_dags/example_local_kubernetes_executor.py
[2026-05-01T00:07:41.824+0000] {processor.py:830} INFO - Processing file /home/airflow/.local/lib/python3.12/site-packages/airflow/example_dags/example_local_kubernetes_executor.py for tasks to queue
[2026-05-01T00:07:41.826+0000] {logging_mixin.py:188} INFO - [2026-05-01T00:07:41.826+0000] {dagbag.py:545} INFO - Filling up the DagBag from /home/airflow/.local/lib/python3.12/site-packages/airflow/example_dags/example_local_kubernetes_executor.py
[2026-05-01T00:07:41.831+0000] {processor.py:840} INFO - DAG(s) 'example_local_kubernetes_executor' retrieved from /home/airflow/.local/lib/python3.12/site-packages/airflow/example_dags/example_local_kubernetes_executor.py
[2026-05-01T00:07:41.848+0000] {logging_mixin.py:188} INFO - [2026-05-01T00:07:41.848+0000] {dag.py:3089} INFO - Sync 1 DAGs
[2026-05-01T00:07:41.853+0000] {logging_mixin.py:188} INFO - [2026-05-01T00:07:41.853+0000] {dag.py:3947} INFO - Setting next_dagrun for example_local_kubernetes_executor to None, run_after=None
[2026-05-01T00:07:41.940+0000] {processor.py:183} INFO - Processing /home/airflow/.local/lib/python3.12/site-packages/airflow/example_dags/example_local_kubernetes_executor.py took 0.121 seconds
[2026-05-01T00:08:12.344+0000] {processor.py:161} INFO - Started process (PID=55879) to work on /home/airflow/.local/lib/python3.12/site-packages/airflow/example_dags/example_local_kubernetes_executor.py
[2026-05-01T00:08:12.348+0000] {processor.py:830} INFO - Processing file /home/airflow/.local/lib/python3.12/site-packages/airflow/example_dags/example_local_kubernetes_executor.py for tasks to queue
[2026-05-01T00:08:12.350+0000] {logging_mixin.py:188} INFO - [2026-05-01T00:08:12.350+0000] {dagbag.py:545} INFO - Filling up the DagBag from /home/airflow/.local/lib/python3.12/site-packages/airflow/example_dags/example_local_kubernetes_executor.py
[2026-05-01T00:08:12.355+0000] {processor.py:840} INFO - DAG(s) 'example_local_kubernetes_executor' retrieved from /home/airflow/.local/lib/python3.12/site-packages/airflow/example_dags/example_local_kubernetes_executor.py
[2026-05-01T00:08:12.376+0000] {logging_mixin.py:188} INFO - [2026-05-01T00:08:12.376+0000] {dag.py:3089} INFO - Sync 1 DAGs
[2026-05-01T00:08:12.383+0000] {logging_mixin.py:188} INFO - [2026-05-01T00:08:12.383+0000] {dag.py:3947} INFO - Setting next_dagrun for example_local_kubernetes_executor to None, run_after=None
[2026-05-01T00:08:12.395+0000] {processor.py:183} INFO - Processing /home/airflow/.local/lib/python3.12/site-packages/airflow/example_dags/example_local_kubernetes_executor.py took 0.057 seconds
[2026-05-01T00:08:43.054+0000] {processor.py:161} INFO - Started process (PID=55940) to work on /home/airflow/.local/lib/python3.12/site-packages/airflow/example_dags/example_local_kubernetes_executor.py
[2026-05-01T00:08:43.057+0000] {processor.py:830} INFO - Processing file /home/airflow/.local/lib/python3.12/site-packages/airflow/example_dags/example_local_kubernetes_executor.py for tasks to queue
[2026-05-01T00:08:43.058+0000] {logging_mixin.py:188} INFO - [2026-05-01T00:08:43.058+0000] {dagbag.py:545} INFO - Filling up the DagBag from /home/airflow/.local/lib/python3.12/site-packages/airflow/example_dags/example_local_kubernetes_executor.py
[2026-05-01T00:08:43.064+0000] {processor.py:840} INFO - DAG(s) 'example_local_kubernetes_executor' retrieved from /home/airflow/.local/lib/python3.12/site-packages/airflow/example_dags/example_local_kubernetes_executor.py
[2026-05-01T00:08:43.083+0000] {logging_mixin.py:188} INFO - [2026-05-01T00:08:43.083+0000] {dag.py:3089} INFO - Sync 1 DAGs
[2026-05-01T00:08:43.091+0000] {logging_mixin.py:188} INFO - [2026-05-01T00:08:43.090+0000] {dag.py:3947} INFO - Setting next_dagrun for example_local_kubernetes_executor to None, run_after=None
[2026-05-01T00:08:43.103+0000] {processor.py:183} INFO - Processing /home/airflow/.local/lib/python3.12/site-packages/airflow/example_dags/example_local_kubernetes_executor.py took 0.053 seconds
[2026-05-01T00:09:13.265+0000] {processor.py:161} INFO - Started process (PID=56000) to work on /home/airflow/.local/lib/python3.12/site-packages/airflow/example_dags/example_local_kubernetes_executor.py
[2026-05-01T00:09:13.266+0000] {processor.py:830} INFO - Processing file /home/airflow/.local/lib/python3.12/site-packages/airflow/example_dags/example_local_kubernetes_executor.py for tasks to queue
[2026-05-01T00:09:13.268+0000] {logging_mixin.py:188} INFO - [2026-05-01T00:09:13.268+0000] {dagbag.py:545} INFO - Filling up the DagBag from /home/airflow/.local/lib/python3.12/site-packages/airflow/example_dags/example_local_kubernetes_executor.py
[2026-05-01T00:09:13.274+0000] {processor.py:840} INFO - DAG(s) 'example_local_kubernetes_executor' retrieved from /home/airflow/.local/lib/python3.12/site-packages/airflow/example_dags/example_local_kubernetes_executor.py
[2026-05-01T00:09:13.292+0000] {logging_mixin.py:188} INFO - [2026-05-01T00:09:13.292+0000] {dag.py:3089} INFO - Sync 1 DAGs
[2026-05-01T00:09:13.300+0000] {logging_mixin.py:188} INFO - [2026-05-01T00:09:13.300+0000] {dag.py:3947} INFO - Setting next_dagrun for example_local_kubernetes_executor to None, run_after=None
[2026-05-01T00:09:13.310+0000] {processor.py:183} INFO - Processing /home/airflow/.local/lib/python3.12/site-packages/airflow/example_dags/example_local_kubernetes_executor.py took 0.050 seconds
[2026-05-01T00:09:44.040+0000] {processor.py:161} INFO - Started process (PID=56060) to work on /home/airflow/.local/lib/python3.12/site-packages/airflow/example_dags/example_local_kubernetes_executor.py
[2026-05-01T00:09:44.041+0000] {processor.py:830} INFO - Processing file /home/airflow/.local/lib/python3.12/site-packages/airflow/example_dags/example_local_kubernetes_executor.py for tasks to queue
[2026-05-01T00:09:44.045+0000] {logging_mixin.py:188} INFO - [2026-05-01T00:09:44.045+0000] {dagbag.py:545} INFO - Filling up the DagBag from /home/airflow/.local/lib/python3.12/site-packages/airflow/example_dags/example_local_kubernetes_executor.py
[2026-05-01T00:09:44.051+0000] {processor.py:840} INFO - DAG(s) 'example_local_kubernetes_executor' retrieved from /home/airflow/.local/lib/python3.12/site-packages/airflow/example_dags/example_local_kubernetes_executor.py
[2026-05-01T00:09:44.072+0000] {logging_mixin.py:188} INFO - [2026-05-01T00:09:44.071+0000] {dag.py:3089} INFO - Sync 1 DAGs
[2026-05-01T00:09:44.080+0000] {logging_mixin.py:188} INFO - [2026-05-01T00:09:44.080+0000] {dag.py:3947} INFO - Setting next_dagrun for example_local_kubernetes_executor to None, run_after=None
[2026-05-01T00:09:44.089+0000] {processor.py:183} INFO - Processing /home/airflow/.local/lib/python3.12/site-packages/airflow/example_dags/example_local_kubernetes_executor.py took 0.055 seconds
[2026-05-01T00:10:14.734+0000] {processor.py:161} INFO - Started process (PID=56120) to work on /home/airflow/.local/lib/python3.12/site-packages/airflow/example_dags/example_local_kubernetes_executor.py
[2026-05-01T00:10:14.737+0000] {processor.py:830} INFO - Processing file /home/airflow/.local/lib/python3.12/site-packages/airflow/example_dags/example_local_kubernetes_executor.py for tasks to queue
[2026-05-01T00:10:14.740+0000] {logging_mixin.py:188} INFO - [2026-05-01T00:10:14.740+0000] {dagbag.py:545} INFO - Filling up the DagBag from /home/airflow/.local/lib/python3.12/site-packages/airflow/example_dags/example_local_kubernetes_executor.py
[2026-05-01T00:10:14.747+0000] {processor.py:840} INFO - DAG(s) 'example_local_kubernetes_executor' retrieved from /home/airflow/.local/lib/python3.12/site-packages/airflow/example_dags/example_local_kubernetes_executor.py
[2026-05-01T00:10:14.767+0000] {logging_mixin.py:188} INFO - [2026-05-01T00:10:14.767+0000] {dag.py:3089} INFO - Sync 1 DAGs
[2026-05-01T00:10:14.776+0000] {logging_mixin.py:188} INFO - [2026-05-01T00:10:14.776+0000] {dag.py:3947} INFO - Setting next_dagrun for example_local_kubernetes_executor to None, run_after=None
[2026-05-01T00:10:14.786+0000] {processor.py:183} INFO - Processing /home/airflow/.local/lib/python3.12/site-packages/airflow/example_dags/example_local_kubernetes_executor.py took 0.058 seconds
[2026-05-01T00:10:45.508+0000] {processor.py:161} INFO - Started process (PID=56180) to work on /home/airflow/.local/lib/python3.12/site-packages/airflow/example_dags/example_local_kubernetes_executor.py
[2026-05-01T00:10:45.510+0000] {processor.py:830} INFO - Processing file /home/airflow/.local/lib/python3.12/site-packages/airflow/example_dags/example_local_kubernetes_executor.py for tasks to queue
[2026-05-01T00:10:45.512+0000] {logging_mixin.py:188} INFO - [2026-05-01T00:10:45.512+0000] {dagbag.py:545} INFO - Filling up the DagBag from /home/airflow/.local/lib/python3.12/site-packages/airflow/example_dags/example_local_kubernetes_executor.py
[2026-05-01T00:10:45.518+0000] {processor.py:840} INFO - DAG(s) 'example_local_kubernetes_executor' retrieved from /home/airflow/.local/lib/python3.12/site-packages/airflow/example_dags/example_local_kubernetes_executor.py
[2026-05-01T00:10:45.538+0000] {logging_mixin.py:188} INFO - [2026-05-01T00:10:45.538+0000] {dag.py:3089} INFO - Sync 1 DAGs
[2026-05-01T00:10:45.544+0000] {logging_mixin.py:188} INFO - [2026-05-01T00:10:45.544+0000] {dag.py:3947} INFO - Setting next_dagrun for example_local_kubernetes_executor to None, run_after=None
[2026-05-01T00:10:45.556+0000] {processor.py:183} INFO - Processing /home/airflow/.local/lib/python3.12/site-packages/airflow/example_dags/example_local_kubernetes_executor.py took 0.053 seconds
[2026-05-01T00:11:15.608+0000] {processor.py:161} INFO - Started process (PID=56240) to work on /home/airflow/.local/lib/python3.12/site-packages/airflow/example_dags/example_local_kubernetes_executor.py
[2026-05-01T00:11:15.611+0000] {processor.py:830} INFO - Processing file /home/airflow/.local/lib/python3.12/site-packages/airflow/example_dags/example_local_kubernetes_executor.py for tasks to queue
[2026-05-01T00:11:15.613+0000] {logging_mixin.py:188} INFO - [2026-05-01T00:11:15.613+0000] {dagbag.py:545} INFO - Filling up the DagBag from /home/airflow/.local/lib/python3.12/site-packages/airflow/example_dags/example_local_kubernetes_executor.py
[2026-05-01T00:11:15.622+0000] {processor.py:840} INFO - DAG(s) 'example_local_kubernetes_executor' retrieved from /home/airflow/.local/lib/python3.12/site-packages/airflow/example_dags/example_local_kubernetes_executor.py
[2026-05-01T00:11:15.644+0000] {logging_mixin.py:188} INFO - [2026-05-01T00:11:15.644+0000] {dag.py:3089} INFO - Sync 1 DAGs
[2026-05-01T00:11:15.651+0000] {logging_mixin.py:188} INFO - [2026-05-01T00:11:15.651+0000] {dag.py:3947} INFO - Setting next_dagrun for example_local_kubernetes_executor to None, run_after=None
[2026-05-01T00:11:15.662+0000] {processor.py:183} INFO - Processing /home/airflow/.local/lib/python3.12/site-packages/airflow/example_dags/example_local_kubernetes_executor.py took 0.059 seconds
[2026-05-01T00:11:46.297+0000] {processor.py:161} INFO - Started process (PID=56300) to work on /home/airflow/.local/lib/python3.12/site-packages/airflow/example_dags/example_local_kubernetes_executor.py
[2026-05-01T00:11:46.299+0000] {processor.py:830} INFO - Processing file /home/airflow/.local/lib/python3.12/site-packages/airflow/example_dags/example_local_kubernetes_executor.py for tasks to queue
[2026-05-01T00:11:46.302+0000] {logging_mixin.py:188} INFO - [2026-05-01T00:11:46.302+0000] {dagbag.py:545} INFO - Filling up the DagBag from /home/airflow/.local/lib/python3.12/site-packages/airflow/example_dags/example_local_kubernetes_executor.py
[2026-05-01T00:11:46.310+0000] {processor.py:840} INFO - DAG(s) 'example_local_kubernetes_executor' retrieved from /home/airflow/.local/lib/python3.12/site-packages/airflow/example_dags/example_local_kubernetes_executor.py
[2026-05-01T00:11:46.329+0000] {logging_mixin.py:188} INFO - [2026-05-01T00:11:46.329+0000] {dag.py:3089} INFO - Sync 1 DAGs
[2026-05-01T00:11:46.336+0000] {logging_mixin.py:188} INFO - [2026-05-01T00:11:46.335+0000] {dag.py:3947} INFO - Setting next_dagrun for example_local_kubernetes_executor to None, run_after=None
[2026-05-01T00:11:46.346+0000] {processor.py:183} INFO - Processing /home/airflow/.local/lib/python3.12/site-packages/airflow/example_dags/example_local_kubernetes_executor.py took 0.053 seconds
[2026-05-01T00:12:16.988+0000] {processor.py:161} INFO - Started process (PID=56360) to work on /home/airflow/.local/lib/python3.12/site-packages/airflow/example_dags/example_local_kubernetes_executor.py
[2026-05-01T00:12:16.990+0000] {processor.py:830} INFO - Processing file /home/airflow/.local/lib/python3.12/site-packages/airflow/example_dags/example_local_kubernetes_executor.py for tasks to queue
[2026-05-01T00:12:16.994+0000] {logging_mixin.py:188} INFO - [2026-05-01T00:12:16.994+0000] {dagbag.py:545} INFO - Filling up the DagBag from /home/airflow/.local/lib/python3.12/site-packages/airflow/example_dags/example_local_kubernetes_executor.py
[2026-05-01T00:12:17.002+0000] {processor.py:840} INFO - DAG(s) 'example_local_kubernetes_executor' retrieved from /home/airflow/.local/lib/python3.12/site-packages/airflow/example_dags/example_local_kubernetes_executor.py
[2026-05-01T00:12:17.027+0000] {logging_mixin.py:188} INFO - [2026-05-01T00:12:17.027+0000] {dag.py:3089} INFO - Sync 1 DAGs
[2026-05-01T00:12:17.032+0000] {logging_mixin.py:188} INFO - [2026-05-01T00:12:17.032+0000] {dag.py:3947} INFO - Setting next_dagrun for example_local_kubernetes_executor to None, run_after=None
[2026-05-01T00:12:17.042+0000] {processor.py:183} INFO - Processing /home/airflow/.local/lib/python3.12/site-packages/airflow/example_dags/example_local_kubernetes_executor.py took 0.059 seconds
[2026-05-01T00:12:47.590+0000] {processor.py:161} INFO - Started process (PID=56420) to work on /home/airflow/.local/lib/python3.12/site-packages/airflow/example_dags/example_local_kubernetes_executor.py
[2026-05-01T00:12:47.598+0000] {processor.py:830} INFO - Processing file /home/airflow/.local/lib/python3.12/site-packages/airflow/example_dags/example_local_kubernetes_executor.py for tasks to queue
[2026-05-01T00:12:47.599+0000] {logging_mixin.py:188} INFO - [2026-05-01T00:12:47.598+0000] {dagbag.py:545} INFO - Filling up the DagBag from /home/airflow/.local/lib/python3.12/site-packages/airflow/example_dags/example_local_kubernetes_executor.py
[2026-05-01T00:12:47.603+0000] {processor.py:840} INFO - DAG(s) 'example_local_kubernetes_executor' retrieved from /home/airflow/.local/lib/python3.12/site-packages/airflow/example_dags/example_local_kubernetes_executor.py
[2026-05-01T00:12:47.619+0000] {logging_mixin.py:188} INFO - [2026-05-01T00:12:47.618+0000] {dag.py:3089} INFO - Sync 1 DAGs
[2026-05-01T00:12:47.627+0000] {logging_mixin.py:188} INFO - [2026-05-01T00:12:47.627+0000] {dag.py:3947} INFO - Setting next_dagrun for example_local_kubernetes_executor to None, run_after=None
[2026-05-01T00:12:47.635+0000] {processor.py:183} INFO - Processing /home/airflow/.local/lib/python3.12/site-packages/airflow/example_dags/example_local_kubernetes_executor.py took 0.046 seconds
[2026-05-01T00:13:18.461+0000] {processor.py:161} INFO - Started process (PID=56480) to work on /home/airflow/.local/lib/python3.12/site-packages/airflow/example_dags/example_local_kubernetes_executor.py
[2026-05-01T00:13:18.463+0000] {processor.py:830} INFO - Processing file /home/airflow/.local/lib/python3.12/site-packages/airflow/example_dags/example_local_kubernetes_executor.py for tasks to queue
[2026-05-01T00:13:18.467+0000] {logging_mixin.py:188} INFO - [2026-05-01T00:13:18.467+0000] {dagbag.py:545} INFO - Filling up the DagBag from /home/airflow/.local/lib/python3.12/site-packages/airflow/example_dags/example_local_kubernetes_executor.py
[2026-05-01T00:13:18.472+0000] {processor.py:840} INFO - DAG(s) 'example_local_kubernetes_executor' retrieved from /home/airflow/.local/lib/python3.12/site-packages/airflow/example_dags/example_local_kubernetes_executor.py
[2026-05-01T00:13:18.492+0000] {logging_mixin.py:188} INFO - [2026-05-01T00:13:18.491+0000] {dag.py:3089} INFO - Sync 1 DAGs
[2026-05-01T00:13:18.497+0000] {logging_mixin.py:188} INFO - [2026-05-01T00:13:18.497+0000] {dag.py:3947} INFO - Setting next_dagrun for example_local_kubernetes_executor to None, run_after=None
[2026-05-01T00:13:18.508+0000] {processor.py:183} INFO - Processing /home/airflow/.local/lib/python3.12/site-packages/airflow/example_dags/example_local_kubernetes_executor.py took 0.051 seconds
[2026-05-01T00:13:48.862+0000] {processor.py:161} INFO - Started process (PID=56540) to work on /home/airflow/.local/lib/python3.12/site-packages/airflow/example_dags/example_local_kubernetes_executor.py
[2026-05-01T00:13:48.866+0000] {processor.py:830} INFO - Processing file /home/airflow/.local/lib/python3.12/site-packages/airflow/example_dags/example_local_kubernetes_executor.py for tasks to queue
[2026-05-01T00:13:48.867+0000] {logging_mixin.py:188} INFO - [2026-05-01T00:13:48.867+0000] {dagbag.py:545} INFO - Filling up the DagBag from /home/airflow/.local/lib/python3.12/site-packages/airflow/example_dags/example_local_kubernetes_executor.py
[2026-05-01T00:13:48.875+0000] {processor.py:840} INFO - DAG(s) 'example_local_kubernetes_executor' retrieved from /home/airflow/.local/lib/python3.12/site-packages/airflow/example_dags/example_local_kubernetes_executor.py
[2026-05-01T00:13:48.897+0000] {logging_mixin.py:188} INFO - [2026-05-01T00:13:48.897+0000] {dag.py:3089} INFO - Sync 1 DAGs
[2026-05-01T00:13:48.905+0000] {logging_mixin.py:188} INFO - [2026-05-01T00:13:48.905+0000] {dag.py:3947} INFO - Setting next_dagrun for example_local_kubernetes_executor to None, run_after=None
[2026-05-01T00:13:48.916+0000] {processor.py:183} INFO - Processing /home/airflow/.local/lib/python3.12/site-packages/airflow/example_dags/example_local_kubernetes_executor.py took 0.061 seconds
[2026-05-01T00:14:19.522+0000] {processor.py:161} INFO - Started process (PID=56600) to work on /home/airflow/.local/lib/python3.12/site-packages/airflow/example_dags/example_local_kubernetes_executor.py
[2026-05-01T00:14:19.523+0000] {processor.py:830} INFO - Processing file /home/airflow/.local/lib/python3.12/site-packages/airflow/example_dags/example_local_kubernetes_executor.py for tasks to queue
[2026-05-01T00:14:19.526+0000] {logging_mixin.py:188} INFO - [2026-05-01T00:14:19.526+0000] {dagbag.py:545} INFO - Filling up the DagBag from /home/airflow/.local/lib/python3.12/site-packages/airflow/example_dags/example_local_kubernetes_executor.py
[2026-05-01T00:14:19.533+0000] {processor.py:840} INFO - DAG(s) 'example_local_kubernetes_executor' retrieved from /home/airflow/.local/lib/python3.12/site-packages/airflow/example_dags/example_local_kubernetes_executor.py
[2026-05-01T00:14:19.557+0000] {logging_mixin.py:188} INFO - [2026-05-01T00:14:19.557+0000] {dag.py:3089} INFO - Sync 1 DAGs
[2026-05-01T00:14:19.570+0000] {logging_mixin.py:188} INFO - [2026-05-01T00:14:19.569+0000] {dag.py:3947} INFO - Setting next_dagrun for example_local_kubernetes_executor to None, run_after=None
[2026-05-01T00:14:19.579+0000] {processor.py:183} INFO - Processing /home/airflow/.local/lib/python3.12/site-packages/airflow/example_dags/example_local_kubernetes_executor.py took 0.062 seconds
[2026-05-01T00:14:50.142+0000] {processor.py:161} INFO - Started process (PID=56660) to work on /home/airflow/.local/lib/python3.12/site-packages/airflow/example_dags/example_local_kubernetes_executor.py
[2026-05-01T00:14:50.143+0000] {processor.py:830} INFO - Processing file /home/airflow/.local/lib/python3.12/site-packages/airflow/example_dags/example_local_kubernetes_executor.py for tasks to queue
[2026-05-01T00:14:50.148+0000] {logging_mixin.py:188} INFO - [2026-05-01T00:14:50.147+0000] {dagbag.py:545} INFO - Filling up the DagBag from /home/airflow/.local/lib/python3.12/site-packages/airflow/example_dags/example_local_kubernetes_executor.py
[2026-05-01T00:14:50.154+0000] {processor.py:840} INFO - DAG(s) 'example_local_kubernetes_executor' retrieved from /home/airflow/.local/lib/python3.12/site-packages/airflow/example_dags/example_local_kubernetes_executor.py
[2026-05-01T00:14:50.175+0000] {logging_mixin.py:188} INFO - [2026-05-01T00:14:50.175+0000] {dag.py:3089} INFO - Sync 1 DAGs
[2026-05-01T00:14:50.184+0000] {logging_mixin.py:188} INFO - [2026-05-01T00:14:50.184+0000] {dag.py:3947} INFO - Setting next_dagrun for example_local_kubernetes_executor to None, run_after=None
[2026-05-01T00:14:50.195+0000] {processor.py:183} INFO - Processing /home/airflow/.local/lib/python3.12/site-packages/airflow/example_dags/example_local_kubernetes_executor.py took 0.059 seconds
[2026-05-01T00:15:20.733+0000] {processor.py:161} INFO - Started process (PID=56720) to work on /home/airflow/.local/lib/python3.12/site-packages/airflow/example_dags/example_local_kubernetes_executor.py
[2026-05-01T00:15:20.736+0000] {processor.py:830} INFO - Processing file /home/airflow/.local/lib/python3.12/site-packages/airflow/example_dags/example_local_kubernetes_executor.py for tasks to queue
[2026-05-01T00:15:20.740+0000] {logging_mixin.py:188} INFO - [2026-05-01T00:15:20.740+0000] {dagbag.py:545} INFO - Filling up the DagBag from /home/airflow/.local/lib/python3.12/site-packages/airflow/example_dags/example_local_kubernetes_executor.py
[2026-05-01T00:15:20.743+0000] {processor.py:840} INFO - DAG(s) 'example_local_kubernetes_executor' retrieved from /home/airflow/.local/lib/python3.12/site-packages/airflow/example_dags/example_local_kubernetes_executor.py
[2026-05-01T00:15:20.764+0000] {logging_mixin.py:188} INFO - [2026-05-01T00:15:20.764+0000] {dag.py:3089} INFO - Sync 1 DAGs
[2026-05-01T00:15:20.769+0000] {logging_mixin.py:188} INFO - [2026-05-01T00:15:20.769+0000] {dag.py:3947} INFO - Setting next_dagrun for example_local_kubernetes_executor to None, run_after=None
[2026-05-01T00:15:20.779+0000] {processor.py:183} INFO - Processing /home/airflow/.local/lib/python3.12/site-packages/airflow/example_dags/example_local_kubernetes_executor.py took 0.048 seconds
[2026-05-01T00:15:51.356+0000] {processor.py:161} INFO - Started process (PID=56780) to work on /home/airflow/.local/lib/python3.12/site-packages/airflow/example_dags/example_local_kubernetes_executor.py
[2026-05-01T00:15:51.357+0000] {processor.py:830} INFO - Processing file /home/airflow/.local/lib/python3.12/site-packages/airflow/example_dags/example_local_kubernetes_executor.py for tasks to queue
[2026-05-01T00:15:51.358+0000] {logging_mixin.py:188} INFO - [2026-05-01T00:15:51.358+0000] {dagbag.py:545} INFO - Filling up the DagBag from /home/airflow/.local/lib/python3.12/site-packages/airflow/example_dags/example_local_kubernetes_executor.py
[2026-05-01T00:15:51.367+0000] {processor.py:840} INFO - DAG(s) 'example_local_kubernetes_executor' retrieved from /home/airflow/.local/lib/python3.12/site-packages/airflow/example_dags/example_local_kubernetes_executor.py
[2026-05-01T00:15:51.384+0000] {logging_mixin.py:188} INFO - [2026-05-01T00:15:51.384+0000] {dag.py:3089} INFO - Sync 1 DAGs
[2026-05-01T00:15:51.394+0000] {logging_mixin.py:188} INFO - [2026-05-01T00:15:51.394+0000] {dag.py:3947} INFO - Setting next_dagrun for example_local_kubernetes_executor to None, run_after=None
[2026-05-01T00:15:51.404+0000] {processor.py:183} INFO - Processing /home/airflow/.local/lib/python3.12/site-packages/airflow/example_dags/example_local_kubernetes_executor.py took 0.051 seconds
[2026-05-01T00:16:21.916+0000] {processor.py:161} INFO - Started process (PID=56840) to work on /home/airflow/.local/lib/python3.12/site-packages/airflow/example_dags/example_local_kubernetes_executor.py
[2026-05-01T00:16:21.918+0000] {processor.py:830} INFO - Processing file /home/airflow/.local/lib/python3.12/site-packages/airflow/example_dags/example_local_kubernetes_executor.py for tasks to queue
[2026-05-01T00:16:21.919+0000] {logging_mixin.py:188} INFO - [2026-05-01T00:16:21.919+0000] {dagbag.py:545} INFO - Filling up the DagBag from /home/airflow/.local/lib/python3.12/site-packages/airflow/example_dags/example_local_kubernetes_executor.py
[2026-05-01T00:16:21.924+0000] {processor.py:840} INFO - DAG(s) 'example_local_kubernetes_executor' retrieved from /home/airflow/.local/lib/python3.12/site-packages/airflow/example_dags/example_local_kubernetes_executor.py
[2026-05-01T00:16:21.945+0000] {logging_mixin.py:188} INFO - [2026-05-01T00:16:21.945+0000] {dag.py:3089} INFO - Sync 1 DAGs
[2026-05-01T00:16:21.951+0000] {logging_mixin.py:188} INFO - [2026-05-01T00:16:21.951+0000] {dag.py:3947} INFO - Setting next_dagrun for example_local_kubernetes_executor to None, run_after=None
[2026-05-01T00:16:21.964+0000] {processor.py:183} INFO - Processing /home/airflow/.local/lib/python3.12/site-packages/airflow/example_dags/example_local_kubernetes_executor.py took 0.050 seconds
[2026-05-01T00:16:52.590+0000] {processor.py:161} INFO - Started process (PID=56900) to work on /home/airflow/.local/lib/python3.12/site-packages/airflow/example_dags/example_local_kubernetes_executor.py
[2026-05-01T00:16:52.594+0000] {processor.py:830} INFO - Processing file /home/airflow/.local/lib/python3.12/site-packages/airflow/example_dags/example_local_kubernetes_executor.py for tasks to queue
[2026-05-01T00:16:52.595+0000] {logging_mixin.py:188} INFO - [2026-05-01T00:16:52.595+0000] {dagbag.py:545} INFO - Filling up the DagBag from /home/airflow/.local/lib/python3.12/site-packages/airflow/example_dags/example_local_kubernetes_executor.py
[2026-05-01T00:16:52.599+0000] {processor.py:840} INFO - DAG(s) 'example_local_kubernetes_executor' retrieved from /home/airflow/.local/lib/python3.12/site-packages/airflow/example_dags/example_local_kubernetes_executor.py
[2026-05-01T00:16:52.619+0000] {logging_mixin.py:188} INFO - [2026-05-01T00:16:52.619+0000] {dag.py:3089} INFO - Sync 1 DAGs
[2026-05-01T00:16:52.627+0000] {logging_mixin.py:188} INFO - [2026-05-01T00:16:52.627+0000] {dag.py:3947} INFO - Setting next_dagrun for example_local_kubernetes_executor to None, run_after=None
[2026-05-01T00:16:52.642+0000] {processor.py:183} INFO - Processing /home/airflow/.local/lib/python3.12/site-packages/airflow/example_dags/example_local_kubernetes_executor.py took 0.056 seconds
[2026-05-01T00:17:23.415+0000] {processor.py:161} INFO - Started process (PID=56960) to work on /home/airflow/.local/lib/python3.12/site-packages/airflow/example_dags/example_local_kubernetes_executor.py
[2026-05-01T00:17:23.417+0000] {processor.py:830} INFO - Processing file /home/airflow/.local/lib/python3.12/site-packages/airflow/example_dags/example_local_kubernetes_executor.py for tasks to queue
[2026-05-01T00:17:23.419+0000] {logging_mixin.py:188} INFO - [2026-05-01T00:17:23.419+0000] {dagbag.py:545} INFO - Filling up the DagBag from /home/airflow/.local/lib/python3.12/site-packages/airflow/example_dags/example_local_kubernetes_executor.py
[2026-05-01T00:17:23.429+0000] {processor.py:840} INFO - DAG(s) 'example_local_kubernetes_executor' retrieved from /home/airflow/.local/lib/python3.12/site-packages/airflow/example_dags/example_local_kubernetes_executor.py
[2026-05-01T00:17:23.457+0000] {logging_mixin.py:188} INFO - [2026-05-01T00:17:23.457+0000] {dag.py:3089} INFO - Sync 1 DAGs
[2026-05-01T00:17:23.468+0000] {logging_mixin.py:188} INFO - [2026-05-01T00:17:23.468+0000] {dag.py:3947} INFO - Setting next_dagrun for example_local_kubernetes_executor to None, run_after=None
[2026-05-01T00:17:23.481+0000] {processor.py:183} INFO - Processing /home/airflow/.local/lib/python3.12/site-packages/airflow/example_dags/example_local_kubernetes_executor.py took 0.075 seconds
[2026-05-01T00:17:53.603+0000] {processor.py:161} INFO - Started process (PID=57019) to work on /home/airflow/.local/lib/python3.12/site-packages/airflow/example_dags/example_local_kubernetes_executor.py
[2026-05-01T00:17:53.604+0000] {processor.py:830} INFO - Processing file /home/airflow/.local/lib/python3.12/site-packages/airflow/example_dags/example_local_kubernetes_executor.py for tasks to queue
[2026-05-01T00:17:53.605+0000] {logging_mixin.py:188} INFO - [2026-05-01T00:17:53.605+0000] {dagbag.py:545} INFO - Filling up the DagBag from /home/airflow/.local/lib/python3.12/site-packages/airflow/example_dags/example_local_kubernetes_executor.py
[2026-05-01T00:17:53.609+0000] {processor.py:840} INFO - DAG(s) 'example_local_kubernetes_executor' retrieved from /home/airflow/.local/lib/python3.12/site-packages/airflow/example_dags/example_local_kubernetes_executor.py
[2026-05-01T00:17:53.626+0000] {logging_mixin.py:188} INFO - [2026-05-01T00:17:53.626+0000] {dag.py:3089} INFO - Sync 1 DAGs
[2026-05-01T00:17:53.631+0000] {logging_mixin.py:188} INFO - [2026-05-01T00:17:53.631+0000] {dag.py:3947} INFO - Setting next_dagrun for example_local_kubernetes_executor to None, run_after=None
[2026-05-01T00:17:53.637+0000] {processor.py:183} INFO - Processing /home/airflow/.local/lib/python3.12/site-packages/airflow/example_dags/example_local_kubernetes_executor.py took 0.039 seconds
[2026-05-01T00:18:24.470+0000] {processor.py:161} INFO - Started process (PID=57077) to work on /home/airflow/.local/lib/python3.12/site-packages/airflow/example_dags/example_local_kubernetes_executor.py
[2026-05-01T00:18:24.471+0000] {processor.py:830} INFO - Processing file /home/airflow/.local/lib/python3.12/site-packages/airflow/example_dags/example_local_kubernetes_executor.py for tasks to queue
[2026-05-01T00:18:24.473+0000] {logging_mixin.py:188} INFO - [2026-05-01T00:18:24.473+0000] {dagbag.py:545} INFO - Filling up the DagBag from /home/airflow/.local/lib/python3.12/site-packages/airflow/example_dags/example_local_kubernetes_executor.py
[2026-05-01T00:18:24.482+0000] {processor.py:840} INFO - DAG(s) 'example_local_kubernetes_executor' retrieved from /home/airflow/.local/lib/python3.12/site-packages/airflow/example_dags/example_local_kubernetes_executor.py
[2026-05-01T00:18:24.507+0000] {logging_mixin.py:188} INFO - [2026-05-01T00:18:24.506+0000] {dag.py:3089} INFO - Sync 1 DAGs
[2026-05-01T00:18:24.515+0000] {logging_mixin.py:188} INFO - [2026-05-01T00:18:24.515+0000] {dag.py:3947} INFO - Setting next_dagrun for example_local_kubernetes_executor to None, run_after=None
[2026-05-01T00:18:24.528+0000] {processor.py:183} INFO - Processing /home/airflow/.local/lib/python3.12/site-packages/airflow/example_dags/example_local_kubernetes_executor.py took 0.065 seconds
[2026-05-01T00:18:55.208+0000] {processor.py:161} INFO - Started process (PID=57137) to work on /home/airflow/.local/lib/python3.12/site-packages/airflow/example_dags/example_local_kubernetes_executor.py
[2026-05-01T00:18:55.208+0000] {processor.py:830} INFO - Processing file /home/airflow/.local/lib/python3.12/site-packages/airflow/example_dags/example_local_kubernetes_executor.py for tasks to queue
[2026-05-01T00:18:55.210+0000] {logging_mixin.py:188} INFO - [2026-05-01T00:18:55.210+0000] {dagbag.py:545} INFO - Filling up the DagBag from /home/airflow/.local/lib/python3.12/site-packages/airflow/example_dags/example_local_kubernetes_executor.py
[2026-05-01T00:18:55.216+0000] {processor.py:840} INFO - DAG(s) 'example_local_kubernetes_executor' retrieved from /home/airflow/.local/lib/python3.12/site-packages/airflow/example_dags/example_local_kubernetes_executor.py
[2026-05-01T00:18:55.237+0000] {logging_mixin.py:188} INFO - [2026-05-01T00:18:55.237+0000] {dag.py:3089} INFO - Sync 1 DAGs
[2026-05-01T00:18:55.243+0000] {logging_mixin.py:188} INFO - [2026-05-01T00:18:55.243+0000] {dag.py:3947} INFO - Setting next_dagrun for example_local_kubernetes_executor to None, run_after=None
[2026-05-01T00:18:55.256+0000] {processor.py:183} INFO - Processing /home/airflow/.local/lib/python3.12/site-packages/airflow/example_dags/example_local_kubernetes_executor.py took 0.052 seconds
[2026-05-01T00:19:25.885+0000] {processor.py:161} INFO - Started process (PID=57197) to work on /home/airflow/.local/lib/python3.12/site-packages/airflow/example_dags/example_local_kubernetes_executor.py
[2026-05-01T00:19:25.889+0000] {processor.py:830} INFO - Processing file /home/airflow/.local/lib/python3.12/site-packages/airflow/example_dags/example_local_kubernetes_executor.py for tasks to queue
[2026-05-01T00:19:25.890+0000] {logging_mixin.py:188} INFO - [2026-05-01T00:19:25.890+0000] {dagbag.py:545} INFO - Filling up the DagBag from /home/airflow/.local/lib/python3.12/site-packages/airflow/example_dags/example_local_kubernetes_executor.py
[2026-05-01T00:19:25.898+0000] {processor.py:840} INFO - DAG(s) 'example_local_kubernetes_executor' retrieved from /home/airflow/.local/lib/python3.12/site-packages/airflow/example_dags/example_local_kubernetes_executor.py
[2026-05-01T00:19:25.928+0000] {logging_mixin.py:188} INFO - [2026-05-01T00:19:25.928+0000] {dag.py:3089} INFO - Sync 1 DAGs
[2026-05-01T00:19:25.936+0000] {logging_mixin.py:188} INFO - [2026-05-01T00:19:25.936+0000] {dag.py:3947} INFO - Setting next_dagrun for example_local_kubernetes_executor to None, run_after=None
[2026-05-01T00:19:25.947+0000] {processor.py:183} INFO - Processing /home/airflow/.local/lib/python3.12/site-packages/airflow/example_dags/example_local_kubernetes_executor.py took 0.068 seconds
[2026-05-01T00:19:56.881+0000] {processor.py:161} INFO - Started process (PID=57257) to work on /home/airflow/.local/lib/python3.12/site-packages/airflow/example_dags/example_local_kubernetes_executor.py
[2026-05-01T00:19:56.883+0000] {processor.py:830} INFO - Processing file /home/airflow/.local/lib/python3.12/site-packages/airflow/example_dags/example_local_kubernetes_executor.py for tasks to queue
[2026-05-01T00:19:56.884+0000] {logging_mixin.py:188} INFO - [2026-05-01T00:19:56.884+0000] {dagbag.py:545} INFO - Filling up the DagBag from /home/airflow/.local/lib/python3.12/site-packages/airflow/example_dags/example_local_kubernetes_executor.py
[2026-05-01T00:19:56.889+0000] {processor.py:840} INFO - DAG(s) 'example_local_kubernetes_executor' retrieved from /home/airflow/.local/lib/python3.12/site-packages/airflow/example_dags/example_local_kubernetes_executor.py
[2026-05-01T00:19:56.926+0000] {logging_mixin.py:188} INFO - [2026-05-01T00:19:56.926+0000] {dag.py:3089} INFO - Sync 1 DAGs
[2026-05-01T00:19:56.933+0000] {logging_mixin.py:188} INFO - [2026-05-01T00:19:56.933+0000] {dag.py:3947} INFO - Setting next_dagrun for example_local_kubernetes_executor to None, run_after=None
[2026-05-01T00:19:56.945+0000] {processor.py:183} INFO - Processing /home/airflow/.local/lib/python3.12/site-packages/airflow/example_dags/example_local_kubernetes_executor.py took 0.075 seconds
[2026-05-01T00:20:27.045+0000] {processor.py:161} INFO - Started process (PID=57317) to work on /home/airflow/.local/lib/python3.12/site-packages/airflow/example_dags/example_local_kubernetes_executor.py
[2026-05-01T00:20:27.048+0000] {processor.py:830} INFO - Processing file /home/airflow/.local/lib/python3.12/site-packages/airflow/example_dags/example_local_kubernetes_executor.py for tasks to queue
[2026-05-01T00:20:27.053+0000] {logging_mixin.py:188} INFO - [2026-05-01T00:20:27.053+0000] {dagbag.py:545} INFO - Filling up the DagBag from /home/airflow/.local/lib/python3.12/site-packages/airflow/example_dags/example_local_kubernetes_executor.py
[2026-05-01T00:20:27.064+0000] {processor.py:840} INFO - DAG(s) 'example_local_kubernetes_executor' retrieved from /home/airflow/.local/lib/python3.12/site-packages/airflow/example_dags/example_local_kubernetes_executor.py
[2026-05-01T00:20:27.104+0000] {logging_mixin.py:188} INFO - [2026-05-01T00:20:27.104+0000] {dag.py:3089} INFO - Sync 1 DAGs
[2026-05-01T00:20:27.114+0000] {logging_mixin.py:188} INFO - [2026-05-01T00:20:27.114+0000] {dag.py:3947} INFO - Setting next_dagrun for example_local_kubernetes_executor to None, run_after=None
[2026-05-01T00:20:27.122+0000] {processor.py:183} INFO - Processing /home/airflow/.local/lib/python3.12/site-packages/airflow/example_dags/example_local_kubernetes_executor.py took 0.082 seconds
[2026-05-01T00:20:58.148+0000] {processor.py:161} INFO - Started process (PID=57377) to work on /home/airflow/.local/lib/python3.12/site-packages/airflow/example_dags/example_local_kubernetes_executor.py
[2026-05-01T00:20:58.149+0000] {processor.py:830} INFO - Processing file /home/airflow/.local/lib/python3.12/site-packages/airflow/example_dags/example_local_kubernetes_executor.py for tasks to queue
[2026-05-01T00:20:58.153+0000] {logging_mixin.py:188} INFO - [2026-05-01T00:20:58.152+0000] {dagbag.py:545} INFO - Filling up the DagBag from /home/airflow/.local/lib/python3.12/site-packages/airflow/example_dags/example_local_kubernetes_executor.py
[2026-05-01T00:20:58.164+0000] {processor.py:840} INFO - DAG(s) 'example_local_kubernetes_executor' retrieved from /home/airflow/.local/lib/python3.12/site-packages/airflow/example_dags/example_local_kubernetes_executor.py
[2026-05-01T00:20:58.217+0000] {logging_mixin.py:188} INFO - [2026-05-01T00:20:58.217+0000] {dag.py:3089} INFO - Sync 1 DAGs
[2026-05-01T00:20:58.226+0000] {logging_mixin.py:188} INFO - [2026-05-01T00:20:58.226+0000] {dag.py:3947} INFO - Setting next_dagrun for example_local_kubernetes_executor to None, run_after=None
[2026-05-01T00:20:58.240+0000] {processor.py:183} INFO - Processing /home/airflow/.local/lib/python3.12/site-packages/airflow/example_dags/example_local_kubernetes_executor.py took 0.099 seconds
[2026-05-01T00:21:28.335+0000] {processor.py:161} INFO - Started process (PID=57437) to work on /home/airflow/.local/lib/python3.12/site-packages/airflow/example_dags/example_local_kubernetes_executor.py
[2026-05-01T00:21:28.337+0000] {processor.py:830} INFO - Processing file /home/airflow/.local/lib/python3.12/site-packages/airflow/example_dags/example_local_kubernetes_executor.py for tasks to queue
[2026-05-01T00:21:28.337+0000] {logging_mixin.py:188} INFO - [2026-05-01T00:21:28.337+0000] {dagbag.py:545} INFO - Filling up the DagBag from /home/airflow/.local/lib/python3.12/site-packages/airflow/example_dags/example_local_kubernetes_executor.py
[2026-05-01T00:21:28.342+0000] {processor.py:840} INFO - DAG(s) 'example_local_kubernetes_executor' retrieved from /home/airflow/.local/lib/python3.12/site-packages/airflow/example_dags/example_local_kubernetes_executor.py
[2026-05-01T00:21:28.364+0000] {logging_mixin.py:188} INFO - [2026-05-01T00:21:28.364+0000] {dag.py:3089} INFO - Sync 1 DAGs
[2026-05-01T00:21:28.371+0000] {logging_mixin.py:188} INFO - [2026-05-01T00:21:28.371+0000] {dag.py:3947} INFO - Setting next_dagrun for example_local_kubernetes_executor to None, run_after=None
[2026-05-01T00:21:28.379+0000] {processor.py:183} INFO - Processing /home/airflow/.local/lib/python3.12/site-packages/airflow/example_dags/example_local_kubernetes_executor.py took 0.048 seconds
[2026-05-01T00:21:58.710+0000] {processor.py:161} INFO - Started process (PID=57497) to work on /home/airflow/.local/lib/python3.12/site-packages/airflow/example_dags/example_local_kubernetes_executor.py
[2026-05-01T00:21:58.712+0000] {processor.py:830} INFO - Processing file /home/airflow/.local/lib/python3.12/site-packages/airflow/example_dags/example_local_kubernetes_executor.py for tasks to queue
[2026-05-01T00:21:58.716+0000] {logging_mixin.py:188} INFO - [2026-05-01T00:21:58.716+0000] {dagbag.py:545} INFO - Filling up the DagBag from /home/airflow/.local/lib/python3.12/site-packages/airflow/example_dags/example_local_kubernetes_executor.py
[2026-05-01T00:21:58.722+0000] {processor.py:840} INFO - DAG(s) 'example_local_kubernetes_executor' retrieved from /home/airflow/.local/lib/python3.12/site-packages/airflow/example_dags/example_local_kubernetes_executor.py
[2026-05-01T00:21:58.751+0000] {logging_mixin.py:188} INFO - [2026-05-01T00:21:58.750+0000] {dag.py:3089} INFO - Sync 1 DAGs
[2026-05-01T00:21:58.758+0000] {logging_mixin.py:188} INFO - [2026-05-01T00:21:58.757+0000] {dag.py:3947} INFO - Setting next_dagrun for example_local_kubernetes_executor to None, run_after=None
[2026-05-01T00:21:58.767+0000] {processor.py:183} INFO - Processing /home/airflow/.local/lib/python3.12/site-packages/airflow/example_dags/example_local_kubernetes_executor.py took 0.064 seconds
[2026-05-01T00:22:29.569+0000] {processor.py:161} INFO - Started process (PID=57557) to work on /home/airflow/.local/lib/python3.12/site-packages/airflow/example_dags/example_local_kubernetes_executor.py
[2026-05-01T00:22:29.570+0000] {processor.py:830} INFO - Processing file /home/airflow/.local/lib/python3.12/site-packages/airflow/example_dags/example_local_kubernetes_executor.py for tasks to queue
[2026-05-01T00:22:29.572+0000] {logging_mixin.py:188} INFO - [2026-05-01T00:22:29.572+0000] {dagbag.py:545} INFO - Filling up the DagBag from /home/airflow/.local/lib/python3.12/site-packages/airflow/example_dags/example_local_kubernetes_executor.py
[2026-05-01T00:22:29.580+0000] {processor.py:840} INFO - DAG(s) 'example_local_kubernetes_executor' retrieved from /home/airflow/.local/lib/python3.12/site-packages/airflow/example_dags/example_local_kubernetes_executor.py
[2026-05-01T00:22:29.603+0000] {logging_mixin.py:188} INFO - [2026-05-01T00:22:29.603+0000] {dag.py:3089} INFO - Sync 1 DAGs
[2026-05-01T00:22:29.610+0000] {logging_mixin.py:188} INFO - [2026-05-01T00:22:29.610+0000] {dag.py:3947} INFO - Setting next_dagrun for example_local_kubernetes_executor to None, run_after=None
[2026-05-01T00:22:29.619+0000] {processor.py:183} INFO - Processing /home/airflow/.local/lib/python3.12/site-packages/airflow/example_dags/example_local_kubernetes_executor.py took 0.054 seconds
[2026-05-01T00:23:00.426+0000] {processor.py:161} INFO - Started process (PID=57617) to work on /home/airflow/.local/lib/python3.12/site-packages/airflow/example_dags/example_local_kubernetes_executor.py
[2026-05-01T00:23:00.429+0000] {processor.py:830} INFO - Processing file /home/airflow/.local/lib/python3.12/site-packages/airflow/example_dags/example_local_kubernetes_executor.py for tasks to queue
[2026-05-01T00:23:00.430+0000] {logging_mixin.py:188} INFO - [2026-05-01T00:23:00.430+0000] {dagbag.py:545} INFO - Filling up the DagBag from /home/airflow/.local/lib/python3.12/site-packages/airflow/example_dags/example_local_kubernetes_executor.py
[2026-05-01T00:23:00.440+0000] {processor.py:840} INFO - DAG(s) 'example_local_kubernetes_executor' retrieved from /home/airflow/.local/lib/python3.12/site-packages/airflow/example_dags/example_local_kubernetes_executor.py
[2026-05-01T00:23:00.464+0000] {logging_mixin.py:188} INFO - [2026-05-01T00:23:00.464+0000] {dag.py:3089} INFO - Sync 1 DAGs
[2026-05-01T00:23:00.469+0000] {logging_mixin.py:188} INFO - [2026-05-01T00:23:00.469+0000] {dag.py:3947} INFO - Setting next_dagrun for example_local_kubernetes_executor to None, run_after=None
[2026-05-01T00:23:00.479+0000] {processor.py:183} INFO - Processing /home/airflow/.local/lib/python3.12/site-packages/airflow/example_dags/example_local_kubernetes_executor.py took 0.059 seconds
