[2026-05-01T00:00:05.108+0000] {processor.py:161} INFO - Started process (PID=54952) to work on /home/airflow/.local/lib/python3.12/site-packages/airflow/example_dags/example_xcomargs.py
[2026-05-01T00:00:05.109+0000] {processor.py:830} INFO - Processing file /home/airflow/.local/lib/python3.12/site-packages/airflow/example_dags/example_xcomargs.py for tasks to queue
[2026-05-01T00:00:05.110+0000] {logging_mixin.py:188} INFO - [2026-05-01T00:00:05.110+0000] {dagbag.py:545} INFO - Filling up the DagBag from /home/airflow/.local/lib/python3.12/site-packages/airflow/example_dags/example_xcomargs.py
[2026-05-01T00:00:05.113+0000] {processor.py:840} INFO - DAG(s) 'example_xcom_args_with_operators', 'example_xcom_args' retrieved from /home/airflow/.local/lib/python3.12/site-packages/airflow/example_dags/example_xcomargs.py
[2026-05-01T00:00:05.126+0000] {logging_mixin.py:188} INFO - [2026-05-01T00:00:05.124+0000] {dag.py:3089} INFO - Sync 2 DAGs
[2026-05-01T00:00:05.131+0000] {logging_mixin.py:188} INFO - [2026-05-01T00:00:05.131+0000] {dag.py:3947} INFO - Setting next_dagrun for example_xcom_args to None, run_after=None
[2026-05-01T00:00:05.132+0000] {logging_mixin.py:188} INFO - [2026-05-01T00:00:05.132+0000] {dag.py:3947} INFO - Setting next_dagrun for example_xcom_args_with_operators to None, run_after=None
[2026-05-01T00:00:05.137+0000] {processor.py:183} INFO - Processing /home/airflow/.local/lib/python3.12/site-packages/airflow/example_dags/example_xcomargs.py took 0.031 seconds
[2026-05-01T00:00:35.930+0000] {processor.py:161} INFO - Started process (PID=55012) to work on /home/airflow/.local/lib/python3.12/site-packages/airflow/example_dags/example_xcomargs.py
[2026-05-01T00:00:35.931+0000] {processor.py:830} INFO - Processing file /home/airflow/.local/lib/python3.12/site-packages/airflow/example_dags/example_xcomargs.py for tasks to queue
[2026-05-01T00:00:35.931+0000] {logging_mixin.py:188} INFO - [2026-05-01T00:00:35.931+0000] {dagbag.py:545} INFO - Filling up the DagBag from /home/airflow/.local/lib/python3.12/site-packages/airflow/example_dags/example_xcomargs.py
[2026-05-01T00:00:35.934+0000] {processor.py:840} INFO - DAG(s) 'example_xcom_args', 'example_xcom_args_with_operators' retrieved from /home/airflow/.local/lib/python3.12/site-packages/airflow/example_dags/example_xcomargs.py
[2026-05-01T00:00:35.942+0000] {logging_mixin.py:188} INFO - [2026-05-01T00:00:35.942+0000] {dag.py:3089} INFO - Sync 2 DAGs
[2026-05-01T00:00:35.946+0000] {logging_mixin.py:188} INFO - [2026-05-01T00:00:35.946+0000] {dag.py:3947} INFO - Setting next_dagrun for example_xcom_args to None, run_after=None
[2026-05-01T00:00:35.947+0000] {logging_mixin.py:188} INFO - [2026-05-01T00:00:35.947+0000] {dag.py:3947} INFO - Setting next_dagrun for example_xcom_args_with_operators to None, run_after=None
[2026-05-01T00:00:35.951+0000] {processor.py:183} INFO - Processing /home/airflow/.local/lib/python3.12/site-packages/airflow/example_dags/example_xcomargs.py took 0.023 seconds
[2026-05-01T00:01:06.643+0000] {processor.py:161} INFO - Started process (PID=55072) to work on /home/airflow/.local/lib/python3.12/site-packages/airflow/example_dags/example_xcomargs.py
[2026-05-01T00:01:06.643+0000] {processor.py:830} INFO - Processing file /home/airflow/.local/lib/python3.12/site-packages/airflow/example_dags/example_xcomargs.py for tasks to queue
[2026-05-01T00:01:06.644+0000] {logging_mixin.py:188} INFO - [2026-05-01T00:01:06.644+0000] {dagbag.py:545} INFO - Filling up the DagBag from /home/airflow/.local/lib/python3.12/site-packages/airflow/example_dags/example_xcomargs.py
[2026-05-01T00:01:06.647+0000] {processor.py:840} INFO - DAG(s) 'example_xcom_args', 'example_xcom_args_with_operators' retrieved from /home/airflow/.local/lib/python3.12/site-packages/airflow/example_dags/example_xcomargs.py
[2026-05-01T00:01:06.657+0000] {logging_mixin.py:188} INFO - [2026-05-01T00:01:06.657+0000] {dag.py:3089} INFO - Sync 2 DAGs
[2026-05-01T00:01:06.662+0000] {logging_mixin.py:188} INFO - [2026-05-01T00:01:06.662+0000] {dag.py:3947} INFO - Setting next_dagrun for example_xcom_args to None, run_after=None
[2026-05-01T00:01:06.665+0000] {logging_mixin.py:188} INFO - [2026-05-01T00:01:06.665+0000] {dag.py:3947} INFO - Setting next_dagrun for example_xcom_args_with_operators to None, run_after=None
[2026-05-01T00:01:06.675+0000] {processor.py:183} INFO - Processing /home/airflow/.local/lib/python3.12/site-packages/airflow/example_dags/example_xcomargs.py took 0.035 seconds
[2026-05-01T00:01:37.431+0000] {processor.py:161} INFO - Started process (PID=55132) to work on /home/airflow/.local/lib/python3.12/site-packages/airflow/example_dags/example_xcomargs.py
[2026-05-01T00:01:37.431+0000] {processor.py:830} INFO - Processing file /home/airflow/.local/lib/python3.12/site-packages/airflow/example_dags/example_xcomargs.py for tasks to queue
[2026-05-01T00:01:37.432+0000] {logging_mixin.py:188} INFO - [2026-05-01T00:01:37.432+0000] {dagbag.py:545} INFO - Filling up the DagBag from /home/airflow/.local/lib/python3.12/site-packages/airflow/example_dags/example_xcomargs.py
[2026-05-01T00:01:37.435+0000] {processor.py:840} INFO - DAG(s) 'example_xcom_args_with_operators', 'example_xcom_args' retrieved from /home/airflow/.local/lib/python3.12/site-packages/airflow/example_dags/example_xcomargs.py
[2026-05-01T00:01:37.442+0000] {logging_mixin.py:188} INFO - [2026-05-01T00:01:37.442+0000] {dag.py:3089} INFO - Sync 2 DAGs
[2026-05-01T00:01:37.446+0000] {logging_mixin.py:188} INFO - [2026-05-01T00:01:37.446+0000] {dag.py:3947} INFO - Setting next_dagrun for example_xcom_args to None, run_after=None
[2026-05-01T00:01:37.447+0000] {logging_mixin.py:188} INFO - [2026-05-01T00:01:37.447+0000] {dag.py:3947} INFO - Setting next_dagrun for example_xcom_args_with_operators to None, run_after=None
[2026-05-01T00:01:37.452+0000] {processor.py:183} INFO - Processing /home/airflow/.local/lib/python3.12/site-packages/airflow/example_dags/example_xcomargs.py took 0.023 seconds
[2026-05-01T00:02:08.055+0000] {processor.py:161} INFO - Started process (PID=55192) to work on /home/airflow/.local/lib/python3.12/site-packages/airflow/example_dags/example_xcomargs.py
[2026-05-01T00:02:08.056+0000] {processor.py:830} INFO - Processing file /home/airflow/.local/lib/python3.12/site-packages/airflow/example_dags/example_xcomargs.py for tasks to queue
[2026-05-01T00:02:08.056+0000] {logging_mixin.py:188} INFO - [2026-05-01T00:02:08.056+0000] {dagbag.py:545} INFO - Filling up the DagBag from /home/airflow/.local/lib/python3.12/site-packages/airflow/example_dags/example_xcomargs.py
[2026-05-01T00:02:08.061+0000] {processor.py:840} INFO - DAG(s) 'example_xcom_args_with_operators', 'example_xcom_args' retrieved from /home/airflow/.local/lib/python3.12/site-packages/airflow/example_dags/example_xcomargs.py
[2026-05-01T00:02:08.073+0000] {logging_mixin.py:188} INFO - [2026-05-01T00:02:08.073+0000] {dag.py:3089} INFO - Sync 2 DAGs
[2026-05-01T00:02:08.080+0000] {logging_mixin.py:188} INFO - [2026-05-01T00:02:08.080+0000] {dag.py:3947} INFO - Setting next_dagrun for example_xcom_args to None, run_after=None
[2026-05-01T00:02:08.083+0000] {logging_mixin.py:188} INFO - [2026-05-01T00:02:08.082+0000] {dag.py:3947} INFO - Setting next_dagrun for example_xcom_args_with_operators to None, run_after=None
[2026-05-01T00:02:08.091+0000] {processor.py:183} INFO - Processing /home/airflow/.local/lib/python3.12/site-packages/airflow/example_dags/example_xcomargs.py took 0.038 seconds
[2026-05-01T00:02:38.698+0000] {processor.py:161} INFO - Started process (PID=55252) to work on /home/airflow/.local/lib/python3.12/site-packages/airflow/example_dags/example_xcomargs.py
[2026-05-01T00:02:38.700+0000] {processor.py:830} INFO - Processing file /home/airflow/.local/lib/python3.12/site-packages/airflow/example_dags/example_xcomargs.py for tasks to queue
[2026-05-01T00:02:38.700+0000] {logging_mixin.py:188} INFO - [2026-05-01T00:02:38.700+0000] {dagbag.py:545} INFO - Filling up the DagBag from /home/airflow/.local/lib/python3.12/site-packages/airflow/example_dags/example_xcomargs.py
[2026-05-01T00:02:38.706+0000] {processor.py:840} INFO - DAG(s) 'example_xcom_args', 'example_xcom_args_with_operators' retrieved from /home/airflow/.local/lib/python3.12/site-packages/airflow/example_dags/example_xcomargs.py
[2026-05-01T00:02:38.720+0000] {logging_mixin.py:188} INFO - [2026-05-01T00:02:38.720+0000] {dag.py:3089} INFO - Sync 2 DAGs
[2026-05-01T00:02:38.726+0000] {logging_mixin.py:188} INFO - [2026-05-01T00:02:38.726+0000] {dag.py:3947} INFO - Setting next_dagrun for example_xcom_args to None, run_after=None
[2026-05-01T00:02:38.728+0000] {logging_mixin.py:188} INFO - [2026-05-01T00:02:38.728+0000] {dag.py:3947} INFO - Setting next_dagrun for example_xcom_args_with_operators to None, run_after=None
[2026-05-01T00:02:38.735+0000] {processor.py:183} INFO - Processing /home/airflow/.local/lib/python3.12/site-packages/airflow/example_dags/example_xcomargs.py took 0.039 seconds
[2026-05-01T00:03:09.455+0000] {processor.py:161} INFO - Started process (PID=55312) to work on /home/airflow/.local/lib/python3.12/site-packages/airflow/example_dags/example_xcomargs.py
[2026-05-01T00:03:09.456+0000] {processor.py:830} INFO - Processing file /home/airflow/.local/lib/python3.12/site-packages/airflow/example_dags/example_xcomargs.py for tasks to queue
[2026-05-01T00:03:09.458+0000] {logging_mixin.py:188} INFO - [2026-05-01T00:03:09.458+0000] {dagbag.py:545} INFO - Filling up the DagBag from /home/airflow/.local/lib/python3.12/site-packages/airflow/example_dags/example_xcomargs.py
[2026-05-01T00:03:09.461+0000] {processor.py:840} INFO - DAG(s) 'example_xcom_args', 'example_xcom_args_with_operators' retrieved from /home/airflow/.local/lib/python3.12/site-packages/airflow/example_dags/example_xcomargs.py
[2026-05-01T00:03:09.473+0000] {logging_mixin.py:188} INFO - [2026-05-01T00:03:09.473+0000] {dag.py:3089} INFO - Sync 2 DAGs
[2026-05-01T00:03:09.477+0000] {logging_mixin.py:188} INFO - [2026-05-01T00:03:09.477+0000] {dag.py:3947} INFO - Setting next_dagrun for example_xcom_args to None, run_after=None
[2026-05-01T00:03:09.480+0000] {logging_mixin.py:188} INFO - [2026-05-01T00:03:09.480+0000] {dag.py:3947} INFO - Setting next_dagrun for example_xcom_args_with_operators to None, run_after=None
[2026-05-01T00:03:09.487+0000] {processor.py:183} INFO - Processing /home/airflow/.local/lib/python3.12/site-packages/airflow/example_dags/example_xcomargs.py took 0.034 seconds
[2026-05-01T00:03:40.112+0000] {processor.py:161} INFO - Started process (PID=55372) to work on /home/airflow/.local/lib/python3.12/site-packages/airflow/example_dags/example_xcomargs.py
[2026-05-01T00:03:40.113+0000] {processor.py:830} INFO - Processing file /home/airflow/.local/lib/python3.12/site-packages/airflow/example_dags/example_xcomargs.py for tasks to queue
[2026-05-01T00:03:40.113+0000] {logging_mixin.py:188} INFO - [2026-05-01T00:03:40.113+0000] {dagbag.py:545} INFO - Filling up the DagBag from /home/airflow/.local/lib/python3.12/site-packages/airflow/example_dags/example_xcomargs.py
[2026-05-01T00:03:40.116+0000] {processor.py:840} INFO - DAG(s) 'example_xcom_args', 'example_xcom_args_with_operators' retrieved from /home/airflow/.local/lib/python3.12/site-packages/airflow/example_dags/example_xcomargs.py
[2026-05-01T00:03:40.127+0000] {logging_mixin.py:188} INFO - [2026-05-01T00:03:40.127+0000] {dag.py:3089} INFO - Sync 2 DAGs
[2026-05-01T00:03:40.132+0000] {logging_mixin.py:188} INFO - [2026-05-01T00:03:40.132+0000] {dag.py:3947} INFO - Setting next_dagrun for example_xcom_args to None, run_after=None
[2026-05-01T00:03:40.135+0000] {logging_mixin.py:188} INFO - [2026-05-01T00:03:40.134+0000] {dag.py:3947} INFO - Setting next_dagrun for example_xcom_args_with_operators to None, run_after=None
[2026-05-01T00:03:40.143+0000] {processor.py:183} INFO - Processing /home/airflow/.local/lib/python3.12/site-packages/airflow/example_dags/example_xcomargs.py took 0.034 seconds
[2026-05-01T00:04:10.830+0000] {processor.py:161} INFO - Started process (PID=55432) to work on /home/airflow/.local/lib/python3.12/site-packages/airflow/example_dags/example_xcomargs.py
[2026-05-01T00:04:10.830+0000] {processor.py:830} INFO - Processing file /home/airflow/.local/lib/python3.12/site-packages/airflow/example_dags/example_xcomargs.py for tasks to queue
[2026-05-01T00:04:10.831+0000] {logging_mixin.py:188} INFO - [2026-05-01T00:04:10.831+0000] {dagbag.py:545} INFO - Filling up the DagBag from /home/airflow/.local/lib/python3.12/site-packages/airflow/example_dags/example_xcomargs.py
[2026-05-01T00:04:10.835+0000] {processor.py:840} INFO - DAG(s) 'example_xcom_args_with_operators', 'example_xcom_args' retrieved from /home/airflow/.local/lib/python3.12/site-packages/airflow/example_dags/example_xcomargs.py
[2026-05-01T00:04:10.845+0000] {logging_mixin.py:188} INFO - [2026-05-01T00:04:10.845+0000] {dag.py:3089} INFO - Sync 2 DAGs
[2026-05-01T00:04:10.849+0000] {logging_mixin.py:188} INFO - [2026-05-01T00:04:10.849+0000] {dag.py:3947} INFO - Setting next_dagrun for example_xcom_args to None, run_after=None
[2026-05-01T00:04:10.852+0000] {logging_mixin.py:188} INFO - [2026-05-01T00:04:10.852+0000] {dag.py:3947} INFO - Setting next_dagrun for example_xcom_args_with_operators to None, run_after=None
[2026-05-01T00:04:10.859+0000] {processor.py:183} INFO - Processing /home/airflow/.local/lib/python3.12/site-packages/airflow/example_dags/example_xcomargs.py took 0.032 seconds
[2026-05-01T00:04:41.579+0000] {processor.py:161} INFO - Started process (PID=55492) to work on /home/airflow/.local/lib/python3.12/site-packages/airflow/example_dags/example_xcomargs.py
[2026-05-01T00:04:41.579+0000] {processor.py:830} INFO - Processing file /home/airflow/.local/lib/python3.12/site-packages/airflow/example_dags/example_xcomargs.py for tasks to queue
[2026-05-01T00:04:41.580+0000] {logging_mixin.py:188} INFO - [2026-05-01T00:04:41.580+0000] {dagbag.py:545} INFO - Filling up the DagBag from /home/airflow/.local/lib/python3.12/site-packages/airflow/example_dags/example_xcomargs.py
[2026-05-01T00:04:41.583+0000] {processor.py:840} INFO - DAG(s) 'example_xcom_args', 'example_xcom_args_with_operators' retrieved from /home/airflow/.local/lib/python3.12/site-packages/airflow/example_dags/example_xcomargs.py
[2026-05-01T00:04:41.590+0000] {logging_mixin.py:188} INFO - [2026-05-01T00:04:41.590+0000] {dag.py:3089} INFO - Sync 2 DAGs
[2026-05-01T00:04:41.594+0000] {logging_mixin.py:188} INFO - [2026-05-01T00:04:41.594+0000] {dag.py:3947} INFO - Setting next_dagrun for example_xcom_args to None, run_after=None
[2026-05-01T00:04:41.596+0000] {logging_mixin.py:188} INFO - [2026-05-01T00:04:41.595+0000] {dag.py:3947} INFO - Setting next_dagrun for example_xcom_args_with_operators to None, run_after=None
[2026-05-01T00:04:41.600+0000] {processor.py:183} INFO - Processing /home/airflow/.local/lib/python3.12/site-packages/airflow/example_dags/example_xcomargs.py took 0.023 seconds
[2026-05-01T00:05:12.379+0000] {processor.py:161} INFO - Started process (PID=55553) to work on /home/airflow/.local/lib/python3.12/site-packages/airflow/example_dags/example_xcomargs.py
[2026-05-01T00:05:12.381+0000] {processor.py:830} INFO - Processing file /home/airflow/.local/lib/python3.12/site-packages/airflow/example_dags/example_xcomargs.py for tasks to queue
[2026-05-01T00:05:12.381+0000] {logging_mixin.py:188} INFO - [2026-05-01T00:05:12.381+0000] {dagbag.py:545} INFO - Filling up the DagBag from /home/airflow/.local/lib/python3.12/site-packages/airflow/example_dags/example_xcomargs.py
[2026-05-01T00:05:12.384+0000] {processor.py:840} INFO - DAG(s) 'example_xcom_args', 'example_xcom_args_with_operators' retrieved from /home/airflow/.local/lib/python3.12/site-packages/airflow/example_dags/example_xcomargs.py
[2026-05-01T00:05:12.396+0000] {logging_mixin.py:188} INFO - [2026-05-01T00:05:12.396+0000] {dag.py:3089} INFO - Sync 2 DAGs
[2026-05-01T00:05:12.400+0000] {logging_mixin.py:188} INFO - [2026-05-01T00:05:12.400+0000] {dag.py:3947} INFO - Setting next_dagrun for example_xcom_args to None, run_after=None
[2026-05-01T00:05:12.402+0000] {logging_mixin.py:188} INFO - [2026-05-01T00:05:12.402+0000] {dag.py:3947} INFO - Setting next_dagrun for example_xcom_args_with_operators to None, run_after=None
[2026-05-01T00:05:12.410+0000] {processor.py:183} INFO - Processing /home/airflow/.local/lib/python3.12/site-packages/airflow/example_dags/example_xcomargs.py took 0.033 seconds
[2026-05-01T00:05:43.091+0000] {processor.py:161} INFO - Started process (PID=55613) to work on /home/airflow/.local/lib/python3.12/site-packages/airflow/example_dags/example_xcomargs.py
[2026-05-01T00:05:43.093+0000] {processor.py:830} INFO - Processing file /home/airflow/.local/lib/python3.12/site-packages/airflow/example_dags/example_xcomargs.py for tasks to queue
[2026-05-01T00:05:43.094+0000] {logging_mixin.py:188} INFO - [2026-05-01T00:05:43.094+0000] {dagbag.py:545} INFO - Filling up the DagBag from /home/airflow/.local/lib/python3.12/site-packages/airflow/example_dags/example_xcomargs.py
[2026-05-01T00:05:43.097+0000] {processor.py:840} INFO - DAG(s) 'example_xcom_args', 'example_xcom_args_with_operators' retrieved from /home/airflow/.local/lib/python3.12/site-packages/airflow/example_dags/example_xcomargs.py
[2026-05-01T00:05:43.112+0000] {logging_mixin.py:188} INFO - [2026-05-01T00:05:43.112+0000] {dag.py:3089} INFO - Sync 2 DAGs
[2026-05-01T00:05:43.116+0000] {logging_mixin.py:188} INFO - [2026-05-01T00:05:43.116+0000] {dag.py:3947} INFO - Setting next_dagrun for example_xcom_args to None, run_after=None
[2026-05-01T00:05:43.118+0000] {logging_mixin.py:188} INFO - [2026-05-01T00:05:43.118+0000] {dag.py:3947} INFO - Setting next_dagrun for example_xcom_args_with_operators to None, run_after=None
[2026-05-01T00:05:43.125+0000] {processor.py:183} INFO - Processing /home/airflow/.local/lib/python3.12/site-packages/airflow/example_dags/example_xcomargs.py took 0.036 seconds
[2026-05-01T00:06:13.905+0000] {processor.py:161} INFO - Started process (PID=55673) to work on /home/airflow/.local/lib/python3.12/site-packages/airflow/example_dags/example_xcomargs.py
[2026-05-01T00:06:13.906+0000] {processor.py:830} INFO - Processing file /home/airflow/.local/lib/python3.12/site-packages/airflow/example_dags/example_xcomargs.py for tasks to queue
[2026-05-01T00:06:13.906+0000] {logging_mixin.py:188} INFO - [2026-05-01T00:06:13.906+0000] {dagbag.py:545} INFO - Filling up the DagBag from /home/airflow/.local/lib/python3.12/site-packages/airflow/example_dags/example_xcomargs.py
[2026-05-01T00:06:13.910+0000] {processor.py:840} INFO - DAG(s) 'example_xcom_args_with_operators', 'example_xcom_args' retrieved from /home/airflow/.local/lib/python3.12/site-packages/airflow/example_dags/example_xcomargs.py
[2026-05-01T00:06:13.920+0000] {logging_mixin.py:188} INFO - [2026-05-01T00:06:13.920+0000] {dag.py:3089} INFO - Sync 2 DAGs
[2026-05-01T00:06:13.927+0000] {logging_mixin.py:188} INFO - [2026-05-01T00:06:13.927+0000] {dag.py:3947} INFO - Setting next_dagrun for example_xcom_args to None, run_after=None
[2026-05-01T00:06:13.930+0000] {logging_mixin.py:188} INFO - [2026-05-01T00:06:13.930+0000] {dag.py:3947} INFO - Setting next_dagrun for example_xcom_args_with_operators to None, run_after=None
[2026-05-01T00:06:13.937+0000] {processor.py:183} INFO - Processing /home/airflow/.local/lib/python3.12/site-packages/airflow/example_dags/example_xcomargs.py took 0.034 seconds
[2026-05-01T00:06:44.680+0000] {processor.py:161} INFO - Started process (PID=55733) to work on /home/airflow/.local/lib/python3.12/site-packages/airflow/example_dags/example_xcomargs.py
[2026-05-01T00:06:44.681+0000] {processor.py:830} INFO - Processing file /home/airflow/.local/lib/python3.12/site-packages/airflow/example_dags/example_xcomargs.py for tasks to queue
[2026-05-01T00:06:44.681+0000] {logging_mixin.py:188} INFO - [2026-05-01T00:06:44.681+0000] {dagbag.py:545} INFO - Filling up the DagBag from /home/airflow/.local/lib/python3.12/site-packages/airflow/example_dags/example_xcomargs.py
[2026-05-01T00:06:44.684+0000] {processor.py:840} INFO - DAG(s) 'example_xcom_args_with_operators', 'example_xcom_args' retrieved from /home/airflow/.local/lib/python3.12/site-packages/airflow/example_dags/example_xcomargs.py
[2026-05-01T00:06:44.692+0000] {logging_mixin.py:188} INFO - [2026-05-01T00:06:44.692+0000] {dag.py:3089} INFO - Sync 2 DAGs
[2026-05-01T00:06:44.696+0000] {logging_mixin.py:188} INFO - [2026-05-01T00:06:44.696+0000] {dag.py:3947} INFO - Setting next_dagrun for example_xcom_args to None, run_after=None
[2026-05-01T00:06:44.697+0000] {logging_mixin.py:188} INFO - [2026-05-01T00:06:44.697+0000] {dag.py:3947} INFO - Setting next_dagrun for example_xcom_args_with_operators to None, run_after=None
[2026-05-01T00:06:44.701+0000] {processor.py:183} INFO - Processing /home/airflow/.local/lib/python3.12/site-packages/airflow/example_dags/example_xcomargs.py took 0.023 seconds
[2026-05-01T00:07:14.791+0000] {processor.py:161} INFO - Started process (PID=55793) to work on /home/airflow/.local/lib/python3.12/site-packages/airflow/example_dags/example_xcomargs.py
[2026-05-01T00:07:14.792+0000] {processor.py:830} INFO - Processing file /home/airflow/.local/lib/python3.12/site-packages/airflow/example_dags/example_xcomargs.py for tasks to queue
[2026-05-01T00:07:14.793+0000] {logging_mixin.py:188} INFO - [2026-05-01T00:07:14.793+0000] {dagbag.py:545} INFO - Filling up the DagBag from /home/airflow/.local/lib/python3.12/site-packages/airflow/example_dags/example_xcomargs.py
[2026-05-01T00:07:14.797+0000] {processor.py:840} INFO - DAG(s) 'example_xcom_args', 'example_xcom_args_with_operators' retrieved from /home/airflow/.local/lib/python3.12/site-packages/airflow/example_dags/example_xcomargs.py
[2026-05-01T00:07:14.805+0000] {logging_mixin.py:188} INFO - [2026-05-01T00:07:14.805+0000] {dag.py:3089} INFO - Sync 2 DAGs
[2026-05-01T00:07:14.811+0000] {logging_mixin.py:188} INFO - [2026-05-01T00:07:14.811+0000] {dag.py:3947} INFO - Setting next_dagrun for example_xcom_args to None, run_after=None
[2026-05-01T00:07:14.812+0000] {logging_mixin.py:188} INFO - [2026-05-01T00:07:14.812+0000] {dag.py:3947} INFO - Setting next_dagrun for example_xcom_args_with_operators to None, run_after=None
[2026-05-01T00:07:14.820+0000] {processor.py:183} INFO - Processing /home/airflow/.local/lib/python3.12/site-packages/airflow/example_dags/example_xcomargs.py took 0.031 seconds
[2026-05-01T00:07:45.483+0000] {processor.py:161} INFO - Started process (PID=55853) to work on /home/airflow/.local/lib/python3.12/site-packages/airflow/example_dags/example_xcomargs.py
[2026-05-01T00:07:45.484+0000] {processor.py:830} INFO - Processing file /home/airflow/.local/lib/python3.12/site-packages/airflow/example_dags/example_xcomargs.py for tasks to queue
[2026-05-01T00:07:45.485+0000] {logging_mixin.py:188} INFO - [2026-05-01T00:07:45.485+0000] {dagbag.py:545} INFO - Filling up the DagBag from /home/airflow/.local/lib/python3.12/site-packages/airflow/example_dags/example_xcomargs.py
[2026-05-01T00:07:45.488+0000] {processor.py:840} INFO - DAG(s) 'example_xcom_args_with_operators', 'example_xcom_args' retrieved from /home/airflow/.local/lib/python3.12/site-packages/airflow/example_dags/example_xcomargs.py
[2026-05-01T00:07:45.497+0000] {logging_mixin.py:188} INFO - [2026-05-01T00:07:45.497+0000] {dag.py:3089} INFO - Sync 2 DAGs
[2026-05-01T00:07:45.502+0000] {logging_mixin.py:188} INFO - [2026-05-01T00:07:45.502+0000] {dag.py:3947} INFO - Setting next_dagrun for example_xcom_args to None, run_after=None
[2026-05-01T00:07:45.505+0000] {logging_mixin.py:188} INFO - [2026-05-01T00:07:45.505+0000] {dag.py:3947} INFO - Setting next_dagrun for example_xcom_args_with_operators to None, run_after=None
[2026-05-01T00:07:45.515+0000] {processor.py:183} INFO - Processing /home/airflow/.local/lib/python3.12/site-packages/airflow/example_dags/example_xcomargs.py took 0.034 seconds
[2026-05-01T00:08:16.193+0000] {processor.py:161} INFO - Started process (PID=55913) to work on /home/airflow/.local/lib/python3.12/site-packages/airflow/example_dags/example_xcomargs.py
[2026-05-01T00:08:16.194+0000] {processor.py:830} INFO - Processing file /home/airflow/.local/lib/python3.12/site-packages/airflow/example_dags/example_xcomargs.py for tasks to queue
[2026-05-01T00:08:16.195+0000] {logging_mixin.py:188} INFO - [2026-05-01T00:08:16.195+0000] {dagbag.py:545} INFO - Filling up the DagBag from /home/airflow/.local/lib/python3.12/site-packages/airflow/example_dags/example_xcomargs.py
[2026-05-01T00:08:16.198+0000] {processor.py:840} INFO - DAG(s) 'example_xcom_args', 'example_xcom_args_with_operators' retrieved from /home/airflow/.local/lib/python3.12/site-packages/airflow/example_dags/example_xcomargs.py
[2026-05-01T00:08:16.212+0000] {logging_mixin.py:188} INFO - [2026-05-01T00:08:16.212+0000] {dag.py:3089} INFO - Sync 2 DAGs
[2026-05-01T00:08:16.216+0000] {logging_mixin.py:188} INFO - [2026-05-01T00:08:16.216+0000] {dag.py:3947} INFO - Setting next_dagrun for example_xcom_args to None, run_after=None
[2026-05-01T00:08:16.218+0000] {logging_mixin.py:188} INFO - [2026-05-01T00:08:16.218+0000] {dag.py:3947} INFO - Setting next_dagrun for example_xcom_args_with_operators to None, run_after=None
[2026-05-01T00:08:16.225+0000] {processor.py:183} INFO - Processing /home/airflow/.local/lib/python3.12/site-packages/airflow/example_dags/example_xcomargs.py took 0.034 seconds
[2026-05-01T00:08:47.032+0000] {processor.py:161} INFO - Started process (PID=55974) to work on /home/airflow/.local/lib/python3.12/site-packages/airflow/example_dags/example_xcomargs.py
[2026-05-01T00:08:47.033+0000] {processor.py:830} INFO - Processing file /home/airflow/.local/lib/python3.12/site-packages/airflow/example_dags/example_xcomargs.py for tasks to queue
[2026-05-01T00:08:47.035+0000] {logging_mixin.py:188} INFO - [2026-05-01T00:08:47.035+0000] {dagbag.py:545} INFO - Filling up the DagBag from /home/airflow/.local/lib/python3.12/site-packages/airflow/example_dags/example_xcomargs.py
[2026-05-01T00:08:47.039+0000] {processor.py:840} INFO - DAG(s) 'example_xcom_args_with_operators', 'example_xcom_args' retrieved from /home/airflow/.local/lib/python3.12/site-packages/airflow/example_dags/example_xcomargs.py
[2026-05-01T00:08:47.122+0000] {logging_mixin.py:188} INFO - [2026-05-01T00:08:47.122+0000] {dag.py:3089} INFO - Sync 2 DAGs
[2026-05-01T00:08:47.126+0000] {logging_mixin.py:188} INFO - [2026-05-01T00:08:47.126+0000] {dag.py:3947} INFO - Setting next_dagrun for example_xcom_args to None, run_after=None
[2026-05-01T00:08:47.128+0000] {logging_mixin.py:188} INFO - [2026-05-01T00:08:47.128+0000] {dag.py:3947} INFO - Setting next_dagrun for example_xcom_args_with_operators to None, run_after=None
[2026-05-01T00:08:47.136+0000] {processor.py:183} INFO - Processing /home/airflow/.local/lib/python3.12/site-packages/airflow/example_dags/example_xcomargs.py took 0.106 seconds
[2026-05-01T00:09:17.198+0000] {processor.py:161} INFO - Started process (PID=56033) to work on /home/airflow/.local/lib/python3.12/site-packages/airflow/example_dags/example_xcomargs.py
[2026-05-01T00:09:17.199+0000] {processor.py:830} INFO - Processing file /home/airflow/.local/lib/python3.12/site-packages/airflow/example_dags/example_xcomargs.py for tasks to queue
[2026-05-01T00:09:17.200+0000] {logging_mixin.py:188} INFO - [2026-05-01T00:09:17.200+0000] {dagbag.py:545} INFO - Filling up the DagBag from /home/airflow/.local/lib/python3.12/site-packages/airflow/example_dags/example_xcomargs.py
[2026-05-01T00:09:17.203+0000] {processor.py:840} INFO - DAG(s) 'example_xcom_args_with_operators', 'example_xcom_args' retrieved from /home/airflow/.local/lib/python3.12/site-packages/airflow/example_dags/example_xcomargs.py
[2026-05-01T00:09:17.214+0000] {logging_mixin.py:188} INFO - [2026-05-01T00:09:17.214+0000] {dag.py:3089} INFO - Sync 2 DAGs
[2026-05-01T00:09:17.223+0000] {logging_mixin.py:188} INFO - [2026-05-01T00:09:17.223+0000] {dag.py:3947} INFO - Setting next_dagrun for example_xcom_args to None, run_after=None
[2026-05-01T00:09:17.225+0000] {logging_mixin.py:188} INFO - [2026-05-01T00:09:17.225+0000] {dag.py:3947} INFO - Setting next_dagrun for example_xcom_args_with_operators to None, run_after=None
[2026-05-01T00:09:17.231+0000] {processor.py:183} INFO - Processing /home/airflow/.local/lib/python3.12/site-packages/airflow/example_dags/example_xcomargs.py took 0.035 seconds
[2026-05-01T00:09:47.965+0000] {processor.py:161} INFO - Started process (PID=56094) to work on /home/airflow/.local/lib/python3.12/site-packages/airflow/example_dags/example_xcomargs.py
[2026-05-01T00:09:47.965+0000] {processor.py:830} INFO - Processing file /home/airflow/.local/lib/python3.12/site-packages/airflow/example_dags/example_xcomargs.py for tasks to queue
[2026-05-01T00:09:47.966+0000] {logging_mixin.py:188} INFO - [2026-05-01T00:09:47.966+0000] {dagbag.py:545} INFO - Filling up the DagBag from /home/airflow/.local/lib/python3.12/site-packages/airflow/example_dags/example_xcomargs.py
[2026-05-01T00:09:47.969+0000] {processor.py:840} INFO - DAG(s) 'example_xcom_args', 'example_xcom_args_with_operators' retrieved from /home/airflow/.local/lib/python3.12/site-packages/airflow/example_dags/example_xcomargs.py
[2026-05-01T00:09:47.976+0000] {logging_mixin.py:188} INFO - [2026-05-01T00:09:47.976+0000] {dag.py:3089} INFO - Sync 2 DAGs
[2026-05-01T00:09:47.980+0000] {logging_mixin.py:188} INFO - [2026-05-01T00:09:47.980+0000] {dag.py:3947} INFO - Setting next_dagrun for example_xcom_args to None, run_after=None
[2026-05-01T00:09:47.981+0000] {logging_mixin.py:188} INFO - [2026-05-01T00:09:47.981+0000] {dag.py:3947} INFO - Setting next_dagrun for example_xcom_args_with_operators to None, run_after=None
[2026-05-01T00:09:47.986+0000] {processor.py:183} INFO - Processing /home/airflow/.local/lib/python3.12/site-packages/airflow/example_dags/example_xcomargs.py took 0.023 seconds
[2026-05-01T00:10:18.679+0000] {processor.py:161} INFO - Started process (PID=56154) to work on /home/airflow/.local/lib/python3.12/site-packages/airflow/example_dags/example_xcomargs.py
[2026-05-01T00:10:18.679+0000] {processor.py:830} INFO - Processing file /home/airflow/.local/lib/python3.12/site-packages/airflow/example_dags/example_xcomargs.py for tasks to queue
[2026-05-01T00:10:18.680+0000] {logging_mixin.py:188} INFO - [2026-05-01T00:10:18.680+0000] {dagbag.py:545} INFO - Filling up the DagBag from /home/airflow/.local/lib/python3.12/site-packages/airflow/example_dags/example_xcomargs.py
[2026-05-01T00:10:18.683+0000] {processor.py:840} INFO - DAG(s) 'example_xcom_args', 'example_xcom_args_with_operators' retrieved from /home/airflow/.local/lib/python3.12/site-packages/airflow/example_dags/example_xcomargs.py
[2026-05-01T00:10:18.694+0000] {logging_mixin.py:188} INFO - [2026-05-01T00:10:18.694+0000] {dag.py:3089} INFO - Sync 2 DAGs
[2026-05-01T00:10:18.698+0000] {logging_mixin.py:188} INFO - [2026-05-01T00:10:18.698+0000] {dag.py:3947} INFO - Setting next_dagrun for example_xcom_args to None, run_after=None
[2026-05-01T00:10:18.700+0000] {logging_mixin.py:188} INFO - [2026-05-01T00:10:18.700+0000] {dag.py:3947} INFO - Setting next_dagrun for example_xcom_args_with_operators to None, run_after=None
[2026-05-01T00:10:18.710+0000] {processor.py:183} INFO - Processing /home/airflow/.local/lib/python3.12/site-packages/airflow/example_dags/example_xcomargs.py took 0.034 seconds
[2026-05-01T00:10:49.493+0000] {processor.py:161} INFO - Started process (PID=56214) to work on /home/airflow/.local/lib/python3.12/site-packages/airflow/example_dags/example_xcomargs.py
[2026-05-01T00:10:49.494+0000] {processor.py:830} INFO - Processing file /home/airflow/.local/lib/python3.12/site-packages/airflow/example_dags/example_xcomargs.py for tasks to queue
[2026-05-01T00:10:49.495+0000] {logging_mixin.py:188} INFO - [2026-05-01T00:10:49.494+0000] {dagbag.py:545} INFO - Filling up the DagBag from /home/airflow/.local/lib/python3.12/site-packages/airflow/example_dags/example_xcomargs.py
[2026-05-01T00:10:49.500+0000] {processor.py:840} INFO - DAG(s) 'example_xcom_args', 'example_xcom_args_with_operators' retrieved from /home/airflow/.local/lib/python3.12/site-packages/airflow/example_dags/example_xcomargs.py
[2026-05-01T00:10:49.510+0000] {logging_mixin.py:188} INFO - [2026-05-01T00:10:49.510+0000] {dag.py:3089} INFO - Sync 2 DAGs
[2026-05-01T00:10:49.515+0000] {logging_mixin.py:188} INFO - [2026-05-01T00:10:49.515+0000] {dag.py:3947} INFO - Setting next_dagrun for example_xcom_args to None, run_after=None
[2026-05-01T00:10:49.518+0000] {logging_mixin.py:188} INFO - [2026-05-01T00:10:49.517+0000] {dag.py:3947} INFO - Setting next_dagrun for example_xcom_args_with_operators to None, run_after=None
[2026-05-01T00:10:49.525+0000] {processor.py:183} INFO - Processing /home/airflow/.local/lib/python3.12/site-packages/airflow/example_dags/example_xcomargs.py took 0.034 seconds
[2026-05-01T00:11:20.568+0000] {processor.py:161} INFO - Started process (PID=56274) to work on /home/airflow/.local/lib/python3.12/site-packages/airflow/example_dags/example_xcomargs.py
[2026-05-01T00:11:20.569+0000] {processor.py:830} INFO - Processing file /home/airflow/.local/lib/python3.12/site-packages/airflow/example_dags/example_xcomargs.py for tasks to queue
[2026-05-01T00:11:20.569+0000] {logging_mixin.py:188} INFO - [2026-05-01T00:11:20.569+0000] {dagbag.py:545} INFO - Filling up the DagBag from /home/airflow/.local/lib/python3.12/site-packages/airflow/example_dags/example_xcomargs.py
[2026-05-01T00:11:20.572+0000] {processor.py:840} INFO - DAG(s) 'example_xcom_args_with_operators', 'example_xcom_args' retrieved from /home/airflow/.local/lib/python3.12/site-packages/airflow/example_dags/example_xcomargs.py
[2026-05-01T00:11:20.580+0000] {logging_mixin.py:188} INFO - [2026-05-01T00:11:20.580+0000] {dag.py:3089} INFO - Sync 2 DAGs
[2026-05-01T00:11:20.584+0000] {logging_mixin.py:188} INFO - [2026-05-01T00:11:20.584+0000] {dag.py:3947} INFO - Setting next_dagrun for example_xcom_args to None, run_after=None
[2026-05-01T00:11:20.585+0000] {logging_mixin.py:188} INFO - [2026-05-01T00:11:20.585+0000] {dag.py:3947} INFO - Setting next_dagrun for example_xcom_args_with_operators to None, run_after=None
[2026-05-01T00:11:20.589+0000] {processor.py:183} INFO - Processing /home/airflow/.local/lib/python3.12/site-packages/airflow/example_dags/example_xcomargs.py took 0.024 seconds
[2026-05-01T00:11:51.203+0000] {processor.py:161} INFO - Started process (PID=56334) to work on /home/airflow/.local/lib/python3.12/site-packages/airflow/example_dags/example_xcomargs.py
[2026-05-01T00:11:51.204+0000] {processor.py:830} INFO - Processing file /home/airflow/.local/lib/python3.12/site-packages/airflow/example_dags/example_xcomargs.py for tasks to queue
[2026-05-01T00:11:51.205+0000] {logging_mixin.py:188} INFO - [2026-05-01T00:11:51.205+0000] {dagbag.py:545} INFO - Filling up the DagBag from /home/airflow/.local/lib/python3.12/site-packages/airflow/example_dags/example_xcomargs.py
[2026-05-01T00:11:51.208+0000] {processor.py:840} INFO - DAG(s) 'example_xcom_args_with_operators', 'example_xcom_args' retrieved from /home/airflow/.local/lib/python3.12/site-packages/airflow/example_dags/example_xcomargs.py
[2026-05-01T00:11:51.220+0000] {logging_mixin.py:188} INFO - [2026-05-01T00:11:51.220+0000] {dag.py:3089} INFO - Sync 2 DAGs
[2026-05-01T00:11:51.224+0000] {logging_mixin.py:188} INFO - [2026-05-01T00:11:51.224+0000] {dag.py:3947} INFO - Setting next_dagrun for example_xcom_args to None, run_after=None
[2026-05-01T00:11:51.226+0000] {logging_mixin.py:188} INFO - [2026-05-01T00:11:51.226+0000] {dag.py:3947} INFO - Setting next_dagrun for example_xcom_args_with_operators to None, run_after=None
[2026-05-01T00:11:51.235+0000] {processor.py:183} INFO - Processing /home/airflow/.local/lib/python3.12/site-packages/airflow/example_dags/example_xcomargs.py took 0.034 seconds
[2026-05-01T00:12:21.891+0000] {processor.py:161} INFO - Started process (PID=56394) to work on /home/airflow/.local/lib/python3.12/site-packages/airflow/example_dags/example_xcomargs.py
[2026-05-01T00:12:21.893+0000] {processor.py:830} INFO - Processing file /home/airflow/.local/lib/python3.12/site-packages/airflow/example_dags/example_xcomargs.py for tasks to queue
[2026-05-01T00:12:21.893+0000] {logging_mixin.py:188} INFO - [2026-05-01T00:12:21.893+0000] {dagbag.py:545} INFO - Filling up the DagBag from /home/airflow/.local/lib/python3.12/site-packages/airflow/example_dags/example_xcomargs.py
[2026-05-01T00:12:21.896+0000] {processor.py:840} INFO - DAG(s) 'example_xcom_args_with_operators', 'example_xcom_args' retrieved from /home/airflow/.local/lib/python3.12/site-packages/airflow/example_dags/example_xcomargs.py
[2026-05-01T00:12:21.908+0000] {logging_mixin.py:188} INFO - [2026-05-01T00:12:21.908+0000] {dag.py:3089} INFO - Sync 2 DAGs
[2026-05-01T00:12:21.913+0000] {logging_mixin.py:188} INFO - [2026-05-01T00:12:21.913+0000] {dag.py:3947} INFO - Setting next_dagrun for example_xcom_args to None, run_after=None
[2026-05-01T00:12:21.916+0000] {logging_mixin.py:188} INFO - [2026-05-01T00:12:21.916+0000] {dag.py:3947} INFO - Setting next_dagrun for example_xcom_args_with_operators to None, run_after=None
[2026-05-01T00:12:21.923+0000] {processor.py:183} INFO - Processing /home/airflow/.local/lib/python3.12/site-packages/airflow/example_dags/example_xcomargs.py took 0.034 seconds
[2026-05-01T00:12:52.691+0000] {processor.py:161} INFO - Started process (PID=56454) to work on /home/airflow/.local/lib/python3.12/site-packages/airflow/example_dags/example_xcomargs.py
[2026-05-01T00:12:52.691+0000] {processor.py:830} INFO - Processing file /home/airflow/.local/lib/python3.12/site-packages/airflow/example_dags/example_xcomargs.py for tasks to queue
[2026-05-01T00:12:52.692+0000] {logging_mixin.py:188} INFO - [2026-05-01T00:12:52.692+0000] {dagbag.py:545} INFO - Filling up the DagBag from /home/airflow/.local/lib/python3.12/site-packages/airflow/example_dags/example_xcomargs.py
[2026-05-01T00:12:52.696+0000] {processor.py:840} INFO - DAG(s) 'example_xcom_args_with_operators', 'example_xcom_args' retrieved from /home/airflow/.local/lib/python3.12/site-packages/airflow/example_dags/example_xcomargs.py
[2026-05-01T00:12:52.704+0000] {logging_mixin.py:188} INFO - [2026-05-01T00:12:52.704+0000] {dag.py:3089} INFO - Sync 2 DAGs
[2026-05-01T00:12:52.709+0000] {logging_mixin.py:188} INFO - [2026-05-01T00:12:52.709+0000] {dag.py:3947} INFO - Setting next_dagrun for example_xcom_args to None, run_after=None
[2026-05-01T00:12:52.710+0000] {logging_mixin.py:188} INFO - [2026-05-01T00:12:52.710+0000] {dag.py:3947} INFO - Setting next_dagrun for example_xcom_args_with_operators to None, run_after=None
[2026-05-01T00:12:52.715+0000] {processor.py:183} INFO - Processing /home/airflow/.local/lib/python3.12/site-packages/airflow/example_dags/example_xcomargs.py took 0.026 seconds
[2026-05-01T00:13:23.418+0000] {processor.py:161} INFO - Started process (PID=56514) to work on /home/airflow/.local/lib/python3.12/site-packages/airflow/example_dags/example_xcomargs.py
[2026-05-01T00:13:23.418+0000] {processor.py:830} INFO - Processing file /home/airflow/.local/lib/python3.12/site-packages/airflow/example_dags/example_xcomargs.py for tasks to queue
[2026-05-01T00:13:23.419+0000] {logging_mixin.py:188} INFO - [2026-05-01T00:13:23.419+0000] {dagbag.py:545} INFO - Filling up the DagBag from /home/airflow/.local/lib/python3.12/site-packages/airflow/example_dags/example_xcomargs.py
[2026-05-01T00:13:23.423+0000] {processor.py:840} INFO - DAG(s) 'example_xcom_args_with_operators', 'example_xcom_args' retrieved from /home/airflow/.local/lib/python3.12/site-packages/airflow/example_dags/example_xcomargs.py
[2026-05-01T00:13:23.435+0000] {logging_mixin.py:188} INFO - [2026-05-01T00:13:23.435+0000] {dag.py:3089} INFO - Sync 2 DAGs
[2026-05-01T00:13:23.442+0000] {logging_mixin.py:188} INFO - [2026-05-01T00:13:23.442+0000] {dag.py:3947} INFO - Setting next_dagrun for example_xcom_args to None, run_after=None
[2026-05-01T00:13:23.444+0000] {logging_mixin.py:188} INFO - [2026-05-01T00:13:23.444+0000] {dag.py:3947} INFO - Setting next_dagrun for example_xcom_args_with_operators to None, run_after=None
[2026-05-01T00:13:23.453+0000] {processor.py:183} INFO - Processing /home/airflow/.local/lib/python3.12/site-packages/airflow/example_dags/example_xcomargs.py took 0.037 seconds
[2026-05-01T00:13:53.750+0000] {processor.py:161} INFO - Started process (PID=56574) to work on /home/airflow/.local/lib/python3.12/site-packages/airflow/example_dags/example_xcomargs.py
[2026-05-01T00:13:53.751+0000] {processor.py:830} INFO - Processing file /home/airflow/.local/lib/python3.12/site-packages/airflow/example_dags/example_xcomargs.py for tasks to queue
[2026-05-01T00:13:53.752+0000] {logging_mixin.py:188} INFO - [2026-05-01T00:13:53.752+0000] {dagbag.py:545} INFO - Filling up the DagBag from /home/airflow/.local/lib/python3.12/site-packages/airflow/example_dags/example_xcomargs.py
[2026-05-01T00:13:53.757+0000] {processor.py:840} INFO - DAG(s) 'example_xcom_args_with_operators', 'example_xcom_args' retrieved from /home/airflow/.local/lib/python3.12/site-packages/airflow/example_dags/example_xcomargs.py
[2026-05-01T00:13:53.770+0000] {logging_mixin.py:188} INFO - [2026-05-01T00:13:53.770+0000] {dag.py:3089} INFO - Sync 2 DAGs
[2026-05-01T00:13:53.775+0000] {logging_mixin.py:188} INFO - [2026-05-01T00:13:53.775+0000] {dag.py:3947} INFO - Setting next_dagrun for example_xcom_args to None, run_after=None
[2026-05-01T00:13:53.776+0000] {logging_mixin.py:188} INFO - [2026-05-01T00:13:53.776+0000] {dag.py:3947} INFO - Setting next_dagrun for example_xcom_args_with_operators to None, run_after=None
[2026-05-01T00:13:53.784+0000] {processor.py:183} INFO - Processing /home/airflow/.local/lib/python3.12/site-packages/airflow/example_dags/example_xcomargs.py took 0.036 seconds
[2026-05-01T00:14:24.490+0000] {processor.py:161} INFO - Started process (PID=56634) to work on /home/airflow/.local/lib/python3.12/site-packages/airflow/example_dags/example_xcomargs.py
[2026-05-01T00:14:24.490+0000] {processor.py:830} INFO - Processing file /home/airflow/.local/lib/python3.12/site-packages/airflow/example_dags/example_xcomargs.py for tasks to queue
[2026-05-01T00:14:24.491+0000] {logging_mixin.py:188} INFO - [2026-05-01T00:14:24.491+0000] {dagbag.py:545} INFO - Filling up the DagBag from /home/airflow/.local/lib/python3.12/site-packages/airflow/example_dags/example_xcomargs.py
[2026-05-01T00:14:24.495+0000] {processor.py:840} INFO - DAG(s) 'example_xcom_args', 'example_xcom_args_with_operators' retrieved from /home/airflow/.local/lib/python3.12/site-packages/airflow/example_dags/example_xcomargs.py
[2026-05-01T00:14:24.503+0000] {logging_mixin.py:188} INFO - [2026-05-01T00:14:24.503+0000] {dag.py:3089} INFO - Sync 2 DAGs
[2026-05-01T00:14:24.507+0000] {logging_mixin.py:188} INFO - [2026-05-01T00:14:24.507+0000] {dag.py:3947} INFO - Setting next_dagrun for example_xcom_args to None, run_after=None
[2026-05-01T00:14:24.508+0000] {logging_mixin.py:188} INFO - [2026-05-01T00:14:24.508+0000] {dag.py:3947} INFO - Setting next_dagrun for example_xcom_args_with_operators to None, run_after=None
[2026-05-01T00:14:24.512+0000] {processor.py:183} INFO - Processing /home/airflow/.local/lib/python3.12/site-packages/airflow/example_dags/example_xcomargs.py took 0.024 seconds
[2026-05-01T00:14:55.003+0000] {processor.py:161} INFO - Started process (PID=56694) to work on /home/airflow/.local/lib/python3.12/site-packages/airflow/example_dags/example_xcomargs.py
[2026-05-01T00:14:55.004+0000] {processor.py:830} INFO - Processing file /home/airflow/.local/lib/python3.12/site-packages/airflow/example_dags/example_xcomargs.py for tasks to queue
[2026-05-01T00:14:55.005+0000] {logging_mixin.py:188} INFO - [2026-05-01T00:14:55.005+0000] {dagbag.py:545} INFO - Filling up the DagBag from /home/airflow/.local/lib/python3.12/site-packages/airflow/example_dags/example_xcomargs.py
[2026-05-01T00:14:55.010+0000] {processor.py:840} INFO - DAG(s) 'example_xcom_args', 'example_xcom_args_with_operators' retrieved from /home/airflow/.local/lib/python3.12/site-packages/airflow/example_dags/example_xcomargs.py
[2026-05-01T00:14:55.023+0000] {logging_mixin.py:188} INFO - [2026-05-01T00:14:55.022+0000] {dag.py:3089} INFO - Sync 2 DAGs
[2026-05-01T00:14:55.027+0000] {logging_mixin.py:188} INFO - [2026-05-01T00:14:55.027+0000] {dag.py:3947} INFO - Setting next_dagrun for example_xcom_args to None, run_after=None
[2026-05-01T00:14:55.028+0000] {logging_mixin.py:188} INFO - [2026-05-01T00:14:55.028+0000] {dag.py:3947} INFO - Setting next_dagrun for example_xcom_args_with_operators to None, run_after=None
[2026-05-01T00:14:55.035+0000] {processor.py:183} INFO - Processing /home/airflow/.local/lib/python3.12/site-packages/airflow/example_dags/example_xcomargs.py took 0.035 seconds
[2026-05-01T00:15:25.599+0000] {processor.py:161} INFO - Started process (PID=56754) to work on /home/airflow/.local/lib/python3.12/site-packages/airflow/example_dags/example_xcomargs.py
[2026-05-01T00:15:25.599+0000] {processor.py:830} INFO - Processing file /home/airflow/.local/lib/python3.12/site-packages/airflow/example_dags/example_xcomargs.py for tasks to queue
[2026-05-01T00:15:25.600+0000] {logging_mixin.py:188} INFO - [2026-05-01T00:15:25.600+0000] {dagbag.py:545} INFO - Filling up the DagBag from /home/airflow/.local/lib/python3.12/site-packages/airflow/example_dags/example_xcomargs.py
[2026-05-01T00:15:25.604+0000] {processor.py:840} INFO - DAG(s) 'example_xcom_args_with_operators', 'example_xcom_args' retrieved from /home/airflow/.local/lib/python3.12/site-packages/airflow/example_dags/example_xcomargs.py
[2026-05-01T00:15:25.617+0000] {logging_mixin.py:188} INFO - [2026-05-01T00:15:25.617+0000] {dag.py:3089} INFO - Sync 2 DAGs
[2026-05-01T00:15:25.621+0000] {logging_mixin.py:188} INFO - [2026-05-01T00:15:25.621+0000] {dag.py:3947} INFO - Setting next_dagrun for example_xcom_args to None, run_after=None
[2026-05-01T00:15:25.623+0000] {logging_mixin.py:188} INFO - [2026-05-01T00:15:25.623+0000] {dag.py:3947} INFO - Setting next_dagrun for example_xcom_args_with_operators to None, run_after=None
[2026-05-01T00:15:25.631+0000] {processor.py:183} INFO - Processing /home/airflow/.local/lib/python3.12/site-packages/airflow/example_dags/example_xcomargs.py took 0.035 seconds
[2026-05-01T00:15:56.239+0000] {processor.py:161} INFO - Started process (PID=56814) to work on /home/airflow/.local/lib/python3.12/site-packages/airflow/example_dags/example_xcomargs.py
[2026-05-01T00:15:56.240+0000] {processor.py:830} INFO - Processing file /home/airflow/.local/lib/python3.12/site-packages/airflow/example_dags/example_xcomargs.py for tasks to queue
[2026-05-01T00:15:56.241+0000] {logging_mixin.py:188} INFO - [2026-05-01T00:15:56.241+0000] {dagbag.py:545} INFO - Filling up the DagBag from /home/airflow/.local/lib/python3.12/site-packages/airflow/example_dags/example_xcomargs.py
[2026-05-01T00:15:56.244+0000] {processor.py:840} INFO - DAG(s) 'example_xcom_args', 'example_xcom_args_with_operators' retrieved from /home/airflow/.local/lib/python3.12/site-packages/airflow/example_dags/example_xcomargs.py
[2026-05-01T00:15:56.257+0000] {logging_mixin.py:188} INFO - [2026-05-01T00:15:56.257+0000] {dag.py:3089} INFO - Sync 2 DAGs
[2026-05-01T00:15:56.262+0000] {logging_mixin.py:188} INFO - [2026-05-01T00:15:56.262+0000] {dag.py:3947} INFO - Setting next_dagrun for example_xcom_args to None, run_after=None
[2026-05-01T00:15:56.263+0000] {logging_mixin.py:188} INFO - [2026-05-01T00:15:56.263+0000] {dag.py:3947} INFO - Setting next_dagrun for example_xcom_args_with_operators to None, run_after=None
[2026-05-01T00:15:56.271+0000] {processor.py:183} INFO - Processing /home/airflow/.local/lib/python3.12/site-packages/airflow/example_dags/example_xcomargs.py took 0.035 seconds
[2026-05-01T00:16:26.870+0000] {processor.py:161} INFO - Started process (PID=56874) to work on /home/airflow/.local/lib/python3.12/site-packages/airflow/example_dags/example_xcomargs.py
[2026-05-01T00:16:26.871+0000] {processor.py:830} INFO - Processing file /home/airflow/.local/lib/python3.12/site-packages/airflow/example_dags/example_xcomargs.py for tasks to queue
[2026-05-01T00:16:26.872+0000] {logging_mixin.py:188} INFO - [2026-05-01T00:16:26.872+0000] {dagbag.py:545} INFO - Filling up the DagBag from /home/airflow/.local/lib/python3.12/site-packages/airflow/example_dags/example_xcomargs.py
[2026-05-01T00:16:26.876+0000] {processor.py:840} INFO - DAG(s) 'example_xcom_args', 'example_xcom_args_with_operators' retrieved from /home/airflow/.local/lib/python3.12/site-packages/airflow/example_dags/example_xcomargs.py
[2026-05-01T00:16:26.886+0000] {logging_mixin.py:188} INFO - [2026-05-01T00:16:26.886+0000] {dag.py:3089} INFO - Sync 2 DAGs
[2026-05-01T00:16:26.890+0000] {logging_mixin.py:188} INFO - [2026-05-01T00:16:26.890+0000] {dag.py:3947} INFO - Setting next_dagrun for example_xcom_args to None, run_after=None
[2026-05-01T00:16:26.891+0000] {logging_mixin.py:188} INFO - [2026-05-01T00:16:26.891+0000] {dag.py:3947} INFO - Setting next_dagrun for example_xcom_args_with_operators to None, run_after=None
[2026-05-01T00:16:26.897+0000] {processor.py:183} INFO - Processing /home/airflow/.local/lib/python3.12/site-packages/airflow/example_dags/example_xcomargs.py took 0.029 seconds
[2026-05-01T00:16:57.536+0000] {processor.py:161} INFO - Started process (PID=56934) to work on /home/airflow/.local/lib/python3.12/site-packages/airflow/example_dags/example_xcomargs.py
[2026-05-01T00:16:57.537+0000] {processor.py:830} INFO - Processing file /home/airflow/.local/lib/python3.12/site-packages/airflow/example_dags/example_xcomargs.py for tasks to queue
[2026-05-01T00:16:57.539+0000] {logging_mixin.py:188} INFO - [2026-05-01T00:16:57.538+0000] {dagbag.py:545} INFO - Filling up the DagBag from /home/airflow/.local/lib/python3.12/site-packages/airflow/example_dags/example_xcomargs.py
[2026-05-01T00:16:57.543+0000] {processor.py:840} INFO - DAG(s) 'example_xcom_args_with_operators', 'example_xcom_args' retrieved from /home/airflow/.local/lib/python3.12/site-packages/airflow/example_dags/example_xcomargs.py
[2026-05-01T00:16:57.554+0000] {logging_mixin.py:188} INFO - [2026-05-01T00:16:57.554+0000] {dag.py:3089} INFO - Sync 2 DAGs
[2026-05-01T00:16:57.560+0000] {logging_mixin.py:188} INFO - [2026-05-01T00:16:57.560+0000] {dag.py:3947} INFO - Setting next_dagrun for example_xcom_args to None, run_after=None
[2026-05-01T00:16:57.563+0000] {logging_mixin.py:188} INFO - [2026-05-01T00:16:57.563+0000] {dag.py:3947} INFO - Setting next_dagrun for example_xcom_args_with_operators to None, run_after=None
[2026-05-01T00:16:57.574+0000] {processor.py:183} INFO - Processing /home/airflow/.local/lib/python3.12/site-packages/airflow/example_dags/example_xcomargs.py took 0.041 seconds
[2026-05-01T00:17:28.602+0000] {processor.py:161} INFO - Started process (PID=56994) to work on /home/airflow/.local/lib/python3.12/site-packages/airflow/example_dags/example_xcomargs.py
[2026-05-01T00:17:28.603+0000] {processor.py:830} INFO - Processing file /home/airflow/.local/lib/python3.12/site-packages/airflow/example_dags/example_xcomargs.py for tasks to queue
[2026-05-01T00:17:28.604+0000] {logging_mixin.py:188} INFO - [2026-05-01T00:17:28.604+0000] {dagbag.py:545} INFO - Filling up the DagBag from /home/airflow/.local/lib/python3.12/site-packages/airflow/example_dags/example_xcomargs.py
[2026-05-01T00:17:28.608+0000] {processor.py:840} INFO - DAG(s) 'example_xcom_args_with_operators', 'example_xcom_args' retrieved from /home/airflow/.local/lib/python3.12/site-packages/airflow/example_dags/example_xcomargs.py
[2026-05-01T00:17:28.619+0000] {logging_mixin.py:188} INFO - [2026-05-01T00:17:28.619+0000] {dag.py:3089} INFO - Sync 2 DAGs
[2026-05-01T00:17:28.624+0000] {logging_mixin.py:188} INFO - [2026-05-01T00:17:28.624+0000] {dag.py:3947} INFO - Setting next_dagrun for example_xcom_args to None, run_after=None
[2026-05-01T00:17:28.626+0000] {logging_mixin.py:188} INFO - [2026-05-01T00:17:28.626+0000] {dag.py:3947} INFO - Setting next_dagrun for example_xcom_args_with_operators to None, run_after=None
[2026-05-01T00:17:28.631+0000] {processor.py:183} INFO - Processing /home/airflow/.local/lib/python3.12/site-packages/airflow/example_dags/example_xcomargs.py took 0.032 seconds
[2026-05-01T00:17:58.774+0000] {processor.py:161} INFO - Started process (PID=57053) to work on /home/airflow/.local/lib/python3.12/site-packages/airflow/example_dags/example_xcomargs.py
[2026-05-01T00:17:58.775+0000] {processor.py:830} INFO - Processing file /home/airflow/.local/lib/python3.12/site-packages/airflow/example_dags/example_xcomargs.py for tasks to queue
[2026-05-01T00:17:58.775+0000] {logging_mixin.py:188} INFO - [2026-05-01T00:17:58.775+0000] {dagbag.py:545} INFO - Filling up the DagBag from /home/airflow/.local/lib/python3.12/site-packages/airflow/example_dags/example_xcomargs.py
[2026-05-01T00:17:58.778+0000] {processor.py:840} INFO - DAG(s) 'example_xcom_args_with_operators', 'example_xcom_args' retrieved from /home/airflow/.local/lib/python3.12/site-packages/airflow/example_dags/example_xcomargs.py
[2026-05-01T00:17:58.792+0000] {logging_mixin.py:188} INFO - [2026-05-01T00:17:58.792+0000] {dag.py:3089} INFO - Sync 2 DAGs
[2026-05-01T00:17:58.799+0000] {logging_mixin.py:188} INFO - [2026-05-01T00:17:58.798+0000] {dag.py:3947} INFO - Setting next_dagrun for example_xcom_args to None, run_after=None
[2026-05-01T00:17:58.800+0000] {logging_mixin.py:188} INFO - [2026-05-01T00:17:58.800+0000] {dag.py:3947} INFO - Setting next_dagrun for example_xcom_args_with_operators to None, run_after=None
[2026-05-01T00:17:58.807+0000] {processor.py:183} INFO - Processing /home/airflow/.local/lib/python3.12/site-packages/airflow/example_dags/example_xcomargs.py took 0.036 seconds
[2026-05-01T00:18:29.530+0000] {processor.py:161} INFO - Started process (PID=57113) to work on /home/airflow/.local/lib/python3.12/site-packages/airflow/example_dags/example_xcomargs.py
[2026-05-01T00:18:29.531+0000] {processor.py:830} INFO - Processing file /home/airflow/.local/lib/python3.12/site-packages/airflow/example_dags/example_xcomargs.py for tasks to queue
[2026-05-01T00:18:29.532+0000] {logging_mixin.py:188} INFO - [2026-05-01T00:18:29.532+0000] {dagbag.py:545} INFO - Filling up the DagBag from /home/airflow/.local/lib/python3.12/site-packages/airflow/example_dags/example_xcomargs.py
[2026-05-01T00:18:29.537+0000] {processor.py:840} INFO - DAG(s) 'example_xcom_args', 'example_xcom_args_with_operators' retrieved from /home/airflow/.local/lib/python3.12/site-packages/airflow/example_dags/example_xcomargs.py
[2026-05-01T00:18:29.546+0000] {logging_mixin.py:188} INFO - [2026-05-01T00:18:29.546+0000] {dag.py:3089} INFO - Sync 2 DAGs
[2026-05-01T00:18:29.552+0000] {logging_mixin.py:188} INFO - [2026-05-01T00:18:29.552+0000] {dag.py:3947} INFO - Setting next_dagrun for example_xcom_args to None, run_after=None
[2026-05-01T00:18:29.553+0000] {logging_mixin.py:188} INFO - [2026-05-01T00:18:29.553+0000] {dag.py:3947} INFO - Setting next_dagrun for example_xcom_args_with_operators to None, run_after=None
[2026-05-01T00:18:29.561+0000] {processor.py:183} INFO - Processing /home/airflow/.local/lib/python3.12/site-packages/airflow/example_dags/example_xcomargs.py took 0.034 seconds
[2026-05-01T00:19:00.118+0000] {processor.py:161} INFO - Started process (PID=57173) to work on /home/airflow/.local/lib/python3.12/site-packages/airflow/example_dags/example_xcomargs.py
[2026-05-01T00:19:00.119+0000] {processor.py:830} INFO - Processing file /home/airflow/.local/lib/python3.12/site-packages/airflow/example_dags/example_xcomargs.py for tasks to queue
[2026-05-01T00:19:00.120+0000] {logging_mixin.py:188} INFO - [2026-05-01T00:19:00.120+0000] {dagbag.py:545} INFO - Filling up the DagBag from /home/airflow/.local/lib/python3.12/site-packages/airflow/example_dags/example_xcomargs.py
[2026-05-01T00:19:00.124+0000] {processor.py:840} INFO - DAG(s) 'example_xcom_args_with_operators', 'example_xcom_args' retrieved from /home/airflow/.local/lib/python3.12/site-packages/airflow/example_dags/example_xcomargs.py
[2026-05-01T00:19:00.134+0000] {logging_mixin.py:188} INFO - [2026-05-01T00:19:00.133+0000] {dag.py:3089} INFO - Sync 2 DAGs
[2026-05-01T00:19:00.139+0000] {logging_mixin.py:188} INFO - [2026-05-01T00:19:00.139+0000] {dag.py:3947} INFO - Setting next_dagrun for example_xcom_args to None, run_after=None
[2026-05-01T00:19:00.140+0000] {logging_mixin.py:188} INFO - [2026-05-01T00:19:00.140+0000] {dag.py:3947} INFO - Setting next_dagrun for example_xcom_args_with_operators to None, run_after=None
[2026-05-01T00:19:00.145+0000] {processor.py:183} INFO - Processing /home/airflow/.local/lib/python3.12/site-packages/airflow/example_dags/example_xcomargs.py took 0.029 seconds
[2026-05-01T00:19:31.083+0000] {processor.py:161} INFO - Started process (PID=57233) to work on /home/airflow/.local/lib/python3.12/site-packages/airflow/example_dags/example_xcomargs.py
[2026-05-01T00:19:31.084+0000] {processor.py:830} INFO - Processing file /home/airflow/.local/lib/python3.12/site-packages/airflow/example_dags/example_xcomargs.py for tasks to queue
[2026-05-01T00:19:31.085+0000] {logging_mixin.py:188} INFO - [2026-05-01T00:19:31.085+0000] {dagbag.py:545} INFO - Filling up the DagBag from /home/airflow/.local/lib/python3.12/site-packages/airflow/example_dags/example_xcomargs.py
[2026-05-01T00:19:31.088+0000] {processor.py:840} INFO - DAG(s) 'example_xcom_args', 'example_xcom_args_with_operators' retrieved from /home/airflow/.local/lib/python3.12/site-packages/airflow/example_dags/example_xcomargs.py
[2026-05-01T00:19:31.097+0000] {logging_mixin.py:188} INFO - [2026-05-01T00:19:31.097+0000] {dag.py:3089} INFO - Sync 2 DAGs
[2026-05-01T00:19:31.102+0000] {logging_mixin.py:188} INFO - [2026-05-01T00:19:31.102+0000] {dag.py:3947} INFO - Setting next_dagrun for example_xcom_args to None, run_after=None
[2026-05-01T00:19:31.103+0000] {logging_mixin.py:188} INFO - [2026-05-01T00:19:31.103+0000] {dag.py:3947} INFO - Setting next_dagrun for example_xcom_args_with_operators to None, run_after=None
[2026-05-01T00:19:31.108+0000] {processor.py:183} INFO - Processing /home/airflow/.local/lib/python3.12/site-packages/airflow/example_dags/example_xcomargs.py took 0.028 seconds
[2026-05-01T00:20:01.274+0000] {processor.py:161} INFO - Started process (PID=57293) to work on /home/airflow/.local/lib/python3.12/site-packages/airflow/example_dags/example_xcomargs.py
[2026-05-01T00:20:01.275+0000] {processor.py:830} INFO - Processing file /home/airflow/.local/lib/python3.12/site-packages/airflow/example_dags/example_xcomargs.py for tasks to queue
[2026-05-01T00:20:01.275+0000] {logging_mixin.py:188} INFO - [2026-05-01T00:20:01.275+0000] {dagbag.py:545} INFO - Filling up the DagBag from /home/airflow/.local/lib/python3.12/site-packages/airflow/example_dags/example_xcomargs.py
[2026-05-01T00:20:01.279+0000] {processor.py:840} INFO - DAG(s) 'example_xcom_args', 'example_xcom_args_with_operators' retrieved from /home/airflow/.local/lib/python3.12/site-packages/airflow/example_dags/example_xcomargs.py
[2026-05-01T00:20:01.291+0000] {logging_mixin.py:188} INFO - [2026-05-01T00:20:01.291+0000] {dag.py:3089} INFO - Sync 2 DAGs
[2026-05-01T00:20:01.300+0000] {logging_mixin.py:188} INFO - [2026-05-01T00:20:01.300+0000] {dag.py:3947} INFO - Setting next_dagrun for example_xcom_args to None, run_after=None
[2026-05-01T00:20:01.303+0000] {logging_mixin.py:188} INFO - [2026-05-01T00:20:01.303+0000] {dag.py:3947} INFO - Setting next_dagrun for example_xcom_args_with_operators to None, run_after=None
[2026-05-01T00:20:01.318+0000] {processor.py:183} INFO - Processing /home/airflow/.local/lib/python3.12/site-packages/airflow/example_dags/example_xcomargs.py took 0.048 seconds
[2026-05-01T00:20:32.102+0000] {processor.py:161} INFO - Started process (PID=57353) to work on /home/airflow/.local/lib/python3.12/site-packages/airflow/example_dags/example_xcomargs.py
[2026-05-01T00:20:32.103+0000] {processor.py:830} INFO - Processing file /home/airflow/.local/lib/python3.12/site-packages/airflow/example_dags/example_xcomargs.py for tasks to queue
[2026-05-01T00:20:32.104+0000] {logging_mixin.py:188} INFO - [2026-05-01T00:20:32.103+0000] {dagbag.py:545} INFO - Filling up the DagBag from /home/airflow/.local/lib/python3.12/site-packages/airflow/example_dags/example_xcomargs.py
[2026-05-01T00:20:32.107+0000] {processor.py:840} INFO - DAG(s) 'example_xcom_args_with_operators', 'example_xcom_args' retrieved from /home/airflow/.local/lib/python3.12/site-packages/airflow/example_dags/example_xcomargs.py
[2026-05-01T00:20:32.116+0000] {logging_mixin.py:188} INFO - [2026-05-01T00:20:32.116+0000] {dag.py:3089} INFO - Sync 2 DAGs
[2026-05-01T00:20:32.121+0000] {logging_mixin.py:188} INFO - [2026-05-01T00:20:32.121+0000] {dag.py:3947} INFO - Setting next_dagrun for example_xcom_args to None, run_after=None
[2026-05-01T00:20:32.122+0000] {logging_mixin.py:188} INFO - [2026-05-01T00:20:32.122+0000] {dag.py:3947} INFO - Setting next_dagrun for example_xcom_args_with_operators to None, run_after=None
[2026-05-01T00:20:32.128+0000] {processor.py:183} INFO - Processing /home/airflow/.local/lib/python3.12/site-packages/airflow/example_dags/example_xcomargs.py took 0.028 seconds
[2026-05-01T00:21:02.431+0000] {processor.py:161} INFO - Started process (PID=57413) to work on /home/airflow/.local/lib/python3.12/site-packages/airflow/example_dags/example_xcomargs.py
[2026-05-01T00:21:02.432+0000] {processor.py:830} INFO - Processing file /home/airflow/.local/lib/python3.12/site-packages/airflow/example_dags/example_xcomargs.py for tasks to queue
[2026-05-01T00:21:02.433+0000] {logging_mixin.py:188} INFO - [2026-05-01T00:21:02.432+0000] {dagbag.py:545} INFO - Filling up the DagBag from /home/airflow/.local/lib/python3.12/site-packages/airflow/example_dags/example_xcomargs.py
[2026-05-01T00:21:02.436+0000] {processor.py:840} INFO - DAG(s) 'example_xcom_args', 'example_xcom_args_with_operators' retrieved from /home/airflow/.local/lib/python3.12/site-packages/airflow/example_dags/example_xcomargs.py
[2026-05-01T00:21:02.447+0000] {logging_mixin.py:188} INFO - [2026-05-01T00:21:02.447+0000] {dag.py:3089} INFO - Sync 2 DAGs
[2026-05-01T00:21:02.453+0000] {logging_mixin.py:188} INFO - [2026-05-01T00:21:02.453+0000] {dag.py:3947} INFO - Setting next_dagrun for example_xcom_args to None, run_after=None
[2026-05-01T00:21:02.456+0000] {logging_mixin.py:188} INFO - [2026-05-01T00:21:02.455+0000] {dag.py:3947} INFO - Setting next_dagrun for example_xcom_args_with_operators to None, run_after=None
[2026-05-01T00:21:02.466+0000] {processor.py:183} INFO - Processing /home/airflow/.local/lib/python3.12/site-packages/airflow/example_dags/example_xcomargs.py took 0.038 seconds
[2026-05-01T00:21:32.734+0000] {processor.py:161} INFO - Started process (PID=57473) to work on /home/airflow/.local/lib/python3.12/site-packages/airflow/example_dags/example_xcomargs.py
[2026-05-01T00:21:32.734+0000] {processor.py:830} INFO - Processing file /home/airflow/.local/lib/python3.12/site-packages/airflow/example_dags/example_xcomargs.py for tasks to queue
[2026-05-01T00:21:32.735+0000] {logging_mixin.py:188} INFO - [2026-05-01T00:21:32.735+0000] {dagbag.py:545} INFO - Filling up the DagBag from /home/airflow/.local/lib/python3.12/site-packages/airflow/example_dags/example_xcomargs.py
[2026-05-01T00:21:32.738+0000] {processor.py:840} INFO - DAG(s) 'example_xcom_args_with_operators', 'example_xcom_args' retrieved from /home/airflow/.local/lib/python3.12/site-packages/airflow/example_dags/example_xcomargs.py
[2026-05-01T00:21:32.747+0000] {logging_mixin.py:188} INFO - [2026-05-01T00:21:32.747+0000] {dag.py:3089} INFO - Sync 2 DAGs
[2026-05-01T00:21:32.752+0000] {logging_mixin.py:188} INFO - [2026-05-01T00:21:32.752+0000] {dag.py:3947} INFO - Setting next_dagrun for example_xcom_args to None, run_after=None
[2026-05-01T00:21:32.753+0000] {logging_mixin.py:188} INFO - [2026-05-01T00:21:32.753+0000] {dag.py:3947} INFO - Setting next_dagrun for example_xcom_args_with_operators to None, run_after=None
[2026-05-01T00:21:32.758+0000] {processor.py:183} INFO - Processing /home/airflow/.local/lib/python3.12/site-packages/airflow/example_dags/example_xcomargs.py took 0.027 seconds
[2026-05-01T00:22:03.724+0000] {processor.py:161} INFO - Started process (PID=57533) to work on /home/airflow/.local/lib/python3.12/site-packages/airflow/example_dags/example_xcomargs.py
[2026-05-01T00:22:03.726+0000] {processor.py:830} INFO - Processing file /home/airflow/.local/lib/python3.12/site-packages/airflow/example_dags/example_xcomargs.py for tasks to queue
[2026-05-01T00:22:03.727+0000] {logging_mixin.py:188} INFO - [2026-05-01T00:22:03.727+0000] {dagbag.py:545} INFO - Filling up the DagBag from /home/airflow/.local/lib/python3.12/site-packages/airflow/example_dags/example_xcomargs.py
[2026-05-01T00:22:03.732+0000] {processor.py:840} INFO - DAG(s) 'example_xcom_args_with_operators', 'example_xcom_args' retrieved from /home/airflow/.local/lib/python3.12/site-packages/airflow/example_dags/example_xcomargs.py
[2026-05-01T00:22:03.745+0000] {logging_mixin.py:188} INFO - [2026-05-01T00:22:03.745+0000] {dag.py:3089} INFO - Sync 2 DAGs
[2026-05-01T00:22:03.750+0000] {logging_mixin.py:188} INFO - [2026-05-01T00:22:03.750+0000] {dag.py:3947} INFO - Setting next_dagrun for example_xcom_args to None, run_after=None
[2026-05-01T00:22:03.752+0000] {logging_mixin.py:188} INFO - [2026-05-01T00:22:03.751+0000] {dag.py:3947} INFO - Setting next_dagrun for example_xcom_args_with_operators to None, run_after=None
[2026-05-01T00:22:03.757+0000] {processor.py:183} INFO - Processing /home/airflow/.local/lib/python3.12/site-packages/airflow/example_dags/example_xcomargs.py took 0.035 seconds
[2026-05-01T00:22:34.684+0000] {processor.py:161} INFO - Started process (PID=57593) to work on /home/airflow/.local/lib/python3.12/site-packages/airflow/example_dags/example_xcomargs.py
[2026-05-01T00:22:34.684+0000] {processor.py:830} INFO - Processing file /home/airflow/.local/lib/python3.12/site-packages/airflow/example_dags/example_xcomargs.py for tasks to queue
[2026-05-01T00:22:34.685+0000] {logging_mixin.py:188} INFO - [2026-05-01T00:22:34.685+0000] {dagbag.py:545} INFO - Filling up the DagBag from /home/airflow/.local/lib/python3.12/site-packages/airflow/example_dags/example_xcomargs.py
[2026-05-01T00:22:34.690+0000] {processor.py:840} INFO - DAG(s) 'example_xcom_args', 'example_xcom_args_with_operators' retrieved from /home/airflow/.local/lib/python3.12/site-packages/airflow/example_dags/example_xcomargs.py
[2026-05-01T00:22:34.707+0000] {logging_mixin.py:188} INFO - [2026-05-01T00:22:34.707+0000] {dag.py:3089} INFO - Sync 2 DAGs
[2026-05-01T00:22:34.712+0000] {logging_mixin.py:188} INFO - [2026-05-01T00:22:34.712+0000] {dag.py:3947} INFO - Setting next_dagrun for example_xcom_args to None, run_after=None
[2026-05-01T00:22:34.715+0000] {logging_mixin.py:188} INFO - [2026-05-01T00:22:34.714+0000] {dag.py:3947} INFO - Setting next_dagrun for example_xcom_args_with_operators to None, run_after=None
[2026-05-01T00:22:34.723+0000] {processor.py:183} INFO - Processing /home/airflow/.local/lib/python3.12/site-packages/airflow/example_dags/example_xcomargs.py took 0.042 seconds
[2026-05-01T00:23:05.529+0000] {processor.py:161} INFO - Started process (PID=57653) to work on /home/airflow/.local/lib/python3.12/site-packages/airflow/example_dags/example_xcomargs.py
[2026-05-01T00:23:05.529+0000] {processor.py:830} INFO - Processing file /home/airflow/.local/lib/python3.12/site-packages/airflow/example_dags/example_xcomargs.py for tasks to queue
[2026-05-01T00:23:05.530+0000] {logging_mixin.py:188} INFO - [2026-05-01T00:23:05.530+0000] {dagbag.py:545} INFO - Filling up the DagBag from /home/airflow/.local/lib/python3.12/site-packages/airflow/example_dags/example_xcomargs.py
[2026-05-01T00:23:05.534+0000] {processor.py:840} INFO - DAG(s) 'example_xcom_args', 'example_xcom_args_with_operators' retrieved from /home/airflow/.local/lib/python3.12/site-packages/airflow/example_dags/example_xcomargs.py
[2026-05-01T00:23:05.546+0000] {logging_mixin.py:188} INFO - [2026-05-01T00:23:05.546+0000] {dag.py:3089} INFO - Sync 2 DAGs
[2026-05-01T00:23:05.556+0000] {logging_mixin.py:188} INFO - [2026-05-01T00:23:05.556+0000] {dag.py:3947} INFO - Setting next_dagrun for example_xcom_args to None, run_after=None
[2026-05-01T00:23:05.559+0000] {logging_mixin.py:188} INFO - [2026-05-01T00:23:05.559+0000] {dag.py:3947} INFO - Setting next_dagrun for example_xcom_args_with_operators to None, run_after=None
[2026-05-01T00:23:05.568+0000] {processor.py:183} INFO - Processing /home/airflow/.local/lib/python3.12/site-packages/airflow/example_dags/example_xcomargs.py took 0.041 seconds
