[2026-05-01T00:00:07.345+0000] {processor.py:161} INFO - Started process (PID=54959) to work on /home/airflow/.local/lib/python3.12/site-packages/airflow/example_dags/example_branch_labels.py
[2026-05-01T00:00:07.345+0000] {processor.py:830} INFO - Processing file /home/airflow/.local/lib/python3.12/site-packages/airflow/example_dags/example_branch_labels.py for tasks to queue
[2026-05-01T00:00:07.346+0000] {logging_mixin.py:188} INFO - [2026-05-01T00:00:07.346+0000] {dagbag.py:545} INFO - Filling up the DagBag from /home/airflow/.local/lib/python3.12/site-packages/airflow/example_dags/example_branch_labels.py
[2026-05-01T00:00:07.349+0000] {processor.py:840} INFO - DAG(s) 'example_branch_labels' retrieved from /home/airflow/.local/lib/python3.12/site-packages/airflow/example_dags/example_branch_labels.py
[2026-05-01T00:00:07.358+0000] {logging_mixin.py:188} INFO - [2026-05-01T00:00:07.358+0000] {dag.py:3089} INFO - Sync 1 DAGs
[2026-05-01T00:00:07.365+0000] {logging_mixin.py:188} INFO - [2026-05-01T00:00:07.365+0000] {dag.py:3947} INFO - Setting next_dagrun for example_branch_labels to 2026-04-30 00:00:00+00:00, run_after=2026-05-01 00:00:00+00:00
[2026-05-01T00:00:07.371+0000] {processor.py:183} INFO - Processing /home/airflow/.local/lib/python3.12/site-packages/airflow/example_dags/example_branch_labels.py took 0.030 seconds
[2026-05-01T00:00:38.141+0000] {processor.py:161} INFO - Started process (PID=55019) to work on /home/airflow/.local/lib/python3.12/site-packages/airflow/example_dags/example_branch_labels.py
[2026-05-01T00:00:38.141+0000] {processor.py:830} INFO - Processing file /home/airflow/.local/lib/python3.12/site-packages/airflow/example_dags/example_branch_labels.py for tasks to queue
[2026-05-01T00:00:38.142+0000] {logging_mixin.py:188} INFO - [2026-05-01T00:00:38.142+0000] {dagbag.py:545} INFO - Filling up the DagBag from /home/airflow/.local/lib/python3.12/site-packages/airflow/example_dags/example_branch_labels.py
[2026-05-01T00:00:38.145+0000] {processor.py:840} INFO - DAG(s) 'example_branch_labels' retrieved from /home/airflow/.local/lib/python3.12/site-packages/airflow/example_dags/example_branch_labels.py
[2026-05-01T00:00:38.153+0000] {logging_mixin.py:188} INFO - [2026-05-01T00:00:38.153+0000] {dag.py:3089} INFO - Sync 1 DAGs
[2026-05-01T00:00:38.161+0000] {logging_mixin.py:188} INFO - [2026-05-01T00:00:38.161+0000] {dag.py:3947} INFO - Setting next_dagrun for example_branch_labels to 2026-04-30 00:00:00+00:00, run_after=2026-05-01 00:00:00+00:00
[2026-05-01T00:00:38.167+0000] {processor.py:183} INFO - Processing /home/airflow/.local/lib/python3.12/site-packages/airflow/example_dags/example_branch_labels.py took 0.028 seconds
[2026-05-01T00:01:08.876+0000] {processor.py:161} INFO - Started process (PID=55079) to work on /home/airflow/.local/lib/python3.12/site-packages/airflow/example_dags/example_branch_labels.py
[2026-05-01T00:01:08.876+0000] {processor.py:830} INFO - Processing file /home/airflow/.local/lib/python3.12/site-packages/airflow/example_dags/example_branch_labels.py for tasks to queue
[2026-05-01T00:01:08.877+0000] {logging_mixin.py:188} INFO - [2026-05-01T00:01:08.877+0000] {dagbag.py:545} INFO - Filling up the DagBag from /home/airflow/.local/lib/python3.12/site-packages/airflow/example_dags/example_branch_labels.py
[2026-05-01T00:01:08.882+0000] {processor.py:840} INFO - DAG(s) 'example_branch_labels' retrieved from /home/airflow/.local/lib/python3.12/site-packages/airflow/example_dags/example_branch_labels.py
[2026-05-01T00:01:08.893+0000] {logging_mixin.py:188} INFO - [2026-05-01T00:01:08.893+0000] {dag.py:3089} INFO - Sync 1 DAGs
[2026-05-01T00:01:08.900+0000] {logging_mixin.py:188} INFO - [2026-05-01T00:01:08.900+0000] {dag.py:3947} INFO - Setting next_dagrun for example_branch_labels to 2026-04-30 00:00:00+00:00, run_after=2026-05-01 00:00:00+00:00
[2026-05-01T00:01:08.906+0000] {processor.py:183} INFO - Processing /home/airflow/.local/lib/python3.12/site-packages/airflow/example_dags/example_branch_labels.py took 0.034 seconds
[2026-05-01T00:01:39.666+0000] {processor.py:161} INFO - Started process (PID=55139) to work on /home/airflow/.local/lib/python3.12/site-packages/airflow/example_dags/example_branch_labels.py
[2026-05-01T00:01:39.666+0000] {processor.py:830} INFO - Processing file /home/airflow/.local/lib/python3.12/site-packages/airflow/example_dags/example_branch_labels.py for tasks to queue
[2026-05-01T00:01:39.667+0000] {logging_mixin.py:188} INFO - [2026-05-01T00:01:39.667+0000] {dagbag.py:545} INFO - Filling up the DagBag from /home/airflow/.local/lib/python3.12/site-packages/airflow/example_dags/example_branch_labels.py
[2026-05-01T00:01:39.670+0000] {processor.py:840} INFO - DAG(s) 'example_branch_labels' retrieved from /home/airflow/.local/lib/python3.12/site-packages/airflow/example_dags/example_branch_labels.py
[2026-05-01T00:01:39.679+0000] {logging_mixin.py:188} INFO - [2026-05-01T00:01:39.678+0000] {dag.py:3089} INFO - Sync 1 DAGs
[2026-05-01T00:01:39.686+0000] {logging_mixin.py:188} INFO - [2026-05-01T00:01:39.686+0000] {dag.py:3947} INFO - Setting next_dagrun for example_branch_labels to 2026-04-30 00:00:00+00:00, run_after=2026-05-01 00:00:00+00:00
[2026-05-01T00:01:39.692+0000] {processor.py:183} INFO - Processing /home/airflow/.local/lib/python3.12/site-packages/airflow/example_dags/example_branch_labels.py took 0.028 seconds
[2026-05-01T00:02:13.448+0000] {processor.py:161} INFO - Started process (PID=55199) to work on /home/airflow/.local/lib/python3.12/site-packages/airflow/example_dags/example_branch_labels.py
[2026-05-01T00:02:13.448+0000] {processor.py:830} INFO - Processing file /home/airflow/.local/lib/python3.12/site-packages/airflow/example_dags/example_branch_labels.py for tasks to queue
[2026-05-01T00:02:13.449+0000] {logging_mixin.py:188} INFO - [2026-05-01T00:02:13.449+0000] {dagbag.py:545} INFO - Filling up the DagBag from /home/airflow/.local/lib/python3.12/site-packages/airflow/example_dags/example_branch_labels.py
[2026-05-01T00:02:13.453+0000] {processor.py:840} INFO - DAG(s) 'example_branch_labels' retrieved from /home/airflow/.local/lib/python3.12/site-packages/airflow/example_dags/example_branch_labels.py
[2026-05-01T00:02:13.467+0000] {logging_mixin.py:188} INFO - [2026-05-01T00:02:13.467+0000] {dag.py:3089} INFO - Sync 1 DAGs
[2026-05-01T00:02:13.661+0000] {logging_mixin.py:188} INFO - [2026-05-01T00:02:13.661+0000] {dag.py:3947} INFO - Setting next_dagrun for example_branch_labels to 2026-04-30 00:00:00+00:00, run_after=2026-05-01 00:00:00+00:00
[2026-05-01T00:02:14.300+0000] {processor.py:183} INFO - Processing /home/airflow/.local/lib/python3.12/site-packages/airflow/example_dags/example_branch_labels.py took 0.856 seconds
[2026-05-01T00:02:44.939+0000] {processor.py:161} INFO - Started process (PID=55259) to work on /home/airflow/.local/lib/python3.12/site-packages/airflow/example_dags/example_branch_labels.py
[2026-05-01T00:02:44.941+0000] {processor.py:830} INFO - Processing file /home/airflow/.local/lib/python3.12/site-packages/airflow/example_dags/example_branch_labels.py for tasks to queue
[2026-05-01T00:02:44.946+0000] {logging_mixin.py:188} INFO - [2026-05-01T00:02:44.945+0000] {dagbag.py:545} INFO - Filling up the DagBag from /home/airflow/.local/lib/python3.12/site-packages/airflow/example_dags/example_branch_labels.py
[2026-05-01T00:02:44.952+0000] {processor.py:840} INFO - DAG(s) 'example_branch_labels' retrieved from /home/airflow/.local/lib/python3.12/site-packages/airflow/example_dags/example_branch_labels.py
[2026-05-01T00:02:44.971+0000] {logging_mixin.py:188} INFO - [2026-05-01T00:02:44.971+0000] {dag.py:3089} INFO - Sync 1 DAGs
[2026-05-01T00:02:44.979+0000] {logging_mixin.py:188} INFO - [2026-05-01T00:02:44.979+0000] {dag.py:3947} INFO - Setting next_dagrun for example_branch_labels to 2026-04-30 00:00:00+00:00, run_after=2026-05-01 00:00:00+00:00
[2026-05-01T00:02:44.991+0000] {processor.py:183} INFO - Processing /home/airflow/.local/lib/python3.12/site-packages/airflow/example_dags/example_branch_labels.py took 0.061 seconds
[2026-05-01T00:03:15.685+0000] {processor.py:161} INFO - Started process (PID=55319) to work on /home/airflow/.local/lib/python3.12/site-packages/airflow/example_dags/example_branch_labels.py
[2026-05-01T00:03:15.687+0000] {processor.py:830} INFO - Processing file /home/airflow/.local/lib/python3.12/site-packages/airflow/example_dags/example_branch_labels.py for tasks to queue
[2026-05-01T00:03:15.692+0000] {logging_mixin.py:188} INFO - [2026-05-01T00:03:15.691+0000] {dagbag.py:545} INFO - Filling up the DagBag from /home/airflow/.local/lib/python3.12/site-packages/airflow/example_dags/example_branch_labels.py
[2026-05-01T00:03:15.698+0000] {processor.py:840} INFO - DAG(s) 'example_branch_labels' retrieved from /home/airflow/.local/lib/python3.12/site-packages/airflow/example_dags/example_branch_labels.py
[2026-05-01T00:03:15.714+0000] {logging_mixin.py:188} INFO - [2026-05-01T00:03:15.714+0000] {dag.py:3089} INFO - Sync 1 DAGs
[2026-05-01T00:03:15.723+0000] {logging_mixin.py:188} INFO - [2026-05-01T00:03:15.723+0000] {dag.py:3947} INFO - Setting next_dagrun for example_branch_labels to 2026-04-30 00:00:00+00:00, run_after=2026-05-01 00:00:00+00:00
[2026-05-01T00:03:15.732+0000] {processor.py:183} INFO - Processing /home/airflow/.local/lib/python3.12/site-packages/airflow/example_dags/example_branch_labels.py took 0.055 seconds
[2026-05-01T00:03:46.401+0000] {processor.py:161} INFO - Started process (PID=55379) to work on /home/airflow/.local/lib/python3.12/site-packages/airflow/example_dags/example_branch_labels.py
[2026-05-01T00:03:46.403+0000] {processor.py:830} INFO - Processing file /home/airflow/.local/lib/python3.12/site-packages/airflow/example_dags/example_branch_labels.py for tasks to queue
[2026-05-01T00:03:46.404+0000] {logging_mixin.py:188} INFO - [2026-05-01T00:03:46.404+0000] {dagbag.py:545} INFO - Filling up the DagBag from /home/airflow/.local/lib/python3.12/site-packages/airflow/example_dags/example_branch_labels.py
[2026-05-01T00:03:46.413+0000] {processor.py:840} INFO - DAG(s) 'example_branch_labels' retrieved from /home/airflow/.local/lib/python3.12/site-packages/airflow/example_dags/example_branch_labels.py
[2026-05-01T00:03:46.431+0000] {logging_mixin.py:188} INFO - [2026-05-01T00:03:46.431+0000] {dag.py:3089} INFO - Sync 1 DAGs
[2026-05-01T00:03:46.440+0000] {logging_mixin.py:188} INFO - [2026-05-01T00:03:46.439+0000] {dag.py:3947} INFO - Setting next_dagrun for example_branch_labels to 2026-04-30 00:00:00+00:00, run_after=2026-05-01 00:00:00+00:00
[2026-05-01T00:03:46.448+0000] {processor.py:183} INFO - Processing /home/airflow/.local/lib/python3.12/site-packages/airflow/example_dags/example_branch_labels.py took 0.054 seconds
[2026-05-01T00:04:17.125+0000] {processor.py:161} INFO - Started process (PID=55439) to work on /home/airflow/.local/lib/python3.12/site-packages/airflow/example_dags/example_branch_labels.py
[2026-05-01T00:04:17.126+0000] {processor.py:830} INFO - Processing file /home/airflow/.local/lib/python3.12/site-packages/airflow/example_dags/example_branch_labels.py for tasks to queue
[2026-05-01T00:04:17.129+0000] {logging_mixin.py:188} INFO - [2026-05-01T00:04:17.128+0000] {dagbag.py:545} INFO - Filling up the DagBag from /home/airflow/.local/lib/python3.12/site-packages/airflow/example_dags/example_branch_labels.py
[2026-05-01T00:04:17.137+0000] {processor.py:840} INFO - DAG(s) 'example_branch_labels' retrieved from /home/airflow/.local/lib/python3.12/site-packages/airflow/example_dags/example_branch_labels.py
[2026-05-01T00:04:17.155+0000] {logging_mixin.py:188} INFO - [2026-05-01T00:04:17.155+0000] {dag.py:3089} INFO - Sync 1 DAGs
[2026-05-01T00:04:17.165+0000] {logging_mixin.py:188} INFO - [2026-05-01T00:04:17.165+0000] {dag.py:3947} INFO - Setting next_dagrun for example_branch_labels to 2026-04-30 00:00:00+00:00, run_after=2026-05-01 00:00:00+00:00
[2026-05-01T00:04:17.176+0000] {processor.py:183} INFO - Processing /home/airflow/.local/lib/python3.12/site-packages/airflow/example_dags/example_branch_labels.py took 0.059 seconds
[2026-05-01T00:04:47.859+0000] {processor.py:161} INFO - Started process (PID=55499) to work on /home/airflow/.local/lib/python3.12/site-packages/airflow/example_dags/example_branch_labels.py
[2026-05-01T00:04:47.860+0000] {processor.py:830} INFO - Processing file /home/airflow/.local/lib/python3.12/site-packages/airflow/example_dags/example_branch_labels.py for tasks to queue
[2026-05-01T00:04:47.862+0000] {logging_mixin.py:188} INFO - [2026-05-01T00:04:47.862+0000] {dagbag.py:545} INFO - Filling up the DagBag from /home/airflow/.local/lib/python3.12/site-packages/airflow/example_dags/example_branch_labels.py
[2026-05-01T00:04:47.868+0000] {processor.py:840} INFO - DAG(s) 'example_branch_labels' retrieved from /home/airflow/.local/lib/python3.12/site-packages/airflow/example_dags/example_branch_labels.py
[2026-05-01T00:04:47.886+0000] {logging_mixin.py:188} INFO - [2026-05-01T00:04:47.886+0000] {dag.py:3089} INFO - Sync 1 DAGs
[2026-05-01T00:04:47.895+0000] {logging_mixin.py:188} INFO - [2026-05-01T00:04:47.895+0000] {dag.py:3947} INFO - Setting next_dagrun for example_branch_labels to 2026-04-30 00:00:00+00:00, run_after=2026-05-01 00:00:00+00:00
[2026-05-01T00:04:47.905+0000] {processor.py:183} INFO - Processing /home/airflow/.local/lib/python3.12/site-packages/airflow/example_dags/example_branch_labels.py took 0.052 seconds
[2026-05-01T00:05:18.669+0000] {processor.py:161} INFO - Started process (PID=55560) to work on /home/airflow/.local/lib/python3.12/site-packages/airflow/example_dags/example_branch_labels.py
[2026-05-01T00:05:18.670+0000] {processor.py:830} INFO - Processing file /home/airflow/.local/lib/python3.12/site-packages/airflow/example_dags/example_branch_labels.py for tasks to queue
[2026-05-01T00:05:18.672+0000] {logging_mixin.py:188} INFO - [2026-05-01T00:05:18.672+0000] {dagbag.py:545} INFO - Filling up the DagBag from /home/airflow/.local/lib/python3.12/site-packages/airflow/example_dags/example_branch_labels.py
[2026-05-01T00:05:18.678+0000] {processor.py:840} INFO - DAG(s) 'example_branch_labels' retrieved from /home/airflow/.local/lib/python3.12/site-packages/airflow/example_dags/example_branch_labels.py
[2026-05-01T00:05:18.696+0000] {logging_mixin.py:188} INFO - [2026-05-01T00:05:18.696+0000] {dag.py:3089} INFO - Sync 1 DAGs
[2026-05-01T00:05:18.708+0000] {logging_mixin.py:188} INFO - [2026-05-01T00:05:18.708+0000] {dag.py:3947} INFO - Setting next_dagrun for example_branch_labels to 2026-04-30 00:00:00+00:00, run_after=2026-05-01 00:00:00+00:00
[2026-05-01T00:05:18.721+0000] {processor.py:183} INFO - Processing /home/airflow/.local/lib/python3.12/site-packages/airflow/example_dags/example_branch_labels.py took 0.059 seconds
[2026-05-01T00:05:49.399+0000] {processor.py:161} INFO - Started process (PID=55620) to work on /home/airflow/.local/lib/python3.12/site-packages/airflow/example_dags/example_branch_labels.py
[2026-05-01T00:05:49.401+0000] {processor.py:830} INFO - Processing file /home/airflow/.local/lib/python3.12/site-packages/airflow/example_dags/example_branch_labels.py for tasks to queue
[2026-05-01T00:05:49.405+0000] {logging_mixin.py:188} INFO - [2026-05-01T00:05:49.404+0000] {dagbag.py:545} INFO - Filling up the DagBag from /home/airflow/.local/lib/python3.12/site-packages/airflow/example_dags/example_branch_labels.py
[2026-05-01T00:05:49.412+0000] {processor.py:840} INFO - DAG(s) 'example_branch_labels' retrieved from /home/airflow/.local/lib/python3.12/site-packages/airflow/example_dags/example_branch_labels.py
[2026-05-01T00:05:49.431+0000] {logging_mixin.py:188} INFO - [2026-05-01T00:05:49.431+0000] {dag.py:3089} INFO - Sync 1 DAGs
[2026-05-01T00:05:49.439+0000] {logging_mixin.py:188} INFO - [2026-05-01T00:05:49.439+0000] {dag.py:3947} INFO - Setting next_dagrun for example_branch_labels to 2026-04-30 00:00:00+00:00, run_after=2026-05-01 00:00:00+00:00
[2026-05-01T00:05:49.450+0000] {processor.py:183} INFO - Processing /home/airflow/.local/lib/python3.12/site-packages/airflow/example_dags/example_branch_labels.py took 0.060 seconds
[2026-05-01T00:06:20.199+0000] {processor.py:161} INFO - Started process (PID=55680) to work on /home/airflow/.local/lib/python3.12/site-packages/airflow/example_dags/example_branch_labels.py
[2026-05-01T00:06:20.204+0000] {processor.py:830} INFO - Processing file /home/airflow/.local/lib/python3.12/site-packages/airflow/example_dags/example_branch_labels.py for tasks to queue
[2026-05-01T00:06:20.205+0000] {logging_mixin.py:188} INFO - [2026-05-01T00:06:20.205+0000] {dagbag.py:545} INFO - Filling up the DagBag from /home/airflow/.local/lib/python3.12/site-packages/airflow/example_dags/example_branch_labels.py
[2026-05-01T00:06:20.210+0000] {processor.py:840} INFO - DAG(s) 'example_branch_labels' retrieved from /home/airflow/.local/lib/python3.12/site-packages/airflow/example_dags/example_branch_labels.py
[2026-05-01T00:06:20.228+0000] {logging_mixin.py:188} INFO - [2026-05-01T00:06:20.228+0000] {dag.py:3089} INFO - Sync 1 DAGs
[2026-05-01T00:06:20.237+0000] {logging_mixin.py:188} INFO - [2026-05-01T00:06:20.237+0000] {dag.py:3947} INFO - Setting next_dagrun for example_branch_labels to 2026-04-30 00:00:00+00:00, run_after=2026-05-01 00:00:00+00:00
[2026-05-01T00:06:20.246+0000] {processor.py:183} INFO - Processing /home/airflow/.local/lib/python3.12/site-packages/airflow/example_dags/example_branch_labels.py took 0.056 seconds
[2026-05-01T00:06:50.953+0000] {processor.py:161} INFO - Started process (PID=55740) to work on /home/airflow/.local/lib/python3.12/site-packages/airflow/example_dags/example_branch_labels.py
[2026-05-01T00:06:50.955+0000] {processor.py:830} INFO - Processing file /home/airflow/.local/lib/python3.12/site-packages/airflow/example_dags/example_branch_labels.py for tasks to queue
[2026-05-01T00:06:50.957+0000] {logging_mixin.py:188} INFO - [2026-05-01T00:06:50.956+0000] {dagbag.py:545} INFO - Filling up the DagBag from /home/airflow/.local/lib/python3.12/site-packages/airflow/example_dags/example_branch_labels.py
[2026-05-01T00:06:50.964+0000] {processor.py:840} INFO - DAG(s) 'example_branch_labels' retrieved from /home/airflow/.local/lib/python3.12/site-packages/airflow/example_dags/example_branch_labels.py
[2026-05-01T00:06:50.979+0000] {logging_mixin.py:188} INFO - [2026-05-01T00:06:50.979+0000] {dag.py:3089} INFO - Sync 1 DAGs
[2026-05-01T00:06:50.991+0000] {logging_mixin.py:188} INFO - [2026-05-01T00:06:50.991+0000] {dag.py:3947} INFO - Setting next_dagrun for example_branch_labels to 2026-04-30 00:00:00+00:00, run_after=2026-05-01 00:00:00+00:00
[2026-05-01T00:06:51.002+0000] {processor.py:183} INFO - Processing /home/airflow/.local/lib/python3.12/site-packages/airflow/example_dags/example_branch_labels.py took 0.057 seconds
[2026-05-01T00:07:21.083+0000] {processor.py:161} INFO - Started process (PID=55800) to work on /home/airflow/.local/lib/python3.12/site-packages/airflow/example_dags/example_branch_labels.py
[2026-05-01T00:07:21.084+0000] {processor.py:830} INFO - Processing file /home/airflow/.local/lib/python3.12/site-packages/airflow/example_dags/example_branch_labels.py for tasks to queue
[2026-05-01T00:07:21.086+0000] {logging_mixin.py:188} INFO - [2026-05-01T00:07:21.085+0000] {dagbag.py:545} INFO - Filling up the DagBag from /home/airflow/.local/lib/python3.12/site-packages/airflow/example_dags/example_branch_labels.py
[2026-05-01T00:07:21.094+0000] {processor.py:840} INFO - DAG(s) 'example_branch_labels' retrieved from /home/airflow/.local/lib/python3.12/site-packages/airflow/example_dags/example_branch_labels.py
[2026-05-01T00:07:21.112+0000] {logging_mixin.py:188} INFO - [2026-05-01T00:07:21.112+0000] {dag.py:3089} INFO - Sync 1 DAGs
[2026-05-01T00:07:21.123+0000] {logging_mixin.py:188} INFO - [2026-05-01T00:07:21.123+0000] {dag.py:3947} INFO - Setting next_dagrun for example_branch_labels to 2026-04-30 00:00:00+00:00, run_after=2026-05-01 00:00:00+00:00
[2026-05-01T00:07:21.135+0000] {processor.py:183} INFO - Processing /home/airflow/.local/lib/python3.12/site-packages/airflow/example_dags/example_branch_labels.py took 0.060 seconds
[2026-05-01T00:07:51.776+0000] {processor.py:161} INFO - Started process (PID=55860) to work on /home/airflow/.local/lib/python3.12/site-packages/airflow/example_dags/example_branch_labels.py
[2026-05-01T00:07:51.779+0000] {processor.py:830} INFO - Processing file /home/airflow/.local/lib/python3.12/site-packages/airflow/example_dags/example_branch_labels.py for tasks to queue
[2026-05-01T00:07:51.783+0000] {logging_mixin.py:188} INFO - [2026-05-01T00:07:51.783+0000] {dagbag.py:545} INFO - Filling up the DagBag from /home/airflow/.local/lib/python3.12/site-packages/airflow/example_dags/example_branch_labels.py
[2026-05-01T00:07:51.789+0000] {processor.py:840} INFO - DAG(s) 'example_branch_labels' retrieved from /home/airflow/.local/lib/python3.12/site-packages/airflow/example_dags/example_branch_labels.py
[2026-05-01T00:07:51.805+0000] {logging_mixin.py:188} INFO - [2026-05-01T00:07:51.805+0000] {dag.py:3089} INFO - Sync 1 DAGs
[2026-05-01T00:07:51.813+0000] {logging_mixin.py:188} INFO - [2026-05-01T00:07:51.813+0000] {dag.py:3947} INFO - Setting next_dagrun for example_branch_labels to 2026-04-30 00:00:00+00:00, run_after=2026-05-01 00:00:00+00:00
[2026-05-01T00:07:51.822+0000] {processor.py:183} INFO - Processing /home/airflow/.local/lib/python3.12/site-packages/airflow/example_dags/example_branch_labels.py took 0.054 seconds
[2026-05-01T00:08:22.500+0000] {processor.py:161} INFO - Started process (PID=55920) to work on /home/airflow/.local/lib/python3.12/site-packages/airflow/example_dags/example_branch_labels.py
[2026-05-01T00:08:22.501+0000] {processor.py:830} INFO - Processing file /home/airflow/.local/lib/python3.12/site-packages/airflow/example_dags/example_branch_labels.py for tasks to queue
[2026-05-01T00:08:22.503+0000] {logging_mixin.py:188} INFO - [2026-05-01T00:08:22.503+0000] {dagbag.py:545} INFO - Filling up the DagBag from /home/airflow/.local/lib/python3.12/site-packages/airflow/example_dags/example_branch_labels.py
[2026-05-01T00:08:22.508+0000] {processor.py:840} INFO - DAG(s) 'example_branch_labels' retrieved from /home/airflow/.local/lib/python3.12/site-packages/airflow/example_dags/example_branch_labels.py
[2026-05-01T00:08:22.522+0000] {logging_mixin.py:188} INFO - [2026-05-01T00:08:22.522+0000] {dag.py:3089} INFO - Sync 1 DAGs
[2026-05-01T00:08:22.536+0000] {logging_mixin.py:188} INFO - [2026-05-01T00:08:22.536+0000] {dag.py:3947} INFO - Setting next_dagrun for example_branch_labels to 2026-04-30 00:00:00+00:00, run_after=2026-05-01 00:00:00+00:00
[2026-05-01T00:08:22.547+0000] {processor.py:183} INFO - Processing /home/airflow/.local/lib/python3.12/site-packages/airflow/example_dags/example_branch_labels.py took 0.054 seconds
[2026-05-01T00:08:52.581+0000] {processor.py:161} INFO - Started process (PID=55981) to work on /home/airflow/.local/lib/python3.12/site-packages/airflow/example_dags/example_branch_labels.py
[2026-05-01T00:08:52.581+0000] {processor.py:830} INFO - Processing file /home/airflow/.local/lib/python3.12/site-packages/airflow/example_dags/example_branch_labels.py for tasks to queue
[2026-05-01T00:08:52.582+0000] {logging_mixin.py:188} INFO - [2026-05-01T00:08:52.582+0000] {dagbag.py:545} INFO - Filling up the DagBag from /home/airflow/.local/lib/python3.12/site-packages/airflow/example_dags/example_branch_labels.py
[2026-05-01T00:08:52.585+0000] {processor.py:840} INFO - DAG(s) 'example_branch_labels' retrieved from /home/airflow/.local/lib/python3.12/site-packages/airflow/example_dags/example_branch_labels.py
[2026-05-01T00:08:52.661+0000] {logging_mixin.py:188} INFO - [2026-05-01T00:08:52.661+0000] {dag.py:3089} INFO - Sync 1 DAGs
[2026-05-01T00:08:52.670+0000] {logging_mixin.py:188} INFO - [2026-05-01T00:08:52.670+0000] {dag.py:3947} INFO - Setting next_dagrun for example_branch_labels to 2026-04-30 00:00:00+00:00, run_after=2026-05-01 00:00:00+00:00
[2026-05-01T00:08:52.679+0000] {processor.py:183} INFO - Processing /home/airflow/.local/lib/python3.12/site-packages/airflow/example_dags/example_branch_labels.py took 0.101 seconds
[2026-05-01T00:09:23.470+0000] {processor.py:161} INFO - Started process (PID=56041) to work on /home/airflow/.local/lib/python3.12/site-packages/airflow/example_dags/example_branch_labels.py
[2026-05-01T00:09:23.471+0000] {processor.py:830} INFO - Processing file /home/airflow/.local/lib/python3.12/site-packages/airflow/example_dags/example_branch_labels.py for tasks to queue
[2026-05-01T00:09:23.472+0000] {logging_mixin.py:188} INFO - [2026-05-01T00:09:23.472+0000] {dagbag.py:545} INFO - Filling up the DagBag from /home/airflow/.local/lib/python3.12/site-packages/airflow/example_dags/example_branch_labels.py
[2026-05-01T00:09:23.475+0000] {processor.py:840} INFO - DAG(s) 'example_branch_labels' retrieved from /home/airflow/.local/lib/python3.12/site-packages/airflow/example_dags/example_branch_labels.py
[2026-05-01T00:09:23.484+0000] {logging_mixin.py:188} INFO - [2026-05-01T00:09:23.484+0000] {dag.py:3089} INFO - Sync 1 DAGs
[2026-05-01T00:09:23.498+0000] {logging_mixin.py:188} INFO - [2026-05-01T00:09:23.498+0000] {dag.py:3947} INFO - Setting next_dagrun for example_branch_labels to 2026-04-30 00:00:00+00:00, run_after=2026-05-01 00:00:00+00:00
[2026-05-01T00:09:23.509+0000] {processor.py:183} INFO - Processing /home/airflow/.local/lib/python3.12/site-packages/airflow/example_dags/example_branch_labels.py took 0.041 seconds
[2026-05-01T00:09:54.242+0000] {processor.py:161} INFO - Started process (PID=56101) to work on /home/airflow/.local/lib/python3.12/site-packages/airflow/example_dags/example_branch_labels.py
[2026-05-01T00:09:54.244+0000] {processor.py:830} INFO - Processing file /home/airflow/.local/lib/python3.12/site-packages/airflow/example_dags/example_branch_labels.py for tasks to queue
[2026-05-01T00:09:54.244+0000] {logging_mixin.py:188} INFO - [2026-05-01T00:09:54.244+0000] {dagbag.py:545} INFO - Filling up the DagBag from /home/airflow/.local/lib/python3.12/site-packages/airflow/example_dags/example_branch_labels.py
[2026-05-01T00:09:54.247+0000] {processor.py:840} INFO - DAG(s) 'example_branch_labels' retrieved from /home/airflow/.local/lib/python3.12/site-packages/airflow/example_dags/example_branch_labels.py
[2026-05-01T00:09:54.259+0000] {logging_mixin.py:188} INFO - [2026-05-01T00:09:54.259+0000] {dag.py:3089} INFO - Sync 1 DAGs
[2026-05-01T00:09:54.268+0000] {logging_mixin.py:188} INFO - [2026-05-01T00:09:54.268+0000] {dag.py:3947} INFO - Setting next_dagrun for example_branch_labels to 2026-04-30 00:00:00+00:00, run_after=2026-05-01 00:00:00+00:00
[2026-05-01T00:09:54.280+0000] {processor.py:183} INFO - Processing /home/airflow/.local/lib/python3.12/site-packages/airflow/example_dags/example_branch_labels.py took 0.041 seconds
[2026-05-01T00:10:24.936+0000] {processor.py:161} INFO - Started process (PID=56161) to work on /home/airflow/.local/lib/python3.12/site-packages/airflow/example_dags/example_branch_labels.py
[2026-05-01T00:10:24.936+0000] {processor.py:830} INFO - Processing file /home/airflow/.local/lib/python3.12/site-packages/airflow/example_dags/example_branch_labels.py for tasks to queue
[2026-05-01T00:10:24.937+0000] {logging_mixin.py:188} INFO - [2026-05-01T00:10:24.937+0000] {dagbag.py:545} INFO - Filling up the DagBag from /home/airflow/.local/lib/python3.12/site-packages/airflow/example_dags/example_branch_labels.py
[2026-05-01T00:10:24.940+0000] {processor.py:840} INFO - DAG(s) 'example_branch_labels' retrieved from /home/airflow/.local/lib/python3.12/site-packages/airflow/example_dags/example_branch_labels.py
[2026-05-01T00:10:24.947+0000] {logging_mixin.py:188} INFO - [2026-05-01T00:10:24.947+0000] {dag.py:3089} INFO - Sync 1 DAGs
[2026-05-01T00:10:24.954+0000] {logging_mixin.py:188} INFO - [2026-05-01T00:10:24.954+0000] {dag.py:3947} INFO - Setting next_dagrun for example_branch_labels to 2026-04-30 00:00:00+00:00, run_after=2026-05-01 00:00:00+00:00
[2026-05-01T00:10:24.959+0000] {processor.py:183} INFO - Processing /home/airflow/.local/lib/python3.12/site-packages/airflow/example_dags/example_branch_labels.py took 0.025 seconds
[2026-05-01T00:10:55.046+0000] {processor.py:161} INFO - Started process (PID=56221) to work on /home/airflow/.local/lib/python3.12/site-packages/airflow/example_dags/example_branch_labels.py
[2026-05-01T00:10:55.047+0000] {processor.py:830} INFO - Processing file /home/airflow/.local/lib/python3.12/site-packages/airflow/example_dags/example_branch_labels.py for tasks to queue
[2026-05-01T00:10:55.048+0000] {logging_mixin.py:188} INFO - [2026-05-01T00:10:55.048+0000] {dagbag.py:545} INFO - Filling up the DagBag from /home/airflow/.local/lib/python3.12/site-packages/airflow/example_dags/example_branch_labels.py
[2026-05-01T00:10:55.051+0000] {processor.py:840} INFO - DAG(s) 'example_branch_labels' retrieved from /home/airflow/.local/lib/python3.12/site-packages/airflow/example_dags/example_branch_labels.py
[2026-05-01T00:10:55.059+0000] {logging_mixin.py:188} INFO - [2026-05-01T00:10:55.059+0000] {dag.py:3089} INFO - Sync 1 DAGs
[2026-05-01T00:10:55.067+0000] {logging_mixin.py:188} INFO - [2026-05-01T00:10:55.067+0000] {dag.py:3947} INFO - Setting next_dagrun for example_branch_labels to 2026-04-30 00:00:00+00:00, run_after=2026-05-01 00:00:00+00:00
[2026-05-01T00:10:55.072+0000] {processor.py:183} INFO - Processing /home/airflow/.local/lib/python3.12/site-packages/airflow/example_dags/example_branch_labels.py took 0.029 seconds
[2026-05-01T00:11:25.837+0000] {processor.py:161} INFO - Started process (PID=56281) to work on /home/airflow/.local/lib/python3.12/site-packages/airflow/example_dags/example_branch_labels.py
[2026-05-01T00:11:25.838+0000] {processor.py:830} INFO - Processing file /home/airflow/.local/lib/python3.12/site-packages/airflow/example_dags/example_branch_labels.py for tasks to queue
[2026-05-01T00:11:25.839+0000] {logging_mixin.py:188} INFO - [2026-05-01T00:11:25.839+0000] {dagbag.py:545} INFO - Filling up the DagBag from /home/airflow/.local/lib/python3.12/site-packages/airflow/example_dags/example_branch_labels.py
[2026-05-01T00:11:25.842+0000] {processor.py:840} INFO - DAG(s) 'example_branch_labels' retrieved from /home/airflow/.local/lib/python3.12/site-packages/airflow/example_dags/example_branch_labels.py
[2026-05-01T00:11:25.854+0000] {logging_mixin.py:188} INFO - [2026-05-01T00:11:25.853+0000] {dag.py:3089} INFO - Sync 1 DAGs
[2026-05-01T00:11:25.863+0000] {logging_mixin.py:188} INFO - [2026-05-01T00:11:25.863+0000] {dag.py:3947} INFO - Setting next_dagrun for example_branch_labels to 2026-04-30 00:00:00+00:00, run_after=2026-05-01 00:00:00+00:00
[2026-05-01T00:11:25.871+0000] {processor.py:183} INFO - Processing /home/airflow/.local/lib/python3.12/site-packages/airflow/example_dags/example_branch_labels.py took 0.037 seconds
[2026-05-01T00:11:56.452+0000] {processor.py:161} INFO - Started process (PID=56341) to work on /home/airflow/.local/lib/python3.12/site-packages/airflow/example_dags/example_branch_labels.py
[2026-05-01T00:11:56.452+0000] {processor.py:830} INFO - Processing file /home/airflow/.local/lib/python3.12/site-packages/airflow/example_dags/example_branch_labels.py for tasks to queue
[2026-05-01T00:11:56.453+0000] {logging_mixin.py:188} INFO - [2026-05-01T00:11:56.453+0000] {dagbag.py:545} INFO - Filling up the DagBag from /home/airflow/.local/lib/python3.12/site-packages/airflow/example_dags/example_branch_labels.py
[2026-05-01T00:11:56.456+0000] {processor.py:840} INFO - DAG(s) 'example_branch_labels' retrieved from /home/airflow/.local/lib/python3.12/site-packages/airflow/example_dags/example_branch_labels.py
[2026-05-01T00:11:56.467+0000] {logging_mixin.py:188} INFO - [2026-05-01T00:11:56.467+0000] {dag.py:3089} INFO - Sync 1 DAGs
[2026-05-01T00:11:56.478+0000] {logging_mixin.py:188} INFO - [2026-05-01T00:11:56.478+0000] {dag.py:3947} INFO - Setting next_dagrun for example_branch_labels to 2026-04-30 00:00:00+00:00, run_after=2026-05-01 00:00:00+00:00
[2026-05-01T00:11:56.488+0000] {processor.py:183} INFO - Processing /home/airflow/.local/lib/python3.12/site-packages/airflow/example_dags/example_branch_labels.py took 0.039 seconds
[2026-05-01T00:12:27.161+0000] {processor.py:161} INFO - Started process (PID=56401) to work on /home/airflow/.local/lib/python3.12/site-packages/airflow/example_dags/example_branch_labels.py
[2026-05-01T00:12:27.162+0000] {processor.py:830} INFO - Processing file /home/airflow/.local/lib/python3.12/site-packages/airflow/example_dags/example_branch_labels.py for tasks to queue
[2026-05-01T00:12:27.162+0000] {logging_mixin.py:188} INFO - [2026-05-01T00:12:27.162+0000] {dagbag.py:545} INFO - Filling up the DagBag from /home/airflow/.local/lib/python3.12/site-packages/airflow/example_dags/example_branch_labels.py
[2026-05-01T00:12:27.165+0000] {processor.py:840} INFO - DAG(s) 'example_branch_labels' retrieved from /home/airflow/.local/lib/python3.12/site-packages/airflow/example_dags/example_branch_labels.py
[2026-05-01T00:12:27.172+0000] {logging_mixin.py:188} INFO - [2026-05-01T00:12:27.172+0000] {dag.py:3089} INFO - Sync 1 DAGs
[2026-05-01T00:12:27.179+0000] {logging_mixin.py:188} INFO - [2026-05-01T00:12:27.179+0000] {dag.py:3947} INFO - Setting next_dagrun for example_branch_labels to 2026-04-30 00:00:00+00:00, run_after=2026-05-01 00:00:00+00:00
[2026-05-01T00:12:27.184+0000] {processor.py:183} INFO - Processing /home/airflow/.local/lib/python3.12/site-packages/airflow/example_dags/example_branch_labels.py took 0.026 seconds
[2026-05-01T00:12:57.944+0000] {processor.py:161} INFO - Started process (PID=56461) to work on /home/airflow/.local/lib/python3.12/site-packages/airflow/example_dags/example_branch_labels.py
[2026-05-01T00:12:57.945+0000] {processor.py:830} INFO - Processing file /home/airflow/.local/lib/python3.12/site-packages/airflow/example_dags/example_branch_labels.py for tasks to queue
[2026-05-01T00:12:57.946+0000] {logging_mixin.py:188} INFO - [2026-05-01T00:12:57.945+0000] {dagbag.py:545} INFO - Filling up the DagBag from /home/airflow/.local/lib/python3.12/site-packages/airflow/example_dags/example_branch_labels.py
[2026-05-01T00:12:57.948+0000] {processor.py:840} INFO - DAG(s) 'example_branch_labels' retrieved from /home/airflow/.local/lib/python3.12/site-packages/airflow/example_dags/example_branch_labels.py
[2026-05-01T00:12:57.956+0000] {logging_mixin.py:188} INFO - [2026-05-01T00:12:57.956+0000] {dag.py:3089} INFO - Sync 1 DAGs
[2026-05-01T00:12:57.963+0000] {logging_mixin.py:188} INFO - [2026-05-01T00:12:57.963+0000] {dag.py:3947} INFO - Setting next_dagrun for example_branch_labels to 2026-04-30 00:00:00+00:00, run_after=2026-05-01 00:00:00+00:00
[2026-05-01T00:12:57.968+0000] {processor.py:183} INFO - Processing /home/airflow/.local/lib/python3.12/site-packages/airflow/example_dags/example_branch_labels.py took 0.026 seconds
[2026-05-01T00:13:29.319+0000] {processor.py:161} INFO - Started process (PID=56521) to work on /home/airflow/.local/lib/python3.12/site-packages/airflow/example_dags/example_branch_labels.py
[2026-05-01T00:13:29.322+0000] {processor.py:830} INFO - Processing file /home/airflow/.local/lib/python3.12/site-packages/airflow/example_dags/example_branch_labels.py for tasks to queue
[2026-05-01T00:13:29.324+0000] {logging_mixin.py:188} INFO - [2026-05-01T00:13:29.323+0000] {dagbag.py:545} INFO - Filling up the DagBag from /home/airflow/.local/lib/python3.12/site-packages/airflow/example_dags/example_branch_labels.py
[2026-05-01T00:13:29.332+0000] {processor.py:840} INFO - DAG(s) 'example_branch_labels' retrieved from /home/airflow/.local/lib/python3.12/site-packages/airflow/example_dags/example_branch_labels.py
[2026-05-01T00:13:29.361+0000] {logging_mixin.py:188} INFO - [2026-05-01T00:13:29.361+0000] {dag.py:3089} INFO - Sync 1 DAGs
[2026-05-01T00:13:29.386+0000] {logging_mixin.py:188} INFO - [2026-05-01T00:13:29.386+0000] {dag.py:3947} INFO - Setting next_dagrun for example_branch_labels to 2026-04-30 00:00:00+00:00, run_after=2026-05-01 00:00:00+00:00
[2026-05-01T00:13:29.406+0000] {processor.py:183} INFO - Processing /home/airflow/.local/lib/python3.12/site-packages/airflow/example_dags/example_branch_labels.py took 0.102 seconds
[2026-05-01T00:14:00.020+0000] {processor.py:161} INFO - Started process (PID=56581) to work on /home/airflow/.local/lib/python3.12/site-packages/airflow/example_dags/example_branch_labels.py
[2026-05-01T00:14:00.021+0000] {processor.py:830} INFO - Processing file /home/airflow/.local/lib/python3.12/site-packages/airflow/example_dags/example_branch_labels.py for tasks to queue
[2026-05-01T00:14:00.021+0000] {logging_mixin.py:188} INFO - [2026-05-01T00:14:00.021+0000] {dagbag.py:545} INFO - Filling up the DagBag from /home/airflow/.local/lib/python3.12/site-packages/airflow/example_dags/example_branch_labels.py
[2026-05-01T00:14:00.026+0000] {processor.py:840} INFO - DAG(s) 'example_branch_labels' retrieved from /home/airflow/.local/lib/python3.12/site-packages/airflow/example_dags/example_branch_labels.py
[2026-05-01T00:14:00.039+0000] {logging_mixin.py:188} INFO - [2026-05-01T00:14:00.039+0000] {dag.py:3089} INFO - Sync 1 DAGs
[2026-05-01T00:14:00.054+0000] {logging_mixin.py:188} INFO - [2026-05-01T00:14:00.054+0000] {dag.py:3947} INFO - Setting next_dagrun for example_branch_labels to 2026-04-30 00:00:00+00:00, run_after=2026-05-01 00:00:00+00:00
[2026-05-01T00:14:00.068+0000] {processor.py:183} INFO - Processing /home/airflow/.local/lib/python3.12/site-packages/airflow/example_dags/example_branch_labels.py took 0.051 seconds
[2026-05-01T00:14:30.761+0000] {processor.py:161} INFO - Started process (PID=56641) to work on /home/airflow/.local/lib/python3.12/site-packages/airflow/example_dags/example_branch_labels.py
[2026-05-01T00:14:30.761+0000] {processor.py:830} INFO - Processing file /home/airflow/.local/lib/python3.12/site-packages/airflow/example_dags/example_branch_labels.py for tasks to queue
[2026-05-01T00:14:30.762+0000] {logging_mixin.py:188} INFO - [2026-05-01T00:14:30.762+0000] {dagbag.py:545} INFO - Filling up the DagBag from /home/airflow/.local/lib/python3.12/site-packages/airflow/example_dags/example_branch_labels.py
[2026-05-01T00:14:30.765+0000] {processor.py:840} INFO - DAG(s) 'example_branch_labels' retrieved from /home/airflow/.local/lib/python3.12/site-packages/airflow/example_dags/example_branch_labels.py
[2026-05-01T00:14:30.776+0000] {logging_mixin.py:188} INFO - [2026-05-01T00:14:30.775+0000] {dag.py:3089} INFO - Sync 1 DAGs
[2026-05-01T00:14:30.786+0000] {logging_mixin.py:188} INFO - [2026-05-01T00:14:30.786+0000] {dag.py:3947} INFO - Setting next_dagrun for example_branch_labels to 2026-04-30 00:00:00+00:00, run_after=2026-05-01 00:00:00+00:00
[2026-05-01T00:14:30.795+0000] {processor.py:183} INFO - Processing /home/airflow/.local/lib/python3.12/site-packages/airflow/example_dags/example_branch_labels.py took 0.037 seconds
[2026-05-01T00:15:01.289+0000] {processor.py:161} INFO - Started process (PID=56701) to work on /home/airflow/.local/lib/python3.12/site-packages/airflow/example_dags/example_branch_labels.py
[2026-05-01T00:15:01.290+0000] {processor.py:830} INFO - Processing file /home/airflow/.local/lib/python3.12/site-packages/airflow/example_dags/example_branch_labels.py for tasks to queue
[2026-05-01T00:15:01.291+0000] {logging_mixin.py:188} INFO - [2026-05-01T00:15:01.290+0000] {dagbag.py:545} INFO - Filling up the DagBag from /home/airflow/.local/lib/python3.12/site-packages/airflow/example_dags/example_branch_labels.py
[2026-05-01T00:15:01.295+0000] {processor.py:840} INFO - DAG(s) 'example_branch_labels' retrieved from /home/airflow/.local/lib/python3.12/site-packages/airflow/example_dags/example_branch_labels.py
[2026-05-01T00:15:01.306+0000] {logging_mixin.py:188} INFO - [2026-05-01T00:15:01.305+0000] {dag.py:3089} INFO - Sync 1 DAGs
[2026-05-01T00:15:01.318+0000] {logging_mixin.py:188} INFO - [2026-05-01T00:15:01.318+0000] {dag.py:3947} INFO - Setting next_dagrun for example_branch_labels to 2026-04-30 00:00:00+00:00, run_after=2026-05-01 00:00:00+00:00
[2026-05-01T00:15:01.330+0000] {processor.py:183} INFO - Processing /home/airflow/.local/lib/python3.12/site-packages/airflow/example_dags/example_branch_labels.py took 0.044 seconds
[2026-05-01T00:15:31.870+0000] {processor.py:161} INFO - Started process (PID=56761) to work on /home/airflow/.local/lib/python3.12/site-packages/airflow/example_dags/example_branch_labels.py
[2026-05-01T00:15:31.870+0000] {processor.py:830} INFO - Processing file /home/airflow/.local/lib/python3.12/site-packages/airflow/example_dags/example_branch_labels.py for tasks to queue
[2026-05-01T00:15:31.871+0000] {logging_mixin.py:188} INFO - [2026-05-01T00:15:31.871+0000] {dagbag.py:545} INFO - Filling up the DagBag from /home/airflow/.local/lib/python3.12/site-packages/airflow/example_dags/example_branch_labels.py
[2026-05-01T00:15:31.875+0000] {processor.py:840} INFO - DAG(s) 'example_branch_labels' retrieved from /home/airflow/.local/lib/python3.12/site-packages/airflow/example_dags/example_branch_labels.py
[2026-05-01T00:15:31.886+0000] {logging_mixin.py:188} INFO - [2026-05-01T00:15:31.886+0000] {dag.py:3089} INFO - Sync 1 DAGs
[2026-05-01T00:15:31.896+0000] {logging_mixin.py:188} INFO - [2026-05-01T00:15:31.896+0000] {dag.py:3947} INFO - Setting next_dagrun for example_branch_labels to 2026-04-30 00:00:00+00:00, run_after=2026-05-01 00:00:00+00:00
[2026-05-01T00:15:31.906+0000] {processor.py:183} INFO - Processing /home/airflow/.local/lib/python3.12/site-packages/airflow/example_dags/example_branch_labels.py took 0.039 seconds
[2026-05-01T00:16:02.518+0000] {processor.py:161} INFO - Started process (PID=56821) to work on /home/airflow/.local/lib/python3.12/site-packages/airflow/example_dags/example_branch_labels.py
[2026-05-01T00:16:02.518+0000] {processor.py:830} INFO - Processing file /home/airflow/.local/lib/python3.12/site-packages/airflow/example_dags/example_branch_labels.py for tasks to queue
[2026-05-01T00:16:02.519+0000] {logging_mixin.py:188} INFO - [2026-05-01T00:16:02.519+0000] {dagbag.py:545} INFO - Filling up the DagBag from /home/airflow/.local/lib/python3.12/site-packages/airflow/example_dags/example_branch_labels.py
[2026-05-01T00:16:02.521+0000] {processor.py:840} INFO - DAG(s) 'example_branch_labels' retrieved from /home/airflow/.local/lib/python3.12/site-packages/airflow/example_dags/example_branch_labels.py
[2026-05-01T00:16:02.529+0000] {logging_mixin.py:188} INFO - [2026-05-01T00:16:02.529+0000] {dag.py:3089} INFO - Sync 1 DAGs
[2026-05-01T00:16:02.536+0000] {logging_mixin.py:188} INFO - [2026-05-01T00:16:02.536+0000] {dag.py:3947} INFO - Setting next_dagrun for example_branch_labels to 2026-04-30 00:00:00+00:00, run_after=2026-05-01 00:00:00+00:00
[2026-05-01T00:16:02.541+0000] {processor.py:183} INFO - Processing /home/airflow/.local/lib/python3.12/site-packages/airflow/example_dags/example_branch_labels.py took 0.026 seconds
[2026-05-01T00:16:33.159+0000] {processor.py:161} INFO - Started process (PID=56881) to work on /home/airflow/.local/lib/python3.12/site-packages/airflow/example_dags/example_branch_labels.py
[2026-05-01T00:16:33.159+0000] {processor.py:830} INFO - Processing file /home/airflow/.local/lib/python3.12/site-packages/airflow/example_dags/example_branch_labels.py for tasks to queue
[2026-05-01T00:16:33.161+0000] {logging_mixin.py:188} INFO - [2026-05-01T00:16:33.161+0000] {dagbag.py:545} INFO - Filling up the DagBag from /home/airflow/.local/lib/python3.12/site-packages/airflow/example_dags/example_branch_labels.py
[2026-05-01T00:16:33.165+0000] {processor.py:840} INFO - DAG(s) 'example_branch_labels' retrieved from /home/airflow/.local/lib/python3.12/site-packages/airflow/example_dags/example_branch_labels.py
[2026-05-01T00:16:33.174+0000] {logging_mixin.py:188} INFO - [2026-05-01T00:16:33.174+0000] {dag.py:3089} INFO - Sync 1 DAGs
[2026-05-01T00:16:33.186+0000] {logging_mixin.py:188} INFO - [2026-05-01T00:16:33.186+0000] {dag.py:3947} INFO - Setting next_dagrun for example_branch_labels to 2026-04-30 00:00:00+00:00, run_after=2026-05-01 00:00:00+00:00
[2026-05-01T00:16:33.202+0000] {processor.py:183} INFO - Processing /home/airflow/.local/lib/python3.12/site-packages/airflow/example_dags/example_branch_labels.py took 0.047 seconds
[2026-05-01T00:17:03.818+0000] {processor.py:161} INFO - Started process (PID=56941) to work on /home/airflow/.local/lib/python3.12/site-packages/airflow/example_dags/example_branch_labels.py
[2026-05-01T00:17:03.819+0000] {processor.py:830} INFO - Processing file /home/airflow/.local/lib/python3.12/site-packages/airflow/example_dags/example_branch_labels.py for tasks to queue
[2026-05-01T00:17:03.820+0000] {logging_mixin.py:188} INFO - [2026-05-01T00:17:03.820+0000] {dagbag.py:545} INFO - Filling up the DagBag from /home/airflow/.local/lib/python3.12/site-packages/airflow/example_dags/example_branch_labels.py
[2026-05-01T00:17:03.826+0000] {processor.py:840} INFO - DAG(s) 'example_branch_labels' retrieved from /home/airflow/.local/lib/python3.12/site-packages/airflow/example_dags/example_branch_labels.py
[2026-05-01T00:17:03.841+0000] {logging_mixin.py:188} INFO - [2026-05-01T00:17:03.840+0000] {dag.py:3089} INFO - Sync 1 DAGs
[2026-05-01T00:17:03.856+0000] {logging_mixin.py:188} INFO - [2026-05-01T00:17:03.856+0000] {dag.py:3947} INFO - Setting next_dagrun for example_branch_labels to 2026-04-30 00:00:00+00:00, run_after=2026-05-01 00:00:00+00:00
[2026-05-01T00:17:03.864+0000] {processor.py:183} INFO - Processing /home/airflow/.local/lib/python3.12/site-packages/airflow/example_dags/example_branch_labels.py took 0.050 seconds
[2026-05-01T00:17:33.930+0000] {processor.py:161} INFO - Started process (PID=57001) to work on /home/airflow/.local/lib/python3.12/site-packages/airflow/example_dags/example_branch_labels.py
[2026-05-01T00:17:33.931+0000] {processor.py:830} INFO - Processing file /home/airflow/.local/lib/python3.12/site-packages/airflow/example_dags/example_branch_labels.py for tasks to queue
[2026-05-01T00:17:33.932+0000] {logging_mixin.py:188} INFO - [2026-05-01T00:17:33.932+0000] {dagbag.py:545} INFO - Filling up the DagBag from /home/airflow/.local/lib/python3.12/site-packages/airflow/example_dags/example_branch_labels.py
[2026-05-01T00:17:33.935+0000] {processor.py:840} INFO - DAG(s) 'example_branch_labels' retrieved from /home/airflow/.local/lib/python3.12/site-packages/airflow/example_dags/example_branch_labels.py
[2026-05-01T00:17:33.962+0000] {logging_mixin.py:188} INFO - [2026-05-01T00:17:33.962+0000] {dag.py:3089} INFO - Sync 1 DAGs
[2026-05-01T00:17:33.980+0000] {logging_mixin.py:188} INFO - [2026-05-01T00:17:33.980+0000] {dag.py:3947} INFO - Setting next_dagrun for example_branch_labels to 2026-04-30 00:00:00+00:00, run_after=2026-05-01 00:00:00+00:00
[2026-05-01T00:17:34.001+0000] {processor.py:183} INFO - Processing /home/airflow/.local/lib/python3.12/site-packages/airflow/example_dags/example_branch_labels.py took 0.074 seconds
[2026-05-01T00:18:04.024+0000] {processor.py:161} INFO - Started process (PID=57060) to work on /home/airflow/.local/lib/python3.12/site-packages/airflow/example_dags/example_branch_labels.py
[2026-05-01T00:18:04.024+0000] {processor.py:830} INFO - Processing file /home/airflow/.local/lib/python3.12/site-packages/airflow/example_dags/example_branch_labels.py for tasks to queue
[2026-05-01T00:18:04.025+0000] {logging_mixin.py:188} INFO - [2026-05-01T00:18:04.025+0000] {dagbag.py:545} INFO - Filling up the DagBag from /home/airflow/.local/lib/python3.12/site-packages/airflow/example_dags/example_branch_labels.py
[2026-05-01T00:18:04.028+0000] {processor.py:840} INFO - DAG(s) 'example_branch_labels' retrieved from /home/airflow/.local/lib/python3.12/site-packages/airflow/example_dags/example_branch_labels.py
[2026-05-01T00:18:04.035+0000] {logging_mixin.py:188} INFO - [2026-05-01T00:18:04.035+0000] {dag.py:3089} INFO - Sync 1 DAGs
[2026-05-01T00:18:04.042+0000] {logging_mixin.py:188} INFO - [2026-05-01T00:18:04.042+0000] {dag.py:3947} INFO - Setting next_dagrun for example_branch_labels to 2026-04-30 00:00:00+00:00, run_after=2026-05-01 00:00:00+00:00
[2026-05-01T00:18:04.046+0000] {processor.py:183} INFO - Processing /home/airflow/.local/lib/python3.12/site-packages/airflow/example_dags/example_branch_labels.py took 0.025 seconds
[2026-05-01T00:18:34.802+0000] {processor.py:161} INFO - Started process (PID=57120) to work on /home/airflow/.local/lib/python3.12/site-packages/airflow/example_dags/example_branch_labels.py
[2026-05-01T00:18:34.802+0000] {processor.py:830} INFO - Processing file /home/airflow/.local/lib/python3.12/site-packages/airflow/example_dags/example_branch_labels.py for tasks to queue
[2026-05-01T00:18:34.803+0000] {logging_mixin.py:188} INFO - [2026-05-01T00:18:34.803+0000] {dagbag.py:545} INFO - Filling up the DagBag from /home/airflow/.local/lib/python3.12/site-packages/airflow/example_dags/example_branch_labels.py
[2026-05-01T00:18:34.806+0000] {processor.py:840} INFO - DAG(s) 'example_branch_labels' retrieved from /home/airflow/.local/lib/python3.12/site-packages/airflow/example_dags/example_branch_labels.py
[2026-05-01T00:18:34.813+0000] {logging_mixin.py:188} INFO - [2026-05-01T00:18:34.813+0000] {dag.py:3089} INFO - Sync 1 DAGs
[2026-05-01T00:18:34.819+0000] {logging_mixin.py:188} INFO - [2026-05-01T00:18:34.819+0000] {dag.py:3947} INFO - Setting next_dagrun for example_branch_labels to 2026-04-30 00:00:00+00:00, run_after=2026-05-01 00:00:00+00:00
[2026-05-01T00:18:34.824+0000] {processor.py:183} INFO - Processing /home/airflow/.local/lib/python3.12/site-packages/airflow/example_dags/example_branch_labels.py took 0.025 seconds
[2026-05-01T00:19:05.365+0000] {processor.py:161} INFO - Started process (PID=57180) to work on /home/airflow/.local/lib/python3.12/site-packages/airflow/example_dags/example_branch_labels.py
[2026-05-01T00:19:05.365+0000] {processor.py:830} INFO - Processing file /home/airflow/.local/lib/python3.12/site-packages/airflow/example_dags/example_branch_labels.py for tasks to queue
[2026-05-01T00:19:05.366+0000] {logging_mixin.py:188} INFO - [2026-05-01T00:19:05.366+0000] {dagbag.py:545} INFO - Filling up the DagBag from /home/airflow/.local/lib/python3.12/site-packages/airflow/example_dags/example_branch_labels.py
[2026-05-01T00:19:05.369+0000] {processor.py:840} INFO - DAG(s) 'example_branch_labels' retrieved from /home/airflow/.local/lib/python3.12/site-packages/airflow/example_dags/example_branch_labels.py
[2026-05-01T00:19:05.376+0000] {logging_mixin.py:188} INFO - [2026-05-01T00:19:05.376+0000] {dag.py:3089} INFO - Sync 1 DAGs
[2026-05-01T00:19:05.383+0000] {logging_mixin.py:188} INFO - [2026-05-01T00:19:05.383+0000] {dag.py:3947} INFO - Setting next_dagrun for example_branch_labels to 2026-04-30 00:00:00+00:00, run_after=2026-05-01 00:00:00+00:00
[2026-05-01T00:19:05.388+0000] {processor.py:183} INFO - Processing /home/airflow/.local/lib/python3.12/site-packages/airflow/example_dags/example_branch_labels.py took 0.026 seconds
[2026-05-01T00:19:36.400+0000] {processor.py:161} INFO - Started process (PID=57240) to work on /home/airflow/.local/lib/python3.12/site-packages/airflow/example_dags/example_branch_labels.py
[2026-05-01T00:19:36.401+0000] {processor.py:830} INFO - Processing file /home/airflow/.local/lib/python3.12/site-packages/airflow/example_dags/example_branch_labels.py for tasks to queue
[2026-05-01T00:19:36.402+0000] {logging_mixin.py:188} INFO - [2026-05-01T00:19:36.402+0000] {dagbag.py:545} INFO - Filling up the DagBag from /home/airflow/.local/lib/python3.12/site-packages/airflow/example_dags/example_branch_labels.py
[2026-05-01T00:19:36.405+0000] {processor.py:840} INFO - DAG(s) 'example_branch_labels' retrieved from /home/airflow/.local/lib/python3.12/site-packages/airflow/example_dags/example_branch_labels.py
[2026-05-01T00:19:36.413+0000] {logging_mixin.py:188} INFO - [2026-05-01T00:19:36.412+0000] {dag.py:3089} INFO - Sync 1 DAGs
[2026-05-01T00:19:36.420+0000] {logging_mixin.py:188} INFO - [2026-05-01T00:19:36.420+0000] {dag.py:3947} INFO - Setting next_dagrun for example_branch_labels to 2026-04-30 00:00:00+00:00, run_after=2026-05-01 00:00:00+00:00
[2026-05-01T00:19:36.426+0000] {processor.py:183} INFO - Processing /home/airflow/.local/lib/python3.12/site-packages/airflow/example_dags/example_branch_labels.py took 0.030 seconds
[2026-05-01T00:20:06.587+0000] {processor.py:161} INFO - Started process (PID=57300) to work on /home/airflow/.local/lib/python3.12/site-packages/airflow/example_dags/example_branch_labels.py
[2026-05-01T00:20:06.588+0000] {processor.py:830} INFO - Processing file /home/airflow/.local/lib/python3.12/site-packages/airflow/example_dags/example_branch_labels.py for tasks to queue
[2026-05-01T00:20:06.589+0000] {logging_mixin.py:188} INFO - [2026-05-01T00:20:06.588+0000] {dagbag.py:545} INFO - Filling up the DagBag from /home/airflow/.local/lib/python3.12/site-packages/airflow/example_dags/example_branch_labels.py
[2026-05-01T00:20:06.593+0000] {processor.py:840} INFO - DAG(s) 'example_branch_labels' retrieved from /home/airflow/.local/lib/python3.12/site-packages/airflow/example_dags/example_branch_labels.py
[2026-05-01T00:20:06.604+0000] {logging_mixin.py:188} INFO - [2026-05-01T00:20:06.604+0000] {dag.py:3089} INFO - Sync 1 DAGs
[2026-05-01T00:20:06.616+0000] {logging_mixin.py:188} INFO - [2026-05-01T00:20:06.616+0000] {dag.py:3947} INFO - Setting next_dagrun for example_branch_labels to 2026-04-30 00:00:00+00:00, run_after=2026-05-01 00:00:00+00:00
[2026-05-01T00:20:06.622+0000] {processor.py:183} INFO - Processing /home/airflow/.local/lib/python3.12/site-packages/airflow/example_dags/example_branch_labels.py took 0.040 seconds
[2026-05-01T00:20:37.356+0000] {processor.py:161} INFO - Started process (PID=57360) to work on /home/airflow/.local/lib/python3.12/site-packages/airflow/example_dags/example_branch_labels.py
[2026-05-01T00:20:37.357+0000] {processor.py:830} INFO - Processing file /home/airflow/.local/lib/python3.12/site-packages/airflow/example_dags/example_branch_labels.py for tasks to queue
[2026-05-01T00:20:37.357+0000] {logging_mixin.py:188} INFO - [2026-05-01T00:20:37.357+0000] {dagbag.py:545} INFO - Filling up the DagBag from /home/airflow/.local/lib/python3.12/site-packages/airflow/example_dags/example_branch_labels.py
[2026-05-01T00:20:37.360+0000] {processor.py:840} INFO - DAG(s) 'example_branch_labels' retrieved from /home/airflow/.local/lib/python3.12/site-packages/airflow/example_dags/example_branch_labels.py
[2026-05-01T00:20:37.368+0000] {logging_mixin.py:188} INFO - [2026-05-01T00:20:37.367+0000] {dag.py:3089} INFO - Sync 1 DAGs
[2026-05-01T00:20:37.374+0000] {logging_mixin.py:188} INFO - [2026-05-01T00:20:37.374+0000] {dag.py:3947} INFO - Setting next_dagrun for example_branch_labels to 2026-04-30 00:00:00+00:00, run_after=2026-05-01 00:00:00+00:00
[2026-05-01T00:20:37.379+0000] {processor.py:183} INFO - Processing /home/airflow/.local/lib/python3.12/site-packages/airflow/example_dags/example_branch_labels.py took 0.026 seconds
[2026-05-01T00:21:07.724+0000] {processor.py:161} INFO - Started process (PID=57420) to work on /home/airflow/.local/lib/python3.12/site-packages/airflow/example_dags/example_branch_labels.py
[2026-05-01T00:21:07.725+0000] {processor.py:830} INFO - Processing file /home/airflow/.local/lib/python3.12/site-packages/airflow/example_dags/example_branch_labels.py for tasks to queue
[2026-05-01T00:21:07.726+0000] {logging_mixin.py:188} INFO - [2026-05-01T00:21:07.726+0000] {dagbag.py:545} INFO - Filling up the DagBag from /home/airflow/.local/lib/python3.12/site-packages/airflow/example_dags/example_branch_labels.py
[2026-05-01T00:21:07.730+0000] {processor.py:840} INFO - DAG(s) 'example_branch_labels' retrieved from /home/airflow/.local/lib/python3.12/site-packages/airflow/example_dags/example_branch_labels.py
[2026-05-01T00:21:07.743+0000] {logging_mixin.py:188} INFO - [2026-05-01T00:21:07.743+0000] {dag.py:3089} INFO - Sync 1 DAGs
[2026-05-01T00:21:07.754+0000] {logging_mixin.py:188} INFO - [2026-05-01T00:21:07.754+0000] {dag.py:3947} INFO - Setting next_dagrun for example_branch_labels to 2026-04-30 00:00:00+00:00, run_after=2026-05-01 00:00:00+00:00
[2026-05-01T00:21:07.760+0000] {processor.py:183} INFO - Processing /home/airflow/.local/lib/python3.12/site-packages/airflow/example_dags/example_branch_labels.py took 0.040 seconds
[2026-05-01T00:21:38.159+0000] {processor.py:161} INFO - Started process (PID=57486) to work on /home/airflow/.local/lib/python3.12/site-packages/airflow/example_dags/example_branch_labels.py
[2026-05-01T00:21:38.160+0000] {processor.py:830} INFO - Processing file /home/airflow/.local/lib/python3.12/site-packages/airflow/example_dags/example_branch_labels.py for tasks to queue
[2026-05-01T00:21:38.160+0000] {logging_mixin.py:188} INFO - [2026-05-01T00:21:38.160+0000] {dagbag.py:545} INFO - Filling up the DagBag from /home/airflow/.local/lib/python3.12/site-packages/airflow/example_dags/example_branch_labels.py
[2026-05-01T00:21:38.164+0000] {processor.py:840} INFO - DAG(s) 'example_branch_labels' retrieved from /home/airflow/.local/lib/python3.12/site-packages/airflow/example_dags/example_branch_labels.py
[2026-05-01T00:21:38.173+0000] {logging_mixin.py:188} INFO - [2026-05-01T00:21:38.173+0000] {dag.py:3089} INFO - Sync 1 DAGs
[2026-05-01T00:21:38.179+0000] {logging_mixin.py:188} INFO - [2026-05-01T00:21:38.179+0000] {dag.py:3947} INFO - Setting next_dagrun for example_branch_labels to 2026-04-30 00:00:00+00:00, run_after=2026-05-01 00:00:00+00:00
[2026-05-01T00:21:38.186+0000] {processor.py:183} INFO - Processing /home/airflow/.local/lib/python3.12/site-packages/airflow/example_dags/example_branch_labels.py took 0.030 seconds
[2026-05-01T00:22:09.052+0000] {processor.py:161} INFO - Started process (PID=57546) to work on /home/airflow/.local/lib/python3.12/site-packages/airflow/example_dags/example_branch_labels.py
[2026-05-01T00:22:09.053+0000] {processor.py:830} INFO - Processing file /home/airflow/.local/lib/python3.12/site-packages/airflow/example_dags/example_branch_labels.py for tasks to queue
[2026-05-01T00:22:09.054+0000] {logging_mixin.py:188} INFO - [2026-05-01T00:22:09.054+0000] {dagbag.py:545} INFO - Filling up the DagBag from /home/airflow/.local/lib/python3.12/site-packages/airflow/example_dags/example_branch_labels.py
[2026-05-01T00:22:09.060+0000] {processor.py:840} INFO - DAG(s) 'example_branch_labels' retrieved from /home/airflow/.local/lib/python3.12/site-packages/airflow/example_dags/example_branch_labels.py
[2026-05-01T00:22:09.070+0000] {logging_mixin.py:188} INFO - [2026-05-01T00:22:09.070+0000] {dag.py:3089} INFO - Sync 1 DAGs
[2026-05-01T00:22:09.079+0000] {logging_mixin.py:188} INFO - [2026-05-01T00:22:09.078+0000] {dag.py:3947} INFO - Setting next_dagrun for example_branch_labels to 2026-04-30 00:00:00+00:00, run_after=2026-05-01 00:00:00+00:00
[2026-05-01T00:22:09.084+0000] {processor.py:183} INFO - Processing /home/airflow/.local/lib/python3.12/site-packages/airflow/example_dags/example_branch_labels.py took 0.035 seconds
[2026-05-01T00:22:39.965+0000] {processor.py:161} INFO - Started process (PID=57606) to work on /home/airflow/.local/lib/python3.12/site-packages/airflow/example_dags/example_branch_labels.py
[2026-05-01T00:22:39.966+0000] {processor.py:830} INFO - Processing file /home/airflow/.local/lib/python3.12/site-packages/airflow/example_dags/example_branch_labels.py for tasks to queue
[2026-05-01T00:22:39.967+0000] {logging_mixin.py:188} INFO - [2026-05-01T00:22:39.966+0000] {dagbag.py:545} INFO - Filling up the DagBag from /home/airflow/.local/lib/python3.12/site-packages/airflow/example_dags/example_branch_labels.py
[2026-05-01T00:22:39.969+0000] {processor.py:840} INFO - DAG(s) 'example_branch_labels' retrieved from /home/airflow/.local/lib/python3.12/site-packages/airflow/example_dags/example_branch_labels.py
[2026-05-01T00:22:39.977+0000] {logging_mixin.py:188} INFO - [2026-05-01T00:22:39.977+0000] {dag.py:3089} INFO - Sync 1 DAGs
[2026-05-01T00:22:39.984+0000] {logging_mixin.py:188} INFO - [2026-05-01T00:22:39.984+0000] {dag.py:3947} INFO - Setting next_dagrun for example_branch_labels to 2026-04-30 00:00:00+00:00, run_after=2026-05-01 00:00:00+00:00
[2026-05-01T00:22:39.989+0000] {processor.py:183} INFO - Processing /home/airflow/.local/lib/python3.12/site-packages/airflow/example_dags/example_branch_labels.py took 0.026 seconds
[2026-05-01T00:23:10.834+0000] {processor.py:161} INFO - Started process (PID=57666) to work on /home/airflow/.local/lib/python3.12/site-packages/airflow/example_dags/example_branch_labels.py
[2026-05-01T00:23:10.838+0000] {processor.py:830} INFO - Processing file /home/airflow/.local/lib/python3.12/site-packages/airflow/example_dags/example_branch_labels.py for tasks to queue
[2026-05-01T00:23:10.841+0000] {logging_mixin.py:188} INFO - [2026-05-01T00:23:10.841+0000] {dagbag.py:545} INFO - Filling up the DagBag from /home/airflow/.local/lib/python3.12/site-packages/airflow/example_dags/example_branch_labels.py
[2026-05-01T00:23:10.856+0000] {processor.py:840} INFO - DAG(s) 'example_branch_labels' retrieved from /home/airflow/.local/lib/python3.12/site-packages/airflow/example_dags/example_branch_labels.py
[2026-05-01T00:23:10.919+0000] {logging_mixin.py:188} INFO - [2026-05-01T00:23:10.918+0000] {dag.py:3089} INFO - Sync 1 DAGs
[2026-05-01T00:23:10.951+0000] {logging_mixin.py:188} INFO - [2026-05-01T00:23:10.951+0000] {dag.py:3947} INFO - Setting next_dagrun for example_branch_labels to 2026-04-30 00:00:00+00:00, run_after=2026-05-01 00:00:00+00:00
[2026-05-01T00:23:10.958+0000] {processor.py:183} INFO - Processing /home/airflow/.local/lib/python3.12/site-packages/airflow/example_dags/example_branch_labels.py took 0.147 seconds
