[2026-05-01T00:00:01.281+0000] {processor.py:161} INFO - Started process (PID=54914) to work on /home/airflow/.local/lib/python3.12/site-packages/airflow/example_dags/example_short_circuit_operator.py
[2026-05-01T00:00:01.281+0000] {processor.py:830} INFO - Processing file /home/airflow/.local/lib/python3.12/site-packages/airflow/example_dags/example_short_circuit_operator.py for tasks to queue
[2026-05-01T00:00:01.282+0000] {logging_mixin.py:188} INFO - [2026-05-01T00:00:01.282+0000] {dagbag.py:545} INFO - Filling up the DagBag from /home/airflow/.local/lib/python3.12/site-packages/airflow/example_dags/example_short_circuit_operator.py
[2026-05-01T00:00:01.285+0000] {processor.py:840} INFO - DAG(s) 'example_short_circuit_operator' retrieved from /home/airflow/.local/lib/python3.12/site-packages/airflow/example_dags/example_short_circuit_operator.py
[2026-05-01T00:00:01.298+0000] {logging_mixin.py:188} INFO - [2026-05-01T00:00:01.298+0000] {dag.py:3089} INFO - Sync 1 DAGs
[2026-05-01T00:00:01.307+0000] {logging_mixin.py:188} INFO - [2026-05-01T00:00:01.306+0000] {dag.py:3947} INFO - Setting next_dagrun for example_short_circuit_operator to 2026-04-30 00:00:00+00:00, run_after=2026-05-01 00:00:00+00:00
[2026-05-01T00:00:01.314+0000] {processor.py:183} INFO - Processing /home/airflow/.local/lib/python3.12/site-packages/airflow/example_dags/example_short_circuit_operator.py took 0.036 seconds
[2026-05-01T00:00:32.066+0000] {processor.py:161} INFO - Started process (PID=54974) to work on /home/airflow/.local/lib/python3.12/site-packages/airflow/example_dags/example_short_circuit_operator.py
[2026-05-01T00:00:32.067+0000] {processor.py:830} INFO - Processing file /home/airflow/.local/lib/python3.12/site-packages/airflow/example_dags/example_short_circuit_operator.py for tasks to queue
[2026-05-01T00:00:32.068+0000] {logging_mixin.py:188} INFO - [2026-05-01T00:00:32.068+0000] {dagbag.py:545} INFO - Filling up the DagBag from /home/airflow/.local/lib/python3.12/site-packages/airflow/example_dags/example_short_circuit_operator.py
[2026-05-01T00:00:32.071+0000] {processor.py:840} INFO - DAG(s) 'example_short_circuit_operator' retrieved from /home/airflow/.local/lib/python3.12/site-packages/airflow/example_dags/example_short_circuit_operator.py
[2026-05-01T00:00:32.083+0000] {logging_mixin.py:188} INFO - [2026-05-01T00:00:32.083+0000] {dag.py:3089} INFO - Sync 1 DAGs
[2026-05-01T00:00:32.092+0000] {logging_mixin.py:188} INFO - [2026-05-01T00:00:32.092+0000] {dag.py:3947} INFO - Setting next_dagrun for example_short_circuit_operator to 2026-04-30 00:00:00+00:00, run_after=2026-05-01 00:00:00+00:00
[2026-05-01T00:00:32.101+0000] {processor.py:183} INFO - Processing /home/airflow/.local/lib/python3.12/site-packages/airflow/example_dags/example_short_circuit_operator.py took 0.038 seconds
[2026-05-01T00:01:02.808+0000] {processor.py:161} INFO - Started process (PID=55034) to work on /home/airflow/.local/lib/python3.12/site-packages/airflow/example_dags/example_short_circuit_operator.py
[2026-05-01T00:01:02.808+0000] {processor.py:830} INFO - Processing file /home/airflow/.local/lib/python3.12/site-packages/airflow/example_dags/example_short_circuit_operator.py for tasks to queue
[2026-05-01T00:01:02.809+0000] {logging_mixin.py:188} INFO - [2026-05-01T00:01:02.809+0000] {dagbag.py:545} INFO - Filling up the DagBag from /home/airflow/.local/lib/python3.12/site-packages/airflow/example_dags/example_short_circuit_operator.py
[2026-05-01T00:01:02.811+0000] {processor.py:840} INFO - DAG(s) 'example_short_circuit_operator' retrieved from /home/airflow/.local/lib/python3.12/site-packages/airflow/example_dags/example_short_circuit_operator.py
[2026-05-01T00:01:02.819+0000] {logging_mixin.py:188} INFO - [2026-05-01T00:01:02.819+0000] {dag.py:3089} INFO - Sync 1 DAGs
[2026-05-01T00:01:02.825+0000] {logging_mixin.py:188} INFO - [2026-05-01T00:01:02.825+0000] {dag.py:3947} INFO - Setting next_dagrun for example_short_circuit_operator to 2026-04-30 00:00:00+00:00, run_after=2026-05-01 00:00:00+00:00
[2026-05-01T00:01:02.830+0000] {processor.py:183} INFO - Processing /home/airflow/.local/lib/python3.12/site-packages/airflow/example_dags/example_short_circuit_operator.py took 0.025 seconds
[2026-05-01T00:01:33.564+0000] {processor.py:161} INFO - Started process (PID=55094) to work on /home/airflow/.local/lib/python3.12/site-packages/airflow/example_dags/example_short_circuit_operator.py
[2026-05-01T00:01:33.565+0000] {processor.py:830} INFO - Processing file /home/airflow/.local/lib/python3.12/site-packages/airflow/example_dags/example_short_circuit_operator.py for tasks to queue
[2026-05-01T00:01:33.565+0000] {logging_mixin.py:188} INFO - [2026-05-01T00:01:33.565+0000] {dagbag.py:545} INFO - Filling up the DagBag from /home/airflow/.local/lib/python3.12/site-packages/airflow/example_dags/example_short_circuit_operator.py
[2026-05-01T00:01:33.568+0000] {processor.py:840} INFO - DAG(s) 'example_short_circuit_operator' retrieved from /home/airflow/.local/lib/python3.12/site-packages/airflow/example_dags/example_short_circuit_operator.py
[2026-05-01T00:01:33.576+0000] {logging_mixin.py:188} INFO - [2026-05-01T00:01:33.576+0000] {dag.py:3089} INFO - Sync 1 DAGs
[2026-05-01T00:01:33.582+0000] {logging_mixin.py:188} INFO - [2026-05-01T00:01:33.582+0000] {dag.py:3947} INFO - Setting next_dagrun for example_short_circuit_operator to 2026-04-30 00:00:00+00:00, run_after=2026-05-01 00:00:00+00:00
[2026-05-01T00:01:33.588+0000] {processor.py:183} INFO - Processing /home/airflow/.local/lib/python3.12/site-packages/airflow/example_dags/example_short_circuit_operator.py took 0.025 seconds
[2026-05-01T00:02:04.459+0000] {processor.py:161} INFO - Started process (PID=55154) to work on /home/airflow/.local/lib/python3.12/site-packages/airflow/example_dags/example_short_circuit_operator.py
[2026-05-01T00:02:04.460+0000] {processor.py:830} INFO - Processing file /home/airflow/.local/lib/python3.12/site-packages/airflow/example_dags/example_short_circuit_operator.py for tasks to queue
[2026-05-01T00:02:04.460+0000] {logging_mixin.py:188} INFO - [2026-05-01T00:02:04.460+0000] {dagbag.py:545} INFO - Filling up the DagBag from /home/airflow/.local/lib/python3.12/site-packages/airflow/example_dags/example_short_circuit_operator.py
[2026-05-01T00:02:04.463+0000] {processor.py:840} INFO - DAG(s) 'example_short_circuit_operator' retrieved from /home/airflow/.local/lib/python3.12/site-packages/airflow/example_dags/example_short_circuit_operator.py
[2026-05-01T00:02:04.472+0000] {logging_mixin.py:188} INFO - [2026-05-01T00:02:04.471+0000] {dag.py:3089} INFO - Sync 1 DAGs
[2026-05-01T00:02:04.479+0000] {logging_mixin.py:188} INFO - [2026-05-01T00:02:04.478+0000] {dag.py:3947} INFO - Setting next_dagrun for example_short_circuit_operator to 2026-04-30 00:00:00+00:00, run_after=2026-05-01 00:00:00+00:00
[2026-05-01T00:02:04.484+0000] {processor.py:183} INFO - Processing /home/airflow/.local/lib/python3.12/site-packages/airflow/example_dags/example_short_circuit_operator.py took 0.026 seconds
[2026-05-01T00:02:34.709+0000] {processor.py:161} INFO - Started process (PID=55214) to work on /home/airflow/.local/lib/python3.12/site-packages/airflow/example_dags/example_short_circuit_operator.py
[2026-05-01T00:02:34.709+0000] {processor.py:830} INFO - Processing file /home/airflow/.local/lib/python3.12/site-packages/airflow/example_dags/example_short_circuit_operator.py for tasks to queue
[2026-05-01T00:02:34.710+0000] {logging_mixin.py:188} INFO - [2026-05-01T00:02:34.710+0000] {dagbag.py:545} INFO - Filling up the DagBag from /home/airflow/.local/lib/python3.12/site-packages/airflow/example_dags/example_short_circuit_operator.py
[2026-05-01T00:02:34.715+0000] {processor.py:840} INFO - DAG(s) 'example_short_circuit_operator' retrieved from /home/airflow/.local/lib/python3.12/site-packages/airflow/example_dags/example_short_circuit_operator.py
[2026-05-01T00:02:34.728+0000] {logging_mixin.py:188} INFO - [2026-05-01T00:02:34.728+0000] {dag.py:3089} INFO - Sync 1 DAGs
[2026-05-01T00:02:34.736+0000] {logging_mixin.py:188} INFO - [2026-05-01T00:02:34.736+0000] {dag.py:3947} INFO - Setting next_dagrun for example_short_circuit_operator to 2026-04-30 00:00:00+00:00, run_after=2026-05-01 00:00:00+00:00
[2026-05-01T00:02:34.741+0000] {processor.py:183} INFO - Processing /home/airflow/.local/lib/python3.12/site-packages/airflow/example_dags/example_short_circuit_operator.py took 0.035 seconds
[2026-05-01T00:03:05.562+0000] {processor.py:161} INFO - Started process (PID=55280) to work on /home/airflow/.local/lib/python3.12/site-packages/airflow/example_dags/example_short_circuit_operator.py
[2026-05-01T00:03:05.563+0000] {processor.py:830} INFO - Processing file /home/airflow/.local/lib/python3.12/site-packages/airflow/example_dags/example_short_circuit_operator.py for tasks to queue
[2026-05-01T00:03:05.564+0000] {logging_mixin.py:188} INFO - [2026-05-01T00:03:05.564+0000] {dagbag.py:545} INFO - Filling up the DagBag from /home/airflow/.local/lib/python3.12/site-packages/airflow/example_dags/example_short_circuit_operator.py
[2026-05-01T00:03:05.566+0000] {processor.py:840} INFO - DAG(s) 'example_short_circuit_operator' retrieved from /home/airflow/.local/lib/python3.12/site-packages/airflow/example_dags/example_short_circuit_operator.py
[2026-05-01T00:03:05.582+0000] {logging_mixin.py:188} INFO - [2026-05-01T00:03:05.581+0000] {dag.py:3089} INFO - Sync 1 DAGs
[2026-05-01T00:03:05.591+0000] {logging_mixin.py:188} INFO - [2026-05-01T00:03:05.591+0000] {dag.py:3947} INFO - Setting next_dagrun for example_short_circuit_operator to 2026-04-30 00:00:00+00:00, run_after=2026-05-01 00:00:00+00:00
[2026-05-01T00:03:05.597+0000] {processor.py:183} INFO - Processing /home/airflow/.local/lib/python3.12/site-packages/airflow/example_dags/example_short_circuit_operator.py took 0.037 seconds
[2026-05-01T00:03:36.293+0000] {processor.py:161} INFO - Started process (PID=55340) to work on /home/airflow/.local/lib/python3.12/site-packages/airflow/example_dags/example_short_circuit_operator.py
[2026-05-01T00:03:36.294+0000] {processor.py:830} INFO - Processing file /home/airflow/.local/lib/python3.12/site-packages/airflow/example_dags/example_short_circuit_operator.py for tasks to queue
[2026-05-01T00:03:36.294+0000] {logging_mixin.py:188} INFO - [2026-05-01T00:03:36.294+0000] {dagbag.py:545} INFO - Filling up the DagBag from /home/airflow/.local/lib/python3.12/site-packages/airflow/example_dags/example_short_circuit_operator.py
[2026-05-01T00:03:36.297+0000] {processor.py:840} INFO - DAG(s) 'example_short_circuit_operator' retrieved from /home/airflow/.local/lib/python3.12/site-packages/airflow/example_dags/example_short_circuit_operator.py
[2026-05-01T00:03:36.304+0000] {logging_mixin.py:188} INFO - [2026-05-01T00:03:36.304+0000] {dag.py:3089} INFO - Sync 1 DAGs
[2026-05-01T00:03:36.310+0000] {logging_mixin.py:188} INFO - [2026-05-01T00:03:36.310+0000] {dag.py:3947} INFO - Setting next_dagrun for example_short_circuit_operator to 2026-04-30 00:00:00+00:00, run_after=2026-05-01 00:00:00+00:00
[2026-05-01T00:03:36.316+0000] {processor.py:183} INFO - Processing /home/airflow/.local/lib/python3.12/site-packages/airflow/example_dags/example_short_circuit_operator.py took 0.025 seconds
[2026-05-01T00:04:07.026+0000] {processor.py:161} INFO - Started process (PID=55400) to work on /home/airflow/.local/lib/python3.12/site-packages/airflow/example_dags/example_short_circuit_operator.py
[2026-05-01T00:04:07.027+0000] {processor.py:830} INFO - Processing file /home/airflow/.local/lib/python3.12/site-packages/airflow/example_dags/example_short_circuit_operator.py for tasks to queue
[2026-05-01T00:04:07.028+0000] {logging_mixin.py:188} INFO - [2026-05-01T00:04:07.028+0000] {dagbag.py:545} INFO - Filling up the DagBag from /home/airflow/.local/lib/python3.12/site-packages/airflow/example_dags/example_short_circuit_operator.py
[2026-05-01T00:04:07.031+0000] {processor.py:840} INFO - DAG(s) 'example_short_circuit_operator' retrieved from /home/airflow/.local/lib/python3.12/site-packages/airflow/example_dags/example_short_circuit_operator.py
[2026-05-01T00:04:07.042+0000] {logging_mixin.py:188} INFO - [2026-05-01T00:04:07.042+0000] {dag.py:3089} INFO - Sync 1 DAGs
[2026-05-01T00:04:07.049+0000] {logging_mixin.py:188} INFO - [2026-05-01T00:04:07.049+0000] {dag.py:3947} INFO - Setting next_dagrun for example_short_circuit_operator to 2026-04-30 00:00:00+00:00, run_after=2026-05-01 00:00:00+00:00
[2026-05-01T00:04:07.056+0000] {processor.py:183} INFO - Processing /home/airflow/.local/lib/python3.12/site-packages/airflow/example_dags/example_short_circuit_operator.py took 0.032 seconds
[2026-05-01T00:04:37.724+0000] {processor.py:161} INFO - Started process (PID=55460) to work on /home/airflow/.local/lib/python3.12/site-packages/airflow/example_dags/example_short_circuit_operator.py
[2026-05-01T00:04:37.725+0000] {processor.py:830} INFO - Processing file /home/airflow/.local/lib/python3.12/site-packages/airflow/example_dags/example_short_circuit_operator.py for tasks to queue
[2026-05-01T00:04:37.725+0000] {logging_mixin.py:188} INFO - [2026-05-01T00:04:37.725+0000] {dagbag.py:545} INFO - Filling up the DagBag from /home/airflow/.local/lib/python3.12/site-packages/airflow/example_dags/example_short_circuit_operator.py
[2026-05-01T00:04:37.728+0000] {processor.py:840} INFO - DAG(s) 'example_short_circuit_operator' retrieved from /home/airflow/.local/lib/python3.12/site-packages/airflow/example_dags/example_short_circuit_operator.py
[2026-05-01T00:04:37.741+0000] {logging_mixin.py:188} INFO - [2026-05-01T00:04:37.741+0000] {dag.py:3089} INFO - Sync 1 DAGs
[2026-05-01T00:04:37.750+0000] {logging_mixin.py:188} INFO - [2026-05-01T00:04:37.750+0000] {dag.py:3947} INFO - Setting next_dagrun for example_short_circuit_operator to 2026-04-30 00:00:00+00:00, run_after=2026-05-01 00:00:00+00:00
[2026-05-01T00:04:37.758+0000] {processor.py:183} INFO - Processing /home/airflow/.local/lib/python3.12/site-packages/airflow/example_dags/example_short_circuit_operator.py took 0.036 seconds
[2026-05-01T00:05:08.485+0000] {processor.py:161} INFO - Started process (PID=55521) to work on /home/airflow/.local/lib/python3.12/site-packages/airflow/example_dags/example_short_circuit_operator.py
[2026-05-01T00:05:08.486+0000] {processor.py:830} INFO - Processing file /home/airflow/.local/lib/python3.12/site-packages/airflow/example_dags/example_short_circuit_operator.py for tasks to queue
[2026-05-01T00:05:08.487+0000] {logging_mixin.py:188} INFO - [2026-05-01T00:05:08.487+0000] {dagbag.py:545} INFO - Filling up the DagBag from /home/airflow/.local/lib/python3.12/site-packages/airflow/example_dags/example_short_circuit_operator.py
[2026-05-01T00:05:08.490+0000] {processor.py:840} INFO - DAG(s) 'example_short_circuit_operator' retrieved from /home/airflow/.local/lib/python3.12/site-packages/airflow/example_dags/example_short_circuit_operator.py
[2026-05-01T00:05:08.501+0000] {logging_mixin.py:188} INFO - [2026-05-01T00:05:08.501+0000] {dag.py:3089} INFO - Sync 1 DAGs
[2026-05-01T00:05:08.509+0000] {logging_mixin.py:188} INFO - [2026-05-01T00:05:08.509+0000] {dag.py:3947} INFO - Setting next_dagrun for example_short_circuit_operator to 2026-04-30 00:00:00+00:00, run_after=2026-05-01 00:00:00+00:00
[2026-05-01T00:05:08.517+0000] {processor.py:183} INFO - Processing /home/airflow/.local/lib/python3.12/site-packages/airflow/example_dags/example_short_circuit_operator.py took 0.035 seconds
[2026-05-01T00:05:39.268+0000] {processor.py:161} INFO - Started process (PID=55581) to work on /home/airflow/.local/lib/python3.12/site-packages/airflow/example_dags/example_short_circuit_operator.py
[2026-05-01T00:05:39.269+0000] {processor.py:830} INFO - Processing file /home/airflow/.local/lib/python3.12/site-packages/airflow/example_dags/example_short_circuit_operator.py for tasks to queue
[2026-05-01T00:05:39.270+0000] {logging_mixin.py:188} INFO - [2026-05-01T00:05:39.269+0000] {dagbag.py:545} INFO - Filling up the DagBag from /home/airflow/.local/lib/python3.12/site-packages/airflow/example_dags/example_short_circuit_operator.py
[2026-05-01T00:05:39.272+0000] {processor.py:840} INFO - DAG(s) 'example_short_circuit_operator' retrieved from /home/airflow/.local/lib/python3.12/site-packages/airflow/example_dags/example_short_circuit_operator.py
[2026-05-01T00:05:39.282+0000] {logging_mixin.py:188} INFO - [2026-05-01T00:05:39.282+0000] {dag.py:3089} INFO - Sync 1 DAGs
[2026-05-01T00:05:39.292+0000] {logging_mixin.py:188} INFO - [2026-05-01T00:05:39.292+0000] {dag.py:3947} INFO - Setting next_dagrun for example_short_circuit_operator to 2026-04-30 00:00:00+00:00, run_after=2026-05-01 00:00:00+00:00
[2026-05-01T00:05:39.301+0000] {processor.py:183} INFO - Processing /home/airflow/.local/lib/python3.12/site-packages/airflow/example_dags/example_short_circuit_operator.py took 0.035 seconds
[2026-05-01T00:06:10.032+0000] {processor.py:161} INFO - Started process (PID=55641) to work on /home/airflow/.local/lib/python3.12/site-packages/airflow/example_dags/example_short_circuit_operator.py
[2026-05-01T00:06:10.032+0000] {processor.py:830} INFO - Processing file /home/airflow/.local/lib/python3.12/site-packages/airflow/example_dags/example_short_circuit_operator.py for tasks to queue
[2026-05-01T00:06:10.033+0000] {logging_mixin.py:188} INFO - [2026-05-01T00:06:10.033+0000] {dagbag.py:545} INFO - Filling up the DagBag from /home/airflow/.local/lib/python3.12/site-packages/airflow/example_dags/example_short_circuit_operator.py
[2026-05-01T00:06:10.037+0000] {processor.py:840} INFO - DAG(s) 'example_short_circuit_operator' retrieved from /home/airflow/.local/lib/python3.12/site-packages/airflow/example_dags/example_short_circuit_operator.py
[2026-05-01T00:06:10.048+0000] {logging_mixin.py:188} INFO - [2026-05-01T00:06:10.048+0000] {dag.py:3089} INFO - Sync 1 DAGs
[2026-05-01T00:06:10.057+0000] {logging_mixin.py:188} INFO - [2026-05-01T00:06:10.057+0000] {dag.py:3947} INFO - Setting next_dagrun for example_short_circuit_operator to 2026-04-30 00:00:00+00:00, run_after=2026-05-01 00:00:00+00:00
[2026-05-01T00:06:10.065+0000] {processor.py:183} INFO - Processing /home/airflow/.local/lib/python3.12/site-packages/airflow/example_dags/example_short_circuit_operator.py took 0.035 seconds
[2026-05-01T00:06:40.781+0000] {processor.py:161} INFO - Started process (PID=55701) to work on /home/airflow/.local/lib/python3.12/site-packages/airflow/example_dags/example_short_circuit_operator.py
[2026-05-01T00:06:40.781+0000] {processor.py:830} INFO - Processing file /home/airflow/.local/lib/python3.12/site-packages/airflow/example_dags/example_short_circuit_operator.py for tasks to queue
[2026-05-01T00:06:40.782+0000] {logging_mixin.py:188} INFO - [2026-05-01T00:06:40.782+0000] {dagbag.py:545} INFO - Filling up the DagBag from /home/airflow/.local/lib/python3.12/site-packages/airflow/example_dags/example_short_circuit_operator.py
[2026-05-01T00:06:40.785+0000] {processor.py:840} INFO - DAG(s) 'example_short_circuit_operator' retrieved from /home/airflow/.local/lib/python3.12/site-packages/airflow/example_dags/example_short_circuit_operator.py
[2026-05-01T00:06:40.794+0000] {logging_mixin.py:188} INFO - [2026-05-01T00:06:40.794+0000] {dag.py:3089} INFO - Sync 1 DAGs
[2026-05-01T00:06:40.802+0000] {logging_mixin.py:188} INFO - [2026-05-01T00:06:40.802+0000] {dag.py:3947} INFO - Setting next_dagrun for example_short_circuit_operator to 2026-04-30 00:00:00+00:00, run_after=2026-05-01 00:00:00+00:00
[2026-05-01T00:06:40.869+0000] {processor.py:183} INFO - Processing /home/airflow/.local/lib/python3.12/site-packages/airflow/example_dags/example_short_circuit_operator.py took 0.090 seconds
[2026-05-01T00:07:11.646+0000] {processor.py:161} INFO - Started process (PID=55761) to work on /home/airflow/.local/lib/python3.12/site-packages/airflow/example_dags/example_short_circuit_operator.py
[2026-05-01T00:07:11.646+0000] {processor.py:830} INFO - Processing file /home/airflow/.local/lib/python3.12/site-packages/airflow/example_dags/example_short_circuit_operator.py for tasks to queue
[2026-05-01T00:07:11.647+0000] {logging_mixin.py:188} INFO - [2026-05-01T00:07:11.647+0000] {dagbag.py:545} INFO - Filling up the DagBag from /home/airflow/.local/lib/python3.12/site-packages/airflow/example_dags/example_short_circuit_operator.py
[2026-05-01T00:07:11.650+0000] {processor.py:840} INFO - DAG(s) 'example_short_circuit_operator' retrieved from /home/airflow/.local/lib/python3.12/site-packages/airflow/example_dags/example_short_circuit_operator.py
[2026-05-01T00:07:11.657+0000] {logging_mixin.py:188} INFO - [2026-05-01T00:07:11.657+0000] {dag.py:3089} INFO - Sync 1 DAGs
[2026-05-01T00:07:11.664+0000] {logging_mixin.py:188} INFO - [2026-05-01T00:07:11.663+0000] {dag.py:3947} INFO - Setting next_dagrun for example_short_circuit_operator to 2026-04-30 00:00:00+00:00, run_after=2026-05-01 00:00:00+00:00
[2026-05-01T00:07:11.669+0000] {processor.py:183} INFO - Processing /home/airflow/.local/lib/python3.12/site-packages/airflow/example_dags/example_short_circuit_operator.py took 0.025 seconds
[2026-05-01T00:07:41.957+0000] {processor.py:161} INFO - Started process (PID=55821) to work on /home/airflow/.local/lib/python3.12/site-packages/airflow/example_dags/example_short_circuit_operator.py
[2026-05-01T00:07:41.958+0000] {processor.py:830} INFO - Processing file /home/airflow/.local/lib/python3.12/site-packages/airflow/example_dags/example_short_circuit_operator.py for tasks to queue
[2026-05-01T00:07:41.959+0000] {logging_mixin.py:188} INFO - [2026-05-01T00:07:41.959+0000] {dagbag.py:545} INFO - Filling up the DagBag from /home/airflow/.local/lib/python3.12/site-packages/airflow/example_dags/example_short_circuit_operator.py
[2026-05-01T00:07:41.962+0000] {processor.py:840} INFO - DAG(s) 'example_short_circuit_operator' retrieved from /home/airflow/.local/lib/python3.12/site-packages/airflow/example_dags/example_short_circuit_operator.py
[2026-05-01T00:07:41.974+0000] {logging_mixin.py:188} INFO - [2026-05-01T00:07:41.974+0000] {dag.py:3089} INFO - Sync 1 DAGs
[2026-05-01T00:07:41.985+0000] {logging_mixin.py:188} INFO - [2026-05-01T00:07:41.985+0000] {dag.py:3947} INFO - Setting next_dagrun for example_short_circuit_operator to 2026-04-30 00:00:00+00:00, run_after=2026-05-01 00:00:00+00:00
[2026-05-01T00:07:41.993+0000] {processor.py:183} INFO - Processing /home/airflow/.local/lib/python3.12/site-packages/airflow/example_dags/example_short_circuit_operator.py took 0.038 seconds
[2026-05-01T00:08:12.440+0000] {processor.py:161} INFO - Started process (PID=55881) to work on /home/airflow/.local/lib/python3.12/site-packages/airflow/example_dags/example_short_circuit_operator.py
[2026-05-01T00:08:12.440+0000] {processor.py:830} INFO - Processing file /home/airflow/.local/lib/python3.12/site-packages/airflow/example_dags/example_short_circuit_operator.py for tasks to queue
[2026-05-01T00:08:12.441+0000] {logging_mixin.py:188} INFO - [2026-05-01T00:08:12.441+0000] {dagbag.py:545} INFO - Filling up the DagBag from /home/airflow/.local/lib/python3.12/site-packages/airflow/example_dags/example_short_circuit_operator.py
[2026-05-01T00:08:12.444+0000] {processor.py:840} INFO - DAG(s) 'example_short_circuit_operator' retrieved from /home/airflow/.local/lib/python3.12/site-packages/airflow/example_dags/example_short_circuit_operator.py
[2026-05-01T00:08:12.453+0000] {logging_mixin.py:188} INFO - [2026-05-01T00:08:12.453+0000] {dag.py:3089} INFO - Sync 1 DAGs
[2026-05-01T00:08:12.460+0000] {logging_mixin.py:188} INFO - [2026-05-01T00:08:12.460+0000] {dag.py:3947} INFO - Setting next_dagrun for example_short_circuit_operator to 2026-04-30 00:00:00+00:00, run_after=2026-05-01 00:00:00+00:00
[2026-05-01T00:08:12.469+0000] {processor.py:183} INFO - Processing /home/airflow/.local/lib/python3.12/site-packages/airflow/example_dags/example_short_circuit_operator.py took 0.032 seconds
[2026-05-01T00:08:43.148+0000] {processor.py:161} INFO - Started process (PID=55942) to work on /home/airflow/.local/lib/python3.12/site-packages/airflow/example_dags/example_short_circuit_operator.py
[2026-05-01T00:08:43.148+0000] {processor.py:830} INFO - Processing file /home/airflow/.local/lib/python3.12/site-packages/airflow/example_dags/example_short_circuit_operator.py for tasks to queue
[2026-05-01T00:08:43.149+0000] {logging_mixin.py:188} INFO - [2026-05-01T00:08:43.149+0000] {dagbag.py:545} INFO - Filling up the DagBag from /home/airflow/.local/lib/python3.12/site-packages/airflow/example_dags/example_short_circuit_operator.py
[2026-05-01T00:08:43.152+0000] {processor.py:840} INFO - DAG(s) 'example_short_circuit_operator' retrieved from /home/airflow/.local/lib/python3.12/site-packages/airflow/example_dags/example_short_circuit_operator.py
[2026-05-01T00:08:43.161+0000] {logging_mixin.py:188} INFO - [2026-05-01T00:08:43.160+0000] {dag.py:3089} INFO - Sync 1 DAGs
[2026-05-01T00:08:43.168+0000] {logging_mixin.py:188} INFO - [2026-05-01T00:08:43.168+0000] {dag.py:3947} INFO - Setting next_dagrun for example_short_circuit_operator to 2026-04-30 00:00:00+00:00, run_after=2026-05-01 00:00:00+00:00
[2026-05-01T00:08:43.174+0000] {processor.py:183} INFO - Processing /home/airflow/.local/lib/python3.12/site-packages/airflow/example_dags/example_short_circuit_operator.py took 0.029 seconds
[2026-05-01T00:09:13.350+0000] {processor.py:161} INFO - Started process (PID=56002) to work on /home/airflow/.local/lib/python3.12/site-packages/airflow/example_dags/example_short_circuit_operator.py
[2026-05-01T00:09:13.351+0000] {processor.py:830} INFO - Processing file /home/airflow/.local/lib/python3.12/site-packages/airflow/example_dags/example_short_circuit_operator.py for tasks to queue
[2026-05-01T00:09:13.351+0000] {logging_mixin.py:188} INFO - [2026-05-01T00:09:13.351+0000] {dagbag.py:545} INFO - Filling up the DagBag from /home/airflow/.local/lib/python3.12/site-packages/airflow/example_dags/example_short_circuit_operator.py
[2026-05-01T00:09:13.354+0000] {processor.py:840} INFO - DAG(s) 'example_short_circuit_operator' retrieved from /home/airflow/.local/lib/python3.12/site-packages/airflow/example_dags/example_short_circuit_operator.py
[2026-05-01T00:09:13.362+0000] {logging_mixin.py:188} INFO - [2026-05-01T00:09:13.361+0000] {dag.py:3089} INFO - Sync 1 DAGs
[2026-05-01T00:09:13.368+0000] {logging_mixin.py:188} INFO - [2026-05-01T00:09:13.368+0000] {dag.py:3947} INFO - Setting next_dagrun for example_short_circuit_operator to 2026-04-30 00:00:00+00:00, run_after=2026-05-01 00:00:00+00:00
[2026-05-01T00:09:13.374+0000] {processor.py:183} INFO - Processing /home/airflow/.local/lib/python3.12/site-packages/airflow/example_dags/example_short_circuit_operator.py took 0.026 seconds
[2026-05-01T00:09:44.103+0000] {processor.py:161} INFO - Started process (PID=56062) to work on /home/airflow/.local/lib/python3.12/site-packages/airflow/example_dags/example_short_circuit_operator.py
[2026-05-01T00:09:44.103+0000] {processor.py:830} INFO - Processing file /home/airflow/.local/lib/python3.12/site-packages/airflow/example_dags/example_short_circuit_operator.py for tasks to queue
[2026-05-01T00:09:44.105+0000] {logging_mixin.py:188} INFO - [2026-05-01T00:09:44.105+0000] {dagbag.py:545} INFO - Filling up the DagBag from /home/airflow/.local/lib/python3.12/site-packages/airflow/example_dags/example_short_circuit_operator.py
[2026-05-01T00:09:44.108+0000] {processor.py:840} INFO - DAG(s) 'example_short_circuit_operator' retrieved from /home/airflow/.local/lib/python3.12/site-packages/airflow/example_dags/example_short_circuit_operator.py
[2026-05-01T00:09:44.121+0000] {logging_mixin.py:188} INFO - [2026-05-01T00:09:44.121+0000] {dag.py:3089} INFO - Sync 1 DAGs
[2026-05-01T00:09:44.130+0000] {logging_mixin.py:188} INFO - [2026-05-01T00:09:44.130+0000] {dag.py:3947} INFO - Setting next_dagrun for example_short_circuit_operator to 2026-04-30 00:00:00+00:00, run_after=2026-05-01 00:00:00+00:00
[2026-05-01T00:09:44.138+0000] {processor.py:183} INFO - Processing /home/airflow/.local/lib/python3.12/site-packages/airflow/example_dags/example_short_circuit_operator.py took 0.038 seconds
[2026-05-01T00:10:14.824+0000] {processor.py:161} INFO - Started process (PID=56122) to work on /home/airflow/.local/lib/python3.12/site-packages/airflow/example_dags/example_short_circuit_operator.py
[2026-05-01T00:10:14.825+0000] {processor.py:830} INFO - Processing file /home/airflow/.local/lib/python3.12/site-packages/airflow/example_dags/example_short_circuit_operator.py for tasks to queue
[2026-05-01T00:10:14.826+0000] {logging_mixin.py:188} INFO - [2026-05-01T00:10:14.825+0000] {dagbag.py:545} INFO - Filling up the DagBag from /home/airflow/.local/lib/python3.12/site-packages/airflow/example_dags/example_short_circuit_operator.py
[2026-05-01T00:10:14.828+0000] {processor.py:840} INFO - DAG(s) 'example_short_circuit_operator' retrieved from /home/airflow/.local/lib/python3.12/site-packages/airflow/example_dags/example_short_circuit_operator.py
[2026-05-01T00:10:14.835+0000] {logging_mixin.py:188} INFO - [2026-05-01T00:10:14.835+0000] {dag.py:3089} INFO - Sync 1 DAGs
[2026-05-01T00:10:14.842+0000] {logging_mixin.py:188} INFO - [2026-05-01T00:10:14.842+0000] {dag.py:3947} INFO - Setting next_dagrun for example_short_circuit_operator to 2026-04-30 00:00:00+00:00, run_after=2026-05-01 00:00:00+00:00
[2026-05-01T00:10:14.847+0000] {processor.py:183} INFO - Processing /home/airflow/.local/lib/python3.12/site-packages/airflow/example_dags/example_short_circuit_operator.py took 0.024 seconds
[2026-05-01T00:10:45.570+0000] {processor.py:161} INFO - Started process (PID=56182) to work on /home/airflow/.local/lib/python3.12/site-packages/airflow/example_dags/example_short_circuit_operator.py
[2026-05-01T00:10:45.570+0000] {processor.py:830} INFO - Processing file /home/airflow/.local/lib/python3.12/site-packages/airflow/example_dags/example_short_circuit_operator.py for tasks to queue
[2026-05-01T00:10:45.571+0000] {logging_mixin.py:188} INFO - [2026-05-01T00:10:45.571+0000] {dagbag.py:545} INFO - Filling up the DagBag from /home/airflow/.local/lib/python3.12/site-packages/airflow/example_dags/example_short_circuit_operator.py
[2026-05-01T00:10:45.574+0000] {processor.py:840} INFO - DAG(s) 'example_short_circuit_operator' retrieved from /home/airflow/.local/lib/python3.12/site-packages/airflow/example_dags/example_short_circuit_operator.py
[2026-05-01T00:10:45.589+0000] {logging_mixin.py:188} INFO - [2026-05-01T00:10:45.589+0000] {dag.py:3089} INFO - Sync 1 DAGs
[2026-05-01T00:10:45.596+0000] {logging_mixin.py:188} INFO - [2026-05-01T00:10:45.596+0000] {dag.py:3947} INFO - Setting next_dagrun for example_short_circuit_operator to 2026-04-30 00:00:00+00:00, run_after=2026-05-01 00:00:00+00:00
[2026-05-01T00:10:45.605+0000] {processor.py:183} INFO - Processing /home/airflow/.local/lib/python3.12/site-packages/airflow/example_dags/example_short_circuit_operator.py took 0.038 seconds
[2026-05-01T00:11:15.703+0000] {processor.py:161} INFO - Started process (PID=56242) to work on /home/airflow/.local/lib/python3.12/site-packages/airflow/example_dags/example_short_circuit_operator.py
[2026-05-01T00:11:15.703+0000] {processor.py:830} INFO - Processing file /home/airflow/.local/lib/python3.12/site-packages/airflow/example_dags/example_short_circuit_operator.py for tasks to queue
[2026-05-01T00:11:15.704+0000] {logging_mixin.py:188} INFO - [2026-05-01T00:11:15.704+0000] {dagbag.py:545} INFO - Filling up the DagBag from /home/airflow/.local/lib/python3.12/site-packages/airflow/example_dags/example_short_circuit_operator.py
[2026-05-01T00:11:15.707+0000] {processor.py:840} INFO - DAG(s) 'example_short_circuit_operator' retrieved from /home/airflow/.local/lib/python3.12/site-packages/airflow/example_dags/example_short_circuit_operator.py
[2026-05-01T00:11:15.714+0000] {logging_mixin.py:188} INFO - [2026-05-01T00:11:15.714+0000] {dag.py:3089} INFO - Sync 1 DAGs
[2026-05-01T00:11:15.721+0000] {logging_mixin.py:188} INFO - [2026-05-01T00:11:15.721+0000] {dag.py:3947} INFO - Setting next_dagrun for example_short_circuit_operator to 2026-04-30 00:00:00+00:00, run_after=2026-05-01 00:00:00+00:00
[2026-05-01T00:11:15.726+0000] {processor.py:183} INFO - Processing /home/airflow/.local/lib/python3.12/site-packages/airflow/example_dags/example_short_circuit_operator.py took 0.025 seconds
[2026-05-01T00:11:46.384+0000] {processor.py:161} INFO - Started process (PID=56302) to work on /home/airflow/.local/lib/python3.12/site-packages/airflow/example_dags/example_short_circuit_operator.py
[2026-05-01T00:11:46.384+0000] {processor.py:830} INFO - Processing file /home/airflow/.local/lib/python3.12/site-packages/airflow/example_dags/example_short_circuit_operator.py for tasks to queue
[2026-05-01T00:11:46.385+0000] {logging_mixin.py:188} INFO - [2026-05-01T00:11:46.385+0000] {dagbag.py:545} INFO - Filling up the DagBag from /home/airflow/.local/lib/python3.12/site-packages/airflow/example_dags/example_short_circuit_operator.py
[2026-05-01T00:11:46.388+0000] {processor.py:840} INFO - DAG(s) 'example_short_circuit_operator' retrieved from /home/airflow/.local/lib/python3.12/site-packages/airflow/example_dags/example_short_circuit_operator.py
[2026-05-01T00:11:46.395+0000] {logging_mixin.py:188} INFO - [2026-05-01T00:11:46.395+0000] {dag.py:3089} INFO - Sync 1 DAGs
[2026-05-01T00:11:46.401+0000] {logging_mixin.py:188} INFO - [2026-05-01T00:11:46.401+0000] {dag.py:3947} INFO - Setting next_dagrun for example_short_circuit_operator to 2026-04-30 00:00:00+00:00, run_after=2026-05-01 00:00:00+00:00
[2026-05-01T00:11:46.407+0000] {processor.py:183} INFO - Processing /home/airflow/.local/lib/python3.12/site-packages/airflow/example_dags/example_short_circuit_operator.py took 0.025 seconds
[2026-05-01T00:12:17.059+0000] {processor.py:161} INFO - Started process (PID=56362) to work on /home/airflow/.local/lib/python3.12/site-packages/airflow/example_dags/example_short_circuit_operator.py
[2026-05-01T00:12:17.060+0000] {processor.py:830} INFO - Processing file /home/airflow/.local/lib/python3.12/site-packages/airflow/example_dags/example_short_circuit_operator.py for tasks to queue
[2026-05-01T00:12:17.061+0000] {logging_mixin.py:188} INFO - [2026-05-01T00:12:17.061+0000] {dagbag.py:545} INFO - Filling up the DagBag from /home/airflow/.local/lib/python3.12/site-packages/airflow/example_dags/example_short_circuit_operator.py
[2026-05-01T00:12:17.064+0000] {processor.py:840} INFO - DAG(s) 'example_short_circuit_operator' retrieved from /home/airflow/.local/lib/python3.12/site-packages/airflow/example_dags/example_short_circuit_operator.py
[2026-05-01T00:12:17.074+0000] {logging_mixin.py:188} INFO - [2026-05-01T00:12:17.074+0000] {dag.py:3089} INFO - Sync 1 DAGs
[2026-05-01T00:12:17.083+0000] {logging_mixin.py:188} INFO - [2026-05-01T00:12:17.083+0000] {dag.py:3947} INFO - Setting next_dagrun for example_short_circuit_operator to 2026-04-30 00:00:00+00:00, run_after=2026-05-01 00:00:00+00:00
[2026-05-01T00:12:17.091+0000] {processor.py:183} INFO - Processing /home/airflow/.local/lib/python3.12/site-packages/airflow/example_dags/example_short_circuit_operator.py took 0.034 seconds
[2026-05-01T00:12:47.680+0000] {processor.py:161} INFO - Started process (PID=56422) to work on /home/airflow/.local/lib/python3.12/site-packages/airflow/example_dags/example_short_circuit_operator.py
[2026-05-01T00:12:47.681+0000] {processor.py:830} INFO - Processing file /home/airflow/.local/lib/python3.12/site-packages/airflow/example_dags/example_short_circuit_operator.py for tasks to queue
[2026-05-01T00:12:47.683+0000] {logging_mixin.py:188} INFO - [2026-05-01T00:12:47.683+0000] {dagbag.py:545} INFO - Filling up the DagBag from /home/airflow/.local/lib/python3.12/site-packages/airflow/example_dags/example_short_circuit_operator.py
[2026-05-01T00:12:47.686+0000] {processor.py:840} INFO - DAG(s) 'example_short_circuit_operator' retrieved from /home/airflow/.local/lib/python3.12/site-packages/airflow/example_dags/example_short_circuit_operator.py
[2026-05-01T00:12:47.702+0000] {logging_mixin.py:188} INFO - [2026-05-01T00:12:47.702+0000] {dag.py:3089} INFO - Sync 1 DAGs
[2026-05-01T00:12:47.711+0000] {logging_mixin.py:188} INFO - [2026-05-01T00:12:47.711+0000] {dag.py:3947} INFO - Setting next_dagrun for example_short_circuit_operator to 2026-04-30 00:00:00+00:00, run_after=2026-05-01 00:00:00+00:00
[2026-05-01T00:12:47.716+0000] {processor.py:183} INFO - Processing /home/airflow/.local/lib/python3.12/site-packages/airflow/example_dags/example_short_circuit_operator.py took 0.039 seconds
[2026-05-01T00:13:18.547+0000] {processor.py:161} INFO - Started process (PID=56482) to work on /home/airflow/.local/lib/python3.12/site-packages/airflow/example_dags/example_short_circuit_operator.py
[2026-05-01T00:13:18.547+0000] {processor.py:830} INFO - Processing file /home/airflow/.local/lib/python3.12/site-packages/airflow/example_dags/example_short_circuit_operator.py for tasks to queue
[2026-05-01T00:13:18.548+0000] {logging_mixin.py:188} INFO - [2026-05-01T00:13:18.548+0000] {dagbag.py:545} INFO - Filling up the DagBag from /home/airflow/.local/lib/python3.12/site-packages/airflow/example_dags/example_short_circuit_operator.py
[2026-05-01T00:13:18.551+0000] {processor.py:840} INFO - DAG(s) 'example_short_circuit_operator' retrieved from /home/airflow/.local/lib/python3.12/site-packages/airflow/example_dags/example_short_circuit_operator.py
[2026-05-01T00:13:18.559+0000] {logging_mixin.py:188} INFO - [2026-05-01T00:13:18.559+0000] {dag.py:3089} INFO - Sync 1 DAGs
[2026-05-01T00:13:18.565+0000] {logging_mixin.py:188} INFO - [2026-05-01T00:13:18.565+0000] {dag.py:3947} INFO - Setting next_dagrun for example_short_circuit_operator to 2026-04-30 00:00:00+00:00, run_after=2026-05-01 00:00:00+00:00
[2026-05-01T00:13:18.571+0000] {processor.py:183} INFO - Processing /home/airflow/.local/lib/python3.12/site-packages/airflow/example_dags/example_short_circuit_operator.py took 0.026 seconds
[2026-05-01T00:13:48.933+0000] {processor.py:161} INFO - Started process (PID=56542) to work on /home/airflow/.local/lib/python3.12/site-packages/airflow/example_dags/example_short_circuit_operator.py
[2026-05-01T00:13:48.934+0000] {processor.py:830} INFO - Processing file /home/airflow/.local/lib/python3.12/site-packages/airflow/example_dags/example_short_circuit_operator.py for tasks to queue
[2026-05-01T00:13:48.934+0000] {logging_mixin.py:188} INFO - [2026-05-01T00:13:48.934+0000] {dagbag.py:545} INFO - Filling up the DagBag from /home/airflow/.local/lib/python3.12/site-packages/airflow/example_dags/example_short_circuit_operator.py
[2026-05-01T00:13:48.938+0000] {processor.py:840} INFO - DAG(s) 'example_short_circuit_operator' retrieved from /home/airflow/.local/lib/python3.12/site-packages/airflow/example_dags/example_short_circuit_operator.py
[2026-05-01T00:13:48.950+0000] {logging_mixin.py:188} INFO - [2026-05-01T00:13:48.950+0000] {dag.py:3089} INFO - Sync 1 DAGs
[2026-05-01T00:13:48.958+0000] {logging_mixin.py:188} INFO - [2026-05-01T00:13:48.958+0000] {dag.py:3947} INFO - Setting next_dagrun for example_short_circuit_operator to 2026-04-30 00:00:00+00:00, run_after=2026-05-01 00:00:00+00:00
[2026-05-01T00:13:48.967+0000] {processor.py:183} INFO - Processing /home/airflow/.local/lib/python3.12/site-packages/airflow/example_dags/example_short_circuit_operator.py took 0.037 seconds
[2026-05-01T00:14:19.595+0000] {processor.py:161} INFO - Started process (PID=56602) to work on /home/airflow/.local/lib/python3.12/site-packages/airflow/example_dags/example_short_circuit_operator.py
[2026-05-01T00:14:19.595+0000] {processor.py:830} INFO - Processing file /home/airflow/.local/lib/python3.12/site-packages/airflow/example_dags/example_short_circuit_operator.py for tasks to queue
[2026-05-01T00:14:19.596+0000] {logging_mixin.py:188} INFO - [2026-05-01T00:14:19.596+0000] {dagbag.py:545} INFO - Filling up the DagBag from /home/airflow/.local/lib/python3.12/site-packages/airflow/example_dags/example_short_circuit_operator.py
[2026-05-01T00:14:19.599+0000] {processor.py:840} INFO - DAG(s) 'example_short_circuit_operator' retrieved from /home/airflow/.local/lib/python3.12/site-packages/airflow/example_dags/example_short_circuit_operator.py
[2026-05-01T00:14:19.610+0000] {logging_mixin.py:188} INFO - [2026-05-01T00:14:19.610+0000] {dag.py:3089} INFO - Sync 1 DAGs
[2026-05-01T00:14:19.620+0000] {logging_mixin.py:188} INFO - [2026-05-01T00:14:19.620+0000] {dag.py:3947} INFO - Setting next_dagrun for example_short_circuit_operator to 2026-04-30 00:00:00+00:00, run_after=2026-05-01 00:00:00+00:00
[2026-05-01T00:14:19.628+0000] {processor.py:183} INFO - Processing /home/airflow/.local/lib/python3.12/site-packages/airflow/example_dags/example_short_circuit_operator.py took 0.036 seconds
[2026-05-01T00:14:50.233+0000] {processor.py:161} INFO - Started process (PID=56662) to work on /home/airflow/.local/lib/python3.12/site-packages/airflow/example_dags/example_short_circuit_operator.py
[2026-05-01T00:14:50.234+0000] {processor.py:830} INFO - Processing file /home/airflow/.local/lib/python3.12/site-packages/airflow/example_dags/example_short_circuit_operator.py for tasks to queue
[2026-05-01T00:14:50.234+0000] {logging_mixin.py:188} INFO - [2026-05-01T00:14:50.234+0000] {dagbag.py:545} INFO - Filling up the DagBag from /home/airflow/.local/lib/python3.12/site-packages/airflow/example_dags/example_short_circuit_operator.py
[2026-05-01T00:14:50.237+0000] {processor.py:840} INFO - DAG(s) 'example_short_circuit_operator' retrieved from /home/airflow/.local/lib/python3.12/site-packages/airflow/example_dags/example_short_circuit_operator.py
[2026-05-01T00:14:50.245+0000] {logging_mixin.py:188} INFO - [2026-05-01T00:14:50.245+0000] {dag.py:3089} INFO - Sync 1 DAGs
[2026-05-01T00:14:50.251+0000] {logging_mixin.py:188} INFO - [2026-05-01T00:14:50.251+0000] {dag.py:3947} INFO - Setting next_dagrun for example_short_circuit_operator to 2026-04-30 00:00:00+00:00, run_after=2026-05-01 00:00:00+00:00
[2026-05-01T00:14:50.256+0000] {processor.py:183} INFO - Processing /home/airflow/.local/lib/python3.12/site-packages/airflow/example_dags/example_short_circuit_operator.py took 0.025 seconds
[2026-05-01T00:15:20.814+0000] {processor.py:161} INFO - Started process (PID=56722) to work on /home/airflow/.local/lib/python3.12/site-packages/airflow/example_dags/example_short_circuit_operator.py
[2026-05-01T00:15:20.815+0000] {processor.py:830} INFO - Processing file /home/airflow/.local/lib/python3.12/site-packages/airflow/example_dags/example_short_circuit_operator.py for tasks to queue
[2026-05-01T00:15:20.815+0000] {logging_mixin.py:188} INFO - [2026-05-01T00:15:20.815+0000] {dagbag.py:545} INFO - Filling up the DagBag from /home/airflow/.local/lib/python3.12/site-packages/airflow/example_dags/example_short_circuit_operator.py
[2026-05-01T00:15:20.818+0000] {processor.py:840} INFO - DAG(s) 'example_short_circuit_operator' retrieved from /home/airflow/.local/lib/python3.12/site-packages/airflow/example_dags/example_short_circuit_operator.py
[2026-05-01T00:15:20.825+0000] {logging_mixin.py:188} INFO - [2026-05-01T00:15:20.825+0000] {dag.py:3089} INFO - Sync 1 DAGs
[2026-05-01T00:15:20.832+0000] {logging_mixin.py:188} INFO - [2026-05-01T00:15:20.832+0000] {dag.py:3947} INFO - Setting next_dagrun for example_short_circuit_operator to 2026-04-30 00:00:00+00:00, run_after=2026-05-01 00:00:00+00:00
[2026-05-01T00:15:20.837+0000] {processor.py:183} INFO - Processing /home/airflow/.local/lib/python3.12/site-packages/airflow/example_dags/example_short_circuit_operator.py took 0.025 seconds
[2026-05-01T00:15:51.419+0000] {processor.py:161} INFO - Started process (PID=56782) to work on /home/airflow/.local/lib/python3.12/site-packages/airflow/example_dags/example_short_circuit_operator.py
[2026-05-01T00:15:51.421+0000] {processor.py:830} INFO - Processing file /home/airflow/.local/lib/python3.12/site-packages/airflow/example_dags/example_short_circuit_operator.py for tasks to queue
[2026-05-01T00:15:51.422+0000] {logging_mixin.py:188} INFO - [2026-05-01T00:15:51.422+0000] {dagbag.py:545} INFO - Filling up the DagBag from /home/airflow/.local/lib/python3.12/site-packages/airflow/example_dags/example_short_circuit_operator.py
[2026-05-01T00:15:51.425+0000] {processor.py:840} INFO - DAG(s) 'example_short_circuit_operator' retrieved from /home/airflow/.local/lib/python3.12/site-packages/airflow/example_dags/example_short_circuit_operator.py
[2026-05-01T00:15:51.440+0000] {logging_mixin.py:188} INFO - [2026-05-01T00:15:51.440+0000] {dag.py:3089} INFO - Sync 1 DAGs
[2026-05-01T00:15:51.450+0000] {logging_mixin.py:188} INFO - [2026-05-01T00:15:51.450+0000] {dag.py:3947} INFO - Setting next_dagrun for example_short_circuit_operator to 2026-04-30 00:00:00+00:00, run_after=2026-05-01 00:00:00+00:00
[2026-05-01T00:15:51.459+0000] {processor.py:183} INFO - Processing /home/airflow/.local/lib/python3.12/site-packages/airflow/example_dags/example_short_circuit_operator.py took 0.042 seconds
[2026-05-01T00:16:22.011+0000] {processor.py:161} INFO - Started process (PID=56842) to work on /home/airflow/.local/lib/python3.12/site-packages/airflow/example_dags/example_short_circuit_operator.py
[2026-05-01T00:16:22.012+0000] {processor.py:830} INFO - Processing file /home/airflow/.local/lib/python3.12/site-packages/airflow/example_dags/example_short_circuit_operator.py for tasks to queue
[2026-05-01T00:16:22.013+0000] {logging_mixin.py:188} INFO - [2026-05-01T00:16:22.013+0000] {dagbag.py:545} INFO - Filling up the DagBag from /home/airflow/.local/lib/python3.12/site-packages/airflow/example_dags/example_short_circuit_operator.py
[2026-05-01T00:16:22.016+0000] {processor.py:840} INFO - DAG(s) 'example_short_circuit_operator' retrieved from /home/airflow/.local/lib/python3.12/site-packages/airflow/example_dags/example_short_circuit_operator.py
[2026-05-01T00:16:22.025+0000] {logging_mixin.py:188} INFO - [2026-05-01T00:16:22.025+0000] {dag.py:3089} INFO - Sync 1 DAGs
[2026-05-01T00:16:22.035+0000] {logging_mixin.py:188} INFO - [2026-05-01T00:16:22.035+0000] {dag.py:3947} INFO - Setting next_dagrun for example_short_circuit_operator to 2026-04-30 00:00:00+00:00, run_after=2026-05-01 00:00:00+00:00
[2026-05-01T00:16:22.041+0000] {processor.py:183} INFO - Processing /home/airflow/.local/lib/python3.12/site-packages/airflow/example_dags/example_short_circuit_operator.py took 0.033 seconds
[2026-05-01T00:16:52.684+0000] {processor.py:161} INFO - Started process (PID=56902) to work on /home/airflow/.local/lib/python3.12/site-packages/airflow/example_dags/example_short_circuit_operator.py
[2026-05-01T00:16:52.685+0000] {processor.py:830} INFO - Processing file /home/airflow/.local/lib/python3.12/site-packages/airflow/example_dags/example_short_circuit_operator.py for tasks to queue
[2026-05-01T00:16:52.686+0000] {logging_mixin.py:188} INFO - [2026-05-01T00:16:52.685+0000] {dagbag.py:545} INFO - Filling up the DagBag from /home/airflow/.local/lib/python3.12/site-packages/airflow/example_dags/example_short_circuit_operator.py
[2026-05-01T00:16:52.688+0000] {processor.py:840} INFO - DAG(s) 'example_short_circuit_operator' retrieved from /home/airflow/.local/lib/python3.12/site-packages/airflow/example_dags/example_short_circuit_operator.py
[2026-05-01T00:16:52.697+0000] {logging_mixin.py:188} INFO - [2026-05-01T00:16:52.697+0000] {dag.py:3089} INFO - Sync 1 DAGs
[2026-05-01T00:16:52.705+0000] {logging_mixin.py:188} INFO - [2026-05-01T00:16:52.704+0000] {dag.py:3947} INFO - Setting next_dagrun for example_short_circuit_operator to 2026-04-30 00:00:00+00:00, run_after=2026-05-01 00:00:00+00:00
[2026-05-01T00:16:52.710+0000] {processor.py:183} INFO - Processing /home/airflow/.local/lib/python3.12/site-packages/airflow/example_dags/example_short_circuit_operator.py took 0.028 seconds
[2026-05-01T00:17:23.528+0000] {processor.py:161} INFO - Started process (PID=56962) to work on /home/airflow/.local/lib/python3.12/site-packages/airflow/example_dags/example_short_circuit_operator.py
[2026-05-01T00:17:23.528+0000] {processor.py:830} INFO - Processing file /home/airflow/.local/lib/python3.12/site-packages/airflow/example_dags/example_short_circuit_operator.py for tasks to queue
[2026-05-01T00:17:23.529+0000] {logging_mixin.py:188} INFO - [2026-05-01T00:17:23.529+0000] {dagbag.py:545} INFO - Filling up the DagBag from /home/airflow/.local/lib/python3.12/site-packages/airflow/example_dags/example_short_circuit_operator.py
[2026-05-01T00:17:23.532+0000] {processor.py:840} INFO - DAG(s) 'example_short_circuit_operator' retrieved from /home/airflow/.local/lib/python3.12/site-packages/airflow/example_dags/example_short_circuit_operator.py
[2026-05-01T00:17:23.543+0000] {logging_mixin.py:188} INFO - [2026-05-01T00:17:23.543+0000] {dag.py:3089} INFO - Sync 1 DAGs
[2026-05-01T00:17:23.552+0000] {logging_mixin.py:188} INFO - [2026-05-01T00:17:23.552+0000] {dag.py:3947} INFO - Setting next_dagrun for example_short_circuit_operator to 2026-04-30 00:00:00+00:00, run_after=2026-05-01 00:00:00+00:00
[2026-05-01T00:17:23.559+0000] {processor.py:183} INFO - Processing /home/airflow/.local/lib/python3.12/site-packages/airflow/example_dags/example_short_circuit_operator.py took 0.034 seconds
[2026-05-01T00:17:53.685+0000] {processor.py:161} INFO - Started process (PID=57021) to work on /home/airflow/.local/lib/python3.12/site-packages/airflow/example_dags/example_short_circuit_operator.py
[2026-05-01T00:17:53.686+0000] {processor.py:830} INFO - Processing file /home/airflow/.local/lib/python3.12/site-packages/airflow/example_dags/example_short_circuit_operator.py for tasks to queue
[2026-05-01T00:17:53.687+0000] {logging_mixin.py:188} INFO - [2026-05-01T00:17:53.687+0000] {dagbag.py:545} INFO - Filling up the DagBag from /home/airflow/.local/lib/python3.12/site-packages/airflow/example_dags/example_short_circuit_operator.py
[2026-05-01T00:17:53.690+0000] {processor.py:840} INFO - DAG(s) 'example_short_circuit_operator' retrieved from /home/airflow/.local/lib/python3.12/site-packages/airflow/example_dags/example_short_circuit_operator.py
[2026-05-01T00:17:53.698+0000] {logging_mixin.py:188} INFO - [2026-05-01T00:17:53.698+0000] {dag.py:3089} INFO - Sync 1 DAGs
[2026-05-01T00:17:53.707+0000] {logging_mixin.py:188} INFO - [2026-05-01T00:17:53.706+0000] {dag.py:3947} INFO - Setting next_dagrun for example_short_circuit_operator to 2026-04-30 00:00:00+00:00, run_after=2026-05-01 00:00:00+00:00
[2026-05-01T00:17:53.712+0000] {processor.py:183} INFO - Processing /home/airflow/.local/lib/python3.12/site-packages/airflow/example_dags/example_short_circuit_operator.py took 0.029 seconds
[2026-05-01T00:18:24.544+0000] {processor.py:161} INFO - Started process (PID=57079) to work on /home/airflow/.local/lib/python3.12/site-packages/airflow/example_dags/example_short_circuit_operator.py
[2026-05-01T00:18:24.545+0000] {processor.py:830} INFO - Processing file /home/airflow/.local/lib/python3.12/site-packages/airflow/example_dags/example_short_circuit_operator.py for tasks to queue
[2026-05-01T00:18:24.546+0000] {logging_mixin.py:188} INFO - [2026-05-01T00:18:24.546+0000] {dagbag.py:545} INFO - Filling up the DagBag from /home/airflow/.local/lib/python3.12/site-packages/airflow/example_dags/example_short_circuit_operator.py
[2026-05-01T00:18:24.549+0000] {processor.py:840} INFO - DAG(s) 'example_short_circuit_operator' retrieved from /home/airflow/.local/lib/python3.12/site-packages/airflow/example_dags/example_short_circuit_operator.py
[2026-05-01T00:18:24.560+0000] {logging_mixin.py:188} INFO - [2026-05-01T00:18:24.560+0000] {dag.py:3089} INFO - Sync 1 DAGs
[2026-05-01T00:18:24.568+0000] {logging_mixin.py:188} INFO - [2026-05-01T00:18:24.568+0000] {dag.py:3947} INFO - Setting next_dagrun for example_short_circuit_operator to 2026-04-30 00:00:00+00:00, run_after=2026-05-01 00:00:00+00:00
[2026-05-01T00:18:24.577+0000] {processor.py:183} INFO - Processing /home/airflow/.local/lib/python3.12/site-packages/airflow/example_dags/example_short_circuit_operator.py took 0.037 seconds
[2026-05-01T00:18:55.270+0000] {processor.py:161} INFO - Started process (PID=57139) to work on /home/airflow/.local/lib/python3.12/site-packages/airflow/example_dags/example_short_circuit_operator.py
[2026-05-01T00:18:55.271+0000] {processor.py:830} INFO - Processing file /home/airflow/.local/lib/python3.12/site-packages/airflow/example_dags/example_short_circuit_operator.py for tasks to queue
[2026-05-01T00:18:55.272+0000] {logging_mixin.py:188} INFO - [2026-05-01T00:18:55.272+0000] {dagbag.py:545} INFO - Filling up the DagBag from /home/airflow/.local/lib/python3.12/site-packages/airflow/example_dags/example_short_circuit_operator.py
[2026-05-01T00:18:55.276+0000] {processor.py:840} INFO - DAG(s) 'example_short_circuit_operator' retrieved from /home/airflow/.local/lib/python3.12/site-packages/airflow/example_dags/example_short_circuit_operator.py
[2026-05-01T00:18:55.286+0000] {logging_mixin.py:188} INFO - [2026-05-01T00:18:55.286+0000] {dag.py:3089} INFO - Sync 1 DAGs
[2026-05-01T00:18:55.296+0000] {logging_mixin.py:188} INFO - [2026-05-01T00:18:55.296+0000] {dag.py:3947} INFO - Setting next_dagrun for example_short_circuit_operator to 2026-04-30 00:00:00+00:00, run_after=2026-05-01 00:00:00+00:00
[2026-05-01T00:18:55.304+0000] {processor.py:183} INFO - Processing /home/airflow/.local/lib/python3.12/site-packages/airflow/example_dags/example_short_circuit_operator.py took 0.037 seconds
[2026-05-01T00:19:25.994+0000] {processor.py:161} INFO - Started process (PID=57199) to work on /home/airflow/.local/lib/python3.12/site-packages/airflow/example_dags/example_short_circuit_operator.py
[2026-05-01T00:19:25.996+0000] {processor.py:830} INFO - Processing file /home/airflow/.local/lib/python3.12/site-packages/airflow/example_dags/example_short_circuit_operator.py for tasks to queue
[2026-05-01T00:19:25.997+0000] {logging_mixin.py:188} INFO - [2026-05-01T00:19:25.997+0000] {dagbag.py:545} INFO - Filling up the DagBag from /home/airflow/.local/lib/python3.12/site-packages/airflow/example_dags/example_short_circuit_operator.py
[2026-05-01T00:19:26.004+0000] {processor.py:840} INFO - DAG(s) 'example_short_circuit_operator' retrieved from /home/airflow/.local/lib/python3.12/site-packages/airflow/example_dags/example_short_circuit_operator.py
[2026-05-01T00:19:26.020+0000] {logging_mixin.py:188} INFO - [2026-05-01T00:19:26.020+0000] {dag.py:3089} INFO - Sync 1 DAGs
[2026-05-01T00:19:26.029+0000] {logging_mixin.py:188} INFO - [2026-05-01T00:19:26.029+0000] {dag.py:3947} INFO - Setting next_dagrun for example_short_circuit_operator to 2026-04-30 00:00:00+00:00, run_after=2026-05-01 00:00:00+00:00
[2026-05-01T00:19:26.038+0000] {processor.py:183} INFO - Processing /home/airflow/.local/lib/python3.12/site-packages/airflow/example_dags/example_short_circuit_operator.py took 0.047 seconds
[2026-05-01T00:19:56.962+0000] {processor.py:161} INFO - Started process (PID=57259) to work on /home/airflow/.local/lib/python3.12/site-packages/airflow/example_dags/example_short_circuit_operator.py
[2026-05-01T00:19:56.963+0000] {processor.py:830} INFO - Processing file /home/airflow/.local/lib/python3.12/site-packages/airflow/example_dags/example_short_circuit_operator.py for tasks to queue
[2026-05-01T00:19:56.964+0000] {logging_mixin.py:188} INFO - [2026-05-01T00:19:56.964+0000] {dagbag.py:545} INFO - Filling up the DagBag from /home/airflow/.local/lib/python3.12/site-packages/airflow/example_dags/example_short_circuit_operator.py
[2026-05-01T00:19:56.971+0000] {processor.py:840} INFO - DAG(s) 'example_short_circuit_operator' retrieved from /home/airflow/.local/lib/python3.12/site-packages/airflow/example_dags/example_short_circuit_operator.py
[2026-05-01T00:19:56.986+0000] {logging_mixin.py:188} INFO - [2026-05-01T00:19:56.986+0000] {dag.py:3089} INFO - Sync 1 DAGs
[2026-05-01T00:19:56.997+0000] {logging_mixin.py:188} INFO - [2026-05-01T00:19:56.997+0000] {dag.py:3947} INFO - Setting next_dagrun for example_short_circuit_operator to 2026-04-30 00:00:00+00:00, run_after=2026-05-01 00:00:00+00:00
[2026-05-01T00:19:57.006+0000] {processor.py:183} INFO - Processing /home/airflow/.local/lib/python3.12/site-packages/airflow/example_dags/example_short_circuit_operator.py took 0.048 seconds
[2026-05-01T00:20:27.141+0000] {processor.py:161} INFO - Started process (PID=57319) to work on /home/airflow/.local/lib/python3.12/site-packages/airflow/example_dags/example_short_circuit_operator.py
[2026-05-01T00:20:27.143+0000] {processor.py:830} INFO - Processing file /home/airflow/.local/lib/python3.12/site-packages/airflow/example_dags/example_short_circuit_operator.py for tasks to queue
[2026-05-01T00:20:27.144+0000] {logging_mixin.py:188} INFO - [2026-05-01T00:20:27.144+0000] {dagbag.py:545} INFO - Filling up the DagBag from /home/airflow/.local/lib/python3.12/site-packages/airflow/example_dags/example_short_circuit_operator.py
[2026-05-01T00:20:27.151+0000] {processor.py:840} INFO - DAG(s) 'example_short_circuit_operator' retrieved from /home/airflow/.local/lib/python3.12/site-packages/airflow/example_dags/example_short_circuit_operator.py
[2026-05-01T00:20:27.164+0000] {logging_mixin.py:188} INFO - [2026-05-01T00:20:27.164+0000] {dag.py:3089} INFO - Sync 1 DAGs
[2026-05-01T00:20:27.171+0000] {logging_mixin.py:188} INFO - [2026-05-01T00:20:27.171+0000] {dag.py:3947} INFO - Setting next_dagrun for example_short_circuit_operator to 2026-04-30 00:00:00+00:00, run_after=2026-05-01 00:00:00+00:00
[2026-05-01T00:20:27.179+0000] {processor.py:183} INFO - Processing /home/airflow/.local/lib/python3.12/site-packages/airflow/example_dags/example_short_circuit_operator.py took 0.043 seconds
[2026-05-01T00:20:58.292+0000] {processor.py:161} INFO - Started process (PID=57379) to work on /home/airflow/.local/lib/python3.12/site-packages/airflow/example_dags/example_short_circuit_operator.py
[2026-05-01T00:20:58.293+0000] {processor.py:830} INFO - Processing file /home/airflow/.local/lib/python3.12/site-packages/airflow/example_dags/example_short_circuit_operator.py for tasks to queue
[2026-05-01T00:20:58.293+0000] {logging_mixin.py:188} INFO - [2026-05-01T00:20:58.293+0000] {dagbag.py:545} INFO - Filling up the DagBag from /home/airflow/.local/lib/python3.12/site-packages/airflow/example_dags/example_short_circuit_operator.py
[2026-05-01T00:20:58.297+0000] {processor.py:840} INFO - DAG(s) 'example_short_circuit_operator' retrieved from /home/airflow/.local/lib/python3.12/site-packages/airflow/example_dags/example_short_circuit_operator.py
[2026-05-01T00:20:58.308+0000] {logging_mixin.py:188} INFO - [2026-05-01T00:20:58.308+0000] {dag.py:3089} INFO - Sync 1 DAGs
[2026-05-01T00:20:58.320+0000] {logging_mixin.py:188} INFO - [2026-05-01T00:20:58.320+0000] {dag.py:3947} INFO - Setting next_dagrun for example_short_circuit_operator to 2026-04-30 00:00:00+00:00, run_after=2026-05-01 00:00:00+00:00
[2026-05-01T00:20:58.329+0000] {processor.py:183} INFO - Processing /home/airflow/.local/lib/python3.12/site-packages/airflow/example_dags/example_short_circuit_operator.py took 0.039 seconds
[2026-05-01T00:21:28.395+0000] {processor.py:161} INFO - Started process (PID=57439) to work on /home/airflow/.local/lib/python3.12/site-packages/airflow/example_dags/example_short_circuit_operator.py
[2026-05-01T00:21:28.395+0000] {processor.py:830} INFO - Processing file /home/airflow/.local/lib/python3.12/site-packages/airflow/example_dags/example_short_circuit_operator.py for tasks to queue
[2026-05-01T00:21:28.396+0000] {logging_mixin.py:188} INFO - [2026-05-01T00:21:28.396+0000] {dagbag.py:545} INFO - Filling up the DagBag from /home/airflow/.local/lib/python3.12/site-packages/airflow/example_dags/example_short_circuit_operator.py
[2026-05-01T00:21:28.399+0000] {processor.py:840} INFO - DAG(s) 'example_short_circuit_operator' retrieved from /home/airflow/.local/lib/python3.12/site-packages/airflow/example_dags/example_short_circuit_operator.py
[2026-05-01T00:21:28.408+0000] {logging_mixin.py:188} INFO - [2026-05-01T00:21:28.408+0000] {dag.py:3089} INFO - Sync 1 DAGs
[2026-05-01T00:21:28.415+0000] {logging_mixin.py:188} INFO - [2026-05-01T00:21:28.415+0000] {dag.py:3947} INFO - Setting next_dagrun for example_short_circuit_operator to 2026-04-30 00:00:00+00:00, run_after=2026-05-01 00:00:00+00:00
[2026-05-01T00:21:28.420+0000] {processor.py:183} INFO - Processing /home/airflow/.local/lib/python3.12/site-packages/airflow/example_dags/example_short_circuit_operator.py took 0.036 seconds
[2026-05-01T00:21:58.781+0000] {processor.py:161} INFO - Started process (PID=57499) to work on /home/airflow/.local/lib/python3.12/site-packages/airflow/example_dags/example_short_circuit_operator.py
[2026-05-01T00:21:58.782+0000] {processor.py:830} INFO - Processing file /home/airflow/.local/lib/python3.12/site-packages/airflow/example_dags/example_short_circuit_operator.py for tasks to queue
[2026-05-01T00:21:58.783+0000] {logging_mixin.py:188} INFO - [2026-05-01T00:21:58.783+0000] {dagbag.py:545} INFO - Filling up the DagBag from /home/airflow/.local/lib/python3.12/site-packages/airflow/example_dags/example_short_circuit_operator.py
[2026-05-01T00:21:58.786+0000] {processor.py:840} INFO - DAG(s) 'example_short_circuit_operator' retrieved from /home/airflow/.local/lib/python3.12/site-packages/airflow/example_dags/example_short_circuit_operator.py
[2026-05-01T00:21:58.796+0000] {logging_mixin.py:188} INFO - [2026-05-01T00:21:58.795+0000] {dag.py:3089} INFO - Sync 1 DAGs
[2026-05-01T00:21:58.804+0000] {logging_mixin.py:188} INFO - [2026-05-01T00:21:58.804+0000] {dag.py:3947} INFO - Setting next_dagrun for example_short_circuit_operator to 2026-04-30 00:00:00+00:00, run_after=2026-05-01 00:00:00+00:00
[2026-05-01T00:21:58.813+0000] {processor.py:183} INFO - Processing /home/airflow/.local/lib/python3.12/site-packages/airflow/example_dags/example_short_circuit_operator.py took 0.035 seconds
[2026-05-01T00:22:29.643+0000] {processor.py:161} INFO - Started process (PID=57559) to work on /home/airflow/.local/lib/python3.12/site-packages/airflow/example_dags/example_short_circuit_operator.py
[2026-05-01T00:22:29.644+0000] {processor.py:830} INFO - Processing file /home/airflow/.local/lib/python3.12/site-packages/airflow/example_dags/example_short_circuit_operator.py for tasks to queue
[2026-05-01T00:22:29.645+0000] {logging_mixin.py:188} INFO - [2026-05-01T00:22:29.645+0000] {dagbag.py:545} INFO - Filling up the DagBag from /home/airflow/.local/lib/python3.12/site-packages/airflow/example_dags/example_short_circuit_operator.py
[2026-05-01T00:22:29.648+0000] {processor.py:840} INFO - DAG(s) 'example_short_circuit_operator' retrieved from /home/airflow/.local/lib/python3.12/site-packages/airflow/example_dags/example_short_circuit_operator.py
[2026-05-01T00:22:29.656+0000] {logging_mixin.py:188} INFO - [2026-05-01T00:22:29.656+0000] {dag.py:3089} INFO - Sync 1 DAGs
[2026-05-01T00:22:29.663+0000] {logging_mixin.py:188} INFO - [2026-05-01T00:22:29.663+0000] {dag.py:3947} INFO - Setting next_dagrun for example_short_circuit_operator to 2026-04-30 00:00:00+00:00, run_after=2026-05-01 00:00:00+00:00
[2026-05-01T00:22:29.672+0000] {processor.py:183} INFO - Processing /home/airflow/.local/lib/python3.12/site-packages/airflow/example_dags/example_short_circuit_operator.py took 0.032 seconds
[2026-05-01T00:23:00.497+0000] {processor.py:161} INFO - Started process (PID=57619) to work on /home/airflow/.local/lib/python3.12/site-packages/airflow/example_dags/example_short_circuit_operator.py
[2026-05-01T00:23:00.498+0000] {processor.py:830} INFO - Processing file /home/airflow/.local/lib/python3.12/site-packages/airflow/example_dags/example_short_circuit_operator.py for tasks to queue
[2026-05-01T00:23:00.501+0000] {logging_mixin.py:188} INFO - [2026-05-01T00:23:00.501+0000] {dagbag.py:545} INFO - Filling up the DagBag from /home/airflow/.local/lib/python3.12/site-packages/airflow/example_dags/example_short_circuit_operator.py
[2026-05-01T00:23:00.503+0000] {processor.py:840} INFO - DAG(s) 'example_short_circuit_operator' retrieved from /home/airflow/.local/lib/python3.12/site-packages/airflow/example_dags/example_short_circuit_operator.py
[2026-05-01T00:23:00.515+0000] {logging_mixin.py:188} INFO - [2026-05-01T00:23:00.515+0000] {dag.py:3089} INFO - Sync 1 DAGs
[2026-05-01T00:23:00.522+0000] {logging_mixin.py:188} INFO - [2026-05-01T00:23:00.522+0000] {dag.py:3947} INFO - Setting next_dagrun for example_short_circuit_operator to 2026-04-30 00:00:00+00:00, run_after=2026-05-01 00:00:00+00:00
[2026-05-01T00:23:00.529+0000] {processor.py:183} INFO - Processing /home/airflow/.local/lib/python3.12/site-packages/airflow/example_dags/example_short_circuit_operator.py took 0.034 seconds
[2026-05-01T00:23:30.897+0000] {processor.py:161} INFO - Started process (PID=57679) to work on /home/airflow/.local/lib/python3.12/site-packages/airflow/example_dags/example_short_circuit_operator.py
[2026-05-01T00:23:30.898+0000] {processor.py:830} INFO - Processing file /home/airflow/.local/lib/python3.12/site-packages/airflow/example_dags/example_short_circuit_operator.py for tasks to queue
[2026-05-01T00:23:30.899+0000] {logging_mixin.py:188} INFO - [2026-05-01T00:23:30.899+0000] {dagbag.py:545} INFO - Filling up the DagBag from /home/airflow/.local/lib/python3.12/site-packages/airflow/example_dags/example_short_circuit_operator.py
[2026-05-01T00:23:30.904+0000] {processor.py:840} INFO - DAG(s) 'example_short_circuit_operator' retrieved from /home/airflow/.local/lib/python3.12/site-packages/airflow/example_dags/example_short_circuit_operator.py
[2026-05-01T00:23:30.917+0000] {logging_mixin.py:188} INFO - [2026-05-01T00:23:30.917+0000] {dag.py:3089} INFO - Sync 1 DAGs
[2026-05-01T00:23:30.928+0000] {logging_mixin.py:188} INFO - [2026-05-01T00:23:30.928+0000] {dag.py:3947} INFO - Setting next_dagrun for example_short_circuit_operator to 2026-04-30 00:00:00+00:00, run_after=2026-05-01 00:00:00+00:00
[2026-05-01T00:23:30.935+0000] {processor.py:183} INFO - Processing /home/airflow/.local/lib/python3.12/site-packages/airflow/example_dags/example_short_circuit_operator.py took 0.042 seconds
[2026-05-01T00:24:01.834+0000] {processor.py:161} INFO - Started process (PID=57739) to work on /home/airflow/.local/lib/python3.12/site-packages/airflow/example_dags/example_short_circuit_operator.py
[2026-05-01T00:24:01.835+0000] {processor.py:830} INFO - Processing file /home/airflow/.local/lib/python3.12/site-packages/airflow/example_dags/example_short_circuit_operator.py for tasks to queue
[2026-05-01T00:24:01.835+0000] {logging_mixin.py:188} INFO - [2026-05-01T00:24:01.835+0000] {dagbag.py:545} INFO - Filling up the DagBag from /home/airflow/.local/lib/python3.12/site-packages/airflow/example_dags/example_short_circuit_operator.py
[2026-05-01T00:24:01.838+0000] {processor.py:840} INFO - DAG(s) 'example_short_circuit_operator' retrieved from /home/airflow/.local/lib/python3.12/site-packages/airflow/example_dags/example_short_circuit_operator.py
[2026-05-01T00:24:01.845+0000] {logging_mixin.py:188} INFO - [2026-05-01T00:24:01.845+0000] {dag.py:3089} INFO - Sync 1 DAGs
[2026-05-01T00:24:01.852+0000] {logging_mixin.py:188} INFO - [2026-05-01T00:24:01.852+0000] {dag.py:3947} INFO - Setting next_dagrun for example_short_circuit_operator to 2026-04-30 00:00:00+00:00, run_after=2026-05-01 00:00:00+00:00
[2026-05-01T00:24:01.857+0000] {processor.py:183} INFO - Processing /home/airflow/.local/lib/python3.12/site-packages/airflow/example_dags/example_short_circuit_operator.py took 0.026 seconds
[2026-05-01T00:24:32.477+0000] {processor.py:161} INFO - Started process (PID=57799) to work on /home/airflow/.local/lib/python3.12/site-packages/airflow/example_dags/example_short_circuit_operator.py
[2026-05-01T00:24:32.479+0000] {processor.py:830} INFO - Processing file /home/airflow/.local/lib/python3.12/site-packages/airflow/example_dags/example_short_circuit_operator.py for tasks to queue
[2026-05-01T00:24:32.479+0000] {logging_mixin.py:188} INFO - [2026-05-01T00:24:32.479+0000] {dagbag.py:545} INFO - Filling up the DagBag from /home/airflow/.local/lib/python3.12/site-packages/airflow/example_dags/example_short_circuit_operator.py
[2026-05-01T00:24:32.485+0000] {processor.py:840} INFO - DAG(s) 'example_short_circuit_operator' retrieved from /home/airflow/.local/lib/python3.12/site-packages/airflow/example_dags/example_short_circuit_operator.py
[2026-05-01T00:24:32.495+0000] {logging_mixin.py:188} INFO - [2026-05-01T00:24:32.495+0000] {dag.py:3089} INFO - Sync 1 DAGs
[2026-05-01T00:24:32.503+0000] {logging_mixin.py:188} INFO - [2026-05-01T00:24:32.503+0000] {dag.py:3947} INFO - Setting next_dagrun for example_short_circuit_operator to 2026-04-30 00:00:00+00:00, run_after=2026-05-01 00:00:00+00:00
[2026-05-01T00:24:32.510+0000] {processor.py:183} INFO - Processing /home/airflow/.local/lib/python3.12/site-packages/airflow/example_dags/example_short_circuit_operator.py took 0.036 seconds
[2026-05-01T00:25:03.243+0000] {processor.py:161} INFO - Started process (PID=57859) to work on /home/airflow/.local/lib/python3.12/site-packages/airflow/example_dags/example_short_circuit_operator.py
[2026-05-01T00:25:03.244+0000] {processor.py:830} INFO - Processing file /home/airflow/.local/lib/python3.12/site-packages/airflow/example_dags/example_short_circuit_operator.py for tasks to queue
[2026-05-01T00:25:03.245+0000] {logging_mixin.py:188} INFO - [2026-05-01T00:25:03.244+0000] {dagbag.py:545} INFO - Filling up the DagBag from /home/airflow/.local/lib/python3.12/site-packages/airflow/example_dags/example_short_circuit_operator.py
[2026-05-01T00:25:03.250+0000] {processor.py:840} INFO - DAG(s) 'example_short_circuit_operator' retrieved from /home/airflow/.local/lib/python3.12/site-packages/airflow/example_dags/example_short_circuit_operator.py
[2026-05-01T00:25:03.263+0000] {logging_mixin.py:188} INFO - [2026-05-01T00:25:03.263+0000] {dag.py:3089} INFO - Sync 1 DAGs
[2026-05-01T00:25:03.271+0000] {logging_mixin.py:188} INFO - [2026-05-01T00:25:03.271+0000] {dag.py:3947} INFO - Setting next_dagrun for example_short_circuit_operator to 2026-04-30 00:00:00+00:00, run_after=2026-05-01 00:00:00+00:00
[2026-05-01T00:25:03.276+0000] {processor.py:183} INFO - Processing /home/airflow/.local/lib/python3.12/site-packages/airflow/example_dags/example_short_circuit_operator.py took 0.037 seconds
[2026-05-01T00:25:34.015+0000] {processor.py:161} INFO - Started process (PID=57919) to work on /home/airflow/.local/lib/python3.12/site-packages/airflow/example_dags/example_short_circuit_operator.py
[2026-05-01T00:25:34.015+0000] {processor.py:830} INFO - Processing file /home/airflow/.local/lib/python3.12/site-packages/airflow/example_dags/example_short_circuit_operator.py for tasks to queue
[2026-05-01T00:25:34.016+0000] {logging_mixin.py:188} INFO - [2026-05-01T00:25:34.016+0000] {dagbag.py:545} INFO - Filling up the DagBag from /home/airflow/.local/lib/python3.12/site-packages/airflow/example_dags/example_short_circuit_operator.py
[2026-05-01T00:25:34.019+0000] {processor.py:840} INFO - DAG(s) 'example_short_circuit_operator' retrieved from /home/airflow/.local/lib/python3.12/site-packages/airflow/example_dags/example_short_circuit_operator.py
[2026-05-01T00:25:34.026+0000] {logging_mixin.py:188} INFO - [2026-05-01T00:25:34.026+0000] {dag.py:3089} INFO - Sync 1 DAGs
[2026-05-01T00:25:34.033+0000] {logging_mixin.py:188} INFO - [2026-05-01T00:25:34.033+0000] {dag.py:3947} INFO - Setting next_dagrun for example_short_circuit_operator to 2026-04-30 00:00:00+00:00, run_after=2026-05-01 00:00:00+00:00
[2026-05-01T00:25:34.038+0000] {processor.py:183} INFO - Processing /home/airflow/.local/lib/python3.12/site-packages/airflow/example_dags/example_short_circuit_operator.py took 0.026 seconds
[2026-05-01T00:26:04.786+0000] {processor.py:161} INFO - Started process (PID=57979) to work on /home/airflow/.local/lib/python3.12/site-packages/airflow/example_dags/example_short_circuit_operator.py
[2026-05-01T00:26:04.786+0000] {processor.py:830} INFO - Processing file /home/airflow/.local/lib/python3.12/site-packages/airflow/example_dags/example_short_circuit_operator.py for tasks to queue
[2026-05-01T00:26:04.787+0000] {logging_mixin.py:188} INFO - [2026-05-01T00:26:04.787+0000] {dagbag.py:545} INFO - Filling up the DagBag from /home/airflow/.local/lib/python3.12/site-packages/airflow/example_dags/example_short_circuit_operator.py
[2026-05-01T00:26:04.790+0000] {processor.py:840} INFO - DAG(s) 'example_short_circuit_operator' retrieved from /home/airflow/.local/lib/python3.12/site-packages/airflow/example_dags/example_short_circuit_operator.py
[2026-05-01T00:26:04.802+0000] {logging_mixin.py:188} INFO - [2026-05-01T00:26:04.802+0000] {dag.py:3089} INFO - Sync 1 DAGs
[2026-05-01T00:26:04.811+0000] {logging_mixin.py:188} INFO - [2026-05-01T00:26:04.811+0000] {dag.py:3947} INFO - Setting next_dagrun for example_short_circuit_operator to 2026-04-30 00:00:00+00:00, run_after=2026-05-01 00:00:00+00:00
[2026-05-01T00:26:04.817+0000] {processor.py:183} INFO - Processing /home/airflow/.local/lib/python3.12/site-packages/airflow/example_dags/example_short_circuit_operator.py took 0.034 seconds
[2026-05-01T00:26:35.786+0000] {processor.py:161} INFO - Started process (PID=58039) to work on /home/airflow/.local/lib/python3.12/site-packages/airflow/example_dags/example_short_circuit_operator.py
[2026-05-01T00:26:35.786+0000] {processor.py:830} INFO - Processing file /home/airflow/.local/lib/python3.12/site-packages/airflow/example_dags/example_short_circuit_operator.py for tasks to queue
[2026-05-01T00:26:35.787+0000] {logging_mixin.py:188} INFO - [2026-05-01T00:26:35.787+0000] {dagbag.py:545} INFO - Filling up the DagBag from /home/airflow/.local/lib/python3.12/site-packages/airflow/example_dags/example_short_circuit_operator.py
[2026-05-01T00:26:35.790+0000] {processor.py:840} INFO - DAG(s) 'example_short_circuit_operator' retrieved from /home/airflow/.local/lib/python3.12/site-packages/airflow/example_dags/example_short_circuit_operator.py
[2026-05-01T00:26:35.797+0000] {logging_mixin.py:188} INFO - [2026-05-01T00:26:35.797+0000] {dag.py:3089} INFO - Sync 1 DAGs
[2026-05-01T00:26:35.804+0000] {logging_mixin.py:188} INFO - [2026-05-01T00:26:35.804+0000] {dag.py:3947} INFO - Setting next_dagrun for example_short_circuit_operator to 2026-04-30 00:00:00+00:00, run_after=2026-05-01 00:00:00+00:00
[2026-05-01T00:26:35.809+0000] {processor.py:183} INFO - Processing /home/airflow/.local/lib/python3.12/site-packages/airflow/example_dags/example_short_circuit_operator.py took 0.025 seconds
[2026-05-01T00:27:06.535+0000] {processor.py:161} INFO - Started process (PID=58099) to work on /home/airflow/.local/lib/python3.12/site-packages/airflow/example_dags/example_short_circuit_operator.py
[2026-05-01T00:27:06.535+0000] {processor.py:830} INFO - Processing file /home/airflow/.local/lib/python3.12/site-packages/airflow/example_dags/example_short_circuit_operator.py for tasks to queue
[2026-05-01T00:27:06.536+0000] {logging_mixin.py:188} INFO - [2026-05-01T00:27:06.536+0000] {dagbag.py:545} INFO - Filling up the DagBag from /home/airflow/.local/lib/python3.12/site-packages/airflow/example_dags/example_short_circuit_operator.py
[2026-05-01T00:27:06.540+0000] {processor.py:840} INFO - DAG(s) 'example_short_circuit_operator' retrieved from /home/airflow/.local/lib/python3.12/site-packages/airflow/example_dags/example_short_circuit_operator.py
[2026-05-01T00:27:06.551+0000] {logging_mixin.py:188} INFO - [2026-05-01T00:27:06.551+0000] {dag.py:3089} INFO - Sync 1 DAGs
[2026-05-01T00:27:06.559+0000] {logging_mixin.py:188} INFO - [2026-05-01T00:27:06.559+0000] {dag.py:3947} INFO - Setting next_dagrun for example_short_circuit_operator to 2026-04-30 00:00:00+00:00, run_after=2026-05-01 00:00:00+00:00
[2026-05-01T00:27:06.567+0000] {processor.py:183} INFO - Processing /home/airflow/.local/lib/python3.12/site-packages/airflow/example_dags/example_short_circuit_operator.py took 0.035 seconds
[2026-05-01T00:27:37.356+0000] {processor.py:161} INFO - Started process (PID=58159) to work on /home/airflow/.local/lib/python3.12/site-packages/airflow/example_dags/example_short_circuit_operator.py
[2026-05-01T00:27:37.356+0000] {processor.py:830} INFO - Processing file /home/airflow/.local/lib/python3.12/site-packages/airflow/example_dags/example_short_circuit_operator.py for tasks to queue
[2026-05-01T00:27:37.358+0000] {logging_mixin.py:188} INFO - [2026-05-01T00:27:37.357+0000] {dagbag.py:545} INFO - Filling up the DagBag from /home/airflow/.local/lib/python3.12/site-packages/airflow/example_dags/example_short_circuit_operator.py
[2026-05-01T00:27:37.361+0000] {processor.py:840} INFO - DAG(s) 'example_short_circuit_operator' retrieved from /home/airflow/.local/lib/python3.12/site-packages/airflow/example_dags/example_short_circuit_operator.py
[2026-05-01T00:27:37.371+0000] {logging_mixin.py:188} INFO - [2026-05-01T00:27:37.371+0000] {dag.py:3089} INFO - Sync 1 DAGs
[2026-05-01T00:27:37.382+0000] {logging_mixin.py:188} INFO - [2026-05-01T00:27:37.382+0000] {dag.py:3947} INFO - Setting next_dagrun for example_short_circuit_operator to 2026-04-30 00:00:00+00:00, run_after=2026-05-01 00:00:00+00:00
[2026-05-01T00:27:37.390+0000] {processor.py:183} INFO - Processing /home/airflow/.local/lib/python3.12/site-packages/airflow/example_dags/example_short_circuit_operator.py took 0.038 seconds
[2026-05-01T00:28:08.137+0000] {processor.py:161} INFO - Started process (PID=58219) to work on /home/airflow/.local/lib/python3.12/site-packages/airflow/example_dags/example_short_circuit_operator.py
[2026-05-01T00:28:08.138+0000] {processor.py:830} INFO - Processing file /home/airflow/.local/lib/python3.12/site-packages/airflow/example_dags/example_short_circuit_operator.py for tasks to queue
[2026-05-01T00:28:08.138+0000] {logging_mixin.py:188} INFO - [2026-05-01T00:28:08.138+0000] {dagbag.py:545} INFO - Filling up the DagBag from /home/airflow/.local/lib/python3.12/site-packages/airflow/example_dags/example_short_circuit_operator.py
[2026-05-01T00:28:08.141+0000] {processor.py:840} INFO - DAG(s) 'example_short_circuit_operator' retrieved from /home/airflow/.local/lib/python3.12/site-packages/airflow/example_dags/example_short_circuit_operator.py
[2026-05-01T00:28:08.149+0000] {logging_mixin.py:188} INFO - [2026-05-01T00:28:08.149+0000] {dag.py:3089} INFO - Sync 1 DAGs
[2026-05-01T00:28:08.156+0000] {logging_mixin.py:188} INFO - [2026-05-01T00:28:08.155+0000] {dag.py:3947} INFO - Setting next_dagrun for example_short_circuit_operator to 2026-04-30 00:00:00+00:00, run_after=2026-05-01 00:00:00+00:00
[2026-05-01T00:28:08.161+0000] {processor.py:183} INFO - Processing /home/airflow/.local/lib/python3.12/site-packages/airflow/example_dags/example_short_circuit_operator.py took 0.027 seconds
[2026-05-01T00:28:38.948+0000] {processor.py:161} INFO - Started process (PID=58278) to work on /home/airflow/.local/lib/python3.12/site-packages/airflow/example_dags/example_short_circuit_operator.py
[2026-05-01T00:28:38.948+0000] {processor.py:830} INFO - Processing file /home/airflow/.local/lib/python3.12/site-packages/airflow/example_dags/example_short_circuit_operator.py for tasks to queue
[2026-05-01T00:28:38.949+0000] {logging_mixin.py:188} INFO - [2026-05-01T00:28:38.949+0000] {dagbag.py:545} INFO - Filling up the DagBag from /home/airflow/.local/lib/python3.12/site-packages/airflow/example_dags/example_short_circuit_operator.py
[2026-05-01T00:28:38.952+0000] {processor.py:840} INFO - DAG(s) 'example_short_circuit_operator' retrieved from /home/airflow/.local/lib/python3.12/site-packages/airflow/example_dags/example_short_circuit_operator.py
[2026-05-01T00:28:38.959+0000] {logging_mixin.py:188} INFO - [2026-05-01T00:28:38.959+0000] {dag.py:3089} INFO - Sync 1 DAGs
[2026-05-01T00:28:38.966+0000] {logging_mixin.py:188} INFO - [2026-05-01T00:28:38.966+0000] {dag.py:3947} INFO - Setting next_dagrun for example_short_circuit_operator to 2026-04-30 00:00:00+00:00, run_after=2026-05-01 00:00:00+00:00
[2026-05-01T00:28:38.971+0000] {processor.py:183} INFO - Processing /home/airflow/.local/lib/python3.12/site-packages/airflow/example_dags/example_short_circuit_operator.py took 0.026 seconds
[2026-05-01T00:29:09.703+0000] {processor.py:161} INFO - Started process (PID=58344) to work on /home/airflow/.local/lib/python3.12/site-packages/airflow/example_dags/example_short_circuit_operator.py
[2026-05-01T00:29:09.703+0000] {processor.py:830} INFO - Processing file /home/airflow/.local/lib/python3.12/site-packages/airflow/example_dags/example_short_circuit_operator.py for tasks to queue
[2026-05-01T00:29:09.704+0000] {logging_mixin.py:188} INFO - [2026-05-01T00:29:09.704+0000] {dagbag.py:545} INFO - Filling up the DagBag from /home/airflow/.local/lib/python3.12/site-packages/airflow/example_dags/example_short_circuit_operator.py
[2026-05-01T00:29:09.707+0000] {processor.py:840} INFO - DAG(s) 'example_short_circuit_operator' retrieved from /home/airflow/.local/lib/python3.12/site-packages/airflow/example_dags/example_short_circuit_operator.py
[2026-05-01T00:29:09.714+0000] {logging_mixin.py:188} INFO - [2026-05-01T00:29:09.714+0000] {dag.py:3089} INFO - Sync 1 DAGs
[2026-05-01T00:29:09.721+0000] {logging_mixin.py:188} INFO - [2026-05-01T00:29:09.721+0000] {dag.py:3947} INFO - Setting next_dagrun for example_short_circuit_operator to 2026-04-30 00:00:00+00:00, run_after=2026-05-01 00:00:00+00:00
[2026-05-01T00:29:09.726+0000] {processor.py:183} INFO - Processing /home/airflow/.local/lib/python3.12/site-packages/airflow/example_dags/example_short_circuit_operator.py took 0.025 seconds
[2026-05-01T00:29:39.844+0000] {processor.py:161} INFO - Started process (PID=58404) to work on /home/airflow/.local/lib/python3.12/site-packages/airflow/example_dags/example_short_circuit_operator.py
[2026-05-01T00:29:39.845+0000] {processor.py:830} INFO - Processing file /home/airflow/.local/lib/python3.12/site-packages/airflow/example_dags/example_short_circuit_operator.py for tasks to queue
[2026-05-01T00:29:39.846+0000] {logging_mixin.py:188} INFO - [2026-05-01T00:29:39.845+0000] {dagbag.py:545} INFO - Filling up the DagBag from /home/airflow/.local/lib/python3.12/site-packages/airflow/example_dags/example_short_circuit_operator.py
[2026-05-01T00:29:39.848+0000] {processor.py:840} INFO - DAG(s) 'example_short_circuit_operator' retrieved from /home/airflow/.local/lib/python3.12/site-packages/airflow/example_dags/example_short_circuit_operator.py
[2026-05-01T00:29:39.856+0000] {logging_mixin.py:188} INFO - [2026-05-01T00:29:39.856+0000] {dag.py:3089} INFO - Sync 1 DAGs
[2026-05-01T00:29:39.863+0000] {logging_mixin.py:188} INFO - [2026-05-01T00:29:39.863+0000] {dag.py:3947} INFO - Setting next_dagrun for example_short_circuit_operator to 2026-04-30 00:00:00+00:00, run_after=2026-05-01 00:00:00+00:00
[2026-05-01T00:29:39.868+0000] {processor.py:183} INFO - Processing /home/airflow/.local/lib/python3.12/site-packages/airflow/example_dags/example_short_circuit_operator.py took 0.026 seconds
[2026-05-01T00:30:10.809+0000] {processor.py:161} INFO - Started process (PID=58464) to work on /home/airflow/.local/lib/python3.12/site-packages/airflow/example_dags/example_short_circuit_operator.py
[2026-05-01T00:30:10.809+0000] {processor.py:830} INFO - Processing file /home/airflow/.local/lib/python3.12/site-packages/airflow/example_dags/example_short_circuit_operator.py for tasks to queue
[2026-05-01T00:30:10.810+0000] {logging_mixin.py:188} INFO - [2026-05-01T00:30:10.810+0000] {dagbag.py:545} INFO - Filling up the DagBag from /home/airflow/.local/lib/python3.12/site-packages/airflow/example_dags/example_short_circuit_operator.py
[2026-05-01T00:30:10.813+0000] {processor.py:840} INFO - DAG(s) 'example_short_circuit_operator' retrieved from /home/airflow/.local/lib/python3.12/site-packages/airflow/example_dags/example_short_circuit_operator.py
[2026-05-01T00:30:10.820+0000] {logging_mixin.py:188} INFO - [2026-05-01T00:30:10.820+0000] {dag.py:3089} INFO - Sync 1 DAGs
[2026-05-01T00:30:10.827+0000] {logging_mixin.py:188} INFO - [2026-05-01T00:30:10.827+0000] {dag.py:3947} INFO - Setting next_dagrun for example_short_circuit_operator to 2026-04-30 00:00:00+00:00, run_after=2026-05-01 00:00:00+00:00
[2026-05-01T00:30:10.832+0000] {processor.py:183} INFO - Processing /home/airflow/.local/lib/python3.12/site-packages/airflow/example_dags/example_short_circuit_operator.py took 0.025 seconds
