[2026-05-01T00:00:01.214+0000] {processor.py:161} INFO - Started process (PID=54911) to work on /home/airflow/.local/lib/python3.12/site-packages/airflow/example_dags/example_branch_operator_decorator.py
[2026-05-01T00:00:01.214+0000] {processor.py:830} INFO - Processing file /home/airflow/.local/lib/python3.12/site-packages/airflow/example_dags/example_branch_operator_decorator.py for tasks to queue
[2026-05-01T00:00:01.217+0000] {logging_mixin.py:188} INFO - [2026-05-01T00:00:01.216+0000] {dagbag.py:545} INFO - Filling up the DagBag from /home/airflow/.local/lib/python3.12/site-packages/airflow/example_dags/example_branch_operator_decorator.py
[2026-05-01T00:00:01.231+0000] {processor.py:840} INFO - DAG(s) 'example_branch_python_operator_decorator' retrieved from /home/airflow/.local/lib/python3.12/site-packages/airflow/example_dags/example_branch_operator_decorator.py
[2026-05-01T00:00:01.247+0000] {logging_mixin.py:188} INFO - [2026-05-01T00:00:01.247+0000] {dag.py:3089} INFO - Sync 1 DAGs
[2026-05-01T00:00:01.259+0000] {logging_mixin.py:188} INFO - [2026-05-01T00:00:01.259+0000] {dag.py:3947} INFO - Setting next_dagrun for example_branch_python_operator_decorator to 2026-04-30 00:00:00+00:00, run_after=2026-05-01 00:00:00+00:00
[2026-05-01T00:00:01.269+0000] {processor.py:183} INFO - Processing /home/airflow/.local/lib/python3.12/site-packages/airflow/example_dags/example_branch_operator_decorator.py took 0.061 seconds
[2026-05-01T00:00:31.987+0000] {processor.py:161} INFO - Started process (PID=54971) to work on /home/airflow/.local/lib/python3.12/site-packages/airflow/example_dags/example_branch_operator_decorator.py
[2026-05-01T00:00:31.989+0000] {processor.py:830} INFO - Processing file /home/airflow/.local/lib/python3.12/site-packages/airflow/example_dags/example_branch_operator_decorator.py for tasks to queue
[2026-05-01T00:00:31.992+0000] {logging_mixin.py:188} INFO - [2026-05-01T00:00:31.992+0000] {dagbag.py:545} INFO - Filling up the DagBag from /home/airflow/.local/lib/python3.12/site-packages/airflow/example_dags/example_branch_operator_decorator.py
[2026-05-01T00:00:32.014+0000] {processor.py:840} INFO - DAG(s) 'example_branch_python_operator_decorator' retrieved from /home/airflow/.local/lib/python3.12/site-packages/airflow/example_dags/example_branch_operator_decorator.py
[2026-05-01T00:00:32.035+0000] {logging_mixin.py:188} INFO - [2026-05-01T00:00:32.035+0000] {dag.py:3089} INFO - Sync 1 DAGs
[2026-05-01T00:00:32.046+0000] {logging_mixin.py:188} INFO - [2026-05-01T00:00:32.046+0000] {dag.py:3947} INFO - Setting next_dagrun for example_branch_python_operator_decorator to 2026-04-30 00:00:00+00:00, run_after=2026-05-01 00:00:00+00:00
[2026-05-01T00:00:32.055+0000] {processor.py:183} INFO - Processing /home/airflow/.local/lib/python3.12/site-packages/airflow/example_dags/example_branch_operator_decorator.py took 0.077 seconds
[2026-05-01T00:01:02.714+0000] {processor.py:161} INFO - Started process (PID=55031) to work on /home/airflow/.local/lib/python3.12/site-packages/airflow/example_dags/example_branch_operator_decorator.py
[2026-05-01T00:01:02.715+0000] {processor.py:830} INFO - Processing file /home/airflow/.local/lib/python3.12/site-packages/airflow/example_dags/example_branch_operator_decorator.py for tasks to queue
[2026-05-01T00:01:02.717+0000] {logging_mixin.py:188} INFO - [2026-05-01T00:01:02.717+0000] {dagbag.py:545} INFO - Filling up the DagBag from /home/airflow/.local/lib/python3.12/site-packages/airflow/example_dags/example_branch_operator_decorator.py
[2026-05-01T00:01:02.733+0000] {processor.py:840} INFO - DAG(s) 'example_branch_python_operator_decorator' retrieved from /home/airflow/.local/lib/python3.12/site-packages/airflow/example_dags/example_branch_operator_decorator.py
[2026-05-01T00:01:02.749+0000] {logging_mixin.py:188} INFO - [2026-05-01T00:01:02.749+0000] {dag.py:3089} INFO - Sync 1 DAGs
[2026-05-01T00:01:02.762+0000] {logging_mixin.py:188} INFO - [2026-05-01T00:01:02.762+0000] {dag.py:3947} INFO - Setting next_dagrun for example_branch_python_operator_decorator to 2026-04-30 00:00:00+00:00, run_after=2026-05-01 00:00:00+00:00
[2026-05-01T00:01:02.772+0000] {processor.py:183} INFO - Processing /home/airflow/.local/lib/python3.12/site-packages/airflow/example_dags/example_branch_operator_decorator.py took 0.064 seconds
[2026-05-01T00:01:33.457+0000] {processor.py:161} INFO - Started process (PID=55091) to work on /home/airflow/.local/lib/python3.12/site-packages/airflow/example_dags/example_branch_operator_decorator.py
[2026-05-01T00:01:33.458+0000] {processor.py:830} INFO - Processing file /home/airflow/.local/lib/python3.12/site-packages/airflow/example_dags/example_branch_operator_decorator.py for tasks to queue
[2026-05-01T00:01:33.460+0000] {logging_mixin.py:188} INFO - [2026-05-01T00:01:33.460+0000] {dagbag.py:545} INFO - Filling up the DagBag from /home/airflow/.local/lib/python3.12/site-packages/airflow/example_dags/example_branch_operator_decorator.py
[2026-05-01T00:01:33.478+0000] {processor.py:840} INFO - DAG(s) 'example_branch_python_operator_decorator' retrieved from /home/airflow/.local/lib/python3.12/site-packages/airflow/example_dags/example_branch_operator_decorator.py
[2026-05-01T00:01:33.498+0000] {logging_mixin.py:188} INFO - [2026-05-01T00:01:33.497+0000] {dag.py:3089} INFO - Sync 1 DAGs
[2026-05-01T00:01:33.507+0000] {logging_mixin.py:188} INFO - [2026-05-01T00:01:33.507+0000] {dag.py:3947} INFO - Setting next_dagrun for example_branch_python_operator_decorator to 2026-04-30 00:00:00+00:00, run_after=2026-05-01 00:00:00+00:00
[2026-05-01T00:01:33.517+0000] {processor.py:183} INFO - Processing /home/airflow/.local/lib/python3.12/site-packages/airflow/example_dags/example_branch_operator_decorator.py took 0.067 seconds
[2026-05-01T00:02:04.291+0000] {processor.py:161} INFO - Started process (PID=55151) to work on /home/airflow/.local/lib/python3.12/site-packages/airflow/example_dags/example_branch_operator_decorator.py
[2026-05-01T00:02:04.315+0000] {processor.py:830} INFO - Processing file /home/airflow/.local/lib/python3.12/site-packages/airflow/example_dags/example_branch_operator_decorator.py for tasks to queue
[2026-05-01T00:02:04.340+0000] {logging_mixin.py:188} INFO - [2026-05-01T00:02:04.340+0000] {dagbag.py:545} INFO - Filling up the DagBag from /home/airflow/.local/lib/python3.12/site-packages/airflow/example_dags/example_branch_operator_decorator.py
[2026-05-01T00:02:04.363+0000] {processor.py:840} INFO - DAG(s) 'example_branch_python_operator_decorator' retrieved from /home/airflow/.local/lib/python3.12/site-packages/airflow/example_dags/example_branch_operator_decorator.py
[2026-05-01T00:02:04.386+0000] {logging_mixin.py:188} INFO - [2026-05-01T00:02:04.386+0000] {dag.py:3089} INFO - Sync 1 DAGs
[2026-05-01T00:02:04.401+0000] {logging_mixin.py:188} INFO - [2026-05-01T00:02:04.401+0000] {dag.py:3947} INFO - Setting next_dagrun for example_branch_python_operator_decorator to 2026-04-30 00:00:00+00:00, run_after=2026-05-01 00:00:00+00:00
[2026-05-01T00:02:04.411+0000] {processor.py:183} INFO - Processing /home/airflow/.local/lib/python3.12/site-packages/airflow/example_dags/example_branch_operator_decorator.py took 0.129 seconds
[2026-05-01T00:02:34.631+0000] {processor.py:161} INFO - Started process (PID=55211) to work on /home/airflow/.local/lib/python3.12/site-packages/airflow/example_dags/example_branch_operator_decorator.py
[2026-05-01T00:02:34.633+0000] {processor.py:830} INFO - Processing file /home/airflow/.local/lib/python3.12/site-packages/airflow/example_dags/example_branch_operator_decorator.py for tasks to queue
[2026-05-01T00:02:34.635+0000] {logging_mixin.py:188} INFO - [2026-05-01T00:02:34.635+0000] {dagbag.py:545} INFO - Filling up the DagBag from /home/airflow/.local/lib/python3.12/site-packages/airflow/example_dags/example_branch_operator_decorator.py
[2026-05-01T00:02:34.659+0000] {processor.py:840} INFO - DAG(s) 'example_branch_python_operator_decorator' retrieved from /home/airflow/.local/lib/python3.12/site-packages/airflow/example_dags/example_branch_operator_decorator.py
[2026-05-01T00:02:34.676+0000] {logging_mixin.py:188} INFO - [2026-05-01T00:02:34.676+0000] {dag.py:3089} INFO - Sync 1 DAGs
[2026-05-01T00:02:34.689+0000] {logging_mixin.py:188} INFO - [2026-05-01T00:02:34.689+0000] {dag.py:3947} INFO - Setting next_dagrun for example_branch_python_operator_decorator to 2026-04-30 00:00:00+00:00, run_after=2026-05-01 00:00:00+00:00
[2026-05-01T00:02:34.698+0000] {processor.py:183} INFO - Processing /home/airflow/.local/lib/python3.12/site-packages/airflow/example_dags/example_branch_operator_decorator.py took 0.075 seconds
[2026-05-01T00:03:05.494+0000] {processor.py:161} INFO - Started process (PID=55277) to work on /home/airflow/.local/lib/python3.12/site-packages/airflow/example_dags/example_branch_operator_decorator.py
[2026-05-01T00:03:05.496+0000] {processor.py:830} INFO - Processing file /home/airflow/.local/lib/python3.12/site-packages/airflow/example_dags/example_branch_operator_decorator.py for tasks to queue
[2026-05-01T00:03:05.498+0000] {logging_mixin.py:188} INFO - [2026-05-01T00:03:05.497+0000] {dagbag.py:545} INFO - Filling up the DagBag from /home/airflow/.local/lib/python3.12/site-packages/airflow/example_dags/example_branch_operator_decorator.py
[2026-05-01T00:03:05.513+0000] {processor.py:840} INFO - DAG(s) 'example_branch_python_operator_decorator' retrieved from /home/airflow/.local/lib/python3.12/site-packages/airflow/example_dags/example_branch_operator_decorator.py
[2026-05-01T00:03:05.532+0000] {logging_mixin.py:188} INFO - [2026-05-01T00:03:05.531+0000] {dag.py:3089} INFO - Sync 1 DAGs
[2026-05-01T00:03:05.543+0000] {logging_mixin.py:188} INFO - [2026-05-01T00:03:05.543+0000] {dag.py:3947} INFO - Setting next_dagrun for example_branch_python_operator_decorator to 2026-04-30 00:00:00+00:00, run_after=2026-05-01 00:00:00+00:00
[2026-05-01T00:03:05.553+0000] {processor.py:183} INFO - Processing /home/airflow/.local/lib/python3.12/site-packages/airflow/example_dags/example_branch_operator_decorator.py took 0.064 seconds
[2026-05-01T00:03:36.194+0000] {processor.py:161} INFO - Started process (PID=55337) to work on /home/airflow/.local/lib/python3.12/site-packages/airflow/example_dags/example_branch_operator_decorator.py
[2026-05-01T00:03:36.196+0000] {processor.py:830} INFO - Processing file /home/airflow/.local/lib/python3.12/site-packages/airflow/example_dags/example_branch_operator_decorator.py for tasks to queue
[2026-05-01T00:03:36.198+0000] {logging_mixin.py:188} INFO - [2026-05-01T00:03:36.198+0000] {dagbag.py:545} INFO - Filling up the DagBag from /home/airflow/.local/lib/python3.12/site-packages/airflow/example_dags/example_branch_operator_decorator.py
[2026-05-01T00:03:36.217+0000] {processor.py:840} INFO - DAG(s) 'example_branch_python_operator_decorator' retrieved from /home/airflow/.local/lib/python3.12/site-packages/airflow/example_dags/example_branch_operator_decorator.py
[2026-05-01T00:03:36.235+0000] {logging_mixin.py:188} INFO - [2026-05-01T00:03:36.235+0000] {dag.py:3089} INFO - Sync 1 DAGs
[2026-05-01T00:03:36.246+0000] {logging_mixin.py:188} INFO - [2026-05-01T00:03:36.246+0000] {dag.py:3947} INFO - Setting next_dagrun for example_branch_python_operator_decorator to 2026-04-30 00:00:00+00:00, run_after=2026-05-01 00:00:00+00:00
[2026-05-01T00:03:36.256+0000] {processor.py:183} INFO - Processing /home/airflow/.local/lib/python3.12/site-packages/airflow/example_dags/example_branch_operator_decorator.py took 0.069 seconds
[2026-05-01T00:04:06.963+0000] {processor.py:161} INFO - Started process (PID=55397) to work on /home/airflow/.local/lib/python3.12/site-packages/airflow/example_dags/example_branch_operator_decorator.py
[2026-05-01T00:04:06.964+0000] {processor.py:830} INFO - Processing file /home/airflow/.local/lib/python3.12/site-packages/airflow/example_dags/example_branch_operator_decorator.py for tasks to queue
[2026-05-01T00:04:06.966+0000] {logging_mixin.py:188} INFO - [2026-05-01T00:04:06.966+0000] {dagbag.py:545} INFO - Filling up the DagBag from /home/airflow/.local/lib/python3.12/site-packages/airflow/example_dags/example_branch_operator_decorator.py
[2026-05-01T00:04:06.983+0000] {processor.py:840} INFO - DAG(s) 'example_branch_python_operator_decorator' retrieved from /home/airflow/.local/lib/python3.12/site-packages/airflow/example_dags/example_branch_operator_decorator.py
[2026-05-01T00:04:06.999+0000] {logging_mixin.py:188} INFO - [2026-05-01T00:04:06.998+0000] {dag.py:3089} INFO - Sync 1 DAGs
[2026-05-01T00:04:07.008+0000] {logging_mixin.py:188} INFO - [2026-05-01T00:04:07.008+0000] {dag.py:3947} INFO - Setting next_dagrun for example_branch_python_operator_decorator to 2026-04-30 00:00:00+00:00, run_after=2026-05-01 00:00:00+00:00
[2026-05-01T00:04:07.017+0000] {processor.py:183} INFO - Processing /home/airflow/.local/lib/python3.12/site-packages/airflow/example_dags/example_branch_operator_decorator.py took 0.061 seconds
[2026-05-01T00:04:37.655+0000] {processor.py:161} INFO - Started process (PID=55457) to work on /home/airflow/.local/lib/python3.12/site-packages/airflow/example_dags/example_branch_operator_decorator.py
[2026-05-01T00:04:37.656+0000] {processor.py:830} INFO - Processing file /home/airflow/.local/lib/python3.12/site-packages/airflow/example_dags/example_branch_operator_decorator.py for tasks to queue
[2026-05-01T00:04:37.658+0000] {logging_mixin.py:188} INFO - [2026-05-01T00:04:37.658+0000] {dagbag.py:545} INFO - Filling up the DagBag from /home/airflow/.local/lib/python3.12/site-packages/airflow/example_dags/example_branch_operator_decorator.py
[2026-05-01T00:04:37.675+0000] {processor.py:840} INFO - DAG(s) 'example_branch_python_operator_decorator' retrieved from /home/airflow/.local/lib/python3.12/site-packages/airflow/example_dags/example_branch_operator_decorator.py
[2026-05-01T00:04:37.696+0000] {logging_mixin.py:188} INFO - [2026-05-01T00:04:37.696+0000] {dag.py:3089} INFO - Sync 1 DAGs
[2026-05-01T00:04:37.707+0000] {logging_mixin.py:188} INFO - [2026-05-01T00:04:37.707+0000] {dag.py:3947} INFO - Setting next_dagrun for example_branch_python_operator_decorator to 2026-04-30 00:00:00+00:00, run_after=2026-05-01 00:00:00+00:00
[2026-05-01T00:04:37.715+0000] {processor.py:183} INFO - Processing /home/airflow/.local/lib/python3.12/site-packages/airflow/example_dags/example_branch_operator_decorator.py took 0.066 seconds
[2026-05-01T00:05:08.414+0000] {processor.py:161} INFO - Started process (PID=55518) to work on /home/airflow/.local/lib/python3.12/site-packages/airflow/example_dags/example_branch_operator_decorator.py
[2026-05-01T00:05:08.416+0000] {processor.py:830} INFO - Processing file /home/airflow/.local/lib/python3.12/site-packages/airflow/example_dags/example_branch_operator_decorator.py for tasks to queue
[2026-05-01T00:05:08.418+0000] {logging_mixin.py:188} INFO - [2026-05-01T00:05:08.418+0000] {dagbag.py:545} INFO - Filling up the DagBag from /home/airflow/.local/lib/python3.12/site-packages/airflow/example_dags/example_branch_operator_decorator.py
[2026-05-01T00:05:08.437+0000] {processor.py:840} INFO - DAG(s) 'example_branch_python_operator_decorator' retrieved from /home/airflow/.local/lib/python3.12/site-packages/airflow/example_dags/example_branch_operator_decorator.py
[2026-05-01T00:05:08.454+0000] {logging_mixin.py:188} INFO - [2026-05-01T00:05:08.454+0000] {dag.py:3089} INFO - Sync 1 DAGs
[2026-05-01T00:05:08.465+0000] {logging_mixin.py:188} INFO - [2026-05-01T00:05:08.465+0000] {dag.py:3947} INFO - Setting next_dagrun for example_branch_python_operator_decorator to 2026-04-30 00:00:00+00:00, run_after=2026-05-01 00:00:00+00:00
[2026-05-01T00:05:08.476+0000] {processor.py:183} INFO - Processing /home/airflow/.local/lib/python3.12/site-packages/airflow/example_dags/example_branch_operator_decorator.py took 0.068 seconds
[2026-05-01T00:05:39.201+0000] {processor.py:161} INFO - Started process (PID=55578) to work on /home/airflow/.local/lib/python3.12/site-packages/airflow/example_dags/example_branch_operator_decorator.py
[2026-05-01T00:05:39.203+0000] {processor.py:830} INFO - Processing file /home/airflow/.local/lib/python3.12/site-packages/airflow/example_dags/example_branch_operator_decorator.py for tasks to queue
[2026-05-01T00:05:39.204+0000] {logging_mixin.py:188} INFO - [2026-05-01T00:05:39.204+0000] {dagbag.py:545} INFO - Filling up the DagBag from /home/airflow/.local/lib/python3.12/site-packages/airflow/example_dags/example_branch_operator_decorator.py
[2026-05-01T00:05:39.222+0000] {processor.py:840} INFO - DAG(s) 'example_branch_python_operator_decorator' retrieved from /home/airflow/.local/lib/python3.12/site-packages/airflow/example_dags/example_branch_operator_decorator.py
[2026-05-01T00:05:39.240+0000] {logging_mixin.py:188} INFO - [2026-05-01T00:05:39.240+0000] {dag.py:3089} INFO - Sync 1 DAGs
[2026-05-01T00:05:39.249+0000] {logging_mixin.py:188} INFO - [2026-05-01T00:05:39.249+0000] {dag.py:3947} INFO - Setting next_dagrun for example_branch_python_operator_decorator to 2026-04-30 00:00:00+00:00, run_after=2026-05-01 00:00:00+00:00
[2026-05-01T00:05:39.258+0000] {processor.py:183} INFO - Processing /home/airflow/.local/lib/python3.12/site-packages/airflow/example_dags/example_branch_operator_decorator.py took 0.064 seconds
[2026-05-01T00:06:09.966+0000] {processor.py:161} INFO - Started process (PID=55638) to work on /home/airflow/.local/lib/python3.12/site-packages/airflow/example_dags/example_branch_operator_decorator.py
[2026-05-01T00:06:09.968+0000] {processor.py:830} INFO - Processing file /home/airflow/.local/lib/python3.12/site-packages/airflow/example_dags/example_branch_operator_decorator.py for tasks to queue
[2026-05-01T00:06:09.970+0000] {logging_mixin.py:188} INFO - [2026-05-01T00:06:09.970+0000] {dagbag.py:545} INFO - Filling up the DagBag from /home/airflow/.local/lib/python3.12/site-packages/airflow/example_dags/example_branch_operator_decorator.py
[2026-05-01T00:06:09.984+0000] {processor.py:840} INFO - DAG(s) 'example_branch_python_operator_decorator' retrieved from /home/airflow/.local/lib/python3.12/site-packages/airflow/example_dags/example_branch_operator_decorator.py
[2026-05-01T00:06:09.997+0000] {logging_mixin.py:188} INFO - [2026-05-01T00:06:09.997+0000] {dag.py:3089} INFO - Sync 1 DAGs
[2026-05-01T00:06:10.012+0000] {logging_mixin.py:188} INFO - [2026-05-01T00:06:10.011+0000] {dag.py:3947} INFO - Setting next_dagrun for example_branch_python_operator_decorator to 2026-04-30 00:00:00+00:00, run_after=2026-05-01 00:00:00+00:00
[2026-05-01T00:06:10.022+0000] {processor.py:183} INFO - Processing /home/airflow/.local/lib/python3.12/site-packages/airflow/example_dags/example_branch_operator_decorator.py took 0.062 seconds
[2026-05-01T00:06:40.678+0000] {processor.py:161} INFO - Started process (PID=55698) to work on /home/airflow/.local/lib/python3.12/site-packages/airflow/example_dags/example_branch_operator_decorator.py
[2026-05-01T00:06:40.681+0000] {processor.py:830} INFO - Processing file /home/airflow/.local/lib/python3.12/site-packages/airflow/example_dags/example_branch_operator_decorator.py for tasks to queue
[2026-05-01T00:06:40.685+0000] {logging_mixin.py:188} INFO - [2026-05-01T00:06:40.685+0000] {dagbag.py:545} INFO - Filling up the DagBag from /home/airflow/.local/lib/python3.12/site-packages/airflow/example_dags/example_branch_operator_decorator.py
[2026-05-01T00:06:40.701+0000] {processor.py:840} INFO - DAG(s) 'example_branch_python_operator_decorator' retrieved from /home/airflow/.local/lib/python3.12/site-packages/airflow/example_dags/example_branch_operator_decorator.py
[2026-05-01T00:06:40.714+0000] {logging_mixin.py:188} INFO - [2026-05-01T00:06:40.714+0000] {dag.py:3089} INFO - Sync 1 DAGs
[2026-05-01T00:06:40.801+0000] {logging_mixin.py:188} INFO - [2026-05-01T00:06:40.801+0000] {dag.py:3947} INFO - Setting next_dagrun for example_branch_python_operator_decorator to 2026-04-30 00:00:00+00:00, run_after=2026-05-01 00:00:00+00:00
[2026-05-01T00:06:40.811+0000] {processor.py:183} INFO - Processing /home/airflow/.local/lib/python3.12/site-packages/airflow/example_dags/example_branch_operator_decorator.py took 0.139 seconds
[2026-05-01T00:07:11.484+0000] {processor.py:161} INFO - Started process (PID=55758) to work on /home/airflow/.local/lib/python3.12/site-packages/airflow/example_dags/example_branch_operator_decorator.py
[2026-05-01T00:07:11.485+0000] {processor.py:830} INFO - Processing file /home/airflow/.local/lib/python3.12/site-packages/airflow/example_dags/example_branch_operator_decorator.py for tasks to queue
[2026-05-01T00:07:11.486+0000] {logging_mixin.py:188} INFO - [2026-05-01T00:07:11.486+0000] {dagbag.py:545} INFO - Filling up the DagBag from /home/airflow/.local/lib/python3.12/site-packages/airflow/example_dags/example_branch_operator_decorator.py
[2026-05-01T00:07:11.504+0000] {processor.py:840} INFO - DAG(s) 'example_branch_python_operator_decorator' retrieved from /home/airflow/.local/lib/python3.12/site-packages/airflow/example_dags/example_branch_operator_decorator.py
[2026-05-01T00:07:11.522+0000] {logging_mixin.py:188} INFO - [2026-05-01T00:07:11.522+0000] {dag.py:3089} INFO - Sync 1 DAGs
[2026-05-01T00:07:11.536+0000] {logging_mixin.py:188} INFO - [2026-05-01T00:07:11.536+0000] {dag.py:3947} INFO - Setting next_dagrun for example_branch_python_operator_decorator to 2026-04-30 00:00:00+00:00, run_after=2026-05-01 00:00:00+00:00
[2026-05-01T00:07:11.608+0000] {processor.py:183} INFO - Processing /home/airflow/.local/lib/python3.12/site-packages/airflow/example_dags/example_branch_operator_decorator.py took 0.131 seconds
[2026-05-01T00:07:41.817+0000] {processor.py:161} INFO - Started process (PID=55818) to work on /home/airflow/.local/lib/python3.12/site-packages/airflow/example_dags/example_branch_operator_decorator.py
[2026-05-01T00:07:41.818+0000] {processor.py:830} INFO - Processing file /home/airflow/.local/lib/python3.12/site-packages/airflow/example_dags/example_branch_operator_decorator.py for tasks to queue
[2026-05-01T00:07:41.821+0000] {logging_mixin.py:188} INFO - [2026-05-01T00:07:41.821+0000] {dagbag.py:545} INFO - Filling up the DagBag from /home/airflow/.local/lib/python3.12/site-packages/airflow/example_dags/example_branch_operator_decorator.py
[2026-05-01T00:07:41.832+0000] {processor.py:840} INFO - DAG(s) 'example_branch_python_operator_decorator' retrieved from /home/airflow/.local/lib/python3.12/site-packages/airflow/example_dags/example_branch_operator_decorator.py
[2026-05-01T00:07:41.848+0000] {logging_mixin.py:188} INFO - [2026-05-01T00:07:41.848+0000] {dag.py:3089} INFO - Sync 1 DAGs
[2026-05-01T00:07:41.860+0000] {logging_mixin.py:188} INFO - [2026-05-01T00:07:41.860+0000] {dag.py:3947} INFO - Setting next_dagrun for example_branch_python_operator_decorator to 2026-04-30 00:00:00+00:00, run_after=2026-05-01 00:00:00+00:00
[2026-05-01T00:07:41.945+0000] {processor.py:183} INFO - Processing /home/airflow/.local/lib/python3.12/site-packages/airflow/example_dags/example_branch_operator_decorator.py took 0.131 seconds
[2026-05-01T00:08:12.338+0000] {processor.py:161} INFO - Started process (PID=55878) to work on /home/airflow/.local/lib/python3.12/site-packages/airflow/example_dags/example_branch_operator_decorator.py
[2026-05-01T00:08:12.341+0000] {processor.py:830} INFO - Processing file /home/airflow/.local/lib/python3.12/site-packages/airflow/example_dags/example_branch_operator_decorator.py for tasks to queue
[2026-05-01T00:08:12.345+0000] {logging_mixin.py:188} INFO - [2026-05-01T00:08:12.344+0000] {dagbag.py:545} INFO - Filling up the DagBag from /home/airflow/.local/lib/python3.12/site-packages/airflow/example_dags/example_branch_operator_decorator.py
[2026-05-01T00:08:12.358+0000] {processor.py:840} INFO - DAG(s) 'example_branch_python_operator_decorator' retrieved from /home/airflow/.local/lib/python3.12/site-packages/airflow/example_dags/example_branch_operator_decorator.py
[2026-05-01T00:08:12.373+0000] {logging_mixin.py:188} INFO - [2026-05-01T00:08:12.373+0000] {dag.py:3089} INFO - Sync 1 DAGs
[2026-05-01T00:08:12.383+0000] {logging_mixin.py:188} INFO - [2026-05-01T00:08:12.383+0000] {dag.py:3947} INFO - Setting next_dagrun for example_branch_python_operator_decorator to 2026-04-30 00:00:00+00:00, run_after=2026-05-01 00:00:00+00:00
[2026-05-01T00:08:12.463+0000] {processor.py:183} INFO - Processing /home/airflow/.local/lib/python3.12/site-packages/airflow/example_dags/example_branch_operator_decorator.py took 0.132 seconds
[2026-05-01T00:08:43.050+0000] {processor.py:161} INFO - Started process (PID=55939) to work on /home/airflow/.local/lib/python3.12/site-packages/airflow/example_dags/example_branch_operator_decorator.py
[2026-05-01T00:08:43.052+0000] {processor.py:830} INFO - Processing file /home/airflow/.local/lib/python3.12/site-packages/airflow/example_dags/example_branch_operator_decorator.py for tasks to queue
[2026-05-01T00:08:43.054+0000] {logging_mixin.py:188} INFO - [2026-05-01T00:08:43.054+0000] {dagbag.py:545} INFO - Filling up the DagBag from /home/airflow/.local/lib/python3.12/site-packages/airflow/example_dags/example_branch_operator_decorator.py
[2026-05-01T00:08:43.068+0000] {processor.py:840} INFO - DAG(s) 'example_branch_python_operator_decorator' retrieved from /home/airflow/.local/lib/python3.12/site-packages/airflow/example_dags/example_branch_operator_decorator.py
[2026-05-01T00:08:43.087+0000] {logging_mixin.py:188} INFO - [2026-05-01T00:08:43.087+0000] {dag.py:3089} INFO - Sync 1 DAGs
[2026-05-01T00:08:43.097+0000] {logging_mixin.py:188} INFO - [2026-05-01T00:08:43.096+0000] {dag.py:3947} INFO - Setting next_dagrun for example_branch_python_operator_decorator to 2026-04-30 00:00:00+00:00, run_after=2026-05-01 00:00:00+00:00
[2026-05-01T00:08:43.174+0000] {processor.py:183} INFO - Processing /home/airflow/.local/lib/python3.12/site-packages/airflow/example_dags/example_branch_operator_decorator.py took 0.130 seconds
[2026-05-01T00:09:13.260+0000] {processor.py:161} INFO - Started process (PID=55999) to work on /home/airflow/.local/lib/python3.12/site-packages/airflow/example_dags/example_branch_operator_decorator.py
[2026-05-01T00:09:13.262+0000] {processor.py:830} INFO - Processing file /home/airflow/.local/lib/python3.12/site-packages/airflow/example_dags/example_branch_operator_decorator.py for tasks to queue
[2026-05-01T00:09:13.263+0000] {logging_mixin.py:188} INFO - [2026-05-01T00:09:13.263+0000] {dagbag.py:545} INFO - Filling up the DagBag from /home/airflow/.local/lib/python3.12/site-packages/airflow/example_dags/example_branch_operator_decorator.py
[2026-05-01T00:09:13.277+0000] {processor.py:840} INFO - DAG(s) 'example_branch_python_operator_decorator' retrieved from /home/airflow/.local/lib/python3.12/site-packages/airflow/example_dags/example_branch_operator_decorator.py
[2026-05-01T00:09:13.293+0000] {logging_mixin.py:188} INFO - [2026-05-01T00:09:13.293+0000] {dag.py:3089} INFO - Sync 1 DAGs
[2026-05-01T00:09:13.303+0000] {logging_mixin.py:188} INFO - [2026-05-01T00:09:13.303+0000] {dag.py:3947} INFO - Setting next_dagrun for example_branch_python_operator_decorator to 2026-04-30 00:00:00+00:00, run_after=2026-05-01 00:00:00+00:00
[2026-05-01T00:09:13.313+0000] {processor.py:183} INFO - Processing /home/airflow/.local/lib/python3.12/site-packages/airflow/example_dags/example_branch_operator_decorator.py took 0.060 seconds
[2026-05-01T00:09:44.035+0000] {processor.py:161} INFO - Started process (PID=56059) to work on /home/airflow/.local/lib/python3.12/site-packages/airflow/example_dags/example_branch_operator_decorator.py
[2026-05-01T00:09:44.037+0000] {processor.py:830} INFO - Processing file /home/airflow/.local/lib/python3.12/site-packages/airflow/example_dags/example_branch_operator_decorator.py for tasks to queue
[2026-05-01T00:09:44.038+0000] {logging_mixin.py:188} INFO - [2026-05-01T00:09:44.038+0000] {dagbag.py:545} INFO - Filling up the DagBag from /home/airflow/.local/lib/python3.12/site-packages/airflow/example_dags/example_branch_operator_decorator.py
[2026-05-01T00:09:44.052+0000] {processor.py:840} INFO - DAG(s) 'example_branch_python_operator_decorator' retrieved from /home/airflow/.local/lib/python3.12/site-packages/airflow/example_dags/example_branch_operator_decorator.py
[2026-05-01T00:09:44.068+0000] {logging_mixin.py:188} INFO - [2026-05-01T00:09:44.067+0000] {dag.py:3089} INFO - Sync 1 DAGs
[2026-05-01T00:09:44.082+0000] {logging_mixin.py:188} INFO - [2026-05-01T00:09:44.082+0000] {dag.py:3947} INFO - Setting next_dagrun for example_branch_python_operator_decorator to 2026-04-30 00:00:00+00:00, run_after=2026-05-01 00:00:00+00:00
[2026-05-01T00:09:44.093+0000] {processor.py:183} INFO - Processing /home/airflow/.local/lib/python3.12/site-packages/airflow/example_dags/example_branch_operator_decorator.py took 0.065 seconds
[2026-05-01T00:10:14.728+0000] {processor.py:161} INFO - Started process (PID=56119) to work on /home/airflow/.local/lib/python3.12/site-packages/airflow/example_dags/example_branch_operator_decorator.py
[2026-05-01T00:10:14.731+0000] {processor.py:830} INFO - Processing file /home/airflow/.local/lib/python3.12/site-packages/airflow/example_dags/example_branch_operator_decorator.py for tasks to queue
[2026-05-01T00:10:14.735+0000] {logging_mixin.py:188} INFO - [2026-05-01T00:10:14.735+0000] {dagbag.py:545} INFO - Filling up the DagBag from /home/airflow/.local/lib/python3.12/site-packages/airflow/example_dags/example_branch_operator_decorator.py
[2026-05-01T00:10:14.751+0000] {processor.py:840} INFO - DAG(s) 'example_branch_python_operator_decorator' retrieved from /home/airflow/.local/lib/python3.12/site-packages/airflow/example_dags/example_branch_operator_decorator.py
[2026-05-01T00:10:14.766+0000] {logging_mixin.py:188} INFO - [2026-05-01T00:10:14.766+0000] {dag.py:3089} INFO - Sync 1 DAGs
[2026-05-01T00:10:14.778+0000] {logging_mixin.py:188} INFO - [2026-05-01T00:10:14.777+0000] {dag.py:3947} INFO - Setting next_dagrun for example_branch_python_operator_decorator to 2026-04-30 00:00:00+00:00, run_after=2026-05-01 00:00:00+00:00
[2026-05-01T00:10:14.788+0000] {processor.py:183} INFO - Processing /home/airflow/.local/lib/python3.12/site-packages/airflow/example_dags/example_branch_operator_decorator.py took 0.066 seconds
[2026-05-01T00:10:45.503+0000] {processor.py:161} INFO - Started process (PID=56179) to work on /home/airflow/.local/lib/python3.12/site-packages/airflow/example_dags/example_branch_operator_decorator.py
[2026-05-01T00:10:45.504+0000] {processor.py:830} INFO - Processing file /home/airflow/.local/lib/python3.12/site-packages/airflow/example_dags/example_branch_operator_decorator.py for tasks to queue
[2026-05-01T00:10:45.506+0000] {logging_mixin.py:188} INFO - [2026-05-01T00:10:45.506+0000] {dagbag.py:545} INFO - Filling up the DagBag from /home/airflow/.local/lib/python3.12/site-packages/airflow/example_dags/example_branch_operator_decorator.py
[2026-05-01T00:10:45.521+0000] {processor.py:840} INFO - DAG(s) 'example_branch_python_operator_decorator' retrieved from /home/airflow/.local/lib/python3.12/site-packages/airflow/example_dags/example_branch_operator_decorator.py
[2026-05-01T00:10:45.540+0000] {logging_mixin.py:188} INFO - [2026-05-01T00:10:45.540+0000] {dag.py:3089} INFO - Sync 1 DAGs
[2026-05-01T00:10:45.550+0000] {logging_mixin.py:188} INFO - [2026-05-01T00:10:45.550+0000] {dag.py:3947} INFO - Setting next_dagrun for example_branch_python_operator_decorator to 2026-04-30 00:00:00+00:00, run_after=2026-05-01 00:00:00+00:00
[2026-05-01T00:10:45.561+0000] {processor.py:183} INFO - Processing /home/airflow/.local/lib/python3.12/site-packages/airflow/example_dags/example_branch_operator_decorator.py took 0.064 seconds
[2026-05-01T00:11:15.598+0000] {processor.py:161} INFO - Started process (PID=56239) to work on /home/airflow/.local/lib/python3.12/site-packages/airflow/example_dags/example_branch_operator_decorator.py
[2026-05-01T00:11:15.600+0000] {processor.py:830} INFO - Processing file /home/airflow/.local/lib/python3.12/site-packages/airflow/example_dags/example_branch_operator_decorator.py for tasks to queue
[2026-05-01T00:11:15.602+0000] {logging_mixin.py:188} INFO - [2026-05-01T00:11:15.602+0000] {dagbag.py:545} INFO - Filling up the DagBag from /home/airflow/.local/lib/python3.12/site-packages/airflow/example_dags/example_branch_operator_decorator.py
[2026-05-01T00:11:15.620+0000] {processor.py:840} INFO - DAG(s) 'example_branch_python_operator_decorator' retrieved from /home/airflow/.local/lib/python3.12/site-packages/airflow/example_dags/example_branch_operator_decorator.py
[2026-05-01T00:11:15.640+0000] {logging_mixin.py:188} INFO - [2026-05-01T00:11:15.640+0000] {dag.py:3089} INFO - Sync 1 DAGs
[2026-05-01T00:11:15.652+0000] {logging_mixin.py:188} INFO - [2026-05-01T00:11:15.651+0000] {dag.py:3947} INFO - Setting next_dagrun for example_branch_python_operator_decorator to 2026-04-30 00:00:00+00:00, run_after=2026-05-01 00:00:00+00:00
[2026-05-01T00:11:15.663+0000] {processor.py:183} INFO - Processing /home/airflow/.local/lib/python3.12/site-packages/airflow/example_dags/example_branch_operator_decorator.py took 0.074 seconds
[2026-05-01T00:11:46.292+0000] {processor.py:161} INFO - Started process (PID=56299) to work on /home/airflow/.local/lib/python3.12/site-packages/airflow/example_dags/example_branch_operator_decorator.py
[2026-05-01T00:11:46.294+0000] {processor.py:830} INFO - Processing file /home/airflow/.local/lib/python3.12/site-packages/airflow/example_dags/example_branch_operator_decorator.py for tasks to queue
[2026-05-01T00:11:46.296+0000] {logging_mixin.py:188} INFO - [2026-05-01T00:11:46.295+0000] {dagbag.py:545} INFO - Filling up the DagBag from /home/airflow/.local/lib/python3.12/site-packages/airflow/example_dags/example_branch_operator_decorator.py
[2026-05-01T00:11:46.312+0000] {processor.py:840} INFO - DAG(s) 'example_branch_python_operator_decorator' retrieved from /home/airflow/.local/lib/python3.12/site-packages/airflow/example_dags/example_branch_operator_decorator.py
[2026-05-01T00:11:46.325+0000] {logging_mixin.py:188} INFO - [2026-05-01T00:11:46.325+0000] {dag.py:3089} INFO - Sync 1 DAGs
[2026-05-01T00:11:46.335+0000] {logging_mixin.py:188} INFO - [2026-05-01T00:11:46.335+0000] {dag.py:3947} INFO - Setting next_dagrun for example_branch_python_operator_decorator to 2026-04-30 00:00:00+00:00, run_after=2026-05-01 00:00:00+00:00
[2026-05-01T00:11:46.345+0000] {processor.py:183} INFO - Processing /home/airflow/.local/lib/python3.12/site-packages/airflow/example_dags/example_branch_operator_decorator.py took 0.060 seconds
[2026-05-01T00:12:16.983+0000] {processor.py:161} INFO - Started process (PID=56359) to work on /home/airflow/.local/lib/python3.12/site-packages/airflow/example_dags/example_branch_operator_decorator.py
[2026-05-01T00:12:16.985+0000] {processor.py:830} INFO - Processing file /home/airflow/.local/lib/python3.12/site-packages/airflow/example_dags/example_branch_operator_decorator.py for tasks to queue
[2026-05-01T00:12:16.988+0000] {logging_mixin.py:188} INFO - [2026-05-01T00:12:16.987+0000] {dagbag.py:545} INFO - Filling up the DagBag from /home/airflow/.local/lib/python3.12/site-packages/airflow/example_dags/example_branch_operator_decorator.py
[2026-05-01T00:12:17.009+0000] {processor.py:840} INFO - DAG(s) 'example_branch_python_operator_decorator' retrieved from /home/airflow/.local/lib/python3.12/site-packages/airflow/example_dags/example_branch_operator_decorator.py
[2026-05-01T00:12:17.025+0000] {logging_mixin.py:188} INFO - [2026-05-01T00:12:17.025+0000] {dag.py:3089} INFO - Sync 1 DAGs
[2026-05-01T00:12:17.037+0000] {logging_mixin.py:188} INFO - [2026-05-01T00:12:17.037+0000] {dag.py:3947} INFO - Setting next_dagrun for example_branch_python_operator_decorator to 2026-04-30 00:00:00+00:00, run_after=2026-05-01 00:00:00+00:00
[2026-05-01T00:12:17.048+0000] {processor.py:183} INFO - Processing /home/airflow/.local/lib/python3.12/site-packages/airflow/example_dags/example_branch_operator_decorator.py took 0.072 seconds
[2026-05-01T00:12:47.588+0000] {processor.py:161} INFO - Started process (PID=56419) to work on /home/airflow/.local/lib/python3.12/site-packages/airflow/example_dags/example_branch_operator_decorator.py
[2026-05-01T00:12:47.597+0000] {processor.py:830} INFO - Processing file /home/airflow/.local/lib/python3.12/site-packages/airflow/example_dags/example_branch_operator_decorator.py for tasks to queue
[2026-05-01T00:12:47.599+0000] {logging_mixin.py:188} INFO - [2026-05-01T00:12:47.599+0000] {dagbag.py:545} INFO - Filling up the DagBag from /home/airflow/.local/lib/python3.12/site-packages/airflow/example_dags/example_branch_operator_decorator.py
[2026-05-01T00:12:47.609+0000] {processor.py:840} INFO - DAG(s) 'example_branch_python_operator_decorator' retrieved from /home/airflow/.local/lib/python3.12/site-packages/airflow/example_dags/example_branch_operator_decorator.py
[2026-05-01T00:12:47.632+0000] {logging_mixin.py:188} INFO - [2026-05-01T00:12:47.632+0000] {dag.py:3089} INFO - Sync 1 DAGs
[2026-05-01T00:12:47.649+0000] {logging_mixin.py:188} INFO - [2026-05-01T00:12:47.649+0000] {dag.py:3947} INFO - Setting next_dagrun for example_branch_python_operator_decorator to 2026-04-30 00:00:00+00:00, run_after=2026-05-01 00:00:00+00:00
[2026-05-01T00:12:47.655+0000] {processor.py:183} INFO - Processing /home/airflow/.local/lib/python3.12/site-packages/airflow/example_dags/example_branch_operator_decorator.py took 0.072 seconds
[2026-05-01T00:13:18.452+0000] {processor.py:161} INFO - Started process (PID=56479) to work on /home/airflow/.local/lib/python3.12/site-packages/airflow/example_dags/example_branch_operator_decorator.py
[2026-05-01T00:13:18.455+0000] {processor.py:830} INFO - Processing file /home/airflow/.local/lib/python3.12/site-packages/airflow/example_dags/example_branch_operator_decorator.py for tasks to queue
[2026-05-01T00:13:18.460+0000] {logging_mixin.py:188} INFO - [2026-05-01T00:13:18.460+0000] {dagbag.py:545} INFO - Filling up the DagBag from /home/airflow/.local/lib/python3.12/site-packages/airflow/example_dags/example_branch_operator_decorator.py
[2026-05-01T00:13:18.474+0000] {processor.py:840} INFO - DAG(s) 'example_branch_python_operator_decorator' retrieved from /home/airflow/.local/lib/python3.12/site-packages/airflow/example_dags/example_branch_operator_decorator.py
[2026-05-01T00:13:18.491+0000] {logging_mixin.py:188} INFO - [2026-05-01T00:13:18.491+0000] {dag.py:3089} INFO - Sync 1 DAGs
[2026-05-01T00:13:18.501+0000] {logging_mixin.py:188} INFO - [2026-05-01T00:13:18.501+0000] {dag.py:3947} INFO - Setting next_dagrun for example_branch_python_operator_decorator to 2026-04-30 00:00:00+00:00, run_after=2026-05-01 00:00:00+00:00
[2026-05-01T00:13:18.511+0000] {processor.py:183} INFO - Processing /home/airflow/.local/lib/python3.12/site-packages/airflow/example_dags/example_branch_operator_decorator.py took 0.070 seconds
[2026-05-01T00:13:48.855+0000] {processor.py:161} INFO - Started process (PID=56539) to work on /home/airflow/.local/lib/python3.12/site-packages/airflow/example_dags/example_branch_operator_decorator.py
[2026-05-01T00:13:48.857+0000] {processor.py:830} INFO - Processing file /home/airflow/.local/lib/python3.12/site-packages/airflow/example_dags/example_branch_operator_decorator.py for tasks to queue
[2026-05-01T00:13:48.860+0000] {logging_mixin.py:188} INFO - [2026-05-01T00:13:48.860+0000] {dagbag.py:545} INFO - Filling up the DagBag from /home/airflow/.local/lib/python3.12/site-packages/airflow/example_dags/example_branch_operator_decorator.py
[2026-05-01T00:13:48.882+0000] {processor.py:840} INFO - DAG(s) 'example_branch_python_operator_decorator' retrieved from /home/airflow/.local/lib/python3.12/site-packages/airflow/example_dags/example_branch_operator_decorator.py
[2026-05-01T00:13:48.897+0000] {logging_mixin.py:188} INFO - [2026-05-01T00:13:48.897+0000] {dag.py:3089} INFO - Sync 1 DAGs
[2026-05-01T00:13:48.911+0000] {logging_mixin.py:188} INFO - [2026-05-01T00:13:48.911+0000] {dag.py:3947} INFO - Setting next_dagrun for example_branch_python_operator_decorator to 2026-04-30 00:00:00+00:00, run_after=2026-05-01 00:00:00+00:00
[2026-05-01T00:13:48.921+0000] {processor.py:183} INFO - Processing /home/airflow/.local/lib/python3.12/site-packages/airflow/example_dags/example_branch_operator_decorator.py took 0.074 seconds
[2026-05-01T00:14:19.519+0000] {processor.py:161} INFO - Started process (PID=56599) to work on /home/airflow/.local/lib/python3.12/site-packages/airflow/example_dags/example_branch_operator_decorator.py
[2026-05-01T00:14:19.521+0000] {processor.py:830} INFO - Processing file /home/airflow/.local/lib/python3.12/site-packages/airflow/example_dags/example_branch_operator_decorator.py for tasks to queue
[2026-05-01T00:14:19.522+0000] {logging_mixin.py:188} INFO - [2026-05-01T00:14:19.522+0000] {dagbag.py:545} INFO - Filling up the DagBag from /home/airflow/.local/lib/python3.12/site-packages/airflow/example_dags/example_branch_operator_decorator.py
[2026-05-01T00:14:19.541+0000] {processor.py:840} INFO - DAG(s) 'example_branch_python_operator_decorator' retrieved from /home/airflow/.local/lib/python3.12/site-packages/airflow/example_dags/example_branch_operator_decorator.py
[2026-05-01T00:14:19.561+0000] {logging_mixin.py:188} INFO - [2026-05-01T00:14:19.561+0000] {dag.py:3089} INFO - Sync 1 DAGs
[2026-05-01T00:14:19.574+0000] {logging_mixin.py:188} INFO - [2026-05-01T00:14:19.574+0000] {dag.py:3947} INFO - Setting next_dagrun for example_branch_python_operator_decorator to 2026-04-30 00:00:00+00:00, run_after=2026-05-01 00:00:00+00:00
[2026-05-01T00:14:19.584+0000] {processor.py:183} INFO - Processing /home/airflow/.local/lib/python3.12/site-packages/airflow/example_dags/example_branch_operator_decorator.py took 0.072 seconds
[2026-05-01T00:14:50.135+0000] {processor.py:161} INFO - Started process (PID=56659) to work on /home/airflow/.local/lib/python3.12/site-packages/airflow/example_dags/example_branch_operator_decorator.py
[2026-05-01T00:14:50.137+0000] {processor.py:830} INFO - Processing file /home/airflow/.local/lib/python3.12/site-packages/airflow/example_dags/example_branch_operator_decorator.py for tasks to queue
[2026-05-01T00:14:50.140+0000] {logging_mixin.py:188} INFO - [2026-05-01T00:14:50.139+0000] {dagbag.py:545} INFO - Filling up the DagBag from /home/airflow/.local/lib/python3.12/site-packages/airflow/example_dags/example_branch_operator_decorator.py
[2026-05-01T00:14:50.159+0000] {processor.py:840} INFO - DAG(s) 'example_branch_python_operator_decorator' retrieved from /home/airflow/.local/lib/python3.12/site-packages/airflow/example_dags/example_branch_operator_decorator.py
[2026-05-01T00:14:50.179+0000] {logging_mixin.py:188} INFO - [2026-05-01T00:14:50.178+0000] {dag.py:3089} INFO - Sync 1 DAGs
[2026-05-01T00:14:50.187+0000] {logging_mixin.py:188} INFO - [2026-05-01T00:14:50.187+0000] {dag.py:3947} INFO - Setting next_dagrun for example_branch_python_operator_decorator to 2026-04-30 00:00:00+00:00, run_after=2026-05-01 00:00:00+00:00
[2026-05-01T00:14:50.198+0000] {processor.py:183} INFO - Processing /home/airflow/.local/lib/python3.12/site-packages/airflow/example_dags/example_branch_operator_decorator.py took 0.070 seconds
[2026-05-01T00:15:20.731+0000] {processor.py:161} INFO - Started process (PID=56719) to work on /home/airflow/.local/lib/python3.12/site-packages/airflow/example_dags/example_branch_operator_decorator.py
[2026-05-01T00:15:20.732+0000] {processor.py:830} INFO - Processing file /home/airflow/.local/lib/python3.12/site-packages/airflow/example_dags/example_branch_operator_decorator.py for tasks to queue
[2026-05-01T00:15:20.733+0000] {logging_mixin.py:188} INFO - [2026-05-01T00:15:20.733+0000] {dagbag.py:545} INFO - Filling up the DagBag from /home/airflow/.local/lib/python3.12/site-packages/airflow/example_dags/example_branch_operator_decorator.py
[2026-05-01T00:15:20.744+0000] {processor.py:840} INFO - DAG(s) 'example_branch_python_operator_decorator' retrieved from /home/airflow/.local/lib/python3.12/site-packages/airflow/example_dags/example_branch_operator_decorator.py
[2026-05-01T00:15:20.759+0000] {logging_mixin.py:188} INFO - [2026-05-01T00:15:20.759+0000] {dag.py:3089} INFO - Sync 1 DAGs
[2026-05-01T00:15:20.767+0000] {logging_mixin.py:188} INFO - [2026-05-01T00:15:20.767+0000] {dag.py:3947} INFO - Setting next_dagrun for example_branch_python_operator_decorator to 2026-04-30 00:00:00+00:00, run_after=2026-05-01 00:00:00+00:00
[2026-05-01T00:15:20.776+0000] {processor.py:183} INFO - Processing /home/airflow/.local/lib/python3.12/site-packages/airflow/example_dags/example_branch_operator_decorator.py took 0.049 seconds
[2026-05-01T00:15:51.354+0000] {processor.py:161} INFO - Started process (PID=56779) to work on /home/airflow/.local/lib/python3.12/site-packages/airflow/example_dags/example_branch_operator_decorator.py
[2026-05-01T00:15:51.355+0000] {processor.py:830} INFO - Processing file /home/airflow/.local/lib/python3.12/site-packages/airflow/example_dags/example_branch_operator_decorator.py for tasks to queue
[2026-05-01T00:15:51.356+0000] {logging_mixin.py:188} INFO - [2026-05-01T00:15:51.356+0000] {dagbag.py:545} INFO - Filling up the DagBag from /home/airflow/.local/lib/python3.12/site-packages/airflow/example_dags/example_branch_operator_decorator.py
[2026-05-01T00:15:51.371+0000] {processor.py:840} INFO - DAG(s) 'example_branch_python_operator_decorator' retrieved from /home/airflow/.local/lib/python3.12/site-packages/airflow/example_dags/example_branch_operator_decorator.py
[2026-05-01T00:15:51.388+0000] {logging_mixin.py:188} INFO - [2026-05-01T00:15:51.388+0000] {dag.py:3089} INFO - Sync 1 DAGs
[2026-05-01T00:15:51.399+0000] {logging_mixin.py:188} INFO - [2026-05-01T00:15:51.399+0000] {dag.py:3947} INFO - Setting next_dagrun for example_branch_python_operator_decorator to 2026-04-30 00:00:00+00:00, run_after=2026-05-01 00:00:00+00:00
[2026-05-01T00:15:51.409+0000] {processor.py:183} INFO - Processing /home/airflow/.local/lib/python3.12/site-packages/airflow/example_dags/example_branch_operator_decorator.py took 0.059 seconds
[2026-05-01T00:16:21.914+0000] {processor.py:161} INFO - Started process (PID=56839) to work on /home/airflow/.local/lib/python3.12/site-packages/airflow/example_dags/example_branch_operator_decorator.py
[2026-05-01T00:16:21.918+0000] {processor.py:830} INFO - Processing file /home/airflow/.local/lib/python3.12/site-packages/airflow/example_dags/example_branch_operator_decorator.py for tasks to queue
[2026-05-01T00:16:21.919+0000] {logging_mixin.py:188} INFO - [2026-05-01T00:16:21.918+0000] {dagbag.py:545} INFO - Filling up the DagBag from /home/airflow/.local/lib/python3.12/site-packages/airflow/example_dags/example_branch_operator_decorator.py
[2026-05-01T00:16:21.929+0000] {processor.py:840} INFO - DAG(s) 'example_branch_python_operator_decorator' retrieved from /home/airflow/.local/lib/python3.12/site-packages/airflow/example_dags/example_branch_operator_decorator.py
[2026-05-01T00:16:21.944+0000] {logging_mixin.py:188} INFO - [2026-05-01T00:16:21.944+0000] {dag.py:3089} INFO - Sync 1 DAGs
[2026-05-01T00:16:21.956+0000] {logging_mixin.py:188} INFO - [2026-05-01T00:16:21.956+0000] {dag.py:3947} INFO - Setting next_dagrun for example_branch_python_operator_decorator to 2026-04-30 00:00:00+00:00, run_after=2026-05-01 00:00:00+00:00
[2026-05-01T00:16:21.968+0000] {processor.py:183} INFO - Processing /home/airflow/.local/lib/python3.12/site-packages/airflow/example_dags/example_branch_operator_decorator.py took 0.057 seconds
[2026-05-01T00:16:52.584+0000] {processor.py:161} INFO - Started process (PID=56899) to work on /home/airflow/.local/lib/python3.12/site-packages/airflow/example_dags/example_branch_operator_decorator.py
[2026-05-01T00:16:52.586+0000] {processor.py:830} INFO - Processing file /home/airflow/.local/lib/python3.12/site-packages/airflow/example_dags/example_branch_operator_decorator.py for tasks to queue
[2026-05-01T00:16:52.588+0000] {logging_mixin.py:188} INFO - [2026-05-01T00:16:52.588+0000] {dagbag.py:545} INFO - Filling up the DagBag from /home/airflow/.local/lib/python3.12/site-packages/airflow/example_dags/example_branch_operator_decorator.py
[2026-05-01T00:16:52.600+0000] {processor.py:840} INFO - DAG(s) 'example_branch_python_operator_decorator' retrieved from /home/airflow/.local/lib/python3.12/site-packages/airflow/example_dags/example_branch_operator_decorator.py
[2026-05-01T00:16:52.614+0000] {logging_mixin.py:188} INFO - [2026-05-01T00:16:52.614+0000] {dag.py:3089} INFO - Sync 1 DAGs
[2026-05-01T00:16:52.626+0000] {logging_mixin.py:188} INFO - [2026-05-01T00:16:52.626+0000] {dag.py:3947} INFO - Setting next_dagrun for example_branch_python_operator_decorator to 2026-04-30 00:00:00+00:00, run_after=2026-05-01 00:00:00+00:00
[2026-05-01T00:16:52.639+0000] {processor.py:183} INFO - Processing /home/airflow/.local/lib/python3.12/site-packages/airflow/example_dags/example_branch_operator_decorator.py took 0.059 seconds
[2026-05-01T00:17:23.406+0000] {processor.py:161} INFO - Started process (PID=56959) to work on /home/airflow/.local/lib/python3.12/site-packages/airflow/example_dags/example_branch_operator_decorator.py
[2026-05-01T00:17:23.409+0000] {processor.py:830} INFO - Processing file /home/airflow/.local/lib/python3.12/site-packages/airflow/example_dags/example_branch_operator_decorator.py for tasks to queue
[2026-05-01T00:17:23.414+0000] {logging_mixin.py:188} INFO - [2026-05-01T00:17:23.413+0000] {dagbag.py:545} INFO - Filling up the DagBag from /home/airflow/.local/lib/python3.12/site-packages/airflow/example_dags/example_branch_operator_decorator.py
[2026-05-01T00:17:23.433+0000] {processor.py:840} INFO - DAG(s) 'example_branch_python_operator_decorator' retrieved from /home/airflow/.local/lib/python3.12/site-packages/airflow/example_dags/example_branch_operator_decorator.py
[2026-05-01T00:17:23.453+0000] {logging_mixin.py:188} INFO - [2026-05-01T00:17:23.453+0000] {dag.py:3089} INFO - Sync 1 DAGs
[2026-05-01T00:17:23.470+0000] {logging_mixin.py:188} INFO - [2026-05-01T00:17:23.470+0000] {dag.py:3947} INFO - Setting next_dagrun for example_branch_python_operator_decorator to 2026-04-30 00:00:00+00:00, run_after=2026-05-01 00:00:00+00:00
[2026-05-01T00:17:23.481+0000] {processor.py:183} INFO - Processing /home/airflow/.local/lib/python3.12/site-packages/airflow/example_dags/example_branch_operator_decorator.py took 0.083 seconds
[2026-05-01T00:17:53.534+0000] {processor.py:161} INFO - Started process (PID=57017) to work on /home/airflow/.local/lib/python3.12/site-packages/airflow/example_dags/example_branch_operator_decorator.py
[2026-05-01T00:17:53.539+0000] {processor.py:830} INFO - Processing file /home/airflow/.local/lib/python3.12/site-packages/airflow/example_dags/example_branch_operator_decorator.py for tasks to queue
[2026-05-01T00:17:53.541+0000] {logging_mixin.py:188} INFO - [2026-05-01T00:17:53.541+0000] {dagbag.py:545} INFO - Filling up the DagBag from /home/airflow/.local/lib/python3.12/site-packages/airflow/example_dags/example_branch_operator_decorator.py
[2026-05-01T00:17:53.560+0000] {processor.py:840} INFO - DAG(s) 'example_branch_python_operator_decorator' retrieved from /home/airflow/.local/lib/python3.12/site-packages/airflow/example_dags/example_branch_operator_decorator.py
[2026-05-01T00:17:53.572+0000] {logging_mixin.py:188} INFO - [2026-05-01T00:17:53.572+0000] {dag.py:3089} INFO - Sync 1 DAGs
[2026-05-01T00:17:53.583+0000] {logging_mixin.py:188} INFO - [2026-05-01T00:17:53.583+0000] {dag.py:3947} INFO - Setting next_dagrun for example_branch_python_operator_decorator to 2026-04-30 00:00:00+00:00, run_after=2026-05-01 00:00:00+00:00
[2026-05-01T00:17:53.590+0000] {processor.py:183} INFO - Processing /home/airflow/.local/lib/python3.12/site-packages/airflow/example_dags/example_branch_operator_decorator.py took 0.063 seconds
[2026-05-01T00:18:24.466+0000] {processor.py:161} INFO - Started process (PID=57076) to work on /home/airflow/.local/lib/python3.12/site-packages/airflow/example_dags/example_branch_operator_decorator.py
[2026-05-01T00:18:24.468+0000] {processor.py:830} INFO - Processing file /home/airflow/.local/lib/python3.12/site-packages/airflow/example_dags/example_branch_operator_decorator.py for tasks to queue
[2026-05-01T00:18:24.471+0000] {logging_mixin.py:188} INFO - [2026-05-01T00:18:24.471+0000] {dagbag.py:545} INFO - Filling up the DagBag from /home/airflow/.local/lib/python3.12/site-packages/airflow/example_dags/example_branch_operator_decorator.py
[2026-05-01T00:18:24.490+0000] {processor.py:840} INFO - DAG(s) 'example_branch_python_operator_decorator' retrieved from /home/airflow/.local/lib/python3.12/site-packages/airflow/example_dags/example_branch_operator_decorator.py
[2026-05-01T00:18:24.507+0000] {logging_mixin.py:188} INFO - [2026-05-01T00:18:24.507+0000] {dag.py:3089} INFO - Sync 1 DAGs
[2026-05-01T00:18:24.522+0000] {logging_mixin.py:188} INFO - [2026-05-01T00:18:24.522+0000] {dag.py:3947} INFO - Setting next_dagrun for example_branch_python_operator_decorator to 2026-04-30 00:00:00+00:00, run_after=2026-05-01 00:00:00+00:00
[2026-05-01T00:18:24.532+0000] {processor.py:183} INFO - Processing /home/airflow/.local/lib/python3.12/site-packages/airflow/example_dags/example_branch_operator_decorator.py took 0.076 seconds
[2026-05-01T00:18:55.205+0000] {processor.py:161} INFO - Started process (PID=57136) to work on /home/airflow/.local/lib/python3.12/site-packages/airflow/example_dags/example_branch_operator_decorator.py
[2026-05-01T00:18:55.206+0000] {processor.py:830} INFO - Processing file /home/airflow/.local/lib/python3.12/site-packages/airflow/example_dags/example_branch_operator_decorator.py for tasks to queue
[2026-05-01T00:18:55.208+0000] {logging_mixin.py:188} INFO - [2026-05-01T00:18:55.207+0000] {dagbag.py:545} INFO - Filling up the DagBag from /home/airflow/.local/lib/python3.12/site-packages/airflow/example_dags/example_branch_operator_decorator.py
[2026-05-01T00:18:55.221+0000] {processor.py:840} INFO - DAG(s) 'example_branch_python_operator_decorator' retrieved from /home/airflow/.local/lib/python3.12/site-packages/airflow/example_dags/example_branch_operator_decorator.py
[2026-05-01T00:18:55.237+0000] {logging_mixin.py:188} INFO - [2026-05-01T00:18:55.237+0000] {dag.py:3089} INFO - Sync 1 DAGs
[2026-05-01T00:18:55.249+0000] {logging_mixin.py:188} INFO - [2026-05-01T00:18:55.249+0000] {dag.py:3947} INFO - Setting next_dagrun for example_branch_python_operator_decorator to 2026-04-30 00:00:00+00:00, run_after=2026-05-01 00:00:00+00:00
[2026-05-01T00:18:55.260+0000] {processor.py:183} INFO - Processing /home/airflow/.local/lib/python3.12/site-packages/airflow/example_dags/example_branch_operator_decorator.py took 0.063 seconds
[2026-05-01T00:19:25.883+0000] {processor.py:161} INFO - Started process (PID=57196) to work on /home/airflow/.local/lib/python3.12/site-packages/airflow/example_dags/example_branch_operator_decorator.py
[2026-05-01T00:19:25.884+0000] {processor.py:830} INFO - Processing file /home/airflow/.local/lib/python3.12/site-packages/airflow/example_dags/example_branch_operator_decorator.py for tasks to queue
[2026-05-01T00:19:25.885+0000] {logging_mixin.py:188} INFO - [2026-05-01T00:19:25.885+0000] {dagbag.py:545} INFO - Filling up the DagBag from /home/airflow/.local/lib/python3.12/site-packages/airflow/example_dags/example_branch_operator_decorator.py
[2026-05-01T00:19:25.905+0000] {processor.py:840} INFO - DAG(s) 'example_branch_python_operator_decorator' retrieved from /home/airflow/.local/lib/python3.12/site-packages/airflow/example_dags/example_branch_operator_decorator.py
[2026-05-01T00:19:25.924+0000] {logging_mixin.py:188} INFO - [2026-05-01T00:19:25.924+0000] {dag.py:3089} INFO - Sync 1 DAGs
[2026-05-01T00:19:25.937+0000] {logging_mixin.py:188} INFO - [2026-05-01T00:19:25.937+0000] {dag.py:3947} INFO - Setting next_dagrun for example_branch_python_operator_decorator to 2026-04-30 00:00:00+00:00, run_after=2026-05-01 00:00:00+00:00
[2026-05-01T00:19:25.948+0000] {processor.py:183} INFO - Processing /home/airflow/.local/lib/python3.12/site-packages/airflow/example_dags/example_branch_operator_decorator.py took 0.076 seconds
[2026-05-01T00:19:56.865+0000] {processor.py:161} INFO - Started process (PID=57256) to work on /home/airflow/.local/lib/python3.12/site-packages/airflow/example_dags/example_branch_operator_decorator.py
[2026-05-01T00:19:56.867+0000] {processor.py:830} INFO - Processing file /home/airflow/.local/lib/python3.12/site-packages/airflow/example_dags/example_branch_operator_decorator.py for tasks to queue
[2026-05-01T00:19:56.870+0000] {logging_mixin.py:188} INFO - [2026-05-01T00:19:56.870+0000] {dagbag.py:545} INFO - Filling up the DagBag from /home/airflow/.local/lib/python3.12/site-packages/airflow/example_dags/example_branch_operator_decorator.py
[2026-05-01T00:19:56.892+0000] {processor.py:840} INFO - DAG(s) 'example_branch_python_operator_decorator' retrieved from /home/airflow/.local/lib/python3.12/site-packages/airflow/example_dags/example_branch_operator_decorator.py
[2026-05-01T00:19:56.911+0000] {logging_mixin.py:188} INFO - [2026-05-01T00:19:56.910+0000] {dag.py:3089} INFO - Sync 1 DAGs
[2026-05-01T00:19:56.927+0000] {logging_mixin.py:188} INFO - [2026-05-01T00:19:56.927+0000] {dag.py:3947} INFO - Setting next_dagrun for example_branch_python_operator_decorator to 2026-04-30 00:00:00+00:00, run_after=2026-05-01 00:00:00+00:00
[2026-05-01T00:19:56.940+0000] {processor.py:183} INFO - Processing /home/airflow/.local/lib/python3.12/site-packages/airflow/example_dags/example_branch_operator_decorator.py took 0.086 seconds
[2026-05-01T00:20:27.041+0000] {processor.py:161} INFO - Started process (PID=57316) to work on /home/airflow/.local/lib/python3.12/site-packages/airflow/example_dags/example_branch_operator_decorator.py
[2026-05-01T00:20:27.045+0000] {processor.py:830} INFO - Processing file /home/airflow/.local/lib/python3.12/site-packages/airflow/example_dags/example_branch_operator_decorator.py for tasks to queue
[2026-05-01T00:20:27.047+0000] {logging_mixin.py:188} INFO - [2026-05-01T00:20:27.046+0000] {dagbag.py:545} INFO - Filling up the DagBag from /home/airflow/.local/lib/python3.12/site-packages/airflow/example_dags/example_branch_operator_decorator.py
[2026-05-01T00:20:27.068+0000] {processor.py:840} INFO - DAG(s) 'example_branch_python_operator_decorator' retrieved from /home/airflow/.local/lib/python3.12/site-packages/airflow/example_dags/example_branch_operator_decorator.py
[2026-05-01T00:20:27.084+0000] {logging_mixin.py:188} INFO - [2026-05-01T00:20:27.084+0000] {dag.py:3089} INFO - Sync 1 DAGs
[2026-05-01T00:20:27.098+0000] {logging_mixin.py:188} INFO - [2026-05-01T00:20:27.098+0000] {dag.py:3947} INFO - Setting next_dagrun for example_branch_python_operator_decorator to 2026-04-30 00:00:00+00:00, run_after=2026-05-01 00:00:00+00:00
[2026-05-01T00:20:27.111+0000] {processor.py:183} INFO - Processing /home/airflow/.local/lib/python3.12/site-packages/airflow/example_dags/example_branch_operator_decorator.py took 0.078 seconds
[2026-05-01T00:20:58.144+0000] {processor.py:161} INFO - Started process (PID=57376) to work on /home/airflow/.local/lib/python3.12/site-packages/airflow/example_dags/example_branch_operator_decorator.py
[2026-05-01T00:20:58.147+0000] {processor.py:830} INFO - Processing file /home/airflow/.local/lib/python3.12/site-packages/airflow/example_dags/example_branch_operator_decorator.py for tasks to queue
[2026-05-01T00:20:58.149+0000] {logging_mixin.py:188} INFO - [2026-05-01T00:20:58.149+0000] {dagbag.py:545} INFO - Filling up the DagBag from /home/airflow/.local/lib/python3.12/site-packages/airflow/example_dags/example_branch_operator_decorator.py
[2026-05-01T00:20:58.178+0000] {processor.py:840} INFO - DAG(s) 'example_branch_python_operator_decorator' retrieved from /home/airflow/.local/lib/python3.12/site-packages/airflow/example_dags/example_branch_operator_decorator.py
[2026-05-01T00:20:58.201+0000] {logging_mixin.py:188} INFO - [2026-05-01T00:20:58.201+0000] {dag.py:3089} INFO - Sync 1 DAGs
[2026-05-01T00:20:58.223+0000] {logging_mixin.py:188} INFO - [2026-05-01T00:20:58.223+0000] {dag.py:3947} INFO - Setting next_dagrun for example_branch_python_operator_decorator to 2026-04-30 00:00:00+00:00, run_after=2026-05-01 00:00:00+00:00
[2026-05-01T00:20:58.236+0000] {processor.py:183} INFO - Processing /home/airflow/.local/lib/python3.12/site-packages/airflow/example_dags/example_branch_operator_decorator.py took 0.108 seconds
[2026-05-01T00:21:28.263+0000] {processor.py:161} INFO - Started process (PID=57436) to work on /home/airflow/.local/lib/python3.12/site-packages/airflow/example_dags/example_branch_operator_decorator.py
[2026-05-01T00:21:28.265+0000] {processor.py:830} INFO - Processing file /home/airflow/.local/lib/python3.12/site-packages/airflow/example_dags/example_branch_operator_decorator.py for tasks to queue
[2026-05-01T00:21:28.267+0000] {logging_mixin.py:188} INFO - [2026-05-01T00:21:28.267+0000] {dagbag.py:545} INFO - Filling up the DagBag from /home/airflow/.local/lib/python3.12/site-packages/airflow/example_dags/example_branch_operator_decorator.py
[2026-05-01T00:21:28.293+0000] {processor.py:840} INFO - DAG(s) 'example_branch_python_operator_decorator' retrieved from /home/airflow/.local/lib/python3.12/site-packages/airflow/example_dags/example_branch_operator_decorator.py
[2026-05-01T00:21:28.309+0000] {logging_mixin.py:188} INFO - [2026-05-01T00:21:28.309+0000] {dag.py:3089} INFO - Sync 1 DAGs
[2026-05-01T00:21:28.317+0000] {logging_mixin.py:188} INFO - [2026-05-01T00:21:28.317+0000] {dag.py:3947} INFO - Setting next_dagrun for example_branch_python_operator_decorator to 2026-04-30 00:00:00+00:00, run_after=2026-05-01 00:00:00+00:00
[2026-05-01T00:21:28.323+0000] {processor.py:183} INFO - Processing /home/airflow/.local/lib/python3.12/site-packages/airflow/example_dags/example_branch_operator_decorator.py took 0.068 seconds
[2026-05-01T00:21:58.700+0000] {processor.py:161} INFO - Started process (PID=57496) to work on /home/airflow/.local/lib/python3.12/site-packages/airflow/example_dags/example_branch_operator_decorator.py
[2026-05-01T00:21:58.702+0000] {processor.py:830} INFO - Processing file /home/airflow/.local/lib/python3.12/site-packages/airflow/example_dags/example_branch_operator_decorator.py for tasks to queue
[2026-05-01T00:21:58.706+0000] {logging_mixin.py:188} INFO - [2026-05-01T00:21:58.706+0000] {dagbag.py:545} INFO - Filling up the DagBag from /home/airflow/.local/lib/python3.12/site-packages/airflow/example_dags/example_branch_operator_decorator.py
[2026-05-01T00:21:58.723+0000] {processor.py:840} INFO - DAG(s) 'example_branch_python_operator_decorator' retrieved from /home/airflow/.local/lib/python3.12/site-packages/airflow/example_dags/example_branch_operator_decorator.py
[2026-05-01T00:21:58.740+0000] {logging_mixin.py:188} INFO - [2026-05-01T00:21:58.740+0000] {dag.py:3089} INFO - Sync 1 DAGs
[2026-05-01T00:21:58.752+0000] {logging_mixin.py:188} INFO - [2026-05-01T00:21:58.752+0000] {dag.py:3947} INFO - Setting next_dagrun for example_branch_python_operator_decorator to 2026-04-30 00:00:00+00:00, run_after=2026-05-01 00:00:00+00:00
[2026-05-01T00:21:58.762+0000] {processor.py:183} INFO - Processing /home/airflow/.local/lib/python3.12/site-packages/airflow/example_dags/example_branch_operator_decorator.py took 0.066 seconds
[2026-05-01T00:22:29.570+0000] {processor.py:161} INFO - Started process (PID=57556) to work on /home/airflow/.local/lib/python3.12/site-packages/airflow/example_dags/example_branch_operator_decorator.py
[2026-05-01T00:22:29.571+0000] {processor.py:830} INFO - Processing file /home/airflow/.local/lib/python3.12/site-packages/airflow/example_dags/example_branch_operator_decorator.py for tasks to queue
[2026-05-01T00:22:29.573+0000] {logging_mixin.py:188} INFO - [2026-05-01T00:22:29.573+0000] {dagbag.py:545} INFO - Filling up the DagBag from /home/airflow/.local/lib/python3.12/site-packages/airflow/example_dags/example_branch_operator_decorator.py
[2026-05-01T00:22:29.588+0000] {processor.py:840} INFO - DAG(s) 'example_branch_python_operator_decorator' retrieved from /home/airflow/.local/lib/python3.12/site-packages/airflow/example_dags/example_branch_operator_decorator.py
[2026-05-01T00:22:29.610+0000] {logging_mixin.py:188} INFO - [2026-05-01T00:22:29.610+0000] {dag.py:3089} INFO - Sync 1 DAGs
[2026-05-01T00:22:29.624+0000] {logging_mixin.py:188} INFO - [2026-05-01T00:22:29.623+0000] {dag.py:3947} INFO - Setting next_dagrun for example_branch_python_operator_decorator to 2026-04-30 00:00:00+00:00, run_after=2026-05-01 00:00:00+00:00
[2026-05-01T00:22:29.631+0000] {processor.py:183} INFO - Processing /home/airflow/.local/lib/python3.12/site-packages/airflow/example_dags/example_branch_operator_decorator.py took 0.067 seconds
[2026-05-01T00:23:00.421+0000] {processor.py:161} INFO - Started process (PID=57616) to work on /home/airflow/.local/lib/python3.12/site-packages/airflow/example_dags/example_branch_operator_decorator.py
[2026-05-01T00:23:00.423+0000] {processor.py:830} INFO - Processing file /home/airflow/.local/lib/python3.12/site-packages/airflow/example_dags/example_branch_operator_decorator.py for tasks to queue
[2026-05-01T00:23:00.425+0000] {logging_mixin.py:188} INFO - [2026-05-01T00:23:00.425+0000] {dagbag.py:545} INFO - Filling up the DagBag from /home/airflow/.local/lib/python3.12/site-packages/airflow/example_dags/example_branch_operator_decorator.py
[2026-05-01T00:23:00.444+0000] {processor.py:840} INFO - DAG(s) 'example_branch_python_operator_decorator' retrieved from /home/airflow/.local/lib/python3.12/site-packages/airflow/example_dags/example_branch_operator_decorator.py
[2026-05-01T00:23:00.466+0000] {logging_mixin.py:188} INFO - [2026-05-01T00:23:00.466+0000] {dag.py:3089} INFO - Sync 1 DAGs
[2026-05-01T00:23:00.478+0000] {logging_mixin.py:188} INFO - [2026-05-01T00:23:00.477+0000] {dag.py:3947} INFO - Setting next_dagrun for example_branch_python_operator_decorator to 2026-04-30 00:00:00+00:00, run_after=2026-05-01 00:00:00+00:00
[2026-05-01T00:23:00.486+0000] {processor.py:183} INFO - Processing /home/airflow/.local/lib/python3.12/site-packages/airflow/example_dags/example_branch_operator_decorator.py took 0.073 seconds
[2026-05-01T00:23:30.578+0000] {processor.py:161} INFO - Started process (PID=57676) to work on /home/airflow/.local/lib/python3.12/site-packages/airflow/example_dags/example_branch_operator_decorator.py
[2026-05-01T00:23:30.579+0000] {processor.py:830} INFO - Processing file /home/airflow/.local/lib/python3.12/site-packages/airflow/example_dags/example_branch_operator_decorator.py for tasks to queue
[2026-05-01T00:23:30.583+0000] {logging_mixin.py:188} INFO - [2026-05-01T00:23:30.582+0000] {dagbag.py:545} INFO - Filling up the DagBag from /home/airflow/.local/lib/python3.12/site-packages/airflow/example_dags/example_branch_operator_decorator.py
[2026-05-01T00:23:30.640+0000] {processor.py:840} INFO - DAG(s) 'example_branch_python_operator_decorator' retrieved from /home/airflow/.local/lib/python3.12/site-packages/airflow/example_dags/example_branch_operator_decorator.py
[2026-05-01T00:23:30.813+0000] {logging_mixin.py:188} INFO - [2026-05-01T00:23:30.811+0000] {dag.py:3089} INFO - Sync 1 DAGs
[2026-05-01T00:23:30.855+0000] {logging_mixin.py:188} INFO - [2026-05-01T00:23:30.855+0000] {dag.py:3947} INFO - Setting next_dagrun for example_branch_python_operator_decorator to 2026-04-30 00:00:00+00:00, run_after=2026-05-01 00:00:00+00:00
[2026-05-01T00:23:30.880+0000] {processor.py:183} INFO - Processing /home/airflow/.local/lib/python3.12/site-packages/airflow/example_dags/example_branch_operator_decorator.py took 0.317 seconds
[2026-05-01T00:24:01.735+0000] {processor.py:161} INFO - Started process (PID=57736) to work on /home/airflow/.local/lib/python3.12/site-packages/airflow/example_dags/example_branch_operator_decorator.py
[2026-05-01T00:24:01.740+0000] {processor.py:830} INFO - Processing file /home/airflow/.local/lib/python3.12/site-packages/airflow/example_dags/example_branch_operator_decorator.py for tasks to queue
[2026-05-01T00:24:01.742+0000] {logging_mixin.py:188} INFO - [2026-05-01T00:24:01.742+0000] {dagbag.py:545} INFO - Filling up the DagBag from /home/airflow/.local/lib/python3.12/site-packages/airflow/example_dags/example_branch_operator_decorator.py
[2026-05-01T00:24:01.757+0000] {processor.py:840} INFO - DAG(s) 'example_branch_python_operator_decorator' retrieved from /home/airflow/.local/lib/python3.12/site-packages/airflow/example_dags/example_branch_operator_decorator.py
[2026-05-01T00:24:01.774+0000] {logging_mixin.py:188} INFO - [2026-05-01T00:24:01.774+0000] {dag.py:3089} INFO - Sync 1 DAGs
[2026-05-01T00:24:01.784+0000] {logging_mixin.py:188} INFO - [2026-05-01T00:24:01.784+0000] {dag.py:3947} INFO - Setting next_dagrun for example_branch_python_operator_decorator to 2026-04-30 00:00:00+00:00, run_after=2026-05-01 00:00:00+00:00
[2026-05-01T00:24:01.796+0000] {processor.py:183} INFO - Processing /home/airflow/.local/lib/python3.12/site-packages/airflow/example_dags/example_branch_operator_decorator.py took 0.067 seconds
[2026-05-01T00:24:32.403+0000] {processor.py:161} INFO - Started process (PID=57796) to work on /home/airflow/.local/lib/python3.12/site-packages/airflow/example_dags/example_branch_operator_decorator.py
[2026-05-01T00:24:32.406+0000] {processor.py:830} INFO - Processing file /home/airflow/.local/lib/python3.12/site-packages/airflow/example_dags/example_branch_operator_decorator.py for tasks to queue
[2026-05-01T00:24:32.408+0000] {logging_mixin.py:188} INFO - [2026-05-01T00:24:32.407+0000] {dagbag.py:545} INFO - Filling up the DagBag from /home/airflow/.local/lib/python3.12/site-packages/airflow/example_dags/example_branch_operator_decorator.py
[2026-05-01T00:24:32.428+0000] {processor.py:840} INFO - DAG(s) 'example_branch_python_operator_decorator' retrieved from /home/airflow/.local/lib/python3.12/site-packages/airflow/example_dags/example_branch_operator_decorator.py
[2026-05-01T00:24:32.445+0000] {logging_mixin.py:188} INFO - [2026-05-01T00:24:32.445+0000] {dag.py:3089} INFO - Sync 1 DAGs
[2026-05-01T00:24:32.454+0000] {logging_mixin.py:188} INFO - [2026-05-01T00:24:32.454+0000] {dag.py:3947} INFO - Setting next_dagrun for example_branch_python_operator_decorator to 2026-04-30 00:00:00+00:00, run_after=2026-05-01 00:00:00+00:00
[2026-05-01T00:24:32.464+0000] {processor.py:183} INFO - Processing /home/airflow/.local/lib/python3.12/site-packages/airflow/example_dags/example_branch_operator_decorator.py took 0.076 seconds
[2026-05-01T00:25:03.158+0000] {processor.py:161} INFO - Started process (PID=57856) to work on /home/airflow/.local/lib/python3.12/site-packages/airflow/example_dags/example_branch_operator_decorator.py
[2026-05-01T00:25:03.161+0000] {processor.py:830} INFO - Processing file /home/airflow/.local/lib/python3.12/site-packages/airflow/example_dags/example_branch_operator_decorator.py for tasks to queue
[2026-05-01T00:25:03.162+0000] {logging_mixin.py:188} INFO - [2026-05-01T00:25:03.162+0000] {dagbag.py:545} INFO - Filling up the DagBag from /home/airflow/.local/lib/python3.12/site-packages/airflow/example_dags/example_branch_operator_decorator.py
[2026-05-01T00:25:03.183+0000] {processor.py:840} INFO - DAG(s) 'example_branch_python_operator_decorator' retrieved from /home/airflow/.local/lib/python3.12/site-packages/airflow/example_dags/example_branch_operator_decorator.py
[2026-05-01T00:25:03.203+0000] {logging_mixin.py:188} INFO - [2026-05-01T00:25:03.203+0000] {dag.py:3089} INFO - Sync 1 DAGs
[2026-05-01T00:25:03.218+0000] {logging_mixin.py:188} INFO - [2026-05-01T00:25:03.218+0000] {dag.py:3947} INFO - Setting next_dagrun for example_branch_python_operator_decorator to 2026-04-30 00:00:00+00:00, run_after=2026-05-01 00:00:00+00:00
[2026-05-01T00:25:03.228+0000] {processor.py:183} INFO - Processing /home/airflow/.local/lib/python3.12/site-packages/airflow/example_dags/example_branch_operator_decorator.py took 0.079 seconds
[2026-05-01T00:25:33.895+0000] {processor.py:161} INFO - Started process (PID=57916) to work on /home/airflow/.local/lib/python3.12/site-packages/airflow/example_dags/example_branch_operator_decorator.py
[2026-05-01T00:25:33.897+0000] {processor.py:830} INFO - Processing file /home/airflow/.local/lib/python3.12/site-packages/airflow/example_dags/example_branch_operator_decorator.py for tasks to queue
[2026-05-01T00:25:33.900+0000] {logging_mixin.py:188} INFO - [2026-05-01T00:25:33.900+0000] {dagbag.py:545} INFO - Filling up the DagBag from /home/airflow/.local/lib/python3.12/site-packages/airflow/example_dags/example_branch_operator_decorator.py
[2026-05-01T00:25:33.933+0000] {processor.py:840} INFO - DAG(s) 'example_branch_python_operator_decorator' retrieved from /home/airflow/.local/lib/python3.12/site-packages/airflow/example_dags/example_branch_operator_decorator.py
[2026-05-01T00:25:33.951+0000] {logging_mixin.py:188} INFO - [2026-05-01T00:25:33.951+0000] {dag.py:3089} INFO - Sync 1 DAGs
[2026-05-01T00:25:33.962+0000] {logging_mixin.py:188} INFO - [2026-05-01T00:25:33.962+0000] {dag.py:3947} INFO - Setting next_dagrun for example_branch_python_operator_decorator to 2026-04-30 00:00:00+00:00, run_after=2026-05-01 00:00:00+00:00
[2026-05-01T00:25:33.974+0000] {processor.py:183} INFO - Processing /home/airflow/.local/lib/python3.12/site-packages/airflow/example_dags/example_branch_operator_decorator.py took 0.095 seconds
[2026-05-01T00:26:04.700+0000] {processor.py:161} INFO - Started process (PID=57976) to work on /home/airflow/.local/lib/python3.12/site-packages/airflow/example_dags/example_branch_operator_decorator.py
[2026-05-01T00:26:04.702+0000] {processor.py:830} INFO - Processing file /home/airflow/.local/lib/python3.12/site-packages/airflow/example_dags/example_branch_operator_decorator.py for tasks to queue
[2026-05-01T00:26:04.704+0000] {logging_mixin.py:188} INFO - [2026-05-01T00:26:04.703+0000] {dagbag.py:545} INFO - Filling up the DagBag from /home/airflow/.local/lib/python3.12/site-packages/airflow/example_dags/example_branch_operator_decorator.py
[2026-05-01T00:26:04.724+0000] {processor.py:840} INFO - DAG(s) 'example_branch_python_operator_decorator' retrieved from /home/airflow/.local/lib/python3.12/site-packages/airflow/example_dags/example_branch_operator_decorator.py
[2026-05-01T00:26:04.743+0000] {logging_mixin.py:188} INFO - [2026-05-01T00:26:04.742+0000] {dag.py:3089} INFO - Sync 1 DAGs
[2026-05-01T00:26:04.759+0000] {logging_mixin.py:188} INFO - [2026-05-01T00:26:04.759+0000] {dag.py:3947} INFO - Setting next_dagrun for example_branch_python_operator_decorator to 2026-04-30 00:00:00+00:00, run_after=2026-05-01 00:00:00+00:00
[2026-05-01T00:26:04.769+0000] {processor.py:183} INFO - Processing /home/airflow/.local/lib/python3.12/site-packages/airflow/example_dags/example_branch_operator_decorator.py took 0.076 seconds
[2026-05-01T00:26:35.686+0000] {processor.py:161} INFO - Started process (PID=58036) to work on /home/airflow/.local/lib/python3.12/site-packages/airflow/example_dags/example_branch_operator_decorator.py
[2026-05-01T00:26:35.688+0000] {processor.py:830} INFO - Processing file /home/airflow/.local/lib/python3.12/site-packages/airflow/example_dags/example_branch_operator_decorator.py for tasks to queue
[2026-05-01T00:26:35.689+0000] {logging_mixin.py:188} INFO - [2026-05-01T00:26:35.689+0000] {dagbag.py:545} INFO - Filling up the DagBag from /home/airflow/.local/lib/python3.12/site-packages/airflow/example_dags/example_branch_operator_decorator.py
[2026-05-01T00:26:35.705+0000] {processor.py:840} INFO - DAG(s) 'example_branch_python_operator_decorator' retrieved from /home/airflow/.local/lib/python3.12/site-packages/airflow/example_dags/example_branch_operator_decorator.py
[2026-05-01T00:26:35.722+0000] {logging_mixin.py:188} INFO - [2026-05-01T00:26:35.722+0000] {dag.py:3089} INFO - Sync 1 DAGs
[2026-05-01T00:26:35.731+0000] {logging_mixin.py:188} INFO - [2026-05-01T00:26:35.731+0000] {dag.py:3947} INFO - Setting next_dagrun for example_branch_python_operator_decorator to 2026-04-30 00:00:00+00:00, run_after=2026-05-01 00:00:00+00:00
[2026-05-01T00:26:35.743+0000] {processor.py:183} INFO - Processing /home/airflow/.local/lib/python3.12/site-packages/airflow/example_dags/example_branch_operator_decorator.py took 0.071 seconds
[2026-05-01T00:27:06.456+0000] {processor.py:161} INFO - Started process (PID=58096) to work on /home/airflow/.local/lib/python3.12/site-packages/airflow/example_dags/example_branch_operator_decorator.py
[2026-05-01T00:27:06.458+0000] {processor.py:830} INFO - Processing file /home/airflow/.local/lib/python3.12/site-packages/airflow/example_dags/example_branch_operator_decorator.py for tasks to queue
[2026-05-01T00:27:06.460+0000] {logging_mixin.py:188} INFO - [2026-05-01T00:27:06.460+0000] {dagbag.py:545} INFO - Filling up the DagBag from /home/airflow/.local/lib/python3.12/site-packages/airflow/example_dags/example_branch_operator_decorator.py
[2026-05-01T00:27:06.478+0000] {processor.py:840} INFO - DAG(s) 'example_branch_python_operator_decorator' retrieved from /home/airflow/.local/lib/python3.12/site-packages/airflow/example_dags/example_branch_operator_decorator.py
[2026-05-01T00:27:06.502+0000] {logging_mixin.py:188} INFO - [2026-05-01T00:27:06.502+0000] {dag.py:3089} INFO - Sync 1 DAGs
[2026-05-01T00:27:06.512+0000] {logging_mixin.py:188} INFO - [2026-05-01T00:27:06.512+0000] {dag.py:3947} INFO - Setting next_dagrun for example_branch_python_operator_decorator to 2026-04-30 00:00:00+00:00, run_after=2026-05-01 00:00:00+00:00
[2026-05-01T00:27:06.524+0000] {processor.py:183} INFO - Processing /home/airflow/.local/lib/python3.12/site-packages/airflow/example_dags/example_branch_operator_decorator.py took 0.075 seconds
[2026-05-01T00:27:37.282+0000] {processor.py:161} INFO - Started process (PID=58156) to work on /home/airflow/.local/lib/python3.12/site-packages/airflow/example_dags/example_branch_operator_decorator.py
[2026-05-01T00:27:37.284+0000] {processor.py:830} INFO - Processing file /home/airflow/.local/lib/python3.12/site-packages/airflow/example_dags/example_branch_operator_decorator.py for tasks to queue
[2026-05-01T00:27:37.286+0000] {logging_mixin.py:188} INFO - [2026-05-01T00:27:37.286+0000] {dagbag.py:545} INFO - Filling up the DagBag from /home/airflow/.local/lib/python3.12/site-packages/airflow/example_dags/example_branch_operator_decorator.py
[2026-05-01T00:27:37.304+0000] {processor.py:840} INFO - DAG(s) 'example_branch_python_operator_decorator' retrieved from /home/airflow/.local/lib/python3.12/site-packages/airflow/example_dags/example_branch_operator_decorator.py
[2026-05-01T00:27:37.324+0000] {logging_mixin.py:188} INFO - [2026-05-01T00:27:37.324+0000] {dag.py:3089} INFO - Sync 1 DAGs
[2026-05-01T00:27:37.334+0000] {logging_mixin.py:188} INFO - [2026-05-01T00:27:37.334+0000] {dag.py:3947} INFO - Setting next_dagrun for example_branch_python_operator_decorator to 2026-04-30 00:00:00+00:00, run_after=2026-05-01 00:00:00+00:00
[2026-05-01T00:27:37.344+0000] {processor.py:183} INFO - Processing /home/airflow/.local/lib/python3.12/site-packages/airflow/example_dags/example_branch_operator_decorator.py took 0.072 seconds
[2026-05-01T00:28:08.038+0000] {processor.py:161} INFO - Started process (PID=58216) to work on /home/airflow/.local/lib/python3.12/site-packages/airflow/example_dags/example_branch_operator_decorator.py
[2026-05-01T00:28:08.041+0000] {processor.py:830} INFO - Processing file /home/airflow/.local/lib/python3.12/site-packages/airflow/example_dags/example_branch_operator_decorator.py for tasks to queue
[2026-05-01T00:28:08.042+0000] {logging_mixin.py:188} INFO - [2026-05-01T00:28:08.042+0000] {dagbag.py:545} INFO - Filling up the DagBag from /home/airflow/.local/lib/python3.12/site-packages/airflow/example_dags/example_branch_operator_decorator.py
[2026-05-01T00:28:08.058+0000] {processor.py:840} INFO - DAG(s) 'example_branch_python_operator_decorator' retrieved from /home/airflow/.local/lib/python3.12/site-packages/airflow/example_dags/example_branch_operator_decorator.py
[2026-05-01T00:28:08.074+0000] {logging_mixin.py:188} INFO - [2026-05-01T00:28:08.074+0000] {dag.py:3089} INFO - Sync 1 DAGs
[2026-05-01T00:28:08.087+0000] {logging_mixin.py:188} INFO - [2026-05-01T00:28:08.087+0000] {dag.py:3947} INFO - Setting next_dagrun for example_branch_python_operator_decorator to 2026-04-30 00:00:00+00:00, run_after=2026-05-01 00:00:00+00:00
[2026-05-01T00:28:08.097+0000] {processor.py:183} INFO - Processing /home/airflow/.local/lib/python3.12/site-packages/airflow/example_dags/example_branch_operator_decorator.py took 0.069 seconds
[2026-05-01T00:28:38.855+0000] {processor.py:161} INFO - Started process (PID=58275) to work on /home/airflow/.local/lib/python3.12/site-packages/airflow/example_dags/example_branch_operator_decorator.py
[2026-05-01T00:28:38.857+0000] {processor.py:830} INFO - Processing file /home/airflow/.local/lib/python3.12/site-packages/airflow/example_dags/example_branch_operator_decorator.py for tasks to queue
[2026-05-01T00:28:38.859+0000] {logging_mixin.py:188} INFO - [2026-05-01T00:28:38.859+0000] {dagbag.py:545} INFO - Filling up the DagBag from /home/airflow/.local/lib/python3.12/site-packages/airflow/example_dags/example_branch_operator_decorator.py
[2026-05-01T00:28:38.870+0000] {processor.py:840} INFO - DAG(s) 'example_branch_python_operator_decorator' retrieved from /home/airflow/.local/lib/python3.12/site-packages/airflow/example_dags/example_branch_operator_decorator.py
[2026-05-01T00:28:38.887+0000] {logging_mixin.py:188} INFO - [2026-05-01T00:28:38.887+0000] {dag.py:3089} INFO - Sync 1 DAGs
[2026-05-01T00:28:38.899+0000] {logging_mixin.py:188} INFO - [2026-05-01T00:28:38.899+0000] {dag.py:3947} INFO - Setting next_dagrun for example_branch_python_operator_decorator to 2026-04-30 00:00:00+00:00, run_after=2026-05-01 00:00:00+00:00
[2026-05-01T00:28:38.910+0000] {processor.py:183} INFO - Processing /home/airflow/.local/lib/python3.12/site-packages/airflow/example_dags/example_branch_operator_decorator.py took 0.061 seconds
[2026-05-01T00:29:09.614+0000] {processor.py:161} INFO - Started process (PID=58341) to work on /home/airflow/.local/lib/python3.12/site-packages/airflow/example_dags/example_branch_operator_decorator.py
[2026-05-01T00:29:09.615+0000] {processor.py:830} INFO - Processing file /home/airflow/.local/lib/python3.12/site-packages/airflow/example_dags/example_branch_operator_decorator.py for tasks to queue
[2026-05-01T00:29:09.617+0000] {logging_mixin.py:188} INFO - [2026-05-01T00:29:09.616+0000] {dagbag.py:545} INFO - Filling up the DagBag from /home/airflow/.local/lib/python3.12/site-packages/airflow/example_dags/example_branch_operator_decorator.py
[2026-05-01T00:29:09.629+0000] {processor.py:840} INFO - DAG(s) 'example_branch_python_operator_decorator' retrieved from /home/airflow/.local/lib/python3.12/site-packages/airflow/example_dags/example_branch_operator_decorator.py
[2026-05-01T00:29:09.644+0000] {logging_mixin.py:188} INFO - [2026-05-01T00:29:09.644+0000] {dag.py:3089} INFO - Sync 1 DAGs
[2026-05-01T00:29:09.654+0000] {logging_mixin.py:188} INFO - [2026-05-01T00:29:09.654+0000] {dag.py:3947} INFO - Setting next_dagrun for example_branch_python_operator_decorator to 2026-04-30 00:00:00+00:00, run_after=2026-05-01 00:00:00+00:00
[2026-05-01T00:29:09.662+0000] {processor.py:183} INFO - Processing /home/airflow/.local/lib/python3.12/site-packages/airflow/example_dags/example_branch_operator_decorator.py took 0.053 seconds
[2026-05-01T00:29:39.736+0000] {processor.py:161} INFO - Started process (PID=58401) to work on /home/airflow/.local/lib/python3.12/site-packages/airflow/example_dags/example_branch_operator_decorator.py
[2026-05-01T00:29:39.739+0000] {processor.py:830} INFO - Processing file /home/airflow/.local/lib/python3.12/site-packages/airflow/example_dags/example_branch_operator_decorator.py for tasks to queue
[2026-05-01T00:29:39.740+0000] {logging_mixin.py:188} INFO - [2026-05-01T00:29:39.740+0000] {dagbag.py:545} INFO - Filling up the DagBag from /home/airflow/.local/lib/python3.12/site-packages/airflow/example_dags/example_branch_operator_decorator.py
[2026-05-01T00:29:39.755+0000] {processor.py:840} INFO - DAG(s) 'example_branch_python_operator_decorator' retrieved from /home/airflow/.local/lib/python3.12/site-packages/airflow/example_dags/example_branch_operator_decorator.py
[2026-05-01T00:29:39.776+0000] {logging_mixin.py:188} INFO - [2026-05-01T00:29:39.775+0000] {dag.py:3089} INFO - Sync 1 DAGs
[2026-05-01T00:29:39.794+0000] {logging_mixin.py:188} INFO - [2026-05-01T00:29:39.794+0000] {dag.py:3947} INFO - Setting next_dagrun for example_branch_python_operator_decorator to 2026-04-30 00:00:00+00:00, run_after=2026-05-01 00:00:00+00:00
[2026-05-01T00:29:39.803+0000] {processor.py:183} INFO - Processing /home/airflow/.local/lib/python3.12/site-packages/airflow/example_dags/example_branch_operator_decorator.py took 0.072 seconds
[2026-05-01T00:30:10.710+0000] {processor.py:161} INFO - Started process (PID=58461) to work on /home/airflow/.local/lib/python3.12/site-packages/airflow/example_dags/example_branch_operator_decorator.py
[2026-05-01T00:30:10.712+0000] {processor.py:830} INFO - Processing file /home/airflow/.local/lib/python3.12/site-packages/airflow/example_dags/example_branch_operator_decorator.py for tasks to queue
[2026-05-01T00:30:10.714+0000] {logging_mixin.py:188} INFO - [2026-05-01T00:30:10.714+0000] {dagbag.py:545} INFO - Filling up the DagBag from /home/airflow/.local/lib/python3.12/site-packages/airflow/example_dags/example_branch_operator_decorator.py
[2026-05-01T00:30:10.733+0000] {processor.py:840} INFO - DAG(s) 'example_branch_python_operator_decorator' retrieved from /home/airflow/.local/lib/python3.12/site-packages/airflow/example_dags/example_branch_operator_decorator.py
[2026-05-01T00:30:10.752+0000] {logging_mixin.py:188} INFO - [2026-05-01T00:30:10.751+0000] {dag.py:3089} INFO - Sync 1 DAGs
[2026-05-01T00:30:10.760+0000] {logging_mixin.py:188} INFO - [2026-05-01T00:30:10.760+0000] {dag.py:3947} INFO - Setting next_dagrun for example_branch_python_operator_decorator to 2026-04-30 00:00:00+00:00, run_after=2026-05-01 00:00:00+00:00
[2026-05-01T00:30:10.770+0000] {processor.py:183} INFO - Processing /home/airflow/.local/lib/python3.12/site-packages/airflow/example_dags/example_branch_operator_decorator.py took 0.067 seconds
