[2026-05-01T00:00:04.989+0000] {processor.py:161} INFO - Started process (PID=54947) to work on /home/airflow/.local/lib/python3.12/site-packages/airflow/example_dags/example_display_name.py
[2026-05-01T00:00:04.990+0000] {processor.py:830} INFO - Processing file /home/airflow/.local/lib/python3.12/site-packages/airflow/example_dags/example_display_name.py for tasks to queue
[2026-05-01T00:00:04.990+0000] {logging_mixin.py:188} INFO - [2026-05-01T00:00:04.990+0000] {dagbag.py:545} INFO - Filling up the DagBag from /home/airflow/.local/lib/python3.12/site-packages/airflow/example_dags/example_display_name.py
[2026-05-01T00:00:04.993+0000] {processor.py:840} INFO - DAG(s) 'example_display_name' retrieved from /home/airflow/.local/lib/python3.12/site-packages/airflow/example_dags/example_display_name.py
[2026-05-01T00:00:05.008+0000] {logging_mixin.py:188} INFO - [2026-05-01T00:00:05.008+0000] {dag.py:3089} INFO - Sync 1 DAGs
[2026-05-01T00:00:05.013+0000] {logging_mixin.py:188} INFO - [2026-05-01T00:00:05.012+0000] {dag.py:3947} INFO - Setting next_dagrun for example_display_name to None, run_after=None
[2026-05-01T00:00:05.021+0000] {processor.py:183} INFO - Processing /home/airflow/.local/lib/python3.12/site-packages/airflow/example_dags/example_display_name.py took 0.035 seconds
[2026-05-01T00:00:35.814+0000] {processor.py:161} INFO - Started process (PID=55007) to work on /home/airflow/.local/lib/python3.12/site-packages/airflow/example_dags/example_display_name.py
[2026-05-01T00:00:35.814+0000] {processor.py:830} INFO - Processing file /home/airflow/.local/lib/python3.12/site-packages/airflow/example_dags/example_display_name.py for tasks to queue
[2026-05-01T00:00:35.817+0000] {logging_mixin.py:188} INFO - [2026-05-01T00:00:35.816+0000] {dagbag.py:545} INFO - Filling up the DagBag from /home/airflow/.local/lib/python3.12/site-packages/airflow/example_dags/example_display_name.py
[2026-05-01T00:00:35.819+0000] {processor.py:840} INFO - DAG(s) 'example_display_name' retrieved from /home/airflow/.local/lib/python3.12/site-packages/airflow/example_dags/example_display_name.py
[2026-05-01T00:00:35.827+0000] {logging_mixin.py:188} INFO - [2026-05-01T00:00:35.827+0000] {dag.py:3089} INFO - Sync 1 DAGs
[2026-05-01T00:00:35.832+0000] {logging_mixin.py:188} INFO - [2026-05-01T00:00:35.832+0000] {dag.py:3947} INFO - Setting next_dagrun for example_display_name to None, run_after=None
[2026-05-01T00:00:35.842+0000] {processor.py:183} INFO - Processing /home/airflow/.local/lib/python3.12/site-packages/airflow/example_dags/example_display_name.py took 0.031 seconds
[2026-05-01T00:01:06.526+0000] {processor.py:161} INFO - Started process (PID=55067) to work on /home/airflow/.local/lib/python3.12/site-packages/airflow/example_dags/example_display_name.py
[2026-05-01T00:01:06.526+0000] {processor.py:830} INFO - Processing file /home/airflow/.local/lib/python3.12/site-packages/airflow/example_dags/example_display_name.py for tasks to queue
[2026-05-01T00:01:06.527+0000] {logging_mixin.py:188} INFO - [2026-05-01T00:01:06.527+0000] {dagbag.py:545} INFO - Filling up the DagBag from /home/airflow/.local/lib/python3.12/site-packages/airflow/example_dags/example_display_name.py
[2026-05-01T00:01:06.529+0000] {processor.py:840} INFO - DAG(s) 'example_display_name' retrieved from /home/airflow/.local/lib/python3.12/site-packages/airflow/example_dags/example_display_name.py
[2026-05-01T00:01:06.536+0000] {logging_mixin.py:188} INFO - [2026-05-01T00:01:06.536+0000] {dag.py:3089} INFO - Sync 1 DAGs
[2026-05-01T00:01:06.540+0000] {logging_mixin.py:188} INFO - [2026-05-01T00:01:06.540+0000] {dag.py:3947} INFO - Setting next_dagrun for example_display_name to None, run_after=None
[2026-05-01T00:01:06.545+0000] {processor.py:183} INFO - Processing /home/airflow/.local/lib/python3.12/site-packages/airflow/example_dags/example_display_name.py took 0.022 seconds
[2026-05-01T00:01:37.315+0000] {processor.py:161} INFO - Started process (PID=55127) to work on /home/airflow/.local/lib/python3.12/site-packages/airflow/example_dags/example_display_name.py
[2026-05-01T00:01:37.316+0000] {processor.py:830} INFO - Processing file /home/airflow/.local/lib/python3.12/site-packages/airflow/example_dags/example_display_name.py for tasks to queue
[2026-05-01T00:01:37.316+0000] {logging_mixin.py:188} INFO - [2026-05-01T00:01:37.316+0000] {dagbag.py:545} INFO - Filling up the DagBag from /home/airflow/.local/lib/python3.12/site-packages/airflow/example_dags/example_display_name.py
[2026-05-01T00:01:37.319+0000] {processor.py:840} INFO - DAG(s) 'example_display_name' retrieved from /home/airflow/.local/lib/python3.12/site-packages/airflow/example_dags/example_display_name.py
[2026-05-01T00:01:37.328+0000] {logging_mixin.py:188} INFO - [2026-05-01T00:01:37.328+0000] {dag.py:3089} INFO - Sync 1 DAGs
[2026-05-01T00:01:37.334+0000] {logging_mixin.py:188} INFO - [2026-05-01T00:01:37.334+0000] {dag.py:3947} INFO - Setting next_dagrun for example_display_name to None, run_after=None
[2026-05-01T00:01:37.343+0000] {processor.py:183} INFO - Processing /home/airflow/.local/lib/python3.12/site-packages/airflow/example_dags/example_display_name.py took 0.030 seconds
[2026-05-01T00:02:07.864+0000] {processor.py:161} INFO - Started process (PID=55187) to work on /home/airflow/.local/lib/python3.12/site-packages/airflow/example_dags/example_display_name.py
[2026-05-01T00:02:07.865+0000] {processor.py:830} INFO - Processing file /home/airflow/.local/lib/python3.12/site-packages/airflow/example_dags/example_display_name.py for tasks to queue
[2026-05-01T00:02:07.866+0000] {logging_mixin.py:188} INFO - [2026-05-01T00:02:07.866+0000] {dagbag.py:545} INFO - Filling up the DagBag from /home/airflow/.local/lib/python3.12/site-packages/airflow/example_dags/example_display_name.py
[2026-05-01T00:02:07.869+0000] {processor.py:840} INFO - DAG(s) 'example_display_name' retrieved from /home/airflow/.local/lib/python3.12/site-packages/airflow/example_dags/example_display_name.py
[2026-05-01T00:02:07.881+0000] {logging_mixin.py:188} INFO - [2026-05-01T00:02:07.881+0000] {dag.py:3089} INFO - Sync 1 DAGs
[2026-05-01T00:02:07.888+0000] {logging_mixin.py:188} INFO - [2026-05-01T00:02:07.888+0000] {dag.py:3947} INFO - Setting next_dagrun for example_display_name to None, run_after=None
[2026-05-01T00:02:07.897+0000] {processor.py:183} INFO - Processing /home/airflow/.local/lib/python3.12/site-packages/airflow/example_dags/example_display_name.py took 0.036 seconds
[2026-05-01T00:02:38.580+0000] {processor.py:161} INFO - Started process (PID=55247) to work on /home/airflow/.local/lib/python3.12/site-packages/airflow/example_dags/example_display_name.py
[2026-05-01T00:02:38.581+0000] {processor.py:830} INFO - Processing file /home/airflow/.local/lib/python3.12/site-packages/airflow/example_dags/example_display_name.py for tasks to queue
[2026-05-01T00:02:38.582+0000] {logging_mixin.py:188} INFO - [2026-05-01T00:02:38.582+0000] {dagbag.py:545} INFO - Filling up the DagBag from /home/airflow/.local/lib/python3.12/site-packages/airflow/example_dags/example_display_name.py
[2026-05-01T00:02:38.584+0000] {processor.py:840} INFO - DAG(s) 'example_display_name' retrieved from /home/airflow/.local/lib/python3.12/site-packages/airflow/example_dags/example_display_name.py
[2026-05-01T00:02:38.593+0000] {logging_mixin.py:188} INFO - [2026-05-01T00:02:38.593+0000] {dag.py:3089} INFO - Sync 1 DAGs
[2026-05-01T00:02:38.597+0000] {logging_mixin.py:188} INFO - [2026-05-01T00:02:38.597+0000] {dag.py:3947} INFO - Setting next_dagrun for example_display_name to None, run_after=None
[2026-05-01T00:02:38.608+0000] {processor.py:183} INFO - Processing /home/airflow/.local/lib/python3.12/site-packages/airflow/example_dags/example_display_name.py took 0.030 seconds
[2026-05-01T00:03:09.343+0000] {processor.py:161} INFO - Started process (PID=55307) to work on /home/airflow/.local/lib/python3.12/site-packages/airflow/example_dags/example_display_name.py
[2026-05-01T00:03:09.344+0000] {processor.py:830} INFO - Processing file /home/airflow/.local/lib/python3.12/site-packages/airflow/example_dags/example_display_name.py for tasks to queue
[2026-05-01T00:03:09.346+0000] {logging_mixin.py:188} INFO - [2026-05-01T00:03:09.345+0000] {dagbag.py:545} INFO - Filling up the DagBag from /home/airflow/.local/lib/python3.12/site-packages/airflow/example_dags/example_display_name.py
[2026-05-01T00:03:09.348+0000] {processor.py:840} INFO - DAG(s) 'example_display_name' retrieved from /home/airflow/.local/lib/python3.12/site-packages/airflow/example_dags/example_display_name.py
[2026-05-01T00:03:09.360+0000] {logging_mixin.py:188} INFO - [2026-05-01T00:03:09.360+0000] {dag.py:3089} INFO - Sync 1 DAGs
[2026-05-01T00:03:09.366+0000] {logging_mixin.py:188} INFO - [2026-05-01T00:03:09.366+0000] {dag.py:3947} INFO - Setting next_dagrun for example_display_name to None, run_after=None
[2026-05-01T00:03:09.373+0000] {processor.py:183} INFO - Processing /home/airflow/.local/lib/python3.12/site-packages/airflow/example_dags/example_display_name.py took 0.032 seconds
[2026-05-01T00:03:39.994+0000] {processor.py:161} INFO - Started process (PID=55367) to work on /home/airflow/.local/lib/python3.12/site-packages/airflow/example_dags/example_display_name.py
[2026-05-01T00:03:39.995+0000] {processor.py:830} INFO - Processing file /home/airflow/.local/lib/python3.12/site-packages/airflow/example_dags/example_display_name.py for tasks to queue
[2026-05-01T00:03:39.996+0000] {logging_mixin.py:188} INFO - [2026-05-01T00:03:39.995+0000] {dagbag.py:545} INFO - Filling up the DagBag from /home/airflow/.local/lib/python3.12/site-packages/airflow/example_dags/example_display_name.py
[2026-05-01T00:03:39.998+0000] {processor.py:840} INFO - DAG(s) 'example_display_name' retrieved from /home/airflow/.local/lib/python3.12/site-packages/airflow/example_dags/example_display_name.py
[2026-05-01T00:03:40.008+0000] {logging_mixin.py:188} INFO - [2026-05-01T00:03:40.008+0000] {dag.py:3089} INFO - Sync 1 DAGs
[2026-05-01T00:03:40.015+0000] {logging_mixin.py:188} INFO - [2026-05-01T00:03:40.015+0000] {dag.py:3947} INFO - Setting next_dagrun for example_display_name to None, run_after=None
[2026-05-01T00:03:40.023+0000] {processor.py:183} INFO - Processing /home/airflow/.local/lib/python3.12/site-packages/airflow/example_dags/example_display_name.py took 0.031 seconds
[2026-05-01T00:04:10.711+0000] {processor.py:161} INFO - Started process (PID=55427) to work on /home/airflow/.local/lib/python3.12/site-packages/airflow/example_dags/example_display_name.py
[2026-05-01T00:04:10.712+0000] {processor.py:830} INFO - Processing file /home/airflow/.local/lib/python3.12/site-packages/airflow/example_dags/example_display_name.py for tasks to queue
[2026-05-01T00:04:10.714+0000] {logging_mixin.py:188} INFO - [2026-05-01T00:04:10.714+0000] {dagbag.py:545} INFO - Filling up the DagBag from /home/airflow/.local/lib/python3.12/site-packages/airflow/example_dags/example_display_name.py
[2026-05-01T00:04:10.716+0000] {processor.py:840} INFO - DAG(s) 'example_display_name' retrieved from /home/airflow/.local/lib/python3.12/site-packages/airflow/example_dags/example_display_name.py
[2026-05-01T00:04:10.730+0000] {logging_mixin.py:188} INFO - [2026-05-01T00:04:10.730+0000] {dag.py:3089} INFO - Sync 1 DAGs
[2026-05-01T00:04:10.735+0000] {logging_mixin.py:188} INFO - [2026-05-01T00:04:10.735+0000] {dag.py:3947} INFO - Setting next_dagrun for example_display_name to None, run_after=None
[2026-05-01T00:04:10.744+0000] {processor.py:183} INFO - Processing /home/airflow/.local/lib/python3.12/site-packages/airflow/example_dags/example_display_name.py took 0.035 seconds
[2026-05-01T00:04:41.466+0000] {processor.py:161} INFO - Started process (PID=55487) to work on /home/airflow/.local/lib/python3.12/site-packages/airflow/example_dags/example_display_name.py
[2026-05-01T00:04:41.466+0000] {processor.py:830} INFO - Processing file /home/airflow/.local/lib/python3.12/site-packages/airflow/example_dags/example_display_name.py for tasks to queue
[2026-05-01T00:04:41.467+0000] {logging_mixin.py:188} INFO - [2026-05-01T00:04:41.467+0000] {dagbag.py:545} INFO - Filling up the DagBag from /home/airflow/.local/lib/python3.12/site-packages/airflow/example_dags/example_display_name.py
[2026-05-01T00:04:41.469+0000] {processor.py:840} INFO - DAG(s) 'example_display_name' retrieved from /home/airflow/.local/lib/python3.12/site-packages/airflow/example_dags/example_display_name.py
[2026-05-01T00:04:41.478+0000] {logging_mixin.py:188} INFO - [2026-05-01T00:04:41.478+0000] {dag.py:3089} INFO - Sync 1 DAGs
[2026-05-01T00:04:41.484+0000] {logging_mixin.py:188} INFO - [2026-05-01T00:04:41.484+0000] {dag.py:3947} INFO - Setting next_dagrun for example_display_name to None, run_after=None
[2026-05-01T00:04:41.493+0000] {processor.py:183} INFO - Processing /home/airflow/.local/lib/python3.12/site-packages/airflow/example_dags/example_display_name.py took 0.030 seconds
[2026-05-01T00:05:12.270+0000] {processor.py:161} INFO - Started process (PID=55548) to work on /home/airflow/.local/lib/python3.12/site-packages/airflow/example_dags/example_display_name.py
[2026-05-01T00:05:12.271+0000] {processor.py:830} INFO - Processing file /home/airflow/.local/lib/python3.12/site-packages/airflow/example_dags/example_display_name.py for tasks to queue
[2026-05-01T00:05:12.271+0000] {logging_mixin.py:188} INFO - [2026-05-01T00:05:12.271+0000] {dagbag.py:545} INFO - Filling up the DagBag from /home/airflow/.local/lib/python3.12/site-packages/airflow/example_dags/example_display_name.py
[2026-05-01T00:05:12.274+0000] {processor.py:840} INFO - DAG(s) 'example_display_name' retrieved from /home/airflow/.local/lib/python3.12/site-packages/airflow/example_dags/example_display_name.py
[2026-05-01T00:05:12.282+0000] {logging_mixin.py:188} INFO - [2026-05-01T00:05:12.282+0000] {dag.py:3089} INFO - Sync 1 DAGs
[2026-05-01T00:05:12.286+0000] {logging_mixin.py:188} INFO - [2026-05-01T00:05:12.286+0000] {dag.py:3947} INFO - Setting next_dagrun for example_display_name to None, run_after=None
[2026-05-01T00:05:12.294+0000] {processor.py:183} INFO - Processing /home/airflow/.local/lib/python3.12/site-packages/airflow/example_dags/example_display_name.py took 0.026 seconds
[2026-05-01T00:05:43.006+0000] {processor.py:161} INFO - Started process (PID=55608) to work on /home/airflow/.local/lib/python3.12/site-packages/airflow/example_dags/example_display_name.py
[2026-05-01T00:05:43.007+0000] {processor.py:830} INFO - Processing file /home/airflow/.local/lib/python3.12/site-packages/airflow/example_dags/example_display_name.py for tasks to queue
[2026-05-01T00:05:43.008+0000] {logging_mixin.py:188} INFO - [2026-05-01T00:05:43.008+0000] {dagbag.py:545} INFO - Filling up the DagBag from /home/airflow/.local/lib/python3.12/site-packages/airflow/example_dags/example_display_name.py
[2026-05-01T00:05:43.010+0000] {processor.py:840} INFO - DAG(s) 'example_display_name' retrieved from /home/airflow/.local/lib/python3.12/site-packages/airflow/example_dags/example_display_name.py
[2026-05-01T00:05:43.019+0000] {logging_mixin.py:188} INFO - [2026-05-01T00:05:43.019+0000] {dag.py:3089} INFO - Sync 1 DAGs
[2026-05-01T00:05:43.024+0000] {logging_mixin.py:188} INFO - [2026-05-01T00:05:43.024+0000] {dag.py:3947} INFO - Setting next_dagrun for example_display_name to None, run_after=None
[2026-05-01T00:05:43.032+0000] {processor.py:183} INFO - Processing /home/airflow/.local/lib/python3.12/site-packages/airflow/example_dags/example_display_name.py took 0.028 seconds
[2026-05-01T00:06:13.781+0000] {processor.py:161} INFO - Started process (PID=55668) to work on /home/airflow/.local/lib/python3.12/site-packages/airflow/example_dags/example_display_name.py
[2026-05-01T00:06:13.783+0000] {processor.py:830} INFO - Processing file /home/airflow/.local/lib/python3.12/site-packages/airflow/example_dags/example_display_name.py for tasks to queue
[2026-05-01T00:06:13.784+0000] {logging_mixin.py:188} INFO - [2026-05-01T00:06:13.784+0000] {dagbag.py:545} INFO - Filling up the DagBag from /home/airflow/.local/lib/python3.12/site-packages/airflow/example_dags/example_display_name.py
[2026-05-01T00:06:13.786+0000] {processor.py:840} INFO - DAG(s) 'example_display_name' retrieved from /home/airflow/.local/lib/python3.12/site-packages/airflow/example_dags/example_display_name.py
[2026-05-01T00:06:13.796+0000] {logging_mixin.py:188} INFO - [2026-05-01T00:06:13.796+0000] {dag.py:3089} INFO - Sync 1 DAGs
[2026-05-01T00:06:13.801+0000] {logging_mixin.py:188} INFO - [2026-05-01T00:06:13.801+0000] {dag.py:3947} INFO - Setting next_dagrun for example_display_name to None, run_after=None
[2026-05-01T00:06:13.810+0000] {processor.py:183} INFO - Processing /home/airflow/.local/lib/python3.12/site-packages/airflow/example_dags/example_display_name.py took 0.030 seconds
[2026-05-01T00:06:44.565+0000] {processor.py:161} INFO - Started process (PID=55728) to work on /home/airflow/.local/lib/python3.12/site-packages/airflow/example_dags/example_display_name.py
[2026-05-01T00:06:44.565+0000] {processor.py:830} INFO - Processing file /home/airflow/.local/lib/python3.12/site-packages/airflow/example_dags/example_display_name.py for tasks to queue
[2026-05-01T00:06:44.566+0000] {logging_mixin.py:188} INFO - [2026-05-01T00:06:44.566+0000] {dagbag.py:545} INFO - Filling up the DagBag from /home/airflow/.local/lib/python3.12/site-packages/airflow/example_dags/example_display_name.py
[2026-05-01T00:06:44.568+0000] {processor.py:840} INFO - DAG(s) 'example_display_name' retrieved from /home/airflow/.local/lib/python3.12/site-packages/airflow/example_dags/example_display_name.py
[2026-05-01T00:06:44.578+0000] {logging_mixin.py:188} INFO - [2026-05-01T00:06:44.578+0000] {dag.py:3089} INFO - Sync 1 DAGs
[2026-05-01T00:06:44.585+0000] {logging_mixin.py:188} INFO - [2026-05-01T00:06:44.585+0000] {dag.py:3947} INFO - Setting next_dagrun for example_display_name to None, run_after=None
[2026-05-01T00:06:44.592+0000] {processor.py:183} INFO - Processing /home/airflow/.local/lib/python3.12/site-packages/airflow/example_dags/example_display_name.py took 0.030 seconds
[2026-05-01T00:07:14.673+0000] {processor.py:161} INFO - Started process (PID=55788) to work on /home/airflow/.local/lib/python3.12/site-packages/airflow/example_dags/example_display_name.py
[2026-05-01T00:07:14.675+0000] {processor.py:830} INFO - Processing file /home/airflow/.local/lib/python3.12/site-packages/airflow/example_dags/example_display_name.py for tasks to queue
[2026-05-01T00:07:14.676+0000] {logging_mixin.py:188} INFO - [2026-05-01T00:07:14.676+0000] {dagbag.py:545} INFO - Filling up the DagBag from /home/airflow/.local/lib/python3.12/site-packages/airflow/example_dags/example_display_name.py
[2026-05-01T00:07:14.678+0000] {processor.py:840} INFO - DAG(s) 'example_display_name' retrieved from /home/airflow/.local/lib/python3.12/site-packages/airflow/example_dags/example_display_name.py
[2026-05-01T00:07:14.686+0000] {logging_mixin.py:188} INFO - [2026-05-01T00:07:14.686+0000] {dag.py:3089} INFO - Sync 1 DAGs
[2026-05-01T00:07:14.690+0000] {logging_mixin.py:188} INFO - [2026-05-01T00:07:14.690+0000] {dag.py:3947} INFO - Setting next_dagrun for example_display_name to None, run_after=None
[2026-05-01T00:07:14.699+0000] {processor.py:183} INFO - Processing /home/airflow/.local/lib/python3.12/site-packages/airflow/example_dags/example_display_name.py took 0.027 seconds
[2026-05-01T00:07:45.368+0000] {processor.py:161} INFO - Started process (PID=55848) to work on /home/airflow/.local/lib/python3.12/site-packages/airflow/example_dags/example_display_name.py
[2026-05-01T00:07:45.368+0000] {processor.py:830} INFO - Processing file /home/airflow/.local/lib/python3.12/site-packages/airflow/example_dags/example_display_name.py for tasks to queue
[2026-05-01T00:07:45.369+0000] {logging_mixin.py:188} INFO - [2026-05-01T00:07:45.369+0000] {dagbag.py:545} INFO - Filling up the DagBag from /home/airflow/.local/lib/python3.12/site-packages/airflow/example_dags/example_display_name.py
[2026-05-01T00:07:45.371+0000] {processor.py:840} INFO - DAG(s) 'example_display_name' retrieved from /home/airflow/.local/lib/python3.12/site-packages/airflow/example_dags/example_display_name.py
[2026-05-01T00:07:45.378+0000] {logging_mixin.py:188} INFO - [2026-05-01T00:07:45.378+0000] {dag.py:3089} INFO - Sync 1 DAGs
[2026-05-01T00:07:45.382+0000] {logging_mixin.py:188} INFO - [2026-05-01T00:07:45.382+0000] {dag.py:3947} INFO - Setting next_dagrun for example_display_name to None, run_after=None
[2026-05-01T00:07:45.388+0000] {processor.py:183} INFO - Processing /home/airflow/.local/lib/python3.12/site-packages/airflow/example_dags/example_display_name.py took 0.022 seconds
[2026-05-01T00:08:15.973+0000] {processor.py:161} INFO - Started process (PID=55908) to work on /home/airflow/.local/lib/python3.12/site-packages/airflow/example_dags/example_display_name.py
[2026-05-01T00:08:15.973+0000] {processor.py:830} INFO - Processing file /home/airflow/.local/lib/python3.12/site-packages/airflow/example_dags/example_display_name.py for tasks to queue
[2026-05-01T00:08:15.974+0000] {logging_mixin.py:188} INFO - [2026-05-01T00:08:15.974+0000] {dagbag.py:545} INFO - Filling up the DagBag from /home/airflow/.local/lib/python3.12/site-packages/airflow/example_dags/example_display_name.py
[2026-05-01T00:08:15.976+0000] {processor.py:840} INFO - DAG(s) 'example_display_name' retrieved from /home/airflow/.local/lib/python3.12/site-packages/airflow/example_dags/example_display_name.py
[2026-05-01T00:08:15.987+0000] {logging_mixin.py:188} INFO - [2026-05-01T00:08:15.986+0000] {dag.py:3089} INFO - Sync 1 DAGs
[2026-05-01T00:08:16.059+0000] {logging_mixin.py:188} INFO - [2026-05-01T00:08:16.059+0000] {dag.py:3947} INFO - Setting next_dagrun for example_display_name to None, run_after=None
[2026-05-01T00:08:16.070+0000] {processor.py:183} INFO - Processing /home/airflow/.local/lib/python3.12/site-packages/airflow/example_dags/example_display_name.py took 0.100 seconds
[2026-05-01T00:08:46.730+0000] {processor.py:161} INFO - Started process (PID=55969) to work on /home/airflow/.local/lib/python3.12/site-packages/airflow/example_dags/example_display_name.py
[2026-05-01T00:08:46.731+0000] {processor.py:830} INFO - Processing file /home/airflow/.local/lib/python3.12/site-packages/airflow/example_dags/example_display_name.py for tasks to queue
[2026-05-01T00:08:46.731+0000] {logging_mixin.py:188} INFO - [2026-05-01T00:08:46.731+0000] {dagbag.py:545} INFO - Filling up the DagBag from /home/airflow/.local/lib/python3.12/site-packages/airflow/example_dags/example_display_name.py
[2026-05-01T00:08:46.734+0000] {processor.py:840} INFO - DAG(s) 'example_display_name' retrieved from /home/airflow/.local/lib/python3.12/site-packages/airflow/example_dags/example_display_name.py
[2026-05-01T00:08:46.744+0000] {logging_mixin.py:188} INFO - [2026-05-01T00:08:46.743+0000] {dag.py:3089} INFO - Sync 1 DAGs
[2026-05-01T00:08:46.818+0000] {logging_mixin.py:188} INFO - [2026-05-01T00:08:46.818+0000] {dag.py:3947} INFO - Setting next_dagrun for example_display_name to None, run_after=None
[2026-05-01T00:08:46.825+0000] {processor.py:183} INFO - Processing /home/airflow/.local/lib/python3.12/site-packages/airflow/example_dags/example_display_name.py took 0.098 seconds
[2026-05-01T00:09:17.113+0000] {processor.py:161} INFO - Started process (PID=56029) to work on /home/airflow/.local/lib/python3.12/site-packages/airflow/example_dags/example_display_name.py
[2026-05-01T00:09:17.114+0000] {processor.py:830} INFO - Processing file /home/airflow/.local/lib/python3.12/site-packages/airflow/example_dags/example_display_name.py for tasks to queue
[2026-05-01T00:09:17.114+0000] {logging_mixin.py:188} INFO - [2026-05-01T00:09:17.114+0000] {dagbag.py:545} INFO - Filling up the DagBag from /home/airflow/.local/lib/python3.12/site-packages/airflow/example_dags/example_display_name.py
[2026-05-01T00:09:17.117+0000] {processor.py:840} INFO - DAG(s) 'example_display_name' retrieved from /home/airflow/.local/lib/python3.12/site-packages/airflow/example_dags/example_display_name.py
[2026-05-01T00:09:17.128+0000] {logging_mixin.py:188} INFO - [2026-05-01T00:09:17.128+0000] {dag.py:3089} INFO - Sync 1 DAGs
[2026-05-01T00:09:17.135+0000] {logging_mixin.py:188} INFO - [2026-05-01T00:09:17.134+0000] {dag.py:3947} INFO - Setting next_dagrun for example_display_name to None, run_after=None
[2026-05-01T00:09:17.143+0000] {processor.py:183} INFO - Processing /home/airflow/.local/lib/python3.12/site-packages/airflow/example_dags/example_display_name.py took 0.033 seconds
[2026-05-01T00:09:47.848+0000] {processor.py:161} INFO - Started process (PID=56089) to work on /home/airflow/.local/lib/python3.12/site-packages/airflow/example_dags/example_display_name.py
[2026-05-01T00:09:47.848+0000] {processor.py:830} INFO - Processing file /home/airflow/.local/lib/python3.12/site-packages/airflow/example_dags/example_display_name.py for tasks to queue
[2026-05-01T00:09:47.850+0000] {logging_mixin.py:188} INFO - [2026-05-01T00:09:47.849+0000] {dagbag.py:545} INFO - Filling up the DagBag from /home/airflow/.local/lib/python3.12/site-packages/airflow/example_dags/example_display_name.py
[2026-05-01T00:09:47.852+0000] {processor.py:840} INFO - DAG(s) 'example_display_name' retrieved from /home/airflow/.local/lib/python3.12/site-packages/airflow/example_dags/example_display_name.py
[2026-05-01T00:09:47.863+0000] {logging_mixin.py:188} INFO - [2026-05-01T00:09:47.862+0000] {dag.py:3089} INFO - Sync 1 DAGs
[2026-05-01T00:09:47.867+0000] {logging_mixin.py:188} INFO - [2026-05-01T00:09:47.867+0000] {dag.py:3947} INFO - Setting next_dagrun for example_display_name to None, run_after=None
[2026-05-01T00:09:47.877+0000] {processor.py:183} INFO - Processing /home/airflow/.local/lib/python3.12/site-packages/airflow/example_dags/example_display_name.py took 0.031 seconds
[2026-05-01T00:10:18.566+0000] {processor.py:161} INFO - Started process (PID=56149) to work on /home/airflow/.local/lib/python3.12/site-packages/airflow/example_dags/example_display_name.py
[2026-05-01T00:10:18.567+0000] {processor.py:830} INFO - Processing file /home/airflow/.local/lib/python3.12/site-packages/airflow/example_dags/example_display_name.py for tasks to queue
[2026-05-01T00:10:18.567+0000] {logging_mixin.py:188} INFO - [2026-05-01T00:10:18.567+0000] {dagbag.py:545} INFO - Filling up the DagBag from /home/airflow/.local/lib/python3.12/site-packages/airflow/example_dags/example_display_name.py
[2026-05-01T00:10:18.570+0000] {processor.py:840} INFO - DAG(s) 'example_display_name' retrieved from /home/airflow/.local/lib/python3.12/site-packages/airflow/example_dags/example_display_name.py
[2026-05-01T00:10:18.579+0000] {logging_mixin.py:188} INFO - [2026-05-01T00:10:18.579+0000] {dag.py:3089} INFO - Sync 1 DAGs
[2026-05-01T00:10:18.585+0000] {logging_mixin.py:188} INFO - [2026-05-01T00:10:18.585+0000] {dag.py:3947} INFO - Setting next_dagrun for example_display_name to None, run_after=None
[2026-05-01T00:10:18.593+0000] {processor.py:183} INFO - Processing /home/airflow/.local/lib/python3.12/site-packages/airflow/example_dags/example_display_name.py took 0.029 seconds
[2026-05-01T00:10:49.381+0000] {processor.py:161} INFO - Started process (PID=56209) to work on /home/airflow/.local/lib/python3.12/site-packages/airflow/example_dags/example_display_name.py
[2026-05-01T00:10:49.382+0000] {processor.py:830} INFO - Processing file /home/airflow/.local/lib/python3.12/site-packages/airflow/example_dags/example_display_name.py for tasks to queue
[2026-05-01T00:10:49.383+0000] {logging_mixin.py:188} INFO - [2026-05-01T00:10:49.383+0000] {dagbag.py:545} INFO - Filling up the DagBag from /home/airflow/.local/lib/python3.12/site-packages/airflow/example_dags/example_display_name.py
[2026-05-01T00:10:49.386+0000] {processor.py:840} INFO - DAG(s) 'example_display_name' retrieved from /home/airflow/.local/lib/python3.12/site-packages/airflow/example_dags/example_display_name.py
[2026-05-01T00:10:49.394+0000] {logging_mixin.py:188} INFO - [2026-05-01T00:10:49.394+0000] {dag.py:3089} INFO - Sync 1 DAGs
[2026-05-01T00:10:49.399+0000] {logging_mixin.py:188} INFO - [2026-05-01T00:10:49.399+0000] {dag.py:3947} INFO - Setting next_dagrun for example_display_name to None, run_after=None
[2026-05-01T00:10:49.405+0000] {processor.py:183} INFO - Processing /home/airflow/.local/lib/python3.12/site-packages/airflow/example_dags/example_display_name.py took 0.026 seconds
[2026-05-01T00:11:20.452+0000] {processor.py:161} INFO - Started process (PID=56269) to work on /home/airflow/.local/lib/python3.12/site-packages/airflow/example_dags/example_display_name.py
[2026-05-01T00:11:20.453+0000] {processor.py:830} INFO - Processing file /home/airflow/.local/lib/python3.12/site-packages/airflow/example_dags/example_display_name.py for tasks to queue
[2026-05-01T00:11:20.453+0000] {logging_mixin.py:188} INFO - [2026-05-01T00:11:20.453+0000] {dagbag.py:545} INFO - Filling up the DagBag from /home/airflow/.local/lib/python3.12/site-packages/airflow/example_dags/example_display_name.py
[2026-05-01T00:11:20.455+0000] {processor.py:840} INFO - DAG(s) 'example_display_name' retrieved from /home/airflow/.local/lib/python3.12/site-packages/airflow/example_dags/example_display_name.py
[2026-05-01T00:11:20.467+0000] {logging_mixin.py:188} INFO - [2026-05-01T00:11:20.466+0000] {dag.py:3089} INFO - Sync 1 DAGs
[2026-05-01T00:11:20.472+0000] {logging_mixin.py:188} INFO - [2026-05-01T00:11:20.472+0000] {dag.py:3947} INFO - Setting next_dagrun for example_display_name to None, run_after=None
[2026-05-01T00:11:20.479+0000] {processor.py:183} INFO - Processing /home/airflow/.local/lib/python3.12/site-packages/airflow/example_dags/example_display_name.py took 0.030 seconds
[2026-05-01T00:11:51.085+0000] {processor.py:161} INFO - Started process (PID=56329) to work on /home/airflow/.local/lib/python3.12/site-packages/airflow/example_dags/example_display_name.py
[2026-05-01T00:11:51.086+0000] {processor.py:830} INFO - Processing file /home/airflow/.local/lib/python3.12/site-packages/airflow/example_dags/example_display_name.py for tasks to queue
[2026-05-01T00:11:51.087+0000] {logging_mixin.py:188} INFO - [2026-05-01T00:11:51.087+0000] {dagbag.py:545} INFO - Filling up the DagBag from /home/airflow/.local/lib/python3.12/site-packages/airflow/example_dags/example_display_name.py
[2026-05-01T00:11:51.089+0000] {processor.py:840} INFO - DAG(s) 'example_display_name' retrieved from /home/airflow/.local/lib/python3.12/site-packages/airflow/example_dags/example_display_name.py
[2026-05-01T00:11:51.096+0000] {logging_mixin.py:188} INFO - [2026-05-01T00:11:51.096+0000] {dag.py:3089} INFO - Sync 1 DAGs
[2026-05-01T00:11:51.104+0000] {logging_mixin.py:188} INFO - [2026-05-01T00:11:51.104+0000] {dag.py:3947} INFO - Setting next_dagrun for example_display_name to None, run_after=None
[2026-05-01T00:11:51.112+0000] {processor.py:183} INFO - Processing /home/airflow/.local/lib/python3.12/site-packages/airflow/example_dags/example_display_name.py took 0.030 seconds
[2026-05-01T00:12:21.779+0000] {processor.py:161} INFO - Started process (PID=56389) to work on /home/airflow/.local/lib/python3.12/site-packages/airflow/example_dags/example_display_name.py
[2026-05-01T00:12:21.780+0000] {processor.py:830} INFO - Processing file /home/airflow/.local/lib/python3.12/site-packages/airflow/example_dags/example_display_name.py for tasks to queue
[2026-05-01T00:12:21.782+0000] {logging_mixin.py:188} INFO - [2026-05-01T00:12:21.781+0000] {dagbag.py:545} INFO - Filling up the DagBag from /home/airflow/.local/lib/python3.12/site-packages/airflow/example_dags/example_display_name.py
[2026-05-01T00:12:21.784+0000] {processor.py:840} INFO - DAG(s) 'example_display_name' retrieved from /home/airflow/.local/lib/python3.12/site-packages/airflow/example_dags/example_display_name.py
[2026-05-01T00:12:21.794+0000] {logging_mixin.py:188} INFO - [2026-05-01T00:12:21.794+0000] {dag.py:3089} INFO - Sync 1 DAGs
[2026-05-01T00:12:21.799+0000] {logging_mixin.py:188} INFO - [2026-05-01T00:12:21.799+0000] {dag.py:3947} INFO - Setting next_dagrun for example_display_name to None, run_after=None
[2026-05-01T00:12:21.808+0000] {processor.py:183} INFO - Processing /home/airflow/.local/lib/python3.12/site-packages/airflow/example_dags/example_display_name.py took 0.031 seconds
[2026-05-01T00:12:52.555+0000] {processor.py:161} INFO - Started process (PID=56449) to work on /home/airflow/.local/lib/python3.12/site-packages/airflow/example_dags/example_display_name.py
[2026-05-01T00:12:52.556+0000] {processor.py:830} INFO - Processing file /home/airflow/.local/lib/python3.12/site-packages/airflow/example_dags/example_display_name.py for tasks to queue
[2026-05-01T00:12:52.556+0000] {logging_mixin.py:188} INFO - [2026-05-01T00:12:52.556+0000] {dagbag.py:545} INFO - Filling up the DagBag from /home/airflow/.local/lib/python3.12/site-packages/airflow/example_dags/example_display_name.py
[2026-05-01T00:12:52.560+0000] {processor.py:840} INFO - DAG(s) 'example_display_name' retrieved from /home/airflow/.local/lib/python3.12/site-packages/airflow/example_dags/example_display_name.py
[2026-05-01T00:12:52.569+0000] {logging_mixin.py:188} INFO - [2026-05-01T00:12:52.569+0000] {dag.py:3089} INFO - Sync 1 DAGs
[2026-05-01T00:12:52.578+0000] {logging_mixin.py:188} INFO - [2026-05-01T00:12:52.578+0000] {dag.py:3947} INFO - Setting next_dagrun for example_display_name to None, run_after=None
[2026-05-01T00:12:52.586+0000] {processor.py:183} INFO - Processing /home/airflow/.local/lib/python3.12/site-packages/airflow/example_dags/example_display_name.py took 0.034 seconds
[2026-05-01T00:13:23.294+0000] {processor.py:161} INFO - Started process (PID=56509) to work on /home/airflow/.local/lib/python3.12/site-packages/airflow/example_dags/example_display_name.py
[2026-05-01T00:13:23.295+0000] {processor.py:830} INFO - Processing file /home/airflow/.local/lib/python3.12/site-packages/airflow/example_dags/example_display_name.py for tasks to queue
[2026-05-01T00:13:23.296+0000] {logging_mixin.py:188} INFO - [2026-05-01T00:13:23.296+0000] {dagbag.py:545} INFO - Filling up the DagBag from /home/airflow/.local/lib/python3.12/site-packages/airflow/example_dags/example_display_name.py
[2026-05-01T00:13:23.298+0000] {processor.py:840} INFO - DAG(s) 'example_display_name' retrieved from /home/airflow/.local/lib/python3.12/site-packages/airflow/example_dags/example_display_name.py
[2026-05-01T00:13:23.311+0000] {logging_mixin.py:188} INFO - [2026-05-01T00:13:23.311+0000] {dag.py:3089} INFO - Sync 1 DAGs
[2026-05-01T00:13:23.317+0000] {logging_mixin.py:188} INFO - [2026-05-01T00:13:23.317+0000] {dag.py:3947} INFO - Setting next_dagrun for example_display_name to None, run_after=None
[2026-05-01T00:13:23.326+0000] {processor.py:183} INFO - Processing /home/airflow/.local/lib/python3.12/site-packages/airflow/example_dags/example_display_name.py took 0.034 seconds
[2026-05-01T00:13:53.646+0000] {processor.py:161} INFO - Started process (PID=56569) to work on /home/airflow/.local/lib/python3.12/site-packages/airflow/example_dags/example_display_name.py
[2026-05-01T00:13:53.647+0000] {processor.py:830} INFO - Processing file /home/airflow/.local/lib/python3.12/site-packages/airflow/example_dags/example_display_name.py for tasks to queue
[2026-05-01T00:13:53.648+0000] {logging_mixin.py:188} INFO - [2026-05-01T00:13:53.648+0000] {dagbag.py:545} INFO - Filling up the DagBag from /home/airflow/.local/lib/python3.12/site-packages/airflow/example_dags/example_display_name.py
[2026-05-01T00:13:53.650+0000] {processor.py:840} INFO - DAG(s) 'example_display_name' retrieved from /home/airflow/.local/lib/python3.12/site-packages/airflow/example_dags/example_display_name.py
[2026-05-01T00:13:53.660+0000] {logging_mixin.py:188} INFO - [2026-05-01T00:13:53.660+0000] {dag.py:3089} INFO - Sync 1 DAGs
[2026-05-01T00:13:53.665+0000] {logging_mixin.py:188} INFO - [2026-05-01T00:13:53.665+0000] {dag.py:3947} INFO - Setting next_dagrun for example_display_name to None, run_after=None
[2026-05-01T00:13:53.677+0000] {processor.py:183} INFO - Processing /home/airflow/.local/lib/python3.12/site-packages/airflow/example_dags/example_display_name.py took 0.033 seconds
[2026-05-01T00:14:24.367+0000] {processor.py:161} INFO - Started process (PID=56629) to work on /home/airflow/.local/lib/python3.12/site-packages/airflow/example_dags/example_display_name.py
[2026-05-01T00:14:24.369+0000] {processor.py:830} INFO - Processing file /home/airflow/.local/lib/python3.12/site-packages/airflow/example_dags/example_display_name.py for tasks to queue
[2026-05-01T00:14:24.370+0000] {logging_mixin.py:188} INFO - [2026-05-01T00:14:24.369+0000] {dagbag.py:545} INFO - Filling up the DagBag from /home/airflow/.local/lib/python3.12/site-packages/airflow/example_dags/example_display_name.py
[2026-05-01T00:14:24.374+0000] {processor.py:840} INFO - DAG(s) 'example_display_name' retrieved from /home/airflow/.local/lib/python3.12/site-packages/airflow/example_dags/example_display_name.py
[2026-05-01T00:14:24.382+0000] {logging_mixin.py:188} INFO - [2026-05-01T00:14:24.382+0000] {dag.py:3089} INFO - Sync 1 DAGs
[2026-05-01T00:14:24.388+0000] {logging_mixin.py:188} INFO - [2026-05-01T00:14:24.388+0000] {dag.py:3947} INFO - Setting next_dagrun for example_display_name to None, run_after=None
[2026-05-01T00:14:24.396+0000] {processor.py:183} INFO - Processing /home/airflow/.local/lib/python3.12/site-packages/airflow/example_dags/example_display_name.py took 0.032 seconds
[2026-05-01T00:14:54.913+0000] {processor.py:161} INFO - Started process (PID=56689) to work on /home/airflow/.local/lib/python3.12/site-packages/airflow/example_dags/example_display_name.py
[2026-05-01T00:14:54.914+0000] {processor.py:830} INFO - Processing file /home/airflow/.local/lib/python3.12/site-packages/airflow/example_dags/example_display_name.py for tasks to queue
[2026-05-01T00:14:54.915+0000] {logging_mixin.py:188} INFO - [2026-05-01T00:14:54.915+0000] {dagbag.py:545} INFO - Filling up the DagBag from /home/airflow/.local/lib/python3.12/site-packages/airflow/example_dags/example_display_name.py
[2026-05-01T00:14:54.917+0000] {processor.py:840} INFO - DAG(s) 'example_display_name' retrieved from /home/airflow/.local/lib/python3.12/site-packages/airflow/example_dags/example_display_name.py
[2026-05-01T00:14:54.927+0000] {logging_mixin.py:188} INFO - [2026-05-01T00:14:54.927+0000] {dag.py:3089} INFO - Sync 1 DAGs
[2026-05-01T00:14:54.931+0000] {logging_mixin.py:188} INFO - [2026-05-01T00:14:54.931+0000] {dag.py:3947} INFO - Setting next_dagrun for example_display_name to None, run_after=None
[2026-05-01T00:14:54.939+0000] {processor.py:183} INFO - Processing /home/airflow/.local/lib/python3.12/site-packages/airflow/example_dags/example_display_name.py took 0.028 seconds
[2026-05-01T00:15:25.475+0000] {processor.py:161} INFO - Started process (PID=56749) to work on /home/airflow/.local/lib/python3.12/site-packages/airflow/example_dags/example_display_name.py
[2026-05-01T00:15:25.476+0000] {processor.py:830} INFO - Processing file /home/airflow/.local/lib/python3.12/site-packages/airflow/example_dags/example_display_name.py for tasks to queue
[2026-05-01T00:15:25.477+0000] {logging_mixin.py:188} INFO - [2026-05-01T00:15:25.477+0000] {dagbag.py:545} INFO - Filling up the DagBag from /home/airflow/.local/lib/python3.12/site-packages/airflow/example_dags/example_display_name.py
[2026-05-01T00:15:25.479+0000] {processor.py:840} INFO - DAG(s) 'example_display_name' retrieved from /home/airflow/.local/lib/python3.12/site-packages/airflow/example_dags/example_display_name.py
[2026-05-01T00:15:25.486+0000] {logging_mixin.py:188} INFO - [2026-05-01T00:15:25.486+0000] {dag.py:3089} INFO - Sync 1 DAGs
[2026-05-01T00:15:25.490+0000] {logging_mixin.py:188} INFO - [2026-05-01T00:15:25.490+0000] {dag.py:3947} INFO - Setting next_dagrun for example_display_name to None, run_after=None
[2026-05-01T00:15:25.500+0000] {processor.py:183} INFO - Processing /home/airflow/.local/lib/python3.12/site-packages/airflow/example_dags/example_display_name.py took 0.027 seconds
[2026-05-01T00:15:56.129+0000] {processor.py:161} INFO - Started process (PID=56809) to work on /home/airflow/.local/lib/python3.12/site-packages/airflow/example_dags/example_display_name.py
[2026-05-01T00:15:56.130+0000] {processor.py:830} INFO - Processing file /home/airflow/.local/lib/python3.12/site-packages/airflow/example_dags/example_display_name.py for tasks to queue
[2026-05-01T00:15:56.130+0000] {logging_mixin.py:188} INFO - [2026-05-01T00:15:56.130+0000] {dagbag.py:545} INFO - Filling up the DagBag from /home/airflow/.local/lib/python3.12/site-packages/airflow/example_dags/example_display_name.py
[2026-05-01T00:15:56.132+0000] {processor.py:840} INFO - DAG(s) 'example_display_name' retrieved from /home/airflow/.local/lib/python3.12/site-packages/airflow/example_dags/example_display_name.py
[2026-05-01T00:15:56.139+0000] {logging_mixin.py:188} INFO - [2026-05-01T00:15:56.139+0000] {dag.py:3089} INFO - Sync 1 DAGs
[2026-05-01T00:15:56.143+0000] {logging_mixin.py:188} INFO - [2026-05-01T00:15:56.143+0000] {dag.py:3947} INFO - Setting next_dagrun for example_display_name to None, run_after=None
[2026-05-01T00:15:56.148+0000] {processor.py:183} INFO - Processing /home/airflow/.local/lib/python3.12/site-packages/airflow/example_dags/example_display_name.py took 0.021 seconds
[2026-05-01T00:16:26.744+0000] {processor.py:161} INFO - Started process (PID=56869) to work on /home/airflow/.local/lib/python3.12/site-packages/airflow/example_dags/example_display_name.py
[2026-05-01T00:16:26.744+0000] {processor.py:830} INFO - Processing file /home/airflow/.local/lib/python3.12/site-packages/airflow/example_dags/example_display_name.py for tasks to queue
[2026-05-01T00:16:26.745+0000] {logging_mixin.py:188} INFO - [2026-05-01T00:16:26.745+0000] {dagbag.py:545} INFO - Filling up the DagBag from /home/airflow/.local/lib/python3.12/site-packages/airflow/example_dags/example_display_name.py
[2026-05-01T00:16:26.747+0000] {processor.py:840} INFO - DAG(s) 'example_display_name' retrieved from /home/airflow/.local/lib/python3.12/site-packages/airflow/example_dags/example_display_name.py
[2026-05-01T00:16:26.757+0000] {logging_mixin.py:188} INFO - [2026-05-01T00:16:26.757+0000] {dag.py:3089} INFO - Sync 1 DAGs
[2026-05-01T00:16:26.761+0000] {logging_mixin.py:188} INFO - [2026-05-01T00:16:26.761+0000] {dag.py:3947} INFO - Setting next_dagrun for example_display_name to None, run_after=None
[2026-05-01T00:16:26.771+0000] {processor.py:183} INFO - Processing /home/airflow/.local/lib/python3.12/site-packages/airflow/example_dags/example_display_name.py took 0.030 seconds
[2026-05-01T00:16:57.402+0000] {processor.py:161} INFO - Started process (PID=56929) to work on /home/airflow/.local/lib/python3.12/site-packages/airflow/example_dags/example_display_name.py
[2026-05-01T00:16:57.403+0000] {processor.py:830} INFO - Processing file /home/airflow/.local/lib/python3.12/site-packages/airflow/example_dags/example_display_name.py for tasks to queue
[2026-05-01T00:16:57.404+0000] {logging_mixin.py:188} INFO - [2026-05-01T00:16:57.404+0000] {dagbag.py:545} INFO - Filling up the DagBag from /home/airflow/.local/lib/python3.12/site-packages/airflow/example_dags/example_display_name.py
[2026-05-01T00:16:57.408+0000] {processor.py:840} INFO - DAG(s) 'example_display_name' retrieved from /home/airflow/.local/lib/python3.12/site-packages/airflow/example_dags/example_display_name.py
[2026-05-01T00:16:57.421+0000] {logging_mixin.py:188} INFO - [2026-05-01T00:16:57.421+0000] {dag.py:3089} INFO - Sync 1 DAGs
[2026-05-01T00:16:57.428+0000] {logging_mixin.py:188} INFO - [2026-05-01T00:16:57.428+0000] {dag.py:3947} INFO - Setting next_dagrun for example_display_name to None, run_after=None
[2026-05-01T00:16:57.435+0000] {processor.py:183} INFO - Processing /home/airflow/.local/lib/python3.12/site-packages/airflow/example_dags/example_display_name.py took 0.035 seconds
[2026-05-01T00:17:28.461+0000] {processor.py:161} INFO - Started process (PID=56989) to work on /home/airflow/.local/lib/python3.12/site-packages/airflow/example_dags/example_display_name.py
[2026-05-01T00:17:28.462+0000] {processor.py:830} INFO - Processing file /home/airflow/.local/lib/python3.12/site-packages/airflow/example_dags/example_display_name.py for tasks to queue
[2026-05-01T00:17:28.463+0000] {logging_mixin.py:188} INFO - [2026-05-01T00:17:28.463+0000] {dagbag.py:545} INFO - Filling up the DagBag from /home/airflow/.local/lib/python3.12/site-packages/airflow/example_dags/example_display_name.py
[2026-05-01T00:17:28.466+0000] {processor.py:840} INFO - DAG(s) 'example_display_name' retrieved from /home/airflow/.local/lib/python3.12/site-packages/airflow/example_dags/example_display_name.py
[2026-05-01T00:17:28.476+0000] {logging_mixin.py:188} INFO - [2026-05-01T00:17:28.476+0000] {dag.py:3089} INFO - Sync 1 DAGs
[2026-05-01T00:17:28.480+0000] {logging_mixin.py:188} INFO - [2026-05-01T00:17:28.480+0000] {dag.py:3947} INFO - Setting next_dagrun for example_display_name to None, run_after=None
[2026-05-01T00:17:28.486+0000] {processor.py:183} INFO - Processing /home/airflow/.local/lib/python3.12/site-packages/airflow/example_dags/example_display_name.py took 0.028 seconds
[2026-05-01T00:17:58.659+0000] {processor.py:161} INFO - Started process (PID=57048) to work on /home/airflow/.local/lib/python3.12/site-packages/airflow/example_dags/example_display_name.py
[2026-05-01T00:17:58.661+0000] {processor.py:830} INFO - Processing file /home/airflow/.local/lib/python3.12/site-packages/airflow/example_dags/example_display_name.py for tasks to queue
[2026-05-01T00:17:58.663+0000] {logging_mixin.py:188} INFO - [2026-05-01T00:17:58.663+0000] {dagbag.py:545} INFO - Filling up the DagBag from /home/airflow/.local/lib/python3.12/site-packages/airflow/example_dags/example_display_name.py
[2026-05-01T00:17:58.665+0000] {processor.py:840} INFO - DAG(s) 'example_display_name' retrieved from /home/airflow/.local/lib/python3.12/site-packages/airflow/example_dags/example_display_name.py
[2026-05-01T00:17:58.674+0000] {logging_mixin.py:188} INFO - [2026-05-01T00:17:58.674+0000] {dag.py:3089} INFO - Sync 1 DAGs
[2026-05-01T00:17:58.679+0000] {logging_mixin.py:188} INFO - [2026-05-01T00:17:58.679+0000] {dag.py:3947} INFO - Setting next_dagrun for example_display_name to None, run_after=None
[2026-05-01T00:17:58.688+0000] {processor.py:183} INFO - Processing /home/airflow/.local/lib/python3.12/site-packages/airflow/example_dags/example_display_name.py took 0.031 seconds
[2026-05-01T00:18:29.411+0000] {processor.py:161} INFO - Started process (PID=57108) to work on /home/airflow/.local/lib/python3.12/site-packages/airflow/example_dags/example_display_name.py
[2026-05-01T00:18:29.412+0000] {processor.py:830} INFO - Processing file /home/airflow/.local/lib/python3.12/site-packages/airflow/example_dags/example_display_name.py for tasks to queue
[2026-05-01T00:18:29.413+0000] {logging_mixin.py:188} INFO - [2026-05-01T00:18:29.413+0000] {dagbag.py:545} INFO - Filling up the DagBag from /home/airflow/.local/lib/python3.12/site-packages/airflow/example_dags/example_display_name.py
[2026-05-01T00:18:29.415+0000] {processor.py:840} INFO - DAG(s) 'example_display_name' retrieved from /home/airflow/.local/lib/python3.12/site-packages/airflow/example_dags/example_display_name.py
[2026-05-01T00:18:29.426+0000] {logging_mixin.py:188} INFO - [2026-05-01T00:18:29.426+0000] {dag.py:3089} INFO - Sync 1 DAGs
[2026-05-01T00:18:29.430+0000] {logging_mixin.py:188} INFO - [2026-05-01T00:18:29.430+0000] {dag.py:3947} INFO - Setting next_dagrun for example_display_name to None, run_after=None
[2026-05-01T00:18:29.439+0000] {processor.py:183} INFO - Processing /home/airflow/.local/lib/python3.12/site-packages/airflow/example_dags/example_display_name.py took 0.031 seconds
[2026-05-01T00:19:00.004+0000] {processor.py:161} INFO - Started process (PID=57168) to work on /home/airflow/.local/lib/python3.12/site-packages/airflow/example_dags/example_display_name.py
[2026-05-01T00:19:00.005+0000] {processor.py:830} INFO - Processing file /home/airflow/.local/lib/python3.12/site-packages/airflow/example_dags/example_display_name.py for tasks to queue
[2026-05-01T00:19:00.005+0000] {logging_mixin.py:188} INFO - [2026-05-01T00:19:00.005+0000] {dagbag.py:545} INFO - Filling up the DagBag from /home/airflow/.local/lib/python3.12/site-packages/airflow/example_dags/example_display_name.py
[2026-05-01T00:19:00.008+0000] {processor.py:840} INFO - DAG(s) 'example_display_name' retrieved from /home/airflow/.local/lib/python3.12/site-packages/airflow/example_dags/example_display_name.py
[2026-05-01T00:19:00.018+0000] {logging_mixin.py:188} INFO - [2026-05-01T00:19:00.018+0000] {dag.py:3089} INFO - Sync 1 DAGs
[2026-05-01T00:19:00.023+0000] {logging_mixin.py:188} INFO - [2026-05-01T00:19:00.023+0000] {dag.py:3947} INFO - Setting next_dagrun for example_display_name to None, run_after=None
[2026-05-01T00:19:00.031+0000] {processor.py:183} INFO - Processing /home/airflow/.local/lib/python3.12/site-packages/airflow/example_dags/example_display_name.py took 0.030 seconds
[2026-05-01T00:19:30.925+0000] {processor.py:161} INFO - Started process (PID=57228) to work on /home/airflow/.local/lib/python3.12/site-packages/airflow/example_dags/example_display_name.py
[2026-05-01T00:19:30.925+0000] {processor.py:830} INFO - Processing file /home/airflow/.local/lib/python3.12/site-packages/airflow/example_dags/example_display_name.py for tasks to queue
[2026-05-01T00:19:30.927+0000] {logging_mixin.py:188} INFO - [2026-05-01T00:19:30.927+0000] {dagbag.py:545} INFO - Filling up the DagBag from /home/airflow/.local/lib/python3.12/site-packages/airflow/example_dags/example_display_name.py
[2026-05-01T00:19:30.929+0000] {processor.py:840} INFO - DAG(s) 'example_display_name' retrieved from /home/airflow/.local/lib/python3.12/site-packages/airflow/example_dags/example_display_name.py
[2026-05-01T00:19:30.942+0000] {logging_mixin.py:188} INFO - [2026-05-01T00:19:30.942+0000] {dag.py:3089} INFO - Sync 1 DAGs
[2026-05-01T00:19:30.948+0000] {logging_mixin.py:188} INFO - [2026-05-01T00:19:30.948+0000] {dag.py:3947} INFO - Setting next_dagrun for example_display_name to None, run_after=None
[2026-05-01T00:19:30.959+0000] {processor.py:183} INFO - Processing /home/airflow/.local/lib/python3.12/site-packages/airflow/example_dags/example_display_name.py took 0.037 seconds
[2026-05-01T00:20:01.102+0000] {processor.py:161} INFO - Started process (PID=57288) to work on /home/airflow/.local/lib/python3.12/site-packages/airflow/example_dags/example_display_name.py
[2026-05-01T00:20:01.103+0000] {processor.py:830} INFO - Processing file /home/airflow/.local/lib/python3.12/site-packages/airflow/example_dags/example_display_name.py for tasks to queue
[2026-05-01T00:20:01.105+0000] {logging_mixin.py:188} INFO - [2026-05-01T00:20:01.104+0000] {dagbag.py:545} INFO - Filling up the DagBag from /home/airflow/.local/lib/python3.12/site-packages/airflow/example_dags/example_display_name.py
[2026-05-01T00:20:01.109+0000] {processor.py:840} INFO - DAG(s) 'example_display_name' retrieved from /home/airflow/.local/lib/python3.12/site-packages/airflow/example_dags/example_display_name.py
[2026-05-01T00:20:01.126+0000] {logging_mixin.py:188} INFO - [2026-05-01T00:20:01.123+0000] {dag.py:3089} INFO - Sync 1 DAGs
[2026-05-01T00:20:01.132+0000] {logging_mixin.py:188} INFO - [2026-05-01T00:20:01.131+0000] {dag.py:3947} INFO - Setting next_dagrun for example_display_name to None, run_after=None
[2026-05-01T00:20:01.145+0000] {processor.py:183} INFO - Processing /home/airflow/.local/lib/python3.12/site-packages/airflow/example_dags/example_display_name.py took 0.047 seconds
[2026-05-01T00:20:31.965+0000] {processor.py:161} INFO - Started process (PID=57348) to work on /home/airflow/.local/lib/python3.12/site-packages/airflow/example_dags/example_display_name.py
[2026-05-01T00:20:31.966+0000] {processor.py:830} INFO - Processing file /home/airflow/.local/lib/python3.12/site-packages/airflow/example_dags/example_display_name.py for tasks to queue
[2026-05-01T00:20:31.966+0000] {logging_mixin.py:188} INFO - [2026-05-01T00:20:31.966+0000] {dagbag.py:545} INFO - Filling up the DagBag from /home/airflow/.local/lib/python3.12/site-packages/airflow/example_dags/example_display_name.py
[2026-05-01T00:20:31.969+0000] {processor.py:840} INFO - DAG(s) 'example_display_name' retrieved from /home/airflow/.local/lib/python3.12/site-packages/airflow/example_dags/example_display_name.py
[2026-05-01T00:20:31.982+0000] {logging_mixin.py:188} INFO - [2026-05-01T00:20:31.982+0000] {dag.py:3089} INFO - Sync 1 DAGs
[2026-05-01T00:20:31.988+0000] {logging_mixin.py:188} INFO - [2026-05-01T00:20:31.987+0000] {dag.py:3947} INFO - Setting next_dagrun for example_display_name to None, run_after=None
[2026-05-01T00:20:31.998+0000] {processor.py:183} INFO - Processing /home/airflow/.local/lib/python3.12/site-packages/airflow/example_dags/example_display_name.py took 0.037 seconds
[2026-05-01T00:21:02.285+0000] {processor.py:161} INFO - Started process (PID=57408) to work on /home/airflow/.local/lib/python3.12/site-packages/airflow/example_dags/example_display_name.py
[2026-05-01T00:21:02.286+0000] {processor.py:830} INFO - Processing file /home/airflow/.local/lib/python3.12/site-packages/airflow/example_dags/example_display_name.py for tasks to queue
[2026-05-01T00:21:02.287+0000] {logging_mixin.py:188} INFO - [2026-05-01T00:21:02.287+0000] {dagbag.py:545} INFO - Filling up the DagBag from /home/airflow/.local/lib/python3.12/site-packages/airflow/example_dags/example_display_name.py
[2026-05-01T00:21:02.291+0000] {processor.py:840} INFO - DAG(s) 'example_display_name' retrieved from /home/airflow/.local/lib/python3.12/site-packages/airflow/example_dags/example_display_name.py
[2026-05-01T00:21:02.302+0000] {logging_mixin.py:188} INFO - [2026-05-01T00:21:02.302+0000] {dag.py:3089} INFO - Sync 1 DAGs
[2026-05-01T00:21:02.310+0000] {logging_mixin.py:188} INFO - [2026-05-01T00:21:02.310+0000] {dag.py:3947} INFO - Setting next_dagrun for example_display_name to None, run_after=None
[2026-05-01T00:21:02.320+0000] {processor.py:183} INFO - Processing /home/airflow/.local/lib/python3.12/site-packages/airflow/example_dags/example_display_name.py took 0.038 seconds
[2026-05-01T00:21:32.601+0000] {processor.py:161} INFO - Started process (PID=57468) to work on /home/airflow/.local/lib/python3.12/site-packages/airflow/example_dags/example_display_name.py
[2026-05-01T00:21:32.602+0000] {processor.py:830} INFO - Processing file /home/airflow/.local/lib/python3.12/site-packages/airflow/example_dags/example_display_name.py for tasks to queue
[2026-05-01T00:21:32.603+0000] {logging_mixin.py:188} INFO - [2026-05-01T00:21:32.602+0000] {dagbag.py:545} INFO - Filling up the DagBag from /home/airflow/.local/lib/python3.12/site-packages/airflow/example_dags/example_display_name.py
[2026-05-01T00:21:32.608+0000] {processor.py:840} INFO - DAG(s) 'example_display_name' retrieved from /home/airflow/.local/lib/python3.12/site-packages/airflow/example_dags/example_display_name.py
[2026-05-01T00:21:32.619+0000] {logging_mixin.py:188} INFO - [2026-05-01T00:21:32.619+0000] {dag.py:3089} INFO - Sync 1 DAGs
[2026-05-01T00:21:32.626+0000] {logging_mixin.py:188} INFO - [2026-05-01T00:21:32.626+0000] {dag.py:3947} INFO - Setting next_dagrun for example_display_name to None, run_after=None
[2026-05-01T00:21:32.635+0000] {processor.py:183} INFO - Processing /home/airflow/.local/lib/python3.12/site-packages/airflow/example_dags/example_display_name.py took 0.037 seconds
[2026-05-01T00:22:03.610+0000] {processor.py:161} INFO - Started process (PID=57528) to work on /home/airflow/.local/lib/python3.12/site-packages/airflow/example_dags/example_display_name.py
[2026-05-01T00:22:03.610+0000] {processor.py:830} INFO - Processing file /home/airflow/.local/lib/python3.12/site-packages/airflow/example_dags/example_display_name.py for tasks to queue
[2026-05-01T00:22:03.611+0000] {logging_mixin.py:188} INFO - [2026-05-01T00:22:03.611+0000] {dagbag.py:545} INFO - Filling up the DagBag from /home/airflow/.local/lib/python3.12/site-packages/airflow/example_dags/example_display_name.py
[2026-05-01T00:22:03.613+0000] {processor.py:840} INFO - DAG(s) 'example_display_name' retrieved from /home/airflow/.local/lib/python3.12/site-packages/airflow/example_dags/example_display_name.py
[2026-05-01T00:22:03.620+0000] {logging_mixin.py:188} INFO - [2026-05-01T00:22:03.620+0000] {dag.py:3089} INFO - Sync 1 DAGs
[2026-05-01T00:22:03.624+0000] {logging_mixin.py:188} INFO - [2026-05-01T00:22:03.624+0000] {dag.py:3947} INFO - Setting next_dagrun for example_display_name to None, run_after=None
[2026-05-01T00:22:03.630+0000] {processor.py:183} INFO - Processing /home/airflow/.local/lib/python3.12/site-packages/airflow/example_dags/example_display_name.py took 0.022 seconds
[2026-05-01T00:22:34.552+0000] {processor.py:161} INFO - Started process (PID=57588) to work on /home/airflow/.local/lib/python3.12/site-packages/airflow/example_dags/example_display_name.py
[2026-05-01T00:22:34.552+0000] {processor.py:830} INFO - Processing file /home/airflow/.local/lib/python3.12/site-packages/airflow/example_dags/example_display_name.py for tasks to queue
[2026-05-01T00:22:34.553+0000] {logging_mixin.py:188} INFO - [2026-05-01T00:22:34.553+0000] {dagbag.py:545} INFO - Filling up the DagBag from /home/airflow/.local/lib/python3.12/site-packages/airflow/example_dags/example_display_name.py
[2026-05-01T00:22:34.556+0000] {processor.py:840} INFO - DAG(s) 'example_display_name' retrieved from /home/airflow/.local/lib/python3.12/site-packages/airflow/example_dags/example_display_name.py
[2026-05-01T00:22:34.573+0000] {logging_mixin.py:188} INFO - [2026-05-01T00:22:34.573+0000] {dag.py:3089} INFO - Sync 1 DAGs
[2026-05-01T00:22:34.582+0000] {logging_mixin.py:188} INFO - [2026-05-01T00:22:34.581+0000] {dag.py:3947} INFO - Setting next_dagrun for example_display_name to None, run_after=None
[2026-05-01T00:22:34.599+0000] {processor.py:183} INFO - Processing /home/airflow/.local/lib/python3.12/site-packages/airflow/example_dags/example_display_name.py took 0.050 seconds
[2026-05-01T00:23:05.405+0000] {processor.py:161} INFO - Started process (PID=57648) to work on /home/airflow/.local/lib/python3.12/site-packages/airflow/example_dags/example_display_name.py
[2026-05-01T00:23:05.405+0000] {processor.py:830} INFO - Processing file /home/airflow/.local/lib/python3.12/site-packages/airflow/example_dags/example_display_name.py for tasks to queue
[2026-05-01T00:23:05.406+0000] {logging_mixin.py:188} INFO - [2026-05-01T00:23:05.406+0000] {dagbag.py:545} INFO - Filling up the DagBag from /home/airflow/.local/lib/python3.12/site-packages/airflow/example_dags/example_display_name.py
[2026-05-01T00:23:05.409+0000] {processor.py:840} INFO - DAG(s) 'example_display_name' retrieved from /home/airflow/.local/lib/python3.12/site-packages/airflow/example_dags/example_display_name.py
[2026-05-01T00:23:05.419+0000] {logging_mixin.py:188} INFO - [2026-05-01T00:23:05.419+0000] {dag.py:3089} INFO - Sync 1 DAGs
[2026-05-01T00:23:05.426+0000] {logging_mixin.py:188} INFO - [2026-05-01T00:23:05.426+0000] {dag.py:3947} INFO - Setting next_dagrun for example_display_name to None, run_after=None
[2026-05-01T00:23:05.436+0000] {processor.py:183} INFO - Processing /home/airflow/.local/lib/python3.12/site-packages/airflow/example_dags/example_display_name.py took 0.035 seconds
