[2026-05-01T00:00:02.679+0000] {processor.py:161} INFO - Started process (PID=54929) to work on /home/airflow/.local/lib/python3.12/site-packages/airflow/example_dags/example_skip_dag.py
[2026-05-01T00:00:02.680+0000] {processor.py:830} INFO - Processing file /home/airflow/.local/lib/python3.12/site-packages/airflow/example_dags/example_skip_dag.py for tasks to queue
[2026-05-01T00:00:02.681+0000] {logging_mixin.py:188} INFO - [2026-05-01T00:00:02.681+0000] {dagbag.py:545} INFO - Filling up the DagBag from /home/airflow/.local/lib/python3.12/site-packages/airflow/example_dags/example_skip_dag.py
[2026-05-01T00:00:02.684+0000] {processor.py:840} INFO - DAG(s) 'example_skip_dag' retrieved from /home/airflow/.local/lib/python3.12/site-packages/airflow/example_dags/example_skip_dag.py
[2026-05-01T00:00:02.698+0000] {logging_mixin.py:188} INFO - [2026-05-01T00:00:02.698+0000] {dag.py:3089} INFO - Sync 1 DAGs
[2026-05-01T00:00:02.708+0000] {logging_mixin.py:188} INFO - [2026-05-01T00:00:02.708+0000] {dag.py:3947} INFO - Setting next_dagrun for example_skip_dag to 2026-04-30 00:00:00+00:00, run_after=2026-05-01 00:00:00+00:00
[2026-05-01T00:00:02.713+0000] {processor.py:183} INFO - Processing /home/airflow/.local/lib/python3.12/site-packages/airflow/example_dags/example_skip_dag.py took 0.036 seconds
[2026-05-01T00:00:33.491+0000] {processor.py:161} INFO - Started process (PID=54989) to work on /home/airflow/.local/lib/python3.12/site-packages/airflow/example_dags/example_skip_dag.py
[2026-05-01T00:00:33.491+0000] {processor.py:830} INFO - Processing file /home/airflow/.local/lib/python3.12/site-packages/airflow/example_dags/example_skip_dag.py for tasks to queue
[2026-05-01T00:00:33.492+0000] {logging_mixin.py:188} INFO - [2026-05-01T00:00:33.492+0000] {dagbag.py:545} INFO - Filling up the DagBag from /home/airflow/.local/lib/python3.12/site-packages/airflow/example_dags/example_skip_dag.py
[2026-05-01T00:00:33.494+0000] {processor.py:840} INFO - DAG(s) 'example_skip_dag' retrieved from /home/airflow/.local/lib/python3.12/site-packages/airflow/example_dags/example_skip_dag.py
[2026-05-01T00:00:33.504+0000] {logging_mixin.py:188} INFO - [2026-05-01T00:00:33.504+0000] {dag.py:3089} INFO - Sync 1 DAGs
[2026-05-01T00:00:33.512+0000] {logging_mixin.py:188} INFO - [2026-05-01T00:00:33.512+0000] {dag.py:3947} INFO - Setting next_dagrun for example_skip_dag to 2026-04-30 00:00:00+00:00, run_after=2026-05-01 00:00:00+00:00
[2026-05-01T00:00:33.522+0000] {processor.py:183} INFO - Processing /home/airflow/.local/lib/python3.12/site-packages/airflow/example_dags/example_skip_dag.py took 0.034 seconds
[2026-05-01T00:01:04.207+0000] {processor.py:161} INFO - Started process (PID=55049) to work on /home/airflow/.local/lib/python3.12/site-packages/airflow/example_dags/example_skip_dag.py
[2026-05-01T00:01:04.208+0000] {processor.py:830} INFO - Processing file /home/airflow/.local/lib/python3.12/site-packages/airflow/example_dags/example_skip_dag.py for tasks to queue
[2026-05-01T00:01:04.209+0000] {logging_mixin.py:188} INFO - [2026-05-01T00:01:04.209+0000] {dagbag.py:545} INFO - Filling up the DagBag from /home/airflow/.local/lib/python3.12/site-packages/airflow/example_dags/example_skip_dag.py
[2026-05-01T00:01:04.211+0000] {processor.py:840} INFO - DAG(s) 'example_skip_dag' retrieved from /home/airflow/.local/lib/python3.12/site-packages/airflow/example_dags/example_skip_dag.py
[2026-05-01T00:01:04.220+0000] {logging_mixin.py:188} INFO - [2026-05-01T00:01:04.220+0000] {dag.py:3089} INFO - Sync 1 DAGs
[2026-05-01T00:01:04.229+0000] {logging_mixin.py:188} INFO - [2026-05-01T00:01:04.229+0000] {dag.py:3947} INFO - Setting next_dagrun for example_skip_dag to 2026-04-30 00:00:00+00:00, run_after=2026-05-01 00:00:00+00:00
[2026-05-01T00:01:04.237+0000] {processor.py:183} INFO - Processing /home/airflow/.local/lib/python3.12/site-packages/airflow/example_dags/example_skip_dag.py took 0.033 seconds
[2026-05-01T00:01:34.988+0000] {processor.py:161} INFO - Started process (PID=55115) to work on /home/airflow/.local/lib/python3.12/site-packages/airflow/example_dags/example_skip_dag.py
[2026-05-01T00:01:34.989+0000] {processor.py:830} INFO - Processing file /home/airflow/.local/lib/python3.12/site-packages/airflow/example_dags/example_skip_dag.py for tasks to queue
[2026-05-01T00:01:34.990+0000] {logging_mixin.py:188} INFO - [2026-05-01T00:01:34.990+0000] {dagbag.py:545} INFO - Filling up the DagBag from /home/airflow/.local/lib/python3.12/site-packages/airflow/example_dags/example_skip_dag.py
[2026-05-01T00:01:34.993+0000] {processor.py:840} INFO - DAG(s) 'example_skip_dag' retrieved from /home/airflow/.local/lib/python3.12/site-packages/airflow/example_dags/example_skip_dag.py
[2026-05-01T00:01:35.002+0000] {logging_mixin.py:188} INFO - [2026-05-01T00:01:35.002+0000] {dag.py:3089} INFO - Sync 1 DAGs
[2026-05-01T00:01:35.013+0000] {logging_mixin.py:188} INFO - [2026-05-01T00:01:35.013+0000] {dag.py:3947} INFO - Setting next_dagrun for example_skip_dag to 2026-04-30 00:00:00+00:00, run_after=2026-05-01 00:00:00+00:00
[2026-05-01T00:01:35.021+0000] {processor.py:183} INFO - Processing /home/airflow/.local/lib/python3.12/site-packages/airflow/example_dags/example_skip_dag.py took 0.036 seconds
[2026-05-01T00:02:06.203+0000] {processor.py:161} INFO - Started process (PID=55175) to work on /home/airflow/.local/lib/python3.12/site-packages/airflow/example_dags/example_skip_dag.py
[2026-05-01T00:02:06.204+0000] {processor.py:830} INFO - Processing file /home/airflow/.local/lib/python3.12/site-packages/airflow/example_dags/example_skip_dag.py for tasks to queue
[2026-05-01T00:02:06.205+0000] {logging_mixin.py:188} INFO - [2026-05-01T00:02:06.205+0000] {dagbag.py:545} INFO - Filling up the DagBag from /home/airflow/.local/lib/python3.12/site-packages/airflow/example_dags/example_skip_dag.py
[2026-05-01T00:02:06.208+0000] {processor.py:840} INFO - DAG(s) 'example_skip_dag' retrieved from /home/airflow/.local/lib/python3.12/site-packages/airflow/example_dags/example_skip_dag.py
[2026-05-01T00:02:06.215+0000] {logging_mixin.py:188} INFO - [2026-05-01T00:02:06.215+0000] {dag.py:3089} INFO - Sync 1 DAGs
[2026-05-01T00:02:06.240+0000] {logging_mixin.py:188} INFO - [2026-05-01T00:02:06.240+0000] {dag.py:3947} INFO - Setting next_dagrun for example_skip_dag to 2026-04-30 00:00:00+00:00, run_after=2026-05-01 00:00:00+00:00
[2026-05-01T00:02:06.282+0000] {processor.py:183} INFO - Processing /home/airflow/.local/lib/python3.12/site-packages/airflow/example_dags/example_skip_dag.py took 0.083 seconds
[2026-05-01T00:02:37.274+0000] {processor.py:161} INFO - Started process (PID=55235) to work on /home/airflow/.local/lib/python3.12/site-packages/airflow/example_dags/example_skip_dag.py
[2026-05-01T00:02:37.276+0000] {processor.py:830} INFO - Processing file /home/airflow/.local/lib/python3.12/site-packages/airflow/example_dags/example_skip_dag.py for tasks to queue
[2026-05-01T00:02:37.278+0000] {logging_mixin.py:188} INFO - [2026-05-01T00:02:37.278+0000] {dagbag.py:545} INFO - Filling up the DagBag from /home/airflow/.local/lib/python3.12/site-packages/airflow/example_dags/example_skip_dag.py
[2026-05-01T00:02:37.283+0000] {processor.py:840} INFO - DAG(s) 'example_skip_dag' retrieved from /home/airflow/.local/lib/python3.12/site-packages/airflow/example_dags/example_skip_dag.py
[2026-05-01T00:02:37.306+0000] {logging_mixin.py:188} INFO - [2026-05-01T00:02:37.306+0000] {dag.py:3089} INFO - Sync 1 DAGs
[2026-05-01T00:02:37.316+0000] {logging_mixin.py:188} INFO - [2026-05-01T00:02:37.315+0000] {dag.py:3947} INFO - Setting next_dagrun for example_skip_dag to 2026-04-30 00:00:00+00:00, run_after=2026-05-01 00:00:00+00:00
[2026-05-01T00:02:37.326+0000] {processor.py:183} INFO - Processing /home/airflow/.local/lib/python3.12/site-packages/airflow/example_dags/example_skip_dag.py took 0.059 seconds
[2026-05-01T00:03:08.049+0000] {processor.py:161} INFO - Started process (PID=55295) to work on /home/airflow/.local/lib/python3.12/site-packages/airflow/example_dags/example_skip_dag.py
[2026-05-01T00:03:08.051+0000] {processor.py:830} INFO - Processing file /home/airflow/.local/lib/python3.12/site-packages/airflow/example_dags/example_skip_dag.py for tasks to queue
[2026-05-01T00:03:08.054+0000] {logging_mixin.py:188} INFO - [2026-05-01T00:03:08.054+0000] {dagbag.py:545} INFO - Filling up the DagBag from /home/airflow/.local/lib/python3.12/site-packages/airflow/example_dags/example_skip_dag.py
[2026-05-01T00:03:08.064+0000] {processor.py:840} INFO - DAG(s) 'example_skip_dag' retrieved from /home/airflow/.local/lib/python3.12/site-packages/airflow/example_dags/example_skip_dag.py
[2026-05-01T00:03:08.084+0000] {logging_mixin.py:188} INFO - [2026-05-01T00:03:08.084+0000] {dag.py:3089} INFO - Sync 1 DAGs
[2026-05-01T00:03:08.095+0000] {logging_mixin.py:188} INFO - [2026-05-01T00:03:08.095+0000] {dag.py:3947} INFO - Setting next_dagrun for example_skip_dag to 2026-04-30 00:00:00+00:00, run_after=2026-05-01 00:00:00+00:00
[2026-05-01T00:03:08.103+0000] {processor.py:183} INFO - Processing /home/airflow/.local/lib/python3.12/site-packages/airflow/example_dags/example_skip_dag.py took 0.062 seconds
[2026-05-01T00:03:38.696+0000] {processor.py:161} INFO - Started process (PID=55355) to work on /home/airflow/.local/lib/python3.12/site-packages/airflow/example_dags/example_skip_dag.py
[2026-05-01T00:03:38.698+0000] {processor.py:830} INFO - Processing file /home/airflow/.local/lib/python3.12/site-packages/airflow/example_dags/example_skip_dag.py for tasks to queue
[2026-05-01T00:03:38.700+0000] {logging_mixin.py:188} INFO - [2026-05-01T00:03:38.700+0000] {dagbag.py:545} INFO - Filling up the DagBag from /home/airflow/.local/lib/python3.12/site-packages/airflow/example_dags/example_skip_dag.py
[2026-05-01T00:03:38.709+0000] {processor.py:840} INFO - DAG(s) 'example_skip_dag' retrieved from /home/airflow/.local/lib/python3.12/site-packages/airflow/example_dags/example_skip_dag.py
[2026-05-01T00:03:38.725+0000] {logging_mixin.py:188} INFO - [2026-05-01T00:03:38.725+0000] {dag.py:3089} INFO - Sync 1 DAGs
[2026-05-01T00:03:38.736+0000] {logging_mixin.py:188} INFO - [2026-05-01T00:03:38.736+0000] {dag.py:3947} INFO - Setting next_dagrun for example_skip_dag to 2026-04-30 00:00:00+00:00, run_after=2026-05-01 00:00:00+00:00
[2026-05-01T00:03:38.745+0000] {processor.py:183} INFO - Processing /home/airflow/.local/lib/python3.12/site-packages/airflow/example_dags/example_skip_dag.py took 0.056 seconds
[2026-05-01T00:04:09.437+0000] {processor.py:161} INFO - Started process (PID=55415) to work on /home/airflow/.local/lib/python3.12/site-packages/airflow/example_dags/example_skip_dag.py
[2026-05-01T00:04:09.438+0000] {processor.py:830} INFO - Processing file /home/airflow/.local/lib/python3.12/site-packages/airflow/example_dags/example_skip_dag.py for tasks to queue
[2026-05-01T00:04:09.440+0000] {logging_mixin.py:188} INFO - [2026-05-01T00:04:09.439+0000] {dagbag.py:545} INFO - Filling up the DagBag from /home/airflow/.local/lib/python3.12/site-packages/airflow/example_dags/example_skip_dag.py
[2026-05-01T00:04:09.445+0000] {processor.py:840} INFO - DAG(s) 'example_skip_dag' retrieved from /home/airflow/.local/lib/python3.12/site-packages/airflow/example_dags/example_skip_dag.py
[2026-05-01T00:04:09.465+0000] {logging_mixin.py:188} INFO - [2026-05-01T00:04:09.465+0000] {dag.py:3089} INFO - Sync 1 DAGs
[2026-05-01T00:04:09.475+0000] {logging_mixin.py:188} INFO - [2026-05-01T00:04:09.475+0000] {dag.py:3947} INFO - Setting next_dagrun for example_skip_dag to 2026-04-30 00:00:00+00:00, run_after=2026-05-01 00:00:00+00:00
[2026-05-01T00:04:09.486+0000] {processor.py:183} INFO - Processing /home/airflow/.local/lib/python3.12/site-packages/airflow/example_dags/example_skip_dag.py took 0.056 seconds
[2026-05-01T00:04:40.160+0000] {processor.py:161} INFO - Started process (PID=55475) to work on /home/airflow/.local/lib/python3.12/site-packages/airflow/example_dags/example_skip_dag.py
[2026-05-01T00:04:40.161+0000] {processor.py:830} INFO - Processing file /home/airflow/.local/lib/python3.12/site-packages/airflow/example_dags/example_skip_dag.py for tasks to queue
[2026-05-01T00:04:40.162+0000] {logging_mixin.py:188} INFO - [2026-05-01T00:04:40.162+0000] {dagbag.py:545} INFO - Filling up the DagBag from /home/airflow/.local/lib/python3.12/site-packages/airflow/example_dags/example_skip_dag.py
[2026-05-01T00:04:40.169+0000] {processor.py:840} INFO - DAG(s) 'example_skip_dag' retrieved from /home/airflow/.local/lib/python3.12/site-packages/airflow/example_dags/example_skip_dag.py
[2026-05-01T00:04:40.186+0000] {logging_mixin.py:188} INFO - [2026-05-01T00:04:40.186+0000] {dag.py:3089} INFO - Sync 1 DAGs
[2026-05-01T00:04:40.197+0000] {logging_mixin.py:188} INFO - [2026-05-01T00:04:40.197+0000] {dag.py:3947} INFO - Setting next_dagrun for example_skip_dag to 2026-04-30 00:00:00+00:00, run_after=2026-05-01 00:00:00+00:00
[2026-05-01T00:04:40.206+0000] {processor.py:183} INFO - Processing /home/airflow/.local/lib/python3.12/site-packages/airflow/example_dags/example_skip_dag.py took 0.053 seconds
[2026-05-01T00:05:10.934+0000] {processor.py:161} INFO - Started process (PID=55536) to work on /home/airflow/.local/lib/python3.12/site-packages/airflow/example_dags/example_skip_dag.py
[2026-05-01T00:05:10.937+0000] {processor.py:830} INFO - Processing file /home/airflow/.local/lib/python3.12/site-packages/airflow/example_dags/example_skip_dag.py for tasks to queue
[2026-05-01T00:05:10.940+0000] {logging_mixin.py:188} INFO - [2026-05-01T00:05:10.940+0000] {dagbag.py:545} INFO - Filling up the DagBag from /home/airflow/.local/lib/python3.12/site-packages/airflow/example_dags/example_skip_dag.py
[2026-05-01T00:05:10.945+0000] {processor.py:840} INFO - DAG(s) 'example_skip_dag' retrieved from /home/airflow/.local/lib/python3.12/site-packages/airflow/example_dags/example_skip_dag.py
[2026-05-01T00:05:10.965+0000] {logging_mixin.py:188} INFO - [2026-05-01T00:05:10.965+0000] {dag.py:3089} INFO - Sync 1 DAGs
[2026-05-01T00:05:10.973+0000] {logging_mixin.py:188} INFO - [2026-05-01T00:05:10.973+0000] {dag.py:3947} INFO - Setting next_dagrun for example_skip_dag to 2026-04-30 00:00:00+00:00, run_after=2026-05-01 00:00:00+00:00
[2026-05-01T00:05:10.982+0000] {processor.py:183} INFO - Processing /home/airflow/.local/lib/python3.12/site-packages/airflow/example_dags/example_skip_dag.py took 0.054 seconds
[2026-05-01T00:05:41.709+0000] {processor.py:161} INFO - Started process (PID=55596) to work on /home/airflow/.local/lib/python3.12/site-packages/airflow/example_dags/example_skip_dag.py
[2026-05-01T00:05:41.710+0000] {processor.py:830} INFO - Processing file /home/airflow/.local/lib/python3.12/site-packages/airflow/example_dags/example_skip_dag.py for tasks to queue
[2026-05-01T00:05:41.711+0000] {logging_mixin.py:188} INFO - [2026-05-01T00:05:41.711+0000] {dagbag.py:545} INFO - Filling up the DagBag from /home/airflow/.local/lib/python3.12/site-packages/airflow/example_dags/example_skip_dag.py
[2026-05-01T00:05:41.717+0000] {processor.py:840} INFO - DAG(s) 'example_skip_dag' retrieved from /home/airflow/.local/lib/python3.12/site-packages/airflow/example_dags/example_skip_dag.py
[2026-05-01T00:05:41.735+0000] {logging_mixin.py:188} INFO - [2026-05-01T00:05:41.735+0000] {dag.py:3089} INFO - Sync 1 DAGs
[2026-05-01T00:05:41.745+0000] {logging_mixin.py:188} INFO - [2026-05-01T00:05:41.745+0000] {dag.py:3947} INFO - Setting next_dagrun for example_skip_dag to 2026-04-30 00:00:00+00:00, run_after=2026-05-01 00:00:00+00:00
[2026-05-01T00:05:41.756+0000] {processor.py:183} INFO - Processing /home/airflow/.local/lib/python3.12/site-packages/airflow/example_dags/example_skip_dag.py took 0.054 seconds
[2026-05-01T00:06:12.477+0000] {processor.py:161} INFO - Started process (PID=55656) to work on /home/airflow/.local/lib/python3.12/site-packages/airflow/example_dags/example_skip_dag.py
[2026-05-01T00:06:12.480+0000] {processor.py:830} INFO - Processing file /home/airflow/.local/lib/python3.12/site-packages/airflow/example_dags/example_skip_dag.py for tasks to queue
[2026-05-01T00:06:12.483+0000] {logging_mixin.py:188} INFO - [2026-05-01T00:06:12.483+0000] {dagbag.py:545} INFO - Filling up the DagBag from /home/airflow/.local/lib/python3.12/site-packages/airflow/example_dags/example_skip_dag.py
[2026-05-01T00:06:12.490+0000] {processor.py:840} INFO - DAG(s) 'example_skip_dag' retrieved from /home/airflow/.local/lib/python3.12/site-packages/airflow/example_dags/example_skip_dag.py
[2026-05-01T00:06:12.507+0000] {logging_mixin.py:188} INFO - [2026-05-01T00:06:12.507+0000] {dag.py:3089} INFO - Sync 1 DAGs
[2026-05-01T00:06:12.518+0000] {logging_mixin.py:188} INFO - [2026-05-01T00:06:12.518+0000] {dag.py:3947} INFO - Setting next_dagrun for example_skip_dag to 2026-04-30 00:00:00+00:00, run_after=2026-05-01 00:00:00+00:00
[2026-05-01T00:06:12.527+0000] {processor.py:183} INFO - Processing /home/airflow/.local/lib/python3.12/site-packages/airflow/example_dags/example_skip_dag.py took 0.057 seconds
[2026-05-01T00:06:43.266+0000] {processor.py:161} INFO - Started process (PID=55716) to work on /home/airflow/.local/lib/python3.12/site-packages/airflow/example_dags/example_skip_dag.py
[2026-05-01T00:06:43.269+0000] {processor.py:830} INFO - Processing file /home/airflow/.local/lib/python3.12/site-packages/airflow/example_dags/example_skip_dag.py for tasks to queue
[2026-05-01T00:06:43.272+0000] {logging_mixin.py:188} INFO - [2026-05-01T00:06:43.272+0000] {dagbag.py:545} INFO - Filling up the DagBag from /home/airflow/.local/lib/python3.12/site-packages/airflow/example_dags/example_skip_dag.py
[2026-05-01T00:06:43.278+0000] {processor.py:840} INFO - DAG(s) 'example_skip_dag' retrieved from /home/airflow/.local/lib/python3.12/site-packages/airflow/example_dags/example_skip_dag.py
[2026-05-01T00:06:43.297+0000] {logging_mixin.py:188} INFO - [2026-05-01T00:06:43.297+0000] {dag.py:3089} INFO - Sync 1 DAGs
[2026-05-01T00:06:43.309+0000] {logging_mixin.py:188} INFO - [2026-05-01T00:06:43.309+0000] {dag.py:3947} INFO - Setting next_dagrun for example_skip_dag to 2026-04-30 00:00:00+00:00, run_after=2026-05-01 00:00:00+00:00
[2026-05-01T00:06:43.319+0000] {processor.py:183} INFO - Processing /home/airflow/.local/lib/python3.12/site-packages/airflow/example_dags/example_skip_dag.py took 0.059 seconds
[2026-05-01T00:07:13.401+0000] {processor.py:161} INFO - Started process (PID=55776) to work on /home/airflow/.local/lib/python3.12/site-packages/airflow/example_dags/example_skip_dag.py
[2026-05-01T00:07:13.402+0000] {processor.py:830} INFO - Processing file /home/airflow/.local/lib/python3.12/site-packages/airflow/example_dags/example_skip_dag.py for tasks to queue
[2026-05-01T00:07:13.402+0000] {logging_mixin.py:188} INFO - [2026-05-01T00:07:13.402+0000] {dagbag.py:545} INFO - Filling up the DagBag from /home/airflow/.local/lib/python3.12/site-packages/airflow/example_dags/example_skip_dag.py
[2026-05-01T00:07:13.406+0000] {processor.py:840} INFO - DAG(s) 'example_skip_dag' retrieved from /home/airflow/.local/lib/python3.12/site-packages/airflow/example_dags/example_skip_dag.py
[2026-05-01T00:07:13.414+0000] {logging_mixin.py:188} INFO - [2026-05-01T00:07:13.414+0000] {dag.py:3089} INFO - Sync 1 DAGs
[2026-05-01T00:07:13.422+0000] {logging_mixin.py:188} INFO - [2026-05-01T00:07:13.422+0000] {dag.py:3947} INFO - Setting next_dagrun for example_skip_dag to 2026-04-30 00:00:00+00:00, run_after=2026-05-01 00:00:00+00:00
[2026-05-01T00:07:13.429+0000] {processor.py:183} INFO - Processing /home/airflow/.local/lib/python3.12/site-packages/airflow/example_dags/example_skip_dag.py took 0.031 seconds
[2026-05-01T00:07:43.917+0000] {processor.py:161} INFO - Started process (PID=55836) to work on /home/airflow/.local/lib/python3.12/site-packages/airflow/example_dags/example_skip_dag.py
[2026-05-01T00:07:43.917+0000] {processor.py:830} INFO - Processing file /home/airflow/.local/lib/python3.12/site-packages/airflow/example_dags/example_skip_dag.py for tasks to queue
[2026-05-01T00:07:43.918+0000] {logging_mixin.py:188} INFO - [2026-05-01T00:07:43.918+0000] {dagbag.py:545} INFO - Filling up the DagBag from /home/airflow/.local/lib/python3.12/site-packages/airflow/example_dags/example_skip_dag.py
[2026-05-01T00:07:43.921+0000] {processor.py:840} INFO - DAG(s) 'example_skip_dag' retrieved from /home/airflow/.local/lib/python3.12/site-packages/airflow/example_dags/example_skip_dag.py
[2026-05-01T00:07:43.930+0000] {logging_mixin.py:188} INFO - [2026-05-01T00:07:43.930+0000] {dag.py:3089} INFO - Sync 1 DAGs
[2026-05-01T00:07:44.011+0000] {logging_mixin.py:188} INFO - [2026-05-01T00:07:44.011+0000] {dag.py:3947} INFO - Setting next_dagrun for example_skip_dag to 2026-04-30 00:00:00+00:00, run_after=2026-05-01 00:00:00+00:00
[2026-05-01T00:07:44.023+0000] {processor.py:183} INFO - Processing /home/airflow/.local/lib/python3.12/site-packages/airflow/example_dags/example_skip_dag.py took 0.109 seconds
[2026-05-01T00:08:14.172+0000] {processor.py:161} INFO - Started process (PID=55896) to work on /home/airflow/.local/lib/python3.12/site-packages/airflow/example_dags/example_skip_dag.py
[2026-05-01T00:08:14.172+0000] {processor.py:830} INFO - Processing file /home/airflow/.local/lib/python3.12/site-packages/airflow/example_dags/example_skip_dag.py for tasks to queue
[2026-05-01T00:08:14.174+0000] {logging_mixin.py:188} INFO - [2026-05-01T00:08:14.174+0000] {dagbag.py:545} INFO - Filling up the DagBag from /home/airflow/.local/lib/python3.12/site-packages/airflow/example_dags/example_skip_dag.py
[2026-05-01T00:08:14.176+0000] {processor.py:840} INFO - DAG(s) 'example_skip_dag' retrieved from /home/airflow/.local/lib/python3.12/site-packages/airflow/example_dags/example_skip_dag.py
[2026-05-01T00:08:14.191+0000] {logging_mixin.py:188} INFO - [2026-05-01T00:08:14.190+0000] {dag.py:3089} INFO - Sync 1 DAGs
[2026-05-01T00:08:14.265+0000] {logging_mixin.py:188} INFO - [2026-05-01T00:08:14.265+0000] {dag.py:3947} INFO - Setting next_dagrun for example_skip_dag to 2026-04-30 00:00:00+00:00, run_after=2026-05-01 00:00:00+00:00
[2026-05-01T00:08:14.273+0000] {processor.py:183} INFO - Processing /home/airflow/.local/lib/python3.12/site-packages/airflow/example_dags/example_skip_dag.py took 0.104 seconds
[2026-05-01T00:08:44.879+0000] {processor.py:161} INFO - Started process (PID=55957) to work on /home/airflow/.local/lib/python3.12/site-packages/airflow/example_dags/example_skip_dag.py
[2026-05-01T00:08:44.880+0000] {processor.py:830} INFO - Processing file /home/airflow/.local/lib/python3.12/site-packages/airflow/example_dags/example_skip_dag.py for tasks to queue
[2026-05-01T00:08:44.881+0000] {logging_mixin.py:188} INFO - [2026-05-01T00:08:44.880+0000] {dagbag.py:545} INFO - Filling up the DagBag from /home/airflow/.local/lib/python3.12/site-packages/airflow/example_dags/example_skip_dag.py
[2026-05-01T00:08:44.883+0000] {processor.py:840} INFO - DAG(s) 'example_skip_dag' retrieved from /home/airflow/.local/lib/python3.12/site-packages/airflow/example_dags/example_skip_dag.py
[2026-05-01T00:08:44.890+0000] {logging_mixin.py:188} INFO - [2026-05-01T00:08:44.890+0000] {dag.py:3089} INFO - Sync 1 DAGs
[2026-05-01T00:08:44.963+0000] {logging_mixin.py:188} INFO - [2026-05-01T00:08:44.963+0000] {dag.py:3947} INFO - Setting next_dagrun for example_skip_dag to 2026-04-30 00:00:00+00:00, run_after=2026-05-01 00:00:00+00:00
[2026-05-01T00:08:44.970+0000] {processor.py:183} INFO - Processing /home/airflow/.local/lib/python3.12/site-packages/airflow/example_dags/example_skip_dag.py took 0.093 seconds
[2026-05-01T00:09:15.791+0000] {processor.py:161} INFO - Started process (PID=56017) to work on /home/airflow/.local/lib/python3.12/site-packages/airflow/example_dags/example_skip_dag.py
[2026-05-01T00:09:15.791+0000] {processor.py:830} INFO - Processing file /home/airflow/.local/lib/python3.12/site-packages/airflow/example_dags/example_skip_dag.py for tasks to queue
[2026-05-01T00:09:15.792+0000] {logging_mixin.py:188} INFO - [2026-05-01T00:09:15.792+0000] {dagbag.py:545} INFO - Filling up the DagBag from /home/airflow/.local/lib/python3.12/site-packages/airflow/example_dags/example_skip_dag.py
[2026-05-01T00:09:15.794+0000] {processor.py:840} INFO - DAG(s) 'example_skip_dag' retrieved from /home/airflow/.local/lib/python3.12/site-packages/airflow/example_dags/example_skip_dag.py
[2026-05-01T00:09:15.801+0000] {logging_mixin.py:188} INFO - [2026-05-01T00:09:15.801+0000] {dag.py:3089} INFO - Sync 1 DAGs
[2026-05-01T00:09:15.807+0000] {logging_mixin.py:188} INFO - [2026-05-01T00:09:15.807+0000] {dag.py:3947} INFO - Setting next_dagrun for example_skip_dag to 2026-04-30 00:00:00+00:00, run_after=2026-05-01 00:00:00+00:00
[2026-05-01T00:09:15.812+0000] {processor.py:183} INFO - Processing /home/airflow/.local/lib/python3.12/site-packages/airflow/example_dags/example_skip_dag.py took 0.024 seconds
[2026-05-01T00:09:46.545+0000] {processor.py:161} INFO - Started process (PID=56077) to work on /home/airflow/.local/lib/python3.12/site-packages/airflow/example_dags/example_skip_dag.py
[2026-05-01T00:09:46.546+0000] {processor.py:830} INFO - Processing file /home/airflow/.local/lib/python3.12/site-packages/airflow/example_dags/example_skip_dag.py for tasks to queue
[2026-05-01T00:09:46.547+0000] {logging_mixin.py:188} INFO - [2026-05-01T00:09:46.546+0000] {dagbag.py:545} INFO - Filling up the DagBag from /home/airflow/.local/lib/python3.12/site-packages/airflow/example_dags/example_skip_dag.py
[2026-05-01T00:09:46.549+0000] {processor.py:840} INFO - DAG(s) 'example_skip_dag' retrieved from /home/airflow/.local/lib/python3.12/site-packages/airflow/example_dags/example_skip_dag.py
[2026-05-01T00:09:46.557+0000] {logging_mixin.py:188} INFO - [2026-05-01T00:09:46.557+0000] {dag.py:3089} INFO - Sync 1 DAGs
[2026-05-01T00:09:46.568+0000] {logging_mixin.py:188} INFO - [2026-05-01T00:09:46.568+0000] {dag.py:3947} INFO - Setting next_dagrun for example_skip_dag to 2026-04-30 00:00:00+00:00, run_after=2026-05-01 00:00:00+00:00
[2026-05-01T00:09:46.575+0000] {processor.py:183} INFO - Processing /home/airflow/.local/lib/python3.12/site-packages/airflow/example_dags/example_skip_dag.py took 0.032 seconds
[2026-05-01T00:10:17.248+0000] {processor.py:161} INFO - Started process (PID=56137) to work on /home/airflow/.local/lib/python3.12/site-packages/airflow/example_dags/example_skip_dag.py
[2026-05-01T00:10:17.249+0000] {processor.py:830} INFO - Processing file /home/airflow/.local/lib/python3.12/site-packages/airflow/example_dags/example_skip_dag.py for tasks to queue
[2026-05-01T00:10:17.250+0000] {logging_mixin.py:188} INFO - [2026-05-01T00:10:17.250+0000] {dagbag.py:545} INFO - Filling up the DagBag from /home/airflow/.local/lib/python3.12/site-packages/airflow/example_dags/example_skip_dag.py
[2026-05-01T00:10:17.252+0000] {processor.py:840} INFO - DAG(s) 'example_skip_dag' retrieved from /home/airflow/.local/lib/python3.12/site-packages/airflow/example_dags/example_skip_dag.py
[2026-05-01T00:10:17.262+0000] {logging_mixin.py:188} INFO - [2026-05-01T00:10:17.262+0000] {dag.py:3089} INFO - Sync 1 DAGs
[2026-05-01T00:10:17.273+0000] {logging_mixin.py:188} INFO - [2026-05-01T00:10:17.273+0000] {dag.py:3947} INFO - Setting next_dagrun for example_skip_dag to 2026-04-30 00:00:00+00:00, run_after=2026-05-01 00:00:00+00:00
[2026-05-01T00:10:17.282+0000] {processor.py:183} INFO - Processing /home/airflow/.local/lib/python3.12/site-packages/airflow/example_dags/example_skip_dag.py took 0.036 seconds
[2026-05-01T00:10:48.060+0000] {processor.py:161} INFO - Started process (PID=56197) to work on /home/airflow/.local/lib/python3.12/site-packages/airflow/example_dags/example_skip_dag.py
[2026-05-01T00:10:48.060+0000] {processor.py:830} INFO - Processing file /home/airflow/.local/lib/python3.12/site-packages/airflow/example_dags/example_skip_dag.py for tasks to queue
[2026-05-01T00:10:48.061+0000] {logging_mixin.py:188} INFO - [2026-05-01T00:10:48.061+0000] {dagbag.py:545} INFO - Filling up the DagBag from /home/airflow/.local/lib/python3.12/site-packages/airflow/example_dags/example_skip_dag.py
[2026-05-01T00:10:48.064+0000] {processor.py:840} INFO - DAG(s) 'example_skip_dag' retrieved from /home/airflow/.local/lib/python3.12/site-packages/airflow/example_dags/example_skip_dag.py
[2026-05-01T00:10:48.074+0000] {logging_mixin.py:188} INFO - [2026-05-01T00:10:48.074+0000] {dag.py:3089} INFO - Sync 1 DAGs
[2026-05-01T00:10:48.085+0000] {logging_mixin.py:188} INFO - [2026-05-01T00:10:48.085+0000] {dag.py:3947} INFO - Setting next_dagrun for example_skip_dag to 2026-04-30 00:00:00+00:00, run_after=2026-05-01 00:00:00+00:00
[2026-05-01T00:10:48.094+0000] {processor.py:183} INFO - Processing /home/airflow/.local/lib/python3.12/site-packages/airflow/example_dags/example_skip_dag.py took 0.037 seconds
[2026-05-01T00:11:18.118+0000] {processor.py:161} INFO - Started process (PID=56257) to work on /home/airflow/.local/lib/python3.12/site-packages/airflow/example_dags/example_skip_dag.py
[2026-05-01T00:11:18.120+0000] {processor.py:830} INFO - Processing file /home/airflow/.local/lib/python3.12/site-packages/airflow/example_dags/example_skip_dag.py for tasks to queue
[2026-05-01T00:11:18.121+0000] {logging_mixin.py:188} INFO - [2026-05-01T00:11:18.121+0000] {dagbag.py:545} INFO - Filling up the DagBag from /home/airflow/.local/lib/python3.12/site-packages/airflow/example_dags/example_skip_dag.py
[2026-05-01T00:11:18.124+0000] {processor.py:840} INFO - DAG(s) 'example_skip_dag' retrieved from /home/airflow/.local/lib/python3.12/site-packages/airflow/example_dags/example_skip_dag.py
[2026-05-01T00:11:18.131+0000] {logging_mixin.py:188} INFO - [2026-05-01T00:11:18.131+0000] {dag.py:3089} INFO - Sync 1 DAGs
[2026-05-01T00:11:18.139+0000] {logging_mixin.py:188} INFO - [2026-05-01T00:11:18.139+0000] {dag.py:3947} INFO - Setting next_dagrun for example_skip_dag to 2026-04-30 00:00:00+00:00, run_after=2026-05-01 00:00:00+00:00
[2026-05-01T00:11:18.145+0000] {processor.py:183} INFO - Processing /home/airflow/.local/lib/python3.12/site-packages/airflow/example_dags/example_skip_dag.py took 0.030 seconds
[2026-05-01T00:11:48.762+0000] {processor.py:161} INFO - Started process (PID=56317) to work on /home/airflow/.local/lib/python3.12/site-packages/airflow/example_dags/example_skip_dag.py
[2026-05-01T00:11:48.763+0000] {processor.py:830} INFO - Processing file /home/airflow/.local/lib/python3.12/site-packages/airflow/example_dags/example_skip_dag.py for tasks to queue
[2026-05-01T00:11:48.763+0000] {logging_mixin.py:188} INFO - [2026-05-01T00:11:48.763+0000] {dagbag.py:545} INFO - Filling up the DagBag from /home/airflow/.local/lib/python3.12/site-packages/airflow/example_dags/example_skip_dag.py
[2026-05-01T00:11:48.766+0000] {processor.py:840} INFO - DAG(s) 'example_skip_dag' retrieved from /home/airflow/.local/lib/python3.12/site-packages/airflow/example_dags/example_skip_dag.py
[2026-05-01T00:11:48.773+0000] {logging_mixin.py:188} INFO - [2026-05-01T00:11:48.773+0000] {dag.py:3089} INFO - Sync 1 DAGs
[2026-05-01T00:11:48.779+0000] {logging_mixin.py:188} INFO - [2026-05-01T00:11:48.779+0000] {dag.py:3947} INFO - Setting next_dagrun for example_skip_dag to 2026-04-30 00:00:00+00:00, run_after=2026-05-01 00:00:00+00:00
[2026-05-01T00:11:48.784+0000] {processor.py:183} INFO - Processing /home/airflow/.local/lib/python3.12/site-packages/airflow/example_dags/example_skip_dag.py took 0.024 seconds
[2026-05-01T00:12:19.467+0000] {processor.py:161} INFO - Started process (PID=56377) to work on /home/airflow/.local/lib/python3.12/site-packages/airflow/example_dags/example_skip_dag.py
[2026-05-01T00:12:19.467+0000] {processor.py:830} INFO - Processing file /home/airflow/.local/lib/python3.12/site-packages/airflow/example_dags/example_skip_dag.py for tasks to queue
[2026-05-01T00:12:19.468+0000] {logging_mixin.py:188} INFO - [2026-05-01T00:12:19.468+0000] {dagbag.py:545} INFO - Filling up the DagBag from /home/airflow/.local/lib/python3.12/site-packages/airflow/example_dags/example_skip_dag.py
[2026-05-01T00:12:19.470+0000] {processor.py:840} INFO - DAG(s) 'example_skip_dag' retrieved from /home/airflow/.local/lib/python3.12/site-packages/airflow/example_dags/example_skip_dag.py
[2026-05-01T00:12:19.483+0000] {logging_mixin.py:188} INFO - [2026-05-01T00:12:19.481+0000] {dag.py:3089} INFO - Sync 1 DAGs
[2026-05-01T00:12:19.492+0000] {logging_mixin.py:188} INFO - [2026-05-01T00:12:19.492+0000] {dag.py:3947} INFO - Setting next_dagrun for example_skip_dag to 2026-04-30 00:00:00+00:00, run_after=2026-05-01 00:00:00+00:00
[2026-05-01T00:12:19.501+0000] {processor.py:183} INFO - Processing /home/airflow/.local/lib/python3.12/site-packages/airflow/example_dags/example_skip_dag.py took 0.037 seconds
[2026-05-01T00:12:50.224+0000] {processor.py:161} INFO - Started process (PID=56437) to work on /home/airflow/.local/lib/python3.12/site-packages/airflow/example_dags/example_skip_dag.py
[2026-05-01T00:12:50.224+0000] {processor.py:830} INFO - Processing file /home/airflow/.local/lib/python3.12/site-packages/airflow/example_dags/example_skip_dag.py for tasks to queue
[2026-05-01T00:12:50.225+0000] {logging_mixin.py:188} INFO - [2026-05-01T00:12:50.225+0000] {dagbag.py:545} INFO - Filling up the DagBag from /home/airflow/.local/lib/python3.12/site-packages/airflow/example_dags/example_skip_dag.py
[2026-05-01T00:12:50.230+0000] {processor.py:840} INFO - DAG(s) 'example_skip_dag' retrieved from /home/airflow/.local/lib/python3.12/site-packages/airflow/example_dags/example_skip_dag.py
[2026-05-01T00:12:50.238+0000] {logging_mixin.py:188} INFO - [2026-05-01T00:12:50.238+0000] {dag.py:3089} INFO - Sync 1 DAGs
[2026-05-01T00:12:50.249+0000] {logging_mixin.py:188} INFO - [2026-05-01T00:12:50.249+0000] {dag.py:3947} INFO - Setting next_dagrun for example_skip_dag to 2026-04-30 00:00:00+00:00, run_after=2026-05-01 00:00:00+00:00
[2026-05-01T00:12:50.261+0000] {processor.py:183} INFO - Processing /home/airflow/.local/lib/python3.12/site-packages/airflow/example_dags/example_skip_dag.py took 0.040 seconds
[2026-05-01T00:13:20.937+0000] {processor.py:161} INFO - Started process (PID=56497) to work on /home/airflow/.local/lib/python3.12/site-packages/airflow/example_dags/example_skip_dag.py
[2026-05-01T00:13:20.938+0000] {processor.py:830} INFO - Processing file /home/airflow/.local/lib/python3.12/site-packages/airflow/example_dags/example_skip_dag.py for tasks to queue
[2026-05-01T00:13:20.939+0000] {logging_mixin.py:188} INFO - [2026-05-01T00:13:20.939+0000] {dagbag.py:545} INFO - Filling up the DagBag from /home/airflow/.local/lib/python3.12/site-packages/airflow/example_dags/example_skip_dag.py
[2026-05-01T00:13:20.943+0000] {processor.py:840} INFO - DAG(s) 'example_skip_dag' retrieved from /home/airflow/.local/lib/python3.12/site-packages/airflow/example_dags/example_skip_dag.py
[2026-05-01T00:13:20.952+0000] {logging_mixin.py:188} INFO - [2026-05-01T00:13:20.952+0000] {dag.py:3089} INFO - Sync 1 DAGs
[2026-05-01T00:13:20.961+0000] {logging_mixin.py:188} INFO - [2026-05-01T00:13:20.961+0000] {dag.py:3947} INFO - Setting next_dagrun for example_skip_dag to 2026-04-30 00:00:00+00:00, run_after=2026-05-01 00:00:00+00:00
[2026-05-01T00:13:20.970+0000] {processor.py:183} INFO - Processing /home/airflow/.local/lib/python3.12/site-packages/airflow/example_dags/example_skip_dag.py took 0.036 seconds
[2026-05-01T00:13:51.345+0000] {processor.py:161} INFO - Started process (PID=56557) to work on /home/airflow/.local/lib/python3.12/site-packages/airflow/example_dags/example_skip_dag.py
[2026-05-01T00:13:51.346+0000] {processor.py:830} INFO - Processing file /home/airflow/.local/lib/python3.12/site-packages/airflow/example_dags/example_skip_dag.py for tasks to queue
[2026-05-01T00:13:51.347+0000] {logging_mixin.py:188} INFO - [2026-05-01T00:13:51.347+0000] {dagbag.py:545} INFO - Filling up the DagBag from /home/airflow/.local/lib/python3.12/site-packages/airflow/example_dags/example_skip_dag.py
[2026-05-01T00:13:51.350+0000] {processor.py:840} INFO - DAG(s) 'example_skip_dag' retrieved from /home/airflow/.local/lib/python3.12/site-packages/airflow/example_dags/example_skip_dag.py
[2026-05-01T00:13:51.360+0000] {logging_mixin.py:188} INFO - [2026-05-01T00:13:51.360+0000] {dag.py:3089} INFO - Sync 1 DAGs
[2026-05-01T00:13:51.368+0000] {logging_mixin.py:188} INFO - [2026-05-01T00:13:51.368+0000] {dag.py:3947} INFO - Setting next_dagrun for example_skip_dag to 2026-04-30 00:00:00+00:00, run_after=2026-05-01 00:00:00+00:00
[2026-05-01T00:13:51.375+0000] {processor.py:183} INFO - Processing /home/airflow/.local/lib/python3.12/site-packages/airflow/example_dags/example_skip_dag.py took 0.032 seconds
[2026-05-01T00:14:22.021+0000] {processor.py:161} INFO - Started process (PID=56617) to work on /home/airflow/.local/lib/python3.12/site-packages/airflow/example_dags/example_skip_dag.py
[2026-05-01T00:14:22.022+0000] {processor.py:830} INFO - Processing file /home/airflow/.local/lib/python3.12/site-packages/airflow/example_dags/example_skip_dag.py for tasks to queue
[2026-05-01T00:14:22.022+0000] {logging_mixin.py:188} INFO - [2026-05-01T00:14:22.022+0000] {dagbag.py:545} INFO - Filling up the DagBag from /home/airflow/.local/lib/python3.12/site-packages/airflow/example_dags/example_skip_dag.py
[2026-05-01T00:14:22.025+0000] {processor.py:840} INFO - DAG(s) 'example_skip_dag' retrieved from /home/airflow/.local/lib/python3.12/site-packages/airflow/example_dags/example_skip_dag.py
[2026-05-01T00:14:22.036+0000] {logging_mixin.py:188} INFO - [2026-05-01T00:14:22.036+0000] {dag.py:3089} INFO - Sync 1 DAGs
[2026-05-01T00:14:22.044+0000] {logging_mixin.py:188} INFO - [2026-05-01T00:14:22.044+0000] {dag.py:3947} INFO - Setting next_dagrun for example_skip_dag to 2026-04-30 00:00:00+00:00, run_after=2026-05-01 00:00:00+00:00
[2026-05-01T00:14:22.053+0000] {processor.py:183} INFO - Processing /home/airflow/.local/lib/python3.12/site-packages/airflow/example_dags/example_skip_dag.py took 0.034 seconds
[2026-05-01T00:14:52.597+0000] {processor.py:161} INFO - Started process (PID=56677) to work on /home/airflow/.local/lib/python3.12/site-packages/airflow/example_dags/example_skip_dag.py
[2026-05-01T00:14:52.597+0000] {processor.py:830} INFO - Processing file /home/airflow/.local/lib/python3.12/site-packages/airflow/example_dags/example_skip_dag.py for tasks to queue
[2026-05-01T00:14:52.599+0000] {logging_mixin.py:188} INFO - [2026-05-01T00:14:52.598+0000] {dagbag.py:545} INFO - Filling up the DagBag from /home/airflow/.local/lib/python3.12/site-packages/airflow/example_dags/example_skip_dag.py
[2026-05-01T00:14:52.601+0000] {processor.py:840} INFO - DAG(s) 'example_skip_dag' retrieved from /home/airflow/.local/lib/python3.12/site-packages/airflow/example_dags/example_skip_dag.py
[2026-05-01T00:14:52.612+0000] {logging_mixin.py:188} INFO - [2026-05-01T00:14:52.612+0000] {dag.py:3089} INFO - Sync 1 DAGs
[2026-05-01T00:14:52.620+0000] {logging_mixin.py:188} INFO - [2026-05-01T00:14:52.620+0000] {dag.py:3947} INFO - Setting next_dagrun for example_skip_dag to 2026-04-30 00:00:00+00:00, run_after=2026-05-01 00:00:00+00:00
[2026-05-01T00:14:52.627+0000] {processor.py:183} INFO - Processing /home/airflow/.local/lib/python3.12/site-packages/airflow/example_dags/example_skip_dag.py took 0.033 seconds
[2026-05-01T00:15:23.177+0000] {processor.py:161} INFO - Started process (PID=56737) to work on /home/airflow/.local/lib/python3.12/site-packages/airflow/example_dags/example_skip_dag.py
[2026-05-01T00:15:23.178+0000] {processor.py:830} INFO - Processing file /home/airflow/.local/lib/python3.12/site-packages/airflow/example_dags/example_skip_dag.py for tasks to queue
[2026-05-01T00:15:23.179+0000] {logging_mixin.py:188} INFO - [2026-05-01T00:15:23.179+0000] {dagbag.py:545} INFO - Filling up the DagBag from /home/airflow/.local/lib/python3.12/site-packages/airflow/example_dags/example_skip_dag.py
[2026-05-01T00:15:23.181+0000] {processor.py:840} INFO - DAG(s) 'example_skip_dag' retrieved from /home/airflow/.local/lib/python3.12/site-packages/airflow/example_dags/example_skip_dag.py
[2026-05-01T00:15:23.193+0000] {logging_mixin.py:188} INFO - [2026-05-01T00:15:23.193+0000] {dag.py:3089} INFO - Sync 1 DAGs
[2026-05-01T00:15:23.201+0000] {logging_mixin.py:188} INFO - [2026-05-01T00:15:23.201+0000] {dag.py:3947} INFO - Setting next_dagrun for example_skip_dag to 2026-04-30 00:00:00+00:00, run_after=2026-05-01 00:00:00+00:00
[2026-05-01T00:15:23.208+0000] {processor.py:183} INFO - Processing /home/airflow/.local/lib/python3.12/site-packages/airflow/example_dags/example_skip_dag.py took 0.033 seconds
[2026-05-01T00:15:53.803+0000] {processor.py:161} INFO - Started process (PID=56797) to work on /home/airflow/.local/lib/python3.12/site-packages/airflow/example_dags/example_skip_dag.py
[2026-05-01T00:15:53.804+0000] {processor.py:830} INFO - Processing file /home/airflow/.local/lib/python3.12/site-packages/airflow/example_dags/example_skip_dag.py for tasks to queue
[2026-05-01T00:15:53.805+0000] {logging_mixin.py:188} INFO - [2026-05-01T00:15:53.805+0000] {dagbag.py:545} INFO - Filling up the DagBag from /home/airflow/.local/lib/python3.12/site-packages/airflow/example_dags/example_skip_dag.py
[2026-05-01T00:15:53.808+0000] {processor.py:840} INFO - DAG(s) 'example_skip_dag' retrieved from /home/airflow/.local/lib/python3.12/site-packages/airflow/example_dags/example_skip_dag.py
[2026-05-01T00:15:53.820+0000] {logging_mixin.py:188} INFO - [2026-05-01T00:15:53.820+0000] {dag.py:3089} INFO - Sync 1 DAGs
[2026-05-01T00:15:53.827+0000] {logging_mixin.py:188} INFO - [2026-05-01T00:15:53.827+0000] {dag.py:3947} INFO - Setting next_dagrun for example_skip_dag to 2026-04-30 00:00:00+00:00, run_after=2026-05-01 00:00:00+00:00
[2026-05-01T00:15:53.835+0000] {processor.py:183} INFO - Processing /home/airflow/.local/lib/python3.12/site-packages/airflow/example_dags/example_skip_dag.py took 0.034 seconds
[2026-05-01T00:16:24.443+0000] {processor.py:161} INFO - Started process (PID=56857) to work on /home/airflow/.local/lib/python3.12/site-packages/airflow/example_dags/example_skip_dag.py
[2026-05-01T00:16:24.445+0000] {processor.py:830} INFO - Processing file /home/airflow/.local/lib/python3.12/site-packages/airflow/example_dags/example_skip_dag.py for tasks to queue
[2026-05-01T00:16:24.447+0000] {logging_mixin.py:188} INFO - [2026-05-01T00:16:24.447+0000] {dagbag.py:545} INFO - Filling up the DagBag from /home/airflow/.local/lib/python3.12/site-packages/airflow/example_dags/example_skip_dag.py
[2026-05-01T00:16:24.449+0000] {processor.py:840} INFO - DAG(s) 'example_skip_dag' retrieved from /home/airflow/.local/lib/python3.12/site-packages/airflow/example_dags/example_skip_dag.py
[2026-05-01T00:16:24.462+0000] {logging_mixin.py:188} INFO - [2026-05-01T00:16:24.462+0000] {dag.py:3089} INFO - Sync 1 DAGs
[2026-05-01T00:16:24.471+0000] {logging_mixin.py:188} INFO - [2026-05-01T00:16:24.471+0000] {dag.py:3947} INFO - Setting next_dagrun for example_skip_dag to 2026-04-30 00:00:00+00:00, run_after=2026-05-01 00:00:00+00:00
[2026-05-01T00:16:24.481+0000] {processor.py:183} INFO - Processing /home/airflow/.local/lib/python3.12/site-packages/airflow/example_dags/example_skip_dag.py took 0.041 seconds
[2026-05-01T00:16:55.070+0000] {processor.py:161} INFO - Started process (PID=56917) to work on /home/airflow/.local/lib/python3.12/site-packages/airflow/example_dags/example_skip_dag.py
[2026-05-01T00:16:55.070+0000] {processor.py:830} INFO - Processing file /home/airflow/.local/lib/python3.12/site-packages/airflow/example_dags/example_skip_dag.py for tasks to queue
[2026-05-01T00:16:55.072+0000] {logging_mixin.py:188} INFO - [2026-05-01T00:16:55.072+0000] {dagbag.py:545} INFO - Filling up the DagBag from /home/airflow/.local/lib/python3.12/site-packages/airflow/example_dags/example_skip_dag.py
[2026-05-01T00:16:55.075+0000] {processor.py:840} INFO - DAG(s) 'example_skip_dag' retrieved from /home/airflow/.local/lib/python3.12/site-packages/airflow/example_dags/example_skip_dag.py
[2026-05-01T00:16:55.085+0000] {logging_mixin.py:188} INFO - [2026-05-01T00:16:55.085+0000] {dag.py:3089} INFO - Sync 1 DAGs
[2026-05-01T00:16:55.094+0000] {logging_mixin.py:188} INFO - [2026-05-01T00:16:55.094+0000] {dag.py:3947} INFO - Setting next_dagrun for example_skip_dag to 2026-04-30 00:00:00+00:00, run_after=2026-05-01 00:00:00+00:00
[2026-05-01T00:16:55.100+0000] {processor.py:183} INFO - Processing /home/airflow/.local/lib/python3.12/site-packages/airflow/example_dags/example_skip_dag.py took 0.032 seconds
[2026-05-01T00:17:26.041+0000] {processor.py:161} INFO - Started process (PID=56977) to work on /home/airflow/.local/lib/python3.12/site-packages/airflow/example_dags/example_skip_dag.py
[2026-05-01T00:17:26.042+0000] {processor.py:830} INFO - Processing file /home/airflow/.local/lib/python3.12/site-packages/airflow/example_dags/example_skip_dag.py for tasks to queue
[2026-05-01T00:17:26.043+0000] {logging_mixin.py:188} INFO - [2026-05-01T00:17:26.043+0000] {dagbag.py:545} INFO - Filling up the DagBag from /home/airflow/.local/lib/python3.12/site-packages/airflow/example_dags/example_skip_dag.py
[2026-05-01T00:17:26.047+0000] {processor.py:840} INFO - DAG(s) 'example_skip_dag' retrieved from /home/airflow/.local/lib/python3.12/site-packages/airflow/example_dags/example_skip_dag.py
[2026-05-01T00:17:26.065+0000] {logging_mixin.py:188} INFO - [2026-05-01T00:17:26.065+0000] {dag.py:3089} INFO - Sync 1 DAGs
[2026-05-01T00:17:26.076+0000] {logging_mixin.py:188} INFO - [2026-05-01T00:17:26.076+0000] {dag.py:3947} INFO - Setting next_dagrun for example_skip_dag to 2026-04-30 00:00:00+00:00, run_after=2026-05-01 00:00:00+00:00
[2026-05-01T00:17:26.083+0000] {processor.py:183} INFO - Processing /home/airflow/.local/lib/python3.12/site-packages/airflow/example_dags/example_skip_dag.py took 0.045 seconds
[2026-05-01T00:17:56.350+0000] {processor.py:161} INFO - Started process (PID=57036) to work on /home/airflow/.local/lib/python3.12/site-packages/airflow/example_dags/example_skip_dag.py
[2026-05-01T00:17:56.351+0000] {processor.py:830} INFO - Processing file /home/airflow/.local/lib/python3.12/site-packages/airflow/example_dags/example_skip_dag.py for tasks to queue
[2026-05-01T00:17:56.352+0000] {logging_mixin.py:188} INFO - [2026-05-01T00:17:56.352+0000] {dagbag.py:545} INFO - Filling up the DagBag from /home/airflow/.local/lib/python3.12/site-packages/airflow/example_dags/example_skip_dag.py
[2026-05-01T00:17:56.355+0000] {processor.py:840} INFO - DAG(s) 'example_skip_dag' retrieved from /home/airflow/.local/lib/python3.12/site-packages/airflow/example_dags/example_skip_dag.py
[2026-05-01T00:17:56.369+0000] {logging_mixin.py:188} INFO - [2026-05-01T00:17:56.369+0000] {dag.py:3089} INFO - Sync 1 DAGs
[2026-05-01T00:17:56.380+0000] {logging_mixin.py:188} INFO - [2026-05-01T00:17:56.380+0000] {dag.py:3947} INFO - Setting next_dagrun for example_skip_dag to 2026-04-30 00:00:00+00:00, run_after=2026-05-01 00:00:00+00:00
[2026-05-01T00:17:56.393+0000] {processor.py:183} INFO - Processing /home/airflow/.local/lib/python3.12/site-packages/airflow/example_dags/example_skip_dag.py took 0.047 seconds
[2026-05-01T00:18:27.074+0000] {processor.py:161} INFO - Started process (PID=57096) to work on /home/airflow/.local/lib/python3.12/site-packages/airflow/example_dags/example_skip_dag.py
[2026-05-01T00:18:27.075+0000] {processor.py:830} INFO - Processing file /home/airflow/.local/lib/python3.12/site-packages/airflow/example_dags/example_skip_dag.py for tasks to queue
[2026-05-01T00:18:27.076+0000] {logging_mixin.py:188} INFO - [2026-05-01T00:18:27.076+0000] {dagbag.py:545} INFO - Filling up the DagBag from /home/airflow/.local/lib/python3.12/site-packages/airflow/example_dags/example_skip_dag.py
[2026-05-01T00:18:27.079+0000] {processor.py:840} INFO - DAG(s) 'example_skip_dag' retrieved from /home/airflow/.local/lib/python3.12/site-packages/airflow/example_dags/example_skip_dag.py
[2026-05-01T00:18:27.088+0000] {logging_mixin.py:188} INFO - [2026-05-01T00:18:27.088+0000] {dag.py:3089} INFO - Sync 1 DAGs
[2026-05-01T00:18:27.097+0000] {logging_mixin.py:188} INFO - [2026-05-01T00:18:27.097+0000] {dag.py:3947} INFO - Setting next_dagrun for example_skip_dag to 2026-04-30 00:00:00+00:00, run_after=2026-05-01 00:00:00+00:00
[2026-05-01T00:18:27.112+0000] {processor.py:183} INFO - Processing /home/airflow/.local/lib/python3.12/site-packages/airflow/example_dags/example_skip_dag.py took 0.041 seconds
[2026-05-01T00:18:57.693+0000] {processor.py:161} INFO - Started process (PID=57156) to work on /home/airflow/.local/lib/python3.12/site-packages/airflow/example_dags/example_skip_dag.py
[2026-05-01T00:18:57.693+0000] {processor.py:830} INFO - Processing file /home/airflow/.local/lib/python3.12/site-packages/airflow/example_dags/example_skip_dag.py for tasks to queue
[2026-05-01T00:18:57.694+0000] {logging_mixin.py:188} INFO - [2026-05-01T00:18:57.694+0000] {dagbag.py:545} INFO - Filling up the DagBag from /home/airflow/.local/lib/python3.12/site-packages/airflow/example_dags/example_skip_dag.py
[2026-05-01T00:18:57.697+0000] {processor.py:840} INFO - DAG(s) 'example_skip_dag' retrieved from /home/airflow/.local/lib/python3.12/site-packages/airflow/example_dags/example_skip_dag.py
[2026-05-01T00:18:57.706+0000] {logging_mixin.py:188} INFO - [2026-05-01T00:18:57.705+0000] {dag.py:3089} INFO - Sync 1 DAGs
[2026-05-01T00:18:57.715+0000] {logging_mixin.py:188} INFO - [2026-05-01T00:18:57.715+0000] {dag.py:3947} INFO - Setting next_dagrun for example_skip_dag to 2026-04-30 00:00:00+00:00, run_after=2026-05-01 00:00:00+00:00
[2026-05-01T00:18:57.724+0000] {processor.py:183} INFO - Processing /home/airflow/.local/lib/python3.12/site-packages/airflow/example_dags/example_skip_dag.py took 0.034 seconds
[2026-05-01T00:19:28.576+0000] {processor.py:161} INFO - Started process (PID=57216) to work on /home/airflow/.local/lib/python3.12/site-packages/airflow/example_dags/example_skip_dag.py
[2026-05-01T00:19:28.576+0000] {processor.py:830} INFO - Processing file /home/airflow/.local/lib/python3.12/site-packages/airflow/example_dags/example_skip_dag.py for tasks to queue
[2026-05-01T00:19:28.577+0000] {logging_mixin.py:188} INFO - [2026-05-01T00:19:28.577+0000] {dagbag.py:545} INFO - Filling up the DagBag from /home/airflow/.local/lib/python3.12/site-packages/airflow/example_dags/example_skip_dag.py
[2026-05-01T00:19:28.580+0000] {processor.py:840} INFO - DAG(s) 'example_skip_dag' retrieved from /home/airflow/.local/lib/python3.12/site-packages/airflow/example_dags/example_skip_dag.py
[2026-05-01T00:19:28.593+0000] {logging_mixin.py:188} INFO - [2026-05-01T00:19:28.593+0000] {dag.py:3089} INFO - Sync 1 DAGs
[2026-05-01T00:19:28.605+0000] {logging_mixin.py:188} INFO - [2026-05-01T00:19:28.605+0000] {dag.py:3947} INFO - Setting next_dagrun for example_skip_dag to 2026-04-30 00:00:00+00:00, run_after=2026-05-01 00:00:00+00:00
[2026-05-01T00:19:28.615+0000] {processor.py:183} INFO - Processing /home/airflow/.local/lib/python3.12/site-packages/airflow/example_dags/example_skip_dag.py took 0.043 seconds
[2026-05-01T00:19:58.735+0000] {processor.py:161} INFO - Started process (PID=57276) to work on /home/airflow/.local/lib/python3.12/site-packages/airflow/example_dags/example_skip_dag.py
[2026-05-01T00:19:58.736+0000] {processor.py:830} INFO - Processing file /home/airflow/.local/lib/python3.12/site-packages/airflow/example_dags/example_skip_dag.py for tasks to queue
[2026-05-01T00:19:58.737+0000] {logging_mixin.py:188} INFO - [2026-05-01T00:19:58.737+0000] {dagbag.py:545} INFO - Filling up the DagBag from /home/airflow/.local/lib/python3.12/site-packages/airflow/example_dags/example_skip_dag.py
[2026-05-01T00:19:58.740+0000] {processor.py:840} INFO - DAG(s) 'example_skip_dag' retrieved from /home/airflow/.local/lib/python3.12/site-packages/airflow/example_dags/example_skip_dag.py
[2026-05-01T00:19:58.750+0000] {logging_mixin.py:188} INFO - [2026-05-01T00:19:58.750+0000] {dag.py:3089} INFO - Sync 1 DAGs
[2026-05-01T00:19:58.759+0000] {logging_mixin.py:188} INFO - [2026-05-01T00:19:58.759+0000] {dag.py:3947} INFO - Setting next_dagrun for example_skip_dag to 2026-04-30 00:00:00+00:00, run_after=2026-05-01 00:00:00+00:00
[2026-05-01T00:19:58.768+0000] {processor.py:183} INFO - Processing /home/airflow/.local/lib/python3.12/site-packages/airflow/example_dags/example_skip_dag.py took 0.035 seconds
[2026-05-01T00:20:29.628+0000] {processor.py:161} INFO - Started process (PID=57336) to work on /home/airflow/.local/lib/python3.12/site-packages/airflow/example_dags/example_skip_dag.py
[2026-05-01T00:20:29.628+0000] {processor.py:830} INFO - Processing file /home/airflow/.local/lib/python3.12/site-packages/airflow/example_dags/example_skip_dag.py for tasks to queue
[2026-05-01T00:20:29.629+0000] {logging_mixin.py:188} INFO - [2026-05-01T00:20:29.629+0000] {dagbag.py:545} INFO - Filling up the DagBag from /home/airflow/.local/lib/python3.12/site-packages/airflow/example_dags/example_skip_dag.py
[2026-05-01T00:20:29.631+0000] {processor.py:840} INFO - DAG(s) 'example_skip_dag' retrieved from /home/airflow/.local/lib/python3.12/site-packages/airflow/example_dags/example_skip_dag.py
[2026-05-01T00:20:29.639+0000] {logging_mixin.py:188} INFO - [2026-05-01T00:20:29.639+0000] {dag.py:3089} INFO - Sync 1 DAGs
[2026-05-01T00:20:29.647+0000] {logging_mixin.py:188} INFO - [2026-05-01T00:20:29.647+0000] {dag.py:3947} INFO - Setting next_dagrun for example_skip_dag to 2026-04-30 00:00:00+00:00, run_after=2026-05-01 00:00:00+00:00
[2026-05-01T00:20:29.653+0000] {processor.py:183} INFO - Processing /home/airflow/.local/lib/python3.12/site-packages/airflow/example_dags/example_skip_dag.py took 0.028 seconds
[2026-05-01T00:20:59.891+0000] {processor.py:161} INFO - Started process (PID=57396) to work on /home/airflow/.local/lib/python3.12/site-packages/airflow/example_dags/example_skip_dag.py
[2026-05-01T00:20:59.892+0000] {processor.py:830} INFO - Processing file /home/airflow/.local/lib/python3.12/site-packages/airflow/example_dags/example_skip_dag.py for tasks to queue
[2026-05-01T00:20:59.893+0000] {logging_mixin.py:188} INFO - [2026-05-01T00:20:59.893+0000] {dagbag.py:545} INFO - Filling up the DagBag from /home/airflow/.local/lib/python3.12/site-packages/airflow/example_dags/example_skip_dag.py
[2026-05-01T00:20:59.896+0000] {processor.py:840} INFO - DAG(s) 'example_skip_dag' retrieved from /home/airflow/.local/lib/python3.12/site-packages/airflow/example_dags/example_skip_dag.py
[2026-05-01T00:20:59.913+0000] {logging_mixin.py:188} INFO - [2026-05-01T00:20:59.913+0000] {dag.py:3089} INFO - Sync 1 DAGs
[2026-05-01T00:20:59.924+0000] {logging_mixin.py:188} INFO - [2026-05-01T00:20:59.924+0000] {dag.py:3947} INFO - Setting next_dagrun for example_skip_dag to 2026-04-30 00:00:00+00:00, run_after=2026-05-01 00:00:00+00:00
[2026-05-01T00:20:59.932+0000] {processor.py:183} INFO - Processing /home/airflow/.local/lib/python3.12/site-packages/airflow/example_dags/example_skip_dag.py took 0.045 seconds
[2026-05-01T00:21:30.163+0000] {processor.py:161} INFO - Started process (PID=57456) to work on /home/airflow/.local/lib/python3.12/site-packages/airflow/example_dags/example_skip_dag.py
[2026-05-01T00:21:30.163+0000] {processor.py:830} INFO - Processing file /home/airflow/.local/lib/python3.12/site-packages/airflow/example_dags/example_skip_dag.py for tasks to queue
[2026-05-01T00:21:30.164+0000] {logging_mixin.py:188} INFO - [2026-05-01T00:21:30.164+0000] {dagbag.py:545} INFO - Filling up the DagBag from /home/airflow/.local/lib/python3.12/site-packages/airflow/example_dags/example_skip_dag.py
[2026-05-01T00:21:30.167+0000] {processor.py:840} INFO - DAG(s) 'example_skip_dag' retrieved from /home/airflow/.local/lib/python3.12/site-packages/airflow/example_dags/example_skip_dag.py
[2026-05-01T00:21:30.178+0000] {logging_mixin.py:188} INFO - [2026-05-01T00:21:30.177+0000] {dag.py:3089} INFO - Sync 1 DAGs
[2026-05-01T00:21:30.186+0000] {logging_mixin.py:188} INFO - [2026-05-01T00:21:30.186+0000] {dag.py:3947} INFO - Setting next_dagrun for example_skip_dag to 2026-04-30 00:00:00+00:00, run_after=2026-05-01 00:00:00+00:00
[2026-05-01T00:21:30.197+0000] {processor.py:183} INFO - Processing /home/airflow/.local/lib/python3.12/site-packages/airflow/example_dags/example_skip_dag.py took 0.037 seconds
[2026-05-01T00:22:00.295+0000] {processor.py:161} INFO - Started process (PID=57516) to work on /home/airflow/.local/lib/python3.12/site-packages/airflow/example_dags/example_skip_dag.py
[2026-05-01T00:22:00.296+0000] {processor.py:830} INFO - Processing file /home/airflow/.local/lib/python3.12/site-packages/airflow/example_dags/example_skip_dag.py for tasks to queue
[2026-05-01T00:22:00.297+0000] {logging_mixin.py:188} INFO - [2026-05-01T00:22:00.296+0000] {dagbag.py:545} INFO - Filling up the DagBag from /home/airflow/.local/lib/python3.12/site-packages/airflow/example_dags/example_skip_dag.py
[2026-05-01T00:22:00.300+0000] {processor.py:840} INFO - DAG(s) 'example_skip_dag' retrieved from /home/airflow/.local/lib/python3.12/site-packages/airflow/example_dags/example_skip_dag.py
[2026-05-01T00:22:00.309+0000] {logging_mixin.py:188} INFO - [2026-05-01T00:22:00.309+0000] {dag.py:3089} INFO - Sync 1 DAGs
[2026-05-01T00:22:00.317+0000] {logging_mixin.py:188} INFO - [2026-05-01T00:22:00.317+0000] {dag.py:3947} INFO - Setting next_dagrun for example_skip_dag to 2026-04-30 00:00:00+00:00, run_after=2026-05-01 00:00:00+00:00
[2026-05-01T00:22:00.326+0000] {processor.py:183} INFO - Processing /home/airflow/.local/lib/python3.12/site-packages/airflow/example_dags/example_skip_dag.py took 0.034 seconds
[2026-05-01T00:22:31.117+0000] {processor.py:161} INFO - Started process (PID=57574) to work on /home/airflow/.local/lib/python3.12/site-packages/airflow/example_dags/example_skip_dag.py
[2026-05-01T00:22:31.117+0000] {processor.py:830} INFO - Processing file /home/airflow/.local/lib/python3.12/site-packages/airflow/example_dags/example_skip_dag.py for tasks to queue
[2026-05-01T00:22:31.118+0000] {logging_mixin.py:188} INFO - [2026-05-01T00:22:31.118+0000] {dagbag.py:545} INFO - Filling up the DagBag from /home/airflow/.local/lib/python3.12/site-packages/airflow/example_dags/example_skip_dag.py
[2026-05-01T00:22:31.121+0000] {processor.py:840} INFO - DAG(s) 'example_skip_dag' retrieved from /home/airflow/.local/lib/python3.12/site-packages/airflow/example_dags/example_skip_dag.py
[2026-05-01T00:22:31.133+0000] {logging_mixin.py:188} INFO - [2026-05-01T00:22:31.133+0000] {dag.py:3089} INFO - Sync 1 DAGs
[2026-05-01T00:22:31.145+0000] {logging_mixin.py:188} INFO - [2026-05-01T00:22:31.145+0000] {dag.py:3947} INFO - Setting next_dagrun for example_skip_dag to 2026-04-30 00:00:00+00:00, run_after=2026-05-01 00:00:00+00:00
[2026-05-01T00:22:31.156+0000] {processor.py:183} INFO - Processing /home/airflow/.local/lib/python3.12/site-packages/airflow/example_dags/example_skip_dag.py took 0.044 seconds
[2026-05-01T00:23:01.978+0000] {processor.py:161} INFO - Started process (PID=57634) to work on /home/airflow/.local/lib/python3.12/site-packages/airflow/example_dags/example_skip_dag.py
[2026-05-01T00:23:01.979+0000] {processor.py:830} INFO - Processing file /home/airflow/.local/lib/python3.12/site-packages/airflow/example_dags/example_skip_dag.py for tasks to queue
[2026-05-01T00:23:01.980+0000] {logging_mixin.py:188} INFO - [2026-05-01T00:23:01.979+0000] {dagbag.py:545} INFO - Filling up the DagBag from /home/airflow/.local/lib/python3.12/site-packages/airflow/example_dags/example_skip_dag.py
[2026-05-01T00:23:01.982+0000] {processor.py:840} INFO - DAG(s) 'example_skip_dag' retrieved from /home/airflow/.local/lib/python3.12/site-packages/airflow/example_dags/example_skip_dag.py
[2026-05-01T00:23:01.992+0000] {logging_mixin.py:188} INFO - [2026-05-01T00:23:01.992+0000] {dag.py:3089} INFO - Sync 1 DAGs
[2026-05-01T00:23:02.000+0000] {logging_mixin.py:188} INFO - [2026-05-01T00:23:01.999+0000] {dag.py:3947} INFO - Setting next_dagrun for example_skip_dag to 2026-04-30 00:00:00+00:00, run_after=2026-05-01 00:00:00+00:00
[2026-05-01T00:23:02.009+0000] {processor.py:183} INFO - Processing /home/airflow/.local/lib/python3.12/site-packages/airflow/example_dags/example_skip_dag.py took 0.033 seconds
[2026-05-01T00:23:32.421+0000] {processor.py:161} INFO - Started process (PID=57694) to work on /home/airflow/.local/lib/python3.12/site-packages/airflow/example_dags/example_skip_dag.py
[2026-05-01T00:23:32.422+0000] {processor.py:830} INFO - Processing file /home/airflow/.local/lib/python3.12/site-packages/airflow/example_dags/example_skip_dag.py for tasks to queue
[2026-05-01T00:23:32.424+0000] {logging_mixin.py:188} INFO - [2026-05-01T00:23:32.424+0000] {dagbag.py:545} INFO - Filling up the DagBag from /home/airflow/.local/lib/python3.12/site-packages/airflow/example_dags/example_skip_dag.py
[2026-05-01T00:23:32.426+0000] {processor.py:840} INFO - DAG(s) 'example_skip_dag' retrieved from /home/airflow/.local/lib/python3.12/site-packages/airflow/example_dags/example_skip_dag.py
[2026-05-01T00:23:32.438+0000] {logging_mixin.py:188} INFO - [2026-05-01T00:23:32.438+0000] {dag.py:3089} INFO - Sync 1 DAGs
[2026-05-01T00:23:32.448+0000] {logging_mixin.py:188} INFO - [2026-05-01T00:23:32.448+0000] {dag.py:3947} INFO - Setting next_dagrun for example_skip_dag to 2026-04-30 00:00:00+00:00, run_after=2026-05-01 00:00:00+00:00
[2026-05-01T00:23:32.456+0000] {processor.py:183} INFO - Processing /home/airflow/.local/lib/python3.12/site-packages/airflow/example_dags/example_skip_dag.py took 0.037 seconds
[2026-05-01T00:24:03.233+0000] {processor.py:161} INFO - Started process (PID=57754) to work on /home/airflow/.local/lib/python3.12/site-packages/airflow/example_dags/example_skip_dag.py
[2026-05-01T00:24:03.234+0000] {processor.py:830} INFO - Processing file /home/airflow/.local/lib/python3.12/site-packages/airflow/example_dags/example_skip_dag.py for tasks to queue
[2026-05-01T00:24:03.235+0000] {logging_mixin.py:188} INFO - [2026-05-01T00:24:03.234+0000] {dagbag.py:545} INFO - Filling up the DagBag from /home/airflow/.local/lib/python3.12/site-packages/airflow/example_dags/example_skip_dag.py
[2026-05-01T00:24:03.237+0000] {processor.py:840} INFO - DAG(s) 'example_skip_dag' retrieved from /home/airflow/.local/lib/python3.12/site-packages/airflow/example_dags/example_skip_dag.py
[2026-05-01T00:24:03.248+0000] {logging_mixin.py:188} INFO - [2026-05-01T00:24:03.248+0000] {dag.py:3089} INFO - Sync 1 DAGs
[2026-05-01T00:24:03.258+0000] {logging_mixin.py:188} INFO - [2026-05-01T00:24:03.258+0000] {dag.py:3947} INFO - Setting next_dagrun for example_skip_dag to 2026-04-30 00:00:00+00:00, run_after=2026-05-01 00:00:00+00:00
[2026-05-01T00:24:03.267+0000] {processor.py:183} INFO - Processing /home/airflow/.local/lib/python3.12/site-packages/airflow/example_dags/example_skip_dag.py took 0.036 seconds
[2026-05-01T00:24:33.872+0000] {processor.py:161} INFO - Started process (PID=57814) to work on /home/airflow/.local/lib/python3.12/site-packages/airflow/example_dags/example_skip_dag.py
[2026-05-01T00:24:33.873+0000] {processor.py:830} INFO - Processing file /home/airflow/.local/lib/python3.12/site-packages/airflow/example_dags/example_skip_dag.py for tasks to queue
[2026-05-01T00:24:33.874+0000] {logging_mixin.py:188} INFO - [2026-05-01T00:24:33.874+0000] {dagbag.py:545} INFO - Filling up the DagBag from /home/airflow/.local/lib/python3.12/site-packages/airflow/example_dags/example_skip_dag.py
[2026-05-01T00:24:33.877+0000] {processor.py:840} INFO - DAG(s) 'example_skip_dag' retrieved from /home/airflow/.local/lib/python3.12/site-packages/airflow/example_dags/example_skip_dag.py
[2026-05-01T00:24:33.887+0000] {logging_mixin.py:188} INFO - [2026-05-01T00:24:33.887+0000] {dag.py:3089} INFO - Sync 1 DAGs
[2026-05-01T00:24:33.895+0000] {logging_mixin.py:188} INFO - [2026-05-01T00:24:33.895+0000] {dag.py:3947} INFO - Setting next_dagrun for example_skip_dag to 2026-04-30 00:00:00+00:00, run_after=2026-05-01 00:00:00+00:00
[2026-05-01T00:24:33.901+0000] {processor.py:183} INFO - Processing /home/airflow/.local/lib/python3.12/site-packages/airflow/example_dags/example_skip_dag.py took 0.033 seconds
[2026-05-01T00:25:04.711+0000] {processor.py:161} INFO - Started process (PID=57874) to work on /home/airflow/.local/lib/python3.12/site-packages/airflow/example_dags/example_skip_dag.py
[2026-05-01T00:25:04.712+0000] {processor.py:830} INFO - Processing file /home/airflow/.local/lib/python3.12/site-packages/airflow/example_dags/example_skip_dag.py for tasks to queue
[2026-05-01T00:25:04.714+0000] {logging_mixin.py:188} INFO - [2026-05-01T00:25:04.713+0000] {dagbag.py:545} INFO - Filling up the DagBag from /home/airflow/.local/lib/python3.12/site-packages/airflow/example_dags/example_skip_dag.py
[2026-05-01T00:25:04.717+0000] {processor.py:840} INFO - DAG(s) 'example_skip_dag' retrieved from /home/airflow/.local/lib/python3.12/site-packages/airflow/example_dags/example_skip_dag.py
[2026-05-01T00:25:04.726+0000] {logging_mixin.py:188} INFO - [2026-05-01T00:25:04.726+0000] {dag.py:3089} INFO - Sync 1 DAGs
[2026-05-01T00:25:04.734+0000] {logging_mixin.py:188} INFO - [2026-05-01T00:25:04.734+0000] {dag.py:3947} INFO - Setting next_dagrun for example_skip_dag to 2026-04-30 00:00:00+00:00, run_after=2026-05-01 00:00:00+00:00
[2026-05-01T00:25:04.743+0000] {processor.py:183} INFO - Processing /home/airflow/.local/lib/python3.12/site-packages/airflow/example_dags/example_skip_dag.py took 0.034 seconds
[2026-05-01T00:25:35.468+0000] {processor.py:161} INFO - Started process (PID=57934) to work on /home/airflow/.local/lib/python3.12/site-packages/airflow/example_dags/example_skip_dag.py
[2026-05-01T00:25:35.468+0000] {processor.py:830} INFO - Processing file /home/airflow/.local/lib/python3.12/site-packages/airflow/example_dags/example_skip_dag.py for tasks to queue
[2026-05-01T00:25:35.469+0000] {logging_mixin.py:188} INFO - [2026-05-01T00:25:35.469+0000] {dagbag.py:545} INFO - Filling up the DagBag from /home/airflow/.local/lib/python3.12/site-packages/airflow/example_dags/example_skip_dag.py
[2026-05-01T00:25:35.471+0000] {processor.py:840} INFO - DAG(s) 'example_skip_dag' retrieved from /home/airflow/.local/lib/python3.12/site-packages/airflow/example_dags/example_skip_dag.py
[2026-05-01T00:25:35.483+0000] {logging_mixin.py:188} INFO - [2026-05-01T00:25:35.483+0000] {dag.py:3089} INFO - Sync 1 DAGs
[2026-05-01T00:25:35.489+0000] {logging_mixin.py:188} INFO - [2026-05-01T00:25:35.489+0000] {dag.py:3947} INFO - Setting next_dagrun for example_skip_dag to 2026-04-30 00:00:00+00:00, run_after=2026-05-01 00:00:00+00:00
[2026-05-01T00:25:35.494+0000] {processor.py:183} INFO - Processing /home/airflow/.local/lib/python3.12/site-packages/airflow/example_dags/example_skip_dag.py took 0.029 seconds
[2026-05-01T00:26:06.369+0000] {processor.py:161} INFO - Started process (PID=57994) to work on /home/airflow/.local/lib/python3.12/site-packages/airflow/example_dags/example_skip_dag.py
[2026-05-01T00:26:06.370+0000] {processor.py:830} INFO - Processing file /home/airflow/.local/lib/python3.12/site-packages/airflow/example_dags/example_skip_dag.py for tasks to queue
[2026-05-01T00:26:06.371+0000] {logging_mixin.py:188} INFO - [2026-05-01T00:26:06.370+0000] {dagbag.py:545} INFO - Filling up the DagBag from /home/airflow/.local/lib/python3.12/site-packages/airflow/example_dags/example_skip_dag.py
[2026-05-01T00:26:06.373+0000] {processor.py:840} INFO - DAG(s) 'example_skip_dag' retrieved from /home/airflow/.local/lib/python3.12/site-packages/airflow/example_dags/example_skip_dag.py
[2026-05-01T00:26:06.385+0000] {logging_mixin.py:188} INFO - [2026-05-01T00:26:06.385+0000] {dag.py:3089} INFO - Sync 1 DAGs
[2026-05-01T00:26:06.394+0000] {logging_mixin.py:188} INFO - [2026-05-01T00:26:06.394+0000] {dag.py:3947} INFO - Setting next_dagrun for example_skip_dag to 2026-04-30 00:00:00+00:00, run_after=2026-05-01 00:00:00+00:00
[2026-05-01T00:26:06.403+0000] {processor.py:183} INFO - Processing /home/airflow/.local/lib/python3.12/site-packages/airflow/example_dags/example_skip_dag.py took 0.036 seconds
[2026-05-01T00:26:37.189+0000] {processor.py:161} INFO - Started process (PID=58054) to work on /home/airflow/.local/lib/python3.12/site-packages/airflow/example_dags/example_skip_dag.py
[2026-05-01T00:26:37.190+0000] {processor.py:830} INFO - Processing file /home/airflow/.local/lib/python3.12/site-packages/airflow/example_dags/example_skip_dag.py for tasks to queue
[2026-05-01T00:26:37.190+0000] {logging_mixin.py:188} INFO - [2026-05-01T00:26:37.190+0000] {dagbag.py:545} INFO - Filling up the DagBag from /home/airflow/.local/lib/python3.12/site-packages/airflow/example_dags/example_skip_dag.py
[2026-05-01T00:26:37.194+0000] {processor.py:840} INFO - DAG(s) 'example_skip_dag' retrieved from /home/airflow/.local/lib/python3.12/site-packages/airflow/example_dags/example_skip_dag.py
[2026-05-01T00:26:37.205+0000] {logging_mixin.py:188} INFO - [2026-05-01T00:26:37.205+0000] {dag.py:3089} INFO - Sync 1 DAGs
[2026-05-01T00:26:37.214+0000] {logging_mixin.py:188} INFO - [2026-05-01T00:26:37.214+0000] {dag.py:3947} INFO - Setting next_dagrun for example_skip_dag to 2026-04-30 00:00:00+00:00, run_after=2026-05-01 00:00:00+00:00
[2026-05-01T00:26:37.221+0000] {processor.py:183} INFO - Processing /home/airflow/.local/lib/python3.12/site-packages/airflow/example_dags/example_skip_dag.py took 0.035 seconds
[2026-05-01T00:27:08.016+0000] {processor.py:161} INFO - Started process (PID=58114) to work on /home/airflow/.local/lib/python3.12/site-packages/airflow/example_dags/example_skip_dag.py
[2026-05-01T00:27:08.017+0000] {processor.py:830} INFO - Processing file /home/airflow/.local/lib/python3.12/site-packages/airflow/example_dags/example_skip_dag.py for tasks to queue
[2026-05-01T00:27:08.018+0000] {logging_mixin.py:188} INFO - [2026-05-01T00:27:08.018+0000] {dagbag.py:545} INFO - Filling up the DagBag from /home/airflow/.local/lib/python3.12/site-packages/airflow/example_dags/example_skip_dag.py
[2026-05-01T00:27:08.021+0000] {processor.py:840} INFO - DAG(s) 'example_skip_dag' retrieved from /home/airflow/.local/lib/python3.12/site-packages/airflow/example_dags/example_skip_dag.py
[2026-05-01T00:27:08.030+0000] {logging_mixin.py:188} INFO - [2026-05-01T00:27:08.030+0000] {dag.py:3089} INFO - Sync 1 DAGs
[2026-05-01T00:27:08.039+0000] {logging_mixin.py:188} INFO - [2026-05-01T00:27:08.039+0000] {dag.py:3947} INFO - Setting next_dagrun for example_skip_dag to 2026-04-30 00:00:00+00:00, run_after=2026-05-01 00:00:00+00:00
[2026-05-01T00:27:08.047+0000] {processor.py:183} INFO - Processing /home/airflow/.local/lib/python3.12/site-packages/airflow/example_dags/example_skip_dag.py took 0.034 seconds
[2026-05-01T00:27:38.785+0000] {processor.py:161} INFO - Started process (PID=58174) to work on /home/airflow/.local/lib/python3.12/site-packages/airflow/example_dags/example_skip_dag.py
[2026-05-01T00:27:38.786+0000] {processor.py:830} INFO - Processing file /home/airflow/.local/lib/python3.12/site-packages/airflow/example_dags/example_skip_dag.py for tasks to queue
[2026-05-01T00:27:38.787+0000] {logging_mixin.py:188} INFO - [2026-05-01T00:27:38.787+0000] {dagbag.py:545} INFO - Filling up the DagBag from /home/airflow/.local/lib/python3.12/site-packages/airflow/example_dags/example_skip_dag.py
[2026-05-01T00:27:38.791+0000] {processor.py:840} INFO - DAG(s) 'example_skip_dag' retrieved from /home/airflow/.local/lib/python3.12/site-packages/airflow/example_dags/example_skip_dag.py
[2026-05-01T00:27:38.803+0000] {logging_mixin.py:188} INFO - [2026-05-01T00:27:38.802+0000] {dag.py:3089} INFO - Sync 1 DAGs
[2026-05-01T00:27:38.812+0000] {logging_mixin.py:188} INFO - [2026-05-01T00:27:38.811+0000] {dag.py:3947} INFO - Setting next_dagrun for example_skip_dag to 2026-04-30 00:00:00+00:00, run_after=2026-05-01 00:00:00+00:00
[2026-05-01T00:27:38.819+0000] {processor.py:183} INFO - Processing /home/airflow/.local/lib/python3.12/site-packages/airflow/example_dags/example_skip_dag.py took 0.037 seconds
[2026-05-01T00:28:09.573+0000] {processor.py:161} INFO - Started process (PID=58239) to work on /home/airflow/.local/lib/python3.12/site-packages/airflow/example_dags/example_skip_dag.py
[2026-05-01T00:28:09.573+0000] {processor.py:830} INFO - Processing file /home/airflow/.local/lib/python3.12/site-packages/airflow/example_dags/example_skip_dag.py for tasks to queue
[2026-05-01T00:28:09.574+0000] {logging_mixin.py:188} INFO - [2026-05-01T00:28:09.574+0000] {dagbag.py:545} INFO - Filling up the DagBag from /home/airflow/.local/lib/python3.12/site-packages/airflow/example_dags/example_skip_dag.py
[2026-05-01T00:28:09.576+0000] {processor.py:840} INFO - DAG(s) 'example_skip_dag' retrieved from /home/airflow/.local/lib/python3.12/site-packages/airflow/example_dags/example_skip_dag.py
[2026-05-01T00:28:09.583+0000] {logging_mixin.py:188} INFO - [2026-05-01T00:28:09.583+0000] {dag.py:3089} INFO - Sync 1 DAGs
[2026-05-01T00:28:09.590+0000] {logging_mixin.py:188} INFO - [2026-05-01T00:28:09.590+0000] {dag.py:3947} INFO - Setting next_dagrun for example_skip_dag to 2026-04-30 00:00:00+00:00, run_after=2026-05-01 00:00:00+00:00
[2026-05-01T00:28:09.595+0000] {processor.py:183} INFO - Processing /home/airflow/.local/lib/python3.12/site-packages/airflow/example_dags/example_skip_dag.py took 0.024 seconds
[2026-05-01T00:28:40.362+0000] {processor.py:161} INFO - Started process (PID=58299) to work on /home/airflow/.local/lib/python3.12/site-packages/airflow/example_dags/example_skip_dag.py
[2026-05-01T00:28:40.363+0000] {processor.py:830} INFO - Processing file /home/airflow/.local/lib/python3.12/site-packages/airflow/example_dags/example_skip_dag.py for tasks to queue
[2026-05-01T00:28:40.364+0000] {logging_mixin.py:188} INFO - [2026-05-01T00:28:40.364+0000] {dagbag.py:545} INFO - Filling up the DagBag from /home/airflow/.local/lib/python3.12/site-packages/airflow/example_dags/example_skip_dag.py
[2026-05-01T00:28:40.370+0000] {processor.py:840} INFO - DAG(s) 'example_skip_dag' retrieved from /home/airflow/.local/lib/python3.12/site-packages/airflow/example_dags/example_skip_dag.py
[2026-05-01T00:28:40.381+0000] {logging_mixin.py:188} INFO - [2026-05-01T00:28:40.381+0000] {dag.py:3089} INFO - Sync 1 DAGs
[2026-05-01T00:28:40.390+0000] {logging_mixin.py:188} INFO - [2026-05-01T00:28:40.390+0000] {dag.py:3947} INFO - Setting next_dagrun for example_skip_dag to 2026-04-30 00:00:00+00:00, run_after=2026-05-01 00:00:00+00:00
[2026-05-01T00:28:40.400+0000] {processor.py:183} INFO - Processing /home/airflow/.local/lib/python3.12/site-packages/airflow/example_dags/example_skip_dag.py took 0.041 seconds
[2026-05-01T00:29:11.107+0000] {processor.py:161} INFO - Started process (PID=58359) to work on /home/airflow/.local/lib/python3.12/site-packages/airflow/example_dags/example_skip_dag.py
[2026-05-01T00:29:11.109+0000] {processor.py:830} INFO - Processing file /home/airflow/.local/lib/python3.12/site-packages/airflow/example_dags/example_skip_dag.py for tasks to queue
[2026-05-01T00:29:11.110+0000] {logging_mixin.py:188} INFO - [2026-05-01T00:29:11.109+0000] {dagbag.py:545} INFO - Filling up the DagBag from /home/airflow/.local/lib/python3.12/site-packages/airflow/example_dags/example_skip_dag.py
[2026-05-01T00:29:11.112+0000] {processor.py:840} INFO - DAG(s) 'example_skip_dag' retrieved from /home/airflow/.local/lib/python3.12/site-packages/airflow/example_dags/example_skip_dag.py
[2026-05-01T00:29:11.121+0000] {logging_mixin.py:188} INFO - [2026-05-01T00:29:11.121+0000] {dag.py:3089} INFO - Sync 1 DAGs
[2026-05-01T00:29:11.131+0000] {logging_mixin.py:188} INFO - [2026-05-01T00:29:11.131+0000] {dag.py:3947} INFO - Setting next_dagrun for example_skip_dag to 2026-04-30 00:00:00+00:00, run_after=2026-05-01 00:00:00+00:00
[2026-05-01T00:29:11.141+0000] {processor.py:183} INFO - Processing /home/airflow/.local/lib/python3.12/site-packages/airflow/example_dags/example_skip_dag.py took 0.036 seconds
[2026-05-01T00:29:41.236+0000] {processor.py:161} INFO - Started process (PID=58419) to work on /home/airflow/.local/lib/python3.12/site-packages/airflow/example_dags/example_skip_dag.py
[2026-05-01T00:29:41.237+0000] {processor.py:830} INFO - Processing file /home/airflow/.local/lib/python3.12/site-packages/airflow/example_dags/example_skip_dag.py for tasks to queue
[2026-05-01T00:29:41.237+0000] {logging_mixin.py:188} INFO - [2026-05-01T00:29:41.237+0000] {dagbag.py:545} INFO - Filling up the DagBag from /home/airflow/.local/lib/python3.12/site-packages/airflow/example_dags/example_skip_dag.py
[2026-05-01T00:29:41.240+0000] {processor.py:840} INFO - DAG(s) 'example_skip_dag' retrieved from /home/airflow/.local/lib/python3.12/site-packages/airflow/example_dags/example_skip_dag.py
[2026-05-01T00:29:41.253+0000] {logging_mixin.py:188} INFO - [2026-05-01T00:29:41.252+0000] {dag.py:3089} INFO - Sync 1 DAGs
[2026-05-01T00:29:41.261+0000] {logging_mixin.py:188} INFO - [2026-05-01T00:29:41.261+0000] {dag.py:3947} INFO - Setting next_dagrun for example_skip_dag to 2026-04-30 00:00:00+00:00, run_after=2026-05-01 00:00:00+00:00
[2026-05-01T00:29:41.268+0000] {processor.py:183} INFO - Processing /home/airflow/.local/lib/python3.12/site-packages/airflow/example_dags/example_skip_dag.py took 0.035 seconds
[2026-05-01T00:30:12.214+0000] {processor.py:161} INFO - Started process (PID=58479) to work on /home/airflow/.local/lib/python3.12/site-packages/airflow/example_dags/example_skip_dag.py
[2026-05-01T00:30:12.214+0000] {processor.py:830} INFO - Processing file /home/airflow/.local/lib/python3.12/site-packages/airflow/example_dags/example_skip_dag.py for tasks to queue
[2026-05-01T00:30:12.215+0000] {logging_mixin.py:188} INFO - [2026-05-01T00:30:12.215+0000] {dagbag.py:545} INFO - Filling up the DagBag from /home/airflow/.local/lib/python3.12/site-packages/airflow/example_dags/example_skip_dag.py
[2026-05-01T00:30:12.217+0000] {processor.py:840} INFO - DAG(s) 'example_skip_dag' retrieved from /home/airflow/.local/lib/python3.12/site-packages/airflow/example_dags/example_skip_dag.py
[2026-05-01T00:30:12.224+0000] {logging_mixin.py:188} INFO - [2026-05-01T00:30:12.224+0000] {dag.py:3089} INFO - Sync 1 DAGs
[2026-05-01T00:30:12.230+0000] {logging_mixin.py:188} INFO - [2026-05-01T00:30:12.230+0000] {dag.py:3947} INFO - Setting next_dagrun for example_skip_dag to 2026-04-30 00:00:00+00:00, run_after=2026-05-01 00:00:00+00:00
[2026-05-01T00:30:12.235+0000] {processor.py:183} INFO - Processing /home/airflow/.local/lib/python3.12/site-packages/airflow/example_dags/example_skip_dag.py took 0.024 seconds
