[2026-05-01T00:00:07.203+0000] {processor.py:161} INFO - Started process (PID=54955) to work on /home/airflow/.local/lib/python3.12/site-packages/airflow/example_dags/example_dag_decorator.py
[2026-05-01T00:00:07.206+0000] {processor.py:830} INFO - Processing file /home/airflow/.local/lib/python3.12/site-packages/airflow/example_dags/example_dag_decorator.py for tasks to queue
[2026-05-01T00:00:07.207+0000] {logging_mixin.py:188} INFO - [2026-05-01T00:00:07.207+0000] {dagbag.py:545} INFO - Filling up the DagBag from /home/airflow/.local/lib/python3.12/site-packages/airflow/example_dags/example_dag_decorator.py
[2026-05-01T00:00:07.264+0000] {processor.py:840} INFO - DAG(s) 'example_dag_decorator' retrieved from /home/airflow/.local/lib/python3.12/site-packages/airflow/example_dags/example_dag_decorator.py
[2026-05-01T00:00:07.387+0000] {logging_mixin.py:188} INFO - [2026-05-01T00:00:07.387+0000] {dag.py:3089} INFO - Sync 1 DAGs
[2026-05-01T00:00:07.390+0000] {logging_mixin.py:188} INFO - [2026-05-01T00:00:07.390+0000] {dag.py:3947} INFO - Setting next_dagrun for example_dag_decorator to None, run_after=None
[2026-05-01T00:00:07.402+0000] {processor.py:183} INFO - Processing /home/airflow/.local/lib/python3.12/site-packages/airflow/example_dags/example_dag_decorator.py took 0.205 seconds
[2026-05-01T00:00:38.010+0000] {processor.py:161} INFO - Started process (PID=55015) to work on /home/airflow/.local/lib/python3.12/site-packages/airflow/example_dags/example_dag_decorator.py
[2026-05-01T00:00:38.011+0000] {processor.py:830} INFO - Processing file /home/airflow/.local/lib/python3.12/site-packages/airflow/example_dags/example_dag_decorator.py for tasks to queue
[2026-05-01T00:00:38.013+0000] {logging_mixin.py:188} INFO - [2026-05-01T00:00:38.012+0000] {dagbag.py:545} INFO - Filling up the DagBag from /home/airflow/.local/lib/python3.12/site-packages/airflow/example_dags/example_dag_decorator.py
[2026-05-01T00:00:38.063+0000] {processor.py:840} INFO - DAG(s) 'example_dag_decorator' retrieved from /home/airflow/.local/lib/python3.12/site-packages/airflow/example_dags/example_dag_decorator.py
[2026-05-01T00:00:38.183+0000] {logging_mixin.py:188} INFO - [2026-05-01T00:00:38.183+0000] {dag.py:3089} INFO - Sync 1 DAGs
[2026-05-01T00:00:38.187+0000] {logging_mixin.py:188} INFO - [2026-05-01T00:00:38.187+0000] {dag.py:3947} INFO - Setting next_dagrun for example_dag_decorator to None, run_after=None
[2026-05-01T00:00:38.196+0000] {processor.py:183} INFO - Processing /home/airflow/.local/lib/python3.12/site-packages/airflow/example_dags/example_dag_decorator.py took 0.191 seconds
[2026-05-01T00:01:08.739+0000] {processor.py:161} INFO - Started process (PID=55075) to work on /home/airflow/.local/lib/python3.12/site-packages/airflow/example_dags/example_dag_decorator.py
[2026-05-01T00:01:08.740+0000] {processor.py:830} INFO - Processing file /home/airflow/.local/lib/python3.12/site-packages/airflow/example_dags/example_dag_decorator.py for tasks to queue
[2026-05-01T00:01:08.742+0000] {logging_mixin.py:188} INFO - [2026-05-01T00:01:08.742+0000] {dagbag.py:545} INFO - Filling up the DagBag from /home/airflow/.local/lib/python3.12/site-packages/airflow/example_dags/example_dag_decorator.py
[2026-05-01T00:01:08.795+0000] {processor.py:840} INFO - DAG(s) 'example_dag_decorator' retrieved from /home/airflow/.local/lib/python3.12/site-packages/airflow/example_dags/example_dag_decorator.py
[2026-05-01T00:01:08.933+0000] {logging_mixin.py:188} INFO - [2026-05-01T00:01:08.933+0000] {dag.py:3089} INFO - Sync 1 DAGs
[2026-05-01T00:01:08.937+0000] {logging_mixin.py:188} INFO - [2026-05-01T00:01:08.937+0000] {dag.py:3947} INFO - Setting next_dagrun for example_dag_decorator to None, run_after=None
[2026-05-01T00:01:08.948+0000] {processor.py:183} INFO - Processing /home/airflow/.local/lib/python3.12/site-packages/airflow/example_dags/example_dag_decorator.py took 0.216 seconds
[2026-05-01T00:01:39.525+0000] {processor.py:161} INFO - Started process (PID=55135) to work on /home/airflow/.local/lib/python3.12/site-packages/airflow/example_dags/example_dag_decorator.py
[2026-05-01T00:01:39.528+0000] {processor.py:830} INFO - Processing file /home/airflow/.local/lib/python3.12/site-packages/airflow/example_dags/example_dag_decorator.py for tasks to queue
[2026-05-01T00:01:39.532+0000] {logging_mixin.py:188} INFO - [2026-05-01T00:01:39.532+0000] {dagbag.py:545} INFO - Filling up the DagBag from /home/airflow/.local/lib/python3.12/site-packages/airflow/example_dags/example_dag_decorator.py
[2026-05-01T00:01:39.583+0000] {processor.py:840} INFO - DAG(s) 'example_dag_decorator' retrieved from /home/airflow/.local/lib/python3.12/site-packages/airflow/example_dags/example_dag_decorator.py
[2026-05-01T00:01:39.701+0000] {logging_mixin.py:188} INFO - [2026-05-01T00:01:39.701+0000] {dag.py:3089} INFO - Sync 1 DAGs
[2026-05-01T00:01:39.704+0000] {logging_mixin.py:188} INFO - [2026-05-01T00:01:39.704+0000] {dag.py:3947} INFO - Setting next_dagrun for example_dag_decorator to None, run_after=None
[2026-05-01T00:01:39.712+0000] {processor.py:183} INFO - Processing /home/airflow/.local/lib/python3.12/site-packages/airflow/example_dags/example_dag_decorator.py took 0.194 seconds
[2026-05-01T00:02:10.154+0000] {processor.py:161} INFO - Started process (PID=55195) to work on /home/airflow/.local/lib/python3.12/site-packages/airflow/example_dags/example_dag_decorator.py
[2026-05-01T00:02:10.157+0000] {processor.py:830} INFO - Processing file /home/airflow/.local/lib/python3.12/site-packages/airflow/example_dags/example_dag_decorator.py for tasks to queue
[2026-05-01T00:02:10.158+0000] {logging_mixin.py:188} INFO - [2026-05-01T00:02:10.158+0000] {dagbag.py:545} INFO - Filling up the DagBag from /home/airflow/.local/lib/python3.12/site-packages/airflow/example_dags/example_dag_decorator.py
[2026-05-01T00:02:10.209+0000] {processor.py:840} INFO - DAG(s) 'example_dag_decorator' retrieved from /home/airflow/.local/lib/python3.12/site-packages/airflow/example_dags/example_dag_decorator.py
[2026-05-01T00:02:10.573+0000] {logging_mixin.py:188} INFO - [2026-05-01T00:02:10.573+0000] {dag.py:3089} INFO - Sync 1 DAGs
[2026-05-01T00:02:10.598+0000] {logging_mixin.py:188} INFO - [2026-05-01T00:02:10.598+0000] {dag.py:3947} INFO - Setting next_dagrun for example_dag_decorator to None, run_after=None
[2026-05-01T00:02:11.157+0000] {processor.py:183} INFO - Processing /home/airflow/.local/lib/python3.12/site-packages/airflow/example_dags/example_dag_decorator.py took 1.009 seconds
[2026-05-01T00:02:41.812+0000] {processor.py:161} INFO - Started process (PID=55255) to work on /home/airflow/.local/lib/python3.12/site-packages/airflow/example_dags/example_dag_decorator.py
[2026-05-01T00:02:41.813+0000] {processor.py:830} INFO - Processing file /home/airflow/.local/lib/python3.12/site-packages/airflow/example_dags/example_dag_decorator.py for tasks to queue
[2026-05-01T00:02:41.815+0000] {logging_mixin.py:188} INFO - [2026-05-01T00:02:41.815+0000] {dagbag.py:545} INFO - Filling up the DagBag from /home/airflow/.local/lib/python3.12/site-packages/airflow/example_dags/example_dag_decorator.py
[2026-05-01T00:02:41.869+0000] {processor.py:840} INFO - DAG(s) 'example_dag_decorator' retrieved from /home/airflow/.local/lib/python3.12/site-packages/airflow/example_dags/example_dag_decorator.py
[2026-05-01T00:02:41.956+0000] {logging_mixin.py:188} INFO - [2026-05-01T00:02:41.956+0000] {dag.py:3089} INFO - Sync 1 DAGs
[2026-05-01T00:02:41.959+0000] {logging_mixin.py:188} INFO - [2026-05-01T00:02:41.959+0000] {dag.py:3947} INFO - Setting next_dagrun for example_dag_decorator to None, run_after=None
[2026-05-01T00:02:41.964+0000] {processor.py:183} INFO - Processing /home/airflow/.local/lib/python3.12/site-packages/airflow/example_dags/example_dag_decorator.py took 0.158 seconds
[2026-05-01T00:03:12.564+0000] {processor.py:161} INFO - Started process (PID=55315) to work on /home/airflow/.local/lib/python3.12/site-packages/airflow/example_dags/example_dag_decorator.py
[2026-05-01T00:03:12.565+0000] {processor.py:830} INFO - Processing file /home/airflow/.local/lib/python3.12/site-packages/airflow/example_dags/example_dag_decorator.py for tasks to queue
[2026-05-01T00:03:12.567+0000] {logging_mixin.py:188} INFO - [2026-05-01T00:03:12.567+0000] {dagbag.py:545} INFO - Filling up the DagBag from /home/airflow/.local/lib/python3.12/site-packages/airflow/example_dags/example_dag_decorator.py
[2026-05-01T00:03:12.618+0000] {processor.py:840} INFO - DAG(s) 'example_dag_decorator' retrieved from /home/airflow/.local/lib/python3.12/site-packages/airflow/example_dags/example_dag_decorator.py
[2026-05-01T00:03:12.701+0000] {logging_mixin.py:188} INFO - [2026-05-01T00:03:12.701+0000] {dag.py:3089} INFO - Sync 1 DAGs
[2026-05-01T00:03:12.704+0000] {logging_mixin.py:188} INFO - [2026-05-01T00:03:12.704+0000] {dag.py:3947} INFO - Setting next_dagrun for example_dag_decorator to None, run_after=None
[2026-05-01T00:03:12.709+0000] {processor.py:183} INFO - Processing /home/airflow/.local/lib/python3.12/site-packages/airflow/example_dags/example_dag_decorator.py took 0.151 seconds
[2026-05-01T00:03:43.232+0000] {processor.py:161} INFO - Started process (PID=55375) to work on /home/airflow/.local/lib/python3.12/site-packages/airflow/example_dags/example_dag_decorator.py
[2026-05-01T00:03:43.234+0000] {processor.py:830} INFO - Processing file /home/airflow/.local/lib/python3.12/site-packages/airflow/example_dags/example_dag_decorator.py for tasks to queue
[2026-05-01T00:03:43.235+0000] {logging_mixin.py:188} INFO - [2026-05-01T00:03:43.235+0000] {dagbag.py:545} INFO - Filling up the DagBag from /home/airflow/.local/lib/python3.12/site-packages/airflow/example_dags/example_dag_decorator.py
[2026-05-01T00:03:43.283+0000] {processor.py:840} INFO - DAG(s) 'example_dag_decorator' retrieved from /home/airflow/.local/lib/python3.12/site-packages/airflow/example_dags/example_dag_decorator.py
[2026-05-01T00:03:43.371+0000] {logging_mixin.py:188} INFO - [2026-05-01T00:03:43.370+0000] {dag.py:3089} INFO - Sync 1 DAGs
[2026-05-01T00:03:43.373+0000] {logging_mixin.py:188} INFO - [2026-05-01T00:03:43.373+0000] {dag.py:3947} INFO - Setting next_dagrun for example_dag_decorator to None, run_after=None
[2026-05-01T00:03:43.380+0000] {processor.py:183} INFO - Processing /home/airflow/.local/lib/python3.12/site-packages/airflow/example_dags/example_dag_decorator.py took 0.156 seconds
[2026-05-01T00:04:13.947+0000] {processor.py:161} INFO - Started process (PID=55435) to work on /home/airflow/.local/lib/python3.12/site-packages/airflow/example_dags/example_dag_decorator.py
[2026-05-01T00:04:13.948+0000] {processor.py:830} INFO - Processing file /home/airflow/.local/lib/python3.12/site-packages/airflow/example_dags/example_dag_decorator.py for tasks to queue
[2026-05-01T00:04:13.950+0000] {logging_mixin.py:188} INFO - [2026-05-01T00:04:13.950+0000] {dagbag.py:545} INFO - Filling up the DagBag from /home/airflow/.local/lib/python3.12/site-packages/airflow/example_dags/example_dag_decorator.py
[2026-05-01T00:04:14.000+0000] {processor.py:840} INFO - DAG(s) 'example_dag_decorator' retrieved from /home/airflow/.local/lib/python3.12/site-packages/airflow/example_dags/example_dag_decorator.py
[2026-05-01T00:04:14.085+0000] {logging_mixin.py:188} INFO - [2026-05-01T00:04:14.084+0000] {dag.py:3089} INFO - Sync 1 DAGs
[2026-05-01T00:04:14.087+0000] {logging_mixin.py:188} INFO - [2026-05-01T00:04:14.087+0000] {dag.py:3947} INFO - Setting next_dagrun for example_dag_decorator to None, run_after=None
[2026-05-01T00:04:14.092+0000] {processor.py:183} INFO - Processing /home/airflow/.local/lib/python3.12/site-packages/airflow/example_dags/example_dag_decorator.py took 0.152 seconds
[2026-05-01T00:04:44.681+0000] {processor.py:161} INFO - Started process (PID=55495) to work on /home/airflow/.local/lib/python3.12/site-packages/airflow/example_dags/example_dag_decorator.py
[2026-05-01T00:04:44.682+0000] {processor.py:830} INFO - Processing file /home/airflow/.local/lib/python3.12/site-packages/airflow/example_dags/example_dag_decorator.py for tasks to queue
[2026-05-01T00:04:44.684+0000] {logging_mixin.py:188} INFO - [2026-05-01T00:04:44.684+0000] {dagbag.py:545} INFO - Filling up the DagBag from /home/airflow/.local/lib/python3.12/site-packages/airflow/example_dags/example_dag_decorator.py
[2026-05-01T00:04:44.736+0000] {processor.py:840} INFO - DAG(s) 'example_dag_decorator' retrieved from /home/airflow/.local/lib/python3.12/site-packages/airflow/example_dags/example_dag_decorator.py
[2026-05-01T00:04:44.821+0000] {logging_mixin.py:188} INFO - [2026-05-01T00:04:44.821+0000] {dag.py:3089} INFO - Sync 1 DAGs
[2026-05-01T00:04:44.824+0000] {logging_mixin.py:188} INFO - [2026-05-01T00:04:44.824+0000] {dag.py:3947} INFO - Setting next_dagrun for example_dag_decorator to None, run_after=None
[2026-05-01T00:04:44.829+0000] {processor.py:183} INFO - Processing /home/airflow/.local/lib/python3.12/site-packages/airflow/example_dags/example_dag_decorator.py took 0.155 seconds
[2026-05-01T00:05:15.481+0000] {processor.py:161} INFO - Started process (PID=55556) to work on /home/airflow/.local/lib/python3.12/site-packages/airflow/example_dags/example_dag_decorator.py
[2026-05-01T00:05:15.483+0000] {processor.py:830} INFO - Processing file /home/airflow/.local/lib/python3.12/site-packages/airflow/example_dags/example_dag_decorator.py for tasks to queue
[2026-05-01T00:05:15.484+0000] {logging_mixin.py:188} INFO - [2026-05-01T00:05:15.484+0000] {dagbag.py:545} INFO - Filling up the DagBag from /home/airflow/.local/lib/python3.12/site-packages/airflow/example_dags/example_dag_decorator.py
[2026-05-01T00:05:15.591+0000] {processor.py:840} INFO - DAG(s) 'example_dag_decorator' retrieved from /home/airflow/.local/lib/python3.12/site-packages/airflow/example_dags/example_dag_decorator.py
[2026-05-01T00:05:15.619+0000] {logging_mixin.py:188} INFO - [2026-05-01T00:05:15.619+0000] {dag.py:3089} INFO - Sync 1 DAGs
[2026-05-01T00:05:15.621+0000] {logging_mixin.py:188} INFO - [2026-05-01T00:05:15.621+0000] {dag.py:3947} INFO - Setting next_dagrun for example_dag_decorator to None, run_after=None
[2026-05-01T00:05:15.627+0000] {processor.py:183} INFO - Processing /home/airflow/.local/lib/python3.12/site-packages/airflow/example_dags/example_dag_decorator.py took 0.151 seconds
[2026-05-01T00:05:46.206+0000] {processor.py:161} INFO - Started process (PID=55616) to work on /home/airflow/.local/lib/python3.12/site-packages/airflow/example_dags/example_dag_decorator.py
[2026-05-01T00:05:46.208+0000] {processor.py:830} INFO - Processing file /home/airflow/.local/lib/python3.12/site-packages/airflow/example_dags/example_dag_decorator.py for tasks to queue
[2026-05-01T00:05:46.209+0000] {logging_mixin.py:188} INFO - [2026-05-01T00:05:46.209+0000] {dagbag.py:545} INFO - Filling up the DagBag from /home/airflow/.local/lib/python3.12/site-packages/airflow/example_dags/example_dag_decorator.py
[2026-05-01T00:05:46.315+0000] {processor.py:840} INFO - DAG(s) 'example_dag_decorator' retrieved from /home/airflow/.local/lib/python3.12/site-packages/airflow/example_dags/example_dag_decorator.py
[2026-05-01T00:05:46.343+0000] {logging_mixin.py:188} INFO - [2026-05-01T00:05:46.343+0000] {dag.py:3089} INFO - Sync 1 DAGs
[2026-05-01T00:05:46.346+0000] {logging_mixin.py:188} INFO - [2026-05-01T00:05:46.346+0000] {dag.py:3947} INFO - Setting next_dagrun for example_dag_decorator to None, run_after=None
[2026-05-01T00:05:46.351+0000] {processor.py:183} INFO - Processing /home/airflow/.local/lib/python3.12/site-packages/airflow/example_dags/example_dag_decorator.py took 0.152 seconds
[2026-05-01T00:06:17.018+0000] {processor.py:161} INFO - Started process (PID=55676) to work on /home/airflow/.local/lib/python3.12/site-packages/airflow/example_dags/example_dag_decorator.py
[2026-05-01T00:06:17.019+0000] {processor.py:830} INFO - Processing file /home/airflow/.local/lib/python3.12/site-packages/airflow/example_dags/example_dag_decorator.py for tasks to queue
[2026-05-01T00:06:17.021+0000] {logging_mixin.py:188} INFO - [2026-05-01T00:06:17.021+0000] {dagbag.py:545} INFO - Filling up the DagBag from /home/airflow/.local/lib/python3.12/site-packages/airflow/example_dags/example_dag_decorator.py
[2026-05-01T00:06:17.126+0000] {processor.py:840} INFO - DAG(s) 'example_dag_decorator' retrieved from /home/airflow/.local/lib/python3.12/site-packages/airflow/example_dags/example_dag_decorator.py
[2026-05-01T00:06:17.153+0000] {logging_mixin.py:188} INFO - [2026-05-01T00:06:17.153+0000] {dag.py:3089} INFO - Sync 1 DAGs
[2026-05-01T00:06:17.156+0000] {logging_mixin.py:188} INFO - [2026-05-01T00:06:17.156+0000] {dag.py:3947} INFO - Setting next_dagrun for example_dag_decorator to None, run_after=None
[2026-05-01T00:06:17.161+0000] {processor.py:183} INFO - Processing /home/airflow/.local/lib/python3.12/site-packages/airflow/example_dags/example_dag_decorator.py took 0.150 seconds
[2026-05-01T00:06:47.783+0000] {processor.py:161} INFO - Started process (PID=55736) to work on /home/airflow/.local/lib/python3.12/site-packages/airflow/example_dags/example_dag_decorator.py
[2026-05-01T00:06:47.787+0000] {processor.py:830} INFO - Processing file /home/airflow/.local/lib/python3.12/site-packages/airflow/example_dags/example_dag_decorator.py for tasks to queue
[2026-05-01T00:06:47.789+0000] {logging_mixin.py:188} INFO - [2026-05-01T00:06:47.788+0000] {dagbag.py:545} INFO - Filling up the DagBag from /home/airflow/.local/lib/python3.12/site-packages/airflow/example_dags/example_dag_decorator.py
[2026-05-01T00:06:47.897+0000] {processor.py:840} INFO - DAG(s) 'example_dag_decorator' retrieved from /home/airflow/.local/lib/python3.12/site-packages/airflow/example_dags/example_dag_decorator.py
[2026-05-01T00:06:47.923+0000] {logging_mixin.py:188} INFO - [2026-05-01T00:06:47.923+0000] {dag.py:3089} INFO - Sync 1 DAGs
[2026-05-01T00:06:47.926+0000] {logging_mixin.py:188} INFO - [2026-05-01T00:06:47.926+0000] {dag.py:3947} INFO - Setting next_dagrun for example_dag_decorator to None, run_after=None
[2026-05-01T00:06:47.931+0000] {processor.py:183} INFO - Processing /home/airflow/.local/lib/python3.12/site-packages/airflow/example_dags/example_dag_decorator.py took 0.154 seconds
[2026-05-01T00:07:17.952+0000] {processor.py:161} INFO - Started process (PID=55797) to work on /home/airflow/.local/lib/python3.12/site-packages/airflow/example_dags/example_dag_decorator.py
[2026-05-01T00:07:17.952+0000] {processor.py:830} INFO - Processing file /home/airflow/.local/lib/python3.12/site-packages/airflow/example_dags/example_dag_decorator.py for tasks to queue
[2026-05-01T00:07:17.953+0000] {logging_mixin.py:188} INFO - [2026-05-01T00:07:17.953+0000] {dagbag.py:545} INFO - Filling up the DagBag from /home/airflow/.local/lib/python3.12/site-packages/airflow/example_dags/example_dag_decorator.py
[2026-05-01T00:07:18.040+0000] {processor.py:840} INFO - DAG(s) 'example_dag_decorator' retrieved from /home/airflow/.local/lib/python3.12/site-packages/airflow/example_dags/example_dag_decorator.py
[2026-05-01T00:07:18.066+0000] {logging_mixin.py:188} INFO - [2026-05-01T00:07:18.066+0000] {dag.py:3089} INFO - Sync 1 DAGs
[2026-05-01T00:07:18.070+0000] {logging_mixin.py:188} INFO - [2026-05-01T00:07:18.069+0000] {dag.py:3947} INFO - Setting next_dagrun for example_dag_decorator to None, run_after=None
[2026-05-01T00:07:18.074+0000] {processor.py:183} INFO - Processing /home/airflow/.local/lib/python3.12/site-packages/airflow/example_dags/example_dag_decorator.py took 0.125 seconds
[2026-05-01T00:07:48.595+0000] {processor.py:161} INFO - Started process (PID=55856) to work on /home/airflow/.local/lib/python3.12/site-packages/airflow/example_dags/example_dag_decorator.py
[2026-05-01T00:07:48.596+0000] {processor.py:830} INFO - Processing file /home/airflow/.local/lib/python3.12/site-packages/airflow/example_dags/example_dag_decorator.py for tasks to queue
[2026-05-01T00:07:48.597+0000] {logging_mixin.py:188} INFO - [2026-05-01T00:07:48.597+0000] {dagbag.py:545} INFO - Filling up the DagBag from /home/airflow/.local/lib/python3.12/site-packages/airflow/example_dags/example_dag_decorator.py
[2026-05-01T00:07:48.711+0000] {processor.py:840} INFO - DAG(s) 'example_dag_decorator' retrieved from /home/airflow/.local/lib/python3.12/site-packages/airflow/example_dags/example_dag_decorator.py
[2026-05-01T00:07:48.742+0000] {logging_mixin.py:188} INFO - [2026-05-01T00:07:48.742+0000] {dag.py:3089} INFO - Sync 1 DAGs
[2026-05-01T00:07:48.745+0000] {logging_mixin.py:188} INFO - [2026-05-01T00:07:48.745+0000] {dag.py:3947} INFO - Setting next_dagrun for example_dag_decorator to None, run_after=None
[2026-05-01T00:07:48.750+0000] {processor.py:183} INFO - Processing /home/airflow/.local/lib/python3.12/site-packages/airflow/example_dags/example_dag_decorator.py took 0.162 seconds
[2026-05-01T00:08:19.315+0000] {processor.py:161} INFO - Started process (PID=55916) to work on /home/airflow/.local/lib/python3.12/site-packages/airflow/example_dags/example_dag_decorator.py
[2026-05-01T00:08:19.316+0000] {processor.py:830} INFO - Processing file /home/airflow/.local/lib/python3.12/site-packages/airflow/example_dags/example_dag_decorator.py for tasks to queue
[2026-05-01T00:08:19.318+0000] {logging_mixin.py:188} INFO - [2026-05-01T00:08:19.318+0000] {dagbag.py:545} INFO - Filling up the DagBag from /home/airflow/.local/lib/python3.12/site-packages/airflow/example_dags/example_dag_decorator.py
[2026-05-01T00:08:19.434+0000] {processor.py:840} INFO - DAG(s) 'example_dag_decorator' retrieved from /home/airflow/.local/lib/python3.12/site-packages/airflow/example_dags/example_dag_decorator.py
[2026-05-01T00:08:19.441+0000] {logging_mixin.py:188} INFO - [2026-05-01T00:08:19.441+0000] {dag.py:3089} INFO - Sync 1 DAGs
[2026-05-01T00:08:19.444+0000] {logging_mixin.py:188} INFO - [2026-05-01T00:08:19.444+0000] {dag.py:3947} INFO - Setting next_dagrun for example_dag_decorator to None, run_after=None
[2026-05-01T00:08:19.449+0000] {processor.py:183} INFO - Processing /home/airflow/.local/lib/python3.12/site-packages/airflow/example_dags/example_dag_decorator.py took 0.141 seconds
[2026-05-01T00:08:50.297+0000] {processor.py:161} INFO - Started process (PID=55977) to work on /home/airflow/.local/lib/python3.12/site-packages/airflow/example_dags/example_dag_decorator.py
[2026-05-01T00:08:50.298+0000] {processor.py:830} INFO - Processing file /home/airflow/.local/lib/python3.12/site-packages/airflow/example_dags/example_dag_decorator.py for tasks to queue
[2026-05-01T00:08:50.302+0000] {logging_mixin.py:188} INFO - [2026-05-01T00:08:50.302+0000] {dagbag.py:545} INFO - Filling up the DagBag from /home/airflow/.local/lib/python3.12/site-packages/airflow/example_dags/example_dag_decorator.py
[2026-05-01T00:08:50.415+0000] {processor.py:840} INFO - DAG(s) 'example_dag_decorator' retrieved from /home/airflow/.local/lib/python3.12/site-packages/airflow/example_dags/example_dag_decorator.py
[2026-05-01T00:08:50.421+0000] {logging_mixin.py:188} INFO - [2026-05-01T00:08:50.421+0000] {dag.py:3089} INFO - Sync 1 DAGs
[2026-05-01T00:08:50.425+0000] {logging_mixin.py:188} INFO - [2026-05-01T00:08:50.424+0000] {dag.py:3947} INFO - Setting next_dagrun for example_dag_decorator to None, run_after=None
[2026-05-01T00:08:50.430+0000] {processor.py:183} INFO - Processing /home/airflow/.local/lib/python3.12/site-packages/airflow/example_dags/example_dag_decorator.py took 0.140 seconds
[2026-05-01T00:09:21.328+0000] {processor.py:161} INFO - Started process (PID=56037) to work on /home/airflow/.local/lib/python3.12/site-packages/airflow/example_dags/example_dag_decorator.py
[2026-05-01T00:09:21.330+0000] {processor.py:830} INFO - Processing file /home/airflow/.local/lib/python3.12/site-packages/airflow/example_dags/example_dag_decorator.py for tasks to queue
[2026-05-01T00:09:21.332+0000] {logging_mixin.py:188} INFO - [2026-05-01T00:09:21.331+0000] {dagbag.py:545} INFO - Filling up the DagBag from /home/airflow/.local/lib/python3.12/site-packages/airflow/example_dags/example_dag_decorator.py
[2026-05-01T00:09:21.379+0000] {processor.py:840} INFO - DAG(s) 'example_dag_decorator' retrieved from /home/airflow/.local/lib/python3.12/site-packages/airflow/example_dags/example_dag_decorator.py
[2026-05-01T00:09:21.411+0000] {logging_mixin.py:188} INFO - [2026-05-01T00:09:21.411+0000] {dag.py:3089} INFO - Sync 1 DAGs
[2026-05-01T00:09:21.414+0000] {logging_mixin.py:188} INFO - [2026-05-01T00:09:21.414+0000] {dag.py:3947} INFO - Setting next_dagrun for example_dag_decorator to None, run_after=None
[2026-05-01T00:09:21.419+0000] {processor.py:183} INFO - Processing /home/airflow/.local/lib/python3.12/site-packages/airflow/example_dags/example_dag_decorator.py took 0.096 seconds
[2026-05-01T00:09:52.090+0000] {processor.py:161} INFO - Started process (PID=56097) to work on /home/airflow/.local/lib/python3.12/site-packages/airflow/example_dags/example_dag_decorator.py
[2026-05-01T00:09:52.092+0000] {processor.py:830} INFO - Processing file /home/airflow/.local/lib/python3.12/site-packages/airflow/example_dags/example_dag_decorator.py for tasks to queue
[2026-05-01T00:09:52.094+0000] {logging_mixin.py:188} INFO - [2026-05-01T00:09:52.094+0000] {dagbag.py:545} INFO - Filling up the DagBag from /home/airflow/.local/lib/python3.12/site-packages/airflow/example_dags/example_dag_decorator.py
[2026-05-01T00:09:52.144+0000] {processor.py:840} INFO - DAG(s) 'example_dag_decorator' retrieved from /home/airflow/.local/lib/python3.12/site-packages/airflow/example_dags/example_dag_decorator.py
[2026-05-01T00:09:52.178+0000] {logging_mixin.py:188} INFO - [2026-05-01T00:09:52.178+0000] {dag.py:3089} INFO - Sync 1 DAGs
[2026-05-01T00:09:52.181+0000] {logging_mixin.py:188} INFO - [2026-05-01T00:09:52.181+0000] {dag.py:3947} INFO - Setting next_dagrun for example_dag_decorator to None, run_after=None
[2026-05-01T00:09:52.187+0000] {processor.py:183} INFO - Processing /home/airflow/.local/lib/python3.12/site-packages/airflow/example_dags/example_dag_decorator.py took 0.104 seconds
[2026-05-01T00:10:22.794+0000] {processor.py:161} INFO - Started process (PID=56157) to work on /home/airflow/.local/lib/python3.12/site-packages/airflow/example_dags/example_dag_decorator.py
[2026-05-01T00:10:22.796+0000] {processor.py:830} INFO - Processing file /home/airflow/.local/lib/python3.12/site-packages/airflow/example_dags/example_dag_decorator.py for tasks to queue
[2026-05-01T00:10:22.799+0000] {logging_mixin.py:188} INFO - [2026-05-01T00:10:22.798+0000] {dagbag.py:545} INFO - Filling up the DagBag from /home/airflow/.local/lib/python3.12/site-packages/airflow/example_dags/example_dag_decorator.py
[2026-05-01T00:10:22.843+0000] {processor.py:840} INFO - DAG(s) 'example_dag_decorator' retrieved from /home/airflow/.local/lib/python3.12/site-packages/airflow/example_dags/example_dag_decorator.py
[2026-05-01T00:10:22.875+0000] {logging_mixin.py:188} INFO - [2026-05-01T00:10:22.875+0000] {dag.py:3089} INFO - Sync 1 DAGs
[2026-05-01T00:10:22.878+0000] {logging_mixin.py:188} INFO - [2026-05-01T00:10:22.878+0000] {dag.py:3947} INFO - Setting next_dagrun for example_dag_decorator to None, run_after=None
[2026-05-01T00:10:22.883+0000] {processor.py:183} INFO - Processing /home/airflow/.local/lib/python3.12/site-packages/airflow/example_dags/example_dag_decorator.py took 0.095 seconds
[2026-05-01T00:10:52.939+0000] {processor.py:161} INFO - Started process (PID=56218) to work on /home/airflow/.local/lib/python3.12/site-packages/airflow/example_dags/example_dag_decorator.py
[2026-05-01T00:10:52.939+0000] {processor.py:830} INFO - Processing file /home/airflow/.local/lib/python3.12/site-packages/airflow/example_dags/example_dag_decorator.py for tasks to queue
[2026-05-01T00:10:52.941+0000] {logging_mixin.py:188} INFO - [2026-05-01T00:10:52.940+0000] {dagbag.py:545} INFO - Filling up the DagBag from /home/airflow/.local/lib/python3.12/site-packages/airflow/example_dags/example_dag_decorator.py
[2026-05-01T00:10:53.019+0000] {processor.py:840} INFO - DAG(s) 'example_dag_decorator' retrieved from /home/airflow/.local/lib/python3.12/site-packages/airflow/example_dags/example_dag_decorator.py
[2026-05-01T00:10:53.072+0000] {logging_mixin.py:188} INFO - [2026-05-01T00:10:53.072+0000] {dag.py:3089} INFO - Sync 1 DAGs
[2026-05-01T00:10:53.090+0000] {logging_mixin.py:188} INFO - [2026-05-01T00:10:53.089+0000] {dag.py:3947} INFO - Setting next_dagrun for example_dag_decorator to None, run_after=None
[2026-05-01T00:10:53.124+0000] {processor.py:183} INFO - Processing /home/airflow/.local/lib/python3.12/site-packages/airflow/example_dags/example_dag_decorator.py took 0.189 seconds
[2026-05-01T00:11:23.677+0000] {processor.py:161} INFO - Started process (PID=56277) to work on /home/airflow/.local/lib/python3.12/site-packages/airflow/example_dags/example_dag_decorator.py
[2026-05-01T00:11:23.678+0000] {processor.py:830} INFO - Processing file /home/airflow/.local/lib/python3.12/site-packages/airflow/example_dags/example_dag_decorator.py for tasks to queue
[2026-05-01T00:11:23.679+0000] {logging_mixin.py:188} INFO - [2026-05-01T00:11:23.679+0000] {dagbag.py:545} INFO - Filling up the DagBag from /home/airflow/.local/lib/python3.12/site-packages/airflow/example_dags/example_dag_decorator.py
[2026-05-01T00:11:23.740+0000] {processor.py:840} INFO - DAG(s) 'example_dag_decorator' retrieved from /home/airflow/.local/lib/python3.12/site-packages/airflow/example_dags/example_dag_decorator.py
[2026-05-01T00:11:23.795+0000] {logging_mixin.py:188} INFO - [2026-05-01T00:11:23.795+0000] {dag.py:3089} INFO - Sync 1 DAGs
[2026-05-01T00:11:23.800+0000] {logging_mixin.py:188} INFO - [2026-05-01T00:11:23.800+0000] {dag.py:3947} INFO - Setting next_dagrun for example_dag_decorator to None, run_after=None
[2026-05-01T00:11:23.806+0000] {processor.py:183} INFO - Processing /home/airflow/.local/lib/python3.12/site-packages/airflow/example_dags/example_dag_decorator.py took 0.135 seconds
[2026-05-01T00:11:54.312+0000] {processor.py:161} INFO - Started process (PID=56337) to work on /home/airflow/.local/lib/python3.12/site-packages/airflow/example_dags/example_dag_decorator.py
[2026-05-01T00:11:54.313+0000] {processor.py:830} INFO - Processing file /home/airflow/.local/lib/python3.12/site-packages/airflow/example_dags/example_dag_decorator.py for tasks to queue
[2026-05-01T00:11:54.315+0000] {logging_mixin.py:188} INFO - [2026-05-01T00:11:54.315+0000] {dagbag.py:545} INFO - Filling up the DagBag from /home/airflow/.local/lib/python3.12/site-packages/airflow/example_dags/example_dag_decorator.py
[2026-05-01T00:11:54.363+0000] {processor.py:840} INFO - DAG(s) 'example_dag_decorator' retrieved from /home/airflow/.local/lib/python3.12/site-packages/airflow/example_dags/example_dag_decorator.py
[2026-05-01T00:11:54.395+0000] {logging_mixin.py:188} INFO - [2026-05-01T00:11:54.395+0000] {dag.py:3089} INFO - Sync 1 DAGs
[2026-05-01T00:11:54.398+0000] {logging_mixin.py:188} INFO - [2026-05-01T00:11:54.398+0000] {dag.py:3947} INFO - Setting next_dagrun for example_dag_decorator to None, run_after=None
[2026-05-01T00:11:54.404+0000] {processor.py:183} INFO - Processing /home/airflow/.local/lib/python3.12/site-packages/airflow/example_dags/example_dag_decorator.py took 0.099 seconds
[2026-05-01T00:12:25.005+0000] {processor.py:161} INFO - Started process (PID=56397) to work on /home/airflow/.local/lib/python3.12/site-packages/airflow/example_dags/example_dag_decorator.py
[2026-05-01T00:12:25.009+0000] {processor.py:830} INFO - Processing file /home/airflow/.local/lib/python3.12/site-packages/airflow/example_dags/example_dag_decorator.py for tasks to queue
[2026-05-01T00:12:25.011+0000] {logging_mixin.py:188} INFO - [2026-05-01T00:12:25.011+0000] {dagbag.py:545} INFO - Filling up the DagBag from /home/airflow/.local/lib/python3.12/site-packages/airflow/example_dags/example_dag_decorator.py
[2026-05-01T00:12:25.067+0000] {processor.py:840} INFO - DAG(s) 'example_dag_decorator' retrieved from /home/airflow/.local/lib/python3.12/site-packages/airflow/example_dags/example_dag_decorator.py
[2026-05-01T00:12:25.102+0000] {logging_mixin.py:188} INFO - [2026-05-01T00:12:25.102+0000] {dag.py:3089} INFO - Sync 1 DAGs
[2026-05-01T00:12:25.105+0000] {logging_mixin.py:188} INFO - [2026-05-01T00:12:25.105+0000] {dag.py:3947} INFO - Setting next_dagrun for example_dag_decorator to None, run_after=None
[2026-05-01T00:12:25.110+0000] {processor.py:183} INFO - Processing /home/airflow/.local/lib/python3.12/site-packages/airflow/example_dags/example_dag_decorator.py took 0.113 seconds
[2026-05-01T00:12:55.791+0000] {processor.py:161} INFO - Started process (PID=56457) to work on /home/airflow/.local/lib/python3.12/site-packages/airflow/example_dags/example_dag_decorator.py
[2026-05-01T00:12:55.794+0000] {processor.py:830} INFO - Processing file /home/airflow/.local/lib/python3.12/site-packages/airflow/example_dags/example_dag_decorator.py for tasks to queue
[2026-05-01T00:12:55.795+0000] {logging_mixin.py:188} INFO - [2026-05-01T00:12:55.795+0000] {dagbag.py:545} INFO - Filling up the DagBag from /home/airflow/.local/lib/python3.12/site-packages/airflow/example_dags/example_dag_decorator.py
[2026-05-01T00:12:55.856+0000] {processor.py:840} INFO - DAG(s) 'example_dag_decorator' retrieved from /home/airflow/.local/lib/python3.12/site-packages/airflow/example_dags/example_dag_decorator.py
[2026-05-01T00:12:55.895+0000] {logging_mixin.py:188} INFO - [2026-05-01T00:12:55.895+0000] {dag.py:3089} INFO - Sync 1 DAGs
[2026-05-01T00:12:55.898+0000] {logging_mixin.py:188} INFO - [2026-05-01T00:12:55.898+0000] {dag.py:3947} INFO - Setting next_dagrun for example_dag_decorator to None, run_after=None
[2026-05-01T00:12:55.903+0000] {processor.py:183} INFO - Processing /home/airflow/.local/lib/python3.12/site-packages/airflow/example_dags/example_dag_decorator.py took 0.119 seconds
[2026-05-01T00:13:26.515+0000] {processor.py:161} INFO - Started process (PID=56517) to work on /home/airflow/.local/lib/python3.12/site-packages/airflow/example_dags/example_dag_decorator.py
[2026-05-01T00:13:26.517+0000] {processor.py:830} INFO - Processing file /home/airflow/.local/lib/python3.12/site-packages/airflow/example_dags/example_dag_decorator.py for tasks to queue
[2026-05-01T00:13:26.518+0000] {logging_mixin.py:188} INFO - [2026-05-01T00:13:26.518+0000] {dagbag.py:545} INFO - Filling up the DagBag from /home/airflow/.local/lib/python3.12/site-packages/airflow/example_dags/example_dag_decorator.py
[2026-05-01T00:13:26.577+0000] {processor.py:840} INFO - DAG(s) 'example_dag_decorator' retrieved from /home/airflow/.local/lib/python3.12/site-packages/airflow/example_dags/example_dag_decorator.py
[2026-05-01T00:13:26.614+0000] {logging_mixin.py:188} INFO - [2026-05-01T00:13:26.614+0000] {dag.py:3089} INFO - Sync 1 DAGs
[2026-05-01T00:13:26.617+0000] {logging_mixin.py:188} INFO - [2026-05-01T00:13:26.617+0000] {dag.py:3947} INFO - Setting next_dagrun for example_dag_decorator to None, run_after=None
[2026-05-01T00:13:26.622+0000] {processor.py:183} INFO - Processing /home/airflow/.local/lib/python3.12/site-packages/airflow/example_dags/example_dag_decorator.py took 0.116 seconds
[2026-05-01T00:13:56.860+0000] {processor.py:161} INFO - Started process (PID=56577) to work on /home/airflow/.local/lib/python3.12/site-packages/airflow/example_dags/example_dag_decorator.py
[2026-05-01T00:13:56.862+0000] {processor.py:830} INFO - Processing file /home/airflow/.local/lib/python3.12/site-packages/airflow/example_dags/example_dag_decorator.py for tasks to queue
[2026-05-01T00:13:56.864+0000] {logging_mixin.py:188} INFO - [2026-05-01T00:13:56.863+0000] {dagbag.py:545} INFO - Filling up the DagBag from /home/airflow/.local/lib/python3.12/site-packages/airflow/example_dags/example_dag_decorator.py
[2026-05-01T00:13:56.920+0000] {processor.py:840} INFO - DAG(s) 'example_dag_decorator' retrieved from /home/airflow/.local/lib/python3.12/site-packages/airflow/example_dags/example_dag_decorator.py
[2026-05-01T00:13:56.955+0000] {logging_mixin.py:188} INFO - [2026-05-01T00:13:56.955+0000] {dag.py:3089} INFO - Sync 1 DAGs
[2026-05-01T00:13:56.958+0000] {logging_mixin.py:188} INFO - [2026-05-01T00:13:56.958+0000] {dag.py:3947} INFO - Setting next_dagrun for example_dag_decorator to None, run_after=None
[2026-05-01T00:13:56.963+0000] {processor.py:183} INFO - Processing /home/airflow/.local/lib/python3.12/site-packages/airflow/example_dags/example_dag_decorator.py took 0.111 seconds
[2026-05-01T00:14:27.600+0000] {processor.py:161} INFO - Started process (PID=56637) to work on /home/airflow/.local/lib/python3.12/site-packages/airflow/example_dags/example_dag_decorator.py
[2026-05-01T00:14:27.601+0000] {processor.py:830} INFO - Processing file /home/airflow/.local/lib/python3.12/site-packages/airflow/example_dags/example_dag_decorator.py for tasks to queue
[2026-05-01T00:14:27.603+0000] {logging_mixin.py:188} INFO - [2026-05-01T00:14:27.602+0000] {dagbag.py:545} INFO - Filling up the DagBag from /home/airflow/.local/lib/python3.12/site-packages/airflow/example_dags/example_dag_decorator.py
[2026-05-01T00:14:27.651+0000] {processor.py:840} INFO - DAG(s) 'example_dag_decorator' retrieved from /home/airflow/.local/lib/python3.12/site-packages/airflow/example_dags/example_dag_decorator.py
[2026-05-01T00:14:27.686+0000] {logging_mixin.py:188} INFO - [2026-05-01T00:14:27.686+0000] {dag.py:3089} INFO - Sync 1 DAGs
[2026-05-01T00:14:27.689+0000] {logging_mixin.py:188} INFO - [2026-05-01T00:14:27.689+0000] {dag.py:3947} INFO - Setting next_dagrun for example_dag_decorator to None, run_after=None
[2026-05-01T00:14:27.694+0000] {processor.py:183} INFO - Processing /home/airflow/.local/lib/python3.12/site-packages/airflow/example_dags/example_dag_decorator.py took 0.105 seconds
[2026-05-01T00:14:58.104+0000] {processor.py:161} INFO - Started process (PID=56697) to work on /home/airflow/.local/lib/python3.12/site-packages/airflow/example_dags/example_dag_decorator.py
[2026-05-01T00:14:58.107+0000] {processor.py:830} INFO - Processing file /home/airflow/.local/lib/python3.12/site-packages/airflow/example_dags/example_dag_decorator.py for tasks to queue
[2026-05-01T00:14:58.110+0000] {logging_mixin.py:188} INFO - [2026-05-01T00:14:58.110+0000] {dagbag.py:545} INFO - Filling up the DagBag from /home/airflow/.local/lib/python3.12/site-packages/airflow/example_dags/example_dag_decorator.py
[2026-05-01T00:14:58.161+0000] {processor.py:840} INFO - DAG(s) 'example_dag_decorator' retrieved from /home/airflow/.local/lib/python3.12/site-packages/airflow/example_dags/example_dag_decorator.py
[2026-05-01T00:14:58.193+0000] {logging_mixin.py:188} INFO - [2026-05-01T00:14:58.193+0000] {dag.py:3089} INFO - Sync 1 DAGs
[2026-05-01T00:14:58.196+0000] {logging_mixin.py:188} INFO - [2026-05-01T00:14:58.196+0000] {dag.py:3947} INFO - Setting next_dagrun for example_dag_decorator to None, run_after=None
[2026-05-01T00:14:58.201+0000] {processor.py:183} INFO - Processing /home/airflow/.local/lib/python3.12/site-packages/airflow/example_dags/example_dag_decorator.py took 0.103 seconds
[2026-05-01T00:15:28.707+0000] {processor.py:161} INFO - Started process (PID=56757) to work on /home/airflow/.local/lib/python3.12/site-packages/airflow/example_dags/example_dag_decorator.py
[2026-05-01T00:15:28.710+0000] {processor.py:830} INFO - Processing file /home/airflow/.local/lib/python3.12/site-packages/airflow/example_dags/example_dag_decorator.py for tasks to queue
[2026-05-01T00:15:28.713+0000] {logging_mixin.py:188} INFO - [2026-05-01T00:15:28.712+0000] {dagbag.py:545} INFO - Filling up the DagBag from /home/airflow/.local/lib/python3.12/site-packages/airflow/example_dags/example_dag_decorator.py
[2026-05-01T00:15:28.764+0000] {processor.py:840} INFO - DAG(s) 'example_dag_decorator' retrieved from /home/airflow/.local/lib/python3.12/site-packages/airflow/example_dags/example_dag_decorator.py
[2026-05-01T00:15:28.799+0000] {logging_mixin.py:188} INFO - [2026-05-01T00:15:28.799+0000] {dag.py:3089} INFO - Sync 1 DAGs
[2026-05-01T00:15:28.802+0000] {logging_mixin.py:188} INFO - [2026-05-01T00:15:28.802+0000] {dag.py:3947} INFO - Setting next_dagrun for example_dag_decorator to None, run_after=None
[2026-05-01T00:15:28.807+0000] {processor.py:183} INFO - Processing /home/airflow/.local/lib/python3.12/site-packages/airflow/example_dags/example_dag_decorator.py took 0.108 seconds
[2026-05-01T00:15:59.353+0000] {processor.py:161} INFO - Started process (PID=56817) to work on /home/airflow/.local/lib/python3.12/site-packages/airflow/example_dags/example_dag_decorator.py
[2026-05-01T00:15:59.355+0000] {processor.py:830} INFO - Processing file /home/airflow/.local/lib/python3.12/site-packages/airflow/example_dags/example_dag_decorator.py for tasks to queue
[2026-05-01T00:15:59.357+0000] {logging_mixin.py:188} INFO - [2026-05-01T00:15:59.357+0000] {dagbag.py:545} INFO - Filling up the DagBag from /home/airflow/.local/lib/python3.12/site-packages/airflow/example_dags/example_dag_decorator.py
[2026-05-01T00:15:59.416+0000] {processor.py:840} INFO - DAG(s) 'example_dag_decorator' retrieved from /home/airflow/.local/lib/python3.12/site-packages/airflow/example_dags/example_dag_decorator.py
[2026-05-01T00:15:59.450+0000] {logging_mixin.py:188} INFO - [2026-05-01T00:15:59.450+0000] {dag.py:3089} INFO - Sync 1 DAGs
[2026-05-01T00:15:59.453+0000] {logging_mixin.py:188} INFO - [2026-05-01T00:15:59.453+0000] {dag.py:3947} INFO - Setting next_dagrun for example_dag_decorator to None, run_after=None
[2026-05-01T00:15:59.458+0000] {processor.py:183} INFO - Processing /home/airflow/.local/lib/python3.12/site-packages/airflow/example_dags/example_dag_decorator.py took 0.112 seconds
[2026-05-01T00:16:29.974+0000] {processor.py:161} INFO - Started process (PID=56877) to work on /home/airflow/.local/lib/python3.12/site-packages/airflow/example_dags/example_dag_decorator.py
[2026-05-01T00:16:29.976+0000] {processor.py:830} INFO - Processing file /home/airflow/.local/lib/python3.12/site-packages/airflow/example_dags/example_dag_decorator.py for tasks to queue
[2026-05-01T00:16:29.977+0000] {logging_mixin.py:188} INFO - [2026-05-01T00:16:29.977+0000] {dagbag.py:545} INFO - Filling up the DagBag from /home/airflow/.local/lib/python3.12/site-packages/airflow/example_dags/example_dag_decorator.py
[2026-05-01T00:16:30.035+0000] {processor.py:840} INFO - DAG(s) 'example_dag_decorator' retrieved from /home/airflow/.local/lib/python3.12/site-packages/airflow/example_dags/example_dag_decorator.py
[2026-05-01T00:16:30.069+0000] {logging_mixin.py:188} INFO - [2026-05-01T00:16:30.069+0000] {dag.py:3089} INFO - Sync 1 DAGs
[2026-05-01T00:16:30.072+0000] {logging_mixin.py:188} INFO - [2026-05-01T00:16:30.072+0000] {dag.py:3947} INFO - Setting next_dagrun for example_dag_decorator to None, run_after=None
[2026-05-01T00:16:30.077+0000] {processor.py:183} INFO - Processing /home/airflow/.local/lib/python3.12/site-packages/airflow/example_dags/example_dag_decorator.py took 0.110 seconds
[2026-05-01T00:17:00.629+0000] {processor.py:161} INFO - Started process (PID=56937) to work on /home/airflow/.local/lib/python3.12/site-packages/airflow/example_dags/example_dag_decorator.py
[2026-05-01T00:17:00.631+0000] {processor.py:830} INFO - Processing file /home/airflow/.local/lib/python3.12/site-packages/airflow/example_dags/example_dag_decorator.py for tasks to queue
[2026-05-01T00:17:00.633+0000] {logging_mixin.py:188} INFO - [2026-05-01T00:17:00.632+0000] {dagbag.py:545} INFO - Filling up the DagBag from /home/airflow/.local/lib/python3.12/site-packages/airflow/example_dags/example_dag_decorator.py
[2026-05-01T00:17:00.691+0000] {processor.py:840} INFO - DAG(s) 'example_dag_decorator' retrieved from /home/airflow/.local/lib/python3.12/site-packages/airflow/example_dags/example_dag_decorator.py
[2026-05-01T00:17:00.726+0000] {logging_mixin.py:188} INFO - [2026-05-01T00:17:00.726+0000] {dag.py:3089} INFO - Sync 1 DAGs
[2026-05-01T00:17:00.729+0000] {logging_mixin.py:188} INFO - [2026-05-01T00:17:00.729+0000] {dag.py:3947} INFO - Setting next_dagrun for example_dag_decorator to None, run_after=None
[2026-05-01T00:17:00.737+0000] {processor.py:183} INFO - Processing /home/airflow/.local/lib/python3.12/site-packages/airflow/example_dags/example_dag_decorator.py took 0.115 seconds
[2026-05-01T00:17:30.800+0000] {processor.py:161} INFO - Started process (PID=56998) to work on /home/airflow/.local/lib/python3.12/site-packages/airflow/example_dags/example_dag_decorator.py
[2026-05-01T00:17:30.801+0000] {processor.py:830} INFO - Processing file /home/airflow/.local/lib/python3.12/site-packages/airflow/example_dags/example_dag_decorator.py for tasks to queue
[2026-05-01T00:17:30.801+0000] {logging_mixin.py:188} INFO - [2026-05-01T00:17:30.801+0000] {dagbag.py:545} INFO - Filling up the DagBag from /home/airflow/.local/lib/python3.12/site-packages/airflow/example_dags/example_dag_decorator.py
[2026-05-01T00:17:30.847+0000] {processor.py:840} INFO - DAG(s) 'example_dag_decorator' retrieved from /home/airflow/.local/lib/python3.12/site-packages/airflow/example_dags/example_dag_decorator.py
[2026-05-01T00:17:30.890+0000] {logging_mixin.py:188} INFO - [2026-05-01T00:17:30.890+0000] {dag.py:3089} INFO - Sync 1 DAGs
[2026-05-01T00:17:30.893+0000] {logging_mixin.py:188} INFO - [2026-05-01T00:17:30.893+0000] {dag.py:3947} INFO - Setting next_dagrun for example_dag_decorator to None, run_after=None
[2026-05-01T00:17:30.899+0000] {processor.py:183} INFO - Processing /home/airflow/.local/lib/python3.12/site-packages/airflow/example_dags/example_dag_decorator.py took 0.102 seconds
[2026-05-01T00:18:00.920+0000] {processor.py:161} INFO - Started process (PID=57057) to work on /home/airflow/.local/lib/python3.12/site-packages/airflow/example_dags/example_dag_decorator.py
[2026-05-01T00:18:00.921+0000] {processor.py:830} INFO - Processing file /home/airflow/.local/lib/python3.12/site-packages/airflow/example_dags/example_dag_decorator.py for tasks to queue
[2026-05-01T00:18:00.921+0000] {logging_mixin.py:188} INFO - [2026-05-01T00:18:00.921+0000] {dagbag.py:545} INFO - Filling up the DagBag from /home/airflow/.local/lib/python3.12/site-packages/airflow/example_dags/example_dag_decorator.py
[2026-05-01T00:18:00.957+0000] {processor.py:840} INFO - DAG(s) 'example_dag_decorator' retrieved from /home/airflow/.local/lib/python3.12/site-packages/airflow/example_dags/example_dag_decorator.py
[2026-05-01T00:18:00.991+0000] {logging_mixin.py:188} INFO - [2026-05-01T00:18:00.990+0000] {dag.py:3089} INFO - Sync 1 DAGs
[2026-05-01T00:18:00.994+0000] {logging_mixin.py:188} INFO - [2026-05-01T00:18:00.994+0000] {dag.py:3947} INFO - Setting next_dagrun for example_dag_decorator to None, run_after=None
[2026-05-01T00:18:00.999+0000] {processor.py:183} INFO - Processing /home/airflow/.local/lib/python3.12/site-packages/airflow/example_dags/example_dag_decorator.py took 0.081 seconds
[2026-05-01T00:18:31.628+0000] {processor.py:161} INFO - Started process (PID=57116) to work on /home/airflow/.local/lib/python3.12/site-packages/airflow/example_dags/example_dag_decorator.py
[2026-05-01T00:18:31.631+0000] {processor.py:830} INFO - Processing file /home/airflow/.local/lib/python3.12/site-packages/airflow/example_dags/example_dag_decorator.py for tasks to queue
[2026-05-01T00:18:31.633+0000] {logging_mixin.py:188} INFO - [2026-05-01T00:18:31.633+0000] {dagbag.py:545} INFO - Filling up the DagBag from /home/airflow/.local/lib/python3.12/site-packages/airflow/example_dags/example_dag_decorator.py
[2026-05-01T00:18:31.689+0000] {processor.py:840} INFO - DAG(s) 'example_dag_decorator' retrieved from /home/airflow/.local/lib/python3.12/site-packages/airflow/example_dags/example_dag_decorator.py
[2026-05-01T00:18:31.725+0000] {logging_mixin.py:188} INFO - [2026-05-01T00:18:31.725+0000] {dag.py:3089} INFO - Sync 1 DAGs
[2026-05-01T00:18:31.729+0000] {logging_mixin.py:188} INFO - [2026-05-01T00:18:31.729+0000] {dag.py:3947} INFO - Setting next_dagrun for example_dag_decorator to None, run_after=None
[2026-05-01T00:18:31.734+0000] {processor.py:183} INFO - Processing /home/airflow/.local/lib/python3.12/site-packages/airflow/example_dags/example_dag_decorator.py took 0.114 seconds
[2026-05-01T00:19:02.206+0000] {processor.py:161} INFO - Started process (PID=57176) to work on /home/airflow/.local/lib/python3.12/site-packages/airflow/example_dags/example_dag_decorator.py
[2026-05-01T00:19:02.208+0000] {processor.py:830} INFO - Processing file /home/airflow/.local/lib/python3.12/site-packages/airflow/example_dags/example_dag_decorator.py for tasks to queue
[2026-05-01T00:19:02.210+0000] {logging_mixin.py:188} INFO - [2026-05-01T00:19:02.209+0000] {dagbag.py:545} INFO - Filling up the DagBag from /home/airflow/.local/lib/python3.12/site-packages/airflow/example_dags/example_dag_decorator.py
[2026-05-01T00:19:02.258+0000] {processor.py:840} INFO - DAG(s) 'example_dag_decorator' retrieved from /home/airflow/.local/lib/python3.12/site-packages/airflow/example_dags/example_dag_decorator.py
[2026-05-01T00:19:02.288+0000] {logging_mixin.py:188} INFO - [2026-05-01T00:19:02.288+0000] {dag.py:3089} INFO - Sync 1 DAGs
[2026-05-01T00:19:02.291+0000] {logging_mixin.py:188} INFO - [2026-05-01T00:19:02.291+0000] {dag.py:3947} INFO - Setting next_dagrun for example_dag_decorator to None, run_after=None
[2026-05-01T00:19:02.297+0000] {processor.py:183} INFO - Processing /home/airflow/.local/lib/python3.12/site-packages/airflow/example_dags/example_dag_decorator.py took 0.097 seconds
[2026-05-01T00:19:33.189+0000] {processor.py:161} INFO - Started process (PID=57236) to work on /home/airflow/.local/lib/python3.12/site-packages/airflow/example_dags/example_dag_decorator.py
[2026-05-01T00:19:33.191+0000] {processor.py:830} INFO - Processing file /home/airflow/.local/lib/python3.12/site-packages/airflow/example_dags/example_dag_decorator.py for tasks to queue
[2026-05-01T00:19:33.192+0000] {logging_mixin.py:188} INFO - [2026-05-01T00:19:33.192+0000] {dagbag.py:545} INFO - Filling up the DagBag from /home/airflow/.local/lib/python3.12/site-packages/airflow/example_dags/example_dag_decorator.py
[2026-05-01T00:19:33.260+0000] {processor.py:840} INFO - DAG(s) 'example_dag_decorator' retrieved from /home/airflow/.local/lib/python3.12/site-packages/airflow/example_dags/example_dag_decorator.py
[2026-05-01T00:19:33.296+0000] {logging_mixin.py:188} INFO - [2026-05-01T00:19:33.296+0000] {dag.py:3089} INFO - Sync 1 DAGs
[2026-05-01T00:19:33.299+0000] {logging_mixin.py:188} INFO - [2026-05-01T00:19:33.299+0000] {dag.py:3947} INFO - Setting next_dagrun for example_dag_decorator to None, run_after=None
[2026-05-01T00:19:33.305+0000] {processor.py:183} INFO - Processing /home/airflow/.local/lib/python3.12/site-packages/airflow/example_dags/example_dag_decorator.py took 0.123 seconds
[2026-05-01T00:20:03.382+0000] {processor.py:161} INFO - Started process (PID=57296) to work on /home/airflow/.local/lib/python3.12/site-packages/airflow/example_dags/example_dag_decorator.py
[2026-05-01T00:20:03.384+0000] {processor.py:830} INFO - Processing file /home/airflow/.local/lib/python3.12/site-packages/airflow/example_dags/example_dag_decorator.py for tasks to queue
[2026-05-01T00:20:03.386+0000] {logging_mixin.py:188} INFO - [2026-05-01T00:20:03.386+0000] {dagbag.py:545} INFO - Filling up the DagBag from /home/airflow/.local/lib/python3.12/site-packages/airflow/example_dags/example_dag_decorator.py
[2026-05-01T00:20:03.445+0000] {processor.py:840} INFO - DAG(s) 'example_dag_decorator' retrieved from /home/airflow/.local/lib/python3.12/site-packages/airflow/example_dags/example_dag_decorator.py
[2026-05-01T00:20:03.482+0000] {logging_mixin.py:188} INFO - [2026-05-01T00:20:03.482+0000] {dag.py:3089} INFO - Sync 1 DAGs
[2026-05-01T00:20:03.485+0000] {logging_mixin.py:188} INFO - [2026-05-01T00:20:03.485+0000] {dag.py:3947} INFO - Setting next_dagrun for example_dag_decorator to None, run_after=None
[2026-05-01T00:20:03.491+0000] {processor.py:183} INFO - Processing /home/airflow/.local/lib/python3.12/site-packages/airflow/example_dags/example_dag_decorator.py took 0.116 seconds
[2026-05-01T00:20:34.193+0000] {processor.py:161} INFO - Started process (PID=57356) to work on /home/airflow/.local/lib/python3.12/site-packages/airflow/example_dags/example_dag_decorator.py
[2026-05-01T00:20:34.195+0000] {processor.py:830} INFO - Processing file /home/airflow/.local/lib/python3.12/site-packages/airflow/example_dags/example_dag_decorator.py for tasks to queue
[2026-05-01T00:20:34.197+0000] {logging_mixin.py:188} INFO - [2026-05-01T00:20:34.196+0000] {dagbag.py:545} INFO - Filling up the DagBag from /home/airflow/.local/lib/python3.12/site-packages/airflow/example_dags/example_dag_decorator.py
[2026-05-01T00:20:34.242+0000] {processor.py:840} INFO - DAG(s) 'example_dag_decorator' retrieved from /home/airflow/.local/lib/python3.12/site-packages/airflow/example_dags/example_dag_decorator.py
[2026-05-01T00:20:34.279+0000] {logging_mixin.py:188} INFO - [2026-05-01T00:20:34.279+0000] {dag.py:3089} INFO - Sync 1 DAGs
[2026-05-01T00:20:34.282+0000] {logging_mixin.py:188} INFO - [2026-05-01T00:20:34.282+0000] {dag.py:3947} INFO - Setting next_dagrun for example_dag_decorator to None, run_after=None
[2026-05-01T00:20:34.288+0000] {processor.py:183} INFO - Processing /home/airflow/.local/lib/python3.12/site-packages/airflow/example_dags/example_dag_decorator.py took 0.100 seconds
[2026-05-01T00:21:04.495+0000] {processor.py:161} INFO - Started process (PID=57416) to work on /home/airflow/.local/lib/python3.12/site-packages/airflow/example_dags/example_dag_decorator.py
[2026-05-01T00:21:04.496+0000] {processor.py:830} INFO - Processing file /home/airflow/.local/lib/python3.12/site-packages/airflow/example_dags/example_dag_decorator.py for tasks to queue
[2026-05-01T00:21:04.498+0000] {logging_mixin.py:188} INFO - [2026-05-01T00:21:04.498+0000] {dagbag.py:545} INFO - Filling up the DagBag from /home/airflow/.local/lib/python3.12/site-packages/airflow/example_dags/example_dag_decorator.py
[2026-05-01T00:21:04.546+0000] {processor.py:840} INFO - DAG(s) 'example_dag_decorator' retrieved from /home/airflow/.local/lib/python3.12/site-packages/airflow/example_dags/example_dag_decorator.py
[2026-05-01T00:21:04.582+0000] {logging_mixin.py:188} INFO - [2026-05-01T00:21:04.582+0000] {dag.py:3089} INFO - Sync 1 DAGs
[2026-05-01T00:21:04.585+0000] {logging_mixin.py:188} INFO - [2026-05-01T00:21:04.585+0000] {dag.py:3947} INFO - Setting next_dagrun for example_dag_decorator to None, run_after=None
[2026-05-01T00:21:04.590+0000] {processor.py:183} INFO - Processing /home/airflow/.local/lib/python3.12/site-packages/airflow/example_dags/example_dag_decorator.py took 0.098 seconds
[2026-05-01T00:21:34.910+0000] {processor.py:161} INFO - Started process (PID=57476) to work on /home/airflow/.local/lib/python3.12/site-packages/airflow/example_dags/example_dag_decorator.py
[2026-05-01T00:21:34.917+0000] {processor.py:830} INFO - Processing file /home/airflow/.local/lib/python3.12/site-packages/airflow/example_dags/example_dag_decorator.py for tasks to queue
[2026-05-01T00:21:34.929+0000] {logging_mixin.py:188} INFO - [2026-05-01T00:21:34.929+0000] {dagbag.py:545} INFO - Filling up the DagBag from /home/airflow/.local/lib/python3.12/site-packages/airflow/example_dags/example_dag_decorator.py
[2026-05-01T00:21:35.050+0000] {processor.py:840} INFO - DAG(s) 'example_dag_decorator' retrieved from /home/airflow/.local/lib/python3.12/site-packages/airflow/example_dags/example_dag_decorator.py
[2026-05-01T00:21:35.221+0000] {logging_mixin.py:188} INFO - [2026-05-01T00:21:35.221+0000] {dag.py:3089} INFO - Sync 1 DAGs
[2026-05-01T00:21:35.230+0000] {logging_mixin.py:188} INFO - [2026-05-01T00:21:35.230+0000] {dag.py:3947} INFO - Setting next_dagrun for example_dag_decorator to None, run_after=None
[2026-05-01T00:21:35.280+0000] {processor.py:183} INFO - Processing /home/airflow/.local/lib/python3.12/site-packages/airflow/example_dags/example_dag_decorator.py took 0.386 seconds
[2026-05-01T00:22:05.822+0000] {processor.py:161} INFO - Started process (PID=57536) to work on /home/airflow/.local/lib/python3.12/site-packages/airflow/example_dags/example_dag_decorator.py
[2026-05-01T00:22:05.824+0000] {processor.py:830} INFO - Processing file /home/airflow/.local/lib/python3.12/site-packages/airflow/example_dags/example_dag_decorator.py for tasks to queue
[2026-05-01T00:22:05.828+0000] {logging_mixin.py:188} INFO - [2026-05-01T00:22:05.828+0000] {dagbag.py:545} INFO - Filling up the DagBag from /home/airflow/.local/lib/python3.12/site-packages/airflow/example_dags/example_dag_decorator.py
[2026-05-01T00:22:05.881+0000] {processor.py:840} INFO - DAG(s) 'example_dag_decorator' retrieved from /home/airflow/.local/lib/python3.12/site-packages/airflow/example_dags/example_dag_decorator.py
[2026-05-01T00:22:05.926+0000] {logging_mixin.py:188} INFO - [2026-05-01T00:22:05.926+0000] {dag.py:3089} INFO - Sync 1 DAGs
[2026-05-01T00:22:05.929+0000] {logging_mixin.py:188} INFO - [2026-05-01T00:22:05.929+0000] {dag.py:3947} INFO - Setting next_dagrun for example_dag_decorator to None, run_after=None
[2026-05-01T00:22:05.934+0000] {processor.py:183} INFO - Processing /home/airflow/.local/lib/python3.12/site-packages/airflow/example_dags/example_dag_decorator.py took 0.119 seconds
[2026-05-01T00:22:36.792+0000] {processor.py:161} INFO - Started process (PID=57596) to work on /home/airflow/.local/lib/python3.12/site-packages/airflow/example_dags/example_dag_decorator.py
[2026-05-01T00:22:36.793+0000] {processor.py:830} INFO - Processing file /home/airflow/.local/lib/python3.12/site-packages/airflow/example_dags/example_dag_decorator.py for tasks to queue
[2026-05-01T00:22:36.795+0000] {logging_mixin.py:188} INFO - [2026-05-01T00:22:36.795+0000] {dagbag.py:545} INFO - Filling up the DagBag from /home/airflow/.local/lib/python3.12/site-packages/airflow/example_dags/example_dag_decorator.py
[2026-05-01T00:22:36.855+0000] {processor.py:840} INFO - DAG(s) 'example_dag_decorator' retrieved from /home/airflow/.local/lib/python3.12/site-packages/airflow/example_dags/example_dag_decorator.py
[2026-05-01T00:22:36.895+0000] {logging_mixin.py:188} INFO - [2026-05-01T00:22:36.895+0000] {dag.py:3089} INFO - Sync 1 DAGs
[2026-05-01T00:22:36.898+0000] {logging_mixin.py:188} INFO - [2026-05-01T00:22:36.898+0000] {dag.py:3947} INFO - Setting next_dagrun for example_dag_decorator to None, run_after=None
[2026-05-01T00:22:36.904+0000] {processor.py:183} INFO - Processing /home/airflow/.local/lib/python3.12/site-packages/airflow/example_dags/example_dag_decorator.py took 0.118 seconds
[2026-05-01T00:23:07.610+0000] {processor.py:161} INFO - Started process (PID=57656) to work on /home/airflow/.local/lib/python3.12/site-packages/airflow/example_dags/example_dag_decorator.py
[2026-05-01T00:23:07.612+0000] {processor.py:830} INFO - Processing file /home/airflow/.local/lib/python3.12/site-packages/airflow/example_dags/example_dag_decorator.py for tasks to queue
[2026-05-01T00:23:07.613+0000] {logging_mixin.py:188} INFO - [2026-05-01T00:23:07.612+0000] {dagbag.py:545} INFO - Filling up the DagBag from /home/airflow/.local/lib/python3.12/site-packages/airflow/example_dags/example_dag_decorator.py
[2026-05-01T00:23:07.676+0000] {processor.py:840} INFO - DAG(s) 'example_dag_decorator' retrieved from /home/airflow/.local/lib/python3.12/site-packages/airflow/example_dags/example_dag_decorator.py
[2026-05-01T00:23:07.719+0000] {logging_mixin.py:188} INFO - [2026-05-01T00:23:07.719+0000] {dag.py:3089} INFO - Sync 1 DAGs
[2026-05-01T00:23:07.724+0000] {logging_mixin.py:188} INFO - [2026-05-01T00:23:07.724+0000] {dag.py:3947} INFO - Setting next_dagrun for example_dag_decorator to None, run_after=None
[2026-05-01T00:23:07.731+0000] {processor.py:183} INFO - Processing /home/airflow/.local/lib/python3.12/site-packages/airflow/example_dags/example_dag_decorator.py took 0.126 seconds
[2026-05-01T00:23:38.126+0000] {processor.py:161} INFO - Started process (PID=57716) to work on /home/airflow/.local/lib/python3.12/site-packages/airflow/example_dags/example_dag_decorator.py
[2026-05-01T00:23:38.128+0000] {processor.py:830} INFO - Processing file /home/airflow/.local/lib/python3.12/site-packages/airflow/example_dags/example_dag_decorator.py for tasks to queue
[2026-05-01T00:23:38.130+0000] {logging_mixin.py:188} INFO - [2026-05-01T00:23:38.130+0000] {dagbag.py:545} INFO - Filling up the DagBag from /home/airflow/.local/lib/python3.12/site-packages/airflow/example_dags/example_dag_decorator.py
[2026-05-01T00:23:38.192+0000] {processor.py:840} INFO - DAG(s) 'example_dag_decorator' retrieved from /home/airflow/.local/lib/python3.12/site-packages/airflow/example_dags/example_dag_decorator.py
[2026-05-01T00:23:38.231+0000] {logging_mixin.py:188} INFO - [2026-05-01T00:23:38.231+0000] {dag.py:3089} INFO - Sync 1 DAGs
[2026-05-01T00:23:38.235+0000] {logging_mixin.py:188} INFO - [2026-05-01T00:23:38.235+0000] {dag.py:3947} INFO - Setting next_dagrun for example_dag_decorator to None, run_after=None
[2026-05-01T00:23:38.241+0000] {processor.py:183} INFO - Processing /home/airflow/.local/lib/python3.12/site-packages/airflow/example_dags/example_dag_decorator.py took 0.123 seconds
[2026-05-01T00:24:08.807+0000] {processor.py:161} INFO - Started process (PID=57782) to work on /home/airflow/.local/lib/python3.12/site-packages/airflow/example_dags/example_dag_decorator.py
[2026-05-01T00:24:08.808+0000] {processor.py:830} INFO - Processing file /home/airflow/.local/lib/python3.12/site-packages/airflow/example_dags/example_dag_decorator.py for tasks to queue
[2026-05-01T00:24:08.809+0000] {logging_mixin.py:188} INFO - [2026-05-01T00:24:08.809+0000] {dagbag.py:545} INFO - Filling up the DagBag from /home/airflow/.local/lib/python3.12/site-packages/airflow/example_dags/example_dag_decorator.py
[2026-05-01T00:24:08.857+0000] {processor.py:840} INFO - DAG(s) 'example_dag_decorator' retrieved from /home/airflow/.local/lib/python3.12/site-packages/airflow/example_dags/example_dag_decorator.py
[2026-05-01T00:24:08.891+0000] {logging_mixin.py:188} INFO - [2026-05-01T00:24:08.891+0000] {dag.py:3089} INFO - Sync 1 DAGs
[2026-05-01T00:24:08.894+0000] {logging_mixin.py:188} INFO - [2026-05-01T00:24:08.894+0000] {dag.py:3947} INFO - Setting next_dagrun for example_dag_decorator to None, run_after=None
[2026-05-01T00:24:08.900+0000] {processor.py:183} INFO - Processing /home/airflow/.local/lib/python3.12/site-packages/airflow/example_dags/example_dag_decorator.py took 0.096 seconds
[2026-05-01T00:24:39.462+0000] {processor.py:161} INFO - Started process (PID=57842) to work on /home/airflow/.local/lib/python3.12/site-packages/airflow/example_dags/example_dag_decorator.py
[2026-05-01T00:24:39.464+0000] {processor.py:830} INFO - Processing file /home/airflow/.local/lib/python3.12/site-packages/airflow/example_dags/example_dag_decorator.py for tasks to queue
[2026-05-01T00:24:39.465+0000] {logging_mixin.py:188} INFO - [2026-05-01T00:24:39.465+0000] {dagbag.py:545} INFO - Filling up the DagBag from /home/airflow/.local/lib/python3.12/site-packages/airflow/example_dags/example_dag_decorator.py
[2026-05-01T00:24:39.524+0000] {processor.py:840} INFO - DAG(s) 'example_dag_decorator' retrieved from /home/airflow/.local/lib/python3.12/site-packages/airflow/example_dags/example_dag_decorator.py
[2026-05-01T00:24:39.555+0000] {logging_mixin.py:188} INFO - [2026-05-01T00:24:39.555+0000] {dag.py:3089} INFO - Sync 1 DAGs
[2026-05-01T00:24:39.558+0000] {logging_mixin.py:188} INFO - [2026-05-01T00:24:39.558+0000] {dag.py:3947} INFO - Setting next_dagrun for example_dag_decorator to None, run_after=None
[2026-05-01T00:24:39.564+0000] {processor.py:183} INFO - Processing /home/airflow/.local/lib/python3.12/site-packages/airflow/example_dags/example_dag_decorator.py took 0.108 seconds
[2026-05-01T00:25:10.018+0000] {processor.py:161} INFO - Started process (PID=57902) to work on /home/airflow/.local/lib/python3.12/site-packages/airflow/example_dags/example_dag_decorator.py
[2026-05-01T00:25:10.023+0000] {processor.py:830} INFO - Processing file /home/airflow/.local/lib/python3.12/site-packages/airflow/example_dags/example_dag_decorator.py for tasks to queue
[2026-05-01T00:25:10.029+0000] {logging_mixin.py:188} INFO - [2026-05-01T00:25:10.029+0000] {dagbag.py:545} INFO - Filling up the DagBag from /home/airflow/.local/lib/python3.12/site-packages/airflow/example_dags/example_dag_decorator.py
[2026-05-01T00:25:10.110+0000] {processor.py:840} INFO - DAG(s) 'example_dag_decorator' retrieved from /home/airflow/.local/lib/python3.12/site-packages/airflow/example_dags/example_dag_decorator.py
[2026-05-01T00:25:10.164+0000] {logging_mixin.py:188} INFO - [2026-05-01T00:25:10.164+0000] {dag.py:3089} INFO - Sync 1 DAGs
[2026-05-01T00:25:10.167+0000] {logging_mixin.py:188} INFO - [2026-05-01T00:25:10.167+0000] {dag.py:3947} INFO - Setting next_dagrun for example_dag_decorator to None, run_after=None
[2026-05-01T00:25:10.174+0000] {processor.py:183} INFO - Processing /home/airflow/.local/lib/python3.12/site-packages/airflow/example_dags/example_dag_decorator.py took 0.168 seconds
[2026-05-01T00:25:41.027+0000] {processor.py:161} INFO - Started process (PID=57962) to work on /home/airflow/.local/lib/python3.12/site-packages/airflow/example_dags/example_dag_decorator.py
[2026-05-01T00:25:41.029+0000] {processor.py:830} INFO - Processing file /home/airflow/.local/lib/python3.12/site-packages/airflow/example_dags/example_dag_decorator.py for tasks to queue
[2026-05-01T00:25:41.030+0000] {logging_mixin.py:188} INFO - [2026-05-01T00:25:41.030+0000] {dagbag.py:545} INFO - Filling up the DagBag from /home/airflow/.local/lib/python3.12/site-packages/airflow/example_dags/example_dag_decorator.py
[2026-05-01T00:25:41.084+0000] {processor.py:840} INFO - DAG(s) 'example_dag_decorator' retrieved from /home/airflow/.local/lib/python3.12/site-packages/airflow/example_dags/example_dag_decorator.py
[2026-05-01T00:25:41.125+0000] {logging_mixin.py:188} INFO - [2026-05-01T00:25:41.125+0000] {dag.py:3089} INFO - Sync 1 DAGs
[2026-05-01T00:25:41.129+0000] {logging_mixin.py:188} INFO - [2026-05-01T00:25:41.129+0000] {dag.py:3947} INFO - Setting next_dagrun for example_dag_decorator to None, run_after=None
[2026-05-01T00:25:41.134+0000] {processor.py:183} INFO - Processing /home/airflow/.local/lib/python3.12/site-packages/airflow/example_dags/example_dag_decorator.py took 0.112 seconds
[2026-05-01T00:26:11.958+0000] {processor.py:161} INFO - Started process (PID=58022) to work on /home/airflow/.local/lib/python3.12/site-packages/airflow/example_dags/example_dag_decorator.py
[2026-05-01T00:26:11.960+0000] {processor.py:830} INFO - Processing file /home/airflow/.local/lib/python3.12/site-packages/airflow/example_dags/example_dag_decorator.py for tasks to queue
[2026-05-01T00:26:11.962+0000] {logging_mixin.py:188} INFO - [2026-05-01T00:26:11.962+0000] {dagbag.py:545} INFO - Filling up the DagBag from /home/airflow/.local/lib/python3.12/site-packages/airflow/example_dags/example_dag_decorator.py
[2026-05-01T00:26:12.016+0000] {processor.py:840} INFO - DAG(s) 'example_dag_decorator' retrieved from /home/airflow/.local/lib/python3.12/site-packages/airflow/example_dags/example_dag_decorator.py
[2026-05-01T00:26:12.053+0000] {logging_mixin.py:188} INFO - [2026-05-01T00:26:12.053+0000] {dag.py:3089} INFO - Sync 1 DAGs
[2026-05-01T00:26:12.056+0000] {logging_mixin.py:188} INFO - [2026-05-01T00:26:12.056+0000] {dag.py:3947} INFO - Setting next_dagrun for example_dag_decorator to None, run_after=None
[2026-05-01T00:26:12.063+0000] {processor.py:183} INFO - Processing /home/airflow/.local/lib/python3.12/site-packages/airflow/example_dags/example_dag_decorator.py took 0.111 seconds
[2026-05-01T00:26:42.809+0000] {processor.py:161} INFO - Started process (PID=58082) to work on /home/airflow/.local/lib/python3.12/site-packages/airflow/example_dags/example_dag_decorator.py
[2026-05-01T00:26:42.811+0000] {processor.py:830} INFO - Processing file /home/airflow/.local/lib/python3.12/site-packages/airflow/example_dags/example_dag_decorator.py for tasks to queue
[2026-05-01T00:26:42.812+0000] {logging_mixin.py:188} INFO - [2026-05-01T00:26:42.812+0000] {dagbag.py:545} INFO - Filling up the DagBag from /home/airflow/.local/lib/python3.12/site-packages/airflow/example_dags/example_dag_decorator.py
[2026-05-01T00:26:42.871+0000] {processor.py:840} INFO - DAG(s) 'example_dag_decorator' retrieved from /home/airflow/.local/lib/python3.12/site-packages/airflow/example_dags/example_dag_decorator.py
[2026-05-01T00:26:42.908+0000] {logging_mixin.py:188} INFO - [2026-05-01T00:26:42.908+0000] {dag.py:3089} INFO - Sync 1 DAGs
[2026-05-01T00:26:42.912+0000] {logging_mixin.py:188} INFO - [2026-05-01T00:26:42.912+0000] {dag.py:3947} INFO - Setting next_dagrun for example_dag_decorator to None, run_after=None
[2026-05-01T00:26:42.917+0000] {processor.py:183} INFO - Processing /home/airflow/.local/lib/python3.12/site-packages/airflow/example_dags/example_dag_decorator.py took 0.117 seconds
[2026-05-01T00:27:13.621+0000] {processor.py:161} INFO - Started process (PID=58142) to work on /home/airflow/.local/lib/python3.12/site-packages/airflow/example_dags/example_dag_decorator.py
[2026-05-01T00:27:13.623+0000] {processor.py:830} INFO - Processing file /home/airflow/.local/lib/python3.12/site-packages/airflow/example_dags/example_dag_decorator.py for tasks to queue
[2026-05-01T00:27:13.625+0000] {logging_mixin.py:188} INFO - [2026-05-01T00:27:13.625+0000] {dagbag.py:545} INFO - Filling up the DagBag from /home/airflow/.local/lib/python3.12/site-packages/airflow/example_dags/example_dag_decorator.py
[2026-05-01T00:27:13.682+0000] {processor.py:840} INFO - DAG(s) 'example_dag_decorator' retrieved from /home/airflow/.local/lib/python3.12/site-packages/airflow/example_dags/example_dag_decorator.py
[2026-05-01T00:27:13.717+0000] {logging_mixin.py:188} INFO - [2026-05-01T00:27:13.717+0000] {dag.py:3089} INFO - Sync 1 DAGs
[2026-05-01T00:27:13.720+0000] {logging_mixin.py:188} INFO - [2026-05-01T00:27:13.720+0000] {dag.py:3947} INFO - Setting next_dagrun for example_dag_decorator to None, run_after=None
[2026-05-01T00:27:13.725+0000] {processor.py:183} INFO - Processing /home/airflow/.local/lib/python3.12/site-packages/airflow/example_dags/example_dag_decorator.py took 0.113 seconds
[2026-05-01T00:27:44.362+0000] {processor.py:161} INFO - Started process (PID=58202) to work on /home/airflow/.local/lib/python3.12/site-packages/airflow/example_dags/example_dag_decorator.py
[2026-05-01T00:27:44.363+0000] {processor.py:830} INFO - Processing file /home/airflow/.local/lib/python3.12/site-packages/airflow/example_dags/example_dag_decorator.py for tasks to queue
[2026-05-01T00:27:44.366+0000] {logging_mixin.py:188} INFO - [2026-05-01T00:27:44.365+0000] {dagbag.py:545} INFO - Filling up the DagBag from /home/airflow/.local/lib/python3.12/site-packages/airflow/example_dags/example_dag_decorator.py
[2026-05-01T00:27:44.417+0000] {processor.py:840} INFO - DAG(s) 'example_dag_decorator' retrieved from /home/airflow/.local/lib/python3.12/site-packages/airflow/example_dags/example_dag_decorator.py
[2026-05-01T00:27:44.452+0000] {logging_mixin.py:188} INFO - [2026-05-01T00:27:44.452+0000] {dag.py:3089} INFO - Sync 1 DAGs
[2026-05-01T00:27:44.456+0000] {logging_mixin.py:188} INFO - [2026-05-01T00:27:44.455+0000] {dag.py:3947} INFO - Setting next_dagrun for example_dag_decorator to None, run_after=None
[2026-05-01T00:27:44.461+0000] {processor.py:183} INFO - Processing /home/airflow/.local/lib/python3.12/site-packages/airflow/example_dags/example_dag_decorator.py took 0.107 seconds
[2026-05-01T00:28:15.166+0000] {processor.py:161} INFO - Started process (PID=58261) to work on /home/airflow/.local/lib/python3.12/site-packages/airflow/example_dags/example_dag_decorator.py
[2026-05-01T00:28:15.169+0000] {processor.py:830} INFO - Processing file /home/airflow/.local/lib/python3.12/site-packages/airflow/example_dags/example_dag_decorator.py for tasks to queue
[2026-05-01T00:28:15.170+0000] {logging_mixin.py:188} INFO - [2026-05-01T00:28:15.170+0000] {dagbag.py:545} INFO - Filling up the DagBag from /home/airflow/.local/lib/python3.12/site-packages/airflow/example_dags/example_dag_decorator.py
[2026-05-01T00:28:15.230+0000] {processor.py:840} INFO - DAG(s) 'example_dag_decorator' retrieved from /home/airflow/.local/lib/python3.12/site-packages/airflow/example_dags/example_dag_decorator.py
[2026-05-01T00:28:15.268+0000] {logging_mixin.py:188} INFO - [2026-05-01T00:28:15.268+0000] {dag.py:3089} INFO - Sync 1 DAGs
[2026-05-01T00:28:15.271+0000] {logging_mixin.py:188} INFO - [2026-05-01T00:28:15.271+0000] {dag.py:3947} INFO - Setting next_dagrun for example_dag_decorator to None, run_after=None
[2026-05-01T00:28:15.276+0000] {processor.py:183} INFO - Processing /home/airflow/.local/lib/python3.12/site-packages/airflow/example_dags/example_dag_decorator.py took 0.118 seconds
[2026-05-01T00:28:45.988+0000] {processor.py:161} INFO - Started process (PID=58321) to work on /home/airflow/.local/lib/python3.12/site-packages/airflow/example_dags/example_dag_decorator.py
[2026-05-01T00:28:45.990+0000] {processor.py:830} INFO - Processing file /home/airflow/.local/lib/python3.12/site-packages/airflow/example_dags/example_dag_decorator.py for tasks to queue
[2026-05-01T00:28:45.993+0000] {logging_mixin.py:188} INFO - [2026-05-01T00:28:45.993+0000] {dagbag.py:545} INFO - Filling up the DagBag from /home/airflow/.local/lib/python3.12/site-packages/airflow/example_dags/example_dag_decorator.py
[2026-05-01T00:28:46.047+0000] {processor.py:840} INFO - DAG(s) 'example_dag_decorator' retrieved from /home/airflow/.local/lib/python3.12/site-packages/airflow/example_dags/example_dag_decorator.py
[2026-05-01T00:28:46.082+0000] {logging_mixin.py:188} INFO - [2026-05-01T00:28:46.082+0000] {dag.py:3089} INFO - Sync 1 DAGs
[2026-05-01T00:28:46.085+0000] {logging_mixin.py:188} INFO - [2026-05-01T00:28:46.085+0000] {dag.py:3947} INFO - Setting next_dagrun for example_dag_decorator to None, run_after=None
[2026-05-01T00:28:46.091+0000] {processor.py:183} INFO - Processing /home/airflow/.local/lib/python3.12/site-packages/airflow/example_dags/example_dag_decorator.py took 0.110 seconds
[2026-05-01T00:29:16.937+0000] {processor.py:161} INFO - Started process (PID=58381) to work on /home/airflow/.local/lib/python3.12/site-packages/airflow/example_dags/example_dag_decorator.py
[2026-05-01T00:29:16.940+0000] {processor.py:830} INFO - Processing file /home/airflow/.local/lib/python3.12/site-packages/airflow/example_dags/example_dag_decorator.py for tasks to queue
[2026-05-01T00:29:16.942+0000] {logging_mixin.py:188} INFO - [2026-05-01T00:29:16.941+0000] {dagbag.py:545} INFO - Filling up the DagBag from /home/airflow/.local/lib/python3.12/site-packages/airflow/example_dags/example_dag_decorator.py
[2026-05-01T00:29:17.037+0000] {processor.py:840} INFO - DAG(s) 'example_dag_decorator' retrieved from /home/airflow/.local/lib/python3.12/site-packages/airflow/example_dags/example_dag_decorator.py
[2026-05-01T00:29:17.099+0000] {logging_mixin.py:188} INFO - [2026-05-01T00:29:17.099+0000] {dag.py:3089} INFO - Sync 1 DAGs
[2026-05-01T00:29:17.103+0000] {logging_mixin.py:188} INFO - [2026-05-01T00:29:17.103+0000] {dag.py:3947} INFO - Setting next_dagrun for example_dag_decorator to None, run_after=None
[2026-05-01T00:29:17.110+0000] {processor.py:183} INFO - Processing /home/airflow/.local/lib/python3.12/site-packages/airflow/example_dags/example_dag_decorator.py took 0.182 seconds
[2026-05-01T00:29:48.021+0000] {processor.py:161} INFO - Started process (PID=58441) to work on /home/airflow/.local/lib/python3.12/site-packages/airflow/example_dags/example_dag_decorator.py
[2026-05-01T00:29:48.024+0000] {processor.py:830} INFO - Processing file /home/airflow/.local/lib/python3.12/site-packages/airflow/example_dags/example_dag_decorator.py for tasks to queue
[2026-05-01T00:29:48.026+0000] {logging_mixin.py:188} INFO - [2026-05-01T00:29:48.026+0000] {dagbag.py:545} INFO - Filling up the DagBag from /home/airflow/.local/lib/python3.12/site-packages/airflow/example_dags/example_dag_decorator.py
[2026-05-01T00:29:48.097+0000] {processor.py:840} INFO - DAG(s) 'example_dag_decorator' retrieved from /home/airflow/.local/lib/python3.12/site-packages/airflow/example_dags/example_dag_decorator.py
[2026-05-01T00:29:48.148+0000] {logging_mixin.py:188} INFO - [2026-05-01T00:29:48.148+0000] {dag.py:3089} INFO - Sync 1 DAGs
[2026-05-01T00:29:48.152+0000] {logging_mixin.py:188} INFO - [2026-05-01T00:29:48.152+0000] {dag.py:3947} INFO - Setting next_dagrun for example_dag_decorator to None, run_after=None
[2026-05-01T00:29:48.158+0000] {processor.py:183} INFO - Processing /home/airflow/.local/lib/python3.12/site-packages/airflow/example_dags/example_dag_decorator.py took 0.145 seconds
