[2026-05-01T00:00:04.846+0000] {processor.py:161} INFO - Started process (PID=54941) to work on /home/airflow/.local/lib/python3.12/site-packages/airflow/example_dags/example_params_trigger_ui.py
[2026-05-01T00:00:04.848+0000] {processor.py:830} INFO - Processing file /home/airflow/.local/lib/python3.12/site-packages/airflow/example_dags/example_params_trigger_ui.py for tasks to queue
[2026-05-01T00:00:04.851+0000] {logging_mixin.py:188} INFO - [2026-05-01T00:00:04.851+0000] {dagbag.py:545} INFO - Filling up the DagBag from /home/airflow/.local/lib/python3.12/site-packages/airflow/example_dags/example_params_trigger_ui.py
[2026-05-01T00:00:04.856+0000] {processor.py:840} INFO - DAG(s) 'example_params_trigger_ui' retrieved from /home/airflow/.local/lib/python3.12/site-packages/airflow/example_dags/example_params_trigger_ui.py
[2026-05-01T00:00:04.876+0000] {logging_mixin.py:188} INFO - [2026-05-01T00:00:04.876+0000] {dag.py:3089} INFO - Sync 1 DAGs
[2026-05-01T00:00:04.881+0000] {logging_mixin.py:188} INFO - [2026-05-01T00:00:04.881+0000] {dag.py:3947} INFO - Setting next_dagrun for example_params_trigger_ui to None, run_after=None
[2026-05-01T00:00:04.891+0000] {processor.py:183} INFO - Processing /home/airflow/.local/lib/python3.12/site-packages/airflow/example_dags/example_params_trigger_ui.py took 0.049 seconds
[2026-05-01T00:00:35.631+0000] {processor.py:161} INFO - Started process (PID=55001) to work on /home/airflow/.local/lib/python3.12/site-packages/airflow/example_dags/example_params_trigger_ui.py
[2026-05-01T00:00:35.634+0000] {processor.py:830} INFO - Processing file /home/airflow/.local/lib/python3.12/site-packages/airflow/example_dags/example_params_trigger_ui.py for tasks to queue
[2026-05-01T00:00:35.635+0000] {logging_mixin.py:188} INFO - [2026-05-01T00:00:35.635+0000] {dagbag.py:545} INFO - Filling up the DagBag from /home/airflow/.local/lib/python3.12/site-packages/airflow/example_dags/example_params_trigger_ui.py
[2026-05-01T00:00:35.642+0000] {processor.py:840} INFO - DAG(s) 'example_params_trigger_ui' retrieved from /home/airflow/.local/lib/python3.12/site-packages/airflow/example_dags/example_params_trigger_ui.py
[2026-05-01T00:00:35.664+0000] {logging_mixin.py:188} INFO - [2026-05-01T00:00:35.664+0000] {dag.py:3089} INFO - Sync 1 DAGs
[2026-05-01T00:00:35.670+0000] {logging_mixin.py:188} INFO - [2026-05-01T00:00:35.670+0000] {dag.py:3947} INFO - Setting next_dagrun for example_params_trigger_ui to None, run_after=None
[2026-05-01T00:00:35.679+0000] {processor.py:183} INFO - Processing /home/airflow/.local/lib/python3.12/site-packages/airflow/example_dags/example_params_trigger_ui.py took 0.055 seconds
[2026-05-01T00:01:06.362+0000] {processor.py:161} INFO - Started process (PID=55061) to work on /home/airflow/.local/lib/python3.12/site-packages/airflow/example_dags/example_params_trigger_ui.py
[2026-05-01T00:01:06.363+0000] {processor.py:830} INFO - Processing file /home/airflow/.local/lib/python3.12/site-packages/airflow/example_dags/example_params_trigger_ui.py for tasks to queue
[2026-05-01T00:01:06.365+0000] {logging_mixin.py:188} INFO - [2026-05-01T00:01:06.365+0000] {dagbag.py:545} INFO - Filling up the DagBag from /home/airflow/.local/lib/python3.12/site-packages/airflow/example_dags/example_params_trigger_ui.py
[2026-05-01T00:01:06.369+0000] {processor.py:840} INFO - DAG(s) 'example_params_trigger_ui' retrieved from /home/airflow/.local/lib/python3.12/site-packages/airflow/example_dags/example_params_trigger_ui.py
[2026-05-01T00:01:06.387+0000] {logging_mixin.py:188} INFO - [2026-05-01T00:01:06.387+0000] {dag.py:3089} INFO - Sync 1 DAGs
[2026-05-01T00:01:06.391+0000] {logging_mixin.py:188} INFO - [2026-05-01T00:01:06.391+0000] {dag.py:3947} INFO - Setting next_dagrun for example_params_trigger_ui to None, run_after=None
[2026-05-01T00:01:06.401+0000] {processor.py:183} INFO - Processing /home/airflow/.local/lib/python3.12/site-packages/airflow/example_dags/example_params_trigger_ui.py took 0.042 seconds
[2026-05-01T00:01:37.142+0000] {processor.py:161} INFO - Started process (PID=55121) to work on /home/airflow/.local/lib/python3.12/site-packages/airflow/example_dags/example_params_trigger_ui.py
[2026-05-01T00:01:37.145+0000] {processor.py:830} INFO - Processing file /home/airflow/.local/lib/python3.12/site-packages/airflow/example_dags/example_params_trigger_ui.py for tasks to queue
[2026-05-01T00:01:37.148+0000] {logging_mixin.py:188} INFO - [2026-05-01T00:01:37.147+0000] {dagbag.py:545} INFO - Filling up the DagBag from /home/airflow/.local/lib/python3.12/site-packages/airflow/example_dags/example_params_trigger_ui.py
[2026-05-01T00:01:37.156+0000] {processor.py:840} INFO - DAG(s) 'example_params_trigger_ui' retrieved from /home/airflow/.local/lib/python3.12/site-packages/airflow/example_dags/example_params_trigger_ui.py
[2026-05-01T00:01:37.179+0000] {logging_mixin.py:188} INFO - [2026-05-01T00:01:37.179+0000] {dag.py:3089} INFO - Sync 1 DAGs
[2026-05-01T00:01:37.186+0000] {logging_mixin.py:188} INFO - [2026-05-01T00:01:37.186+0000] {dag.py:3947} INFO - Setting next_dagrun for example_params_trigger_ui to None, run_after=None
[2026-05-01T00:01:37.193+0000] {processor.py:183} INFO - Processing /home/airflow/.local/lib/python3.12/site-packages/airflow/example_dags/example_params_trigger_ui.py took 0.056 seconds
[2026-05-01T00:02:07.556+0000] {processor.py:161} INFO - Started process (PID=55181) to work on /home/airflow/.local/lib/python3.12/site-packages/airflow/example_dags/example_params_trigger_ui.py
[2026-05-01T00:02:07.558+0000] {processor.py:830} INFO - Processing file /home/airflow/.local/lib/python3.12/site-packages/airflow/example_dags/example_params_trigger_ui.py for tasks to queue
[2026-05-01T00:02:07.560+0000] {logging_mixin.py:188} INFO - [2026-05-01T00:02:07.560+0000] {dagbag.py:545} INFO - Filling up the DagBag from /home/airflow/.local/lib/python3.12/site-packages/airflow/example_dags/example_params_trigger_ui.py
[2026-05-01T00:02:07.568+0000] {processor.py:840} INFO - DAG(s) 'example_params_trigger_ui' retrieved from /home/airflow/.local/lib/python3.12/site-packages/airflow/example_dags/example_params_trigger_ui.py
[2026-05-01T00:02:07.593+0000] {logging_mixin.py:188} INFO - [2026-05-01T00:02:07.593+0000] {dag.py:3089} INFO - Sync 1 DAGs
[2026-05-01T00:02:07.691+0000] {logging_mixin.py:188} INFO - [2026-05-01T00:02:07.690+0000] {dag.py:3947} INFO - Setting next_dagrun for example_params_trigger_ui to None, run_after=None
[2026-05-01T00:02:07.707+0000] {processor.py:183} INFO - Processing /home/airflow/.local/lib/python3.12/site-packages/airflow/example_dags/example_params_trigger_ui.py took 0.157 seconds
[2026-05-01T00:02:38.410+0000] {processor.py:161} INFO - Started process (PID=55241) to work on /home/airflow/.local/lib/python3.12/site-packages/airflow/example_dags/example_params_trigger_ui.py
[2026-05-01T00:02:38.412+0000] {processor.py:830} INFO - Processing file /home/airflow/.local/lib/python3.12/site-packages/airflow/example_dags/example_params_trigger_ui.py for tasks to queue
[2026-05-01T00:02:38.415+0000] {logging_mixin.py:188} INFO - [2026-05-01T00:02:38.415+0000] {dagbag.py:545} INFO - Filling up the DagBag from /home/airflow/.local/lib/python3.12/site-packages/airflow/example_dags/example_params_trigger_ui.py
[2026-05-01T00:02:38.423+0000] {processor.py:840} INFO - DAG(s) 'example_params_trigger_ui' retrieved from /home/airflow/.local/lib/python3.12/site-packages/airflow/example_dags/example_params_trigger_ui.py
[2026-05-01T00:02:38.442+0000] {logging_mixin.py:188} INFO - [2026-05-01T00:02:38.442+0000] {dag.py:3089} INFO - Sync 1 DAGs
[2026-05-01T00:02:38.448+0000] {logging_mixin.py:188} INFO - [2026-05-01T00:02:38.448+0000] {dag.py:3947} INFO - Setting next_dagrun for example_params_trigger_ui to None, run_after=None
[2026-05-01T00:02:38.457+0000] {processor.py:183} INFO - Processing /home/airflow/.local/lib/python3.12/site-packages/airflow/example_dags/example_params_trigger_ui.py took 0.051 seconds
[2026-05-01T00:03:09.203+0000] {processor.py:161} INFO - Started process (PID=55301) to work on /home/airflow/.local/lib/python3.12/site-packages/airflow/example_dags/example_params_trigger_ui.py
[2026-05-01T00:03:09.205+0000] {processor.py:830} INFO - Processing file /home/airflow/.local/lib/python3.12/site-packages/airflow/example_dags/example_params_trigger_ui.py for tasks to queue
[2026-05-01T00:03:09.208+0000] {logging_mixin.py:188} INFO - [2026-05-01T00:03:09.207+0000] {dagbag.py:545} INFO - Filling up the DagBag from /home/airflow/.local/lib/python3.12/site-packages/airflow/example_dags/example_params_trigger_ui.py
[2026-05-01T00:03:09.213+0000] {processor.py:840} INFO - DAG(s) 'example_params_trigger_ui' retrieved from /home/airflow/.local/lib/python3.12/site-packages/airflow/example_dags/example_params_trigger_ui.py
[2026-05-01T00:03:09.233+0000] {logging_mixin.py:188} INFO - [2026-05-01T00:03:09.232+0000] {dag.py:3089} INFO - Sync 1 DAGs
[2026-05-01T00:03:09.239+0000] {logging_mixin.py:188} INFO - [2026-05-01T00:03:09.239+0000] {dag.py:3947} INFO - Setting next_dagrun for example_params_trigger_ui to None, run_after=None
[2026-05-01T00:03:09.248+0000] {processor.py:183} INFO - Processing /home/airflow/.local/lib/python3.12/site-packages/airflow/example_dags/example_params_trigger_ui.py took 0.050 seconds
[2026-05-01T00:03:39.832+0000] {processor.py:161} INFO - Started process (PID=55361) to work on /home/airflow/.local/lib/python3.12/site-packages/airflow/example_dags/example_params_trigger_ui.py
[2026-05-01T00:03:39.834+0000] {processor.py:830} INFO - Processing file /home/airflow/.local/lib/python3.12/site-packages/airflow/example_dags/example_params_trigger_ui.py for tasks to queue
[2026-05-01T00:03:39.835+0000] {logging_mixin.py:188} INFO - [2026-05-01T00:03:39.834+0000] {dagbag.py:545} INFO - Filling up the DagBag from /home/airflow/.local/lib/python3.12/site-packages/airflow/example_dags/example_params_trigger_ui.py
[2026-05-01T00:03:39.844+0000] {processor.py:840} INFO - DAG(s) 'example_params_trigger_ui' retrieved from /home/airflow/.local/lib/python3.12/site-packages/airflow/example_dags/example_params_trigger_ui.py
[2026-05-01T00:03:39.865+0000] {logging_mixin.py:188} INFO - [2026-05-01T00:03:39.864+0000] {dag.py:3089} INFO - Sync 1 DAGs
[2026-05-01T00:03:39.873+0000] {logging_mixin.py:188} INFO - [2026-05-01T00:03:39.872+0000] {dag.py:3947} INFO - Setting next_dagrun for example_params_trigger_ui to None, run_after=None
[2026-05-01T00:03:39.878+0000] {processor.py:183} INFO - Processing /home/airflow/.local/lib/python3.12/site-packages/airflow/example_dags/example_params_trigger_ui.py took 0.052 seconds
[2026-05-01T00:04:10.569+0000] {processor.py:161} INFO - Started process (PID=55421) to work on /home/airflow/.local/lib/python3.12/site-packages/airflow/example_dags/example_params_trigger_ui.py
[2026-05-01T00:04:10.572+0000] {processor.py:830} INFO - Processing file /home/airflow/.local/lib/python3.12/site-packages/airflow/example_dags/example_params_trigger_ui.py for tasks to queue
[2026-05-01T00:04:10.577+0000] {logging_mixin.py:188} INFO - [2026-05-01T00:04:10.576+0000] {dagbag.py:545} INFO - Filling up the DagBag from /home/airflow/.local/lib/python3.12/site-packages/airflow/example_dags/example_params_trigger_ui.py
[2026-05-01T00:04:10.582+0000] {processor.py:840} INFO - DAG(s) 'example_params_trigger_ui' retrieved from /home/airflow/.local/lib/python3.12/site-packages/airflow/example_dags/example_params_trigger_ui.py
[2026-05-01T00:04:10.603+0000] {logging_mixin.py:188} INFO - [2026-05-01T00:04:10.603+0000] {dag.py:3089} INFO - Sync 1 DAGs
[2026-05-01T00:04:10.610+0000] {logging_mixin.py:188} INFO - [2026-05-01T00:04:10.609+0000] {dag.py:3947} INFO - Setting next_dagrun for example_params_trigger_ui to None, run_after=None
[2026-05-01T00:04:10.617+0000] {processor.py:183} INFO - Processing /home/airflow/.local/lib/python3.12/site-packages/airflow/example_dags/example_params_trigger_ui.py took 0.053 seconds
[2026-05-01T00:04:41.296+0000] {processor.py:161} INFO - Started process (PID=55481) to work on /home/airflow/.local/lib/python3.12/site-packages/airflow/example_dags/example_params_trigger_ui.py
[2026-05-01T00:04:41.297+0000] {processor.py:830} INFO - Processing file /home/airflow/.local/lib/python3.12/site-packages/airflow/example_dags/example_params_trigger_ui.py for tasks to queue
[2026-05-01T00:04:41.300+0000] {logging_mixin.py:188} INFO - [2026-05-01T00:04:41.300+0000] {dagbag.py:545} INFO - Filling up the DagBag from /home/airflow/.local/lib/python3.12/site-packages/airflow/example_dags/example_params_trigger_ui.py
[2026-05-01T00:04:41.308+0000] {processor.py:840} INFO - DAG(s) 'example_params_trigger_ui' retrieved from /home/airflow/.local/lib/python3.12/site-packages/airflow/example_dags/example_params_trigger_ui.py
[2026-05-01T00:04:41.327+0000] {logging_mixin.py:188} INFO - [2026-05-01T00:04:41.327+0000] {dag.py:3089} INFO - Sync 1 DAGs
[2026-05-01T00:04:41.333+0000] {logging_mixin.py:188} INFO - [2026-05-01T00:04:41.333+0000] {dag.py:3947} INFO - Setting next_dagrun for example_params_trigger_ui to None, run_after=None
[2026-05-01T00:04:41.342+0000] {processor.py:183} INFO - Processing /home/airflow/.local/lib/python3.12/site-packages/airflow/example_dags/example_params_trigger_ui.py took 0.052 seconds
[2026-05-01T00:05:12.101+0000] {processor.py:161} INFO - Started process (PID=55542) to work on /home/airflow/.local/lib/python3.12/site-packages/airflow/example_dags/example_params_trigger_ui.py
[2026-05-01T00:05:12.103+0000] {processor.py:830} INFO - Processing file /home/airflow/.local/lib/python3.12/site-packages/airflow/example_dags/example_params_trigger_ui.py for tasks to queue
[2026-05-01T00:05:12.104+0000] {logging_mixin.py:188} INFO - [2026-05-01T00:05:12.104+0000] {dagbag.py:545} INFO - Filling up the DagBag from /home/airflow/.local/lib/python3.12/site-packages/airflow/example_dags/example_params_trigger_ui.py
[2026-05-01T00:05:12.111+0000] {processor.py:840} INFO - DAG(s) 'example_params_trigger_ui' retrieved from /home/airflow/.local/lib/python3.12/site-packages/airflow/example_dags/example_params_trigger_ui.py
[2026-05-01T00:05:12.133+0000] {logging_mixin.py:188} INFO - [2026-05-01T00:05:12.133+0000] {dag.py:3089} INFO - Sync 1 DAGs
[2026-05-01T00:05:12.139+0000] {logging_mixin.py:188} INFO - [2026-05-01T00:05:12.139+0000] {dag.py:3947} INFO - Setting next_dagrun for example_params_trigger_ui to None, run_after=None
[2026-05-01T00:05:12.147+0000] {processor.py:183} INFO - Processing /home/airflow/.local/lib/python3.12/site-packages/airflow/example_dags/example_params_trigger_ui.py took 0.051 seconds
[2026-05-01T00:05:42.839+0000] {processor.py:161} INFO - Started process (PID=55602) to work on /home/airflow/.local/lib/python3.12/site-packages/airflow/example_dags/example_params_trigger_ui.py
[2026-05-01T00:05:42.840+0000] {processor.py:830} INFO - Processing file /home/airflow/.local/lib/python3.12/site-packages/airflow/example_dags/example_params_trigger_ui.py for tasks to queue
[2026-05-01T00:05:42.843+0000] {logging_mixin.py:188} INFO - [2026-05-01T00:05:42.842+0000] {dagbag.py:545} INFO - Filling up the DagBag from /home/airflow/.local/lib/python3.12/site-packages/airflow/example_dags/example_params_trigger_ui.py
[2026-05-01T00:05:42.850+0000] {processor.py:840} INFO - DAG(s) 'example_params_trigger_ui' retrieved from /home/airflow/.local/lib/python3.12/site-packages/airflow/example_dags/example_params_trigger_ui.py
[2026-05-01T00:05:42.873+0000] {logging_mixin.py:188} INFO - [2026-05-01T00:05:42.873+0000] {dag.py:3089} INFO - Sync 1 DAGs
[2026-05-01T00:05:42.877+0000] {logging_mixin.py:188} INFO - [2026-05-01T00:05:42.877+0000] {dag.py:3947} INFO - Setting next_dagrun for example_params_trigger_ui to None, run_after=None
[2026-05-01T00:05:42.887+0000] {processor.py:183} INFO - Processing /home/airflow/.local/lib/python3.12/site-packages/airflow/example_dags/example_params_trigger_ui.py took 0.052 seconds
[2026-05-01T00:06:13.643+0000] {processor.py:161} INFO - Started process (PID=55662) to work on /home/airflow/.local/lib/python3.12/site-packages/airflow/example_dags/example_params_trigger_ui.py
[2026-05-01T00:06:13.645+0000] {processor.py:830} INFO - Processing file /home/airflow/.local/lib/python3.12/site-packages/airflow/example_dags/example_params_trigger_ui.py for tasks to queue
[2026-05-01T00:06:13.647+0000] {logging_mixin.py:188} INFO - [2026-05-01T00:06:13.647+0000] {dagbag.py:545} INFO - Filling up the DagBag from /home/airflow/.local/lib/python3.12/site-packages/airflow/example_dags/example_params_trigger_ui.py
[2026-05-01T00:06:13.653+0000] {processor.py:840} INFO - DAG(s) 'example_params_trigger_ui' retrieved from /home/airflow/.local/lib/python3.12/site-packages/airflow/example_dags/example_params_trigger_ui.py
[2026-05-01T00:06:13.674+0000] {logging_mixin.py:188} INFO - [2026-05-01T00:06:13.674+0000] {dag.py:3089} INFO - Sync 1 DAGs
[2026-05-01T00:06:13.679+0000] {logging_mixin.py:188} INFO - [2026-05-01T00:06:13.679+0000] {dag.py:3947} INFO - Setting next_dagrun for example_params_trigger_ui to None, run_after=None
[2026-05-01T00:06:13.687+0000] {processor.py:183} INFO - Processing /home/airflow/.local/lib/python3.12/site-packages/airflow/example_dags/example_params_trigger_ui.py took 0.050 seconds
[2026-05-01T00:06:44.405+0000] {processor.py:161} INFO - Started process (PID=55722) to work on /home/airflow/.local/lib/python3.12/site-packages/airflow/example_dags/example_params_trigger_ui.py
[2026-05-01T00:06:44.408+0000] {processor.py:830} INFO - Processing file /home/airflow/.local/lib/python3.12/site-packages/airflow/example_dags/example_params_trigger_ui.py for tasks to queue
[2026-05-01T00:06:44.410+0000] {logging_mixin.py:188} INFO - [2026-05-01T00:06:44.410+0000] {dagbag.py:545} INFO - Filling up the DagBag from /home/airflow/.local/lib/python3.12/site-packages/airflow/example_dags/example_params_trigger_ui.py
[2026-05-01T00:06:44.414+0000] {processor.py:840} INFO - DAG(s) 'example_params_trigger_ui' retrieved from /home/airflow/.local/lib/python3.12/site-packages/airflow/example_dags/example_params_trigger_ui.py
[2026-05-01T00:06:44.430+0000] {logging_mixin.py:188} INFO - [2026-05-01T00:06:44.430+0000] {dag.py:3089} INFO - Sync 1 DAGs
[2026-05-01T00:06:44.435+0000] {logging_mixin.py:188} INFO - [2026-05-01T00:06:44.435+0000] {dag.py:3947} INFO - Setting next_dagrun for example_params_trigger_ui to None, run_after=None
[2026-05-01T00:06:44.444+0000] {processor.py:183} INFO - Processing /home/airflow/.local/lib/python3.12/site-packages/airflow/example_dags/example_params_trigger_ui.py took 0.041 seconds
[2026-05-01T00:07:14.538+0000] {processor.py:161} INFO - Started process (PID=55782) to work on /home/airflow/.local/lib/python3.12/site-packages/airflow/example_dags/example_params_trigger_ui.py
[2026-05-01T00:07:14.539+0000] {processor.py:830} INFO - Processing file /home/airflow/.local/lib/python3.12/site-packages/airflow/example_dags/example_params_trigger_ui.py for tasks to queue
[2026-05-01T00:07:14.540+0000] {logging_mixin.py:188} INFO - [2026-05-01T00:07:14.540+0000] {dagbag.py:545} INFO - Filling up the DagBag from /home/airflow/.local/lib/python3.12/site-packages/airflow/example_dags/example_params_trigger_ui.py
[2026-05-01T00:07:14.547+0000] {processor.py:840} INFO - DAG(s) 'example_params_trigger_ui' retrieved from /home/airflow/.local/lib/python3.12/site-packages/airflow/example_dags/example_params_trigger_ui.py
[2026-05-01T00:07:14.566+0000] {logging_mixin.py:188} INFO - [2026-05-01T00:07:14.566+0000] {dag.py:3089} INFO - Sync 1 DAGs
[2026-05-01T00:07:14.574+0000] {logging_mixin.py:188} INFO - [2026-05-01T00:07:14.573+0000] {dag.py:3947} INFO - Setting next_dagrun for example_params_trigger_ui to None, run_after=None
[2026-05-01T00:07:14.580+0000] {processor.py:183} INFO - Processing /home/airflow/.local/lib/python3.12/site-packages/airflow/example_dags/example_params_trigger_ui.py took 0.047 seconds
[2026-05-01T00:07:45.185+0000] {processor.py:161} INFO - Started process (PID=55842) to work on /home/airflow/.local/lib/python3.12/site-packages/airflow/example_dags/example_params_trigger_ui.py
[2026-05-01T00:07:45.186+0000] {processor.py:830} INFO - Processing file /home/airflow/.local/lib/python3.12/site-packages/airflow/example_dags/example_params_trigger_ui.py for tasks to queue
[2026-05-01T00:07:45.188+0000] {logging_mixin.py:188} INFO - [2026-05-01T00:07:45.188+0000] {dagbag.py:545} INFO - Filling up the DagBag from /home/airflow/.local/lib/python3.12/site-packages/airflow/example_dags/example_params_trigger_ui.py
[2026-05-01T00:07:45.194+0000] {processor.py:840} INFO - DAG(s) 'example_params_trigger_ui' retrieved from /home/airflow/.local/lib/python3.12/site-packages/airflow/example_dags/example_params_trigger_ui.py
[2026-05-01T00:07:45.220+0000] {logging_mixin.py:188} INFO - [2026-05-01T00:07:45.220+0000] {dag.py:3089} INFO - Sync 1 DAGs
[2026-05-01T00:07:45.226+0000] {logging_mixin.py:188} INFO - [2026-05-01T00:07:45.226+0000] {dag.py:3947} INFO - Setting next_dagrun for example_params_trigger_ui to None, run_after=None
[2026-05-01T00:07:45.237+0000] {processor.py:183} INFO - Processing /home/airflow/.local/lib/python3.12/site-packages/airflow/example_dags/example_params_trigger_ui.py took 0.058 seconds
[2026-05-01T00:08:15.535+0000] {processor.py:161} INFO - Started process (PID=55902) to work on /home/airflow/.local/lib/python3.12/site-packages/airflow/example_dags/example_params_trigger_ui.py
[2026-05-01T00:08:15.536+0000] {processor.py:830} INFO - Processing file /home/airflow/.local/lib/python3.12/site-packages/airflow/example_dags/example_params_trigger_ui.py for tasks to queue
[2026-05-01T00:08:15.540+0000] {logging_mixin.py:188} INFO - [2026-05-01T00:08:15.540+0000] {dagbag.py:545} INFO - Filling up the DagBag from /home/airflow/.local/lib/python3.12/site-packages/airflow/example_dags/example_params_trigger_ui.py
[2026-05-01T00:08:15.547+0000] {processor.py:840} INFO - DAG(s) 'example_params_trigger_ui' retrieved from /home/airflow/.local/lib/python3.12/site-packages/airflow/example_dags/example_params_trigger_ui.py
[2026-05-01T00:08:15.571+0000] {logging_mixin.py:188} INFO - [2026-05-01T00:08:15.571+0000] {dag.py:3089} INFO - Sync 1 DAGs
[2026-05-01T00:08:15.643+0000] {logging_mixin.py:188} INFO - [2026-05-01T00:08:15.643+0000] {dag.py:3947} INFO - Setting next_dagrun for example_params_trigger_ui to None, run_after=None
[2026-05-01T00:08:15.652+0000] {processor.py:183} INFO - Processing /home/airflow/.local/lib/python3.12/site-packages/airflow/example_dags/example_params_trigger_ui.py took 0.122 seconds
[2026-05-01T00:08:46.246+0000] {processor.py:161} INFO - Started process (PID=55963) to work on /home/airflow/.local/lib/python3.12/site-packages/airflow/example_dags/example_params_trigger_ui.py
[2026-05-01T00:08:46.249+0000] {processor.py:830} INFO - Processing file /home/airflow/.local/lib/python3.12/site-packages/airflow/example_dags/example_params_trigger_ui.py for tasks to queue
[2026-05-01T00:08:46.251+0000] {logging_mixin.py:188} INFO - [2026-05-01T00:08:46.251+0000] {dagbag.py:545} INFO - Filling up the DagBag from /home/airflow/.local/lib/python3.12/site-packages/airflow/example_dags/example_params_trigger_ui.py
[2026-05-01T00:08:46.259+0000] {processor.py:840} INFO - DAG(s) 'example_params_trigger_ui' retrieved from /home/airflow/.local/lib/python3.12/site-packages/airflow/example_dags/example_params_trigger_ui.py
[2026-05-01T00:08:46.284+0000] {logging_mixin.py:188} INFO - [2026-05-01T00:08:46.284+0000] {dag.py:3089} INFO - Sync 1 DAGs
[2026-05-01T00:08:46.379+0000] {logging_mixin.py:188} INFO - [2026-05-01T00:08:46.378+0000] {dag.py:3947} INFO - Setting next_dagrun for example_params_trigger_ui to None, run_after=None
[2026-05-01T00:08:46.387+0000] {processor.py:183} INFO - Processing /home/airflow/.local/lib/python3.12/site-packages/airflow/example_dags/example_params_trigger_ui.py took 0.149 seconds
[2026-05-01T00:09:16.934+0000] {processor.py:161} INFO - Started process (PID=56023) to work on /home/airflow/.local/lib/python3.12/site-packages/airflow/example_dags/example_params_trigger_ui.py
[2026-05-01T00:09:16.935+0000] {processor.py:830} INFO - Processing file /home/airflow/.local/lib/python3.12/site-packages/airflow/example_dags/example_params_trigger_ui.py for tasks to queue
[2026-05-01T00:09:16.937+0000] {logging_mixin.py:188} INFO - [2026-05-01T00:09:16.937+0000] {dagbag.py:545} INFO - Filling up the DagBag from /home/airflow/.local/lib/python3.12/site-packages/airflow/example_dags/example_params_trigger_ui.py
[2026-05-01T00:09:16.948+0000] {processor.py:840} INFO - DAG(s) 'example_params_trigger_ui' retrieved from /home/airflow/.local/lib/python3.12/site-packages/airflow/example_dags/example_params_trigger_ui.py
[2026-05-01T00:09:16.974+0000] {logging_mixin.py:188} INFO - [2026-05-01T00:09:16.974+0000] {dag.py:3089} INFO - Sync 1 DAGs
[2026-05-01T00:09:16.979+0000] {logging_mixin.py:188} INFO - [2026-05-01T00:09:16.979+0000] {dag.py:3947} INFO - Setting next_dagrun for example_params_trigger_ui to None, run_after=None
[2026-05-01T00:09:16.987+0000] {processor.py:183} INFO - Processing /home/airflow/.local/lib/python3.12/site-packages/airflow/example_dags/example_params_trigger_ui.py took 0.058 seconds
[2026-05-01T00:09:47.672+0000] {processor.py:161} INFO - Started process (PID=56083) to work on /home/airflow/.local/lib/python3.12/site-packages/airflow/example_dags/example_params_trigger_ui.py
[2026-05-01T00:09:47.676+0000] {processor.py:830} INFO - Processing file /home/airflow/.local/lib/python3.12/site-packages/airflow/example_dags/example_params_trigger_ui.py for tasks to queue
[2026-05-01T00:09:47.677+0000] {logging_mixin.py:188} INFO - [2026-05-01T00:09:47.677+0000] {dagbag.py:545} INFO - Filling up the DagBag from /home/airflow/.local/lib/python3.12/site-packages/airflow/example_dags/example_params_trigger_ui.py
[2026-05-01T00:09:47.681+0000] {processor.py:840} INFO - DAG(s) 'example_params_trigger_ui' retrieved from /home/airflow/.local/lib/python3.12/site-packages/airflow/example_dags/example_params_trigger_ui.py
[2026-05-01T00:09:47.705+0000] {logging_mixin.py:188} INFO - [2026-05-01T00:09:47.705+0000] {dag.py:3089} INFO - Sync 1 DAGs
[2026-05-01T00:09:47.711+0000] {logging_mixin.py:188} INFO - [2026-05-01T00:09:47.710+0000] {dag.py:3947} INFO - Setting next_dagrun for example_params_trigger_ui to None, run_after=None
[2026-05-01T00:09:47.720+0000] {processor.py:183} INFO - Processing /home/airflow/.local/lib/python3.12/site-packages/airflow/example_dags/example_params_trigger_ui.py took 0.052 seconds
[2026-05-01T00:10:18.401+0000] {processor.py:161} INFO - Started process (PID=56143) to work on /home/airflow/.local/lib/python3.12/site-packages/airflow/example_dags/example_params_trigger_ui.py
[2026-05-01T00:10:18.402+0000] {processor.py:830} INFO - Processing file /home/airflow/.local/lib/python3.12/site-packages/airflow/example_dags/example_params_trigger_ui.py for tasks to queue
[2026-05-01T00:10:18.405+0000] {logging_mixin.py:188} INFO - [2026-05-01T00:10:18.405+0000] {dagbag.py:545} INFO - Filling up the DagBag from /home/airflow/.local/lib/python3.12/site-packages/airflow/example_dags/example_params_trigger_ui.py
[2026-05-01T00:10:18.411+0000] {processor.py:840} INFO - DAG(s) 'example_params_trigger_ui' retrieved from /home/airflow/.local/lib/python3.12/site-packages/airflow/example_dags/example_params_trigger_ui.py
[2026-05-01T00:10:18.431+0000] {logging_mixin.py:188} INFO - [2026-05-01T00:10:18.431+0000] {dag.py:3089} INFO - Sync 1 DAGs
[2026-05-01T00:10:18.436+0000] {logging_mixin.py:188} INFO - [2026-05-01T00:10:18.436+0000] {dag.py:3947} INFO - Setting next_dagrun for example_params_trigger_ui to None, run_after=None
[2026-05-01T00:10:18.444+0000] {processor.py:183} INFO - Processing /home/airflow/.local/lib/python3.12/site-packages/airflow/example_dags/example_params_trigger_ui.py took 0.049 seconds
[2026-05-01T00:10:49.207+0000] {processor.py:161} INFO - Started process (PID=56203) to work on /home/airflow/.local/lib/python3.12/site-packages/airflow/example_dags/example_params_trigger_ui.py
[2026-05-01T00:10:49.212+0000] {processor.py:830} INFO - Processing file /home/airflow/.local/lib/python3.12/site-packages/airflow/example_dags/example_params_trigger_ui.py for tasks to queue
[2026-05-01T00:10:49.216+0000] {logging_mixin.py:188} INFO - [2026-05-01T00:10:49.216+0000] {dagbag.py:545} INFO - Filling up the DagBag from /home/airflow/.local/lib/python3.12/site-packages/airflow/example_dags/example_params_trigger_ui.py
[2026-05-01T00:10:49.223+0000] {processor.py:840} INFO - DAG(s) 'example_params_trigger_ui' retrieved from /home/airflow/.local/lib/python3.12/site-packages/airflow/example_dags/example_params_trigger_ui.py
[2026-05-01T00:10:49.242+0000] {logging_mixin.py:188} INFO - [2026-05-01T00:10:49.242+0000] {dag.py:3089} INFO - Sync 1 DAGs
[2026-05-01T00:10:49.246+0000] {logging_mixin.py:188} INFO - [2026-05-01T00:10:49.246+0000] {dag.py:3947} INFO - Setting next_dagrun for example_params_trigger_ui to None, run_after=None
[2026-05-01T00:10:49.256+0000] {processor.py:183} INFO - Processing /home/airflow/.local/lib/python3.12/site-packages/airflow/example_dags/example_params_trigger_ui.py took 0.053 seconds
[2026-05-01T00:11:20.282+0000] {processor.py:161} INFO - Started process (PID=56263) to work on /home/airflow/.local/lib/python3.12/site-packages/airflow/example_dags/example_params_trigger_ui.py
[2026-05-01T00:11:20.283+0000] {processor.py:830} INFO - Processing file /home/airflow/.local/lib/python3.12/site-packages/airflow/example_dags/example_params_trigger_ui.py for tasks to queue
[2026-05-01T00:11:20.285+0000] {logging_mixin.py:188} INFO - [2026-05-01T00:11:20.285+0000] {dagbag.py:545} INFO - Filling up the DagBag from /home/airflow/.local/lib/python3.12/site-packages/airflow/example_dags/example_params_trigger_ui.py
[2026-05-01T00:11:20.291+0000] {processor.py:840} INFO - DAG(s) 'example_params_trigger_ui' retrieved from /home/airflow/.local/lib/python3.12/site-packages/airflow/example_dags/example_params_trigger_ui.py
[2026-05-01T00:11:20.316+0000] {logging_mixin.py:188} INFO - [2026-05-01T00:11:20.316+0000] {dag.py:3089} INFO - Sync 1 DAGs
[2026-05-01T00:11:20.321+0000] {logging_mixin.py:188} INFO - [2026-05-01T00:11:20.321+0000] {dag.py:3947} INFO - Setting next_dagrun for example_params_trigger_ui to None, run_after=None
[2026-05-01T00:11:20.330+0000] {processor.py:183} INFO - Processing /home/airflow/.local/lib/python3.12/site-packages/airflow/example_dags/example_params_trigger_ui.py took 0.052 seconds
[2026-05-01T00:11:50.930+0000] {processor.py:161} INFO - Started process (PID=56323) to work on /home/airflow/.local/lib/python3.12/site-packages/airflow/example_dags/example_params_trigger_ui.py
[2026-05-01T00:11:50.931+0000] {processor.py:830} INFO - Processing file /home/airflow/.local/lib/python3.12/site-packages/airflow/example_dags/example_params_trigger_ui.py for tasks to queue
[2026-05-01T00:11:50.932+0000] {logging_mixin.py:188} INFO - [2026-05-01T00:11:50.932+0000] {dagbag.py:545} INFO - Filling up the DagBag from /home/airflow/.local/lib/python3.12/site-packages/airflow/example_dags/example_params_trigger_ui.py
[2026-05-01T00:11:50.939+0000] {processor.py:840} INFO - DAG(s) 'example_params_trigger_ui' retrieved from /home/airflow/.local/lib/python3.12/site-packages/airflow/example_dags/example_params_trigger_ui.py
[2026-05-01T00:11:50.966+0000] {logging_mixin.py:188} INFO - [2026-05-01T00:11:50.966+0000] {dag.py:3089} INFO - Sync 1 DAGs
[2026-05-01T00:11:50.972+0000] {logging_mixin.py:188} INFO - [2026-05-01T00:11:50.972+0000] {dag.py:3947} INFO - Setting next_dagrun for example_params_trigger_ui to None, run_after=None
[2026-05-01T00:11:50.981+0000] {processor.py:183} INFO - Processing /home/airflow/.local/lib/python3.12/site-packages/airflow/example_dags/example_params_trigger_ui.py took 0.057 seconds
[2026-05-01T00:12:21.635+0000] {processor.py:161} INFO - Started process (PID=56383) to work on /home/airflow/.local/lib/python3.12/site-packages/airflow/example_dags/example_params_trigger_ui.py
[2026-05-01T00:12:21.639+0000] {processor.py:830} INFO - Processing file /home/airflow/.local/lib/python3.12/site-packages/airflow/example_dags/example_params_trigger_ui.py for tasks to queue
[2026-05-01T00:12:21.640+0000] {logging_mixin.py:188} INFO - [2026-05-01T00:12:21.639+0000] {dagbag.py:545} INFO - Filling up the DagBag from /home/airflow/.local/lib/python3.12/site-packages/airflow/example_dags/example_params_trigger_ui.py
[2026-05-01T00:12:21.644+0000] {processor.py:840} INFO - DAG(s) 'example_params_trigger_ui' retrieved from /home/airflow/.local/lib/python3.12/site-packages/airflow/example_dags/example_params_trigger_ui.py
[2026-05-01T00:12:21.665+0000] {logging_mixin.py:188} INFO - [2026-05-01T00:12:21.664+0000] {dag.py:3089} INFO - Sync 1 DAGs
[2026-05-01T00:12:21.671+0000] {logging_mixin.py:188} INFO - [2026-05-01T00:12:21.671+0000] {dag.py:3947} INFO - Setting next_dagrun for example_params_trigger_ui to None, run_after=None
[2026-05-01T00:12:21.681+0000] {processor.py:183} INFO - Processing /home/airflow/.local/lib/python3.12/site-packages/airflow/example_dags/example_params_trigger_ui.py took 0.050 seconds
[2026-05-01T00:12:52.364+0000] {processor.py:161} INFO - Started process (PID=56443) to work on /home/airflow/.local/lib/python3.12/site-packages/airflow/example_dags/example_params_trigger_ui.py
[2026-05-01T00:12:52.369+0000] {processor.py:830} INFO - Processing file /home/airflow/.local/lib/python3.12/site-packages/airflow/example_dags/example_params_trigger_ui.py for tasks to queue
[2026-05-01T00:12:52.370+0000] {logging_mixin.py:188} INFO - [2026-05-01T00:12:52.370+0000] {dagbag.py:545} INFO - Filling up the DagBag from /home/airflow/.local/lib/python3.12/site-packages/airflow/example_dags/example_params_trigger_ui.py
[2026-05-01T00:12:52.374+0000] {processor.py:840} INFO - DAG(s) 'example_params_trigger_ui' retrieved from /home/airflow/.local/lib/python3.12/site-packages/airflow/example_dags/example_params_trigger_ui.py
[2026-05-01T00:12:52.400+0000] {logging_mixin.py:188} INFO - [2026-05-01T00:12:52.400+0000] {dag.py:3089} INFO - Sync 1 DAGs
[2026-05-01T00:12:52.408+0000] {logging_mixin.py:188} INFO - [2026-05-01T00:12:52.408+0000] {dag.py:3947} INFO - Setting next_dagrun for example_params_trigger_ui to None, run_after=None
[2026-05-01T00:12:52.417+0000] {processor.py:183} INFO - Processing /home/airflow/.local/lib/python3.12/site-packages/airflow/example_dags/example_params_trigger_ui.py took 0.055 seconds
[2026-05-01T00:13:23.105+0000] {processor.py:161} INFO - Started process (PID=56503) to work on /home/airflow/.local/lib/python3.12/site-packages/airflow/example_dags/example_params_trigger_ui.py
[2026-05-01T00:13:23.106+0000] {processor.py:830} INFO - Processing file /home/airflow/.local/lib/python3.12/site-packages/airflow/example_dags/example_params_trigger_ui.py for tasks to queue
[2026-05-01T00:13:23.107+0000] {logging_mixin.py:188} INFO - [2026-05-01T00:13:23.107+0000] {dagbag.py:545} INFO - Filling up the DagBag from /home/airflow/.local/lib/python3.12/site-packages/airflow/example_dags/example_params_trigger_ui.py
[2026-05-01T00:13:23.117+0000] {processor.py:840} INFO - DAG(s) 'example_params_trigger_ui' retrieved from /home/airflow/.local/lib/python3.12/site-packages/airflow/example_dags/example_params_trigger_ui.py
[2026-05-01T00:13:23.140+0000] {logging_mixin.py:188} INFO - [2026-05-01T00:13:23.140+0000] {dag.py:3089} INFO - Sync 1 DAGs
[2026-05-01T00:13:23.149+0000] {logging_mixin.py:188} INFO - [2026-05-01T00:13:23.149+0000] {dag.py:3947} INFO - Setting next_dagrun for example_params_trigger_ui to None, run_after=None
[2026-05-01T00:13:23.160+0000] {processor.py:183} INFO - Processing /home/airflow/.local/lib/python3.12/site-packages/airflow/example_dags/example_params_trigger_ui.py took 0.060 seconds
[2026-05-01T00:13:53.483+0000] {processor.py:161} INFO - Started process (PID=56563) to work on /home/airflow/.local/lib/python3.12/site-packages/airflow/example_dags/example_params_trigger_ui.py
[2026-05-01T00:13:53.485+0000] {processor.py:830} INFO - Processing file /home/airflow/.local/lib/python3.12/site-packages/airflow/example_dags/example_params_trigger_ui.py for tasks to queue
[2026-05-01T00:13:53.486+0000] {logging_mixin.py:188} INFO - [2026-05-01T00:13:53.486+0000] {dagbag.py:545} INFO - Filling up the DagBag from /home/airflow/.local/lib/python3.12/site-packages/airflow/example_dags/example_params_trigger_ui.py
[2026-05-01T00:13:53.493+0000] {processor.py:840} INFO - DAG(s) 'example_params_trigger_ui' retrieved from /home/airflow/.local/lib/python3.12/site-packages/airflow/example_dags/example_params_trigger_ui.py
[2026-05-01T00:13:53.509+0000] {logging_mixin.py:188} INFO - [2026-05-01T00:13:53.509+0000] {dag.py:3089} INFO - Sync 1 DAGs
[2026-05-01T00:13:53.514+0000] {logging_mixin.py:188} INFO - [2026-05-01T00:13:53.513+0000] {dag.py:3947} INFO - Setting next_dagrun for example_params_trigger_ui to None, run_after=None
[2026-05-01T00:13:53.522+0000] {processor.py:183} INFO - Processing /home/airflow/.local/lib/python3.12/site-packages/airflow/example_dags/example_params_trigger_ui.py took 0.042 seconds
[2026-05-01T00:14:24.179+0000] {processor.py:161} INFO - Started process (PID=56623) to work on /home/airflow/.local/lib/python3.12/site-packages/airflow/example_dags/example_params_trigger_ui.py
[2026-05-01T00:14:24.181+0000] {processor.py:830} INFO - Processing file /home/airflow/.local/lib/python3.12/site-packages/airflow/example_dags/example_params_trigger_ui.py for tasks to queue
[2026-05-01T00:14:24.182+0000] {logging_mixin.py:188} INFO - [2026-05-01T00:14:24.182+0000] {dagbag.py:545} INFO - Filling up the DagBag from /home/airflow/.local/lib/python3.12/site-packages/airflow/example_dags/example_params_trigger_ui.py
[2026-05-01T00:14:24.189+0000] {processor.py:840} INFO - DAG(s) 'example_params_trigger_ui' retrieved from /home/airflow/.local/lib/python3.12/site-packages/airflow/example_dags/example_params_trigger_ui.py
[2026-05-01T00:14:24.213+0000] {logging_mixin.py:188} INFO - [2026-05-01T00:14:24.213+0000] {dag.py:3089} INFO - Sync 1 DAGs
[2026-05-01T00:14:24.218+0000] {logging_mixin.py:188} INFO - [2026-05-01T00:14:24.218+0000] {dag.py:3947} INFO - Setting next_dagrun for example_params_trigger_ui to None, run_after=None
[2026-05-01T00:14:24.226+0000] {processor.py:183} INFO - Processing /home/airflow/.local/lib/python3.12/site-packages/airflow/example_dags/example_params_trigger_ui.py took 0.054 seconds
[2026-05-01T00:14:54.755+0000] {processor.py:161} INFO - Started process (PID=56683) to work on /home/airflow/.local/lib/python3.12/site-packages/airflow/example_dags/example_params_trigger_ui.py
[2026-05-01T00:14:54.757+0000] {processor.py:830} INFO - Processing file /home/airflow/.local/lib/python3.12/site-packages/airflow/example_dags/example_params_trigger_ui.py for tasks to queue
[2026-05-01T00:14:54.758+0000] {logging_mixin.py:188} INFO - [2026-05-01T00:14:54.758+0000] {dagbag.py:545} INFO - Filling up the DagBag from /home/airflow/.local/lib/python3.12/site-packages/airflow/example_dags/example_params_trigger_ui.py
[2026-05-01T00:14:54.766+0000] {processor.py:840} INFO - DAG(s) 'example_params_trigger_ui' retrieved from /home/airflow/.local/lib/python3.12/site-packages/airflow/example_dags/example_params_trigger_ui.py
[2026-05-01T00:14:54.788+0000] {logging_mixin.py:188} INFO - [2026-05-01T00:14:54.788+0000] {dag.py:3089} INFO - Sync 1 DAGs
[2026-05-01T00:14:54.793+0000] {logging_mixin.py:188} INFO - [2026-05-01T00:14:54.793+0000] {dag.py:3947} INFO - Setting next_dagrun for example_params_trigger_ui to None, run_after=None
[2026-05-01T00:14:54.799+0000] {processor.py:183} INFO - Processing /home/airflow/.local/lib/python3.12/site-packages/airflow/example_dags/example_params_trigger_ui.py took 0.049 seconds
[2026-05-01T00:15:25.332+0000] {processor.py:161} INFO - Started process (PID=56743) to work on /home/airflow/.local/lib/python3.12/site-packages/airflow/example_dags/example_params_trigger_ui.py
[2026-05-01T00:15:25.335+0000] {processor.py:830} INFO - Processing file /home/airflow/.local/lib/python3.12/site-packages/airflow/example_dags/example_params_trigger_ui.py for tasks to queue
[2026-05-01T00:15:25.336+0000] {logging_mixin.py:188} INFO - [2026-05-01T00:15:25.336+0000] {dagbag.py:545} INFO - Filling up the DagBag from /home/airflow/.local/lib/python3.12/site-packages/airflow/example_dags/example_params_trigger_ui.py
[2026-05-01T00:15:25.343+0000] {processor.py:840} INFO - DAG(s) 'example_params_trigger_ui' retrieved from /home/airflow/.local/lib/python3.12/site-packages/airflow/example_dags/example_params_trigger_ui.py
[2026-05-01T00:15:25.365+0000] {logging_mixin.py:188} INFO - [2026-05-01T00:15:25.364+0000] {dag.py:3089} INFO - Sync 1 DAGs
[2026-05-01T00:15:25.369+0000] {logging_mixin.py:188} INFO - [2026-05-01T00:15:25.369+0000] {dag.py:3947} INFO - Setting next_dagrun for example_params_trigger_ui to None, run_after=None
[2026-05-01T00:15:25.379+0000] {processor.py:183} INFO - Processing /home/airflow/.local/lib/python3.12/site-packages/airflow/example_dags/example_params_trigger_ui.py took 0.053 seconds
[2026-05-01T00:15:55.958+0000] {processor.py:161} INFO - Started process (PID=56803) to work on /home/airflow/.local/lib/python3.12/site-packages/airflow/example_dags/example_params_trigger_ui.py
[2026-05-01T00:15:55.962+0000] {processor.py:830} INFO - Processing file /home/airflow/.local/lib/python3.12/site-packages/airflow/example_dags/example_params_trigger_ui.py for tasks to queue
[2026-05-01T00:15:55.963+0000] {logging_mixin.py:188} INFO - [2026-05-01T00:15:55.963+0000] {dagbag.py:545} INFO - Filling up the DagBag from /home/airflow/.local/lib/python3.12/site-packages/airflow/example_dags/example_params_trigger_ui.py
[2026-05-01T00:15:55.969+0000] {processor.py:840} INFO - DAG(s) 'example_params_trigger_ui' retrieved from /home/airflow/.local/lib/python3.12/site-packages/airflow/example_dags/example_params_trigger_ui.py
[2026-05-01T00:15:55.990+0000] {logging_mixin.py:188} INFO - [2026-05-01T00:15:55.990+0000] {dag.py:3089} INFO - Sync 1 DAGs
[2026-05-01T00:15:55.996+0000] {logging_mixin.py:188} INFO - [2026-05-01T00:15:55.996+0000] {dag.py:3947} INFO - Setting next_dagrun for example_params_trigger_ui to None, run_after=None
[2026-05-01T00:15:56.005+0000] {processor.py:183} INFO - Processing /home/airflow/.local/lib/python3.12/site-packages/airflow/example_dags/example_params_trigger_ui.py took 0.054 seconds
[2026-05-01T00:16:26.601+0000] {processor.py:161} INFO - Started process (PID=56863) to work on /home/airflow/.local/lib/python3.12/site-packages/airflow/example_dags/example_params_trigger_ui.py
[2026-05-01T00:16:26.602+0000] {processor.py:830} INFO - Processing file /home/airflow/.local/lib/python3.12/site-packages/airflow/example_dags/example_params_trigger_ui.py for tasks to queue
[2026-05-01T00:16:26.604+0000] {logging_mixin.py:188} INFO - [2026-05-01T00:16:26.604+0000] {dagbag.py:545} INFO - Filling up the DagBag from /home/airflow/.local/lib/python3.12/site-packages/airflow/example_dags/example_params_trigger_ui.py
[2026-05-01T00:16:26.610+0000] {processor.py:840} INFO - DAG(s) 'example_params_trigger_ui' retrieved from /home/airflow/.local/lib/python3.12/site-packages/airflow/example_dags/example_params_trigger_ui.py
[2026-05-01T00:16:26.633+0000] {logging_mixin.py:188} INFO - [2026-05-01T00:16:26.633+0000] {dag.py:3089} INFO - Sync 1 DAGs
[2026-05-01T00:16:26.639+0000] {logging_mixin.py:188} INFO - [2026-05-01T00:16:26.639+0000] {dag.py:3947} INFO - Setting next_dagrun for example_params_trigger_ui to None, run_after=None
[2026-05-01T00:16:26.648+0000] {processor.py:183} INFO - Processing /home/airflow/.local/lib/python3.12/site-packages/airflow/example_dags/example_params_trigger_ui.py took 0.052 seconds
[2026-05-01T00:16:57.212+0000] {processor.py:161} INFO - Started process (PID=56923) to work on /home/airflow/.local/lib/python3.12/site-packages/airflow/example_dags/example_params_trigger_ui.py
[2026-05-01T00:16:57.215+0000] {processor.py:830} INFO - Processing file /home/airflow/.local/lib/python3.12/site-packages/airflow/example_dags/example_params_trigger_ui.py for tasks to queue
[2026-05-01T00:16:57.216+0000] {logging_mixin.py:188} INFO - [2026-05-01T00:16:57.216+0000] {dagbag.py:545} INFO - Filling up the DagBag from /home/airflow/.local/lib/python3.12/site-packages/airflow/example_dags/example_params_trigger_ui.py
[2026-05-01T00:16:57.220+0000] {processor.py:840} INFO - DAG(s) 'example_params_trigger_ui' retrieved from /home/airflow/.local/lib/python3.12/site-packages/airflow/example_dags/example_params_trigger_ui.py
[2026-05-01T00:16:57.246+0000] {logging_mixin.py:188} INFO - [2026-05-01T00:16:57.245+0000] {dag.py:3089} INFO - Sync 1 DAGs
[2026-05-01T00:16:57.252+0000] {logging_mixin.py:188} INFO - [2026-05-01T00:16:57.252+0000] {dag.py:3947} INFO - Setting next_dagrun for example_params_trigger_ui to None, run_after=None
[2026-05-01T00:16:57.262+0000] {processor.py:183} INFO - Processing /home/airflow/.local/lib/python3.12/site-packages/airflow/example_dags/example_params_trigger_ui.py took 0.053 seconds
[2026-05-01T00:17:28.222+0000] {processor.py:161} INFO - Started process (PID=56983) to work on /home/airflow/.local/lib/python3.12/site-packages/airflow/example_dags/example_params_trigger_ui.py
[2026-05-01T00:17:28.225+0000] {processor.py:830} INFO - Processing file /home/airflow/.local/lib/python3.12/site-packages/airflow/example_dags/example_params_trigger_ui.py for tasks to queue
[2026-05-01T00:17:28.228+0000] {logging_mixin.py:188} INFO - [2026-05-01T00:17:28.228+0000] {dagbag.py:545} INFO - Filling up the DagBag from /home/airflow/.local/lib/python3.12/site-packages/airflow/example_dags/example_params_trigger_ui.py
[2026-05-01T00:17:28.238+0000] {processor.py:840} INFO - DAG(s) 'example_params_trigger_ui' retrieved from /home/airflow/.local/lib/python3.12/site-packages/airflow/example_dags/example_params_trigger_ui.py
[2026-05-01T00:17:28.266+0000] {logging_mixin.py:188} INFO - [2026-05-01T00:17:28.266+0000] {dag.py:3089} INFO - Sync 1 DAGs
[2026-05-01T00:17:28.279+0000] {logging_mixin.py:188} INFO - [2026-05-01T00:17:28.278+0000] {dag.py:3947} INFO - Setting next_dagrun for example_params_trigger_ui to None, run_after=None
[2026-05-01T00:17:28.289+0000] {processor.py:183} INFO - Processing /home/airflow/.local/lib/python3.12/site-packages/airflow/example_dags/example_params_trigger_ui.py took 0.072 seconds
[2026-05-01T00:17:58.517+0000] {processor.py:161} INFO - Started process (PID=57042) to work on /home/airflow/.local/lib/python3.12/site-packages/airflow/example_dags/example_params_trigger_ui.py
[2026-05-01T00:17:58.518+0000] {processor.py:830} INFO - Processing file /home/airflow/.local/lib/python3.12/site-packages/airflow/example_dags/example_params_trigger_ui.py for tasks to queue
[2026-05-01T00:17:58.520+0000] {logging_mixin.py:188} INFO - [2026-05-01T00:17:58.520+0000] {dagbag.py:545} INFO - Filling up the DagBag from /home/airflow/.local/lib/python3.12/site-packages/airflow/example_dags/example_params_trigger_ui.py
[2026-05-01T00:17:58.526+0000] {processor.py:840} INFO - DAG(s) 'example_params_trigger_ui' retrieved from /home/airflow/.local/lib/python3.12/site-packages/airflow/example_dags/example_params_trigger_ui.py
[2026-05-01T00:17:58.549+0000] {logging_mixin.py:188} INFO - [2026-05-01T00:17:58.549+0000] {dag.py:3089} INFO - Sync 1 DAGs
[2026-05-01T00:17:58.554+0000] {logging_mixin.py:188} INFO - [2026-05-01T00:17:58.554+0000] {dag.py:3947} INFO - Setting next_dagrun for example_params_trigger_ui to None, run_after=None
[2026-05-01T00:17:58.563+0000] {processor.py:183} INFO - Processing /home/airflow/.local/lib/python3.12/site-packages/airflow/example_dags/example_params_trigger_ui.py took 0.052 seconds
[2026-05-01T00:18:29.228+0000] {processor.py:161} INFO - Started process (PID=57102) to work on /home/airflow/.local/lib/python3.12/site-packages/airflow/example_dags/example_params_trigger_ui.py
[2026-05-01T00:18:29.230+0000] {processor.py:830} INFO - Processing file /home/airflow/.local/lib/python3.12/site-packages/airflow/example_dags/example_params_trigger_ui.py for tasks to queue
[2026-05-01T00:18:29.232+0000] {logging_mixin.py:188} INFO - [2026-05-01T00:18:29.231+0000] {dagbag.py:545} INFO - Filling up the DagBag from /home/airflow/.local/lib/python3.12/site-packages/airflow/example_dags/example_params_trigger_ui.py
[2026-05-01T00:18:29.243+0000] {processor.py:840} INFO - DAG(s) 'example_params_trigger_ui' retrieved from /home/airflow/.local/lib/python3.12/site-packages/airflow/example_dags/example_params_trigger_ui.py
[2026-05-01T00:18:29.268+0000] {logging_mixin.py:188} INFO - [2026-05-01T00:18:29.268+0000] {dag.py:3089} INFO - Sync 1 DAGs
[2026-05-01T00:18:29.275+0000] {logging_mixin.py:188} INFO - [2026-05-01T00:18:29.274+0000] {dag.py:3947} INFO - Setting next_dagrun for example_params_trigger_ui to None, run_after=None
[2026-05-01T00:18:29.283+0000] {processor.py:183} INFO - Processing /home/airflow/.local/lib/python3.12/site-packages/airflow/example_dags/example_params_trigger_ui.py took 0.060 seconds
[2026-05-01T00:18:59.821+0000] {processor.py:161} INFO - Started process (PID=57162) to work on /home/airflow/.local/lib/python3.12/site-packages/airflow/example_dags/example_params_trigger_ui.py
[2026-05-01T00:18:59.822+0000] {processor.py:830} INFO - Processing file /home/airflow/.local/lib/python3.12/site-packages/airflow/example_dags/example_params_trigger_ui.py for tasks to queue
[2026-05-01T00:18:59.823+0000] {logging_mixin.py:188} INFO - [2026-05-01T00:18:59.823+0000] {dagbag.py:545} INFO - Filling up the DagBag from /home/airflow/.local/lib/python3.12/site-packages/airflow/example_dags/example_params_trigger_ui.py
[2026-05-01T00:18:59.831+0000] {processor.py:840} INFO - DAG(s) 'example_params_trigger_ui' retrieved from /home/airflow/.local/lib/python3.12/site-packages/airflow/example_dags/example_params_trigger_ui.py
[2026-05-01T00:18:59.858+0000] {logging_mixin.py:188} INFO - [2026-05-01T00:18:59.858+0000] {dag.py:3089} INFO - Sync 1 DAGs
[2026-05-01T00:18:59.865+0000] {logging_mixin.py:188} INFO - [2026-05-01T00:18:59.865+0000] {dag.py:3947} INFO - Setting next_dagrun for example_params_trigger_ui to None, run_after=None
[2026-05-01T00:18:59.874+0000] {processor.py:183} INFO - Processing /home/airflow/.local/lib/python3.12/site-packages/airflow/example_dags/example_params_trigger_ui.py took 0.059 seconds
[2026-05-01T00:19:30.722+0000] {processor.py:161} INFO - Started process (PID=57222) to work on /home/airflow/.local/lib/python3.12/site-packages/airflow/example_dags/example_params_trigger_ui.py
[2026-05-01T00:19:30.723+0000] {processor.py:830} INFO - Processing file /home/airflow/.local/lib/python3.12/site-packages/airflow/example_dags/example_params_trigger_ui.py for tasks to queue
[2026-05-01T00:19:30.725+0000] {logging_mixin.py:188} INFO - [2026-05-01T00:19:30.725+0000] {dagbag.py:545} INFO - Filling up the DagBag from /home/airflow/.local/lib/python3.12/site-packages/airflow/example_dags/example_params_trigger_ui.py
[2026-05-01T00:19:30.731+0000] {processor.py:840} INFO - DAG(s) 'example_params_trigger_ui' retrieved from /home/airflow/.local/lib/python3.12/site-packages/airflow/example_dags/example_params_trigger_ui.py
[2026-05-01T00:19:30.756+0000] {logging_mixin.py:188} INFO - [2026-05-01T00:19:30.755+0000] {dag.py:3089} INFO - Sync 1 DAGs
[2026-05-01T00:19:30.764+0000] {logging_mixin.py:188} INFO - [2026-05-01T00:19:30.764+0000] {dag.py:3947} INFO - Setting next_dagrun for example_params_trigger_ui to None, run_after=None
[2026-05-01T00:19:30.775+0000] {processor.py:183} INFO - Processing /home/airflow/.local/lib/python3.12/site-packages/airflow/example_dags/example_params_trigger_ui.py took 0.058 seconds
[2026-05-01T00:20:00.872+0000] {processor.py:161} INFO - Started process (PID=57282) to work on /home/airflow/.local/lib/python3.12/site-packages/airflow/example_dags/example_params_trigger_ui.py
[2026-05-01T00:20:00.873+0000] {processor.py:830} INFO - Processing file /home/airflow/.local/lib/python3.12/site-packages/airflow/example_dags/example_params_trigger_ui.py for tasks to queue
[2026-05-01T00:20:00.875+0000] {logging_mixin.py:188} INFO - [2026-05-01T00:20:00.875+0000] {dagbag.py:545} INFO - Filling up the DagBag from /home/airflow/.local/lib/python3.12/site-packages/airflow/example_dags/example_params_trigger_ui.py
[2026-05-01T00:20:00.883+0000] {processor.py:840} INFO - DAG(s) 'example_params_trigger_ui' retrieved from /home/airflow/.local/lib/python3.12/site-packages/airflow/example_dags/example_params_trigger_ui.py
[2026-05-01T00:20:00.912+0000] {logging_mixin.py:188} INFO - [2026-05-01T00:20:00.912+0000] {dag.py:3089} INFO - Sync 1 DAGs
[2026-05-01T00:20:00.924+0000] {logging_mixin.py:188} INFO - [2026-05-01T00:20:00.924+0000] {dag.py:3947} INFO - Setting next_dagrun for example_params_trigger_ui to None, run_after=None
[2026-05-01T00:20:00.941+0000] {processor.py:183} INFO - Processing /home/airflow/.local/lib/python3.12/site-packages/airflow/example_dags/example_params_trigger_ui.py took 0.074 seconds
[2026-05-01T00:20:31.779+0000] {processor.py:161} INFO - Started process (PID=57342) to work on /home/airflow/.local/lib/python3.12/site-packages/airflow/example_dags/example_params_trigger_ui.py
[2026-05-01T00:20:31.780+0000] {processor.py:830} INFO - Processing file /home/airflow/.local/lib/python3.12/site-packages/airflow/example_dags/example_params_trigger_ui.py for tasks to queue
[2026-05-01T00:20:31.781+0000] {logging_mixin.py:188} INFO - [2026-05-01T00:20:31.781+0000] {dagbag.py:545} INFO - Filling up the DagBag from /home/airflow/.local/lib/python3.12/site-packages/airflow/example_dags/example_params_trigger_ui.py
[2026-05-01T00:20:31.788+0000] {processor.py:840} INFO - DAG(s) 'example_params_trigger_ui' retrieved from /home/airflow/.local/lib/python3.12/site-packages/airflow/example_dags/example_params_trigger_ui.py
[2026-05-01T00:20:31.811+0000] {logging_mixin.py:188} INFO - [2026-05-01T00:20:31.811+0000] {dag.py:3089} INFO - Sync 1 DAGs
[2026-05-01T00:20:31.816+0000] {logging_mixin.py:188} INFO - [2026-05-01T00:20:31.816+0000] {dag.py:3947} INFO - Setting next_dagrun for example_params_trigger_ui to None, run_after=None
[2026-05-01T00:20:31.824+0000] {processor.py:183} INFO - Processing /home/airflow/.local/lib/python3.12/site-packages/airflow/example_dags/example_params_trigger_ui.py took 0.050 seconds
[2026-05-01T00:21:02.111+0000] {processor.py:161} INFO - Started process (PID=57402) to work on /home/airflow/.local/lib/python3.12/site-packages/airflow/example_dags/example_params_trigger_ui.py
[2026-05-01T00:21:02.113+0000] {processor.py:830} INFO - Processing file /home/airflow/.local/lib/python3.12/site-packages/airflow/example_dags/example_params_trigger_ui.py for tasks to queue
[2026-05-01T00:21:02.118+0000] {logging_mixin.py:188} INFO - [2026-05-01T00:21:02.118+0000] {dagbag.py:545} INFO - Filling up the DagBag from /home/airflow/.local/lib/python3.12/site-packages/airflow/example_dags/example_params_trigger_ui.py
[2026-05-01T00:21:02.125+0000] {processor.py:840} INFO - DAG(s) 'example_params_trigger_ui' retrieved from /home/airflow/.local/lib/python3.12/site-packages/airflow/example_dags/example_params_trigger_ui.py
[2026-05-01T00:21:02.151+0000] {logging_mixin.py:188} INFO - [2026-05-01T00:21:02.151+0000] {dag.py:3089} INFO - Sync 1 DAGs
[2026-05-01T00:21:02.160+0000] {logging_mixin.py:188} INFO - [2026-05-01T00:21:02.160+0000] {dag.py:3947} INFO - Setting next_dagrun for example_params_trigger_ui to None, run_after=None
[2026-05-01T00:21:02.168+0000] {processor.py:183} INFO - Processing /home/airflow/.local/lib/python3.12/site-packages/airflow/example_dags/example_params_trigger_ui.py took 0.061 seconds
[2026-05-01T00:21:32.309+0000] {processor.py:161} INFO - Started process (PID=57462) to work on /home/airflow/.local/lib/python3.12/site-packages/airflow/example_dags/example_params_trigger_ui.py
[2026-05-01T00:21:32.310+0000] {processor.py:830} INFO - Processing file /home/airflow/.local/lib/python3.12/site-packages/airflow/example_dags/example_params_trigger_ui.py for tasks to queue
[2026-05-01T00:21:32.311+0000] {logging_mixin.py:188} INFO - [2026-05-01T00:21:32.311+0000] {dagbag.py:545} INFO - Filling up the DagBag from /home/airflow/.local/lib/python3.12/site-packages/airflow/example_dags/example_params_trigger_ui.py
[2026-05-01T00:21:32.318+0000] {processor.py:840} INFO - DAG(s) 'example_params_trigger_ui' retrieved from /home/airflow/.local/lib/python3.12/site-packages/airflow/example_dags/example_params_trigger_ui.py
[2026-05-01T00:21:32.347+0000] {logging_mixin.py:188} INFO - [2026-05-01T00:21:32.347+0000] {dag.py:3089} INFO - Sync 1 DAGs
[2026-05-01T00:21:32.356+0000] {logging_mixin.py:188} INFO - [2026-05-01T00:21:32.356+0000] {dag.py:3947} INFO - Setting next_dagrun for example_params_trigger_ui to None, run_after=None
[2026-05-01T00:21:32.387+0000] {processor.py:183} INFO - Processing /home/airflow/.local/lib/python3.12/site-packages/airflow/example_dags/example_params_trigger_ui.py took 0.083 seconds
[2026-05-01T00:22:02.437+0000] {processor.py:161} INFO - Started process (PID=57522) to work on /home/airflow/.local/lib/python3.12/site-packages/airflow/example_dags/example_params_trigger_ui.py
[2026-05-01T00:22:02.438+0000] {processor.py:830} INFO - Processing file /home/airflow/.local/lib/python3.12/site-packages/airflow/example_dags/example_params_trigger_ui.py for tasks to queue
[2026-05-01T00:22:02.440+0000] {logging_mixin.py:188} INFO - [2026-05-01T00:22:02.439+0000] {dagbag.py:545} INFO - Filling up the DagBag from /home/airflow/.local/lib/python3.12/site-packages/airflow/example_dags/example_params_trigger_ui.py
[2026-05-01T00:22:02.451+0000] {processor.py:840} INFO - DAG(s) 'example_params_trigger_ui' retrieved from /home/airflow/.local/lib/python3.12/site-packages/airflow/example_dags/example_params_trigger_ui.py
[2026-05-01T00:22:02.477+0000] {logging_mixin.py:188} INFO - [2026-05-01T00:22:02.477+0000] {dag.py:3089} INFO - Sync 1 DAGs
[2026-05-01T00:22:02.484+0000] {logging_mixin.py:188} INFO - [2026-05-01T00:22:02.484+0000] {dag.py:3947} INFO - Setting next_dagrun for example_params_trigger_ui to None, run_after=None
[2026-05-01T00:22:02.494+0000] {processor.py:183} INFO - Processing /home/airflow/.local/lib/python3.12/site-packages/airflow/example_dags/example_params_trigger_ui.py took 0.063 seconds
[2026-05-01T00:22:33.325+0000] {processor.py:161} INFO - Started process (PID=57582) to work on /home/airflow/.local/lib/python3.12/site-packages/airflow/example_dags/example_params_trigger_ui.py
[2026-05-01T00:22:33.326+0000] {processor.py:830} INFO - Processing file /home/airflow/.local/lib/python3.12/site-packages/airflow/example_dags/example_params_trigger_ui.py for tasks to queue
[2026-05-01T00:22:33.330+0000] {logging_mixin.py:188} INFO - [2026-05-01T00:22:33.330+0000] {dagbag.py:545} INFO - Filling up the DagBag from /home/airflow/.local/lib/python3.12/site-packages/airflow/example_dags/example_params_trigger_ui.py
[2026-05-01T00:22:33.337+0000] {processor.py:840} INFO - DAG(s) 'example_params_trigger_ui' retrieved from /home/airflow/.local/lib/python3.12/site-packages/airflow/example_dags/example_params_trigger_ui.py
[2026-05-01T00:22:33.358+0000] {logging_mixin.py:188} INFO - [2026-05-01T00:22:33.358+0000] {dag.py:3089} INFO - Sync 1 DAGs
[2026-05-01T00:22:33.366+0000] {logging_mixin.py:188} INFO - [2026-05-01T00:22:33.365+0000] {dag.py:3947} INFO - Setting next_dagrun for example_params_trigger_ui to None, run_after=None
[2026-05-01T00:22:33.374+0000] {processor.py:183} INFO - Processing /home/airflow/.local/lib/python3.12/site-packages/airflow/example_dags/example_params_trigger_ui.py took 0.056 seconds
[2026-05-01T00:23:04.149+0000] {processor.py:161} INFO - Started process (PID=57642) to work on /home/airflow/.local/lib/python3.12/site-packages/airflow/example_dags/example_params_trigger_ui.py
[2026-05-01T00:23:04.150+0000] {processor.py:830} INFO - Processing file /home/airflow/.local/lib/python3.12/site-packages/airflow/example_dags/example_params_trigger_ui.py for tasks to queue
[2026-05-01T00:23:04.152+0000] {logging_mixin.py:188} INFO - [2026-05-01T00:23:04.151+0000] {dagbag.py:545} INFO - Filling up the DagBag from /home/airflow/.local/lib/python3.12/site-packages/airflow/example_dags/example_params_trigger_ui.py
[2026-05-01T00:23:04.160+0000] {processor.py:840} INFO - DAG(s) 'example_params_trigger_ui' retrieved from /home/airflow/.local/lib/python3.12/site-packages/airflow/example_dags/example_params_trigger_ui.py
[2026-05-01T00:23:04.190+0000] {logging_mixin.py:188} INFO - [2026-05-01T00:23:04.190+0000] {dag.py:3089} INFO - Sync 1 DAGs
[2026-05-01T00:23:04.198+0000] {logging_mixin.py:188} INFO - [2026-05-01T00:23:04.198+0000] {dag.py:3947} INFO - Setting next_dagrun for example_params_trigger_ui to None, run_after=None
[2026-05-01T00:23:04.208+0000] {processor.py:183} INFO - Processing /home/airflow/.local/lib/python3.12/site-packages/airflow/example_dags/example_params_trigger_ui.py took 0.065 seconds
[2026-05-01T00:23:34.603+0000] {processor.py:161} INFO - Started process (PID=57702) to work on /home/airflow/.local/lib/python3.12/site-packages/airflow/example_dags/example_params_trigger_ui.py
[2026-05-01T00:23:34.604+0000] {processor.py:830} INFO - Processing file /home/airflow/.local/lib/python3.12/site-packages/airflow/example_dags/example_params_trigger_ui.py for tasks to queue
[2026-05-01T00:23:34.606+0000] {logging_mixin.py:188} INFO - [2026-05-01T00:23:34.606+0000] {dagbag.py:545} INFO - Filling up the DagBag from /home/airflow/.local/lib/python3.12/site-packages/airflow/example_dags/example_params_trigger_ui.py
[2026-05-01T00:23:34.613+0000] {processor.py:840} INFO - DAG(s) 'example_params_trigger_ui' retrieved from /home/airflow/.local/lib/python3.12/site-packages/airflow/example_dags/example_params_trigger_ui.py
[2026-05-01T00:23:34.641+0000] {logging_mixin.py:188} INFO - [2026-05-01T00:23:34.640+0000] {dag.py:3089} INFO - Sync 1 DAGs
[2026-05-01T00:23:34.649+0000] {logging_mixin.py:188} INFO - [2026-05-01T00:23:34.649+0000] {dag.py:3947} INFO - Setting next_dagrun for example_params_trigger_ui to None, run_after=None
[2026-05-01T00:23:34.656+0000] {processor.py:183} INFO - Processing /home/airflow/.local/lib/python3.12/site-packages/airflow/example_dags/example_params_trigger_ui.py took 0.059 seconds
[2026-05-01T00:24:05.402+0000] {processor.py:161} INFO - Started process (PID=57762) to work on /home/airflow/.local/lib/python3.12/site-packages/airflow/example_dags/example_params_trigger_ui.py
[2026-05-01T00:24:05.403+0000] {processor.py:830} INFO - Processing file /home/airflow/.local/lib/python3.12/site-packages/airflow/example_dags/example_params_trigger_ui.py for tasks to queue
[2026-05-01T00:24:05.405+0000] {logging_mixin.py:188} INFO - [2026-05-01T00:24:05.405+0000] {dagbag.py:545} INFO - Filling up the DagBag from /home/airflow/.local/lib/python3.12/site-packages/airflow/example_dags/example_params_trigger_ui.py
[2026-05-01T00:24:05.411+0000] {processor.py:840} INFO - DAG(s) 'example_params_trigger_ui' retrieved from /home/airflow/.local/lib/python3.12/site-packages/airflow/example_dags/example_params_trigger_ui.py
[2026-05-01T00:24:05.432+0000] {logging_mixin.py:188} INFO - [2026-05-01T00:24:05.431+0000] {dag.py:3089} INFO - Sync 1 DAGs
[2026-05-01T00:24:05.436+0000] {logging_mixin.py:188} INFO - [2026-05-01T00:24:05.436+0000] {dag.py:3947} INFO - Setting next_dagrun for example_params_trigger_ui to None, run_after=None
[2026-05-01T00:24:05.445+0000] {processor.py:183} INFO - Processing /home/airflow/.local/lib/python3.12/site-packages/airflow/example_dags/example_params_trigger_ui.py took 0.048 seconds
[2026-05-01T00:24:36.043+0000] {processor.py:161} INFO - Started process (PID=57822) to work on /home/airflow/.local/lib/python3.12/site-packages/airflow/example_dags/example_params_trigger_ui.py
[2026-05-01T00:24:36.044+0000] {processor.py:830} INFO - Processing file /home/airflow/.local/lib/python3.12/site-packages/airflow/example_dags/example_params_trigger_ui.py for tasks to queue
[2026-05-01T00:24:36.045+0000] {logging_mixin.py:188} INFO - [2026-05-01T00:24:36.045+0000] {dagbag.py:545} INFO - Filling up the DagBag from /home/airflow/.local/lib/python3.12/site-packages/airflow/example_dags/example_params_trigger_ui.py
[2026-05-01T00:24:36.051+0000] {processor.py:840} INFO - DAG(s) 'example_params_trigger_ui' retrieved from /home/airflow/.local/lib/python3.12/site-packages/airflow/example_dags/example_params_trigger_ui.py
[2026-05-01T00:24:36.075+0000] {logging_mixin.py:188} INFO - [2026-05-01T00:24:36.075+0000] {dag.py:3089} INFO - Sync 1 DAGs
[2026-05-01T00:24:36.082+0000] {logging_mixin.py:188} INFO - [2026-05-01T00:24:36.082+0000] {dag.py:3947} INFO - Setting next_dagrun for example_params_trigger_ui to None, run_after=None
[2026-05-01T00:24:36.089+0000] {processor.py:183} INFO - Processing /home/airflow/.local/lib/python3.12/site-packages/airflow/example_dags/example_params_trigger_ui.py took 0.052 seconds
[2026-05-01T00:25:06.939+0000] {processor.py:161} INFO - Started process (PID=57882) to work on /home/airflow/.local/lib/python3.12/site-packages/airflow/example_dags/example_params_trigger_ui.py
[2026-05-01T00:25:06.941+0000] {processor.py:830} INFO - Processing file /home/airflow/.local/lib/python3.12/site-packages/airflow/example_dags/example_params_trigger_ui.py for tasks to queue
[2026-05-01T00:25:06.943+0000] {logging_mixin.py:188} INFO - [2026-05-01T00:25:06.943+0000] {dagbag.py:545} INFO - Filling up the DagBag from /home/airflow/.local/lib/python3.12/site-packages/airflow/example_dags/example_params_trigger_ui.py
[2026-05-01T00:25:06.959+0000] {processor.py:840} INFO - DAG(s) 'example_params_trigger_ui' retrieved from /home/airflow/.local/lib/python3.12/site-packages/airflow/example_dags/example_params_trigger_ui.py
[2026-05-01T00:25:07.014+0000] {logging_mixin.py:188} INFO - [2026-05-01T00:25:07.014+0000] {dag.py:3089} INFO - Sync 1 DAGs
[2026-05-01T00:25:07.023+0000] {logging_mixin.py:188} INFO - [2026-05-01T00:25:07.023+0000] {dag.py:3947} INFO - Setting next_dagrun for example_params_trigger_ui to None, run_after=None
[2026-05-01T00:25:07.043+0000] {processor.py:183} INFO - Processing /home/airflow/.local/lib/python3.12/site-packages/airflow/example_dags/example_params_trigger_ui.py took 0.109 seconds
[2026-05-01T00:25:37.628+0000] {processor.py:161} INFO - Started process (PID=57942) to work on /home/airflow/.local/lib/python3.12/site-packages/airflow/example_dags/example_params_trigger_ui.py
[2026-05-01T00:25:37.632+0000] {processor.py:830} INFO - Processing file /home/airflow/.local/lib/python3.12/site-packages/airflow/example_dags/example_params_trigger_ui.py for tasks to queue
[2026-05-01T00:25:37.636+0000] {logging_mixin.py:188} INFO - [2026-05-01T00:25:37.636+0000] {dagbag.py:545} INFO - Filling up the DagBag from /home/airflow/.local/lib/python3.12/site-packages/airflow/example_dags/example_params_trigger_ui.py
[2026-05-01T00:25:37.642+0000] {processor.py:840} INFO - DAG(s) 'example_params_trigger_ui' retrieved from /home/airflow/.local/lib/python3.12/site-packages/airflow/example_dags/example_params_trigger_ui.py
[2026-05-01T00:25:37.662+0000] {logging_mixin.py:188} INFO - [2026-05-01T00:25:37.662+0000] {dag.py:3089} INFO - Sync 1 DAGs
[2026-05-01T00:25:37.669+0000] {logging_mixin.py:188} INFO - [2026-05-01T00:25:37.669+0000] {dag.py:3947} INFO - Setting next_dagrun for example_params_trigger_ui to None, run_after=None
[2026-05-01T00:25:37.677+0000] {processor.py:183} INFO - Processing /home/airflow/.local/lib/python3.12/site-packages/airflow/example_dags/example_params_trigger_ui.py took 0.055 seconds
[2026-05-01T00:26:08.555+0000] {processor.py:161} INFO - Started process (PID=58002) to work on /home/airflow/.local/lib/python3.12/site-packages/airflow/example_dags/example_params_trigger_ui.py
[2026-05-01T00:26:08.556+0000] {processor.py:830} INFO - Processing file /home/airflow/.local/lib/python3.12/site-packages/airflow/example_dags/example_params_trigger_ui.py for tasks to queue
[2026-05-01T00:26:08.559+0000] {logging_mixin.py:188} INFO - [2026-05-01T00:26:08.559+0000] {dagbag.py:545} INFO - Filling up the DagBag from /home/airflow/.local/lib/python3.12/site-packages/airflow/example_dags/example_params_trigger_ui.py
[2026-05-01T00:26:08.563+0000] {processor.py:840} INFO - DAG(s) 'example_params_trigger_ui' retrieved from /home/airflow/.local/lib/python3.12/site-packages/airflow/example_dags/example_params_trigger_ui.py
[2026-05-01T00:26:08.580+0000] {logging_mixin.py:188} INFO - [2026-05-01T00:26:08.580+0000] {dag.py:3089} INFO - Sync 1 DAGs
[2026-05-01T00:26:08.586+0000] {logging_mixin.py:188} INFO - [2026-05-01T00:26:08.585+0000] {dag.py:3947} INFO - Setting next_dagrun for example_params_trigger_ui to None, run_after=None
[2026-05-01T00:26:08.594+0000] {processor.py:183} INFO - Processing /home/airflow/.local/lib/python3.12/site-packages/airflow/example_dags/example_params_trigger_ui.py took 0.042 seconds
[2026-05-01T00:26:39.371+0000] {processor.py:161} INFO - Started process (PID=58068) to work on /home/airflow/.local/lib/python3.12/site-packages/airflow/example_dags/example_params_trigger_ui.py
[2026-05-01T00:26:39.373+0000] {processor.py:830} INFO - Processing file /home/airflow/.local/lib/python3.12/site-packages/airflow/example_dags/example_params_trigger_ui.py for tasks to queue
[2026-05-01T00:26:39.376+0000] {logging_mixin.py:188} INFO - [2026-05-01T00:26:39.375+0000] {dagbag.py:545} INFO - Filling up the DagBag from /home/airflow/.local/lib/python3.12/site-packages/airflow/example_dags/example_params_trigger_ui.py
[2026-05-01T00:26:39.383+0000] {processor.py:840} INFO - DAG(s) 'example_params_trigger_ui' retrieved from /home/airflow/.local/lib/python3.12/site-packages/airflow/example_dags/example_params_trigger_ui.py
[2026-05-01T00:26:39.408+0000] {logging_mixin.py:188} INFO - [2026-05-01T00:26:39.408+0000] {dag.py:3089} INFO - Sync 1 DAGs
[2026-05-01T00:26:39.415+0000] {logging_mixin.py:188} INFO - [2026-05-01T00:26:39.415+0000] {dag.py:3947} INFO - Setting next_dagrun for example_params_trigger_ui to None, run_after=None
[2026-05-01T00:26:39.424+0000] {processor.py:183} INFO - Processing /home/airflow/.local/lib/python3.12/site-packages/airflow/example_dags/example_params_trigger_ui.py took 0.059 seconds
[2026-05-01T00:27:10.197+0000] {processor.py:161} INFO - Started process (PID=58128) to work on /home/airflow/.local/lib/python3.12/site-packages/airflow/example_dags/example_params_trigger_ui.py
[2026-05-01T00:27:10.198+0000] {processor.py:830} INFO - Processing file /home/airflow/.local/lib/python3.12/site-packages/airflow/example_dags/example_params_trigger_ui.py for tasks to queue
[2026-05-01T00:27:10.199+0000] {logging_mixin.py:188} INFO - [2026-05-01T00:27:10.199+0000] {dagbag.py:545} INFO - Filling up the DagBag from /home/airflow/.local/lib/python3.12/site-packages/airflow/example_dags/example_params_trigger_ui.py
[2026-05-01T00:27:10.207+0000] {processor.py:840} INFO - DAG(s) 'example_params_trigger_ui' retrieved from /home/airflow/.local/lib/python3.12/site-packages/airflow/example_dags/example_params_trigger_ui.py
[2026-05-01T00:27:10.229+0000] {logging_mixin.py:188} INFO - [2026-05-01T00:27:10.228+0000] {dag.py:3089} INFO - Sync 1 DAGs
[2026-05-01T00:27:10.234+0000] {logging_mixin.py:188} INFO - [2026-05-01T00:27:10.234+0000] {dag.py:3947} INFO - Setting next_dagrun for example_params_trigger_ui to None, run_after=None
[2026-05-01T00:27:10.243+0000] {processor.py:183} INFO - Processing /home/airflow/.local/lib/python3.12/site-packages/airflow/example_dags/example_params_trigger_ui.py took 0.050 seconds
[2026-05-01T00:27:40.944+0000] {processor.py:161} INFO - Started process (PID=58188) to work on /home/airflow/.local/lib/python3.12/site-packages/airflow/example_dags/example_params_trigger_ui.py
[2026-05-01T00:27:40.946+0000] {processor.py:830} INFO - Processing file /home/airflow/.local/lib/python3.12/site-packages/airflow/example_dags/example_params_trigger_ui.py for tasks to queue
[2026-05-01T00:27:40.951+0000] {logging_mixin.py:188} INFO - [2026-05-01T00:27:40.950+0000] {dagbag.py:545} INFO - Filling up the DagBag from /home/airflow/.local/lib/python3.12/site-packages/airflow/example_dags/example_params_trigger_ui.py
[2026-05-01T00:27:40.958+0000] {processor.py:840} INFO - DAG(s) 'example_params_trigger_ui' retrieved from /home/airflow/.local/lib/python3.12/site-packages/airflow/example_dags/example_params_trigger_ui.py
[2026-05-01T00:27:40.978+0000] {logging_mixin.py:188} INFO - [2026-05-01T00:27:40.978+0000] {dag.py:3089} INFO - Sync 1 DAGs
[2026-05-01T00:27:40.983+0000] {logging_mixin.py:188} INFO - [2026-05-01T00:27:40.983+0000] {dag.py:3947} INFO - Setting next_dagrun for example_params_trigger_ui to None, run_after=None
[2026-05-01T00:27:40.991+0000] {processor.py:183} INFO - Processing /home/airflow/.local/lib/python3.12/site-packages/airflow/example_dags/example_params_trigger_ui.py took 0.052 seconds
[2026-05-01T00:28:11.728+0000] {processor.py:161} INFO - Started process (PID=58247) to work on /home/airflow/.local/lib/python3.12/site-packages/airflow/example_dags/example_params_trigger_ui.py
[2026-05-01T00:28:11.730+0000] {processor.py:830} INFO - Processing file /home/airflow/.local/lib/python3.12/site-packages/airflow/example_dags/example_params_trigger_ui.py for tasks to queue
[2026-05-01T00:28:11.731+0000] {logging_mixin.py:188} INFO - [2026-05-01T00:28:11.731+0000] {dagbag.py:545} INFO - Filling up the DagBag from /home/airflow/.local/lib/python3.12/site-packages/airflow/example_dags/example_params_trigger_ui.py
[2026-05-01T00:28:11.737+0000] {processor.py:840} INFO - DAG(s) 'example_params_trigger_ui' retrieved from /home/airflow/.local/lib/python3.12/site-packages/airflow/example_dags/example_params_trigger_ui.py
[2026-05-01T00:28:11.763+0000] {logging_mixin.py:188} INFO - [2026-05-01T00:28:11.763+0000] {dag.py:3089} INFO - Sync 1 DAGs
[2026-05-01T00:28:11.770+0000] {logging_mixin.py:188} INFO - [2026-05-01T00:28:11.770+0000] {dag.py:3947} INFO - Setting next_dagrun for example_params_trigger_ui to None, run_after=None
[2026-05-01T00:28:11.777+0000] {processor.py:183} INFO - Processing /home/airflow/.local/lib/python3.12/site-packages/airflow/example_dags/example_params_trigger_ui.py took 0.054 seconds
[2026-05-01T00:28:42.536+0000] {processor.py:161} INFO - Started process (PID=58307) to work on /home/airflow/.local/lib/python3.12/site-packages/airflow/example_dags/example_params_trigger_ui.py
[2026-05-01T00:28:42.537+0000] {processor.py:830} INFO - Processing file /home/airflow/.local/lib/python3.12/site-packages/airflow/example_dags/example_params_trigger_ui.py for tasks to queue
[2026-05-01T00:28:42.539+0000] {logging_mixin.py:188} INFO - [2026-05-01T00:28:42.539+0000] {dagbag.py:545} INFO - Filling up the DagBag from /home/airflow/.local/lib/python3.12/site-packages/airflow/example_dags/example_params_trigger_ui.py
[2026-05-01T00:28:42.546+0000] {processor.py:840} INFO - DAG(s) 'example_params_trigger_ui' retrieved from /home/airflow/.local/lib/python3.12/site-packages/airflow/example_dags/example_params_trigger_ui.py
[2026-05-01T00:28:42.573+0000] {logging_mixin.py:188} INFO - [2026-05-01T00:28:42.573+0000] {dag.py:3089} INFO - Sync 1 DAGs
[2026-05-01T00:28:42.580+0000] {logging_mixin.py:188} INFO - [2026-05-01T00:28:42.580+0000] {dag.py:3947} INFO - Setting next_dagrun for example_params_trigger_ui to None, run_after=None
[2026-05-01T00:28:42.587+0000] {processor.py:183} INFO - Processing /home/airflow/.local/lib/python3.12/site-packages/airflow/example_dags/example_params_trigger_ui.py took 0.057 seconds
[2026-05-01T00:29:13.275+0000] {processor.py:161} INFO - Started process (PID=58367) to work on /home/airflow/.local/lib/python3.12/site-packages/airflow/example_dags/example_params_trigger_ui.py
[2026-05-01T00:29:13.277+0000] {processor.py:830} INFO - Processing file /home/airflow/.local/lib/python3.12/site-packages/airflow/example_dags/example_params_trigger_ui.py for tasks to queue
[2026-05-01T00:29:13.281+0000] {logging_mixin.py:188} INFO - [2026-05-01T00:29:13.280+0000] {dagbag.py:545} INFO - Filling up the DagBag from /home/airflow/.local/lib/python3.12/site-packages/airflow/example_dags/example_params_trigger_ui.py
[2026-05-01T00:29:13.290+0000] {processor.py:840} INFO - DAG(s) 'example_params_trigger_ui' retrieved from /home/airflow/.local/lib/python3.12/site-packages/airflow/example_dags/example_params_trigger_ui.py
[2026-05-01T00:29:13.311+0000] {logging_mixin.py:188} INFO - [2026-05-01T00:29:13.311+0000] {dag.py:3089} INFO - Sync 1 DAGs
[2026-05-01T00:29:13.318+0000] {logging_mixin.py:188} INFO - [2026-05-01T00:29:13.318+0000] {dag.py:3947} INFO - Setting next_dagrun for example_params_trigger_ui to None, run_after=None
[2026-05-01T00:29:13.327+0000] {processor.py:183} INFO - Processing /home/airflow/.local/lib/python3.12/site-packages/airflow/example_dags/example_params_trigger_ui.py took 0.056 seconds
[2026-05-01T00:29:43.451+0000] {processor.py:161} INFO - Started process (PID=58427) to work on /home/airflow/.local/lib/python3.12/site-packages/airflow/example_dags/example_params_trigger_ui.py
[2026-05-01T00:29:43.453+0000] {processor.py:830} INFO - Processing file /home/airflow/.local/lib/python3.12/site-packages/airflow/example_dags/example_params_trigger_ui.py for tasks to queue
[2026-05-01T00:29:43.458+0000] {logging_mixin.py:188} INFO - [2026-05-01T00:29:43.457+0000] {dagbag.py:545} INFO - Filling up the DagBag from /home/airflow/.local/lib/python3.12/site-packages/airflow/example_dags/example_params_trigger_ui.py
[2026-05-01T00:29:43.472+0000] {processor.py:840} INFO - DAG(s) 'example_params_trigger_ui' retrieved from /home/airflow/.local/lib/python3.12/site-packages/airflow/example_dags/example_params_trigger_ui.py
[2026-05-01T00:29:43.509+0000] {logging_mixin.py:188} INFO - [2026-05-01T00:29:43.509+0000] {dag.py:3089} INFO - Sync 1 DAGs
[2026-05-01T00:29:43.518+0000] {logging_mixin.py:188} INFO - [2026-05-01T00:29:43.518+0000] {dag.py:3947} INFO - Setting next_dagrun for example_params_trigger_ui to None, run_after=None
[2026-05-01T00:29:43.528+0000] {processor.py:183} INFO - Processing /home/airflow/.local/lib/python3.12/site-packages/airflow/example_dags/example_params_trigger_ui.py took 0.102 seconds
[2026-05-01T00:30:13.593+0000] {processor.py:161} INFO - Started process (PID=58487) to work on /home/airflow/.local/lib/python3.12/site-packages/airflow/example_dags/example_params_trigger_ui.py
[2026-05-01T00:30:13.593+0000] {processor.py:830} INFO - Processing file /home/airflow/.local/lib/python3.12/site-packages/airflow/example_dags/example_params_trigger_ui.py for tasks to queue
[2026-05-01T00:30:13.594+0000] {logging_mixin.py:188} INFO - [2026-05-01T00:30:13.594+0000] {dagbag.py:545} INFO - Filling up the DagBag from /home/airflow/.local/lib/python3.12/site-packages/airflow/example_dags/example_params_trigger_ui.py
[2026-05-01T00:30:13.601+0000] {processor.py:840} INFO - DAG(s) 'example_params_trigger_ui' retrieved from /home/airflow/.local/lib/python3.12/site-packages/airflow/example_dags/example_params_trigger_ui.py
[2026-05-01T00:30:13.624+0000] {logging_mixin.py:188} INFO - [2026-05-01T00:30:13.624+0000] {dag.py:3089} INFO - Sync 1 DAGs
[2026-05-01T00:30:13.630+0000] {logging_mixin.py:188} INFO - [2026-05-01T00:30:13.630+0000] {dag.py:3947} INFO - Setting next_dagrun for example_params_trigger_ui to None, run_after=None
[2026-05-01T00:30:13.636+0000] {processor.py:183} INFO - Processing /home/airflow/.local/lib/python3.12/site-packages/airflow/example_dags/example_params_trigger_ui.py took 0.046 seconds
