[2026-05-01T00:00:28.861+0000] {processor.py:161} INFO - Started process (PID=54967) to work on /home/airflow/.local/lib/python3.12/site-packages/airflow/example_dags/example_branch_datetime_operator.py
[2026-05-01T00:00:28.862+0000] {processor.py:830} INFO - Processing file /home/airflow/.local/lib/python3.12/site-packages/airflow/example_dags/example_branch_datetime_operator.py for tasks to queue
[2026-05-01T00:00:28.864+0000] {logging_mixin.py:188} INFO - [2026-05-01T00:00:28.864+0000] {dagbag.py:545} INFO - Filling up the DagBag from /home/airflow/.local/lib/python3.12/site-packages/airflow/example_dags/example_branch_datetime_operator.py
[2026-05-01T00:00:28.874+0000] {processor.py:840} INFO - DAG(s) 'example_branch_datetime_operator_3', 'example_branch_datetime_operator', 'example_branch_datetime_operator_2' retrieved from /home/airflow/.local/lib/python3.12/site-packages/airflow/example_dags/example_branch_datetime_operator.py
[2026-05-01T00:00:28.891+0000] {logging_mixin.py:188} INFO - [2026-05-01T00:00:28.891+0000] {dag.py:3089} INFO - Sync 3 DAGs
[2026-05-01T00:00:28.902+0000] {logging_mixin.py:188} INFO - [2026-05-01T00:00:28.902+0000] {dag.py:3947} INFO - Setting next_dagrun for example_branch_datetime_operator to 2026-04-30 00:00:00+00:00, run_after=2026-05-01 00:00:00+00:00
[2026-05-01T00:00:28.905+0000] {logging_mixin.py:188} INFO - [2026-05-01T00:00:28.905+0000] {dag.py:3947} INFO - Setting next_dagrun for example_branch_datetime_operator_2 to 2026-04-30 00:00:00+00:00, run_after=2026-05-01 00:00:00+00:00
[2026-05-01T00:00:28.907+0000] {logging_mixin.py:188} INFO - [2026-05-01T00:00:28.907+0000] {dag.py:3947} INFO - Setting next_dagrun for example_branch_datetime_operator_3 to 2026-04-30 00:00:00+00:00, run_after=2026-05-01 00:00:00+00:00
[2026-05-01T00:00:28.915+0000] {processor.py:183} INFO - Processing /home/airflow/.local/lib/python3.12/site-packages/airflow/example_dags/example_branch_datetime_operator.py took 0.061 seconds
[2026-05-01T00:00:59.597+0000] {processor.py:161} INFO - Started process (PID=55027) to work on /home/airflow/.local/lib/python3.12/site-packages/airflow/example_dags/example_branch_datetime_operator.py
[2026-05-01T00:00:59.598+0000] {processor.py:830} INFO - Processing file /home/airflow/.local/lib/python3.12/site-packages/airflow/example_dags/example_branch_datetime_operator.py for tasks to queue
[2026-05-01T00:00:59.600+0000] {logging_mixin.py:188} INFO - [2026-05-01T00:00:59.599+0000] {dagbag.py:545} INFO - Filling up the DagBag from /home/airflow/.local/lib/python3.12/site-packages/airflow/example_dags/example_branch_datetime_operator.py
[2026-05-01T00:00:59.607+0000] {processor.py:840} INFO - DAG(s) 'example_branch_datetime_operator', 'example_branch_datetime_operator_2', 'example_branch_datetime_operator_3' retrieved from /home/airflow/.local/lib/python3.12/site-packages/airflow/example_dags/example_branch_datetime_operator.py
[2026-05-01T00:00:59.624+0000] {logging_mixin.py:188} INFO - [2026-05-01T00:00:59.624+0000] {dag.py:3089} INFO - Sync 3 DAGs
[2026-05-01T00:00:59.637+0000] {logging_mixin.py:188} INFO - [2026-05-01T00:00:59.637+0000] {dag.py:3947} INFO - Setting next_dagrun for example_branch_datetime_operator to 2026-04-30 00:00:00+00:00, run_after=2026-05-01 00:00:00+00:00
[2026-05-01T00:00:59.639+0000] {logging_mixin.py:188} INFO - [2026-05-01T00:00:59.639+0000] {dag.py:3947} INFO - Setting next_dagrun for example_branch_datetime_operator_2 to 2026-04-30 00:00:00+00:00, run_after=2026-05-01 00:00:00+00:00
[2026-05-01T00:00:59.640+0000] {logging_mixin.py:188} INFO - [2026-05-01T00:00:59.640+0000] {dag.py:3947} INFO - Setting next_dagrun for example_branch_datetime_operator_3 to 2026-04-30 00:00:00+00:00, run_after=2026-05-01 00:00:00+00:00
[2026-05-01T00:00:59.649+0000] {processor.py:183} INFO - Processing /home/airflow/.local/lib/python3.12/site-packages/airflow/example_dags/example_branch_datetime_operator.py took 0.061 seconds
[2026-05-01T00:01:30.330+0000] {processor.py:161} INFO - Started process (PID=55087) to work on /home/airflow/.local/lib/python3.12/site-packages/airflow/example_dags/example_branch_datetime_operator.py
[2026-05-01T00:01:30.332+0000] {processor.py:830} INFO - Processing file /home/airflow/.local/lib/python3.12/site-packages/airflow/example_dags/example_branch_datetime_operator.py for tasks to queue
[2026-05-01T00:01:30.334+0000] {logging_mixin.py:188} INFO - [2026-05-01T00:01:30.334+0000] {dagbag.py:545} INFO - Filling up the DagBag from /home/airflow/.local/lib/python3.12/site-packages/airflow/example_dags/example_branch_datetime_operator.py
[2026-05-01T00:01:30.344+0000] {processor.py:840} INFO - DAG(s) 'example_branch_datetime_operator_2', 'example_branch_datetime_operator', 'example_branch_datetime_operator_3' retrieved from /home/airflow/.local/lib/python3.12/site-packages/airflow/example_dags/example_branch_datetime_operator.py
[2026-05-01T00:01:30.362+0000] {logging_mixin.py:188} INFO - [2026-05-01T00:01:30.362+0000] {dag.py:3089} INFO - Sync 3 DAGs
[2026-05-01T00:01:30.377+0000] {logging_mixin.py:188} INFO - [2026-05-01T00:01:30.377+0000] {dag.py:3947} INFO - Setting next_dagrun for example_branch_datetime_operator to 2026-04-30 00:00:00+00:00, run_after=2026-05-01 00:00:00+00:00
[2026-05-01T00:01:30.381+0000] {logging_mixin.py:188} INFO - [2026-05-01T00:01:30.381+0000] {dag.py:3947} INFO - Setting next_dagrun for example_branch_datetime_operator_2 to 2026-04-30 00:00:00+00:00, run_after=2026-05-01 00:00:00+00:00
[2026-05-01T00:01:30.382+0000] {logging_mixin.py:188} INFO - [2026-05-01T00:01:30.382+0000] {dag.py:3947} INFO - Setting next_dagrun for example_branch_datetime_operator_3 to 2026-04-30 00:00:00+00:00, run_after=2026-05-01 00:00:00+00:00
[2026-05-01T00:01:30.390+0000] {processor.py:183} INFO - Processing /home/airflow/.local/lib/python3.12/site-packages/airflow/example_dags/example_branch_datetime_operator.py took 0.067 seconds
[2026-05-01T00:02:01.165+0000] {processor.py:161} INFO - Started process (PID=55147) to work on /home/airflow/.local/lib/python3.12/site-packages/airflow/example_dags/example_branch_datetime_operator.py
[2026-05-01T00:02:01.166+0000] {processor.py:830} INFO - Processing file /home/airflow/.local/lib/python3.12/site-packages/airflow/example_dags/example_branch_datetime_operator.py for tasks to queue
[2026-05-01T00:02:01.167+0000] {logging_mixin.py:188} INFO - [2026-05-01T00:02:01.167+0000] {dagbag.py:545} INFO - Filling up the DagBag from /home/airflow/.local/lib/python3.12/site-packages/airflow/example_dags/example_branch_datetime_operator.py
[2026-05-01T00:02:01.178+0000] {processor.py:840} INFO - DAG(s) 'example_branch_datetime_operator', 'example_branch_datetime_operator_2', 'example_branch_datetime_operator_3' retrieved from /home/airflow/.local/lib/python3.12/site-packages/airflow/example_dags/example_branch_datetime_operator.py
[2026-05-01T00:02:01.197+0000] {logging_mixin.py:188} INFO - [2026-05-01T00:02:01.197+0000] {dag.py:3089} INFO - Sync 3 DAGs
[2026-05-01T00:02:01.207+0000] {logging_mixin.py:188} INFO - [2026-05-01T00:02:01.207+0000] {dag.py:3947} INFO - Setting next_dagrun for example_branch_datetime_operator to 2026-04-30 00:00:00+00:00, run_after=2026-05-01 00:00:00+00:00
[2026-05-01T00:02:01.209+0000] {logging_mixin.py:188} INFO - [2026-05-01T00:02:01.209+0000] {dag.py:3947} INFO - Setting next_dagrun for example_branch_datetime_operator_2 to 2026-04-30 00:00:00+00:00, run_after=2026-05-01 00:00:00+00:00
[2026-05-01T00:02:01.210+0000] {logging_mixin.py:188} INFO - [2026-05-01T00:02:01.210+0000] {dag.py:3947} INFO - Setting next_dagrun for example_branch_datetime_operator_3 to 2026-04-30 00:00:00+00:00, run_after=2026-05-01 00:00:00+00:00
[2026-05-01T00:02:01.218+0000] {processor.py:183} INFO - Processing /home/airflow/.local/lib/python3.12/site-packages/airflow/example_dags/example_branch_datetime_operator.py took 0.062 seconds
[2026-05-01T00:02:31.504+0000] {processor.py:161} INFO - Started process (PID=55207) to work on /home/airflow/.local/lib/python3.12/site-packages/airflow/example_dags/example_branch_datetime_operator.py
[2026-05-01T00:02:31.505+0000] {processor.py:830} INFO - Processing file /home/airflow/.local/lib/python3.12/site-packages/airflow/example_dags/example_branch_datetime_operator.py for tasks to queue
[2026-05-01T00:02:31.508+0000] {logging_mixin.py:188} INFO - [2026-05-01T00:02:31.507+0000] {dagbag.py:545} INFO - Filling up the DagBag from /home/airflow/.local/lib/python3.12/site-packages/airflow/example_dags/example_branch_datetime_operator.py
[2026-05-01T00:02:31.518+0000] {processor.py:840} INFO - DAG(s) 'example_branch_datetime_operator_2', 'example_branch_datetime_operator', 'example_branch_datetime_operator_3' retrieved from /home/airflow/.local/lib/python3.12/site-packages/airflow/example_dags/example_branch_datetime_operator.py
[2026-05-01T00:02:31.539+0000] {logging_mixin.py:188} INFO - [2026-05-01T00:02:31.539+0000] {dag.py:3089} INFO - Sync 3 DAGs
[2026-05-01T00:02:31.549+0000] {logging_mixin.py:188} INFO - [2026-05-01T00:02:31.548+0000] {dag.py:3947} INFO - Setting next_dagrun for example_branch_datetime_operator to 2026-04-30 00:00:00+00:00, run_after=2026-05-01 00:00:00+00:00
[2026-05-01T00:02:31.552+0000] {logging_mixin.py:188} INFO - [2026-05-01T00:02:31.551+0000] {dag.py:3947} INFO - Setting next_dagrun for example_branch_datetime_operator_2 to 2026-04-30 00:00:00+00:00, run_after=2026-05-01 00:00:00+00:00
[2026-05-01T00:02:31.553+0000] {logging_mixin.py:188} INFO - [2026-05-01T00:02:31.553+0000] {dag.py:3947} INFO - Setting next_dagrun for example_branch_datetime_operator_3 to 2026-04-30 00:00:00+00:00, run_after=2026-05-01 00:00:00+00:00
[2026-05-01T00:02:31.561+0000] {processor.py:183} INFO - Processing /home/airflow/.local/lib/python3.12/site-packages/airflow/example_dags/example_branch_datetime_operator.py took 0.064 seconds
[2026-05-01T00:03:02.368+0000] {processor.py:161} INFO - Started process (PID=55267) to work on /home/airflow/.local/lib/python3.12/site-packages/airflow/example_dags/example_branch_datetime_operator.py
[2026-05-01T00:03:02.370+0000] {processor.py:830} INFO - Processing file /home/airflow/.local/lib/python3.12/site-packages/airflow/example_dags/example_branch_datetime_operator.py for tasks to queue
[2026-05-01T00:03:02.372+0000] {logging_mixin.py:188} INFO - [2026-05-01T00:03:02.371+0000] {dagbag.py:545} INFO - Filling up the DagBag from /home/airflow/.local/lib/python3.12/site-packages/airflow/example_dags/example_branch_datetime_operator.py
[2026-05-01T00:03:02.379+0000] {processor.py:840} INFO - DAG(s) 'example_branch_datetime_operator_2', 'example_branch_datetime_operator_3', 'example_branch_datetime_operator' retrieved from /home/airflow/.local/lib/python3.12/site-packages/airflow/example_dags/example_branch_datetime_operator.py
[2026-05-01T00:03:02.397+0000] {logging_mixin.py:188} INFO - [2026-05-01T00:03:02.397+0000] {dag.py:3089} INFO - Sync 3 DAGs
[2026-05-01T00:03:02.409+0000] {logging_mixin.py:188} INFO - [2026-05-01T00:03:02.409+0000] {dag.py:3947} INFO - Setting next_dagrun for example_branch_datetime_operator to 2026-04-30 00:00:00+00:00, run_after=2026-05-01 00:00:00+00:00
[2026-05-01T00:03:02.411+0000] {logging_mixin.py:188} INFO - [2026-05-01T00:03:02.411+0000] {dag.py:3947} INFO - Setting next_dagrun for example_branch_datetime_operator_2 to 2026-04-30 00:00:00+00:00, run_after=2026-05-01 00:00:00+00:00
[2026-05-01T00:03:02.412+0000] {logging_mixin.py:188} INFO - [2026-05-01T00:03:02.412+0000] {dag.py:3947} INFO - Setting next_dagrun for example_branch_datetime_operator_3 to 2026-04-30 00:00:00+00:00, run_after=2026-05-01 00:00:00+00:00
[2026-05-01T00:03:02.420+0000] {processor.py:183} INFO - Processing /home/airflow/.local/lib/python3.12/site-packages/airflow/example_dags/example_branch_datetime_operator.py took 0.059 seconds
[2026-05-01T00:03:33.080+0000] {processor.py:161} INFO - Started process (PID=55327) to work on /home/airflow/.local/lib/python3.12/site-packages/airflow/example_dags/example_branch_datetime_operator.py
[2026-05-01T00:03:33.081+0000] {processor.py:830} INFO - Processing file /home/airflow/.local/lib/python3.12/site-packages/airflow/example_dags/example_branch_datetime_operator.py for tasks to queue
[2026-05-01T00:03:33.083+0000] {logging_mixin.py:188} INFO - [2026-05-01T00:03:33.083+0000] {dagbag.py:545} INFO - Filling up the DagBag from /home/airflow/.local/lib/python3.12/site-packages/airflow/example_dags/example_branch_datetime_operator.py
[2026-05-01T00:03:33.090+0000] {processor.py:840} INFO - DAG(s) 'example_branch_datetime_operator', 'example_branch_datetime_operator_2', 'example_branch_datetime_operator_3' retrieved from /home/airflow/.local/lib/python3.12/site-packages/airflow/example_dags/example_branch_datetime_operator.py
[2026-05-01T00:03:33.107+0000] {logging_mixin.py:188} INFO - [2026-05-01T00:03:33.107+0000] {dag.py:3089} INFO - Sync 3 DAGs
[2026-05-01T00:03:33.117+0000] {logging_mixin.py:188} INFO - [2026-05-01T00:03:33.117+0000] {dag.py:3947} INFO - Setting next_dagrun for example_branch_datetime_operator to 2026-04-30 00:00:00+00:00, run_after=2026-05-01 00:00:00+00:00
[2026-05-01T00:03:33.119+0000] {logging_mixin.py:188} INFO - [2026-05-01T00:03:33.119+0000] {dag.py:3947} INFO - Setting next_dagrun for example_branch_datetime_operator_2 to 2026-04-30 00:00:00+00:00, run_after=2026-05-01 00:00:00+00:00
[2026-05-01T00:03:33.120+0000] {logging_mixin.py:188} INFO - [2026-05-01T00:03:33.120+0000] {dag.py:3947} INFO - Setting next_dagrun for example_branch_datetime_operator_3 to 2026-04-30 00:00:00+00:00, run_after=2026-05-01 00:00:00+00:00
[2026-05-01T00:03:33.128+0000] {processor.py:183} INFO - Processing /home/airflow/.local/lib/python3.12/site-packages/airflow/example_dags/example_branch_datetime_operator.py took 0.056 seconds
[2026-05-01T00:04:03.833+0000] {processor.py:161} INFO - Started process (PID=55387) to work on /home/airflow/.local/lib/python3.12/site-packages/airflow/example_dags/example_branch_datetime_operator.py
[2026-05-01T00:04:03.834+0000] {processor.py:830} INFO - Processing file /home/airflow/.local/lib/python3.12/site-packages/airflow/example_dags/example_branch_datetime_operator.py for tasks to queue
[2026-05-01T00:04:03.836+0000] {logging_mixin.py:188} INFO - [2026-05-01T00:04:03.836+0000] {dagbag.py:545} INFO - Filling up the DagBag from /home/airflow/.local/lib/python3.12/site-packages/airflow/example_dags/example_branch_datetime_operator.py
[2026-05-01T00:04:03.843+0000] {processor.py:840} INFO - DAG(s) 'example_branch_datetime_operator_3', 'example_branch_datetime_operator_2', 'example_branch_datetime_operator' retrieved from /home/airflow/.local/lib/python3.12/site-packages/airflow/example_dags/example_branch_datetime_operator.py
[2026-05-01T00:04:03.861+0000] {logging_mixin.py:188} INFO - [2026-05-01T00:04:03.861+0000] {dag.py:3089} INFO - Sync 3 DAGs
[2026-05-01T00:04:03.872+0000] {logging_mixin.py:188} INFO - [2026-05-01T00:04:03.872+0000] {dag.py:3947} INFO - Setting next_dagrun for example_branch_datetime_operator to 2026-04-30 00:00:00+00:00, run_after=2026-05-01 00:00:00+00:00
[2026-05-01T00:04:03.875+0000] {logging_mixin.py:188} INFO - [2026-05-01T00:04:03.875+0000] {dag.py:3947} INFO - Setting next_dagrun for example_branch_datetime_operator_2 to 2026-04-30 00:00:00+00:00, run_after=2026-05-01 00:00:00+00:00
[2026-05-01T00:04:03.876+0000] {logging_mixin.py:188} INFO - [2026-05-01T00:04:03.876+0000] {dag.py:3947} INFO - Setting next_dagrun for example_branch_datetime_operator_3 to 2026-04-30 00:00:00+00:00, run_after=2026-05-01 00:00:00+00:00
[2026-05-01T00:04:03.884+0000] {processor.py:183} INFO - Processing /home/airflow/.local/lib/python3.12/site-packages/airflow/example_dags/example_branch_datetime_operator.py took 0.057 seconds
[2026-05-01T00:04:34.544+0000] {processor.py:161} INFO - Started process (PID=55447) to work on /home/airflow/.local/lib/python3.12/site-packages/airflow/example_dags/example_branch_datetime_operator.py
[2026-05-01T00:04:34.545+0000] {processor.py:830} INFO - Processing file /home/airflow/.local/lib/python3.12/site-packages/airflow/example_dags/example_branch_datetime_operator.py for tasks to queue
[2026-05-01T00:04:34.547+0000] {logging_mixin.py:188} INFO - [2026-05-01T00:04:34.547+0000] {dagbag.py:545} INFO - Filling up the DagBag from /home/airflow/.local/lib/python3.12/site-packages/airflow/example_dags/example_branch_datetime_operator.py
[2026-05-01T00:04:34.558+0000] {processor.py:840} INFO - DAG(s) 'example_branch_datetime_operator', 'example_branch_datetime_operator_2', 'example_branch_datetime_operator_3' retrieved from /home/airflow/.local/lib/python3.12/site-packages/airflow/example_dags/example_branch_datetime_operator.py
[2026-05-01T00:04:34.574+0000] {logging_mixin.py:188} INFO - [2026-05-01T00:04:34.573+0000] {dag.py:3089} INFO - Sync 3 DAGs
[2026-05-01T00:04:34.590+0000] {logging_mixin.py:188} INFO - [2026-05-01T00:04:34.590+0000] {dag.py:3947} INFO - Setting next_dagrun for example_branch_datetime_operator to 2026-04-30 00:00:00+00:00, run_after=2026-05-01 00:00:00+00:00
[2026-05-01T00:04:34.592+0000] {logging_mixin.py:188} INFO - [2026-05-01T00:04:34.592+0000] {dag.py:3947} INFO - Setting next_dagrun for example_branch_datetime_operator_2 to 2026-04-30 00:00:00+00:00, run_after=2026-05-01 00:00:00+00:00
[2026-05-01T00:04:34.593+0000] {logging_mixin.py:188} INFO - [2026-05-01T00:04:34.593+0000] {dag.py:3947} INFO - Setting next_dagrun for example_branch_datetime_operator_3 to 2026-04-30 00:00:00+00:00, run_after=2026-05-01 00:00:00+00:00
[2026-05-01T00:04:34.600+0000] {processor.py:183} INFO - Processing /home/airflow/.local/lib/python3.12/site-packages/airflow/example_dags/example_branch_datetime_operator.py took 0.062 seconds
[2026-05-01T00:05:05.303+0000] {processor.py:161} INFO - Started process (PID=55507) to work on /home/airflow/.local/lib/python3.12/site-packages/airflow/example_dags/example_branch_datetime_operator.py
[2026-05-01T00:05:05.305+0000] {processor.py:830} INFO - Processing file /home/airflow/.local/lib/python3.12/site-packages/airflow/example_dags/example_branch_datetime_operator.py for tasks to queue
[2026-05-01T00:05:05.306+0000] {logging_mixin.py:188} INFO - [2026-05-01T00:05:05.306+0000] {dagbag.py:545} INFO - Filling up the DagBag from /home/airflow/.local/lib/python3.12/site-packages/airflow/example_dags/example_branch_datetime_operator.py
[2026-05-01T00:05:05.314+0000] {processor.py:840} INFO - DAG(s) 'example_branch_datetime_operator', 'example_branch_datetime_operator_2', 'example_branch_datetime_operator_3' retrieved from /home/airflow/.local/lib/python3.12/site-packages/airflow/example_dags/example_branch_datetime_operator.py
[2026-05-01T00:05:05.332+0000] {logging_mixin.py:188} INFO - [2026-05-01T00:05:05.332+0000] {dag.py:3089} INFO - Sync 3 DAGs
[2026-05-01T00:05:05.344+0000] {logging_mixin.py:188} INFO - [2026-05-01T00:05:05.344+0000] {dag.py:3947} INFO - Setting next_dagrun for example_branch_datetime_operator to 2026-04-30 00:00:00+00:00, run_after=2026-05-01 00:00:00+00:00
[2026-05-01T00:05:05.347+0000] {logging_mixin.py:188} INFO - [2026-05-01T00:05:05.347+0000] {dag.py:3947} INFO - Setting next_dagrun for example_branch_datetime_operator_2 to 2026-04-30 00:00:00+00:00, run_after=2026-05-01 00:00:00+00:00
[2026-05-01T00:05:05.348+0000] {logging_mixin.py:188} INFO - [2026-05-01T00:05:05.348+0000] {dag.py:3947} INFO - Setting next_dagrun for example_branch_datetime_operator_3 to 2026-04-30 00:00:00+00:00, run_after=2026-05-01 00:00:00+00:00
[2026-05-01T00:05:05.358+0000] {processor.py:183} INFO - Processing /home/airflow/.local/lib/python3.12/site-packages/airflow/example_dags/example_branch_datetime_operator.py took 0.061 seconds
[2026-05-01T00:05:36.079+0000] {processor.py:161} INFO - Started process (PID=55574) to work on /home/airflow/.local/lib/python3.12/site-packages/airflow/example_dags/example_branch_datetime_operator.py
[2026-05-01T00:05:36.081+0000] {processor.py:830} INFO - Processing file /home/airflow/.local/lib/python3.12/site-packages/airflow/example_dags/example_branch_datetime_operator.py for tasks to queue
[2026-05-01T00:05:36.083+0000] {logging_mixin.py:188} INFO - [2026-05-01T00:05:36.082+0000] {dagbag.py:545} INFO - Filling up the DagBag from /home/airflow/.local/lib/python3.12/site-packages/airflow/example_dags/example_branch_datetime_operator.py
[2026-05-01T00:05:36.089+0000] {processor.py:840} INFO - DAG(s) 'example_branch_datetime_operator', 'example_branch_datetime_operator_3', 'example_branch_datetime_operator_2' retrieved from /home/airflow/.local/lib/python3.12/site-packages/airflow/example_dags/example_branch_datetime_operator.py
[2026-05-01T00:05:36.107+0000] {logging_mixin.py:188} INFO - [2026-05-01T00:05:36.107+0000] {dag.py:3089} INFO - Sync 3 DAGs
[2026-05-01T00:05:36.119+0000] {logging_mixin.py:188} INFO - [2026-05-01T00:05:36.119+0000] {dag.py:3947} INFO - Setting next_dagrun for example_branch_datetime_operator to 2026-04-30 00:00:00+00:00, run_after=2026-05-01 00:00:00+00:00
[2026-05-01T00:05:36.122+0000] {logging_mixin.py:188} INFO - [2026-05-01T00:05:36.122+0000] {dag.py:3947} INFO - Setting next_dagrun for example_branch_datetime_operator_2 to 2026-04-30 00:00:00+00:00, run_after=2026-05-01 00:00:00+00:00
[2026-05-01T00:05:36.123+0000] {logging_mixin.py:188} INFO - [2026-05-01T00:05:36.123+0000] {dag.py:3947} INFO - Setting next_dagrun for example_branch_datetime_operator_3 to 2026-04-30 00:00:00+00:00, run_after=2026-05-01 00:00:00+00:00
[2026-05-01T00:05:36.131+0000] {processor.py:183} INFO - Processing /home/airflow/.local/lib/python3.12/site-packages/airflow/example_dags/example_branch_datetime_operator.py took 0.057 seconds
[2026-05-01T00:06:06.870+0000] {processor.py:161} INFO - Started process (PID=55634) to work on /home/airflow/.local/lib/python3.12/site-packages/airflow/example_dags/example_branch_datetime_operator.py
[2026-05-01T00:06:06.871+0000] {processor.py:830} INFO - Processing file /home/airflow/.local/lib/python3.12/site-packages/airflow/example_dags/example_branch_datetime_operator.py for tasks to queue
[2026-05-01T00:06:06.873+0000] {logging_mixin.py:188} INFO - [2026-05-01T00:06:06.873+0000] {dagbag.py:545} INFO - Filling up the DagBag from /home/airflow/.local/lib/python3.12/site-packages/airflow/example_dags/example_branch_datetime_operator.py
[2026-05-01T00:06:06.879+0000] {processor.py:840} INFO - DAG(s) 'example_branch_datetime_operator', 'example_branch_datetime_operator_2', 'example_branch_datetime_operator_3' retrieved from /home/airflow/.local/lib/python3.12/site-packages/airflow/example_dags/example_branch_datetime_operator.py
[2026-05-01T00:06:06.889+0000] {logging_mixin.py:188} INFO - [2026-05-01T00:06:06.889+0000] {dag.py:3089} INFO - Sync 3 DAGs
[2026-05-01T00:06:06.898+0000] {logging_mixin.py:188} INFO - [2026-05-01T00:06:06.898+0000] {dag.py:3947} INFO - Setting next_dagrun for example_branch_datetime_operator to 2026-04-30 00:00:00+00:00, run_after=2026-05-01 00:00:00+00:00
[2026-05-01T00:06:06.899+0000] {logging_mixin.py:188} INFO - [2026-05-01T00:06:06.899+0000] {dag.py:3947} INFO - Setting next_dagrun for example_branch_datetime_operator_2 to 2026-04-30 00:00:00+00:00, run_after=2026-05-01 00:00:00+00:00
[2026-05-01T00:06:06.900+0000] {logging_mixin.py:188} INFO - [2026-05-01T00:06:06.900+0000] {dag.py:3947} INFO - Setting next_dagrun for example_branch_datetime_operator_3 to 2026-04-30 00:00:00+00:00, run_after=2026-05-01 00:00:00+00:00
[2026-05-01T00:06:06.908+0000] {processor.py:183} INFO - Processing /home/airflow/.local/lib/python3.12/site-packages/airflow/example_dags/example_branch_datetime_operator.py took 0.043 seconds
[2026-05-01T00:06:37.556+0000] {processor.py:161} INFO - Started process (PID=55694) to work on /home/airflow/.local/lib/python3.12/site-packages/airflow/example_dags/example_branch_datetime_operator.py
[2026-05-01T00:06:37.558+0000] {processor.py:830} INFO - Processing file /home/airflow/.local/lib/python3.12/site-packages/airflow/example_dags/example_branch_datetime_operator.py for tasks to queue
[2026-05-01T00:06:37.560+0000] {logging_mixin.py:188} INFO - [2026-05-01T00:06:37.560+0000] {dagbag.py:545} INFO - Filling up the DagBag from /home/airflow/.local/lib/python3.12/site-packages/airflow/example_dags/example_branch_datetime_operator.py
[2026-05-01T00:06:37.568+0000] {processor.py:840} INFO - DAG(s) 'example_branch_datetime_operator', 'example_branch_datetime_operator_3', 'example_branch_datetime_operator_2' retrieved from /home/airflow/.local/lib/python3.12/site-packages/airflow/example_dags/example_branch_datetime_operator.py
[2026-05-01T00:06:37.592+0000] {logging_mixin.py:188} INFO - [2026-05-01T00:06:37.592+0000] {dag.py:3089} INFO - Sync 3 DAGs
[2026-05-01T00:06:37.604+0000] {logging_mixin.py:188} INFO - [2026-05-01T00:06:37.604+0000] {dag.py:3947} INFO - Setting next_dagrun for example_branch_datetime_operator to 2026-04-30 00:00:00+00:00, run_after=2026-05-01 00:00:00+00:00
[2026-05-01T00:06:37.607+0000] {logging_mixin.py:188} INFO - [2026-05-01T00:06:37.607+0000] {dag.py:3947} INFO - Setting next_dagrun for example_branch_datetime_operator_2 to 2026-04-30 00:00:00+00:00, run_after=2026-05-01 00:00:00+00:00
[2026-05-01T00:06:37.608+0000] {logging_mixin.py:188} INFO - [2026-05-01T00:06:37.608+0000] {dag.py:3947} INFO - Setting next_dagrun for example_branch_datetime_operator_3 to 2026-04-30 00:00:00+00:00, run_after=2026-05-01 00:00:00+00:00
[2026-05-01T00:06:37.614+0000] {processor.py:183} INFO - Processing /home/airflow/.local/lib/python3.12/site-packages/airflow/example_dags/example_branch_datetime_operator.py took 0.065 seconds
[2026-05-01T00:07:08.368+0000] {processor.py:161} INFO - Started process (PID=55754) to work on /home/airflow/.local/lib/python3.12/site-packages/airflow/example_dags/example_branch_datetime_operator.py
[2026-05-01T00:07:08.368+0000] {processor.py:830} INFO - Processing file /home/airflow/.local/lib/python3.12/site-packages/airflow/example_dags/example_branch_datetime_operator.py for tasks to queue
[2026-05-01T00:07:08.370+0000] {logging_mixin.py:188} INFO - [2026-05-01T00:07:08.370+0000] {dagbag.py:545} INFO - Filling up the DagBag from /home/airflow/.local/lib/python3.12/site-packages/airflow/example_dags/example_branch_datetime_operator.py
[2026-05-01T00:07:08.376+0000] {processor.py:840} INFO - DAG(s) 'example_branch_datetime_operator_2', 'example_branch_datetime_operator_3', 'example_branch_datetime_operator' retrieved from /home/airflow/.local/lib/python3.12/site-packages/airflow/example_dags/example_branch_datetime_operator.py
[2026-05-01T00:07:08.393+0000] {logging_mixin.py:188} INFO - [2026-05-01T00:07:08.393+0000] {dag.py:3089} INFO - Sync 3 DAGs
[2026-05-01T00:07:08.402+0000] {logging_mixin.py:188} INFO - [2026-05-01T00:07:08.402+0000] {dag.py:3947} INFO - Setting next_dagrun for example_branch_datetime_operator to 2026-04-30 00:00:00+00:00, run_after=2026-05-01 00:00:00+00:00
[2026-05-01T00:07:08.405+0000] {logging_mixin.py:188} INFO - [2026-05-01T00:07:08.405+0000] {dag.py:3947} INFO - Setting next_dagrun for example_branch_datetime_operator_2 to 2026-04-30 00:00:00+00:00, run_after=2026-05-01 00:00:00+00:00
[2026-05-01T00:07:08.406+0000] {logging_mixin.py:188} INFO - [2026-05-01T00:07:08.406+0000] {dag.py:3947} INFO - Setting next_dagrun for example_branch_datetime_operator_3 to 2026-04-30 00:00:00+00:00, run_after=2026-05-01 00:00:00+00:00
[2026-05-01T00:07:08.414+0000] {processor.py:183} INFO - Processing /home/airflow/.local/lib/python3.12/site-packages/airflow/example_dags/example_branch_datetime_operator.py took 0.053 seconds
[2026-05-01T00:07:38.467+0000] {processor.py:161} INFO - Started process (PID=55814) to work on /home/airflow/.local/lib/python3.12/site-packages/airflow/example_dags/example_branch_datetime_operator.py
[2026-05-01T00:07:38.468+0000] {processor.py:830} INFO - Processing file /home/airflow/.local/lib/python3.12/site-packages/airflow/example_dags/example_branch_datetime_operator.py for tasks to queue
[2026-05-01T00:07:38.470+0000] {logging_mixin.py:188} INFO - [2026-05-01T00:07:38.469+0000] {dagbag.py:545} INFO - Filling up the DagBag from /home/airflow/.local/lib/python3.12/site-packages/airflow/example_dags/example_branch_datetime_operator.py
[2026-05-01T00:07:38.475+0000] {processor.py:840} INFO - DAG(s) 'example_branch_datetime_operator_2', 'example_branch_datetime_operator', 'example_branch_datetime_operator_3' retrieved from /home/airflow/.local/lib/python3.12/site-packages/airflow/example_dags/example_branch_datetime_operator.py
[2026-05-01T00:07:38.491+0000] {logging_mixin.py:188} INFO - [2026-05-01T00:07:38.491+0000] {dag.py:3089} INFO - Sync 3 DAGs
[2026-05-01T00:07:38.500+0000] {logging_mixin.py:188} INFO - [2026-05-01T00:07:38.500+0000] {dag.py:3947} INFO - Setting next_dagrun for example_branch_datetime_operator to 2026-04-30 00:00:00+00:00, run_after=2026-05-01 00:00:00+00:00
[2026-05-01T00:07:38.503+0000] {logging_mixin.py:188} INFO - [2026-05-01T00:07:38.503+0000] {dag.py:3947} INFO - Setting next_dagrun for example_branch_datetime_operator_2 to 2026-04-30 00:00:00+00:00, run_after=2026-05-01 00:00:00+00:00
[2026-05-01T00:07:38.505+0000] {logging_mixin.py:188} INFO - [2026-05-01T00:07:38.505+0000] {dag.py:3947} INFO - Setting next_dagrun for example_branch_datetime_operator_3 to 2026-04-30 00:00:00+00:00, run_after=2026-05-01 00:00:00+00:00
[2026-05-01T00:07:38.517+0000] {processor.py:183} INFO - Processing /home/airflow/.local/lib/python3.12/site-packages/airflow/example_dags/example_branch_datetime_operator.py took 0.054 seconds
[2026-05-01T00:08:09.220+0000] {processor.py:161} INFO - Started process (PID=55874) to work on /home/airflow/.local/lib/python3.12/site-packages/airflow/example_dags/example_branch_datetime_operator.py
[2026-05-01T00:08:09.222+0000] {processor.py:830} INFO - Processing file /home/airflow/.local/lib/python3.12/site-packages/airflow/example_dags/example_branch_datetime_operator.py for tasks to queue
[2026-05-01T00:08:09.224+0000] {logging_mixin.py:188} INFO - [2026-05-01T00:08:09.223+0000] {dagbag.py:545} INFO - Filling up the DagBag from /home/airflow/.local/lib/python3.12/site-packages/airflow/example_dags/example_branch_datetime_operator.py
[2026-05-01T00:08:09.231+0000] {processor.py:840} INFO - DAG(s) 'example_branch_datetime_operator_2', 'example_branch_datetime_operator', 'example_branch_datetime_operator_3' retrieved from /home/airflow/.local/lib/python3.12/site-packages/airflow/example_dags/example_branch_datetime_operator.py
[2026-05-01T00:08:09.248+0000] {logging_mixin.py:188} INFO - [2026-05-01T00:08:09.247+0000] {dag.py:3089} INFO - Sync 3 DAGs
[2026-05-01T00:08:09.259+0000] {logging_mixin.py:188} INFO - [2026-05-01T00:08:09.259+0000] {dag.py:3947} INFO - Setting next_dagrun for example_branch_datetime_operator to 2026-04-30 00:00:00+00:00, run_after=2026-05-01 00:00:00+00:00
[2026-05-01T00:08:09.261+0000] {logging_mixin.py:188} INFO - [2026-05-01T00:08:09.261+0000] {dag.py:3947} INFO - Setting next_dagrun for example_branch_datetime_operator_2 to 2026-04-30 00:00:00+00:00, run_after=2026-05-01 00:00:00+00:00
[2026-05-01T00:08:09.262+0000] {logging_mixin.py:188} INFO - [2026-05-01T00:08:09.262+0000] {dag.py:3947} INFO - Setting next_dagrun for example_branch_datetime_operator_3 to 2026-04-30 00:00:00+00:00, run_after=2026-05-01 00:00:00+00:00
[2026-05-01T00:08:09.271+0000] {processor.py:183} INFO - Processing /home/airflow/.local/lib/python3.12/site-packages/airflow/example_dags/example_branch_datetime_operator.py took 0.058 seconds
[2026-05-01T00:08:39.915+0000] {processor.py:161} INFO - Started process (PID=55935) to work on /home/airflow/.local/lib/python3.12/site-packages/airflow/example_dags/example_branch_datetime_operator.py
[2026-05-01T00:08:39.917+0000] {processor.py:830} INFO - Processing file /home/airflow/.local/lib/python3.12/site-packages/airflow/example_dags/example_branch_datetime_operator.py for tasks to queue
[2026-05-01T00:08:39.919+0000] {logging_mixin.py:188} INFO - [2026-05-01T00:08:39.918+0000] {dagbag.py:545} INFO - Filling up the DagBag from /home/airflow/.local/lib/python3.12/site-packages/airflow/example_dags/example_branch_datetime_operator.py
[2026-05-01T00:08:39.928+0000] {processor.py:840} INFO - DAG(s) 'example_branch_datetime_operator_2', 'example_branch_datetime_operator_3', 'example_branch_datetime_operator' retrieved from /home/airflow/.local/lib/python3.12/site-packages/airflow/example_dags/example_branch_datetime_operator.py
[2026-05-01T00:08:39.946+0000] {logging_mixin.py:188} INFO - [2026-05-01T00:08:39.946+0000] {dag.py:3089} INFO - Sync 3 DAGs
[2026-05-01T00:08:39.957+0000] {logging_mixin.py:188} INFO - [2026-05-01T00:08:39.957+0000] {dag.py:3947} INFO - Setting next_dagrun for example_branch_datetime_operator to 2026-04-30 00:00:00+00:00, run_after=2026-05-01 00:00:00+00:00
[2026-05-01T00:08:39.962+0000] {logging_mixin.py:188} INFO - [2026-05-01T00:08:39.961+0000] {dag.py:3947} INFO - Setting next_dagrun for example_branch_datetime_operator_2 to 2026-04-30 00:00:00+00:00, run_after=2026-05-01 00:00:00+00:00
[2026-05-01T00:08:39.963+0000] {logging_mixin.py:188} INFO - [2026-05-01T00:08:39.962+0000] {dag.py:3947} INFO - Setting next_dagrun for example_branch_datetime_operator_3 to 2026-04-30 00:00:00+00:00, run_after=2026-05-01 00:00:00+00:00
[2026-05-01T00:08:39.971+0000] {processor.py:183} INFO - Processing /home/airflow/.local/lib/python3.12/site-packages/airflow/example_dags/example_branch_datetime_operator.py took 0.062 seconds
[2026-05-01T00:09:10.127+0000] {processor.py:161} INFO - Started process (PID=55995) to work on /home/airflow/.local/lib/python3.12/site-packages/airflow/example_dags/example_branch_datetime_operator.py
[2026-05-01T00:09:10.129+0000] {processor.py:830} INFO - Processing file /home/airflow/.local/lib/python3.12/site-packages/airflow/example_dags/example_branch_datetime_operator.py for tasks to queue
[2026-05-01T00:09:10.130+0000] {logging_mixin.py:188} INFO - [2026-05-01T00:09:10.130+0000] {dagbag.py:545} INFO - Filling up the DagBag from /home/airflow/.local/lib/python3.12/site-packages/airflow/example_dags/example_branch_datetime_operator.py
[2026-05-01T00:09:10.139+0000] {processor.py:840} INFO - DAG(s) 'example_branch_datetime_operator_3', 'example_branch_datetime_operator_2', 'example_branch_datetime_operator' retrieved from /home/airflow/.local/lib/python3.12/site-packages/airflow/example_dags/example_branch_datetime_operator.py
[2026-05-01T00:09:10.156+0000] {logging_mixin.py:188} INFO - [2026-05-01T00:09:10.156+0000] {dag.py:3089} INFO - Sync 3 DAGs
[2026-05-01T00:09:10.166+0000] {logging_mixin.py:188} INFO - [2026-05-01T00:09:10.166+0000] {dag.py:3947} INFO - Setting next_dagrun for example_branch_datetime_operator to 2026-04-30 00:00:00+00:00, run_after=2026-05-01 00:00:00+00:00
[2026-05-01T00:09:10.168+0000] {logging_mixin.py:188} INFO - [2026-05-01T00:09:10.168+0000] {dag.py:3947} INFO - Setting next_dagrun for example_branch_datetime_operator_2 to 2026-04-30 00:00:00+00:00, run_after=2026-05-01 00:00:00+00:00
[2026-05-01T00:09:10.171+0000] {logging_mixin.py:188} INFO - [2026-05-01T00:09:10.170+0000] {dag.py:3947} INFO - Setting next_dagrun for example_branch_datetime_operator_3 to 2026-04-30 00:00:00+00:00, run_after=2026-05-01 00:00:00+00:00
[2026-05-01T00:09:10.177+0000] {processor.py:183} INFO - Processing /home/airflow/.local/lib/python3.12/site-packages/airflow/example_dags/example_branch_datetime_operator.py took 0.056 seconds
[2026-05-01T00:09:40.902+0000] {processor.py:161} INFO - Started process (PID=56055) to work on /home/airflow/.local/lib/python3.12/site-packages/airflow/example_dags/example_branch_datetime_operator.py
[2026-05-01T00:09:40.904+0000] {processor.py:830} INFO - Processing file /home/airflow/.local/lib/python3.12/site-packages/airflow/example_dags/example_branch_datetime_operator.py for tasks to queue
[2026-05-01T00:09:40.906+0000] {logging_mixin.py:188} INFO - [2026-05-01T00:09:40.906+0000] {dagbag.py:545} INFO - Filling up the DagBag from /home/airflow/.local/lib/python3.12/site-packages/airflow/example_dags/example_branch_datetime_operator.py
[2026-05-01T00:09:40.914+0000] {processor.py:840} INFO - DAG(s) 'example_branch_datetime_operator_2', 'example_branch_datetime_operator_3', 'example_branch_datetime_operator' retrieved from /home/airflow/.local/lib/python3.12/site-packages/airflow/example_dags/example_branch_datetime_operator.py
[2026-05-01T00:09:40.932+0000] {logging_mixin.py:188} INFO - [2026-05-01T00:09:40.932+0000] {dag.py:3089} INFO - Sync 3 DAGs
[2026-05-01T00:09:40.945+0000] {logging_mixin.py:188} INFO - [2026-05-01T00:09:40.944+0000] {dag.py:3947} INFO - Setting next_dagrun for example_branch_datetime_operator to 2026-04-30 00:00:00+00:00, run_after=2026-05-01 00:00:00+00:00
[2026-05-01T00:09:40.947+0000] {logging_mixin.py:188} INFO - [2026-05-01T00:09:40.947+0000] {dag.py:3947} INFO - Setting next_dagrun for example_branch_datetime_operator_2 to 2026-04-30 00:00:00+00:00, run_after=2026-05-01 00:00:00+00:00
[2026-05-01T00:09:40.948+0000] {logging_mixin.py:188} INFO - [2026-05-01T00:09:40.948+0000] {dag.py:3947} INFO - Setting next_dagrun for example_branch_datetime_operator_3 to 2026-04-30 00:00:00+00:00, run_after=2026-05-01 00:00:00+00:00
[2026-05-01T00:09:40.956+0000] {processor.py:183} INFO - Processing /home/airflow/.local/lib/python3.12/site-packages/airflow/example_dags/example_branch_datetime_operator.py took 0.060 seconds
[2026-05-01T00:10:11.606+0000] {processor.py:161} INFO - Started process (PID=56115) to work on /home/airflow/.local/lib/python3.12/site-packages/airflow/example_dags/example_branch_datetime_operator.py
[2026-05-01T00:10:11.607+0000] {processor.py:830} INFO - Processing file /home/airflow/.local/lib/python3.12/site-packages/airflow/example_dags/example_branch_datetime_operator.py for tasks to queue
[2026-05-01T00:10:11.609+0000] {logging_mixin.py:188} INFO - [2026-05-01T00:10:11.609+0000] {dagbag.py:545} INFO - Filling up the DagBag from /home/airflow/.local/lib/python3.12/site-packages/airflow/example_dags/example_branch_datetime_operator.py
[2026-05-01T00:10:11.616+0000] {processor.py:840} INFO - DAG(s) 'example_branch_datetime_operator', 'example_branch_datetime_operator_3', 'example_branch_datetime_operator_2' retrieved from /home/airflow/.local/lib/python3.12/site-packages/airflow/example_dags/example_branch_datetime_operator.py
[2026-05-01T00:10:11.635+0000] {logging_mixin.py:188} INFO - [2026-05-01T00:10:11.635+0000] {dag.py:3089} INFO - Sync 3 DAGs
[2026-05-01T00:10:11.645+0000] {logging_mixin.py:188} INFO - [2026-05-01T00:10:11.645+0000] {dag.py:3947} INFO - Setting next_dagrun for example_branch_datetime_operator to 2026-04-30 00:00:00+00:00, run_after=2026-05-01 00:00:00+00:00
[2026-05-01T00:10:11.646+0000] {logging_mixin.py:188} INFO - [2026-05-01T00:10:11.646+0000] {dag.py:3947} INFO - Setting next_dagrun for example_branch_datetime_operator_2 to 2026-04-30 00:00:00+00:00, run_after=2026-05-01 00:00:00+00:00
[2026-05-01T00:10:11.648+0000] {logging_mixin.py:188} INFO - [2026-05-01T00:10:11.648+0000] {dag.py:3947} INFO - Setting next_dagrun for example_branch_datetime_operator_3 to 2026-04-30 00:00:00+00:00, run_after=2026-05-01 00:00:00+00:00
[2026-05-01T00:10:11.656+0000] {processor.py:183} INFO - Processing /home/airflow/.local/lib/python3.12/site-packages/airflow/example_dags/example_branch_datetime_operator.py took 0.056 seconds
[2026-05-01T00:10:42.364+0000] {processor.py:161} INFO - Started process (PID=56175) to work on /home/airflow/.local/lib/python3.12/site-packages/airflow/example_dags/example_branch_datetime_operator.py
[2026-05-01T00:10:42.366+0000] {processor.py:830} INFO - Processing file /home/airflow/.local/lib/python3.12/site-packages/airflow/example_dags/example_branch_datetime_operator.py for tasks to queue
[2026-05-01T00:10:42.368+0000] {logging_mixin.py:188} INFO - [2026-05-01T00:10:42.368+0000] {dagbag.py:545} INFO - Filling up the DagBag from /home/airflow/.local/lib/python3.12/site-packages/airflow/example_dags/example_branch_datetime_operator.py
[2026-05-01T00:10:42.376+0000] {processor.py:840} INFO - DAG(s) 'example_branch_datetime_operator', 'example_branch_datetime_operator_2', 'example_branch_datetime_operator_3' retrieved from /home/airflow/.local/lib/python3.12/site-packages/airflow/example_dags/example_branch_datetime_operator.py
[2026-05-01T00:10:42.393+0000] {logging_mixin.py:188} INFO - [2026-05-01T00:10:42.393+0000] {dag.py:3089} INFO - Sync 3 DAGs
[2026-05-01T00:10:42.406+0000] {logging_mixin.py:188} INFO - [2026-05-01T00:10:42.406+0000] {dag.py:3947} INFO - Setting next_dagrun for example_branch_datetime_operator to 2026-04-30 00:00:00+00:00, run_after=2026-05-01 00:00:00+00:00
[2026-05-01T00:10:42.409+0000] {logging_mixin.py:188} INFO - [2026-05-01T00:10:42.409+0000] {dag.py:3947} INFO - Setting next_dagrun for example_branch_datetime_operator_2 to 2026-04-30 00:00:00+00:00, run_after=2026-05-01 00:00:00+00:00
[2026-05-01T00:10:42.409+0000] {logging_mixin.py:188} INFO - [2026-05-01T00:10:42.409+0000] {dag.py:3947} INFO - Setting next_dagrun for example_branch_datetime_operator_3 to 2026-04-30 00:00:00+00:00, run_after=2026-05-01 00:00:00+00:00
[2026-05-01T00:10:42.418+0000] {processor.py:183} INFO - Processing /home/airflow/.local/lib/python3.12/site-packages/airflow/example_dags/example_branch_datetime_operator.py took 0.062 seconds
[2026-05-01T00:11:12.456+0000] {processor.py:161} INFO - Started process (PID=56235) to work on /home/airflow/.local/lib/python3.12/site-packages/airflow/example_dags/example_branch_datetime_operator.py
[2026-05-01T00:11:12.458+0000] {processor.py:830} INFO - Processing file /home/airflow/.local/lib/python3.12/site-packages/airflow/example_dags/example_branch_datetime_operator.py for tasks to queue
[2026-05-01T00:11:12.460+0000] {logging_mixin.py:188} INFO - [2026-05-01T00:11:12.459+0000] {dagbag.py:545} INFO - Filling up the DagBag from /home/airflow/.local/lib/python3.12/site-packages/airflow/example_dags/example_branch_datetime_operator.py
[2026-05-01T00:11:12.470+0000] {processor.py:840} INFO - DAG(s) 'example_branch_datetime_operator_3', 'example_branch_datetime_operator_2', 'example_branch_datetime_operator' retrieved from /home/airflow/.local/lib/python3.12/site-packages/airflow/example_dags/example_branch_datetime_operator.py
[2026-05-01T00:11:12.495+0000] {logging_mixin.py:188} INFO - [2026-05-01T00:11:12.495+0000] {dag.py:3089} INFO - Sync 3 DAGs
[2026-05-01T00:11:12.508+0000] {logging_mixin.py:188} INFO - [2026-05-01T00:11:12.508+0000] {dag.py:3947} INFO - Setting next_dagrun for example_branch_datetime_operator to 2026-04-30 00:00:00+00:00, run_after=2026-05-01 00:00:00+00:00
[2026-05-01T00:11:12.512+0000] {logging_mixin.py:188} INFO - [2026-05-01T00:11:12.512+0000] {dag.py:3947} INFO - Setting next_dagrun for example_branch_datetime_operator_2 to 2026-04-30 00:00:00+00:00, run_after=2026-05-01 00:00:00+00:00
[2026-05-01T00:11:12.513+0000] {logging_mixin.py:188} INFO - [2026-05-01T00:11:12.513+0000] {dag.py:3947} INFO - Setting next_dagrun for example_branch_datetime_operator_3 to 2026-04-30 00:00:00+00:00, run_after=2026-05-01 00:00:00+00:00
[2026-05-01T00:11:12.520+0000] {processor.py:183} INFO - Processing /home/airflow/.local/lib/python3.12/site-packages/airflow/example_dags/example_branch_datetime_operator.py took 0.070 seconds
[2026-05-01T00:11:43.177+0000] {processor.py:161} INFO - Started process (PID=56295) to work on /home/airflow/.local/lib/python3.12/site-packages/airflow/example_dags/example_branch_datetime_operator.py
[2026-05-01T00:11:43.179+0000] {processor.py:830} INFO - Processing file /home/airflow/.local/lib/python3.12/site-packages/airflow/example_dags/example_branch_datetime_operator.py for tasks to queue
[2026-05-01T00:11:43.181+0000] {logging_mixin.py:188} INFO - [2026-05-01T00:11:43.180+0000] {dagbag.py:545} INFO - Filling up the DagBag from /home/airflow/.local/lib/python3.12/site-packages/airflow/example_dags/example_branch_datetime_operator.py
[2026-05-01T00:11:43.189+0000] {processor.py:840} INFO - DAG(s) 'example_branch_datetime_operator', 'example_branch_datetime_operator_2', 'example_branch_datetime_operator_3' retrieved from /home/airflow/.local/lib/python3.12/site-packages/airflow/example_dags/example_branch_datetime_operator.py
[2026-05-01T00:11:43.210+0000] {logging_mixin.py:188} INFO - [2026-05-01T00:11:43.210+0000] {dag.py:3089} INFO - Sync 3 DAGs
[2026-05-01T00:11:43.223+0000] {logging_mixin.py:188} INFO - [2026-05-01T00:11:43.223+0000] {dag.py:3947} INFO - Setting next_dagrun for example_branch_datetime_operator to 2026-04-30 00:00:00+00:00, run_after=2026-05-01 00:00:00+00:00
[2026-05-01T00:11:43.226+0000] {logging_mixin.py:188} INFO - [2026-05-01T00:11:43.226+0000] {dag.py:3947} INFO - Setting next_dagrun for example_branch_datetime_operator_2 to 2026-04-30 00:00:00+00:00, run_after=2026-05-01 00:00:00+00:00
[2026-05-01T00:11:43.227+0000] {logging_mixin.py:188} INFO - [2026-05-01T00:11:43.227+0000] {dag.py:3947} INFO - Setting next_dagrun for example_branch_datetime_operator_3 to 2026-04-30 00:00:00+00:00, run_after=2026-05-01 00:00:00+00:00
[2026-05-01T00:11:43.234+0000] {processor.py:183} INFO - Processing /home/airflow/.local/lib/python3.12/site-packages/airflow/example_dags/example_branch_datetime_operator.py took 0.064 seconds
[2026-05-01T00:12:13.846+0000] {processor.py:161} INFO - Started process (PID=56355) to work on /home/airflow/.local/lib/python3.12/site-packages/airflow/example_dags/example_branch_datetime_operator.py
[2026-05-01T00:12:13.848+0000] {processor.py:830} INFO - Processing file /home/airflow/.local/lib/python3.12/site-packages/airflow/example_dags/example_branch_datetime_operator.py for tasks to queue
[2026-05-01T00:12:13.850+0000] {logging_mixin.py:188} INFO - [2026-05-01T00:12:13.850+0000] {dagbag.py:545} INFO - Filling up the DagBag from /home/airflow/.local/lib/python3.12/site-packages/airflow/example_dags/example_branch_datetime_operator.py
[2026-05-01T00:12:13.859+0000] {processor.py:840} INFO - DAG(s) 'example_branch_datetime_operator_2', 'example_branch_datetime_operator', 'example_branch_datetime_operator_3' retrieved from /home/airflow/.local/lib/python3.12/site-packages/airflow/example_dags/example_branch_datetime_operator.py
[2026-05-01T00:12:13.878+0000] {logging_mixin.py:188} INFO - [2026-05-01T00:12:13.878+0000] {dag.py:3089} INFO - Sync 3 DAGs
[2026-05-01T00:12:13.890+0000] {logging_mixin.py:188} INFO - [2026-05-01T00:12:13.889+0000] {dag.py:3947} INFO - Setting next_dagrun for example_branch_datetime_operator to 2026-04-30 00:00:00+00:00, run_after=2026-05-01 00:00:00+00:00
[2026-05-01T00:12:13.893+0000] {logging_mixin.py:188} INFO - [2026-05-01T00:12:13.893+0000] {dag.py:3947} INFO - Setting next_dagrun for example_branch_datetime_operator_2 to 2026-04-30 00:00:00+00:00, run_after=2026-05-01 00:00:00+00:00
[2026-05-01T00:12:13.894+0000] {logging_mixin.py:188} INFO - [2026-05-01T00:12:13.894+0000] {dag.py:3947} INFO - Setting next_dagrun for example_branch_datetime_operator_3 to 2026-04-30 00:00:00+00:00, run_after=2026-05-01 00:00:00+00:00
[2026-05-01T00:12:13.903+0000] {processor.py:183} INFO - Processing /home/airflow/.local/lib/python3.12/site-packages/airflow/example_dags/example_branch_datetime_operator.py took 0.065 seconds
[2026-05-01T00:12:44.435+0000] {processor.py:161} INFO - Started process (PID=56415) to work on /home/airflow/.local/lib/python3.12/site-packages/airflow/example_dags/example_branch_datetime_operator.py
[2026-05-01T00:12:44.437+0000] {processor.py:830} INFO - Processing file /home/airflow/.local/lib/python3.12/site-packages/airflow/example_dags/example_branch_datetime_operator.py for tasks to queue
[2026-05-01T00:12:44.467+0000] {logging_mixin.py:188} INFO - [2026-05-01T00:12:44.466+0000] {dagbag.py:545} INFO - Filling up the DagBag from /home/airflow/.local/lib/python3.12/site-packages/airflow/example_dags/example_branch_datetime_operator.py
[2026-05-01T00:12:44.471+0000] {processor.py:840} INFO - DAG(s) 'example_branch_datetime_operator_3', 'example_branch_datetime_operator', 'example_branch_datetime_operator_2' retrieved from /home/airflow/.local/lib/python3.12/site-packages/airflow/example_dags/example_branch_datetime_operator.py
[2026-05-01T00:12:44.493+0000] {logging_mixin.py:188} INFO - [2026-05-01T00:12:44.492+0000] {dag.py:3089} INFO - Sync 3 DAGs
[2026-05-01T00:12:44.506+0000] {logging_mixin.py:188} INFO - [2026-05-01T00:12:44.506+0000] {dag.py:3947} INFO - Setting next_dagrun for example_branch_datetime_operator to 2026-04-30 00:00:00+00:00, run_after=2026-05-01 00:00:00+00:00
[2026-05-01T00:12:44.508+0000] {logging_mixin.py:188} INFO - [2026-05-01T00:12:44.508+0000] {dag.py:3947} INFO - Setting next_dagrun for example_branch_datetime_operator_2 to 2026-04-30 00:00:00+00:00, run_after=2026-05-01 00:00:00+00:00
[2026-05-01T00:12:44.509+0000] {logging_mixin.py:188} INFO - [2026-05-01T00:12:44.509+0000] {dag.py:3947} INFO - Setting next_dagrun for example_branch_datetime_operator_3 to 2026-04-30 00:00:00+00:00, run_after=2026-05-01 00:00:00+00:00
[2026-05-01T00:12:44.517+0000] {processor.py:183} INFO - Processing /home/airflow/.local/lib/python3.12/site-packages/airflow/example_dags/example_branch_datetime_operator.py took 0.086 seconds
[2026-05-01T00:13:15.314+0000] {processor.py:161} INFO - Started process (PID=56475) to work on /home/airflow/.local/lib/python3.12/site-packages/airflow/example_dags/example_branch_datetime_operator.py
[2026-05-01T00:13:15.318+0000] {processor.py:830} INFO - Processing file /home/airflow/.local/lib/python3.12/site-packages/airflow/example_dags/example_branch_datetime_operator.py for tasks to queue
[2026-05-01T00:13:15.320+0000] {logging_mixin.py:188} INFO - [2026-05-01T00:13:15.320+0000] {dagbag.py:545} INFO - Filling up the DagBag from /home/airflow/.local/lib/python3.12/site-packages/airflow/example_dags/example_branch_datetime_operator.py
[2026-05-01T00:13:15.328+0000] {processor.py:840} INFO - DAG(s) 'example_branch_datetime_operator', 'example_branch_datetime_operator_3', 'example_branch_datetime_operator_2' retrieved from /home/airflow/.local/lib/python3.12/site-packages/airflow/example_dags/example_branch_datetime_operator.py
[2026-05-01T00:13:15.348+0000] {logging_mixin.py:188} INFO - [2026-05-01T00:13:15.348+0000] {dag.py:3089} INFO - Sync 3 DAGs
[2026-05-01T00:13:15.362+0000] {logging_mixin.py:188} INFO - [2026-05-01T00:13:15.362+0000] {dag.py:3947} INFO - Setting next_dagrun for example_branch_datetime_operator to 2026-04-30 00:00:00+00:00, run_after=2026-05-01 00:00:00+00:00
[2026-05-01T00:13:15.366+0000] {logging_mixin.py:188} INFO - [2026-05-01T00:13:15.366+0000] {dag.py:3947} INFO - Setting next_dagrun for example_branch_datetime_operator_2 to 2026-04-30 00:00:00+00:00, run_after=2026-05-01 00:00:00+00:00
[2026-05-01T00:13:15.368+0000] {logging_mixin.py:188} INFO - [2026-05-01T00:13:15.368+0000] {dag.py:3947} INFO - Setting next_dagrun for example_branch_datetime_operator_3 to 2026-04-30 00:00:00+00:00, run_after=2026-05-01 00:00:00+00:00
[2026-05-01T00:13:15.378+0000] {processor.py:183} INFO - Processing /home/airflow/.local/lib/python3.12/site-packages/airflow/example_dags/example_branch_datetime_operator.py took 0.069 seconds
[2026-05-01T00:13:45.727+0000] {processor.py:161} INFO - Started process (PID=56535) to work on /home/airflow/.local/lib/python3.12/site-packages/airflow/example_dags/example_branch_datetime_operator.py
[2026-05-01T00:13:45.728+0000] {processor.py:830} INFO - Processing file /home/airflow/.local/lib/python3.12/site-packages/airflow/example_dags/example_branch_datetime_operator.py for tasks to queue
[2026-05-01T00:13:45.730+0000] {logging_mixin.py:188} INFO - [2026-05-01T00:13:45.730+0000] {dagbag.py:545} INFO - Filling up the DagBag from /home/airflow/.local/lib/python3.12/site-packages/airflow/example_dags/example_branch_datetime_operator.py
[2026-05-01T00:13:45.737+0000] {processor.py:840} INFO - DAG(s) 'example_branch_datetime_operator_2', 'example_branch_datetime_operator', 'example_branch_datetime_operator_3' retrieved from /home/airflow/.local/lib/python3.12/site-packages/airflow/example_dags/example_branch_datetime_operator.py
[2026-05-01T00:13:45.756+0000] {logging_mixin.py:188} INFO - [2026-05-01T00:13:45.755+0000] {dag.py:3089} INFO - Sync 3 DAGs
[2026-05-01T00:13:45.770+0000] {logging_mixin.py:188} INFO - [2026-05-01T00:13:45.770+0000] {dag.py:3947} INFO - Setting next_dagrun for example_branch_datetime_operator to 2026-04-30 00:00:00+00:00, run_after=2026-05-01 00:00:00+00:00
[2026-05-01T00:13:45.773+0000] {logging_mixin.py:188} INFO - [2026-05-01T00:13:45.773+0000] {dag.py:3947} INFO - Setting next_dagrun for example_branch_datetime_operator_2 to 2026-04-30 00:00:00+00:00, run_after=2026-05-01 00:00:00+00:00
[2026-05-01T00:13:45.774+0000] {logging_mixin.py:188} INFO - [2026-05-01T00:13:45.774+0000] {dag.py:3947} INFO - Setting next_dagrun for example_branch_datetime_operator_3 to 2026-04-30 00:00:00+00:00, run_after=2026-05-01 00:00:00+00:00
[2026-05-01T00:13:45.781+0000] {processor.py:183} INFO - Processing /home/airflow/.local/lib/python3.12/site-packages/airflow/example_dags/example_branch_datetime_operator.py took 0.060 seconds
[2026-05-01T00:14:16.394+0000] {processor.py:161} INFO - Started process (PID=56595) to work on /home/airflow/.local/lib/python3.12/site-packages/airflow/example_dags/example_branch_datetime_operator.py
[2026-05-01T00:14:16.396+0000] {processor.py:830} INFO - Processing file /home/airflow/.local/lib/python3.12/site-packages/airflow/example_dags/example_branch_datetime_operator.py for tasks to queue
[2026-05-01T00:14:16.398+0000] {logging_mixin.py:188} INFO - [2026-05-01T00:14:16.398+0000] {dagbag.py:545} INFO - Filling up the DagBag from /home/airflow/.local/lib/python3.12/site-packages/airflow/example_dags/example_branch_datetime_operator.py
[2026-05-01T00:14:16.406+0000] {processor.py:840} INFO - DAG(s) 'example_branch_datetime_operator', 'example_branch_datetime_operator_2', 'example_branch_datetime_operator_3' retrieved from /home/airflow/.local/lib/python3.12/site-packages/airflow/example_dags/example_branch_datetime_operator.py
[2026-05-01T00:14:16.422+0000] {logging_mixin.py:188} INFO - [2026-05-01T00:14:16.422+0000] {dag.py:3089} INFO - Sync 3 DAGs
[2026-05-01T00:14:16.435+0000] {logging_mixin.py:188} INFO - [2026-05-01T00:14:16.435+0000] {dag.py:3947} INFO - Setting next_dagrun for example_branch_datetime_operator to 2026-04-30 00:00:00+00:00, run_after=2026-05-01 00:00:00+00:00
[2026-05-01T00:14:16.440+0000] {logging_mixin.py:188} INFO - [2026-05-01T00:14:16.440+0000] {dag.py:3947} INFO - Setting next_dagrun for example_branch_datetime_operator_2 to 2026-04-30 00:00:00+00:00, run_after=2026-05-01 00:00:00+00:00
[2026-05-01T00:14:16.442+0000] {logging_mixin.py:188} INFO - [2026-05-01T00:14:16.442+0000] {dag.py:3947} INFO - Setting next_dagrun for example_branch_datetime_operator_3 to 2026-04-30 00:00:00+00:00, run_after=2026-05-01 00:00:00+00:00
[2026-05-01T00:14:16.457+0000] {processor.py:183} INFO - Processing /home/airflow/.local/lib/python3.12/site-packages/airflow/example_dags/example_branch_datetime_operator.py took 0.071 seconds
[2026-05-01T00:14:47.021+0000] {processor.py:161} INFO - Started process (PID=56655) to work on /home/airflow/.local/lib/python3.12/site-packages/airflow/example_dags/example_branch_datetime_operator.py
[2026-05-01T00:14:47.022+0000] {processor.py:830} INFO - Processing file /home/airflow/.local/lib/python3.12/site-packages/airflow/example_dags/example_branch_datetime_operator.py for tasks to queue
[2026-05-01T00:14:47.024+0000] {logging_mixin.py:188} INFO - [2026-05-01T00:14:47.023+0000] {dagbag.py:545} INFO - Filling up the DagBag from /home/airflow/.local/lib/python3.12/site-packages/airflow/example_dags/example_branch_datetime_operator.py
[2026-05-01T00:14:47.030+0000] {processor.py:840} INFO - DAG(s) 'example_branch_datetime_operator_2', 'example_branch_datetime_operator_3', 'example_branch_datetime_operator' retrieved from /home/airflow/.local/lib/python3.12/site-packages/airflow/example_dags/example_branch_datetime_operator.py
[2026-05-01T00:14:47.052+0000] {logging_mixin.py:188} INFO - [2026-05-01T00:14:47.051+0000] {dag.py:3089} INFO - Sync 3 DAGs
[2026-05-01T00:14:47.065+0000] {logging_mixin.py:188} INFO - [2026-05-01T00:14:47.065+0000] {dag.py:3947} INFO - Setting next_dagrun for example_branch_datetime_operator to 2026-04-30 00:00:00+00:00, run_after=2026-05-01 00:00:00+00:00
[2026-05-01T00:14:47.068+0000] {logging_mixin.py:188} INFO - [2026-05-01T00:14:47.068+0000] {dag.py:3947} INFO - Setting next_dagrun for example_branch_datetime_operator_2 to 2026-04-30 00:00:00+00:00, run_after=2026-05-01 00:00:00+00:00
[2026-05-01T00:14:47.069+0000] {logging_mixin.py:188} INFO - [2026-05-01T00:14:47.069+0000] {dag.py:3947} INFO - Setting next_dagrun for example_branch_datetime_operator_3 to 2026-04-30 00:00:00+00:00, run_after=2026-05-01 00:00:00+00:00
[2026-05-01T00:14:47.081+0000] {processor.py:183} INFO - Processing /home/airflow/.local/lib/python3.12/site-packages/airflow/example_dags/example_branch_datetime_operator.py took 0.064 seconds
[2026-05-01T00:15:17.638+0000] {processor.py:161} INFO - Started process (PID=56715) to work on /home/airflow/.local/lib/python3.12/site-packages/airflow/example_dags/example_branch_datetime_operator.py
[2026-05-01T00:15:17.639+0000] {processor.py:830} INFO - Processing file /home/airflow/.local/lib/python3.12/site-packages/airflow/example_dags/example_branch_datetime_operator.py for tasks to queue
[2026-05-01T00:15:17.642+0000] {logging_mixin.py:188} INFO - [2026-05-01T00:15:17.641+0000] {dagbag.py:545} INFO - Filling up the DagBag from /home/airflow/.local/lib/python3.12/site-packages/airflow/example_dags/example_branch_datetime_operator.py
[2026-05-01T00:15:17.650+0000] {processor.py:840} INFO - DAG(s) 'example_branch_datetime_operator_3', 'example_branch_datetime_operator', 'example_branch_datetime_operator_2' retrieved from /home/airflow/.local/lib/python3.12/site-packages/airflow/example_dags/example_branch_datetime_operator.py
[2026-05-01T00:15:17.668+0000] {logging_mixin.py:188} INFO - [2026-05-01T00:15:17.667+0000] {dag.py:3089} INFO - Sync 3 DAGs
[2026-05-01T00:15:17.681+0000] {logging_mixin.py:188} INFO - [2026-05-01T00:15:17.681+0000] {dag.py:3947} INFO - Setting next_dagrun for example_branch_datetime_operator to 2026-04-30 00:00:00+00:00, run_after=2026-05-01 00:00:00+00:00
[2026-05-01T00:15:17.683+0000] {logging_mixin.py:188} INFO - [2026-05-01T00:15:17.683+0000] {dag.py:3947} INFO - Setting next_dagrun for example_branch_datetime_operator_2 to 2026-04-30 00:00:00+00:00, run_after=2026-05-01 00:00:00+00:00
[2026-05-01T00:15:17.685+0000] {logging_mixin.py:188} INFO - [2026-05-01T00:15:17.685+0000] {dag.py:3947} INFO - Setting next_dagrun for example_branch_datetime_operator_3 to 2026-04-30 00:00:00+00:00, run_after=2026-05-01 00:00:00+00:00
[2026-05-01T00:15:17.692+0000] {processor.py:183} INFO - Processing /home/airflow/.local/lib/python3.12/site-packages/airflow/example_dags/example_branch_datetime_operator.py took 0.062 seconds
[2026-05-01T00:15:48.238+0000] {processor.py:161} INFO - Started process (PID=56775) to work on /home/airflow/.local/lib/python3.12/site-packages/airflow/example_dags/example_branch_datetime_operator.py
[2026-05-01T00:15:48.240+0000] {processor.py:830} INFO - Processing file /home/airflow/.local/lib/python3.12/site-packages/airflow/example_dags/example_branch_datetime_operator.py for tasks to queue
[2026-05-01T00:15:48.243+0000] {logging_mixin.py:188} INFO - [2026-05-01T00:15:48.243+0000] {dagbag.py:545} INFO - Filling up the DagBag from /home/airflow/.local/lib/python3.12/site-packages/airflow/example_dags/example_branch_datetime_operator.py
[2026-05-01T00:15:48.251+0000] {processor.py:840} INFO - DAG(s) 'example_branch_datetime_operator', 'example_branch_datetime_operator_3', 'example_branch_datetime_operator_2' retrieved from /home/airflow/.local/lib/python3.12/site-packages/airflow/example_dags/example_branch_datetime_operator.py
[2026-05-01T00:15:48.271+0000] {logging_mixin.py:188} INFO - [2026-05-01T00:15:48.271+0000] {dag.py:3089} INFO - Sync 3 DAGs
[2026-05-01T00:15:48.284+0000] {logging_mixin.py:188} INFO - [2026-05-01T00:15:48.284+0000] {dag.py:3947} INFO - Setting next_dagrun for example_branch_datetime_operator to 2026-04-30 00:00:00+00:00, run_after=2026-05-01 00:00:00+00:00
[2026-05-01T00:15:48.287+0000] {logging_mixin.py:188} INFO - [2026-05-01T00:15:48.287+0000] {dag.py:3947} INFO - Setting next_dagrun for example_branch_datetime_operator_2 to 2026-04-30 00:00:00+00:00, run_after=2026-05-01 00:00:00+00:00
[2026-05-01T00:15:48.288+0000] {logging_mixin.py:188} INFO - [2026-05-01T00:15:48.288+0000] {dag.py:3947} INFO - Setting next_dagrun for example_branch_datetime_operator_3 to 2026-04-30 00:00:00+00:00, run_after=2026-05-01 00:00:00+00:00
[2026-05-01T00:15:48.298+0000] {processor.py:183} INFO - Processing /home/airflow/.local/lib/python3.12/site-packages/airflow/example_dags/example_branch_datetime_operator.py took 0.068 seconds
[2026-05-01T00:16:18.831+0000] {processor.py:161} INFO - Started process (PID=56835) to work on /home/airflow/.local/lib/python3.12/site-packages/airflow/example_dags/example_branch_datetime_operator.py
[2026-05-01T00:16:18.832+0000] {processor.py:830} INFO - Processing file /home/airflow/.local/lib/python3.12/site-packages/airflow/example_dags/example_branch_datetime_operator.py for tasks to queue
[2026-05-01T00:16:18.834+0000] {logging_mixin.py:188} INFO - [2026-05-01T00:16:18.834+0000] {dagbag.py:545} INFO - Filling up the DagBag from /home/airflow/.local/lib/python3.12/site-packages/airflow/example_dags/example_branch_datetime_operator.py
[2026-05-01T00:16:18.841+0000] {processor.py:840} INFO - DAG(s) 'example_branch_datetime_operator_3', 'example_branch_datetime_operator', 'example_branch_datetime_operator_2' retrieved from /home/airflow/.local/lib/python3.12/site-packages/airflow/example_dags/example_branch_datetime_operator.py
[2026-05-01T00:16:18.861+0000] {logging_mixin.py:188} INFO - [2026-05-01T00:16:18.861+0000] {dag.py:3089} INFO - Sync 3 DAGs
[2026-05-01T00:16:18.872+0000] {logging_mixin.py:188} INFO - [2026-05-01T00:16:18.872+0000] {dag.py:3947} INFO - Setting next_dagrun for example_branch_datetime_operator to 2026-04-30 00:00:00+00:00, run_after=2026-05-01 00:00:00+00:00
[2026-05-01T00:16:18.874+0000] {logging_mixin.py:188} INFO - [2026-05-01T00:16:18.874+0000] {dag.py:3947} INFO - Setting next_dagrun for example_branch_datetime_operator_2 to 2026-04-30 00:00:00+00:00, run_after=2026-05-01 00:00:00+00:00
[2026-05-01T00:16:18.876+0000] {logging_mixin.py:188} INFO - [2026-05-01T00:16:18.876+0000] {dag.py:3947} INFO - Setting next_dagrun for example_branch_datetime_operator_3 to 2026-04-30 00:00:00+00:00, run_after=2026-05-01 00:00:00+00:00
[2026-05-01T00:16:18.884+0000] {processor.py:183} INFO - Processing /home/airflow/.local/lib/python3.12/site-packages/airflow/example_dags/example_branch_datetime_operator.py took 0.059 seconds
[2026-05-01T00:16:49.468+0000] {processor.py:161} INFO - Started process (PID=56895) to work on /home/airflow/.local/lib/python3.12/site-packages/airflow/example_dags/example_branch_datetime_operator.py
[2026-05-01T00:16:49.469+0000] {processor.py:830} INFO - Processing file /home/airflow/.local/lib/python3.12/site-packages/airflow/example_dags/example_branch_datetime_operator.py for tasks to queue
[2026-05-01T00:16:49.470+0000] {logging_mixin.py:188} INFO - [2026-05-01T00:16:49.470+0000] {dagbag.py:545} INFO - Filling up the DagBag from /home/airflow/.local/lib/python3.12/site-packages/airflow/example_dags/example_branch_datetime_operator.py
[2026-05-01T00:16:49.476+0000] {processor.py:840} INFO - DAG(s) 'example_branch_datetime_operator_2', 'example_branch_datetime_operator_3', 'example_branch_datetime_operator' retrieved from /home/airflow/.local/lib/python3.12/site-packages/airflow/example_dags/example_branch_datetime_operator.py
[2026-05-01T00:16:49.501+0000] {logging_mixin.py:188} INFO - [2026-05-01T00:16:49.501+0000] {dag.py:3089} INFO - Sync 3 DAGs
[2026-05-01T00:16:49.512+0000] {logging_mixin.py:188} INFO - [2026-05-01T00:16:49.512+0000] {dag.py:3947} INFO - Setting next_dagrun for example_branch_datetime_operator to 2026-04-30 00:00:00+00:00, run_after=2026-05-01 00:00:00+00:00
[2026-05-01T00:16:49.514+0000] {logging_mixin.py:188} INFO - [2026-05-01T00:16:49.514+0000] {dag.py:3947} INFO - Setting next_dagrun for example_branch_datetime_operator_2 to 2026-04-30 00:00:00+00:00, run_after=2026-05-01 00:00:00+00:00
[2026-05-01T00:16:49.515+0000] {logging_mixin.py:188} INFO - [2026-05-01T00:16:49.515+0000] {dag.py:3947} INFO - Setting next_dagrun for example_branch_datetime_operator_3 to 2026-04-30 00:00:00+00:00, run_after=2026-05-01 00:00:00+00:00
[2026-05-01T00:16:49.527+0000] {processor.py:183} INFO - Processing /home/airflow/.local/lib/python3.12/site-packages/airflow/example_dags/example_branch_datetime_operator.py took 0.068 seconds
[2026-05-01T00:17:20.260+0000] {processor.py:161} INFO - Started process (PID=56955) to work on /home/airflow/.local/lib/python3.12/site-packages/airflow/example_dags/example_branch_datetime_operator.py
[2026-05-01T00:17:20.262+0000] {processor.py:830} INFO - Processing file /home/airflow/.local/lib/python3.12/site-packages/airflow/example_dags/example_branch_datetime_operator.py for tasks to queue
[2026-05-01T00:17:20.264+0000] {logging_mixin.py:188} INFO - [2026-05-01T00:17:20.264+0000] {dagbag.py:545} INFO - Filling up the DagBag from /home/airflow/.local/lib/python3.12/site-packages/airflow/example_dags/example_branch_datetime_operator.py
[2026-05-01T00:17:20.274+0000] {processor.py:840} INFO - DAG(s) 'example_branch_datetime_operator_3', 'example_branch_datetime_operator', 'example_branch_datetime_operator_2' retrieved from /home/airflow/.local/lib/python3.12/site-packages/airflow/example_dags/example_branch_datetime_operator.py
[2026-05-01T00:17:20.297+0000] {logging_mixin.py:188} INFO - [2026-05-01T00:17:20.297+0000] {dag.py:3089} INFO - Sync 3 DAGs
[2026-05-01T00:17:20.311+0000] {logging_mixin.py:188} INFO - [2026-05-01T00:17:20.311+0000] {dag.py:3947} INFO - Setting next_dagrun for example_branch_datetime_operator to 2026-04-30 00:00:00+00:00, run_after=2026-05-01 00:00:00+00:00
[2026-05-01T00:17:20.314+0000] {logging_mixin.py:188} INFO - [2026-05-01T00:17:20.314+0000] {dag.py:3947} INFO - Setting next_dagrun for example_branch_datetime_operator_2 to 2026-04-30 00:00:00+00:00, run_after=2026-05-01 00:00:00+00:00
[2026-05-01T00:17:20.315+0000] {logging_mixin.py:188} INFO - [2026-05-01T00:17:20.315+0000] {dag.py:3947} INFO - Setting next_dagrun for example_branch_datetime_operator_3 to 2026-04-30 00:00:00+00:00, run_after=2026-05-01 00:00:00+00:00
[2026-05-01T00:17:20.325+0000] {processor.py:183} INFO - Processing /home/airflow/.local/lib/python3.12/site-packages/airflow/example_dags/example_branch_datetime_operator.py took 0.075 seconds
[2026-05-01T00:17:50.419+0000] {processor.py:161} INFO - Started process (PID=57014) to work on /home/airflow/.local/lib/python3.12/site-packages/airflow/example_dags/example_branch_datetime_operator.py
[2026-05-01T00:17:50.421+0000] {processor.py:830} INFO - Processing file /home/airflow/.local/lib/python3.12/site-packages/airflow/example_dags/example_branch_datetime_operator.py for tasks to queue
[2026-05-01T00:17:50.423+0000] {logging_mixin.py:188} INFO - [2026-05-01T00:17:50.423+0000] {dagbag.py:545} INFO - Filling up the DagBag from /home/airflow/.local/lib/python3.12/site-packages/airflow/example_dags/example_branch_datetime_operator.py
[2026-05-01T00:17:50.432+0000] {processor.py:840} INFO - DAG(s) 'example_branch_datetime_operator_3', 'example_branch_datetime_operator', 'example_branch_datetime_operator_2' retrieved from /home/airflow/.local/lib/python3.12/site-packages/airflow/example_dags/example_branch_datetime_operator.py
[2026-05-01T00:17:50.452+0000] {logging_mixin.py:188} INFO - [2026-05-01T00:17:50.452+0000] {dag.py:3089} INFO - Sync 3 DAGs
[2026-05-01T00:17:50.469+0000] {logging_mixin.py:188} INFO - [2026-05-01T00:17:50.469+0000] {dag.py:3947} INFO - Setting next_dagrun for example_branch_datetime_operator to 2026-04-30 00:00:00+00:00, run_after=2026-05-01 00:00:00+00:00
[2026-05-01T00:17:50.471+0000] {logging_mixin.py:188} INFO - [2026-05-01T00:17:50.471+0000] {dag.py:3947} INFO - Setting next_dagrun for example_branch_datetime_operator_2 to 2026-04-30 00:00:00+00:00, run_after=2026-05-01 00:00:00+00:00
[2026-05-01T00:17:50.473+0000] {logging_mixin.py:188} INFO - [2026-05-01T00:17:50.473+0000] {dag.py:3947} INFO - Setting next_dagrun for example_branch_datetime_operator_3 to 2026-04-30 00:00:00+00:00, run_after=2026-05-01 00:00:00+00:00
[2026-05-01T00:17:50.483+0000] {processor.py:183} INFO - Processing /home/airflow/.local/lib/python3.12/site-packages/airflow/example_dags/example_branch_datetime_operator.py took 0.071 seconds
[2026-05-01T00:18:21.398+0000] {processor.py:161} INFO - Started process (PID=57074) to work on /home/airflow/.local/lib/python3.12/site-packages/airflow/example_dags/example_branch_datetime_operator.py
[2026-05-01T00:18:21.400+0000] {processor.py:830} INFO - Processing file /home/airflow/.local/lib/python3.12/site-packages/airflow/example_dags/example_branch_datetime_operator.py for tasks to queue
[2026-05-01T00:18:21.402+0000] {logging_mixin.py:188} INFO - [2026-05-01T00:18:21.402+0000] {dagbag.py:545} INFO - Filling up the DagBag from /home/airflow/.local/lib/python3.12/site-packages/airflow/example_dags/example_branch_datetime_operator.py
[2026-05-01T00:18:21.411+0000] {processor.py:840} INFO - DAG(s) 'example_branch_datetime_operator', 'example_branch_datetime_operator_3', 'example_branch_datetime_operator_2' retrieved from /home/airflow/.local/lib/python3.12/site-packages/airflow/example_dags/example_branch_datetime_operator.py
[2026-05-01T00:18:21.431+0000] {logging_mixin.py:188} INFO - [2026-05-01T00:18:21.431+0000] {dag.py:3089} INFO - Sync 3 DAGs
[2026-05-01T00:18:21.443+0000] {logging_mixin.py:188} INFO - [2026-05-01T00:18:21.443+0000] {dag.py:3947} INFO - Setting next_dagrun for example_branch_datetime_operator to 2026-04-30 00:00:00+00:00, run_after=2026-05-01 00:00:00+00:00
[2026-05-01T00:18:21.445+0000] {logging_mixin.py:188} INFO - [2026-05-01T00:18:21.445+0000] {dag.py:3947} INFO - Setting next_dagrun for example_branch_datetime_operator_2 to 2026-04-30 00:00:00+00:00, run_after=2026-05-01 00:00:00+00:00
[2026-05-01T00:18:21.446+0000] {logging_mixin.py:188} INFO - [2026-05-01T00:18:21.446+0000] {dag.py:3947} INFO - Setting next_dagrun for example_branch_datetime_operator_3 to 2026-04-30 00:00:00+00:00, run_after=2026-05-01 00:00:00+00:00
[2026-05-01T00:18:21.454+0000] {processor.py:183} INFO - Processing /home/airflow/.local/lib/python3.12/site-packages/airflow/example_dags/example_branch_datetime_operator.py took 0.063 seconds
[2026-05-01T00:18:52.085+0000] {processor.py:161} INFO - Started process (PID=57134) to work on /home/airflow/.local/lib/python3.12/site-packages/airflow/example_dags/example_branch_datetime_operator.py
[2026-05-01T00:18:52.087+0000] {processor.py:830} INFO - Processing file /home/airflow/.local/lib/python3.12/site-packages/airflow/example_dags/example_branch_datetime_operator.py for tasks to queue
[2026-05-01T00:18:52.089+0000] {logging_mixin.py:188} INFO - [2026-05-01T00:18:52.089+0000] {dagbag.py:545} INFO - Filling up the DagBag from /home/airflow/.local/lib/python3.12/site-packages/airflow/example_dags/example_branch_datetime_operator.py
[2026-05-01T00:18:52.100+0000] {processor.py:840} INFO - DAG(s) 'example_branch_datetime_operator_2', 'example_branch_datetime_operator_3', 'example_branch_datetime_operator' retrieved from /home/airflow/.local/lib/python3.12/site-packages/airflow/example_dags/example_branch_datetime_operator.py
[2026-05-01T00:18:52.118+0000] {logging_mixin.py:188} INFO - [2026-05-01T00:18:52.118+0000] {dag.py:3089} INFO - Sync 3 DAGs
[2026-05-01T00:18:52.129+0000] {logging_mixin.py:188} INFO - [2026-05-01T00:18:52.129+0000] {dag.py:3947} INFO - Setting next_dagrun for example_branch_datetime_operator to 2026-04-30 00:00:00+00:00, run_after=2026-05-01 00:00:00+00:00
[2026-05-01T00:18:52.132+0000] {logging_mixin.py:188} INFO - [2026-05-01T00:18:52.132+0000] {dag.py:3947} INFO - Setting next_dagrun for example_branch_datetime_operator_2 to 2026-04-30 00:00:00+00:00, run_after=2026-05-01 00:00:00+00:00
[2026-05-01T00:18:52.134+0000] {logging_mixin.py:188} INFO - [2026-05-01T00:18:52.134+0000] {dag.py:3947} INFO - Setting next_dagrun for example_branch_datetime_operator_3 to 2026-04-30 00:00:00+00:00, run_after=2026-05-01 00:00:00+00:00
[2026-05-01T00:18:52.142+0000] {processor.py:183} INFO - Processing /home/airflow/.local/lib/python3.12/site-packages/airflow/example_dags/example_branch_datetime_operator.py took 0.064 seconds
[2026-05-01T00:19:22.753+0000] {processor.py:161} INFO - Started process (PID=57194) to work on /home/airflow/.local/lib/python3.12/site-packages/airflow/example_dags/example_branch_datetime_operator.py
[2026-05-01T00:19:22.754+0000] {processor.py:830} INFO - Processing file /home/airflow/.local/lib/python3.12/site-packages/airflow/example_dags/example_branch_datetime_operator.py for tasks to queue
[2026-05-01T00:19:22.757+0000] {logging_mixin.py:188} INFO - [2026-05-01T00:19:22.756+0000] {dagbag.py:545} INFO - Filling up the DagBag from /home/airflow/.local/lib/python3.12/site-packages/airflow/example_dags/example_branch_datetime_operator.py
[2026-05-01T00:19:22.769+0000] {processor.py:840} INFO - DAG(s) 'example_branch_datetime_operator_2', 'example_branch_datetime_operator', 'example_branch_datetime_operator_3' retrieved from /home/airflow/.local/lib/python3.12/site-packages/airflow/example_dags/example_branch_datetime_operator.py
[2026-05-01T00:19:22.792+0000] {logging_mixin.py:188} INFO - [2026-05-01T00:19:22.792+0000] {dag.py:3089} INFO - Sync 3 DAGs
[2026-05-01T00:19:22.807+0000] {logging_mixin.py:188} INFO - [2026-05-01T00:19:22.807+0000] {dag.py:3947} INFO - Setting next_dagrun for example_branch_datetime_operator to 2026-04-30 00:00:00+00:00, run_after=2026-05-01 00:00:00+00:00
[2026-05-01T00:19:22.811+0000] {logging_mixin.py:188} INFO - [2026-05-01T00:19:22.811+0000] {dag.py:3947} INFO - Setting next_dagrun for example_branch_datetime_operator_2 to 2026-04-30 00:00:00+00:00, run_after=2026-05-01 00:00:00+00:00
[2026-05-01T00:19:22.812+0000] {logging_mixin.py:188} INFO - [2026-05-01T00:19:22.812+0000] {dag.py:3947} INFO - Setting next_dagrun for example_branch_datetime_operator_3 to 2026-04-30 00:00:00+00:00, run_after=2026-05-01 00:00:00+00:00
[2026-05-01T00:19:22.822+0000] {processor.py:183} INFO - Processing /home/airflow/.local/lib/python3.12/site-packages/airflow/example_dags/example_branch_datetime_operator.py took 0.077 seconds
[2026-05-01T00:19:53.736+0000] {processor.py:161} INFO - Started process (PID=57254) to work on /home/airflow/.local/lib/python3.12/site-packages/airflow/example_dags/example_branch_datetime_operator.py
[2026-05-01T00:19:53.738+0000] {processor.py:830} INFO - Processing file /home/airflow/.local/lib/python3.12/site-packages/airflow/example_dags/example_branch_datetime_operator.py for tasks to queue
[2026-05-01T00:19:53.741+0000] {logging_mixin.py:188} INFO - [2026-05-01T00:19:53.740+0000] {dagbag.py:545} INFO - Filling up the DagBag from /home/airflow/.local/lib/python3.12/site-packages/airflow/example_dags/example_branch_datetime_operator.py
[2026-05-01T00:19:53.751+0000] {processor.py:840} INFO - DAG(s) 'example_branch_datetime_operator_3', 'example_branch_datetime_operator_2', 'example_branch_datetime_operator' retrieved from /home/airflow/.local/lib/python3.12/site-packages/airflow/example_dags/example_branch_datetime_operator.py
[2026-05-01T00:19:53.775+0000] {logging_mixin.py:188} INFO - [2026-05-01T00:19:53.774+0000] {dag.py:3089} INFO - Sync 3 DAGs
[2026-05-01T00:19:53.789+0000] {logging_mixin.py:188} INFO - [2026-05-01T00:19:53.789+0000] {dag.py:3947} INFO - Setting next_dagrun for example_branch_datetime_operator to 2026-04-30 00:00:00+00:00, run_after=2026-05-01 00:00:00+00:00
[2026-05-01T00:19:53.791+0000] {logging_mixin.py:188} INFO - [2026-05-01T00:19:53.790+0000] {dag.py:3947} INFO - Setting next_dagrun for example_branch_datetime_operator_2 to 2026-04-30 00:00:00+00:00, run_after=2026-05-01 00:00:00+00:00
[2026-05-01T00:19:53.791+0000] {logging_mixin.py:188} INFO - [2026-05-01T00:19:53.791+0000] {dag.py:3947} INFO - Setting next_dagrun for example_branch_datetime_operator_3 to 2026-04-30 00:00:00+00:00, run_after=2026-05-01 00:00:00+00:00
[2026-05-01T00:19:53.801+0000] {processor.py:183} INFO - Processing /home/airflow/.local/lib/python3.12/site-packages/airflow/example_dags/example_branch_datetime_operator.py took 0.072 seconds
[2026-05-01T00:20:23.938+0000] {processor.py:161} INFO - Started process (PID=57314) to work on /home/airflow/.local/lib/python3.12/site-packages/airflow/example_dags/example_branch_datetime_operator.py
[2026-05-01T00:20:23.940+0000] {processor.py:830} INFO - Processing file /home/airflow/.local/lib/python3.12/site-packages/airflow/example_dags/example_branch_datetime_operator.py for tasks to queue
[2026-05-01T00:20:23.942+0000] {logging_mixin.py:188} INFO - [2026-05-01T00:20:23.942+0000] {dagbag.py:545} INFO - Filling up the DagBag from /home/airflow/.local/lib/python3.12/site-packages/airflow/example_dags/example_branch_datetime_operator.py
[2026-05-01T00:20:23.950+0000] {processor.py:840} INFO - DAG(s) 'example_branch_datetime_operator', 'example_branch_datetime_operator_2', 'example_branch_datetime_operator_3' retrieved from /home/airflow/.local/lib/python3.12/site-packages/airflow/example_dags/example_branch_datetime_operator.py
[2026-05-01T00:20:23.973+0000] {logging_mixin.py:188} INFO - [2026-05-01T00:20:23.972+0000] {dag.py:3089} INFO - Sync 3 DAGs
[2026-05-01T00:20:23.985+0000] {logging_mixin.py:188} INFO - [2026-05-01T00:20:23.985+0000] {dag.py:3947} INFO - Setting next_dagrun for example_branch_datetime_operator to 2026-04-30 00:00:00+00:00, run_after=2026-05-01 00:00:00+00:00
[2026-05-01T00:20:23.988+0000] {logging_mixin.py:188} INFO - [2026-05-01T00:20:23.988+0000] {dag.py:3947} INFO - Setting next_dagrun for example_branch_datetime_operator_2 to 2026-04-30 00:00:00+00:00, run_after=2026-05-01 00:00:00+00:00
[2026-05-01T00:20:23.990+0000] {logging_mixin.py:188} INFO - [2026-05-01T00:20:23.990+0000] {dag.py:3947} INFO - Setting next_dagrun for example_branch_datetime_operator_3 to 2026-04-30 00:00:00+00:00, run_after=2026-05-01 00:00:00+00:00
[2026-05-01T00:20:23.999+0000] {processor.py:183} INFO - Processing /home/airflow/.local/lib/python3.12/site-packages/airflow/example_dags/example_branch_datetime_operator.py took 0.068 seconds
[2026-05-01T00:20:54.958+0000] {processor.py:161} INFO - Started process (PID=57374) to work on /home/airflow/.local/lib/python3.12/site-packages/airflow/example_dags/example_branch_datetime_operator.py
[2026-05-01T00:20:54.959+0000] {processor.py:830} INFO - Processing file /home/airflow/.local/lib/python3.12/site-packages/airflow/example_dags/example_branch_datetime_operator.py for tasks to queue
[2026-05-01T00:20:54.961+0000] {logging_mixin.py:188} INFO - [2026-05-01T00:20:54.961+0000] {dagbag.py:545} INFO - Filling up the DagBag from /home/airflow/.local/lib/python3.12/site-packages/airflow/example_dags/example_branch_datetime_operator.py
[2026-05-01T00:20:54.968+0000] {processor.py:840} INFO - DAG(s) 'example_branch_datetime_operator', 'example_branch_datetime_operator_2', 'example_branch_datetime_operator_3' retrieved from /home/airflow/.local/lib/python3.12/site-packages/airflow/example_dags/example_branch_datetime_operator.py
[2026-05-01T00:20:54.983+0000] {logging_mixin.py:188} INFO - [2026-05-01T00:20:54.983+0000] {dag.py:3089} INFO - Sync 3 DAGs
[2026-05-01T00:20:54.995+0000] {logging_mixin.py:188} INFO - [2026-05-01T00:20:54.995+0000] {dag.py:3947} INFO - Setting next_dagrun for example_branch_datetime_operator to 2026-04-30 00:00:00+00:00, run_after=2026-05-01 00:00:00+00:00
[2026-05-01T00:20:54.997+0000] {logging_mixin.py:188} INFO - [2026-05-01T00:20:54.997+0000] {dag.py:3947} INFO - Setting next_dagrun for example_branch_datetime_operator_2 to 2026-04-30 00:00:00+00:00, run_after=2026-05-01 00:00:00+00:00
[2026-05-01T00:20:55.000+0000] {logging_mixin.py:188} INFO - [2026-05-01T00:20:55.000+0000] {dag.py:3947} INFO - Setting next_dagrun for example_branch_datetime_operator_3 to 2026-04-30 00:00:00+00:00, run_after=2026-05-01 00:00:00+00:00
[2026-05-01T00:20:55.009+0000] {processor.py:183} INFO - Processing /home/airflow/.local/lib/python3.12/site-packages/airflow/example_dags/example_branch_datetime_operator.py took 0.064 seconds
[2026-05-01T00:21:25.143+0000] {processor.py:161} INFO - Started process (PID=57434) to work on /home/airflow/.local/lib/python3.12/site-packages/airflow/example_dags/example_branch_datetime_operator.py
[2026-05-01T00:21:25.146+0000] {processor.py:830} INFO - Processing file /home/airflow/.local/lib/python3.12/site-packages/airflow/example_dags/example_branch_datetime_operator.py for tasks to queue
[2026-05-01T00:21:25.147+0000] {logging_mixin.py:188} INFO - [2026-05-01T00:21:25.147+0000] {dagbag.py:545} INFO - Filling up the DagBag from /home/airflow/.local/lib/python3.12/site-packages/airflow/example_dags/example_branch_datetime_operator.py
[2026-05-01T00:21:25.157+0000] {processor.py:840} INFO - DAG(s) 'example_branch_datetime_operator', 'example_branch_datetime_operator_2', 'example_branch_datetime_operator_3' retrieved from /home/airflow/.local/lib/python3.12/site-packages/airflow/example_dags/example_branch_datetime_operator.py
[2026-05-01T00:21:25.177+0000] {logging_mixin.py:188} INFO - [2026-05-01T00:21:25.177+0000] {dag.py:3089} INFO - Sync 3 DAGs
[2026-05-01T00:21:25.190+0000] {logging_mixin.py:188} INFO - [2026-05-01T00:21:25.190+0000] {dag.py:3947} INFO - Setting next_dagrun for example_branch_datetime_operator to 2026-04-30 00:00:00+00:00, run_after=2026-05-01 00:00:00+00:00
[2026-05-01T00:21:25.193+0000] {logging_mixin.py:188} INFO - [2026-05-01T00:21:25.193+0000] {dag.py:3947} INFO - Setting next_dagrun for example_branch_datetime_operator_2 to 2026-04-30 00:00:00+00:00, run_after=2026-05-01 00:00:00+00:00
[2026-05-01T00:21:25.194+0000] {logging_mixin.py:188} INFO - [2026-05-01T00:21:25.194+0000] {dag.py:3947} INFO - Setting next_dagrun for example_branch_datetime_operator_3 to 2026-04-30 00:00:00+00:00, run_after=2026-05-01 00:00:00+00:00
[2026-05-01T00:21:25.205+0000] {processor.py:183} INFO - Processing /home/airflow/.local/lib/python3.12/site-packages/airflow/example_dags/example_branch_datetime_operator.py took 0.070 seconds
[2026-05-01T00:21:55.568+0000] {processor.py:161} INFO - Started process (PID=57494) to work on /home/airflow/.local/lib/python3.12/site-packages/airflow/example_dags/example_branch_datetime_operator.py
[2026-05-01T00:21:55.569+0000] {processor.py:830} INFO - Processing file /home/airflow/.local/lib/python3.12/site-packages/airflow/example_dags/example_branch_datetime_operator.py for tasks to queue
[2026-05-01T00:21:55.571+0000] {logging_mixin.py:188} INFO - [2026-05-01T00:21:55.571+0000] {dagbag.py:545} INFO - Filling up the DagBag from /home/airflow/.local/lib/python3.12/site-packages/airflow/example_dags/example_branch_datetime_operator.py
[2026-05-01T00:21:55.580+0000] {processor.py:840} INFO - DAG(s) 'example_branch_datetime_operator_2', 'example_branch_datetime_operator_3', 'example_branch_datetime_operator' retrieved from /home/airflow/.local/lib/python3.12/site-packages/airflow/example_dags/example_branch_datetime_operator.py
[2026-05-01T00:21:55.603+0000] {logging_mixin.py:188} INFO - [2026-05-01T00:21:55.603+0000] {dag.py:3089} INFO - Sync 3 DAGs
[2026-05-01T00:21:55.616+0000] {logging_mixin.py:188} INFO - [2026-05-01T00:21:55.616+0000] {dag.py:3947} INFO - Setting next_dagrun for example_branch_datetime_operator to 2026-04-30 00:00:00+00:00, run_after=2026-05-01 00:00:00+00:00
[2026-05-01T00:21:55.618+0000] {logging_mixin.py:188} INFO - [2026-05-01T00:21:55.618+0000] {dag.py:3947} INFO - Setting next_dagrun for example_branch_datetime_operator_2 to 2026-04-30 00:00:00+00:00, run_after=2026-05-01 00:00:00+00:00
[2026-05-01T00:21:55.620+0000] {logging_mixin.py:188} INFO - [2026-05-01T00:21:55.620+0000] {dag.py:3947} INFO - Setting next_dagrun for example_branch_datetime_operator_3 to 2026-04-30 00:00:00+00:00, run_after=2026-05-01 00:00:00+00:00
[2026-05-01T00:21:55.631+0000] {processor.py:183} INFO - Processing /home/airflow/.local/lib/python3.12/site-packages/airflow/example_dags/example_branch_datetime_operator.py took 0.074 seconds
[2026-05-01T00:22:26.461+0000] {processor.py:161} INFO - Started process (PID=57554) to work on /home/airflow/.local/lib/python3.12/site-packages/airflow/example_dags/example_branch_datetime_operator.py
[2026-05-01T00:22:26.465+0000] {processor.py:830} INFO - Processing file /home/airflow/.local/lib/python3.12/site-packages/airflow/example_dags/example_branch_datetime_operator.py for tasks to queue
[2026-05-01T00:22:26.467+0000] {logging_mixin.py:188} INFO - [2026-05-01T00:22:26.466+0000] {dagbag.py:545} INFO - Filling up the DagBag from /home/airflow/.local/lib/python3.12/site-packages/airflow/example_dags/example_branch_datetime_operator.py
[2026-05-01T00:22:26.473+0000] {processor.py:840} INFO - DAG(s) 'example_branch_datetime_operator_3', 'example_branch_datetime_operator', 'example_branch_datetime_operator_2' retrieved from /home/airflow/.local/lib/python3.12/site-packages/airflow/example_dags/example_branch_datetime_operator.py
[2026-05-01T00:22:26.495+0000] {logging_mixin.py:188} INFO - [2026-05-01T00:22:26.495+0000] {dag.py:3089} INFO - Sync 3 DAGs
[2026-05-01T00:22:26.508+0000] {logging_mixin.py:188} INFO - [2026-05-01T00:22:26.508+0000] {dag.py:3947} INFO - Setting next_dagrun for example_branch_datetime_operator to 2026-04-30 00:00:00+00:00, run_after=2026-05-01 00:00:00+00:00
[2026-05-01T00:22:26.512+0000] {logging_mixin.py:188} INFO - [2026-05-01T00:22:26.511+0000] {dag.py:3947} INFO - Setting next_dagrun for example_branch_datetime_operator_2 to 2026-04-30 00:00:00+00:00, run_after=2026-05-01 00:00:00+00:00
[2026-05-01T00:22:26.512+0000] {logging_mixin.py:188} INFO - [2026-05-01T00:22:26.512+0000] {dag.py:3947} INFO - Setting next_dagrun for example_branch_datetime_operator_3 to 2026-04-30 00:00:00+00:00, run_after=2026-05-01 00:00:00+00:00
[2026-05-01T00:22:26.522+0000] {processor.py:183} INFO - Processing /home/airflow/.local/lib/python3.12/site-packages/airflow/example_dags/example_branch_datetime_operator.py took 0.079 seconds
[2026-05-01T00:22:57.315+0000] {processor.py:161} INFO - Started process (PID=57614) to work on /home/airflow/.local/lib/python3.12/site-packages/airflow/example_dags/example_branch_datetime_operator.py
[2026-05-01T00:22:57.316+0000] {processor.py:830} INFO - Processing file /home/airflow/.local/lib/python3.12/site-packages/airflow/example_dags/example_branch_datetime_operator.py for tasks to queue
[2026-05-01T00:22:57.318+0000] {logging_mixin.py:188} INFO - [2026-05-01T00:22:57.318+0000] {dagbag.py:545} INFO - Filling up the DagBag from /home/airflow/.local/lib/python3.12/site-packages/airflow/example_dags/example_branch_datetime_operator.py
[2026-05-01T00:22:57.324+0000] {processor.py:840} INFO - DAG(s) 'example_branch_datetime_operator_2', 'example_branch_datetime_operator', 'example_branch_datetime_operator_3' retrieved from /home/airflow/.local/lib/python3.12/site-packages/airflow/example_dags/example_branch_datetime_operator.py
[2026-05-01T00:22:57.347+0000] {logging_mixin.py:188} INFO - [2026-05-01T00:22:57.347+0000] {dag.py:3089} INFO - Sync 3 DAGs
[2026-05-01T00:22:57.361+0000] {logging_mixin.py:188} INFO - [2026-05-01T00:22:57.361+0000] {dag.py:3947} INFO - Setting next_dagrun for example_branch_datetime_operator to 2026-04-30 00:00:00+00:00, run_after=2026-05-01 00:00:00+00:00
[2026-05-01T00:22:57.364+0000] {logging_mixin.py:188} INFO - [2026-05-01T00:22:57.364+0000] {dag.py:3947} INFO - Setting next_dagrun for example_branch_datetime_operator_2 to 2026-04-30 00:00:00+00:00, run_after=2026-05-01 00:00:00+00:00
[2026-05-01T00:22:57.365+0000] {logging_mixin.py:188} INFO - [2026-05-01T00:22:57.365+0000] {dag.py:3947} INFO - Setting next_dagrun for example_branch_datetime_operator_3 to 2026-04-30 00:00:00+00:00, run_after=2026-05-01 00:00:00+00:00
[2026-05-01T00:22:57.374+0000] {processor.py:183} INFO - Processing /home/airflow/.local/lib/python3.12/site-packages/airflow/example_dags/example_branch_datetime_operator.py took 0.066 seconds
