[2026-05-01T00:00:02.497+0000] {processor.py:161} INFO - Started process (PID=54920) to work on /home/airflow/.local/lib/python3.12/site-packages/airflow/example_dags/tutorial_taskflow_api_virtualenv.py
[2026-05-01T00:00:02.499+0000] {processor.py:830} INFO - Processing file /home/airflow/.local/lib/python3.12/site-packages/airflow/example_dags/tutorial_taskflow_api_virtualenv.py for tasks to queue
[2026-05-01T00:00:02.499+0000] {logging_mixin.py:188} INFO - [2026-05-01T00:00:02.499+0000] {dagbag.py:545} INFO - Filling up the DagBag from /home/airflow/.local/lib/python3.12/site-packages/airflow/example_dags/tutorial_taskflow_api_virtualenv.py
[2026-05-01T00:00:02.504+0000] {processor.py:840} INFO - DAG(s) 'tutorial_taskflow_api_virtualenv' retrieved from /home/airflow/.local/lib/python3.12/site-packages/airflow/example_dags/tutorial_taskflow_api_virtualenv.py
[2026-05-01T00:00:02.512+0000] {logging_mixin.py:188} INFO - [2026-05-01T00:00:02.512+0000] {dag.py:3089} INFO - Sync 1 DAGs
[2026-05-01T00:00:02.519+0000] {logging_mixin.py:188} INFO - [2026-05-01T00:00:02.519+0000] {dag.py:3947} INFO - Setting next_dagrun for tutorial_taskflow_api_virtualenv to None, run_after=None
[2026-05-01T00:00:02.529+0000] {processor.py:183} INFO - Processing /home/airflow/.local/lib/python3.12/site-packages/airflow/example_dags/tutorial_taskflow_api_virtualenv.py took 0.035 seconds
[2026-05-01T00:00:33.287+0000] {processor.py:161} INFO - Started process (PID=54980) to work on /home/airflow/.local/lib/python3.12/site-packages/airflow/example_dags/tutorial_taskflow_api_virtualenv.py
[2026-05-01T00:00:33.288+0000] {processor.py:830} INFO - Processing file /home/airflow/.local/lib/python3.12/site-packages/airflow/example_dags/tutorial_taskflow_api_virtualenv.py for tasks to queue
[2026-05-01T00:00:33.289+0000] {logging_mixin.py:188} INFO - [2026-05-01T00:00:33.289+0000] {dagbag.py:545} INFO - Filling up the DagBag from /home/airflow/.local/lib/python3.12/site-packages/airflow/example_dags/tutorial_taskflow_api_virtualenv.py
[2026-05-01T00:00:33.296+0000] {processor.py:840} INFO - DAG(s) 'tutorial_taskflow_api_virtualenv' retrieved from /home/airflow/.local/lib/python3.12/site-packages/airflow/example_dags/tutorial_taskflow_api_virtualenv.py
[2026-05-01T00:00:33.303+0000] {logging_mixin.py:188} INFO - [2026-05-01T00:00:33.303+0000] {dag.py:3089} INFO - Sync 1 DAGs
[2026-05-01T00:00:33.308+0000] {logging_mixin.py:188} INFO - [2026-05-01T00:00:33.308+0000] {dag.py:3947} INFO - Setting next_dagrun for tutorial_taskflow_api_virtualenv to None, run_after=None
[2026-05-01T00:00:33.316+0000] {processor.py:183} INFO - Processing /home/airflow/.local/lib/python3.12/site-packages/airflow/example_dags/tutorial_taskflow_api_virtualenv.py took 0.032 seconds
[2026-05-01T00:01:04.014+0000] {processor.py:161} INFO - Started process (PID=55040) to work on /home/airflow/.local/lib/python3.12/site-packages/airflow/example_dags/tutorial_taskflow_api_virtualenv.py
[2026-05-01T00:01:04.014+0000] {processor.py:830} INFO - Processing file /home/airflow/.local/lib/python3.12/site-packages/airflow/example_dags/tutorial_taskflow_api_virtualenv.py for tasks to queue
[2026-05-01T00:01:04.016+0000] {logging_mixin.py:188} INFO - [2026-05-01T00:01:04.016+0000] {dagbag.py:545} INFO - Filling up the DagBag from /home/airflow/.local/lib/python3.12/site-packages/airflow/example_dags/tutorial_taskflow_api_virtualenv.py
[2026-05-01T00:01:04.021+0000] {processor.py:840} INFO - DAG(s) 'tutorial_taskflow_api_virtualenv' retrieved from /home/airflow/.local/lib/python3.12/site-packages/airflow/example_dags/tutorial_taskflow_api_virtualenv.py
[2026-05-01T00:01:04.029+0000] {logging_mixin.py:188} INFO - [2026-05-01T00:01:04.029+0000] {dag.py:3089} INFO - Sync 1 DAGs
[2026-05-01T00:01:04.033+0000] {logging_mixin.py:188} INFO - [2026-05-01T00:01:04.033+0000] {dag.py:3947} INFO - Setting next_dagrun for tutorial_taskflow_api_virtualenv to None, run_after=None
[2026-05-01T00:01:04.039+0000] {processor.py:183} INFO - Processing /home/airflow/.local/lib/python3.12/site-packages/airflow/example_dags/tutorial_taskflow_api_virtualenv.py took 0.028 seconds
[2026-05-01T00:01:34.776+0000] {processor.py:161} INFO - Started process (PID=55100) to work on /home/airflow/.local/lib/python3.12/site-packages/airflow/example_dags/tutorial_taskflow_api_virtualenv.py
[2026-05-01T00:01:34.777+0000] {processor.py:830} INFO - Processing file /home/airflow/.local/lib/python3.12/site-packages/airflow/example_dags/tutorial_taskflow_api_virtualenv.py for tasks to queue
[2026-05-01T00:01:34.778+0000] {logging_mixin.py:188} INFO - [2026-05-01T00:01:34.777+0000] {dagbag.py:545} INFO - Filling up the DagBag from /home/airflow/.local/lib/python3.12/site-packages/airflow/example_dags/tutorial_taskflow_api_virtualenv.py
[2026-05-01T00:01:34.785+0000] {processor.py:840} INFO - DAG(s) 'tutorial_taskflow_api_virtualenv' retrieved from /home/airflow/.local/lib/python3.12/site-packages/airflow/example_dags/tutorial_taskflow_api_virtualenv.py
[2026-05-01T00:01:34.792+0000] {logging_mixin.py:188} INFO - [2026-05-01T00:01:34.792+0000] {dag.py:3089} INFO - Sync 1 DAGs
[2026-05-01T00:01:34.797+0000] {logging_mixin.py:188} INFO - [2026-05-01T00:01:34.797+0000] {dag.py:3947} INFO - Setting next_dagrun for tutorial_taskflow_api_virtualenv to None, run_after=None
[2026-05-01T00:01:34.806+0000] {processor.py:183} INFO - Processing /home/airflow/.local/lib/python3.12/site-packages/airflow/example_dags/tutorial_taskflow_api_virtualenv.py took 0.032 seconds
[2026-05-01T00:02:05.967+0000] {processor.py:161} INFO - Started process (PID=55166) to work on /home/airflow/.local/lib/python3.12/site-packages/airflow/example_dags/tutorial_taskflow_api_virtualenv.py
[2026-05-01T00:02:05.967+0000] {processor.py:830} INFO - Processing file /home/airflow/.local/lib/python3.12/site-packages/airflow/example_dags/tutorial_taskflow_api_virtualenv.py for tasks to queue
[2026-05-01T00:02:05.968+0000] {logging_mixin.py:188} INFO - [2026-05-01T00:02:05.968+0000] {dagbag.py:545} INFO - Filling up the DagBag from /home/airflow/.local/lib/python3.12/site-packages/airflow/example_dags/tutorial_taskflow_api_virtualenv.py
[2026-05-01T00:02:05.974+0000] {processor.py:840} INFO - DAG(s) 'tutorial_taskflow_api_virtualenv' retrieved from /home/airflow/.local/lib/python3.12/site-packages/airflow/example_dags/tutorial_taskflow_api_virtualenv.py
[2026-05-01T00:02:05.985+0000] {logging_mixin.py:188} INFO - [2026-05-01T00:02:05.985+0000] {dag.py:3089} INFO - Sync 1 DAGs
[2026-05-01T00:02:05.991+0000] {logging_mixin.py:188} INFO - [2026-05-01T00:02:05.991+0000] {dag.py:3947} INFO - Setting next_dagrun for tutorial_taskflow_api_virtualenv to None, run_after=None
[2026-05-01T00:02:06.002+0000] {processor.py:183} INFO - Processing /home/airflow/.local/lib/python3.12/site-packages/airflow/example_dags/tutorial_taskflow_api_virtualenv.py took 0.038 seconds
[2026-05-01T00:02:36.014+0000] {processor.py:161} INFO - Started process (PID=55226) to work on /home/airflow/.local/lib/python3.12/site-packages/airflow/example_dags/tutorial_taskflow_api_virtualenv.py
[2026-05-01T00:02:36.015+0000] {processor.py:830} INFO - Processing file /home/airflow/.local/lib/python3.12/site-packages/airflow/example_dags/tutorial_taskflow_api_virtualenv.py for tasks to queue
[2026-05-01T00:02:36.016+0000] {logging_mixin.py:188} INFO - [2026-05-01T00:02:36.015+0000] {dagbag.py:545} INFO - Filling up the DagBag from /home/airflow/.local/lib/python3.12/site-packages/airflow/example_dags/tutorial_taskflow_api_virtualenv.py
[2026-05-01T00:02:36.019+0000] {processor.py:840} INFO - DAG(s) 'tutorial_taskflow_api_virtualenv' retrieved from /home/airflow/.local/lib/python3.12/site-packages/airflow/example_dags/tutorial_taskflow_api_virtualenv.py
[2026-05-01T00:02:36.026+0000] {logging_mixin.py:188} INFO - [2026-05-01T00:02:36.026+0000] {dag.py:3089} INFO - Sync 1 DAGs
[2026-05-01T00:02:36.030+0000] {logging_mixin.py:188} INFO - [2026-05-01T00:02:36.030+0000] {dag.py:3947} INFO - Setting next_dagrun for tutorial_taskflow_api_virtualenv to None, run_after=None
[2026-05-01T00:02:36.035+0000] {processor.py:183} INFO - Processing /home/airflow/.local/lib/python3.12/site-packages/airflow/example_dags/tutorial_taskflow_api_virtualenv.py took 0.023 seconds
[2026-05-01T00:03:06.794+0000] {processor.py:161} INFO - Started process (PID=55286) to work on /home/airflow/.local/lib/python3.12/site-packages/airflow/example_dags/tutorial_taskflow_api_virtualenv.py
[2026-05-01T00:03:06.794+0000] {processor.py:830} INFO - Processing file /home/airflow/.local/lib/python3.12/site-packages/airflow/example_dags/tutorial_taskflow_api_virtualenv.py for tasks to queue
[2026-05-01T00:03:06.795+0000] {logging_mixin.py:188} INFO - [2026-05-01T00:03:06.795+0000] {dagbag.py:545} INFO - Filling up the DagBag from /home/airflow/.local/lib/python3.12/site-packages/airflow/example_dags/tutorial_taskflow_api_virtualenv.py
[2026-05-01T00:03:06.799+0000] {processor.py:840} INFO - DAG(s) 'tutorial_taskflow_api_virtualenv' retrieved from /home/airflow/.local/lib/python3.12/site-packages/airflow/example_dags/tutorial_taskflow_api_virtualenv.py
[2026-05-01T00:03:06.810+0000] {logging_mixin.py:188} INFO - [2026-05-01T00:03:06.810+0000] {dag.py:3089} INFO - Sync 1 DAGs
[2026-05-01T00:03:06.814+0000] {logging_mixin.py:188} INFO - [2026-05-01T00:03:06.814+0000] {dag.py:3947} INFO - Setting next_dagrun for tutorial_taskflow_api_virtualenv to None, run_after=None
[2026-05-01T00:03:06.822+0000] {processor.py:183} INFO - Processing /home/airflow/.local/lib/python3.12/site-packages/airflow/example_dags/tutorial_taskflow_api_virtualenv.py took 0.031 seconds
[2026-05-01T00:03:37.487+0000] {processor.py:161} INFO - Started process (PID=55346) to work on /home/airflow/.local/lib/python3.12/site-packages/airflow/example_dags/tutorial_taskflow_api_virtualenv.py
[2026-05-01T00:03:37.488+0000] {processor.py:830} INFO - Processing file /home/airflow/.local/lib/python3.12/site-packages/airflow/example_dags/tutorial_taskflow_api_virtualenv.py for tasks to queue
[2026-05-01T00:03:37.489+0000] {logging_mixin.py:188} INFO - [2026-05-01T00:03:37.489+0000] {dagbag.py:545} INFO - Filling up the DagBag from /home/airflow/.local/lib/python3.12/site-packages/airflow/example_dags/tutorial_taskflow_api_virtualenv.py
[2026-05-01T00:03:37.496+0000] {processor.py:840} INFO - DAG(s) 'tutorial_taskflow_api_virtualenv' retrieved from /home/airflow/.local/lib/python3.12/site-packages/airflow/example_dags/tutorial_taskflow_api_virtualenv.py
[2026-05-01T00:03:37.505+0000] {logging_mixin.py:188} INFO - [2026-05-01T00:03:37.504+0000] {dag.py:3089} INFO - Sync 1 DAGs
[2026-05-01T00:03:37.509+0000] {logging_mixin.py:188} INFO - [2026-05-01T00:03:37.509+0000] {dag.py:3947} INFO - Setting next_dagrun for tutorial_taskflow_api_virtualenv to None, run_after=None
[2026-05-01T00:03:37.516+0000] {processor.py:183} INFO - Processing /home/airflow/.local/lib/python3.12/site-packages/airflow/example_dags/tutorial_taskflow_api_virtualenv.py took 0.031 seconds
[2026-05-01T00:04:08.220+0000] {processor.py:161} INFO - Started process (PID=55406) to work on /home/airflow/.local/lib/python3.12/site-packages/airflow/example_dags/tutorial_taskflow_api_virtualenv.py
[2026-05-01T00:04:08.223+0000] {processor.py:830} INFO - Processing file /home/airflow/.local/lib/python3.12/site-packages/airflow/example_dags/tutorial_taskflow_api_virtualenv.py for tasks to queue
[2026-05-01T00:04:08.224+0000] {logging_mixin.py:188} INFO - [2026-05-01T00:04:08.224+0000] {dagbag.py:545} INFO - Filling up the DagBag from /home/airflow/.local/lib/python3.12/site-packages/airflow/example_dags/tutorial_taskflow_api_virtualenv.py
[2026-05-01T00:04:08.229+0000] {processor.py:840} INFO - DAG(s) 'tutorial_taskflow_api_virtualenv' retrieved from /home/airflow/.local/lib/python3.12/site-packages/airflow/example_dags/tutorial_taskflow_api_virtualenv.py
[2026-05-01T00:04:08.238+0000] {logging_mixin.py:188} INFO - [2026-05-01T00:04:08.238+0000] {dag.py:3089} INFO - Sync 1 DAGs
[2026-05-01T00:04:08.243+0000] {logging_mixin.py:188} INFO - [2026-05-01T00:04:08.243+0000] {dag.py:3947} INFO - Setting next_dagrun for tutorial_taskflow_api_virtualenv to None, run_after=None
[2026-05-01T00:04:08.251+0000] {processor.py:183} INFO - Processing /home/airflow/.local/lib/python3.12/site-packages/airflow/example_dags/tutorial_taskflow_api_virtualenv.py took 0.034 seconds
[2026-05-01T00:04:38.955+0000] {processor.py:161} INFO - Started process (PID=55466) to work on /home/airflow/.local/lib/python3.12/site-packages/airflow/example_dags/tutorial_taskflow_api_virtualenv.py
[2026-05-01T00:04:38.956+0000] {processor.py:830} INFO - Processing file /home/airflow/.local/lib/python3.12/site-packages/airflow/example_dags/tutorial_taskflow_api_virtualenv.py for tasks to queue
[2026-05-01T00:04:38.957+0000] {logging_mixin.py:188} INFO - [2026-05-01T00:04:38.957+0000] {dagbag.py:545} INFO - Filling up the DagBag from /home/airflow/.local/lib/python3.12/site-packages/airflow/example_dags/tutorial_taskflow_api_virtualenv.py
[2026-05-01T00:04:38.961+0000] {processor.py:840} INFO - DAG(s) 'tutorial_taskflow_api_virtualenv' retrieved from /home/airflow/.local/lib/python3.12/site-packages/airflow/example_dags/tutorial_taskflow_api_virtualenv.py
[2026-05-01T00:04:38.969+0000] {logging_mixin.py:188} INFO - [2026-05-01T00:04:38.969+0000] {dag.py:3089} INFO - Sync 1 DAGs
[2026-05-01T00:04:38.976+0000] {logging_mixin.py:188} INFO - [2026-05-01T00:04:38.976+0000] {dag.py:3947} INFO - Setting next_dagrun for tutorial_taskflow_api_virtualenv to None, run_after=None
[2026-05-01T00:04:38.985+0000] {processor.py:183} INFO - Processing /home/airflow/.local/lib/python3.12/site-packages/airflow/example_dags/tutorial_taskflow_api_virtualenv.py took 0.032 seconds
[2026-05-01T00:05:09.722+0000] {processor.py:161} INFO - Started process (PID=55527) to work on /home/airflow/.local/lib/python3.12/site-packages/airflow/example_dags/tutorial_taskflow_api_virtualenv.py
[2026-05-01T00:05:09.722+0000] {processor.py:830} INFO - Processing file /home/airflow/.local/lib/python3.12/site-packages/airflow/example_dags/tutorial_taskflow_api_virtualenv.py for tasks to queue
[2026-05-01T00:05:09.724+0000] {logging_mixin.py:188} INFO - [2026-05-01T00:05:09.723+0000] {dagbag.py:545} INFO - Filling up the DagBag from /home/airflow/.local/lib/python3.12/site-packages/airflow/example_dags/tutorial_taskflow_api_virtualenv.py
[2026-05-01T00:05:09.731+0000] {processor.py:840} INFO - DAG(s) 'tutorial_taskflow_api_virtualenv' retrieved from /home/airflow/.local/lib/python3.12/site-packages/airflow/example_dags/tutorial_taskflow_api_virtualenv.py
[2026-05-01T00:05:09.738+0000] {logging_mixin.py:188} INFO - [2026-05-01T00:05:09.738+0000] {dag.py:3089} INFO - Sync 1 DAGs
[2026-05-01T00:05:09.742+0000] {logging_mixin.py:188} INFO - [2026-05-01T00:05:09.742+0000] {dag.py:3947} INFO - Setting next_dagrun for tutorial_taskflow_api_virtualenv to None, run_after=None
[2026-05-01T00:05:09.752+0000] {processor.py:183} INFO - Processing /home/airflow/.local/lib/python3.12/site-packages/airflow/example_dags/tutorial_taskflow_api_virtualenv.py took 0.032 seconds
[2026-05-01T00:05:40.503+0000] {processor.py:161} INFO - Started process (PID=55587) to work on /home/airflow/.local/lib/python3.12/site-packages/airflow/example_dags/tutorial_taskflow_api_virtualenv.py
[2026-05-01T00:05:40.504+0000] {processor.py:830} INFO - Processing file /home/airflow/.local/lib/python3.12/site-packages/airflow/example_dags/tutorial_taskflow_api_virtualenv.py for tasks to queue
[2026-05-01T00:05:40.506+0000] {logging_mixin.py:188} INFO - [2026-05-01T00:05:40.506+0000] {dagbag.py:545} INFO - Filling up the DagBag from /home/airflow/.local/lib/python3.12/site-packages/airflow/example_dags/tutorial_taskflow_api_virtualenv.py
[2026-05-01T00:05:40.512+0000] {processor.py:840} INFO - DAG(s) 'tutorial_taskflow_api_virtualenv' retrieved from /home/airflow/.local/lib/python3.12/site-packages/airflow/example_dags/tutorial_taskflow_api_virtualenv.py
[2026-05-01T00:05:40.521+0000] {logging_mixin.py:188} INFO - [2026-05-01T00:05:40.521+0000] {dag.py:3089} INFO - Sync 1 DAGs
[2026-05-01T00:05:40.525+0000] {logging_mixin.py:188} INFO - [2026-05-01T00:05:40.525+0000] {dag.py:3947} INFO - Setting next_dagrun for tutorial_taskflow_api_virtualenv to None, run_after=None
[2026-05-01T00:05:40.534+0000] {processor.py:183} INFO - Processing /home/airflow/.local/lib/python3.12/site-packages/airflow/example_dags/tutorial_taskflow_api_virtualenv.py took 0.033 seconds
[2026-05-01T00:06:11.260+0000] {processor.py:161} INFO - Started process (PID=55647) to work on /home/airflow/.local/lib/python3.12/site-packages/airflow/example_dags/tutorial_taskflow_api_virtualenv.py
[2026-05-01T00:06:11.261+0000] {processor.py:830} INFO - Processing file /home/airflow/.local/lib/python3.12/site-packages/airflow/example_dags/tutorial_taskflow_api_virtualenv.py for tasks to queue
[2026-05-01T00:06:11.262+0000] {logging_mixin.py:188} INFO - [2026-05-01T00:06:11.262+0000] {dagbag.py:545} INFO - Filling up the DagBag from /home/airflow/.local/lib/python3.12/site-packages/airflow/example_dags/tutorial_taskflow_api_virtualenv.py
[2026-05-01T00:06:11.267+0000] {processor.py:840} INFO - DAG(s) 'tutorial_taskflow_api_virtualenv' retrieved from /home/airflow/.local/lib/python3.12/site-packages/airflow/example_dags/tutorial_taskflow_api_virtualenv.py
[2026-05-01T00:06:11.276+0000] {logging_mixin.py:188} INFO - [2026-05-01T00:06:11.276+0000] {dag.py:3089} INFO - Sync 1 DAGs
[2026-05-01T00:06:11.281+0000] {logging_mixin.py:188} INFO - [2026-05-01T00:06:11.281+0000] {dag.py:3947} INFO - Setting next_dagrun for tutorial_taskflow_api_virtualenv to None, run_after=None
[2026-05-01T00:06:11.288+0000] {processor.py:183} INFO - Processing /home/airflow/.local/lib/python3.12/site-packages/airflow/example_dags/tutorial_taskflow_api_virtualenv.py took 0.031 seconds
[2026-05-01T00:06:42.013+0000] {processor.py:161} INFO - Started process (PID=55707) to work on /home/airflow/.local/lib/python3.12/site-packages/airflow/example_dags/tutorial_taskflow_api_virtualenv.py
[2026-05-01T00:06:42.014+0000] {processor.py:830} INFO - Processing file /home/airflow/.local/lib/python3.12/site-packages/airflow/example_dags/tutorial_taskflow_api_virtualenv.py for tasks to queue
[2026-05-01T00:06:42.014+0000] {logging_mixin.py:188} INFO - [2026-05-01T00:06:42.014+0000] {dagbag.py:545} INFO - Filling up the DagBag from /home/airflow/.local/lib/python3.12/site-packages/airflow/example_dags/tutorial_taskflow_api_virtualenv.py
[2026-05-01T00:06:42.023+0000] {processor.py:840} INFO - DAG(s) 'tutorial_taskflow_api_virtualenv' retrieved from /home/airflow/.local/lib/python3.12/site-packages/airflow/example_dags/tutorial_taskflow_api_virtualenv.py
[2026-05-01T00:06:42.031+0000] {logging_mixin.py:188} INFO - [2026-05-01T00:06:42.031+0000] {dag.py:3089} INFO - Sync 1 DAGs
[2026-05-01T00:06:42.037+0000] {logging_mixin.py:188} INFO - [2026-05-01T00:06:42.037+0000] {dag.py:3947} INFO - Setting next_dagrun for tutorial_taskflow_api_virtualenv to None, run_after=None
[2026-05-01T00:06:42.044+0000] {processor.py:183} INFO - Processing /home/airflow/.local/lib/python3.12/site-packages/airflow/example_dags/tutorial_taskflow_api_virtualenv.py took 0.034 seconds
[2026-05-01T00:07:12.970+0000] {processor.py:161} INFO - Started process (PID=55767) to work on /home/airflow/.local/lib/python3.12/site-packages/airflow/example_dags/tutorial_taskflow_api_virtualenv.py
[2026-05-01T00:07:12.971+0000] {processor.py:830} INFO - Processing file /home/airflow/.local/lib/python3.12/site-packages/airflow/example_dags/tutorial_taskflow_api_virtualenv.py for tasks to queue
[2026-05-01T00:07:12.972+0000] {logging_mixin.py:188} INFO - [2026-05-01T00:07:12.972+0000] {dagbag.py:545} INFO - Filling up the DagBag from /home/airflow/.local/lib/python3.12/site-packages/airflow/example_dags/tutorial_taskflow_api_virtualenv.py
[2026-05-01T00:07:12.978+0000] {processor.py:840} INFO - DAG(s) 'tutorial_taskflow_api_virtualenv' retrieved from /home/airflow/.local/lib/python3.12/site-packages/airflow/example_dags/tutorial_taskflow_api_virtualenv.py
[2026-05-01T00:07:12.989+0000] {logging_mixin.py:188} INFO - [2026-05-01T00:07:12.989+0000] {dag.py:3089} INFO - Sync 1 DAGs
[2026-05-01T00:07:12.994+0000] {logging_mixin.py:188} INFO - [2026-05-01T00:07:12.994+0000] {dag.py:3947} INFO - Setting next_dagrun for tutorial_taskflow_api_virtualenv to None, run_after=None
[2026-05-01T00:07:13.071+0000] {processor.py:183} INFO - Processing /home/airflow/.local/lib/python3.12/site-packages/airflow/example_dags/tutorial_taskflow_api_virtualenv.py took 0.103 seconds
[2026-05-01T00:07:43.320+0000] {processor.py:161} INFO - Started process (PID=55827) to work on /home/airflow/.local/lib/python3.12/site-packages/airflow/example_dags/tutorial_taskflow_api_virtualenv.py
[2026-05-01T00:07:43.322+0000] {processor.py:830} INFO - Processing file /home/airflow/.local/lib/python3.12/site-packages/airflow/example_dags/tutorial_taskflow_api_virtualenv.py for tasks to queue
[2026-05-01T00:07:43.324+0000] {logging_mixin.py:188} INFO - [2026-05-01T00:07:43.323+0000] {dagbag.py:545} INFO - Filling up the DagBag from /home/airflow/.local/lib/python3.12/site-packages/airflow/example_dags/tutorial_taskflow_api_virtualenv.py
[2026-05-01T00:07:43.328+0000] {processor.py:840} INFO - DAG(s) 'tutorial_taskflow_api_virtualenv' retrieved from /home/airflow/.local/lib/python3.12/site-packages/airflow/example_dags/tutorial_taskflow_api_virtualenv.py
[2026-05-01T00:07:43.338+0000] {logging_mixin.py:188} INFO - [2026-05-01T00:07:43.338+0000] {dag.py:3089} INFO - Sync 1 DAGs
[2026-05-01T00:07:43.343+0000] {logging_mixin.py:188} INFO - [2026-05-01T00:07:43.343+0000] {dag.py:3947} INFO - Setting next_dagrun for tutorial_taskflow_api_virtualenv to None, run_after=None
[2026-05-01T00:07:43.419+0000] {processor.py:183} INFO - Processing /home/airflow/.local/lib/python3.12/site-packages/airflow/example_dags/tutorial_taskflow_api_virtualenv.py took 0.102 seconds
[2026-05-01T00:08:13.780+0000] {processor.py:161} INFO - Started process (PID=55887) to work on /home/airflow/.local/lib/python3.12/site-packages/airflow/example_dags/tutorial_taskflow_api_virtualenv.py
[2026-05-01T00:08:13.781+0000] {processor.py:830} INFO - Processing file /home/airflow/.local/lib/python3.12/site-packages/airflow/example_dags/tutorial_taskflow_api_virtualenv.py for tasks to queue
[2026-05-01T00:08:13.782+0000] {logging_mixin.py:188} INFO - [2026-05-01T00:08:13.782+0000] {dagbag.py:545} INFO - Filling up the DagBag from /home/airflow/.local/lib/python3.12/site-packages/airflow/example_dags/tutorial_taskflow_api_virtualenv.py
[2026-05-01T00:08:13.786+0000] {processor.py:840} INFO - DAG(s) 'tutorial_taskflow_api_virtualenv' retrieved from /home/airflow/.local/lib/python3.12/site-packages/airflow/example_dags/tutorial_taskflow_api_virtualenv.py
[2026-05-01T00:08:13.799+0000] {logging_mixin.py:188} INFO - [2026-05-01T00:08:13.799+0000] {dag.py:3089} INFO - Sync 1 DAGs
[2026-05-01T00:08:13.804+0000] {logging_mixin.py:188} INFO - [2026-05-01T00:08:13.804+0000] {dag.py:3947} INFO - Setting next_dagrun for tutorial_taskflow_api_virtualenv to None, run_after=None
[2026-05-01T00:08:13.810+0000] {processor.py:183} INFO - Processing /home/airflow/.local/lib/python3.12/site-packages/airflow/example_dags/tutorial_taskflow_api_virtualenv.py took 0.033 seconds
[2026-05-01T00:08:44.490+0000] {processor.py:161} INFO - Started process (PID=55948) to work on /home/airflow/.local/lib/python3.12/site-packages/airflow/example_dags/tutorial_taskflow_api_virtualenv.py
[2026-05-01T00:08:44.491+0000] {processor.py:830} INFO - Processing file /home/airflow/.local/lib/python3.12/site-packages/airflow/example_dags/tutorial_taskflow_api_virtualenv.py for tasks to queue
[2026-05-01T00:08:44.491+0000] {logging_mixin.py:188} INFO - [2026-05-01T00:08:44.491+0000] {dagbag.py:545} INFO - Filling up the DagBag from /home/airflow/.local/lib/python3.12/site-packages/airflow/example_dags/tutorial_taskflow_api_virtualenv.py
[2026-05-01T00:08:44.496+0000] {processor.py:840} INFO - DAG(s) 'tutorial_taskflow_api_virtualenv' retrieved from /home/airflow/.local/lib/python3.12/site-packages/airflow/example_dags/tutorial_taskflow_api_virtualenv.py
[2026-05-01T00:08:44.505+0000] {logging_mixin.py:188} INFO - [2026-05-01T00:08:44.505+0000] {dag.py:3089} INFO - Sync 1 DAGs
[2026-05-01T00:08:44.509+0000] {logging_mixin.py:188} INFO - [2026-05-01T00:08:44.509+0000] {dag.py:3947} INFO - Setting next_dagrun for tutorial_taskflow_api_virtualenv to None, run_after=None
[2026-05-01T00:08:44.516+0000] {processor.py:183} INFO - Processing /home/airflow/.local/lib/python3.12/site-packages/airflow/example_dags/tutorial_taskflow_api_virtualenv.py took 0.028 seconds
[2026-05-01T00:09:14.535+0000] {processor.py:161} INFO - Started process (PID=56007) to work on /home/airflow/.local/lib/python3.12/site-packages/airflow/example_dags/tutorial_taskflow_api_virtualenv.py
[2026-05-01T00:09:14.536+0000] {processor.py:830} INFO - Processing file /home/airflow/.local/lib/python3.12/site-packages/airflow/example_dags/tutorial_taskflow_api_virtualenv.py for tasks to queue
[2026-05-01T00:09:14.536+0000] {logging_mixin.py:188} INFO - [2026-05-01T00:09:14.536+0000] {dagbag.py:545} INFO - Filling up the DagBag from /home/airflow/.local/lib/python3.12/site-packages/airflow/example_dags/tutorial_taskflow_api_virtualenv.py
[2026-05-01T00:09:14.540+0000] {processor.py:840} INFO - DAG(s) 'tutorial_taskflow_api_virtualenv' retrieved from /home/airflow/.local/lib/python3.12/site-packages/airflow/example_dags/tutorial_taskflow_api_virtualenv.py
[2026-05-01T00:09:14.547+0000] {logging_mixin.py:188} INFO - [2026-05-01T00:09:14.546+0000] {dag.py:3089} INFO - Sync 1 DAGs
[2026-05-01T00:09:14.550+0000] {logging_mixin.py:188} INFO - [2026-05-01T00:09:14.550+0000] {dag.py:3947} INFO - Setting next_dagrun for tutorial_taskflow_api_virtualenv to None, run_after=None
[2026-05-01T00:09:14.555+0000] {processor.py:183} INFO - Processing /home/airflow/.local/lib/python3.12/site-packages/airflow/example_dags/tutorial_taskflow_api_virtualenv.py took 0.023 seconds
[2026-05-01T00:09:45.281+0000] {processor.py:161} INFO - Started process (PID=56067) to work on /home/airflow/.local/lib/python3.12/site-packages/airflow/example_dags/tutorial_taskflow_api_virtualenv.py
[2026-05-01T00:09:45.282+0000] {processor.py:830} INFO - Processing file /home/airflow/.local/lib/python3.12/site-packages/airflow/example_dags/tutorial_taskflow_api_virtualenv.py for tasks to queue
[2026-05-01T00:09:45.282+0000] {logging_mixin.py:188} INFO - [2026-05-01T00:09:45.282+0000] {dagbag.py:545} INFO - Filling up the DagBag from /home/airflow/.local/lib/python3.12/site-packages/airflow/example_dags/tutorial_taskflow_api_virtualenv.py
[2026-05-01T00:09:45.288+0000] {processor.py:840} INFO - DAG(s) 'tutorial_taskflow_api_virtualenv' retrieved from /home/airflow/.local/lib/python3.12/site-packages/airflow/example_dags/tutorial_taskflow_api_virtualenv.py
[2026-05-01T00:09:45.297+0000] {logging_mixin.py:188} INFO - [2026-05-01T00:09:45.297+0000] {dag.py:3089} INFO - Sync 1 DAGs
[2026-05-01T00:09:45.302+0000] {logging_mixin.py:188} INFO - [2026-05-01T00:09:45.302+0000] {dag.py:3947} INFO - Setting next_dagrun for tutorial_taskflow_api_virtualenv to None, run_after=None
[2026-05-01T00:09:45.308+0000] {processor.py:183} INFO - Processing /home/airflow/.local/lib/python3.12/site-packages/airflow/example_dags/tutorial_taskflow_api_virtualenv.py took 0.030 seconds
[2026-05-01T00:10:15.966+0000] {processor.py:161} INFO - Started process (PID=56127) to work on /home/airflow/.local/lib/python3.12/site-packages/airflow/example_dags/tutorial_taskflow_api_virtualenv.py
[2026-05-01T00:10:15.966+0000] {processor.py:830} INFO - Processing file /home/airflow/.local/lib/python3.12/site-packages/airflow/example_dags/tutorial_taskflow_api_virtualenv.py for tasks to queue
[2026-05-01T00:10:15.970+0000] {logging_mixin.py:188} INFO - [2026-05-01T00:10:15.969+0000] {dagbag.py:545} INFO - Filling up the DagBag from /home/airflow/.local/lib/python3.12/site-packages/airflow/example_dags/tutorial_taskflow_api_virtualenv.py
[2026-05-01T00:10:15.975+0000] {processor.py:840} INFO - DAG(s) 'tutorial_taskflow_api_virtualenv' retrieved from /home/airflow/.local/lib/python3.12/site-packages/airflow/example_dags/tutorial_taskflow_api_virtualenv.py
[2026-05-01T00:10:15.983+0000] {logging_mixin.py:188} INFO - [2026-05-01T00:10:15.983+0000] {dag.py:3089} INFO - Sync 1 DAGs
[2026-05-01T00:10:15.988+0000] {logging_mixin.py:188} INFO - [2026-05-01T00:10:15.988+0000] {dag.py:3947} INFO - Setting next_dagrun for tutorial_taskflow_api_virtualenv to None, run_after=None
[2026-05-01T00:10:15.996+0000] {processor.py:183} INFO - Processing /home/airflow/.local/lib/python3.12/site-packages/airflow/example_dags/tutorial_taskflow_api_virtualenv.py took 0.033 seconds
[2026-05-01T00:10:46.800+0000] {processor.py:161} INFO - Started process (PID=56187) to work on /home/airflow/.local/lib/python3.12/site-packages/airflow/example_dags/tutorial_taskflow_api_virtualenv.py
[2026-05-01T00:10:46.801+0000] {processor.py:830} INFO - Processing file /home/airflow/.local/lib/python3.12/site-packages/airflow/example_dags/tutorial_taskflow_api_virtualenv.py for tasks to queue
[2026-05-01T00:10:46.802+0000] {logging_mixin.py:188} INFO - [2026-05-01T00:10:46.802+0000] {dagbag.py:545} INFO - Filling up the DagBag from /home/airflow/.local/lib/python3.12/site-packages/airflow/example_dags/tutorial_taskflow_api_virtualenv.py
[2026-05-01T00:10:46.806+0000] {processor.py:840} INFO - DAG(s) 'tutorial_taskflow_api_virtualenv' retrieved from /home/airflow/.local/lib/python3.12/site-packages/airflow/example_dags/tutorial_taskflow_api_virtualenv.py
[2026-05-01T00:10:46.813+0000] {logging_mixin.py:188} INFO - [2026-05-01T00:10:46.812+0000] {dag.py:3089} INFO - Sync 1 DAGs
[2026-05-01T00:10:46.816+0000] {logging_mixin.py:188} INFO - [2026-05-01T00:10:46.816+0000] {dag.py:3947} INFO - Setting next_dagrun for tutorial_taskflow_api_virtualenv to None, run_after=None
[2026-05-01T00:10:46.822+0000] {processor.py:183} INFO - Processing /home/airflow/.local/lib/python3.12/site-packages/airflow/example_dags/tutorial_taskflow_api_virtualenv.py took 0.025 seconds
[2026-05-01T00:11:17.871+0000] {processor.py:161} INFO - Started process (PID=56247) to work on /home/airflow/.local/lib/python3.12/site-packages/airflow/example_dags/tutorial_taskflow_api_virtualenv.py
[2026-05-01T00:11:17.872+0000] {processor.py:830} INFO - Processing file /home/airflow/.local/lib/python3.12/site-packages/airflow/example_dags/tutorial_taskflow_api_virtualenv.py for tasks to queue
[2026-05-01T00:11:17.873+0000] {logging_mixin.py:188} INFO - [2026-05-01T00:11:17.872+0000] {dagbag.py:545} INFO - Filling up the DagBag from /home/airflow/.local/lib/python3.12/site-packages/airflow/example_dags/tutorial_taskflow_api_virtualenv.py
[2026-05-01T00:11:17.877+0000] {processor.py:840} INFO - DAG(s) 'tutorial_taskflow_api_virtualenv' retrieved from /home/airflow/.local/lib/python3.12/site-packages/airflow/example_dags/tutorial_taskflow_api_virtualenv.py
[2026-05-01T00:11:17.887+0000] {logging_mixin.py:188} INFO - [2026-05-01T00:11:17.887+0000] {dag.py:3089} INFO - Sync 1 DAGs
[2026-05-01T00:11:17.892+0000] {logging_mixin.py:188} INFO - [2026-05-01T00:11:17.892+0000] {dag.py:3947} INFO - Setting next_dagrun for tutorial_taskflow_api_virtualenv to None, run_after=None
[2026-05-01T00:11:17.897+0000] {processor.py:183} INFO - Processing /home/airflow/.local/lib/python3.12/site-packages/airflow/example_dags/tutorial_taskflow_api_virtualenv.py took 0.028 seconds
[2026-05-01T00:11:48.573+0000] {processor.py:161} INFO - Started process (PID=56308) to work on /home/airflow/.local/lib/python3.12/site-packages/airflow/example_dags/tutorial_taskflow_api_virtualenv.py
[2026-05-01T00:11:48.575+0000] {processor.py:830} INFO - Processing file /home/airflow/.local/lib/python3.12/site-packages/airflow/example_dags/tutorial_taskflow_api_virtualenv.py for tasks to queue
[2026-05-01T00:11:48.576+0000] {logging_mixin.py:188} INFO - [2026-05-01T00:11:48.576+0000] {dagbag.py:545} INFO - Filling up the DagBag from /home/airflow/.local/lib/python3.12/site-packages/airflow/example_dags/tutorial_taskflow_api_virtualenv.py
[2026-05-01T00:11:48.581+0000] {processor.py:840} INFO - DAG(s) 'tutorial_taskflow_api_virtualenv' retrieved from /home/airflow/.local/lib/python3.12/site-packages/airflow/example_dags/tutorial_taskflow_api_virtualenv.py
[2026-05-01T00:11:48.588+0000] {logging_mixin.py:188} INFO - [2026-05-01T00:11:48.588+0000] {dag.py:3089} INFO - Sync 1 DAGs
[2026-05-01T00:11:48.592+0000] {logging_mixin.py:188} INFO - [2026-05-01T00:11:48.592+0000] {dag.py:3947} INFO - Setting next_dagrun for tutorial_taskflow_api_virtualenv to None, run_after=None
[2026-05-01T00:11:48.599+0000] {processor.py:183} INFO - Processing /home/airflow/.local/lib/python3.12/site-packages/airflow/example_dags/tutorial_taskflow_api_virtualenv.py took 0.029 seconds
[2026-05-01T00:12:19.275+0000] {processor.py:161} INFO - Started process (PID=56368) to work on /home/airflow/.local/lib/python3.12/site-packages/airflow/example_dags/tutorial_taskflow_api_virtualenv.py
[2026-05-01T00:12:19.276+0000] {processor.py:830} INFO - Processing file /home/airflow/.local/lib/python3.12/site-packages/airflow/example_dags/tutorial_taskflow_api_virtualenv.py for tasks to queue
[2026-05-01T00:12:19.277+0000] {logging_mixin.py:188} INFO - [2026-05-01T00:12:19.277+0000] {dagbag.py:545} INFO - Filling up the DagBag from /home/airflow/.local/lib/python3.12/site-packages/airflow/example_dags/tutorial_taskflow_api_virtualenv.py
[2026-05-01T00:12:19.281+0000] {processor.py:840} INFO - DAG(s) 'tutorial_taskflow_api_virtualenv' retrieved from /home/airflow/.local/lib/python3.12/site-packages/airflow/example_dags/tutorial_taskflow_api_virtualenv.py
[2026-05-01T00:12:19.289+0000] {logging_mixin.py:188} INFO - [2026-05-01T00:12:19.289+0000] {dag.py:3089} INFO - Sync 1 DAGs
[2026-05-01T00:12:19.293+0000] {logging_mixin.py:188} INFO - [2026-05-01T00:12:19.293+0000] {dag.py:3947} INFO - Setting next_dagrun for tutorial_taskflow_api_virtualenv to None, run_after=None
[2026-05-01T00:12:19.299+0000] {processor.py:183} INFO - Processing /home/airflow/.local/lib/python3.12/site-packages/airflow/example_dags/tutorial_taskflow_api_virtualenv.py took 0.027 seconds
[2026-05-01T00:12:49.941+0000] {processor.py:161} INFO - Started process (PID=56428) to work on /home/airflow/.local/lib/python3.12/site-packages/airflow/example_dags/tutorial_taskflow_api_virtualenv.py
[2026-05-01T00:12:49.942+0000] {processor.py:830} INFO - Processing file /home/airflow/.local/lib/python3.12/site-packages/airflow/example_dags/tutorial_taskflow_api_virtualenv.py for tasks to queue
[2026-05-01T00:12:49.943+0000] {logging_mixin.py:188} INFO - [2026-05-01T00:12:49.942+0000] {dagbag.py:545} INFO - Filling up the DagBag from /home/airflow/.local/lib/python3.12/site-packages/airflow/example_dags/tutorial_taskflow_api_virtualenv.py
[2026-05-01T00:12:49.950+0000] {processor.py:840} INFO - DAG(s) 'tutorial_taskflow_api_virtualenv' retrieved from /home/airflow/.local/lib/python3.12/site-packages/airflow/example_dags/tutorial_taskflow_api_virtualenv.py
[2026-05-01T00:12:49.962+0000] {logging_mixin.py:188} INFO - [2026-05-01T00:12:49.962+0000] {dag.py:3089} INFO - Sync 1 DAGs
[2026-05-01T00:12:49.972+0000] {logging_mixin.py:188} INFO - [2026-05-01T00:12:49.972+0000] {dag.py:3947} INFO - Setting next_dagrun for tutorial_taskflow_api_virtualenv to None, run_after=None
[2026-05-01T00:12:49.986+0000] {processor.py:183} INFO - Processing /home/airflow/.local/lib/python3.12/site-packages/airflow/example_dags/tutorial_taskflow_api_virtualenv.py took 0.048 seconds
[2026-05-01T00:13:20.731+0000] {processor.py:161} INFO - Started process (PID=56488) to work on /home/airflow/.local/lib/python3.12/site-packages/airflow/example_dags/tutorial_taskflow_api_virtualenv.py
[2026-05-01T00:13:20.732+0000] {processor.py:830} INFO - Processing file /home/airflow/.local/lib/python3.12/site-packages/airflow/example_dags/tutorial_taskflow_api_virtualenv.py for tasks to queue
[2026-05-01T00:13:20.735+0000] {logging_mixin.py:188} INFO - [2026-05-01T00:13:20.735+0000] {dagbag.py:545} INFO - Filling up the DagBag from /home/airflow/.local/lib/python3.12/site-packages/airflow/example_dags/tutorial_taskflow_api_virtualenv.py
[2026-05-01T00:13:20.738+0000] {processor.py:840} INFO - DAG(s) 'tutorial_taskflow_api_virtualenv' retrieved from /home/airflow/.local/lib/python3.12/site-packages/airflow/example_dags/tutorial_taskflow_api_virtualenv.py
[2026-05-01T00:13:20.750+0000] {logging_mixin.py:188} INFO - [2026-05-01T00:13:20.750+0000] {dag.py:3089} INFO - Sync 1 DAGs
[2026-05-01T00:13:20.754+0000] {logging_mixin.py:188} INFO - [2026-05-01T00:13:20.754+0000] {dag.py:3947} INFO - Setting next_dagrun for tutorial_taskflow_api_virtualenv to None, run_after=None
[2026-05-01T00:13:20.762+0000] {processor.py:183} INFO - Processing /home/airflow/.local/lib/python3.12/site-packages/airflow/example_dags/tutorial_taskflow_api_virtualenv.py took 0.034 seconds
[2026-05-01T00:13:51.165+0000] {processor.py:161} INFO - Started process (PID=56548) to work on /home/airflow/.local/lib/python3.12/site-packages/airflow/example_dags/tutorial_taskflow_api_virtualenv.py
[2026-05-01T00:13:51.166+0000] {processor.py:830} INFO - Processing file /home/airflow/.local/lib/python3.12/site-packages/airflow/example_dags/tutorial_taskflow_api_virtualenv.py for tasks to queue
[2026-05-01T00:13:51.167+0000] {logging_mixin.py:188} INFO - [2026-05-01T00:13:51.167+0000] {dagbag.py:545} INFO - Filling up the DagBag from /home/airflow/.local/lib/python3.12/site-packages/airflow/example_dags/tutorial_taskflow_api_virtualenv.py
[2026-05-01T00:13:51.175+0000] {processor.py:840} INFO - DAG(s) 'tutorial_taskflow_api_virtualenv' retrieved from /home/airflow/.local/lib/python3.12/site-packages/airflow/example_dags/tutorial_taskflow_api_virtualenv.py
[2026-05-01T00:13:51.182+0000] {logging_mixin.py:188} INFO - [2026-05-01T00:13:51.182+0000] {dag.py:3089} INFO - Sync 1 DAGs
[2026-05-01T00:13:51.187+0000] {logging_mixin.py:188} INFO - [2026-05-01T00:13:51.187+0000] {dag.py:3947} INFO - Setting next_dagrun for tutorial_taskflow_api_virtualenv to None, run_after=None
[2026-05-01T00:13:51.197+0000] {processor.py:183} INFO - Processing /home/airflow/.local/lib/python3.12/site-packages/airflow/example_dags/tutorial_taskflow_api_virtualenv.py took 0.034 seconds
[2026-05-01T00:14:21.826+0000] {processor.py:161} INFO - Started process (PID=56608) to work on /home/airflow/.local/lib/python3.12/site-packages/airflow/example_dags/tutorial_taskflow_api_virtualenv.py
[2026-05-01T00:14:21.827+0000] {processor.py:830} INFO - Processing file /home/airflow/.local/lib/python3.12/site-packages/airflow/example_dags/tutorial_taskflow_api_virtualenv.py for tasks to queue
[2026-05-01T00:14:21.827+0000] {logging_mixin.py:188} INFO - [2026-05-01T00:14:21.827+0000] {dagbag.py:545} INFO - Filling up the DagBag from /home/airflow/.local/lib/python3.12/site-packages/airflow/example_dags/tutorial_taskflow_api_virtualenv.py
[2026-05-01T00:14:21.832+0000] {processor.py:840} INFO - DAG(s) 'tutorial_taskflow_api_virtualenv' retrieved from /home/airflow/.local/lib/python3.12/site-packages/airflow/example_dags/tutorial_taskflow_api_virtualenv.py
[2026-05-01T00:14:21.842+0000] {logging_mixin.py:188} INFO - [2026-05-01T00:14:21.842+0000] {dag.py:3089} INFO - Sync 1 DAGs
[2026-05-01T00:14:21.847+0000] {logging_mixin.py:188} INFO - [2026-05-01T00:14:21.847+0000] {dag.py:3947} INFO - Setting next_dagrun for tutorial_taskflow_api_virtualenv to None, run_after=None
[2026-05-01T00:14:21.858+0000] {processor.py:183} INFO - Processing /home/airflow/.local/lib/python3.12/site-packages/airflow/example_dags/tutorial_taskflow_api_virtualenv.py took 0.035 seconds
[2026-05-01T00:14:52.407+0000] {processor.py:161} INFO - Started process (PID=56668) to work on /home/airflow/.local/lib/python3.12/site-packages/airflow/example_dags/tutorial_taskflow_api_virtualenv.py
[2026-05-01T00:14:52.408+0000] {processor.py:830} INFO - Processing file /home/airflow/.local/lib/python3.12/site-packages/airflow/example_dags/tutorial_taskflow_api_virtualenv.py for tasks to queue
[2026-05-01T00:14:52.410+0000] {logging_mixin.py:188} INFO - [2026-05-01T00:14:52.409+0000] {dagbag.py:545} INFO - Filling up the DagBag from /home/airflow/.local/lib/python3.12/site-packages/airflow/example_dags/tutorial_taskflow_api_virtualenv.py
[2026-05-01T00:14:52.415+0000] {processor.py:840} INFO - DAG(s) 'tutorial_taskflow_api_virtualenv' retrieved from /home/airflow/.local/lib/python3.12/site-packages/airflow/example_dags/tutorial_taskflow_api_virtualenv.py
[2026-05-01T00:14:52.424+0000] {logging_mixin.py:188} INFO - [2026-05-01T00:14:52.424+0000] {dag.py:3089} INFO - Sync 1 DAGs
[2026-05-01T00:14:52.428+0000] {logging_mixin.py:188} INFO - [2026-05-01T00:14:52.428+0000] {dag.py:3947} INFO - Setting next_dagrun for tutorial_taskflow_api_virtualenv to None, run_after=None
[2026-05-01T00:14:52.439+0000] {processor.py:183} INFO - Processing /home/airflow/.local/lib/python3.12/site-packages/airflow/example_dags/tutorial_taskflow_api_virtualenv.py took 0.034 seconds
[2026-05-01T00:15:22.995+0000] {processor.py:161} INFO - Started process (PID=56728) to work on /home/airflow/.local/lib/python3.12/site-packages/airflow/example_dags/tutorial_taskflow_api_virtualenv.py
[2026-05-01T00:15:22.996+0000] {processor.py:830} INFO - Processing file /home/airflow/.local/lib/python3.12/site-packages/airflow/example_dags/tutorial_taskflow_api_virtualenv.py for tasks to queue
[2026-05-01T00:15:22.997+0000] {logging_mixin.py:188} INFO - [2026-05-01T00:15:22.997+0000] {dagbag.py:545} INFO - Filling up the DagBag from /home/airflow/.local/lib/python3.12/site-packages/airflow/example_dags/tutorial_taskflow_api_virtualenv.py
[2026-05-01T00:15:23.004+0000] {processor.py:840} INFO - DAG(s) 'tutorial_taskflow_api_virtualenv' retrieved from /home/airflow/.local/lib/python3.12/site-packages/airflow/example_dags/tutorial_taskflow_api_virtualenv.py
[2026-05-01T00:15:23.011+0000] {logging_mixin.py:188} INFO - [2026-05-01T00:15:23.011+0000] {dag.py:3089} INFO - Sync 1 DAGs
[2026-05-01T00:15:23.016+0000] {logging_mixin.py:188} INFO - [2026-05-01T00:15:23.016+0000] {dag.py:3947} INFO - Setting next_dagrun for tutorial_taskflow_api_virtualenv to None, run_after=None
[2026-05-01T00:15:23.025+0000] {processor.py:183} INFO - Processing /home/airflow/.local/lib/python3.12/site-packages/airflow/example_dags/tutorial_taskflow_api_virtualenv.py took 0.032 seconds
[2026-05-01T00:15:53.614+0000] {processor.py:161} INFO - Started process (PID=56788) to work on /home/airflow/.local/lib/python3.12/site-packages/airflow/example_dags/tutorial_taskflow_api_virtualenv.py
[2026-05-01T00:15:53.615+0000] {processor.py:830} INFO - Processing file /home/airflow/.local/lib/python3.12/site-packages/airflow/example_dags/tutorial_taskflow_api_virtualenv.py for tasks to queue
[2026-05-01T00:15:53.617+0000] {logging_mixin.py:188} INFO - [2026-05-01T00:15:53.617+0000] {dagbag.py:545} INFO - Filling up the DagBag from /home/airflow/.local/lib/python3.12/site-packages/airflow/example_dags/tutorial_taskflow_api_virtualenv.py
[2026-05-01T00:15:53.621+0000] {processor.py:840} INFO - DAG(s) 'tutorial_taskflow_api_virtualenv' retrieved from /home/airflow/.local/lib/python3.12/site-packages/airflow/example_dags/tutorial_taskflow_api_virtualenv.py
[2026-05-01T00:15:53.632+0000] {logging_mixin.py:188} INFO - [2026-05-01T00:15:53.632+0000] {dag.py:3089} INFO - Sync 1 DAGs
[2026-05-01T00:15:53.637+0000] {logging_mixin.py:188} INFO - [2026-05-01T00:15:53.637+0000] {dag.py:3947} INFO - Setting next_dagrun for tutorial_taskflow_api_virtualenv to None, run_after=None
[2026-05-01T00:15:53.649+0000] {processor.py:183} INFO - Processing /home/airflow/.local/lib/python3.12/site-packages/airflow/example_dags/tutorial_taskflow_api_virtualenv.py took 0.038 seconds
[2026-05-01T00:16:24.194+0000] {processor.py:161} INFO - Started process (PID=56848) to work on /home/airflow/.local/lib/python3.12/site-packages/airflow/example_dags/tutorial_taskflow_api_virtualenv.py
[2026-05-01T00:16:24.197+0000] {processor.py:830} INFO - Processing file /home/airflow/.local/lib/python3.12/site-packages/airflow/example_dags/tutorial_taskflow_api_virtualenv.py for tasks to queue
[2026-05-01T00:16:24.198+0000] {logging_mixin.py:188} INFO - [2026-05-01T00:16:24.198+0000] {dagbag.py:545} INFO - Filling up the DagBag from /home/airflow/.local/lib/python3.12/site-packages/airflow/example_dags/tutorial_taskflow_api_virtualenv.py
[2026-05-01T00:16:24.203+0000] {processor.py:840} INFO - DAG(s) 'tutorial_taskflow_api_virtualenv' retrieved from /home/airflow/.local/lib/python3.12/site-packages/airflow/example_dags/tutorial_taskflow_api_virtualenv.py
[2026-05-01T00:16:24.213+0000] {logging_mixin.py:188} INFO - [2026-05-01T00:16:24.212+0000] {dag.py:3089} INFO - Sync 1 DAGs
[2026-05-01T00:16:24.218+0000] {logging_mixin.py:188} INFO - [2026-05-01T00:16:24.218+0000] {dag.py:3947} INFO - Setting next_dagrun for tutorial_taskflow_api_virtualenv to None, run_after=None
[2026-05-01T00:16:24.230+0000] {processor.py:183} INFO - Processing /home/airflow/.local/lib/python3.12/site-packages/airflow/example_dags/tutorial_taskflow_api_virtualenv.py took 0.039 seconds
[2026-05-01T00:16:54.880+0000] {processor.py:161} INFO - Started process (PID=56908) to work on /home/airflow/.local/lib/python3.12/site-packages/airflow/example_dags/tutorial_taskflow_api_virtualenv.py
[2026-05-01T00:16:54.881+0000] {processor.py:830} INFO - Processing file /home/airflow/.local/lib/python3.12/site-packages/airflow/example_dags/tutorial_taskflow_api_virtualenv.py for tasks to queue
[2026-05-01T00:16:54.882+0000] {logging_mixin.py:188} INFO - [2026-05-01T00:16:54.882+0000] {dagbag.py:545} INFO - Filling up the DagBag from /home/airflow/.local/lib/python3.12/site-packages/airflow/example_dags/tutorial_taskflow_api_virtualenv.py
[2026-05-01T00:16:54.886+0000] {processor.py:840} INFO - DAG(s) 'tutorial_taskflow_api_virtualenv' retrieved from /home/airflow/.local/lib/python3.12/site-packages/airflow/example_dags/tutorial_taskflow_api_virtualenv.py
[2026-05-01T00:16:54.896+0000] {logging_mixin.py:188} INFO - [2026-05-01T00:16:54.896+0000] {dag.py:3089} INFO - Sync 1 DAGs
[2026-05-01T00:16:54.902+0000] {logging_mixin.py:188} INFO - [2026-05-01T00:16:54.902+0000] {dag.py:3947} INFO - Setting next_dagrun for tutorial_taskflow_api_virtualenv to None, run_after=None
[2026-05-01T00:16:54.914+0000] {processor.py:183} INFO - Processing /home/airflow/.local/lib/python3.12/site-packages/airflow/example_dags/tutorial_taskflow_api_virtualenv.py took 0.036 seconds
[2026-05-01T00:17:25.723+0000] {processor.py:161} INFO - Started process (PID=56968) to work on /home/airflow/.local/lib/python3.12/site-packages/airflow/example_dags/tutorial_taskflow_api_virtualenv.py
[2026-05-01T00:17:25.724+0000] {processor.py:830} INFO - Processing file /home/airflow/.local/lib/python3.12/site-packages/airflow/example_dags/tutorial_taskflow_api_virtualenv.py for tasks to queue
[2026-05-01T00:17:25.726+0000] {logging_mixin.py:188} INFO - [2026-05-01T00:17:25.726+0000] {dagbag.py:545} INFO - Filling up the DagBag from /home/airflow/.local/lib/python3.12/site-packages/airflow/example_dags/tutorial_taskflow_api_virtualenv.py
[2026-05-01T00:17:25.730+0000] {processor.py:840} INFO - DAG(s) 'tutorial_taskflow_api_virtualenv' retrieved from /home/airflow/.local/lib/python3.12/site-packages/airflow/example_dags/tutorial_taskflow_api_virtualenv.py
[2026-05-01T00:17:25.741+0000] {logging_mixin.py:188} INFO - [2026-05-01T00:17:25.741+0000] {dag.py:3089} INFO - Sync 1 DAGs
[2026-05-01T00:17:25.745+0000] {logging_mixin.py:188} INFO - [2026-05-01T00:17:25.745+0000] {dag.py:3947} INFO - Setting next_dagrun for tutorial_taskflow_api_virtualenv to None, run_after=None
[2026-05-01T00:17:25.753+0000] {processor.py:183} INFO - Processing /home/airflow/.local/lib/python3.12/site-packages/airflow/example_dags/tutorial_taskflow_api_virtualenv.py took 0.033 seconds
[2026-05-01T00:17:56.074+0000] {processor.py:161} INFO - Started process (PID=57027) to work on /home/airflow/.local/lib/python3.12/site-packages/airflow/example_dags/tutorial_taskflow_api_virtualenv.py
[2026-05-01T00:17:56.075+0000] {processor.py:830} INFO - Processing file /home/airflow/.local/lib/python3.12/site-packages/airflow/example_dags/tutorial_taskflow_api_virtualenv.py for tasks to queue
[2026-05-01T00:17:56.077+0000] {logging_mixin.py:188} INFO - [2026-05-01T00:17:56.077+0000] {dagbag.py:545} INFO - Filling up the DagBag from /home/airflow/.local/lib/python3.12/site-packages/airflow/example_dags/tutorial_taskflow_api_virtualenv.py
[2026-05-01T00:17:56.084+0000] {processor.py:840} INFO - DAG(s) 'tutorial_taskflow_api_virtualenv' retrieved from /home/airflow/.local/lib/python3.12/site-packages/airflow/example_dags/tutorial_taskflow_api_virtualenv.py
[2026-05-01T00:17:56.099+0000] {logging_mixin.py:188} INFO - [2026-05-01T00:17:56.099+0000] {dag.py:3089} INFO - Sync 1 DAGs
[2026-05-01T00:17:56.107+0000] {logging_mixin.py:188} INFO - [2026-05-01T00:17:56.106+0000] {dag.py:3947} INFO - Setting next_dagrun for tutorial_taskflow_api_virtualenv to None, run_after=None
[2026-05-01T00:17:56.120+0000] {processor.py:183} INFO - Processing /home/airflow/.local/lib/python3.12/site-packages/airflow/example_dags/tutorial_taskflow_api_virtualenv.py took 0.053 seconds
[2026-05-01T00:18:26.808+0000] {processor.py:161} INFO - Started process (PID=57087) to work on /home/airflow/.local/lib/python3.12/site-packages/airflow/example_dags/tutorial_taskflow_api_virtualenv.py
[2026-05-01T00:18:26.809+0000] {processor.py:830} INFO - Processing file /home/airflow/.local/lib/python3.12/site-packages/airflow/example_dags/tutorial_taskflow_api_virtualenv.py for tasks to queue
[2026-05-01T00:18:26.811+0000] {logging_mixin.py:188} INFO - [2026-05-01T00:18:26.811+0000] {dagbag.py:545} INFO - Filling up the DagBag from /home/airflow/.local/lib/python3.12/site-packages/airflow/example_dags/tutorial_taskflow_api_virtualenv.py
[2026-05-01T00:18:26.819+0000] {processor.py:840} INFO - DAG(s) 'tutorial_taskflow_api_virtualenv' retrieved from /home/airflow/.local/lib/python3.12/site-packages/airflow/example_dags/tutorial_taskflow_api_virtualenv.py
[2026-05-01T00:18:26.832+0000] {logging_mixin.py:188} INFO - [2026-05-01T00:18:26.832+0000] {dag.py:3089} INFO - Sync 1 DAGs
[2026-05-01T00:18:26.838+0000] {logging_mixin.py:188} INFO - [2026-05-01T00:18:26.838+0000] {dag.py:3947} INFO - Setting next_dagrun for tutorial_taskflow_api_virtualenv to None, run_after=None
[2026-05-01T00:18:26.847+0000] {processor.py:183} INFO - Processing /home/airflow/.local/lib/python3.12/site-packages/airflow/example_dags/tutorial_taskflow_api_virtualenv.py took 0.042 seconds
[2026-05-01T00:18:57.493+0000] {processor.py:161} INFO - Started process (PID=57147) to work on /home/airflow/.local/lib/python3.12/site-packages/airflow/example_dags/tutorial_taskflow_api_virtualenv.py
[2026-05-01T00:18:57.494+0000] {processor.py:830} INFO - Processing file /home/airflow/.local/lib/python3.12/site-packages/airflow/example_dags/tutorial_taskflow_api_virtualenv.py for tasks to queue
[2026-05-01T00:18:57.494+0000] {logging_mixin.py:188} INFO - [2026-05-01T00:18:57.494+0000] {dagbag.py:545} INFO - Filling up the DagBag from /home/airflow/.local/lib/python3.12/site-packages/airflow/example_dags/tutorial_taskflow_api_virtualenv.py
[2026-05-01T00:18:57.499+0000] {processor.py:840} INFO - DAG(s) 'tutorial_taskflow_api_virtualenv' retrieved from /home/airflow/.local/lib/python3.12/site-packages/airflow/example_dags/tutorial_taskflow_api_virtualenv.py
[2026-05-01T00:18:57.509+0000] {logging_mixin.py:188} INFO - [2026-05-01T00:18:57.508+0000] {dag.py:3089} INFO - Sync 1 DAGs
[2026-05-01T00:18:57.515+0000] {logging_mixin.py:188} INFO - [2026-05-01T00:18:57.515+0000] {dag.py:3947} INFO - Setting next_dagrun for tutorial_taskflow_api_virtualenv to None, run_after=None
[2026-05-01T00:18:57.525+0000] {processor.py:183} INFO - Processing /home/airflow/.local/lib/python3.12/site-packages/airflow/example_dags/tutorial_taskflow_api_virtualenv.py took 0.034 seconds
[2026-05-01T00:19:28.273+0000] {processor.py:161} INFO - Started process (PID=57207) to work on /home/airflow/.local/lib/python3.12/site-packages/airflow/example_dags/tutorial_taskflow_api_virtualenv.py
[2026-05-01T00:19:28.274+0000] {processor.py:830} INFO - Processing file /home/airflow/.local/lib/python3.12/site-packages/airflow/example_dags/tutorial_taskflow_api_virtualenv.py for tasks to queue
[2026-05-01T00:19:28.275+0000] {logging_mixin.py:188} INFO - [2026-05-01T00:19:28.275+0000] {dagbag.py:545} INFO - Filling up the DagBag from /home/airflow/.local/lib/python3.12/site-packages/airflow/example_dags/tutorial_taskflow_api_virtualenv.py
[2026-05-01T00:19:28.283+0000] {processor.py:840} INFO - DAG(s) 'tutorial_taskflow_api_virtualenv' retrieved from /home/airflow/.local/lib/python3.12/site-packages/airflow/example_dags/tutorial_taskflow_api_virtualenv.py
[2026-05-01T00:19:28.295+0000] {logging_mixin.py:188} INFO - [2026-05-01T00:19:28.295+0000] {dag.py:3089} INFO - Sync 1 DAGs
[2026-05-01T00:19:28.301+0000] {logging_mixin.py:188} INFO - [2026-05-01T00:19:28.301+0000] {dag.py:3947} INFO - Setting next_dagrun for tutorial_taskflow_api_virtualenv to None, run_after=None
[2026-05-01T00:19:28.309+0000] {processor.py:183} INFO - Processing /home/airflow/.local/lib/python3.12/site-packages/airflow/example_dags/tutorial_taskflow_api_virtualenv.py took 0.040 seconds
[2026-05-01T00:19:58.534+0000] {processor.py:161} INFO - Started process (PID=57267) to work on /home/airflow/.local/lib/python3.12/site-packages/airflow/example_dags/tutorial_taskflow_api_virtualenv.py
[2026-05-01T00:19:58.535+0000] {processor.py:830} INFO - Processing file /home/airflow/.local/lib/python3.12/site-packages/airflow/example_dags/tutorial_taskflow_api_virtualenv.py for tasks to queue
[2026-05-01T00:19:58.535+0000] {logging_mixin.py:188} INFO - [2026-05-01T00:19:58.535+0000] {dagbag.py:545} INFO - Filling up the DagBag from /home/airflow/.local/lib/python3.12/site-packages/airflow/example_dags/tutorial_taskflow_api_virtualenv.py
[2026-05-01T00:19:58.540+0000] {processor.py:840} INFO - DAG(s) 'tutorial_taskflow_api_virtualenv' retrieved from /home/airflow/.local/lib/python3.12/site-packages/airflow/example_dags/tutorial_taskflow_api_virtualenv.py
[2026-05-01T00:19:58.548+0000] {logging_mixin.py:188} INFO - [2026-05-01T00:19:58.548+0000] {dag.py:3089} INFO - Sync 1 DAGs
[2026-05-01T00:19:58.553+0000] {logging_mixin.py:188} INFO - [2026-05-01T00:19:58.553+0000] {dag.py:3947} INFO - Setting next_dagrun for tutorial_taskflow_api_virtualenv to None, run_after=None
[2026-05-01T00:19:58.563+0000] {processor.py:183} INFO - Processing /home/airflow/.local/lib/python3.12/site-packages/airflow/example_dags/tutorial_taskflow_api_virtualenv.py took 0.034 seconds
[2026-05-01T00:20:29.413+0000] {processor.py:161} INFO - Started process (PID=57327) to work on /home/airflow/.local/lib/python3.12/site-packages/airflow/example_dags/tutorial_taskflow_api_virtualenv.py
[2026-05-01T00:20:29.414+0000] {processor.py:830} INFO - Processing file /home/airflow/.local/lib/python3.12/site-packages/airflow/example_dags/tutorial_taskflow_api_virtualenv.py for tasks to queue
[2026-05-01T00:20:29.415+0000] {logging_mixin.py:188} INFO - [2026-05-01T00:20:29.415+0000] {dagbag.py:545} INFO - Filling up the DagBag from /home/airflow/.local/lib/python3.12/site-packages/airflow/example_dags/tutorial_taskflow_api_virtualenv.py
[2026-05-01T00:20:29.421+0000] {processor.py:840} INFO - DAG(s) 'tutorial_taskflow_api_virtualenv' retrieved from /home/airflow/.local/lib/python3.12/site-packages/airflow/example_dags/tutorial_taskflow_api_virtualenv.py
[2026-05-01T00:20:29.434+0000] {logging_mixin.py:188} INFO - [2026-05-01T00:20:29.434+0000] {dag.py:3089} INFO - Sync 1 DAGs
[2026-05-01T00:20:29.440+0000] {logging_mixin.py:188} INFO - [2026-05-01T00:20:29.440+0000] {dag.py:3947} INFO - Setting next_dagrun for tutorial_taskflow_api_virtualenv to None, run_after=None
[2026-05-01T00:20:29.449+0000] {processor.py:183} INFO - Processing /home/airflow/.local/lib/python3.12/site-packages/airflow/example_dags/tutorial_taskflow_api_virtualenv.py took 0.040 seconds
[2026-05-01T00:20:59.605+0000] {processor.py:161} INFO - Started process (PID=57387) to work on /home/airflow/.local/lib/python3.12/site-packages/airflow/example_dags/tutorial_taskflow_api_virtualenv.py
[2026-05-01T00:20:59.607+0000] {processor.py:830} INFO - Processing file /home/airflow/.local/lib/python3.12/site-packages/airflow/example_dags/tutorial_taskflow_api_virtualenv.py for tasks to queue
[2026-05-01T00:20:59.607+0000] {logging_mixin.py:188} INFO - [2026-05-01T00:20:59.607+0000] {dagbag.py:545} INFO - Filling up the DagBag from /home/airflow/.local/lib/python3.12/site-packages/airflow/example_dags/tutorial_taskflow_api_virtualenv.py
[2026-05-01T00:20:59.615+0000] {processor.py:840} INFO - DAG(s) 'tutorial_taskflow_api_virtualenv' retrieved from /home/airflow/.local/lib/python3.12/site-packages/airflow/example_dags/tutorial_taskflow_api_virtualenv.py
[2026-05-01T00:20:59.627+0000] {logging_mixin.py:188} INFO - [2026-05-01T00:20:59.627+0000] {dag.py:3089} INFO - Sync 1 DAGs
[2026-05-01T00:20:59.635+0000] {logging_mixin.py:188} INFO - [2026-05-01T00:20:59.635+0000] {dag.py:3947} INFO - Setting next_dagrun for tutorial_taskflow_api_virtualenv to None, run_after=None
[2026-05-01T00:20:59.648+0000] {processor.py:183} INFO - Processing /home/airflow/.local/lib/python3.12/site-packages/airflow/example_dags/tutorial_taskflow_api_virtualenv.py took 0.045 seconds
[2026-05-01T00:21:29.870+0000] {processor.py:161} INFO - Started process (PID=57446) to work on /home/airflow/.local/lib/python3.12/site-packages/airflow/example_dags/tutorial_taskflow_api_virtualenv.py
[2026-05-01T00:21:29.870+0000] {processor.py:830} INFO - Processing file /home/airflow/.local/lib/python3.12/site-packages/airflow/example_dags/tutorial_taskflow_api_virtualenv.py for tasks to queue
[2026-05-01T00:21:29.871+0000] {logging_mixin.py:188} INFO - [2026-05-01T00:21:29.871+0000] {dagbag.py:545} INFO - Filling up the DagBag from /home/airflow/.local/lib/python3.12/site-packages/airflow/example_dags/tutorial_taskflow_api_virtualenv.py
[2026-05-01T00:21:29.876+0000] {processor.py:840} INFO - DAG(s) 'tutorial_taskflow_api_virtualenv' retrieved from /home/airflow/.local/lib/python3.12/site-packages/airflow/example_dags/tutorial_taskflow_api_virtualenv.py
[2026-05-01T00:21:29.886+0000] {logging_mixin.py:188} INFO - [2026-05-01T00:21:29.886+0000] {dag.py:3089} INFO - Sync 1 DAGs
[2026-05-01T00:21:29.891+0000] {logging_mixin.py:188} INFO - [2026-05-01T00:21:29.891+0000] {dag.py:3947} INFO - Setting next_dagrun for tutorial_taskflow_api_virtualenv to None, run_after=None
[2026-05-01T00:21:29.898+0000] {processor.py:183} INFO - Processing /home/airflow/.local/lib/python3.12/site-packages/airflow/example_dags/tutorial_taskflow_api_virtualenv.py took 0.031 seconds
[2026-05-01T00:22:00.014+0000] {processor.py:161} INFO - Started process (PID=57505) to work on /home/airflow/.local/lib/python3.12/site-packages/airflow/example_dags/tutorial_taskflow_api_virtualenv.py
[2026-05-01T00:22:00.016+0000] {processor.py:830} INFO - Processing file /home/airflow/.local/lib/python3.12/site-packages/airflow/example_dags/tutorial_taskflow_api_virtualenv.py for tasks to queue
[2026-05-01T00:22:00.017+0000] {logging_mixin.py:188} INFO - [2026-05-01T00:22:00.016+0000] {dagbag.py:545} INFO - Filling up the DagBag from /home/airflow/.local/lib/python3.12/site-packages/airflow/example_dags/tutorial_taskflow_api_virtualenv.py
[2026-05-01T00:22:00.022+0000] {processor.py:840} INFO - DAG(s) 'tutorial_taskflow_api_virtualenv' retrieved from /home/airflow/.local/lib/python3.12/site-packages/airflow/example_dags/tutorial_taskflow_api_virtualenv.py
[2026-05-01T00:22:00.030+0000] {logging_mixin.py:188} INFO - [2026-05-01T00:22:00.030+0000] {dag.py:3089} INFO - Sync 1 DAGs
[2026-05-01T00:22:00.035+0000] {logging_mixin.py:188} INFO - [2026-05-01T00:22:00.035+0000] {dag.py:3947} INFO - Setting next_dagrun for tutorial_taskflow_api_virtualenv to None, run_after=None
[2026-05-01T00:22:00.047+0000] {processor.py:183} INFO - Processing /home/airflow/.local/lib/python3.12/site-packages/airflow/example_dags/tutorial_taskflow_api_virtualenv.py took 0.036 seconds
[2026-05-01T00:22:30.881+0000] {processor.py:161} INFO - Started process (PID=57565) to work on /home/airflow/.local/lib/python3.12/site-packages/airflow/example_dags/tutorial_taskflow_api_virtualenv.py
[2026-05-01T00:22:30.881+0000] {processor.py:830} INFO - Processing file /home/airflow/.local/lib/python3.12/site-packages/airflow/example_dags/tutorial_taskflow_api_virtualenv.py for tasks to queue
[2026-05-01T00:22:30.883+0000] {logging_mixin.py:188} INFO - [2026-05-01T00:22:30.882+0000] {dagbag.py:545} INFO - Filling up the DagBag from /home/airflow/.local/lib/python3.12/site-packages/airflow/example_dags/tutorial_taskflow_api_virtualenv.py
[2026-05-01T00:22:30.888+0000] {processor.py:840} INFO - DAG(s) 'tutorial_taskflow_api_virtualenv' retrieved from /home/airflow/.local/lib/python3.12/site-packages/airflow/example_dags/tutorial_taskflow_api_virtualenv.py
[2026-05-01T00:22:30.900+0000] {logging_mixin.py:188} INFO - [2026-05-01T00:22:30.899+0000] {dag.py:3089} INFO - Sync 1 DAGs
[2026-05-01T00:22:30.906+0000] {logging_mixin.py:188} INFO - [2026-05-01T00:22:30.906+0000] {dag.py:3947} INFO - Setting next_dagrun for tutorial_taskflow_api_virtualenv to None, run_after=None
[2026-05-01T00:22:30.917+0000] {processor.py:183} INFO - Processing /home/airflow/.local/lib/python3.12/site-packages/airflow/example_dags/tutorial_taskflow_api_virtualenv.py took 0.039 seconds
[2026-05-01T00:23:01.730+0000] {processor.py:161} INFO - Started process (PID=57625) to work on /home/airflow/.local/lib/python3.12/site-packages/airflow/example_dags/tutorial_taskflow_api_virtualenv.py
[2026-05-01T00:23:01.731+0000] {processor.py:830} INFO - Processing file /home/airflow/.local/lib/python3.12/site-packages/airflow/example_dags/tutorial_taskflow_api_virtualenv.py for tasks to queue
[2026-05-01T00:23:01.733+0000] {logging_mixin.py:188} INFO - [2026-05-01T00:23:01.733+0000] {dagbag.py:545} INFO - Filling up the DagBag from /home/airflow/.local/lib/python3.12/site-packages/airflow/example_dags/tutorial_taskflow_api_virtualenv.py
[2026-05-01T00:23:01.739+0000] {processor.py:840} INFO - DAG(s) 'tutorial_taskflow_api_virtualenv' retrieved from /home/airflow/.local/lib/python3.12/site-packages/airflow/example_dags/tutorial_taskflow_api_virtualenv.py
[2026-05-01T00:23:01.751+0000] {logging_mixin.py:188} INFO - [2026-05-01T00:23:01.751+0000] {dag.py:3089} INFO - Sync 1 DAGs
[2026-05-01T00:23:01.757+0000] {logging_mixin.py:188} INFO - [2026-05-01T00:23:01.757+0000] {dag.py:3947} INFO - Setting next_dagrun for tutorial_taskflow_api_virtualenv to None, run_after=None
[2026-05-01T00:23:01.768+0000] {processor.py:183} INFO - Processing /home/airflow/.local/lib/python3.12/site-packages/airflow/example_dags/tutorial_taskflow_api_virtualenv.py took 0.040 seconds
