[2026-05-01T00:00:02.676+0000] {processor.py:161} INFO - Started process (PID=54928) to work on /home/airflow/.local/lib/python3.12/site-packages/airflow/example_dags/tutorial_objectstorage.py
[2026-05-01T00:00:02.677+0000] {processor.py:830} INFO - Processing file /home/airflow/.local/lib/python3.12/site-packages/airflow/example_dags/tutorial_objectstorage.py for tasks to queue
[2026-05-01T00:00:02.677+0000] {logging_mixin.py:188} INFO - [2026-05-01T00:00:02.677+0000] {dagbag.py:545} INFO - Filling up the DagBag from /home/airflow/.local/lib/python3.12/site-packages/airflow/example_dags/tutorial_objectstorage.py
[2026-05-01T00:00:02.681+0000] {processor.py:840} INFO - DAG(s) 'tutorial_objectstorage' retrieved from /home/airflow/.local/lib/python3.12/site-packages/airflow/example_dags/tutorial_objectstorage.py
[2026-05-01T00:00:02.690+0000] {logging_mixin.py:188} INFO - [2026-05-01T00:00:02.689+0000] {dag.py:3089} INFO - Sync 1 DAGs
[2026-05-01T00:00:02.696+0000] {logging_mixin.py:188} INFO - [2026-05-01T00:00:02.696+0000] {dag.py:3947} INFO - Setting next_dagrun for tutorial_objectstorage to None, run_after=None
[2026-05-01T00:00:02.704+0000] {processor.py:183} INFO - Processing /home/airflow/.local/lib/python3.12/site-packages/airflow/example_dags/tutorial_objectstorage.py took 0.030 seconds
[2026-05-01T00:00:33.469+0000] {processor.py:161} INFO - Started process (PID=54988) to work on /home/airflow/.local/lib/python3.12/site-packages/airflow/example_dags/tutorial_objectstorage.py
[2026-05-01T00:00:33.470+0000] {processor.py:830} INFO - Processing file /home/airflow/.local/lib/python3.12/site-packages/airflow/example_dags/tutorial_objectstorage.py for tasks to queue
[2026-05-01T00:00:33.471+0000] {logging_mixin.py:188} INFO - [2026-05-01T00:00:33.471+0000] {dagbag.py:545} INFO - Filling up the DagBag from /home/airflow/.local/lib/python3.12/site-packages/airflow/example_dags/tutorial_objectstorage.py
[2026-05-01T00:00:33.474+0000] {processor.py:840} INFO - DAG(s) 'tutorial_objectstorage' retrieved from /home/airflow/.local/lib/python3.12/site-packages/airflow/example_dags/tutorial_objectstorage.py
[2026-05-01T00:00:33.482+0000] {logging_mixin.py:188} INFO - [2026-05-01T00:00:33.482+0000] {dag.py:3089} INFO - Sync 1 DAGs
[2026-05-01T00:00:33.487+0000] {logging_mixin.py:188} INFO - [2026-05-01T00:00:33.487+0000] {dag.py:3947} INFO - Setting next_dagrun for tutorial_objectstorage to None, run_after=None
[2026-05-01T00:00:33.494+0000] {processor.py:183} INFO - Processing /home/airflow/.local/lib/python3.12/site-packages/airflow/example_dags/tutorial_objectstorage.py took 0.028 seconds
[2026-05-01T00:01:04.179+0000] {processor.py:161} INFO - Started process (PID=55048) to work on /home/airflow/.local/lib/python3.12/site-packages/airflow/example_dags/tutorial_objectstorage.py
[2026-05-01T00:01:04.179+0000] {processor.py:830} INFO - Processing file /home/airflow/.local/lib/python3.12/site-packages/airflow/example_dags/tutorial_objectstorage.py for tasks to queue
[2026-05-01T00:01:04.180+0000] {logging_mixin.py:188} INFO - [2026-05-01T00:01:04.180+0000] {dagbag.py:545} INFO - Filling up the DagBag from /home/airflow/.local/lib/python3.12/site-packages/airflow/example_dags/tutorial_objectstorage.py
[2026-05-01T00:01:04.183+0000] {processor.py:840} INFO - DAG(s) 'tutorial_objectstorage' retrieved from /home/airflow/.local/lib/python3.12/site-packages/airflow/example_dags/tutorial_objectstorage.py
[2026-05-01T00:01:04.189+0000] {logging_mixin.py:188} INFO - [2026-05-01T00:01:04.189+0000] {dag.py:3089} INFO - Sync 1 DAGs
[2026-05-01T00:01:04.193+0000] {logging_mixin.py:188} INFO - [2026-05-01T00:01:04.193+0000] {dag.py:3947} INFO - Setting next_dagrun for tutorial_objectstorage to None, run_after=None
[2026-05-01T00:01:04.198+0000] {processor.py:183} INFO - Processing /home/airflow/.local/lib/python3.12/site-packages/airflow/example_dags/tutorial_objectstorage.py took 0.021 seconds
[2026-05-01T00:01:34.972+0000] {processor.py:161} INFO - Started process (PID=55114) to work on /home/airflow/.local/lib/python3.12/site-packages/airflow/example_dags/tutorial_objectstorage.py
[2026-05-01T00:01:34.972+0000] {processor.py:830} INFO - Processing file /home/airflow/.local/lib/python3.12/site-packages/airflow/example_dags/tutorial_objectstorage.py for tasks to queue
[2026-05-01T00:01:34.973+0000] {logging_mixin.py:188} INFO - [2026-05-01T00:01:34.973+0000] {dagbag.py:545} INFO - Filling up the DagBag from /home/airflow/.local/lib/python3.12/site-packages/airflow/example_dags/tutorial_objectstorage.py
[2026-05-01T00:01:34.977+0000] {processor.py:840} INFO - DAG(s) 'tutorial_objectstorage' retrieved from /home/airflow/.local/lib/python3.12/site-packages/airflow/example_dags/tutorial_objectstorage.py
[2026-05-01T00:01:34.984+0000] {logging_mixin.py:188} INFO - [2026-05-01T00:01:34.984+0000] {dag.py:3089} INFO - Sync 1 DAGs
[2026-05-01T00:01:34.990+0000] {logging_mixin.py:188} INFO - [2026-05-01T00:01:34.990+0000] {dag.py:3947} INFO - Setting next_dagrun for tutorial_objectstorage to None, run_after=None
[2026-05-01T00:01:35.002+0000] {processor.py:183} INFO - Processing /home/airflow/.local/lib/python3.12/site-packages/airflow/example_dags/tutorial_objectstorage.py took 0.033 seconds
[2026-05-01T00:02:06.152+0000] {processor.py:161} INFO - Started process (PID=55174) to work on /home/airflow/.local/lib/python3.12/site-packages/airflow/example_dags/tutorial_objectstorage.py
[2026-05-01T00:02:06.154+0000] {processor.py:830} INFO - Processing file /home/airflow/.local/lib/python3.12/site-packages/airflow/example_dags/tutorial_objectstorage.py for tasks to queue
[2026-05-01T00:02:06.155+0000] {logging_mixin.py:188} INFO - [2026-05-01T00:02:06.154+0000] {dagbag.py:545} INFO - Filling up the DagBag from /home/airflow/.local/lib/python3.12/site-packages/airflow/example_dags/tutorial_objectstorage.py
[2026-05-01T00:02:06.160+0000] {processor.py:840} INFO - DAG(s) 'tutorial_objectstorage' retrieved from /home/airflow/.local/lib/python3.12/site-packages/airflow/example_dags/tutorial_objectstorage.py
[2026-05-01T00:02:06.172+0000] {logging_mixin.py:188} INFO - [2026-05-01T00:02:06.172+0000] {dag.py:3089} INFO - Sync 1 DAGs
[2026-05-01T00:02:06.177+0000] {logging_mixin.py:188} INFO - [2026-05-01T00:02:06.177+0000] {dag.py:3947} INFO - Setting next_dagrun for tutorial_objectstorage to None, run_after=None
[2026-05-01T00:02:06.189+0000] {processor.py:183} INFO - Processing /home/airflow/.local/lib/python3.12/site-packages/airflow/example_dags/tutorial_objectstorage.py took 0.040 seconds
[2026-05-01T00:02:36.214+0000] {processor.py:161} INFO - Started process (PID=55234) to work on /home/airflow/.local/lib/python3.12/site-packages/airflow/example_dags/tutorial_objectstorage.py
[2026-05-01T00:02:36.214+0000] {processor.py:830} INFO - Processing file /home/airflow/.local/lib/python3.12/site-packages/airflow/example_dags/tutorial_objectstorage.py for tasks to queue
[2026-05-01T00:02:36.215+0000] {logging_mixin.py:188} INFO - [2026-05-01T00:02:36.215+0000] {dagbag.py:545} INFO - Filling up the DagBag from /home/airflow/.local/lib/python3.12/site-packages/airflow/example_dags/tutorial_objectstorage.py
[2026-05-01T00:02:36.221+0000] {processor.py:840} INFO - DAG(s) 'tutorial_objectstorage' retrieved from /home/airflow/.local/lib/python3.12/site-packages/airflow/example_dags/tutorial_objectstorage.py
[2026-05-01T00:02:36.229+0000] {logging_mixin.py:188} INFO - [2026-05-01T00:02:36.229+0000] {dag.py:3089} INFO - Sync 1 DAGs
[2026-05-01T00:02:36.234+0000] {logging_mixin.py:188} INFO - [2026-05-01T00:02:36.234+0000] {dag.py:3947} INFO - Setting next_dagrun for tutorial_objectstorage to None, run_after=None
[2026-05-01T00:02:36.243+0000] {processor.py:183} INFO - Processing /home/airflow/.local/lib/python3.12/site-packages/airflow/example_dags/tutorial_objectstorage.py took 0.031 seconds
[2026-05-01T00:03:06.974+0000] {processor.py:161} INFO - Started process (PID=55294) to work on /home/airflow/.local/lib/python3.12/site-packages/airflow/example_dags/tutorial_objectstorage.py
[2026-05-01T00:03:06.976+0000] {processor.py:830} INFO - Processing file /home/airflow/.local/lib/python3.12/site-packages/airflow/example_dags/tutorial_objectstorage.py for tasks to queue
[2026-05-01T00:03:06.978+0000] {logging_mixin.py:188} INFO - [2026-05-01T00:03:06.978+0000] {dagbag.py:545} INFO - Filling up the DagBag from /home/airflow/.local/lib/python3.12/site-packages/airflow/example_dags/tutorial_objectstorage.py
[2026-05-01T00:03:06.982+0000] {processor.py:840} INFO - DAG(s) 'tutorial_objectstorage' retrieved from /home/airflow/.local/lib/python3.12/site-packages/airflow/example_dags/tutorial_objectstorage.py
[2026-05-01T00:03:06.993+0000] {logging_mixin.py:188} INFO - [2026-05-01T00:03:06.993+0000] {dag.py:3089} INFO - Sync 1 DAGs
[2026-05-01T00:03:06.997+0000] {logging_mixin.py:188} INFO - [2026-05-01T00:03:06.997+0000] {dag.py:3947} INFO - Setting next_dagrun for tutorial_objectstorage to None, run_after=None
[2026-05-01T00:03:07.006+0000] {processor.py:183} INFO - Processing /home/airflow/.local/lib/python3.12/site-packages/airflow/example_dags/tutorial_objectstorage.py took 0.034 seconds
[2026-05-01T00:03:37.662+0000] {processor.py:161} INFO - Started process (PID=55354) to work on /home/airflow/.local/lib/python3.12/site-packages/airflow/example_dags/tutorial_objectstorage.py
[2026-05-01T00:03:37.663+0000] {processor.py:830} INFO - Processing file /home/airflow/.local/lib/python3.12/site-packages/airflow/example_dags/tutorial_objectstorage.py for tasks to queue
[2026-05-01T00:03:37.664+0000] {logging_mixin.py:188} INFO - [2026-05-01T00:03:37.663+0000] {dagbag.py:545} INFO - Filling up the DagBag from /home/airflow/.local/lib/python3.12/site-packages/airflow/example_dags/tutorial_objectstorage.py
[2026-05-01T00:03:37.667+0000] {processor.py:840} INFO - DAG(s) 'tutorial_objectstorage' retrieved from /home/airflow/.local/lib/python3.12/site-packages/airflow/example_dags/tutorial_objectstorage.py
[2026-05-01T00:03:37.675+0000] {logging_mixin.py:188} INFO - [2026-05-01T00:03:37.675+0000] {dag.py:3089} INFO - Sync 1 DAGs
[2026-05-01T00:03:37.679+0000] {logging_mixin.py:188} INFO - [2026-05-01T00:03:37.678+0000] {dag.py:3947} INFO - Setting next_dagrun for tutorial_objectstorage to None, run_after=None
[2026-05-01T00:03:37.684+0000] {processor.py:183} INFO - Processing /home/airflow/.local/lib/python3.12/site-packages/airflow/example_dags/tutorial_objectstorage.py took 0.024 seconds
[2026-05-01T00:04:08.382+0000] {processor.py:161} INFO - Started process (PID=55414) to work on /home/airflow/.local/lib/python3.12/site-packages/airflow/example_dags/tutorial_objectstorage.py
[2026-05-01T00:04:08.383+0000] {processor.py:830} INFO - Processing file /home/airflow/.local/lib/python3.12/site-packages/airflow/example_dags/tutorial_objectstorage.py for tasks to queue
[2026-05-01T00:04:08.384+0000] {logging_mixin.py:188} INFO - [2026-05-01T00:04:08.384+0000] {dagbag.py:545} INFO - Filling up the DagBag from /home/airflow/.local/lib/python3.12/site-packages/airflow/example_dags/tutorial_objectstorage.py
[2026-05-01T00:04:08.387+0000] {processor.py:840} INFO - DAG(s) 'tutorial_objectstorage' retrieved from /home/airflow/.local/lib/python3.12/site-packages/airflow/example_dags/tutorial_objectstorage.py
[2026-05-01T00:04:08.394+0000] {logging_mixin.py:188} INFO - [2026-05-01T00:04:08.394+0000] {dag.py:3089} INFO - Sync 1 DAGs
[2026-05-01T00:04:08.400+0000] {logging_mixin.py:188} INFO - [2026-05-01T00:04:08.400+0000] {dag.py:3947} INFO - Setting next_dagrun for tutorial_objectstorage to None, run_after=None
[2026-05-01T00:04:08.409+0000] {processor.py:183} INFO - Processing /home/airflow/.local/lib/python3.12/site-packages/airflow/example_dags/tutorial_objectstorage.py took 0.029 seconds
[2026-05-01T00:04:39.127+0000] {processor.py:161} INFO - Started process (PID=55474) to work on /home/airflow/.local/lib/python3.12/site-packages/airflow/example_dags/tutorial_objectstorage.py
[2026-05-01T00:04:39.127+0000] {processor.py:830} INFO - Processing file /home/airflow/.local/lib/python3.12/site-packages/airflow/example_dags/tutorial_objectstorage.py for tasks to queue
[2026-05-01T00:04:39.128+0000] {logging_mixin.py:188} INFO - [2026-05-01T00:04:39.128+0000] {dagbag.py:545} INFO - Filling up the DagBag from /home/airflow/.local/lib/python3.12/site-packages/airflow/example_dags/tutorial_objectstorage.py
[2026-05-01T00:04:39.130+0000] {processor.py:840} INFO - DAG(s) 'tutorial_objectstorage' retrieved from /home/airflow/.local/lib/python3.12/site-packages/airflow/example_dags/tutorial_objectstorage.py
[2026-05-01T00:04:39.136+0000] {logging_mixin.py:188} INFO - [2026-05-01T00:04:39.136+0000] {dag.py:3089} INFO - Sync 1 DAGs
[2026-05-01T00:04:39.140+0000] {logging_mixin.py:188} INFO - [2026-05-01T00:04:39.140+0000] {dag.py:3947} INFO - Setting next_dagrun for tutorial_objectstorage to None, run_after=None
[2026-05-01T00:04:39.145+0000] {processor.py:183} INFO - Processing /home/airflow/.local/lib/python3.12/site-packages/airflow/example_dags/tutorial_objectstorage.py took 0.021 seconds
[2026-05-01T00:05:09.893+0000] {processor.py:161} INFO - Started process (PID=55535) to work on /home/airflow/.local/lib/python3.12/site-packages/airflow/example_dags/tutorial_objectstorage.py
[2026-05-01T00:05:09.894+0000] {processor.py:830} INFO - Processing file /home/airflow/.local/lib/python3.12/site-packages/airflow/example_dags/tutorial_objectstorage.py for tasks to queue
[2026-05-01T00:05:09.895+0000] {logging_mixin.py:188} INFO - [2026-05-01T00:05:09.895+0000] {dagbag.py:545} INFO - Filling up the DagBag from /home/airflow/.local/lib/python3.12/site-packages/airflow/example_dags/tutorial_objectstorage.py
[2026-05-01T00:05:09.898+0000] {processor.py:840} INFO - DAG(s) 'tutorial_objectstorage' retrieved from /home/airflow/.local/lib/python3.12/site-packages/airflow/example_dags/tutorial_objectstorage.py
[2026-05-01T00:05:09.904+0000] {logging_mixin.py:188} INFO - [2026-05-01T00:05:09.904+0000] {dag.py:3089} INFO - Sync 1 DAGs
[2026-05-01T00:05:09.908+0000] {logging_mixin.py:188} INFO - [2026-05-01T00:05:09.908+0000] {dag.py:3947} INFO - Setting next_dagrun for tutorial_objectstorage to None, run_after=None
[2026-05-01T00:05:09.913+0000] {processor.py:183} INFO - Processing /home/airflow/.local/lib/python3.12/site-packages/airflow/example_dags/tutorial_objectstorage.py took 0.022 seconds
[2026-05-01T00:05:40.671+0000] {processor.py:161} INFO - Started process (PID=55595) to work on /home/airflow/.local/lib/python3.12/site-packages/airflow/example_dags/tutorial_objectstorage.py
[2026-05-01T00:05:40.672+0000] {processor.py:830} INFO - Processing file /home/airflow/.local/lib/python3.12/site-packages/airflow/example_dags/tutorial_objectstorage.py for tasks to queue
[2026-05-01T00:05:40.673+0000] {logging_mixin.py:188} INFO - [2026-05-01T00:05:40.673+0000] {dagbag.py:545} INFO - Filling up the DagBag from /home/airflow/.local/lib/python3.12/site-packages/airflow/example_dags/tutorial_objectstorage.py
[2026-05-01T00:05:40.676+0000] {processor.py:840} INFO - DAG(s) 'tutorial_objectstorage' retrieved from /home/airflow/.local/lib/python3.12/site-packages/airflow/example_dags/tutorial_objectstorage.py
[2026-05-01T00:05:40.686+0000] {logging_mixin.py:188} INFO - [2026-05-01T00:05:40.686+0000] {dag.py:3089} INFO - Sync 1 DAGs
[2026-05-01T00:05:40.690+0000] {logging_mixin.py:188} INFO - [2026-05-01T00:05:40.690+0000] {dag.py:3947} INFO - Setting next_dagrun for tutorial_objectstorage to None, run_after=None
[2026-05-01T00:05:40.695+0000] {processor.py:183} INFO - Processing /home/airflow/.local/lib/python3.12/site-packages/airflow/example_dags/tutorial_objectstorage.py took 0.027 seconds
[2026-05-01T00:06:11.442+0000] {processor.py:161} INFO - Started process (PID=55655) to work on /home/airflow/.local/lib/python3.12/site-packages/airflow/example_dags/tutorial_objectstorage.py
[2026-05-01T00:06:11.444+0000] {processor.py:830} INFO - Processing file /home/airflow/.local/lib/python3.12/site-packages/airflow/example_dags/tutorial_objectstorage.py for tasks to queue
[2026-05-01T00:06:11.445+0000] {logging_mixin.py:188} INFO - [2026-05-01T00:06:11.445+0000] {dagbag.py:545} INFO - Filling up the DagBag from /home/airflow/.local/lib/python3.12/site-packages/airflow/example_dags/tutorial_objectstorage.py
[2026-05-01T00:06:11.449+0000] {processor.py:840} INFO - DAG(s) 'tutorial_objectstorage' retrieved from /home/airflow/.local/lib/python3.12/site-packages/airflow/example_dags/tutorial_objectstorage.py
[2026-05-01T00:06:11.461+0000] {logging_mixin.py:188} INFO - [2026-05-01T00:06:11.461+0000] {dag.py:3089} INFO - Sync 1 DAGs
[2026-05-01T00:06:11.468+0000] {logging_mixin.py:188} INFO - [2026-05-01T00:06:11.468+0000] {dag.py:3947} INFO - Setting next_dagrun for tutorial_objectstorage to None, run_after=None
[2026-05-01T00:06:11.475+0000] {processor.py:183} INFO - Processing /home/airflow/.local/lib/python3.12/site-packages/airflow/example_dags/tutorial_objectstorage.py took 0.035 seconds
[2026-05-01T00:06:42.197+0000] {processor.py:161} INFO - Started process (PID=55715) to work on /home/airflow/.local/lib/python3.12/site-packages/airflow/example_dags/tutorial_objectstorage.py
[2026-05-01T00:06:42.197+0000] {processor.py:830} INFO - Processing file /home/airflow/.local/lib/python3.12/site-packages/airflow/example_dags/tutorial_objectstorage.py for tasks to queue
[2026-05-01T00:06:42.199+0000] {logging_mixin.py:188} INFO - [2026-05-01T00:06:42.199+0000] {dagbag.py:545} INFO - Filling up the DagBag from /home/airflow/.local/lib/python3.12/site-packages/airflow/example_dags/tutorial_objectstorage.py
[2026-05-01T00:06:42.204+0000] {processor.py:840} INFO - DAG(s) 'tutorial_objectstorage' retrieved from /home/airflow/.local/lib/python3.12/site-packages/airflow/example_dags/tutorial_objectstorage.py
[2026-05-01T00:06:42.213+0000] {logging_mixin.py:188} INFO - [2026-05-01T00:06:42.213+0000] {dag.py:3089} INFO - Sync 1 DAGs
[2026-05-01T00:06:42.217+0000] {logging_mixin.py:188} INFO - [2026-05-01T00:06:42.217+0000] {dag.py:3947} INFO - Setting next_dagrun for tutorial_objectstorage to None, run_after=None
[2026-05-01T00:06:42.225+0000] {processor.py:183} INFO - Processing /home/airflow/.local/lib/python3.12/site-packages/airflow/example_dags/tutorial_objectstorage.py took 0.030 seconds
[2026-05-01T00:07:13.394+0000] {processor.py:161} INFO - Started process (PID=55775) to work on /home/airflow/.local/lib/python3.12/site-packages/airflow/example_dags/tutorial_objectstorage.py
[2026-05-01T00:07:13.394+0000] {processor.py:830} INFO - Processing file /home/airflow/.local/lib/python3.12/site-packages/airflow/example_dags/tutorial_objectstorage.py for tasks to queue
[2026-05-01T00:07:13.395+0000] {logging_mixin.py:188} INFO - [2026-05-01T00:07:13.395+0000] {dagbag.py:545} INFO - Filling up the DagBag from /home/airflow/.local/lib/python3.12/site-packages/airflow/example_dags/tutorial_objectstorage.py
[2026-05-01T00:07:13.398+0000] {processor.py:840} INFO - DAG(s) 'tutorial_objectstorage' retrieved from /home/airflow/.local/lib/python3.12/site-packages/airflow/example_dags/tutorial_objectstorage.py
[2026-05-01T00:07:13.405+0000] {logging_mixin.py:188} INFO - [2026-05-01T00:07:13.405+0000] {dag.py:3089} INFO - Sync 1 DAGs
[2026-05-01T00:07:13.409+0000] {logging_mixin.py:188} INFO - [2026-05-01T00:07:13.409+0000] {dag.py:3947} INFO - Setting next_dagrun for tutorial_objectstorage to None, run_after=None
[2026-05-01T00:07:13.422+0000] {processor.py:183} INFO - Processing /home/airflow/.local/lib/python3.12/site-packages/airflow/example_dags/tutorial_objectstorage.py took 0.031 seconds
[2026-05-01T00:07:43.828+0000] {processor.py:161} INFO - Started process (PID=55835) to work on /home/airflow/.local/lib/python3.12/site-packages/airflow/example_dags/tutorial_objectstorage.py
[2026-05-01T00:07:43.828+0000] {processor.py:830} INFO - Processing file /home/airflow/.local/lib/python3.12/site-packages/airflow/example_dags/tutorial_objectstorage.py for tasks to queue
[2026-05-01T00:07:43.829+0000] {logging_mixin.py:188} INFO - [2026-05-01T00:07:43.829+0000] {dagbag.py:545} INFO - Filling up the DagBag from /home/airflow/.local/lib/python3.12/site-packages/airflow/example_dags/tutorial_objectstorage.py
[2026-05-01T00:07:43.832+0000] {processor.py:840} INFO - DAG(s) 'tutorial_objectstorage' retrieved from /home/airflow/.local/lib/python3.12/site-packages/airflow/example_dags/tutorial_objectstorage.py
[2026-05-01T00:07:43.840+0000] {logging_mixin.py:188} INFO - [2026-05-01T00:07:43.840+0000] {dag.py:3089} INFO - Sync 1 DAGs
[2026-05-01T00:07:43.918+0000] {logging_mixin.py:188} INFO - [2026-05-01T00:07:43.917+0000] {dag.py:3947} INFO - Setting next_dagrun for tutorial_objectstorage to None, run_after=None
[2026-05-01T00:07:43.926+0000] {processor.py:183} INFO - Processing /home/airflow/.local/lib/python3.12/site-packages/airflow/example_dags/tutorial_objectstorage.py took 0.101 seconds
[2026-05-01T00:08:14.168+0000] {processor.py:161} INFO - Started process (PID=55895) to work on /home/airflow/.local/lib/python3.12/site-packages/airflow/example_dags/tutorial_objectstorage.py
[2026-05-01T00:08:14.168+0000] {processor.py:830} INFO - Processing file /home/airflow/.local/lib/python3.12/site-packages/airflow/example_dags/tutorial_objectstorage.py for tasks to queue
[2026-05-01T00:08:14.169+0000] {logging_mixin.py:188} INFO - [2026-05-01T00:08:14.169+0000] {dagbag.py:545} INFO - Filling up the DagBag from /home/airflow/.local/lib/python3.12/site-packages/airflow/example_dags/tutorial_objectstorage.py
[2026-05-01T00:08:14.172+0000] {processor.py:840} INFO - DAG(s) 'tutorial_objectstorage' retrieved from /home/airflow/.local/lib/python3.12/site-packages/airflow/example_dags/tutorial_objectstorage.py
[2026-05-01T00:08:14.182+0000] {logging_mixin.py:188} INFO - [2026-05-01T00:08:14.181+0000] {dag.py:3089} INFO - Sync 1 DAGs
[2026-05-01T00:08:14.186+0000] {logging_mixin.py:188} INFO - [2026-05-01T00:08:14.186+0000] {dag.py:3947} INFO - Setting next_dagrun for tutorial_objectstorage to None, run_after=None
[2026-05-01T00:08:14.266+0000] {processor.py:183} INFO - Processing /home/airflow/.local/lib/python3.12/site-packages/airflow/example_dags/tutorial_objectstorage.py took 0.101 seconds
[2026-05-01T00:08:44.870+0000] {processor.py:161} INFO - Started process (PID=55956) to work on /home/airflow/.local/lib/python3.12/site-packages/airflow/example_dags/tutorial_objectstorage.py
[2026-05-01T00:08:44.872+0000] {processor.py:830} INFO - Processing file /home/airflow/.local/lib/python3.12/site-packages/airflow/example_dags/tutorial_objectstorage.py for tasks to queue
[2026-05-01T00:08:44.873+0000] {logging_mixin.py:188} INFO - [2026-05-01T00:08:44.873+0000] {dagbag.py:545} INFO - Filling up the DagBag from /home/airflow/.local/lib/python3.12/site-packages/airflow/example_dags/tutorial_objectstorage.py
[2026-05-01T00:08:44.876+0000] {processor.py:840} INFO - DAG(s) 'tutorial_objectstorage' retrieved from /home/airflow/.local/lib/python3.12/site-packages/airflow/example_dags/tutorial_objectstorage.py
[2026-05-01T00:08:44.883+0000] {logging_mixin.py:188} INFO - [2026-05-01T00:08:44.883+0000] {dag.py:3089} INFO - Sync 1 DAGs
[2026-05-01T00:08:44.889+0000] {logging_mixin.py:188} INFO - [2026-05-01T00:08:44.889+0000] {dag.py:3947} INFO - Setting next_dagrun for tutorial_objectstorage to None, run_after=None
[2026-05-01T00:08:44.964+0000] {processor.py:183} INFO - Processing /home/airflow/.local/lib/python3.12/site-packages/airflow/example_dags/tutorial_objectstorage.py took 0.096 seconds
[2026-05-01T00:09:15.753+0000] {processor.py:161} INFO - Started process (PID=56016) to work on /home/airflow/.local/lib/python3.12/site-packages/airflow/example_dags/tutorial_objectstorage.py
[2026-05-01T00:09:15.753+0000] {processor.py:830} INFO - Processing file /home/airflow/.local/lib/python3.12/site-packages/airflow/example_dags/tutorial_objectstorage.py for tasks to queue
[2026-05-01T00:09:15.754+0000] {logging_mixin.py:188} INFO - [2026-05-01T00:09:15.754+0000] {dagbag.py:545} INFO - Filling up the DagBag from /home/airflow/.local/lib/python3.12/site-packages/airflow/example_dags/tutorial_objectstorage.py
[2026-05-01T00:09:15.757+0000] {processor.py:840} INFO - DAG(s) 'tutorial_objectstorage' retrieved from /home/airflow/.local/lib/python3.12/site-packages/airflow/example_dags/tutorial_objectstorage.py
[2026-05-01T00:09:15.768+0000] {logging_mixin.py:188} INFO - [2026-05-01T00:09:15.768+0000] {dag.py:3089} INFO - Sync 1 DAGs
[2026-05-01T00:09:15.774+0000] {logging_mixin.py:188} INFO - [2026-05-01T00:09:15.774+0000] {dag.py:3947} INFO - Setting next_dagrun for tutorial_objectstorage to None, run_after=None
[2026-05-01T00:09:15.784+0000] {processor.py:183} INFO - Processing /home/airflow/.local/lib/python3.12/site-packages/airflow/example_dags/tutorial_objectstorage.py took 0.034 seconds
[2026-05-01T00:09:46.523+0000] {processor.py:161} INFO - Started process (PID=56076) to work on /home/airflow/.local/lib/python3.12/site-packages/airflow/example_dags/tutorial_objectstorage.py
[2026-05-01T00:09:46.525+0000] {processor.py:830} INFO - Processing file /home/airflow/.local/lib/python3.12/site-packages/airflow/example_dags/tutorial_objectstorage.py for tasks to queue
[2026-05-01T00:09:46.525+0000] {logging_mixin.py:188} INFO - [2026-05-01T00:09:46.525+0000] {dagbag.py:545} INFO - Filling up the DagBag from /home/airflow/.local/lib/python3.12/site-packages/airflow/example_dags/tutorial_objectstorage.py
[2026-05-01T00:09:46.528+0000] {processor.py:840} INFO - DAG(s) 'tutorial_objectstorage' retrieved from /home/airflow/.local/lib/python3.12/site-packages/airflow/example_dags/tutorial_objectstorage.py
[2026-05-01T00:09:46.536+0000] {logging_mixin.py:188} INFO - [2026-05-01T00:09:46.536+0000] {dag.py:3089} INFO - Sync 1 DAGs
[2026-05-01T00:09:46.541+0000] {logging_mixin.py:188} INFO - [2026-05-01T00:09:46.541+0000] {dag.py:3947} INFO - Setting next_dagrun for tutorial_objectstorage to None, run_after=None
[2026-05-01T00:09:46.547+0000] {processor.py:183} INFO - Processing /home/airflow/.local/lib/python3.12/site-packages/airflow/example_dags/tutorial_objectstorage.py took 0.026 seconds
[2026-05-01T00:10:17.211+0000] {processor.py:161} INFO - Started process (PID=56136) to work on /home/airflow/.local/lib/python3.12/site-packages/airflow/example_dags/tutorial_objectstorage.py
[2026-05-01T00:10:17.212+0000] {processor.py:830} INFO - Processing file /home/airflow/.local/lib/python3.12/site-packages/airflow/example_dags/tutorial_objectstorage.py for tasks to queue
[2026-05-01T00:10:17.212+0000] {logging_mixin.py:188} INFO - [2026-05-01T00:10:17.212+0000] {dagbag.py:545} INFO - Filling up the DagBag from /home/airflow/.local/lib/python3.12/site-packages/airflow/example_dags/tutorial_objectstorage.py
[2026-05-01T00:10:17.215+0000] {processor.py:840} INFO - DAG(s) 'tutorial_objectstorage' retrieved from /home/airflow/.local/lib/python3.12/site-packages/airflow/example_dags/tutorial_objectstorage.py
[2026-05-01T00:10:17.231+0000] {logging_mixin.py:188} INFO - [2026-05-01T00:10:17.231+0000] {dag.py:3089} INFO - Sync 1 DAGs
[2026-05-01T00:10:17.235+0000] {logging_mixin.py:188} INFO - [2026-05-01T00:10:17.235+0000] {dag.py:3947} INFO - Setting next_dagrun for tutorial_objectstorage to None, run_after=None
[2026-05-01T00:10:17.243+0000] {processor.py:183} INFO - Processing /home/airflow/.local/lib/python3.12/site-packages/airflow/example_dags/tutorial_objectstorage.py took 0.034 seconds
[2026-05-01T00:10:48.021+0000] {processor.py:161} INFO - Started process (PID=56196) to work on /home/airflow/.local/lib/python3.12/site-packages/airflow/example_dags/tutorial_objectstorage.py
[2026-05-01T00:10:48.022+0000] {processor.py:830} INFO - Processing file /home/airflow/.local/lib/python3.12/site-packages/airflow/example_dags/tutorial_objectstorage.py for tasks to queue
[2026-05-01T00:10:48.023+0000] {logging_mixin.py:188} INFO - [2026-05-01T00:10:48.023+0000] {dagbag.py:545} INFO - Filling up the DagBag from /home/airflow/.local/lib/python3.12/site-packages/airflow/example_dags/tutorial_objectstorage.py
[2026-05-01T00:10:48.026+0000] {processor.py:840} INFO - DAG(s) 'tutorial_objectstorage' retrieved from /home/airflow/.local/lib/python3.12/site-packages/airflow/example_dags/tutorial_objectstorage.py
[2026-05-01T00:10:48.040+0000] {logging_mixin.py:188} INFO - [2026-05-01T00:10:48.040+0000] {dag.py:3089} INFO - Sync 1 DAGs
[2026-05-01T00:10:48.045+0000] {logging_mixin.py:188} INFO - [2026-05-01T00:10:48.045+0000] {dag.py:3947} INFO - Setting next_dagrun for tutorial_objectstorage to None, run_after=None
[2026-05-01T00:10:48.053+0000] {processor.py:183} INFO - Processing /home/airflow/.local/lib/python3.12/site-packages/airflow/example_dags/tutorial_objectstorage.py took 0.035 seconds
[2026-05-01T00:11:18.087+0000] {processor.py:161} INFO - Started process (PID=56256) to work on /home/airflow/.local/lib/python3.12/site-packages/airflow/example_dags/tutorial_objectstorage.py
[2026-05-01T00:11:18.088+0000] {processor.py:830} INFO - Processing file /home/airflow/.local/lib/python3.12/site-packages/airflow/example_dags/tutorial_objectstorage.py for tasks to queue
[2026-05-01T00:11:18.089+0000] {logging_mixin.py:188} INFO - [2026-05-01T00:11:18.089+0000] {dagbag.py:545} INFO - Filling up the DagBag from /home/airflow/.local/lib/python3.12/site-packages/airflow/example_dags/tutorial_objectstorage.py
[2026-05-01T00:11:18.095+0000] {processor.py:840} INFO - DAG(s) 'tutorial_objectstorage' retrieved from /home/airflow/.local/lib/python3.12/site-packages/airflow/example_dags/tutorial_objectstorage.py
[2026-05-01T00:11:18.105+0000] {logging_mixin.py:188} INFO - [2026-05-01T00:11:18.105+0000] {dag.py:3089} INFO - Sync 1 DAGs
[2026-05-01T00:11:18.112+0000] {logging_mixin.py:188} INFO - [2026-05-01T00:11:18.111+0000] {dag.py:3947} INFO - Setting next_dagrun for tutorial_objectstorage to None, run_after=None
[2026-05-01T00:11:18.118+0000] {processor.py:183} INFO - Processing /home/airflow/.local/lib/python3.12/site-packages/airflow/example_dags/tutorial_objectstorage.py took 0.033 seconds
[2026-05-01T00:11:48.726+0000] {processor.py:161} INFO - Started process (PID=56316) to work on /home/airflow/.local/lib/python3.12/site-packages/airflow/example_dags/tutorial_objectstorage.py
[2026-05-01T00:11:48.727+0000] {processor.py:830} INFO - Processing file /home/airflow/.local/lib/python3.12/site-packages/airflow/example_dags/tutorial_objectstorage.py for tasks to queue
[2026-05-01T00:11:48.727+0000] {logging_mixin.py:188} INFO - [2026-05-01T00:11:48.727+0000] {dagbag.py:545} INFO - Filling up the DagBag from /home/airflow/.local/lib/python3.12/site-packages/airflow/example_dags/tutorial_objectstorage.py
[2026-05-01T00:11:48.730+0000] {processor.py:840} INFO - DAG(s) 'tutorial_objectstorage' retrieved from /home/airflow/.local/lib/python3.12/site-packages/airflow/example_dags/tutorial_objectstorage.py
[2026-05-01T00:11:48.740+0000] {logging_mixin.py:188} INFO - [2026-05-01T00:11:48.740+0000] {dag.py:3089} INFO - Sync 1 DAGs
[2026-05-01T00:11:48.746+0000] {logging_mixin.py:188} INFO - [2026-05-01T00:11:48.746+0000] {dag.py:3947} INFO - Setting next_dagrun for tutorial_objectstorage to None, run_after=None
[2026-05-01T00:11:48.754+0000] {processor.py:183} INFO - Processing /home/airflow/.local/lib/python3.12/site-packages/airflow/example_dags/tutorial_objectstorage.py took 0.030 seconds
[2026-05-01T00:12:19.439+0000] {processor.py:161} INFO - Started process (PID=56376) to work on /home/airflow/.local/lib/python3.12/site-packages/airflow/example_dags/tutorial_objectstorage.py
[2026-05-01T00:12:19.439+0000] {processor.py:830} INFO - Processing file /home/airflow/.local/lib/python3.12/site-packages/airflow/example_dags/tutorial_objectstorage.py for tasks to queue
[2026-05-01T00:12:19.440+0000] {logging_mixin.py:188} INFO - [2026-05-01T00:12:19.440+0000] {dagbag.py:545} INFO - Filling up the DagBag from /home/airflow/.local/lib/python3.12/site-packages/airflow/example_dags/tutorial_objectstorage.py
[2026-05-01T00:12:19.442+0000] {processor.py:840} INFO - DAG(s) 'tutorial_objectstorage' retrieved from /home/airflow/.local/lib/python3.12/site-packages/airflow/example_dags/tutorial_objectstorage.py
[2026-05-01T00:12:19.449+0000] {logging_mixin.py:188} INFO - [2026-05-01T00:12:19.449+0000] {dag.py:3089} INFO - Sync 1 DAGs
[2026-05-01T00:12:19.453+0000] {logging_mixin.py:188} INFO - [2026-05-01T00:12:19.453+0000] {dag.py:3947} INFO - Setting next_dagrun for tutorial_objectstorage to None, run_after=None
[2026-05-01T00:12:19.458+0000] {processor.py:183} INFO - Processing /home/airflow/.local/lib/python3.12/site-packages/airflow/example_dags/tutorial_objectstorage.py took 0.022 seconds
[2026-05-01T00:12:50.197+0000] {processor.py:161} INFO - Started process (PID=56436) to work on /home/airflow/.local/lib/python3.12/site-packages/airflow/example_dags/tutorial_objectstorage.py
[2026-05-01T00:12:50.198+0000] {processor.py:830} INFO - Processing file /home/airflow/.local/lib/python3.12/site-packages/airflow/example_dags/tutorial_objectstorage.py for tasks to queue
[2026-05-01T00:12:50.199+0000] {logging_mixin.py:188} INFO - [2026-05-01T00:12:50.199+0000] {dagbag.py:545} INFO - Filling up the DagBag from /home/airflow/.local/lib/python3.12/site-packages/airflow/example_dags/tutorial_objectstorage.py
[2026-05-01T00:12:50.203+0000] {processor.py:840} INFO - DAG(s) 'tutorial_objectstorage' retrieved from /home/airflow/.local/lib/python3.12/site-packages/airflow/example_dags/tutorial_objectstorage.py
[2026-05-01T00:12:50.213+0000] {logging_mixin.py:188} INFO - [2026-05-01T00:12:50.213+0000] {dag.py:3089} INFO - Sync 1 DAGs
[2026-05-01T00:12:50.219+0000] {logging_mixin.py:188} INFO - [2026-05-01T00:12:50.219+0000] {dag.py:3947} INFO - Setting next_dagrun for tutorial_objectstorage to None, run_after=None
[2026-05-01T00:12:50.226+0000] {processor.py:183} INFO - Processing /home/airflow/.local/lib/python3.12/site-packages/airflow/example_dags/tutorial_objectstorage.py took 0.033 seconds
[2026-05-01T00:13:20.909+0000] {processor.py:161} INFO - Started process (PID=56496) to work on /home/airflow/.local/lib/python3.12/site-packages/airflow/example_dags/tutorial_objectstorage.py
[2026-05-01T00:13:20.909+0000] {processor.py:830} INFO - Processing file /home/airflow/.local/lib/python3.12/site-packages/airflow/example_dags/tutorial_objectstorage.py for tasks to queue
[2026-05-01T00:13:20.911+0000] {logging_mixin.py:188} INFO - [2026-05-01T00:13:20.911+0000] {dagbag.py:545} INFO - Filling up the DagBag from /home/airflow/.local/lib/python3.12/site-packages/airflow/example_dags/tutorial_objectstorage.py
[2026-05-01T00:13:20.914+0000] {processor.py:840} INFO - DAG(s) 'tutorial_objectstorage' retrieved from /home/airflow/.local/lib/python3.12/site-packages/airflow/example_dags/tutorial_objectstorage.py
[2026-05-01T00:13:20.924+0000] {logging_mixin.py:188} INFO - [2026-05-01T00:13:20.924+0000] {dag.py:3089} INFO - Sync 1 DAGs
[2026-05-01T00:13:20.931+0000] {logging_mixin.py:188} INFO - [2026-05-01T00:13:20.931+0000] {dag.py:3947} INFO - Setting next_dagrun for tutorial_objectstorage to None, run_after=None
[2026-05-01T00:13:20.940+0000] {processor.py:183} INFO - Processing /home/airflow/.local/lib/python3.12/site-packages/airflow/example_dags/tutorial_objectstorage.py took 0.034 seconds
[2026-05-01T00:13:51.342+0000] {processor.py:161} INFO - Started process (PID=56556) to work on /home/airflow/.local/lib/python3.12/site-packages/airflow/example_dags/tutorial_objectstorage.py
[2026-05-01T00:13:51.342+0000] {processor.py:830} INFO - Processing file /home/airflow/.local/lib/python3.12/site-packages/airflow/example_dags/tutorial_objectstorage.py for tasks to queue
[2026-05-01T00:13:51.343+0000] {logging_mixin.py:188} INFO - [2026-05-01T00:13:51.343+0000] {dagbag.py:545} INFO - Filling up the DagBag from /home/airflow/.local/lib/python3.12/site-packages/airflow/example_dags/tutorial_objectstorage.py
[2026-05-01T00:13:51.346+0000] {processor.py:840} INFO - DAG(s) 'tutorial_objectstorage' retrieved from /home/airflow/.local/lib/python3.12/site-packages/airflow/example_dags/tutorial_objectstorage.py
[2026-05-01T00:13:51.354+0000] {logging_mixin.py:188} INFO - [2026-05-01T00:13:51.354+0000] {dag.py:3089} INFO - Sync 1 DAGs
[2026-05-01T00:13:51.360+0000] {logging_mixin.py:188} INFO - [2026-05-01T00:13:51.360+0000] {dag.py:3947} INFO - Setting next_dagrun for tutorial_objectstorage to None, run_after=None
[2026-05-01T00:13:51.369+0000] {processor.py:183} INFO - Processing /home/airflow/.local/lib/python3.12/site-packages/airflow/example_dags/tutorial_objectstorage.py took 0.030 seconds
[2026-05-01T00:14:21.994+0000] {processor.py:161} INFO - Started process (PID=56616) to work on /home/airflow/.local/lib/python3.12/site-packages/airflow/example_dags/tutorial_objectstorage.py
[2026-05-01T00:14:21.994+0000] {processor.py:830} INFO - Processing file /home/airflow/.local/lib/python3.12/site-packages/airflow/example_dags/tutorial_objectstorage.py for tasks to queue
[2026-05-01T00:14:21.995+0000] {logging_mixin.py:188} INFO - [2026-05-01T00:14:21.995+0000] {dagbag.py:545} INFO - Filling up the DagBag from /home/airflow/.local/lib/python3.12/site-packages/airflow/example_dags/tutorial_objectstorage.py
[2026-05-01T00:14:21.998+0000] {processor.py:840} INFO - DAG(s) 'tutorial_objectstorage' retrieved from /home/airflow/.local/lib/python3.12/site-packages/airflow/example_dags/tutorial_objectstorage.py
[2026-05-01T00:14:22.004+0000] {logging_mixin.py:188} INFO - [2026-05-01T00:14:22.004+0000] {dag.py:3089} INFO - Sync 1 DAGs
[2026-05-01T00:14:22.008+0000] {logging_mixin.py:188} INFO - [2026-05-01T00:14:22.008+0000] {dag.py:3947} INFO - Setting next_dagrun for tutorial_objectstorage to None, run_after=None
[2026-05-01T00:14:22.013+0000] {processor.py:183} INFO - Processing /home/airflow/.local/lib/python3.12/site-packages/airflow/example_dags/tutorial_objectstorage.py took 0.021 seconds
[2026-05-01T00:14:52.590+0000] {processor.py:161} INFO - Started process (PID=56676) to work on /home/airflow/.local/lib/python3.12/site-packages/airflow/example_dags/tutorial_objectstorage.py
[2026-05-01T00:14:52.590+0000] {processor.py:830} INFO - Processing file /home/airflow/.local/lib/python3.12/site-packages/airflow/example_dags/tutorial_objectstorage.py for tasks to queue
[2026-05-01T00:14:52.591+0000] {logging_mixin.py:188} INFO - [2026-05-01T00:14:52.591+0000] {dagbag.py:545} INFO - Filling up the DagBag from /home/airflow/.local/lib/python3.12/site-packages/airflow/example_dags/tutorial_objectstorage.py
[2026-05-01T00:14:52.594+0000] {processor.py:840} INFO - DAG(s) 'tutorial_objectstorage' retrieved from /home/airflow/.local/lib/python3.12/site-packages/airflow/example_dags/tutorial_objectstorage.py
[2026-05-01T00:14:52.603+0000] {logging_mixin.py:188} INFO - [2026-05-01T00:14:52.603+0000] {dag.py:3089} INFO - Sync 1 DAGs
[2026-05-01T00:14:52.609+0000] {logging_mixin.py:188} INFO - [2026-05-01T00:14:52.609+0000] {dag.py:3947} INFO - Setting next_dagrun for tutorial_objectstorage to None, run_after=None
[2026-05-01T00:14:52.621+0000] {processor.py:183} INFO - Processing /home/airflow/.local/lib/python3.12/site-packages/airflow/example_dags/tutorial_objectstorage.py took 0.034 seconds
[2026-05-01T00:15:23.172+0000] {processor.py:161} INFO - Started process (PID=56736) to work on /home/airflow/.local/lib/python3.12/site-packages/airflow/example_dags/tutorial_objectstorage.py
[2026-05-01T00:15:23.172+0000] {processor.py:830} INFO - Processing file /home/airflow/.local/lib/python3.12/site-packages/airflow/example_dags/tutorial_objectstorage.py for tasks to queue
[2026-05-01T00:15:23.173+0000] {logging_mixin.py:188} INFO - [2026-05-01T00:15:23.173+0000] {dagbag.py:545} INFO - Filling up the DagBag from /home/airflow/.local/lib/python3.12/site-packages/airflow/example_dags/tutorial_objectstorage.py
[2026-05-01T00:15:23.176+0000] {processor.py:840} INFO - DAG(s) 'tutorial_objectstorage' retrieved from /home/airflow/.local/lib/python3.12/site-packages/airflow/example_dags/tutorial_objectstorage.py
[2026-05-01T00:15:23.186+0000] {logging_mixin.py:188} INFO - [2026-05-01T00:15:23.186+0000] {dag.py:3089} INFO - Sync 1 DAGs
[2026-05-01T00:15:23.193+0000] {logging_mixin.py:188} INFO - [2026-05-01T00:15:23.193+0000] {dag.py:3947} INFO - Setting next_dagrun for tutorial_objectstorage to None, run_after=None
[2026-05-01T00:15:23.203+0000] {processor.py:183} INFO - Processing /home/airflow/.local/lib/python3.12/site-packages/airflow/example_dags/tutorial_objectstorage.py took 0.033 seconds
[2026-05-01T00:15:53.799+0000] {processor.py:161} INFO - Started process (PID=56796) to work on /home/airflow/.local/lib/python3.12/site-packages/airflow/example_dags/tutorial_objectstorage.py
[2026-05-01T00:15:53.799+0000] {processor.py:830} INFO - Processing file /home/airflow/.local/lib/python3.12/site-packages/airflow/example_dags/tutorial_objectstorage.py for tasks to queue
[2026-05-01T00:15:53.800+0000] {logging_mixin.py:188} INFO - [2026-05-01T00:15:53.800+0000] {dagbag.py:545} INFO - Filling up the DagBag from /home/airflow/.local/lib/python3.12/site-packages/airflow/example_dags/tutorial_objectstorage.py
[2026-05-01T00:15:53.803+0000] {processor.py:840} INFO - DAG(s) 'tutorial_objectstorage' retrieved from /home/airflow/.local/lib/python3.12/site-packages/airflow/example_dags/tutorial_objectstorage.py
[2026-05-01T00:15:53.812+0000] {logging_mixin.py:188} INFO - [2026-05-01T00:15:53.812+0000] {dag.py:3089} INFO - Sync 1 DAGs
[2026-05-01T00:15:53.816+0000] {logging_mixin.py:188} INFO - [2026-05-01T00:15:53.816+0000] {dag.py:3947} INFO - Setting next_dagrun for tutorial_objectstorage to None, run_after=None
[2026-05-01T00:15:53.828+0000] {processor.py:183} INFO - Processing /home/airflow/.local/lib/python3.12/site-packages/airflow/example_dags/tutorial_objectstorage.py took 0.032 seconds
[2026-05-01T00:16:24.424+0000] {processor.py:161} INFO - Started process (PID=56856) to work on /home/airflow/.local/lib/python3.12/site-packages/airflow/example_dags/tutorial_objectstorage.py
[2026-05-01T00:16:24.425+0000] {processor.py:830} INFO - Processing file /home/airflow/.local/lib/python3.12/site-packages/airflow/example_dags/tutorial_objectstorage.py for tasks to queue
[2026-05-01T00:16:24.426+0000] {logging_mixin.py:188} INFO - [2026-05-01T00:16:24.426+0000] {dagbag.py:545} INFO - Filling up the DagBag from /home/airflow/.local/lib/python3.12/site-packages/airflow/example_dags/tutorial_objectstorage.py
[2026-05-01T00:16:24.431+0000] {processor.py:840} INFO - DAG(s) 'tutorial_objectstorage' retrieved from /home/airflow/.local/lib/python3.12/site-packages/airflow/example_dags/tutorial_objectstorage.py
[2026-05-01T00:16:24.441+0000] {logging_mixin.py:188} INFO - [2026-05-01T00:16:24.441+0000] {dag.py:3089} INFO - Sync 1 DAGs
[2026-05-01T00:16:24.447+0000] {logging_mixin.py:188} INFO - [2026-05-01T00:16:24.447+0000] {dag.py:3947} INFO - Setting next_dagrun for tutorial_objectstorage to None, run_after=None
[2026-05-01T00:16:24.457+0000] {processor.py:183} INFO - Processing /home/airflow/.local/lib/python3.12/site-packages/airflow/example_dags/tutorial_objectstorage.py took 0.037 seconds
[2026-05-01T00:16:55.055+0000] {processor.py:161} INFO - Started process (PID=56916) to work on /home/airflow/.local/lib/python3.12/site-packages/airflow/example_dags/tutorial_objectstorage.py
[2026-05-01T00:16:55.056+0000] {processor.py:830} INFO - Processing file /home/airflow/.local/lib/python3.12/site-packages/airflow/example_dags/tutorial_objectstorage.py for tasks to queue
[2026-05-01T00:16:55.056+0000] {logging_mixin.py:188} INFO - [2026-05-01T00:16:55.056+0000] {dagbag.py:545} INFO - Filling up the DagBag from /home/airflow/.local/lib/python3.12/site-packages/airflow/example_dags/tutorial_objectstorage.py
[2026-05-01T00:16:55.060+0000] {processor.py:840} INFO - DAG(s) 'tutorial_objectstorage' retrieved from /home/airflow/.local/lib/python3.12/site-packages/airflow/example_dags/tutorial_objectstorage.py
[2026-05-01T00:16:55.068+0000] {logging_mixin.py:188} INFO - [2026-05-01T00:16:55.068+0000] {dag.py:3089} INFO - Sync 1 DAGs
[2026-05-01T00:16:55.074+0000] {logging_mixin.py:188} INFO - [2026-05-01T00:16:55.073+0000] {dag.py:3947} INFO - Setting next_dagrun for tutorial_objectstorage to None, run_after=None
[2026-05-01T00:16:55.085+0000] {processor.py:183} INFO - Processing /home/airflow/.local/lib/python3.12/site-packages/airflow/example_dags/tutorial_objectstorage.py took 0.032 seconds
[2026-05-01T00:17:26.003+0000] {processor.py:161} INFO - Started process (PID=56976) to work on /home/airflow/.local/lib/python3.12/site-packages/airflow/example_dags/tutorial_objectstorage.py
[2026-05-01T00:17:26.004+0000] {processor.py:830} INFO - Processing file /home/airflow/.local/lib/python3.12/site-packages/airflow/example_dags/tutorial_objectstorage.py for tasks to queue
[2026-05-01T00:17:26.006+0000] {logging_mixin.py:188} INFO - [2026-05-01T00:17:26.005+0000] {dagbag.py:545} INFO - Filling up the DagBag from /home/airflow/.local/lib/python3.12/site-packages/airflow/example_dags/tutorial_objectstorage.py
[2026-05-01T00:17:26.014+0000] {processor.py:840} INFO - DAG(s) 'tutorial_objectstorage' retrieved from /home/airflow/.local/lib/python3.12/site-packages/airflow/example_dags/tutorial_objectstorage.py
[2026-05-01T00:17:26.035+0000] {logging_mixin.py:188} INFO - [2026-05-01T00:17:26.035+0000] {dag.py:3089} INFO - Sync 1 DAGs
[2026-05-01T00:17:26.041+0000] {logging_mixin.py:188} INFO - [2026-05-01T00:17:26.041+0000] {dag.py:3947} INFO - Setting next_dagrun for tutorial_objectstorage to None, run_after=None
[2026-05-01T00:17:26.052+0000] {processor.py:183} INFO - Processing /home/airflow/.local/lib/python3.12/site-packages/airflow/example_dags/tutorial_objectstorage.py took 0.054 seconds
[2026-05-01T00:17:56.319+0000] {processor.py:161} INFO - Started process (PID=57035) to work on /home/airflow/.local/lib/python3.12/site-packages/airflow/example_dags/tutorial_objectstorage.py
[2026-05-01T00:17:56.321+0000] {processor.py:830} INFO - Processing file /home/airflow/.local/lib/python3.12/site-packages/airflow/example_dags/tutorial_objectstorage.py for tasks to queue
[2026-05-01T00:17:56.322+0000] {logging_mixin.py:188} INFO - [2026-05-01T00:17:56.322+0000] {dagbag.py:545} INFO - Filling up the DagBag from /home/airflow/.local/lib/python3.12/site-packages/airflow/example_dags/tutorial_objectstorage.py
[2026-05-01T00:17:56.327+0000] {processor.py:840} INFO - DAG(s) 'tutorial_objectstorage' retrieved from /home/airflow/.local/lib/python3.12/site-packages/airflow/example_dags/tutorial_objectstorage.py
[2026-05-01T00:17:56.340+0000] {logging_mixin.py:188} INFO - [2026-05-01T00:17:56.340+0000] {dag.py:3089} INFO - Sync 1 DAGs
[2026-05-01T00:17:56.345+0000] {logging_mixin.py:188} INFO - [2026-05-01T00:17:56.345+0000] {dag.py:3947} INFO - Setting next_dagrun for tutorial_objectstorage to None, run_after=None
[2026-05-01T00:17:56.355+0000] {processor.py:183} INFO - Processing /home/airflow/.local/lib/python3.12/site-packages/airflow/example_dags/tutorial_objectstorage.py took 0.039 seconds
[2026-05-01T00:18:27.040+0000] {processor.py:161} INFO - Started process (PID=57095) to work on /home/airflow/.local/lib/python3.12/site-packages/airflow/example_dags/tutorial_objectstorage.py
[2026-05-01T00:18:27.041+0000] {processor.py:830} INFO - Processing file /home/airflow/.local/lib/python3.12/site-packages/airflow/example_dags/tutorial_objectstorage.py for tasks to queue
[2026-05-01T00:18:27.042+0000] {logging_mixin.py:188} INFO - [2026-05-01T00:18:27.042+0000] {dagbag.py:545} INFO - Filling up the DagBag from /home/airflow/.local/lib/python3.12/site-packages/airflow/example_dags/tutorial_objectstorage.py
[2026-05-01T00:18:27.045+0000] {processor.py:840} INFO - DAG(s) 'tutorial_objectstorage' retrieved from /home/airflow/.local/lib/python3.12/site-packages/airflow/example_dags/tutorial_objectstorage.py
[2026-05-01T00:18:27.055+0000] {logging_mixin.py:188} INFO - [2026-05-01T00:18:27.055+0000] {dag.py:3089} INFO - Sync 1 DAGs
[2026-05-01T00:18:27.062+0000] {logging_mixin.py:188} INFO - [2026-05-01T00:18:27.062+0000] {dag.py:3947} INFO - Setting next_dagrun for tutorial_objectstorage to None, run_after=None
[2026-05-01T00:18:27.072+0000] {processor.py:183} INFO - Processing /home/airflow/.local/lib/python3.12/site-packages/airflow/example_dags/tutorial_objectstorage.py took 0.035 seconds
[2026-05-01T00:18:57.662+0000] {processor.py:161} INFO - Started process (PID=57155) to work on /home/airflow/.local/lib/python3.12/site-packages/airflow/example_dags/tutorial_objectstorage.py
[2026-05-01T00:18:57.662+0000] {processor.py:830} INFO - Processing file /home/airflow/.local/lib/python3.12/site-packages/airflow/example_dags/tutorial_objectstorage.py for tasks to queue
[2026-05-01T00:18:57.666+0000] {logging_mixin.py:188} INFO - [2026-05-01T00:18:57.665+0000] {dagbag.py:545} INFO - Filling up the DagBag from /home/airflow/.local/lib/python3.12/site-packages/airflow/example_dags/tutorial_objectstorage.py
[2026-05-01T00:18:57.669+0000] {processor.py:840} INFO - DAG(s) 'tutorial_objectstorage' retrieved from /home/airflow/.local/lib/python3.12/site-packages/airflow/example_dags/tutorial_objectstorage.py
[2026-05-01T00:18:57.678+0000] {logging_mixin.py:188} INFO - [2026-05-01T00:18:57.678+0000] {dag.py:3089} INFO - Sync 1 DAGs
[2026-05-01T00:18:57.682+0000] {logging_mixin.py:188} INFO - [2026-05-01T00:18:57.682+0000] {dag.py:3947} INFO - Setting next_dagrun for tutorial_objectstorage to None, run_after=None
[2026-05-01T00:18:57.691+0000] {processor.py:183} INFO - Processing /home/airflow/.local/lib/python3.12/site-packages/airflow/example_dags/tutorial_objectstorage.py took 0.031 seconds
[2026-05-01T00:19:28.545+0000] {processor.py:161} INFO - Started process (PID=57215) to work on /home/airflow/.local/lib/python3.12/site-packages/airflow/example_dags/tutorial_objectstorage.py
[2026-05-01T00:19:28.545+0000] {processor.py:830} INFO - Processing file /home/airflow/.local/lib/python3.12/site-packages/airflow/example_dags/tutorial_objectstorage.py for tasks to queue
[2026-05-01T00:19:28.549+0000] {logging_mixin.py:188} INFO - [2026-05-01T00:19:28.549+0000] {dagbag.py:545} INFO - Filling up the DagBag from /home/airflow/.local/lib/python3.12/site-packages/airflow/example_dags/tutorial_objectstorage.py
[2026-05-01T00:19:28.556+0000] {processor.py:840} INFO - DAG(s) 'tutorial_objectstorage' retrieved from /home/airflow/.local/lib/python3.12/site-packages/airflow/example_dags/tutorial_objectstorage.py
[2026-05-01T00:19:28.571+0000] {logging_mixin.py:188} INFO - [2026-05-01T00:19:28.571+0000] {dag.py:3089} INFO - Sync 1 DAGs
[2026-05-01T00:19:28.577+0000] {logging_mixin.py:188} INFO - [2026-05-01T00:19:28.577+0000] {dag.py:3947} INFO - Setting next_dagrun for tutorial_objectstorage to None, run_after=None
[2026-05-01T00:19:28.593+0000] {processor.py:183} INFO - Processing /home/airflow/.local/lib/python3.12/site-packages/airflow/example_dags/tutorial_objectstorage.py took 0.053 seconds
[2026-05-01T00:19:58.718+0000] {processor.py:161} INFO - Started process (PID=57275) to work on /home/airflow/.local/lib/python3.12/site-packages/airflow/example_dags/tutorial_objectstorage.py
[2026-05-01T00:19:58.719+0000] {processor.py:830} INFO - Processing file /home/airflow/.local/lib/python3.12/site-packages/airflow/example_dags/tutorial_objectstorage.py for tasks to queue
[2026-05-01T00:19:58.720+0000] {logging_mixin.py:188} INFO - [2026-05-01T00:19:58.720+0000] {dagbag.py:545} INFO - Filling up the DagBag from /home/airflow/.local/lib/python3.12/site-packages/airflow/example_dags/tutorial_objectstorage.py
[2026-05-01T00:19:58.723+0000] {processor.py:840} INFO - DAG(s) 'tutorial_objectstorage' retrieved from /home/airflow/.local/lib/python3.12/site-packages/airflow/example_dags/tutorial_objectstorage.py
[2026-05-01T00:19:58.732+0000] {logging_mixin.py:188} INFO - [2026-05-01T00:19:58.732+0000] {dag.py:3089} INFO - Sync 1 DAGs
[2026-05-01T00:19:58.737+0000] {logging_mixin.py:188} INFO - [2026-05-01T00:19:58.737+0000] {dag.py:3947} INFO - Setting next_dagrun for tutorial_objectstorage to None, run_after=None
[2026-05-01T00:19:58.748+0000] {processor.py:183} INFO - Processing /home/airflow/.local/lib/python3.12/site-packages/airflow/example_dags/tutorial_objectstorage.py took 0.033 seconds
[2026-05-01T00:20:29.586+0000] {processor.py:161} INFO - Started process (PID=57335) to work on /home/airflow/.local/lib/python3.12/site-packages/airflow/example_dags/tutorial_objectstorage.py
[2026-05-01T00:20:29.588+0000] {processor.py:830} INFO - Processing file /home/airflow/.local/lib/python3.12/site-packages/airflow/example_dags/tutorial_objectstorage.py for tasks to queue
[2026-05-01T00:20:29.588+0000] {logging_mixin.py:188} INFO - [2026-05-01T00:20:29.588+0000] {dagbag.py:545} INFO - Filling up the DagBag from /home/airflow/.local/lib/python3.12/site-packages/airflow/example_dags/tutorial_objectstorage.py
[2026-05-01T00:20:29.592+0000] {processor.py:840} INFO - DAG(s) 'tutorial_objectstorage' retrieved from /home/airflow/.local/lib/python3.12/site-packages/airflow/example_dags/tutorial_objectstorage.py
[2026-05-01T00:20:29.604+0000] {logging_mixin.py:188} INFO - [2026-05-01T00:20:29.604+0000] {dag.py:3089} INFO - Sync 1 DAGs
[2026-05-01T00:20:29.610+0000] {logging_mixin.py:188} INFO - [2026-05-01T00:20:29.610+0000] {dag.py:3947} INFO - Setting next_dagrun for tutorial_objectstorage to None, run_after=None
[2026-05-01T00:20:29.619+0000] {processor.py:183} INFO - Processing /home/airflow/.local/lib/python3.12/site-packages/airflow/example_dags/tutorial_objectstorage.py took 0.035 seconds
[2026-05-01T00:20:59.884+0000] {processor.py:161} INFO - Started process (PID=57395) to work on /home/airflow/.local/lib/python3.12/site-packages/airflow/example_dags/tutorial_objectstorage.py
[2026-05-01T00:20:59.885+0000] {processor.py:830} INFO - Processing file /home/airflow/.local/lib/python3.12/site-packages/airflow/example_dags/tutorial_objectstorage.py for tasks to queue
[2026-05-01T00:20:59.886+0000] {logging_mixin.py:188} INFO - [2026-05-01T00:20:59.886+0000] {dagbag.py:545} INFO - Filling up the DagBag from /home/airflow/.local/lib/python3.12/site-packages/airflow/example_dags/tutorial_objectstorage.py
[2026-05-01T00:20:59.890+0000] {processor.py:840} INFO - DAG(s) 'tutorial_objectstorage' retrieved from /home/airflow/.local/lib/python3.12/site-packages/airflow/example_dags/tutorial_objectstorage.py
[2026-05-01T00:20:59.902+0000] {logging_mixin.py:188} INFO - [2026-05-01T00:20:59.902+0000] {dag.py:3089} INFO - Sync 1 DAGs
[2026-05-01T00:20:59.907+0000] {logging_mixin.py:188} INFO - [2026-05-01T00:20:59.907+0000] {dag.py:3947} INFO - Setting next_dagrun for tutorial_objectstorage to None, run_after=None
[2026-05-01T00:20:59.921+0000] {processor.py:183} INFO - Processing /home/airflow/.local/lib/python3.12/site-packages/airflow/example_dags/tutorial_objectstorage.py took 0.041 seconds
[2026-05-01T00:21:30.131+0000] {processor.py:161} INFO - Started process (PID=57455) to work on /home/airflow/.local/lib/python3.12/site-packages/airflow/example_dags/tutorial_objectstorage.py
[2026-05-01T00:21:30.132+0000] {processor.py:830} INFO - Processing file /home/airflow/.local/lib/python3.12/site-packages/airflow/example_dags/tutorial_objectstorage.py for tasks to queue
[2026-05-01T00:21:30.134+0000] {logging_mixin.py:188} INFO - [2026-05-01T00:21:30.134+0000] {dagbag.py:545} INFO - Filling up the DagBag from /home/airflow/.local/lib/python3.12/site-packages/airflow/example_dags/tutorial_objectstorage.py
[2026-05-01T00:21:30.138+0000] {processor.py:840} INFO - DAG(s) 'tutorial_objectstorage' retrieved from /home/airflow/.local/lib/python3.12/site-packages/airflow/example_dags/tutorial_objectstorage.py
[2026-05-01T00:21:30.147+0000] {logging_mixin.py:188} INFO - [2026-05-01T00:21:30.147+0000] {dag.py:3089} INFO - Sync 1 DAGs
[2026-05-01T00:21:30.152+0000] {logging_mixin.py:188} INFO - [2026-05-01T00:21:30.152+0000] {dag.py:3947} INFO - Setting next_dagrun for tutorial_objectstorage to None, run_after=None
[2026-05-01T00:21:30.159+0000] {processor.py:183} INFO - Processing /home/airflow/.local/lib/python3.12/site-packages/airflow/example_dags/tutorial_objectstorage.py took 0.031 seconds
[2026-05-01T00:22:00.265+0000] {processor.py:161} INFO - Started process (PID=57515) to work on /home/airflow/.local/lib/python3.12/site-packages/airflow/example_dags/tutorial_objectstorage.py
[2026-05-01T00:22:00.265+0000] {processor.py:830} INFO - Processing file /home/airflow/.local/lib/python3.12/site-packages/airflow/example_dags/tutorial_objectstorage.py for tasks to queue
[2026-05-01T00:22:00.266+0000] {logging_mixin.py:188} INFO - [2026-05-01T00:22:00.266+0000] {dagbag.py:545} INFO - Filling up the DagBag from /home/airflow/.local/lib/python3.12/site-packages/airflow/example_dags/tutorial_objectstorage.py
[2026-05-01T00:22:00.269+0000] {processor.py:840} INFO - DAG(s) 'tutorial_objectstorage' retrieved from /home/airflow/.local/lib/python3.12/site-packages/airflow/example_dags/tutorial_objectstorage.py
[2026-05-01T00:22:00.277+0000] {logging_mixin.py:188} INFO - [2026-05-01T00:22:00.276+0000] {dag.py:3089} INFO - Sync 1 DAGs
[2026-05-01T00:22:00.280+0000] {logging_mixin.py:188} INFO - [2026-05-01T00:22:00.280+0000] {dag.py:3947} INFO - Setting next_dagrun for tutorial_objectstorage to None, run_after=None
[2026-05-01T00:22:00.286+0000] {processor.py:183} INFO - Processing /home/airflow/.local/lib/python3.12/site-packages/airflow/example_dags/tutorial_objectstorage.py took 0.024 seconds
[2026-05-01T00:22:31.071+0000] {processor.py:161} INFO - Started process (PID=57573) to work on /home/airflow/.local/lib/python3.12/site-packages/airflow/example_dags/tutorial_objectstorage.py
[2026-05-01T00:22:31.072+0000] {processor.py:830} INFO - Processing file /home/airflow/.local/lib/python3.12/site-packages/airflow/example_dags/tutorial_objectstorage.py for tasks to queue
[2026-05-01T00:22:31.074+0000] {logging_mixin.py:188} INFO - [2026-05-01T00:22:31.074+0000] {dagbag.py:545} INFO - Filling up the DagBag from /home/airflow/.local/lib/python3.12/site-packages/airflow/example_dags/tutorial_objectstorage.py
[2026-05-01T00:22:31.077+0000] {processor.py:840} INFO - DAG(s) 'tutorial_objectstorage' retrieved from /home/airflow/.local/lib/python3.12/site-packages/airflow/example_dags/tutorial_objectstorage.py
[2026-05-01T00:22:31.088+0000] {logging_mixin.py:188} INFO - [2026-05-01T00:22:31.088+0000] {dag.py:3089} INFO - Sync 1 DAGs
[2026-05-01T00:22:31.093+0000] {logging_mixin.py:188} INFO - [2026-05-01T00:22:31.093+0000] {dag.py:3947} INFO - Setting next_dagrun for tutorial_objectstorage to None, run_after=None
[2026-05-01T00:22:31.104+0000] {processor.py:183} INFO - Processing /home/airflow/.local/lib/python3.12/site-packages/airflow/example_dags/tutorial_objectstorage.py took 0.035 seconds
[2026-05-01T00:23:01.940+0000] {processor.py:161} INFO - Started process (PID=57633) to work on /home/airflow/.local/lib/python3.12/site-packages/airflow/example_dags/tutorial_objectstorage.py
[2026-05-01T00:23:01.940+0000] {processor.py:830} INFO - Processing file /home/airflow/.local/lib/python3.12/site-packages/airflow/example_dags/tutorial_objectstorage.py for tasks to queue
[2026-05-01T00:23:01.942+0000] {logging_mixin.py:188} INFO - [2026-05-01T00:23:01.942+0000] {dagbag.py:545} INFO - Filling up the DagBag from /home/airflow/.local/lib/python3.12/site-packages/airflow/example_dags/tutorial_objectstorage.py
[2026-05-01T00:23:01.948+0000] {processor.py:840} INFO - DAG(s) 'tutorial_objectstorage' retrieved from /home/airflow/.local/lib/python3.12/site-packages/airflow/example_dags/tutorial_objectstorage.py
[2026-05-01T00:23:01.960+0000] {logging_mixin.py:188} INFO - [2026-05-01T00:23:01.959+0000] {dag.py:3089} INFO - Sync 1 DAGs
[2026-05-01T00:23:01.966+0000] {logging_mixin.py:188} INFO - [2026-05-01T00:23:01.966+0000] {dag.py:3947} INFO - Setting next_dagrun for tutorial_objectstorage to None, run_after=None
[2026-05-01T00:23:01.974+0000] {processor.py:183} INFO - Processing /home/airflow/.local/lib/python3.12/site-packages/airflow/example_dags/tutorial_objectstorage.py took 0.038 seconds
[2026-05-01T00:23:32.417+0000] {processor.py:161} INFO - Started process (PID=57693) to work on /home/airflow/.local/lib/python3.12/site-packages/airflow/example_dags/tutorial_objectstorage.py
[2026-05-01T00:23:32.418+0000] {processor.py:830} INFO - Processing file /home/airflow/.local/lib/python3.12/site-packages/airflow/example_dags/tutorial_objectstorage.py for tasks to queue
[2026-05-01T00:23:32.419+0000] {logging_mixin.py:188} INFO - [2026-05-01T00:23:32.419+0000] {dagbag.py:545} INFO - Filling up the DagBag from /home/airflow/.local/lib/python3.12/site-packages/airflow/example_dags/tutorial_objectstorage.py
[2026-05-01T00:23:32.422+0000] {processor.py:840} INFO - DAG(s) 'tutorial_objectstorage' retrieved from /home/airflow/.local/lib/python3.12/site-packages/airflow/example_dags/tutorial_objectstorage.py
[2026-05-01T00:23:32.434+0000] {logging_mixin.py:188} INFO - [2026-05-01T00:23:32.434+0000] {dag.py:3089} INFO - Sync 1 DAGs
[2026-05-01T00:23:32.440+0000] {logging_mixin.py:188} INFO - [2026-05-01T00:23:32.440+0000] {dag.py:3947} INFO - Setting next_dagrun for tutorial_objectstorage to None, run_after=None
[2026-05-01T00:23:32.452+0000] {processor.py:183} INFO - Processing /home/airflow/.local/lib/python3.12/site-packages/airflow/example_dags/tutorial_objectstorage.py took 0.037 seconds
[2026-05-01T00:24:03.199+0000] {processor.py:161} INFO - Started process (PID=57753) to work on /home/airflow/.local/lib/python3.12/site-packages/airflow/example_dags/tutorial_objectstorage.py
[2026-05-01T00:24:03.200+0000] {processor.py:830} INFO - Processing file /home/airflow/.local/lib/python3.12/site-packages/airflow/example_dags/tutorial_objectstorage.py for tasks to queue
[2026-05-01T00:24:03.202+0000] {logging_mixin.py:188} INFO - [2026-05-01T00:24:03.202+0000] {dagbag.py:545} INFO - Filling up the DagBag from /home/airflow/.local/lib/python3.12/site-packages/airflow/example_dags/tutorial_objectstorage.py
[2026-05-01T00:24:03.206+0000] {processor.py:840} INFO - DAG(s) 'tutorial_objectstorage' retrieved from /home/airflow/.local/lib/python3.12/site-packages/airflow/example_dags/tutorial_objectstorage.py
[2026-05-01T00:24:03.216+0000] {logging_mixin.py:188} INFO - [2026-05-01T00:24:03.216+0000] {dag.py:3089} INFO - Sync 1 DAGs
[2026-05-01T00:24:03.221+0000] {logging_mixin.py:188} INFO - [2026-05-01T00:24:03.221+0000] {dag.py:3947} INFO - Setting next_dagrun for tutorial_objectstorage to None, run_after=None
[2026-05-01T00:24:03.229+0000] {processor.py:183} INFO - Processing /home/airflow/.local/lib/python3.12/site-packages/airflow/example_dags/tutorial_objectstorage.py took 0.032 seconds
[2026-05-01T00:24:33.861+0000] {processor.py:161} INFO - Started process (PID=57813) to work on /home/airflow/.local/lib/python3.12/site-packages/airflow/example_dags/tutorial_objectstorage.py
[2026-05-01T00:24:33.862+0000] {processor.py:830} INFO - Processing file /home/airflow/.local/lib/python3.12/site-packages/airflow/example_dags/tutorial_objectstorage.py for tasks to queue
[2026-05-01T00:24:33.863+0000] {logging_mixin.py:188} INFO - [2026-05-01T00:24:33.863+0000] {dagbag.py:545} INFO - Filling up the DagBag from /home/airflow/.local/lib/python3.12/site-packages/airflow/example_dags/tutorial_objectstorage.py
[2026-05-01T00:24:33.867+0000] {processor.py:840} INFO - DAG(s) 'tutorial_objectstorage' retrieved from /home/airflow/.local/lib/python3.12/site-packages/airflow/example_dags/tutorial_objectstorage.py
[2026-05-01T00:24:33.876+0000] {logging_mixin.py:188} INFO - [2026-05-01T00:24:33.876+0000] {dag.py:3089} INFO - Sync 1 DAGs
[2026-05-01T00:24:33.881+0000] {logging_mixin.py:188} INFO - [2026-05-01T00:24:33.881+0000] {dag.py:3947} INFO - Setting next_dagrun for tutorial_objectstorage to None, run_after=None
[2026-05-01T00:24:33.893+0000] {processor.py:183} INFO - Processing /home/airflow/.local/lib/python3.12/site-packages/airflow/example_dags/tutorial_objectstorage.py took 0.034 seconds
[2026-05-01T00:25:04.680+0000] {processor.py:161} INFO - Started process (PID=57873) to work on /home/airflow/.local/lib/python3.12/site-packages/airflow/example_dags/tutorial_objectstorage.py
[2026-05-01T00:25:04.681+0000] {processor.py:830} INFO - Processing file /home/airflow/.local/lib/python3.12/site-packages/airflow/example_dags/tutorial_objectstorage.py for tasks to queue
[2026-05-01T00:25:04.681+0000] {logging_mixin.py:188} INFO - [2026-05-01T00:25:04.681+0000] {dagbag.py:545} INFO - Filling up the DagBag from /home/airflow/.local/lib/python3.12/site-packages/airflow/example_dags/tutorial_objectstorage.py
[2026-05-01T00:25:04.684+0000] {processor.py:840} INFO - DAG(s) 'tutorial_objectstorage' retrieved from /home/airflow/.local/lib/python3.12/site-packages/airflow/example_dags/tutorial_objectstorage.py
[2026-05-01T00:25:04.692+0000] {logging_mixin.py:188} INFO - [2026-05-01T00:25:04.692+0000] {dag.py:3089} INFO - Sync 1 DAGs
[2026-05-01T00:25:04.696+0000] {logging_mixin.py:188} INFO - [2026-05-01T00:25:04.696+0000] {dag.py:3947} INFO - Setting next_dagrun for tutorial_objectstorage to None, run_after=None
[2026-05-01T00:25:04.702+0000] {processor.py:183} INFO - Processing /home/airflow/.local/lib/python3.12/site-packages/airflow/example_dags/tutorial_objectstorage.py took 0.024 seconds
[2026-05-01T00:25:35.430+0000] {processor.py:161} INFO - Started process (PID=57933) to work on /home/airflow/.local/lib/python3.12/site-packages/airflow/example_dags/tutorial_objectstorage.py
[2026-05-01T00:25:35.431+0000] {processor.py:830} INFO - Processing file /home/airflow/.local/lib/python3.12/site-packages/airflow/example_dags/tutorial_objectstorage.py for tasks to queue
[2026-05-01T00:25:35.432+0000] {logging_mixin.py:188} INFO - [2026-05-01T00:25:35.432+0000] {dagbag.py:545} INFO - Filling up the DagBag from /home/airflow/.local/lib/python3.12/site-packages/airflow/example_dags/tutorial_objectstorage.py
[2026-05-01T00:25:35.435+0000] {processor.py:840} INFO - DAG(s) 'tutorial_objectstorage' retrieved from /home/airflow/.local/lib/python3.12/site-packages/airflow/example_dags/tutorial_objectstorage.py
[2026-05-01T00:25:35.447+0000] {logging_mixin.py:188} INFO - [2026-05-01T00:25:35.447+0000] {dag.py:3089} INFO - Sync 1 DAGs
[2026-05-01T00:25:35.452+0000] {logging_mixin.py:188} INFO - [2026-05-01T00:25:35.452+0000] {dag.py:3947} INFO - Setting next_dagrun for tutorial_objectstorage to None, run_after=None
[2026-05-01T00:25:35.461+0000] {processor.py:183} INFO - Processing /home/airflow/.local/lib/python3.12/site-packages/airflow/example_dags/tutorial_objectstorage.py took 0.034 seconds
[2026-05-01T00:26:06.339+0000] {processor.py:161} INFO - Started process (PID=57993) to work on /home/airflow/.local/lib/python3.12/site-packages/airflow/example_dags/tutorial_objectstorage.py
[2026-05-01T00:26:06.340+0000] {processor.py:830} INFO - Processing file /home/airflow/.local/lib/python3.12/site-packages/airflow/example_dags/tutorial_objectstorage.py for tasks to queue
[2026-05-01T00:26:06.340+0000] {logging_mixin.py:188} INFO - [2026-05-01T00:26:06.340+0000] {dagbag.py:545} INFO - Filling up the DagBag from /home/airflow/.local/lib/python3.12/site-packages/airflow/example_dags/tutorial_objectstorage.py
[2026-05-01T00:26:06.343+0000] {processor.py:840} INFO - DAG(s) 'tutorial_objectstorage' retrieved from /home/airflow/.local/lib/python3.12/site-packages/airflow/example_dags/tutorial_objectstorage.py
[2026-05-01T00:26:06.350+0000] {logging_mixin.py:188} INFO - [2026-05-01T00:26:06.350+0000] {dag.py:3089} INFO - Sync 1 DAGs
[2026-05-01T00:26:06.354+0000] {logging_mixin.py:188} INFO - [2026-05-01T00:26:06.354+0000] {dag.py:3947} INFO - Setting next_dagrun for tutorial_objectstorage to None, run_after=None
[2026-05-01T00:26:06.361+0000] {processor.py:183} INFO - Processing /home/airflow/.local/lib/python3.12/site-packages/airflow/example_dags/tutorial_objectstorage.py took 0.024 seconds
[2026-05-01T00:26:37.182+0000] {processor.py:161} INFO - Started process (PID=58053) to work on /home/airflow/.local/lib/python3.12/site-packages/airflow/example_dags/tutorial_objectstorage.py
[2026-05-01T00:26:37.183+0000] {processor.py:830} INFO - Processing file /home/airflow/.local/lib/python3.12/site-packages/airflow/example_dags/tutorial_objectstorage.py for tasks to queue
[2026-05-01T00:26:37.184+0000] {logging_mixin.py:188} INFO - [2026-05-01T00:26:37.184+0000] {dagbag.py:545} INFO - Filling up the DagBag from /home/airflow/.local/lib/python3.12/site-packages/airflow/example_dags/tutorial_objectstorage.py
[2026-05-01T00:26:37.187+0000] {processor.py:840} INFO - DAG(s) 'tutorial_objectstorage' retrieved from /home/airflow/.local/lib/python3.12/site-packages/airflow/example_dags/tutorial_objectstorage.py
[2026-05-01T00:26:37.197+0000] {logging_mixin.py:188} INFO - [2026-05-01T00:26:37.197+0000] {dag.py:3089} INFO - Sync 1 DAGs
[2026-05-01T00:26:37.202+0000] {logging_mixin.py:188} INFO - [2026-05-01T00:26:37.202+0000] {dag.py:3947} INFO - Setting next_dagrun for tutorial_objectstorage to None, run_after=None
[2026-05-01T00:26:37.215+0000] {processor.py:183} INFO - Processing /home/airflow/.local/lib/python3.12/site-packages/airflow/example_dags/tutorial_objectstorage.py took 0.035 seconds
[2026-05-01T00:27:07.979+0000] {processor.py:161} INFO - Started process (PID=58113) to work on /home/airflow/.local/lib/python3.12/site-packages/airflow/example_dags/tutorial_objectstorage.py
[2026-05-01T00:27:07.979+0000] {processor.py:830} INFO - Processing file /home/airflow/.local/lib/python3.12/site-packages/airflow/example_dags/tutorial_objectstorage.py for tasks to queue
[2026-05-01T00:27:07.981+0000] {logging_mixin.py:188} INFO - [2026-05-01T00:27:07.981+0000] {dagbag.py:545} INFO - Filling up the DagBag from /home/airflow/.local/lib/python3.12/site-packages/airflow/example_dags/tutorial_objectstorage.py
[2026-05-01T00:27:07.984+0000] {processor.py:840} INFO - DAG(s) 'tutorial_objectstorage' retrieved from /home/airflow/.local/lib/python3.12/site-packages/airflow/example_dags/tutorial_objectstorage.py
[2026-05-01T00:27:07.998+0000] {logging_mixin.py:188} INFO - [2026-05-01T00:27:07.997+0000] {dag.py:3089} INFO - Sync 1 DAGs
[2026-05-01T00:27:08.002+0000] {logging_mixin.py:188} INFO - [2026-05-01T00:27:08.002+0000] {dag.py:3947} INFO - Setting next_dagrun for tutorial_objectstorage to None, run_after=None
[2026-05-01T00:27:08.010+0000] {processor.py:183} INFO - Processing /home/airflow/.local/lib/python3.12/site-packages/airflow/example_dags/tutorial_objectstorage.py took 0.034 seconds
[2026-05-01T00:27:38.756+0000] {processor.py:161} INFO - Started process (PID=58173) to work on /home/airflow/.local/lib/python3.12/site-packages/airflow/example_dags/tutorial_objectstorage.py
[2026-05-01T00:27:38.757+0000] {processor.py:830} INFO - Processing file /home/airflow/.local/lib/python3.12/site-packages/airflow/example_dags/tutorial_objectstorage.py for tasks to queue
[2026-05-01T00:27:38.757+0000] {logging_mixin.py:188} INFO - [2026-05-01T00:27:38.757+0000] {dagbag.py:545} INFO - Filling up the DagBag from /home/airflow/.local/lib/python3.12/site-packages/airflow/example_dags/tutorial_objectstorage.py
[2026-05-01T00:27:38.760+0000] {processor.py:840} INFO - DAG(s) 'tutorial_objectstorage' retrieved from /home/airflow/.local/lib/python3.12/site-packages/airflow/example_dags/tutorial_objectstorage.py
[2026-05-01T00:27:38.767+0000] {logging_mixin.py:188} INFO - [2026-05-01T00:27:38.767+0000] {dag.py:3089} INFO - Sync 1 DAGs
[2026-05-01T00:27:38.771+0000] {logging_mixin.py:188} INFO - [2026-05-01T00:27:38.771+0000] {dag.py:3947} INFO - Setting next_dagrun for tutorial_objectstorage to None, run_after=None
[2026-05-01T00:27:38.776+0000] {processor.py:183} INFO - Processing /home/airflow/.local/lib/python3.12/site-packages/airflow/example_dags/tutorial_objectstorage.py took 0.022 seconds
[2026-05-01T00:28:09.534+0000] {processor.py:161} INFO - Started process (PID=58238) to work on /home/airflow/.local/lib/python3.12/site-packages/airflow/example_dags/tutorial_objectstorage.py
[2026-05-01T00:28:09.535+0000] {processor.py:830} INFO - Processing file /home/airflow/.local/lib/python3.12/site-packages/airflow/example_dags/tutorial_objectstorage.py for tasks to queue
[2026-05-01T00:28:09.536+0000] {logging_mixin.py:188} INFO - [2026-05-01T00:28:09.536+0000] {dagbag.py:545} INFO - Filling up the DagBag from /home/airflow/.local/lib/python3.12/site-packages/airflow/example_dags/tutorial_objectstorage.py
[2026-05-01T00:28:09.539+0000] {processor.py:840} INFO - DAG(s) 'tutorial_objectstorage' retrieved from /home/airflow/.local/lib/python3.12/site-packages/airflow/example_dags/tutorial_objectstorage.py
[2026-05-01T00:28:09.549+0000] {logging_mixin.py:188} INFO - [2026-05-01T00:28:09.549+0000] {dag.py:3089} INFO - Sync 1 DAGs
[2026-05-01T00:28:09.554+0000] {logging_mixin.py:188} INFO - [2026-05-01T00:28:09.554+0000] {dag.py:3947} INFO - Setting next_dagrun for tutorial_objectstorage to None, run_after=None
[2026-05-01T00:28:09.564+0000] {processor.py:183} INFO - Processing /home/airflow/.local/lib/python3.12/site-packages/airflow/example_dags/tutorial_objectstorage.py took 0.032 seconds
[2026-05-01T00:28:40.329+0000] {processor.py:161} INFO - Started process (PID=58298) to work on /home/airflow/.local/lib/python3.12/site-packages/airflow/example_dags/tutorial_objectstorage.py
[2026-05-01T00:28:40.330+0000] {processor.py:830} INFO - Processing file /home/airflow/.local/lib/python3.12/site-packages/airflow/example_dags/tutorial_objectstorage.py for tasks to queue
[2026-05-01T00:28:40.331+0000] {logging_mixin.py:188} INFO - [2026-05-01T00:28:40.330+0000] {dagbag.py:545} INFO - Filling up the DagBag from /home/airflow/.local/lib/python3.12/site-packages/airflow/example_dags/tutorial_objectstorage.py
[2026-05-01T00:28:40.334+0000] {processor.py:840} INFO - DAG(s) 'tutorial_objectstorage' retrieved from /home/airflow/.local/lib/python3.12/site-packages/airflow/example_dags/tutorial_objectstorage.py
[2026-05-01T00:28:40.341+0000] {logging_mixin.py:188} INFO - [2026-05-01T00:28:40.341+0000] {dag.py:3089} INFO - Sync 1 DAGs
[2026-05-01T00:28:40.346+0000] {logging_mixin.py:188} INFO - [2026-05-01T00:28:40.346+0000] {dag.py:3947} INFO - Setting next_dagrun for tutorial_objectstorage to None, run_after=None
[2026-05-01T00:28:40.352+0000] {processor.py:183} INFO - Processing /home/airflow/.local/lib/python3.12/site-packages/airflow/example_dags/tutorial_objectstorage.py took 0.025 seconds
[2026-05-01T00:29:11.075+0000] {processor.py:161} INFO - Started process (PID=58358) to work on /home/airflow/.local/lib/python3.12/site-packages/airflow/example_dags/tutorial_objectstorage.py
[2026-05-01T00:29:11.075+0000] {processor.py:830} INFO - Processing file /home/airflow/.local/lib/python3.12/site-packages/airflow/example_dags/tutorial_objectstorage.py for tasks to queue
[2026-05-01T00:29:11.076+0000] {logging_mixin.py:188} INFO - [2026-05-01T00:29:11.076+0000] {dagbag.py:545} INFO - Filling up the DagBag from /home/airflow/.local/lib/python3.12/site-packages/airflow/example_dags/tutorial_objectstorage.py
[2026-05-01T00:29:11.079+0000] {processor.py:840} INFO - DAG(s) 'tutorial_objectstorage' retrieved from /home/airflow/.local/lib/python3.12/site-packages/airflow/example_dags/tutorial_objectstorage.py
[2026-05-01T00:29:11.088+0000] {logging_mixin.py:188} INFO - [2026-05-01T00:29:11.088+0000] {dag.py:3089} INFO - Sync 1 DAGs
[2026-05-01T00:29:11.093+0000] {logging_mixin.py:188} INFO - [2026-05-01T00:29:11.093+0000] {dag.py:3947} INFO - Setting next_dagrun for tutorial_objectstorage to None, run_after=None
[2026-05-01T00:29:11.098+0000] {processor.py:183} INFO - Processing /home/airflow/.local/lib/python3.12/site-packages/airflow/example_dags/tutorial_objectstorage.py took 0.026 seconds
[2026-05-01T00:29:41.232+0000] {processor.py:161} INFO - Started process (PID=58418) to work on /home/airflow/.local/lib/python3.12/site-packages/airflow/example_dags/tutorial_objectstorage.py
[2026-05-01T00:29:41.232+0000] {processor.py:830} INFO - Processing file /home/airflow/.local/lib/python3.12/site-packages/airflow/example_dags/tutorial_objectstorage.py for tasks to queue
[2026-05-01T00:29:41.233+0000] {logging_mixin.py:188} INFO - [2026-05-01T00:29:41.233+0000] {dagbag.py:545} INFO - Filling up the DagBag from /home/airflow/.local/lib/python3.12/site-packages/airflow/example_dags/tutorial_objectstorage.py
[2026-05-01T00:29:41.236+0000] {processor.py:840} INFO - DAG(s) 'tutorial_objectstorage' retrieved from /home/airflow/.local/lib/python3.12/site-packages/airflow/example_dags/tutorial_objectstorage.py
[2026-05-01T00:29:41.247+0000] {logging_mixin.py:188} INFO - [2026-05-01T00:29:41.247+0000] {dag.py:3089} INFO - Sync 1 DAGs
[2026-05-01T00:29:41.254+0000] {logging_mixin.py:188} INFO - [2026-05-01T00:29:41.254+0000] {dag.py:3947} INFO - Setting next_dagrun for tutorial_objectstorage to None, run_after=None
[2026-05-01T00:29:41.262+0000] {processor.py:183} INFO - Processing /home/airflow/.local/lib/python3.12/site-packages/airflow/example_dags/tutorial_objectstorage.py took 0.033 seconds
[2026-05-01T00:30:12.173+0000] {processor.py:161} INFO - Started process (PID=58478) to work on /home/airflow/.local/lib/python3.12/site-packages/airflow/example_dags/tutorial_objectstorage.py
[2026-05-01T00:30:12.173+0000] {processor.py:830} INFO - Processing file /home/airflow/.local/lib/python3.12/site-packages/airflow/example_dags/tutorial_objectstorage.py for tasks to queue
[2026-05-01T00:30:12.174+0000] {logging_mixin.py:188} INFO - [2026-05-01T00:30:12.174+0000] {dagbag.py:545} INFO - Filling up the DagBag from /home/airflow/.local/lib/python3.12/site-packages/airflow/example_dags/tutorial_objectstorage.py
[2026-05-01T00:30:12.177+0000] {processor.py:840} INFO - DAG(s) 'tutorial_objectstorage' retrieved from /home/airflow/.local/lib/python3.12/site-packages/airflow/example_dags/tutorial_objectstorage.py
[2026-05-01T00:30:12.189+0000] {logging_mixin.py:188} INFO - [2026-05-01T00:30:12.189+0000] {dag.py:3089} INFO - Sync 1 DAGs
[2026-05-01T00:30:12.195+0000] {logging_mixin.py:188} INFO - [2026-05-01T00:30:12.195+0000] {dag.py:3947} INFO - Setting next_dagrun for tutorial_objectstorage to None, run_after=None
[2026-05-01T00:30:12.203+0000] {processor.py:183} INFO - Processing /home/airflow/.local/lib/python3.12/site-packages/airflow/example_dags/tutorial_objectstorage.py took 0.034 seconds
