[2026-05-02T00:07:39.082+0000] {processor.py:161} INFO - Started process (PID=10875) to work on /home/airflow/.local/lib/python3.12/site-packages/airflow/example_dags/example_short_circuit_decorator.py
[2026-05-02T00:07:39.083+0000] {processor.py:830} INFO - Processing file /home/airflow/.local/lib/python3.12/site-packages/airflow/example_dags/example_short_circuit_decorator.py for tasks to queue
[2026-05-02T00:07:39.084+0000] {logging_mixin.py:188} INFO - [2026-05-02T00:07:39.084+0000] {dagbag.py:545} INFO - Filling up the DagBag from /home/airflow/.local/lib/python3.12/site-packages/airflow/example_dags/example_short_circuit_decorator.py
[2026-05-02T00:07:39.089+0000] {processor.py:840} INFO - DAG(s) 'example_short_circuit_decorator' retrieved from /home/airflow/.local/lib/python3.12/site-packages/airflow/example_dags/example_short_circuit_decorator.py
[2026-05-02T00:07:39.100+0000] {logging_mixin.py:188} INFO - [2026-05-02T00:07:39.100+0000] {dag.py:3089} INFO - Sync 1 DAGs
[2026-05-02T00:07:39.108+0000] {logging_mixin.py:188} INFO - [2026-05-02T00:07:39.108+0000] {dag.py:3947} INFO - Setting next_dagrun for example_short_circuit_decorator to 2026-05-01 00:00:00+00:00, run_after=2026-05-02 00:00:00+00:00
[2026-05-02T00:07:39.117+0000] {processor.py:183} INFO - Processing /home/airflow/.local/lib/python3.12/site-packages/airflow/example_dags/example_short_circuit_decorator.py took 0.037 seconds
[2026-05-02T00:08:09.902+0000] {processor.py:161} INFO - Started process (PID=10935) to work on /home/airflow/.local/lib/python3.12/site-packages/airflow/example_dags/example_short_circuit_decorator.py
[2026-05-02T00:08:09.902+0000] {processor.py:830} INFO - Processing file /home/airflow/.local/lib/python3.12/site-packages/airflow/example_dags/example_short_circuit_decorator.py for tasks to queue
[2026-05-02T00:08:09.906+0000] {logging_mixin.py:188} INFO - [2026-05-02T00:08:09.906+0000] {dagbag.py:545} INFO - Filling up the DagBag from /home/airflow/.local/lib/python3.12/site-packages/airflow/example_dags/example_short_circuit_decorator.py
[2026-05-02T00:08:09.910+0000] {processor.py:840} INFO - DAG(s) 'example_short_circuit_decorator' retrieved from /home/airflow/.local/lib/python3.12/site-packages/airflow/example_dags/example_short_circuit_decorator.py
[2026-05-02T00:08:09.921+0000] {logging_mixin.py:188} INFO - [2026-05-02T00:08:09.921+0000] {dag.py:3089} INFO - Sync 1 DAGs
[2026-05-02T00:08:09.930+0000] {logging_mixin.py:188} INFO - [2026-05-02T00:08:09.930+0000] {dag.py:3947} INFO - Setting next_dagrun for example_short_circuit_decorator to 2026-05-01 00:00:00+00:00, run_after=2026-05-02 00:00:00+00:00
[2026-05-02T00:08:09.938+0000] {processor.py:183} INFO - Processing /home/airflow/.local/lib/python3.12/site-packages/airflow/example_dags/example_short_circuit_decorator.py took 0.038 seconds
[2026-05-02T00:08:40.544+0000] {processor.py:161} INFO - Started process (PID=10995) to work on /home/airflow/.local/lib/python3.12/site-packages/airflow/example_dags/example_short_circuit_decorator.py
[2026-05-02T00:08:40.545+0000] {processor.py:830} INFO - Processing file /home/airflow/.local/lib/python3.12/site-packages/airflow/example_dags/example_short_circuit_decorator.py for tasks to queue
[2026-05-02T00:08:40.546+0000] {logging_mixin.py:188} INFO - [2026-05-02T00:08:40.546+0000] {dagbag.py:545} INFO - Filling up the DagBag from /home/airflow/.local/lib/python3.12/site-packages/airflow/example_dags/example_short_circuit_decorator.py
[2026-05-02T00:08:40.549+0000] {processor.py:840} INFO - DAG(s) 'example_short_circuit_decorator' retrieved from /home/airflow/.local/lib/python3.12/site-packages/airflow/example_dags/example_short_circuit_decorator.py
[2026-05-02T00:08:40.558+0000] {logging_mixin.py:188} INFO - [2026-05-02T00:08:40.558+0000] {dag.py:3089} INFO - Sync 1 DAGs
[2026-05-02T00:08:40.568+0000] {logging_mixin.py:188} INFO - [2026-05-02T00:08:40.568+0000] {dag.py:3947} INFO - Setting next_dagrun for example_short_circuit_decorator to 2026-05-01 00:00:00+00:00, run_after=2026-05-02 00:00:00+00:00
[2026-05-02T00:08:40.576+0000] {processor.py:183} INFO - Processing /home/airflow/.local/lib/python3.12/site-packages/airflow/example_dags/example_short_circuit_decorator.py took 0.035 seconds
[2026-05-02T00:09:11.227+0000] {processor.py:161} INFO - Started process (PID=11055) to work on /home/airflow/.local/lib/python3.12/site-packages/airflow/example_dags/example_short_circuit_decorator.py
[2026-05-02T00:09:11.227+0000] {processor.py:830} INFO - Processing file /home/airflow/.local/lib/python3.12/site-packages/airflow/example_dags/example_short_circuit_decorator.py for tasks to queue
[2026-05-02T00:09:11.228+0000] {logging_mixin.py:188} INFO - [2026-05-02T00:09:11.228+0000] {dagbag.py:545} INFO - Filling up the DagBag from /home/airflow/.local/lib/python3.12/site-packages/airflow/example_dags/example_short_circuit_decorator.py
[2026-05-02T00:09:11.232+0000] {processor.py:840} INFO - DAG(s) 'example_short_circuit_decorator' retrieved from /home/airflow/.local/lib/python3.12/site-packages/airflow/example_dags/example_short_circuit_decorator.py
[2026-05-02T00:09:11.247+0000] {logging_mixin.py:188} INFO - [2026-05-02T00:09:11.247+0000] {dag.py:3089} INFO - Sync 1 DAGs
[2026-05-02T00:09:11.256+0000] {logging_mixin.py:188} INFO - [2026-05-02T00:09:11.256+0000] {dag.py:3947} INFO - Setting next_dagrun for example_short_circuit_decorator to 2026-05-01 00:00:00+00:00, run_after=2026-05-02 00:00:00+00:00
[2026-05-02T00:09:11.263+0000] {processor.py:183} INFO - Processing /home/airflow/.local/lib/python3.12/site-packages/airflow/example_dags/example_short_circuit_decorator.py took 0.039 seconds
[2026-05-02T00:09:42.165+0000] {processor.py:161} INFO - Started process (PID=11115) to work on /home/airflow/.local/lib/python3.12/site-packages/airflow/example_dags/example_short_circuit_decorator.py
[2026-05-02T00:09:42.166+0000] {processor.py:830} INFO - Processing file /home/airflow/.local/lib/python3.12/site-packages/airflow/example_dags/example_short_circuit_decorator.py for tasks to queue
[2026-05-02T00:09:42.168+0000] {logging_mixin.py:188} INFO - [2026-05-02T00:09:42.168+0000] {dagbag.py:545} INFO - Filling up the DagBag from /home/airflow/.local/lib/python3.12/site-packages/airflow/example_dags/example_short_circuit_decorator.py
[2026-05-02T00:09:42.171+0000] {processor.py:840} INFO - DAG(s) 'example_short_circuit_decorator' retrieved from /home/airflow/.local/lib/python3.12/site-packages/airflow/example_dags/example_short_circuit_decorator.py
[2026-05-02T00:09:42.184+0000] {logging_mixin.py:188} INFO - [2026-05-02T00:09:42.183+0000] {dag.py:3089} INFO - Sync 1 DAGs
[2026-05-02T00:09:42.193+0000] {logging_mixin.py:188} INFO - [2026-05-02T00:09:42.193+0000] {dag.py:3947} INFO - Setting next_dagrun for example_short_circuit_decorator to 2026-05-01 00:00:00+00:00, run_after=2026-05-02 00:00:00+00:00
[2026-05-02T00:09:42.204+0000] {processor.py:183} INFO - Processing /home/airflow/.local/lib/python3.12/site-packages/airflow/example_dags/example_short_circuit_decorator.py took 0.041 seconds
[2026-05-02T00:10:13.492+0000] {processor.py:161} INFO - Started process (PID=11175) to work on /home/airflow/.local/lib/python3.12/site-packages/airflow/example_dags/example_short_circuit_decorator.py
[2026-05-02T00:10:13.493+0000] {processor.py:830} INFO - Processing file /home/airflow/.local/lib/python3.12/site-packages/airflow/example_dags/example_short_circuit_decorator.py for tasks to queue
[2026-05-02T00:10:13.494+0000] {logging_mixin.py:188} INFO - [2026-05-02T00:10:13.494+0000] {dagbag.py:545} INFO - Filling up the DagBag from /home/airflow/.local/lib/python3.12/site-packages/airflow/example_dags/example_short_circuit_decorator.py
[2026-05-02T00:10:13.497+0000] {processor.py:840} INFO - DAG(s) 'example_short_circuit_decorator' retrieved from /home/airflow/.local/lib/python3.12/site-packages/airflow/example_dags/example_short_circuit_decorator.py
[2026-05-02T00:10:13.506+0000] {logging_mixin.py:188} INFO - [2026-05-02T00:10:13.506+0000] {dag.py:3089} INFO - Sync 1 DAGs
[2026-05-02T00:10:13.581+0000] {logging_mixin.py:188} INFO - [2026-05-02T00:10:13.581+0000] {dag.py:3947} INFO - Setting next_dagrun for example_short_circuit_decorator to 2026-05-01 00:00:00+00:00, run_after=2026-05-02 00:00:00+00:00
[2026-05-02T00:10:13.591+0000] {processor.py:183} INFO - Processing /home/airflow/.local/lib/python3.12/site-packages/airflow/example_dags/example_short_circuit_decorator.py took 0.101 seconds
[2026-05-02T00:10:43.892+0000] {processor.py:161} INFO - Started process (PID=11235) to work on /home/airflow/.local/lib/python3.12/site-packages/airflow/example_dags/example_short_circuit_decorator.py
[2026-05-02T00:10:43.894+0000] {processor.py:830} INFO - Processing file /home/airflow/.local/lib/python3.12/site-packages/airflow/example_dags/example_short_circuit_decorator.py for tasks to queue
[2026-05-02T00:10:43.895+0000] {logging_mixin.py:188} INFO - [2026-05-02T00:10:43.895+0000] {dagbag.py:545} INFO - Filling up the DagBag from /home/airflow/.local/lib/python3.12/site-packages/airflow/example_dags/example_short_circuit_decorator.py
[2026-05-02T00:10:43.899+0000] {processor.py:840} INFO - DAG(s) 'example_short_circuit_decorator' retrieved from /home/airflow/.local/lib/python3.12/site-packages/airflow/example_dags/example_short_circuit_decorator.py
[2026-05-02T00:10:43.908+0000] {logging_mixin.py:188} INFO - [2026-05-02T00:10:43.907+0000] {dag.py:3089} INFO - Sync 1 DAGs
[2026-05-02T00:10:43.990+0000] {logging_mixin.py:188} INFO - [2026-05-02T00:10:43.990+0000] {dag.py:3947} INFO - Setting next_dagrun for example_short_circuit_decorator to 2026-05-01 00:00:00+00:00, run_after=2026-05-02 00:00:00+00:00
[2026-05-02T00:10:44.001+0000] {processor.py:183} INFO - Processing /home/airflow/.local/lib/python3.12/site-packages/airflow/example_dags/example_short_circuit_decorator.py took 0.111 seconds
[2026-05-02T00:11:14.190+0000] {processor.py:161} INFO - Started process (PID=11295) to work on /home/airflow/.local/lib/python3.12/site-packages/airflow/example_dags/example_short_circuit_decorator.py
[2026-05-02T00:11:14.191+0000] {processor.py:830} INFO - Processing file /home/airflow/.local/lib/python3.12/site-packages/airflow/example_dags/example_short_circuit_decorator.py for tasks to queue
[2026-05-02T00:11:14.192+0000] {logging_mixin.py:188} INFO - [2026-05-02T00:11:14.192+0000] {dagbag.py:545} INFO - Filling up the DagBag from /home/airflow/.local/lib/python3.12/site-packages/airflow/example_dags/example_short_circuit_decorator.py
[2026-05-02T00:11:14.195+0000] {processor.py:840} INFO - DAG(s) 'example_short_circuit_decorator' retrieved from /home/airflow/.local/lib/python3.12/site-packages/airflow/example_dags/example_short_circuit_decorator.py
[2026-05-02T00:11:14.204+0000] {logging_mixin.py:188} INFO - [2026-05-02T00:11:14.204+0000] {dag.py:3089} INFO - Sync 1 DAGs
[2026-05-02T00:11:14.213+0000] {logging_mixin.py:188} INFO - [2026-05-02T00:11:14.213+0000] {dag.py:3947} INFO - Setting next_dagrun for example_short_circuit_decorator to 2026-05-01 00:00:00+00:00, run_after=2026-05-02 00:00:00+00:00
[2026-05-02T00:11:14.222+0000] {processor.py:183} INFO - Processing /home/airflow/.local/lib/python3.12/site-packages/airflow/example_dags/example_short_circuit_decorator.py took 0.035 seconds
[2026-05-02T00:11:44.804+0000] {processor.py:161} INFO - Started process (PID=11355) to work on /home/airflow/.local/lib/python3.12/site-packages/airflow/example_dags/example_short_circuit_decorator.py
[2026-05-02T00:11:44.805+0000] {processor.py:830} INFO - Processing file /home/airflow/.local/lib/python3.12/site-packages/airflow/example_dags/example_short_circuit_decorator.py for tasks to queue
[2026-05-02T00:11:44.806+0000] {logging_mixin.py:188} INFO - [2026-05-02T00:11:44.805+0000] {dagbag.py:545} INFO - Filling up the DagBag from /home/airflow/.local/lib/python3.12/site-packages/airflow/example_dags/example_short_circuit_decorator.py
[2026-05-02T00:11:44.810+0000] {processor.py:840} INFO - DAG(s) 'example_short_circuit_decorator' retrieved from /home/airflow/.local/lib/python3.12/site-packages/airflow/example_dags/example_short_circuit_decorator.py
[2026-05-02T00:11:44.821+0000] {logging_mixin.py:188} INFO - [2026-05-02T00:11:44.820+0000] {dag.py:3089} INFO - Sync 1 DAGs
[2026-05-02T00:11:44.832+0000] {logging_mixin.py:188} INFO - [2026-05-02T00:11:44.832+0000] {dag.py:3947} INFO - Setting next_dagrun for example_short_circuit_decorator to 2026-05-01 00:00:00+00:00, run_after=2026-05-02 00:00:00+00:00
[2026-05-02T00:11:44.838+0000] {processor.py:183} INFO - Processing /home/airflow/.local/lib/python3.12/site-packages/airflow/example_dags/example_short_circuit_decorator.py took 0.036 seconds
[2026-05-02T00:12:15.420+0000] {processor.py:161} INFO - Started process (PID=11415) to work on /home/airflow/.local/lib/python3.12/site-packages/airflow/example_dags/example_short_circuit_decorator.py
[2026-05-02T00:12:15.421+0000] {processor.py:830} INFO - Processing file /home/airflow/.local/lib/python3.12/site-packages/airflow/example_dags/example_short_circuit_decorator.py for tasks to queue
[2026-05-02T00:12:15.422+0000] {logging_mixin.py:188} INFO - [2026-05-02T00:12:15.421+0000] {dagbag.py:545} INFO - Filling up the DagBag from /home/airflow/.local/lib/python3.12/site-packages/airflow/example_dags/example_short_circuit_decorator.py
[2026-05-02T00:12:15.425+0000] {processor.py:840} INFO - DAG(s) 'example_short_circuit_decorator' retrieved from /home/airflow/.local/lib/python3.12/site-packages/airflow/example_dags/example_short_circuit_decorator.py
[2026-05-02T00:12:15.434+0000] {logging_mixin.py:188} INFO - [2026-05-02T00:12:15.434+0000] {dag.py:3089} INFO - Sync 1 DAGs
[2026-05-02T00:12:15.441+0000] {logging_mixin.py:188} INFO - [2026-05-02T00:12:15.441+0000] {dag.py:3947} INFO - Setting next_dagrun for example_short_circuit_decorator to 2026-05-01 00:00:00+00:00, run_after=2026-05-02 00:00:00+00:00
[2026-05-02T00:12:15.449+0000] {processor.py:183} INFO - Processing /home/airflow/.local/lib/python3.12/site-packages/airflow/example_dags/example_short_circuit_decorator.py took 0.032 seconds
[2026-05-02T00:12:45.966+0000] {processor.py:161} INFO - Started process (PID=11475) to work on /home/airflow/.local/lib/python3.12/site-packages/airflow/example_dags/example_short_circuit_decorator.py
[2026-05-02T00:12:45.967+0000] {processor.py:830} INFO - Processing file /home/airflow/.local/lib/python3.12/site-packages/airflow/example_dags/example_short_circuit_decorator.py for tasks to queue
[2026-05-02T00:12:45.968+0000] {logging_mixin.py:188} INFO - [2026-05-02T00:12:45.968+0000] {dagbag.py:545} INFO - Filling up the DagBag from /home/airflow/.local/lib/python3.12/site-packages/airflow/example_dags/example_short_circuit_decorator.py
[2026-05-02T00:12:45.971+0000] {processor.py:840} INFO - DAG(s) 'example_short_circuit_decorator' retrieved from /home/airflow/.local/lib/python3.12/site-packages/airflow/example_dags/example_short_circuit_decorator.py
[2026-05-02T00:12:45.981+0000] {logging_mixin.py:188} INFO - [2026-05-02T00:12:45.981+0000] {dag.py:3089} INFO - Sync 1 DAGs
[2026-05-02T00:12:45.990+0000] {logging_mixin.py:188} INFO - [2026-05-02T00:12:45.990+0000] {dag.py:3947} INFO - Setting next_dagrun for example_short_circuit_decorator to 2026-05-01 00:00:00+00:00, run_after=2026-05-02 00:00:00+00:00
[2026-05-02T00:12:45.999+0000] {processor.py:183} INFO - Processing /home/airflow/.local/lib/python3.12/site-packages/airflow/example_dags/example_short_circuit_decorator.py took 0.035 seconds
[2026-05-02T00:13:16.480+0000] {processor.py:161} INFO - Started process (PID=11535) to work on /home/airflow/.local/lib/python3.12/site-packages/airflow/example_dags/example_short_circuit_decorator.py
[2026-05-02T00:13:16.481+0000] {processor.py:830} INFO - Processing file /home/airflow/.local/lib/python3.12/site-packages/airflow/example_dags/example_short_circuit_decorator.py for tasks to queue
[2026-05-02T00:13:16.482+0000] {logging_mixin.py:188} INFO - [2026-05-02T00:13:16.482+0000] {dagbag.py:545} INFO - Filling up the DagBag from /home/airflow/.local/lib/python3.12/site-packages/airflow/example_dags/example_short_circuit_decorator.py
[2026-05-02T00:13:16.485+0000] {processor.py:840} INFO - DAG(s) 'example_short_circuit_decorator' retrieved from /home/airflow/.local/lib/python3.12/site-packages/airflow/example_dags/example_short_circuit_decorator.py
[2026-05-02T00:13:16.496+0000] {logging_mixin.py:188} INFO - [2026-05-02T00:13:16.496+0000] {dag.py:3089} INFO - Sync 1 DAGs
[2026-05-02T00:13:16.503+0000] {logging_mixin.py:188} INFO - [2026-05-02T00:13:16.503+0000] {dag.py:3947} INFO - Setting next_dagrun for example_short_circuit_decorator to 2026-05-01 00:00:00+00:00, run_after=2026-05-02 00:00:00+00:00
[2026-05-02T00:13:16.511+0000] {processor.py:183} INFO - Processing /home/airflow/.local/lib/python3.12/site-packages/airflow/example_dags/example_short_circuit_decorator.py took 0.033 seconds
[2026-05-02T00:13:46.990+0000] {processor.py:161} INFO - Started process (PID=11595) to work on /home/airflow/.local/lib/python3.12/site-packages/airflow/example_dags/example_short_circuit_decorator.py
[2026-05-02T00:13:46.991+0000] {processor.py:830} INFO - Processing file /home/airflow/.local/lib/python3.12/site-packages/airflow/example_dags/example_short_circuit_decorator.py for tasks to queue
[2026-05-02T00:13:46.993+0000] {logging_mixin.py:188} INFO - [2026-05-02T00:13:46.993+0000] {dagbag.py:545} INFO - Filling up the DagBag from /home/airflow/.local/lib/python3.12/site-packages/airflow/example_dags/example_short_circuit_decorator.py
[2026-05-02T00:13:46.996+0000] {processor.py:840} INFO - DAG(s) 'example_short_circuit_decorator' retrieved from /home/airflow/.local/lib/python3.12/site-packages/airflow/example_dags/example_short_circuit_decorator.py
[2026-05-02T00:13:47.007+0000] {logging_mixin.py:188} INFO - [2026-05-02T00:13:47.007+0000] {dag.py:3089} INFO - Sync 1 DAGs
[2026-05-02T00:13:47.015+0000] {logging_mixin.py:188} INFO - [2026-05-02T00:13:47.015+0000] {dag.py:3947} INFO - Setting next_dagrun for example_short_circuit_decorator to 2026-05-01 00:00:00+00:00, run_after=2026-05-02 00:00:00+00:00
[2026-05-02T00:13:47.025+0000] {processor.py:183} INFO - Processing /home/airflow/.local/lib/python3.12/site-packages/airflow/example_dags/example_short_circuit_decorator.py took 0.037 seconds
[2026-05-02T00:14:17.572+0000] {processor.py:161} INFO - Started process (PID=11655) to work on /home/airflow/.local/lib/python3.12/site-packages/airflow/example_dags/example_short_circuit_decorator.py
[2026-05-02T00:14:17.573+0000] {processor.py:830} INFO - Processing file /home/airflow/.local/lib/python3.12/site-packages/airflow/example_dags/example_short_circuit_decorator.py for tasks to queue
[2026-05-02T00:14:17.574+0000] {logging_mixin.py:188} INFO - [2026-05-02T00:14:17.574+0000] {dagbag.py:545} INFO - Filling up the DagBag from /home/airflow/.local/lib/python3.12/site-packages/airflow/example_dags/example_short_circuit_decorator.py
[2026-05-02T00:14:17.577+0000] {processor.py:840} INFO - DAG(s) 'example_short_circuit_decorator' retrieved from /home/airflow/.local/lib/python3.12/site-packages/airflow/example_dags/example_short_circuit_decorator.py
[2026-05-02T00:14:17.587+0000] {logging_mixin.py:188} INFO - [2026-05-02T00:14:17.587+0000] {dag.py:3089} INFO - Sync 1 DAGs
[2026-05-02T00:14:17.595+0000] {logging_mixin.py:188} INFO - [2026-05-02T00:14:17.595+0000] {dag.py:3947} INFO - Setting next_dagrun for example_short_circuit_decorator to 2026-05-01 00:00:00+00:00, run_after=2026-05-02 00:00:00+00:00
[2026-05-02T00:14:17.605+0000] {processor.py:183} INFO - Processing /home/airflow/.local/lib/python3.12/site-packages/airflow/example_dags/example_short_circuit_decorator.py took 0.035 seconds
[2026-05-02T00:14:48.088+0000] {processor.py:161} INFO - Started process (PID=11715) to work on /home/airflow/.local/lib/python3.12/site-packages/airflow/example_dags/example_short_circuit_decorator.py
[2026-05-02T00:14:48.089+0000] {processor.py:830} INFO - Processing file /home/airflow/.local/lib/python3.12/site-packages/airflow/example_dags/example_short_circuit_decorator.py for tasks to queue
[2026-05-02T00:14:48.090+0000] {logging_mixin.py:188} INFO - [2026-05-02T00:14:48.090+0000] {dagbag.py:545} INFO - Filling up the DagBag from /home/airflow/.local/lib/python3.12/site-packages/airflow/example_dags/example_short_circuit_decorator.py
[2026-05-02T00:14:48.095+0000] {processor.py:840} INFO - DAG(s) 'example_short_circuit_decorator' retrieved from /home/airflow/.local/lib/python3.12/site-packages/airflow/example_dags/example_short_circuit_decorator.py
[2026-05-02T00:14:48.106+0000] {logging_mixin.py:188} INFO - [2026-05-02T00:14:48.106+0000] {dag.py:3089} INFO - Sync 1 DAGs
[2026-05-02T00:14:48.115+0000] {logging_mixin.py:188} INFO - [2026-05-02T00:14:48.115+0000] {dag.py:3947} INFO - Setting next_dagrun for example_short_circuit_decorator to 2026-05-01 00:00:00+00:00, run_after=2026-05-02 00:00:00+00:00
[2026-05-02T00:14:48.124+0000] {processor.py:183} INFO - Processing /home/airflow/.local/lib/python3.12/site-packages/airflow/example_dags/example_short_circuit_decorator.py took 0.039 seconds
[2026-05-02T00:15:19.049+0000] {processor.py:161} INFO - Started process (PID=11775) to work on /home/airflow/.local/lib/python3.12/site-packages/airflow/example_dags/example_short_circuit_decorator.py
[2026-05-02T00:15:19.049+0000] {processor.py:830} INFO - Processing file /home/airflow/.local/lib/python3.12/site-packages/airflow/example_dags/example_short_circuit_decorator.py for tasks to queue
[2026-05-02T00:15:19.050+0000] {logging_mixin.py:188} INFO - [2026-05-02T00:15:19.050+0000] {dagbag.py:545} INFO - Filling up the DagBag from /home/airflow/.local/lib/python3.12/site-packages/airflow/example_dags/example_short_circuit_decorator.py
[2026-05-02T00:15:19.054+0000] {processor.py:840} INFO - DAG(s) 'example_short_circuit_decorator' retrieved from /home/airflow/.local/lib/python3.12/site-packages/airflow/example_dags/example_short_circuit_decorator.py
[2026-05-02T00:15:19.079+0000] {logging_mixin.py:188} INFO - [2026-05-02T00:15:19.079+0000] {dag.py:3089} INFO - Sync 1 DAGs
[2026-05-02T00:15:19.103+0000] {logging_mixin.py:188} INFO - [2026-05-02T00:15:19.102+0000] {dag.py:3947} INFO - Setting next_dagrun for example_short_circuit_decorator to 2026-05-01 00:00:00+00:00, run_after=2026-05-02 00:00:00+00:00
[2026-05-02T00:15:19.127+0000] {processor.py:183} INFO - Processing /home/airflow/.local/lib/python3.12/site-packages/airflow/example_dags/example_short_circuit_decorator.py took 0.081 seconds
[2026-05-02T00:15:49.193+0000] {processor.py:161} INFO - Started process (PID=11835) to work on /home/airflow/.local/lib/python3.12/site-packages/airflow/example_dags/example_short_circuit_decorator.py
[2026-05-02T00:15:49.193+0000] {processor.py:830} INFO - Processing file /home/airflow/.local/lib/python3.12/site-packages/airflow/example_dags/example_short_circuit_decorator.py for tasks to queue
[2026-05-02T00:15:49.194+0000] {logging_mixin.py:188} INFO - [2026-05-02T00:15:49.194+0000] {dagbag.py:545} INFO - Filling up the DagBag from /home/airflow/.local/lib/python3.12/site-packages/airflow/example_dags/example_short_circuit_decorator.py
[2026-05-02T00:15:49.197+0000] {processor.py:840} INFO - DAG(s) 'example_short_circuit_decorator' retrieved from /home/airflow/.local/lib/python3.12/site-packages/airflow/example_dags/example_short_circuit_decorator.py
[2026-05-02T00:15:49.207+0000] {logging_mixin.py:188} INFO - [2026-05-02T00:15:49.207+0000] {dag.py:3089} INFO - Sync 1 DAGs
[2026-05-02T00:15:49.214+0000] {logging_mixin.py:188} INFO - [2026-05-02T00:15:49.214+0000] {dag.py:3947} INFO - Setting next_dagrun for example_short_circuit_decorator to 2026-05-01 00:00:00+00:00, run_after=2026-05-02 00:00:00+00:00
[2026-05-02T00:15:49.222+0000] {processor.py:183} INFO - Processing /home/airflow/.local/lib/python3.12/site-packages/airflow/example_dags/example_short_circuit_decorator.py took 0.032 seconds
[2026-05-02T00:16:19.681+0000] {processor.py:161} INFO - Started process (PID=11896) to work on /home/airflow/.local/lib/python3.12/site-packages/airflow/example_dags/example_short_circuit_decorator.py
[2026-05-02T00:16:19.681+0000] {processor.py:830} INFO - Processing file /home/airflow/.local/lib/python3.12/site-packages/airflow/example_dags/example_short_circuit_decorator.py for tasks to queue
[2026-05-02T00:16:19.682+0000] {logging_mixin.py:188} INFO - [2026-05-02T00:16:19.682+0000] {dagbag.py:545} INFO - Filling up the DagBag from /home/airflow/.local/lib/python3.12/site-packages/airflow/example_dags/example_short_circuit_decorator.py
[2026-05-02T00:16:19.689+0000] {processor.py:840} INFO - DAG(s) 'example_short_circuit_decorator' retrieved from /home/airflow/.local/lib/python3.12/site-packages/airflow/example_dags/example_short_circuit_decorator.py
[2026-05-02T00:16:19.700+0000] {logging_mixin.py:188} INFO - [2026-05-02T00:16:19.699+0000] {dag.py:3089} INFO - Sync 1 DAGs
[2026-05-02T00:16:19.709+0000] {logging_mixin.py:188} INFO - [2026-05-02T00:16:19.709+0000] {dag.py:3947} INFO - Setting next_dagrun for example_short_circuit_decorator to 2026-05-01 00:00:00+00:00, run_after=2026-05-02 00:00:00+00:00
[2026-05-02T00:16:19.714+0000] {processor.py:183} INFO - Processing /home/airflow/.local/lib/python3.12/site-packages/airflow/example_dags/example_short_circuit_decorator.py took 0.036 seconds
[2026-05-02T00:16:50.318+0000] {processor.py:161} INFO - Started process (PID=11956) to work on /home/airflow/.local/lib/python3.12/site-packages/airflow/example_dags/example_short_circuit_decorator.py
[2026-05-02T00:16:50.320+0000] {processor.py:830} INFO - Processing file /home/airflow/.local/lib/python3.12/site-packages/airflow/example_dags/example_short_circuit_decorator.py for tasks to queue
[2026-05-02T00:16:50.321+0000] {logging_mixin.py:188} INFO - [2026-05-02T00:16:50.320+0000] {dagbag.py:545} INFO - Filling up the DagBag from /home/airflow/.local/lib/python3.12/site-packages/airflow/example_dags/example_short_circuit_decorator.py
[2026-05-02T00:16:50.324+0000] {processor.py:840} INFO - DAG(s) 'example_short_circuit_decorator' retrieved from /home/airflow/.local/lib/python3.12/site-packages/airflow/example_dags/example_short_circuit_decorator.py
[2026-05-02T00:16:50.333+0000] {logging_mixin.py:188} INFO - [2026-05-02T00:16:50.333+0000] {dag.py:3089} INFO - Sync 1 DAGs
[2026-05-02T00:16:50.340+0000] {logging_mixin.py:188} INFO - [2026-05-02T00:16:50.340+0000] {dag.py:3947} INFO - Setting next_dagrun for example_short_circuit_decorator to 2026-05-01 00:00:00+00:00, run_after=2026-05-02 00:00:00+00:00
[2026-05-02T00:16:50.346+0000] {processor.py:183} INFO - Processing /home/airflow/.local/lib/python3.12/site-packages/airflow/example_dags/example_short_circuit_decorator.py took 0.030 seconds
[2026-05-02T00:17:20.884+0000] {processor.py:161} INFO - Started process (PID=12016) to work on /home/airflow/.local/lib/python3.12/site-packages/airflow/example_dags/example_short_circuit_decorator.py
[2026-05-02T00:17:20.885+0000] {processor.py:830} INFO - Processing file /home/airflow/.local/lib/python3.12/site-packages/airflow/example_dags/example_short_circuit_decorator.py for tasks to queue
[2026-05-02T00:17:20.885+0000] {logging_mixin.py:188} INFO - [2026-05-02T00:17:20.885+0000] {dagbag.py:545} INFO - Filling up the DagBag from /home/airflow/.local/lib/python3.12/site-packages/airflow/example_dags/example_short_circuit_decorator.py
[2026-05-02T00:17:20.889+0000] {processor.py:840} INFO - DAG(s) 'example_short_circuit_decorator' retrieved from /home/airflow/.local/lib/python3.12/site-packages/airflow/example_dags/example_short_circuit_decorator.py
[2026-05-02T00:17:20.896+0000] {logging_mixin.py:188} INFO - [2026-05-02T00:17:20.896+0000] {dag.py:3089} INFO - Sync 1 DAGs
[2026-05-02T00:17:20.904+0000] {logging_mixin.py:188} INFO - [2026-05-02T00:17:20.903+0000] {dag.py:3947} INFO - Setting next_dagrun for example_short_circuit_decorator to 2026-05-01 00:00:00+00:00, run_after=2026-05-02 00:00:00+00:00
[2026-05-02T00:17:20.913+0000] {processor.py:183} INFO - Processing /home/airflow/.local/lib/python3.12/site-packages/airflow/example_dags/example_short_circuit_decorator.py took 0.032 seconds
[2026-05-02T00:17:51.585+0000] {processor.py:161} INFO - Started process (PID=12076) to work on /home/airflow/.local/lib/python3.12/site-packages/airflow/example_dags/example_short_circuit_decorator.py
[2026-05-02T00:17:51.585+0000] {processor.py:830} INFO - Processing file /home/airflow/.local/lib/python3.12/site-packages/airflow/example_dags/example_short_circuit_decorator.py for tasks to queue
[2026-05-02T00:17:51.586+0000] {logging_mixin.py:188} INFO - [2026-05-02T00:17:51.586+0000] {dagbag.py:545} INFO - Filling up the DagBag from /home/airflow/.local/lib/python3.12/site-packages/airflow/example_dags/example_short_circuit_decorator.py
[2026-05-02T00:17:51.590+0000] {processor.py:840} INFO - DAG(s) 'example_short_circuit_decorator' retrieved from /home/airflow/.local/lib/python3.12/site-packages/airflow/example_dags/example_short_circuit_decorator.py
[2026-05-02T00:17:51.599+0000] {logging_mixin.py:188} INFO - [2026-05-02T00:17:51.599+0000] {dag.py:3089} INFO - Sync 1 DAGs
[2026-05-02T00:17:51.609+0000] {logging_mixin.py:188} INFO - [2026-05-02T00:17:51.609+0000] {dag.py:3947} INFO - Setting next_dagrun for example_short_circuit_decorator to 2026-05-01 00:00:00+00:00, run_after=2026-05-02 00:00:00+00:00
[2026-05-02T00:17:51.617+0000] {processor.py:183} INFO - Processing /home/airflow/.local/lib/python3.12/site-packages/airflow/example_dags/example_short_circuit_decorator.py took 0.035 seconds
