[2026-05-02T00:07:38.832+0000] {processor.py:161} INFO - Started process (PID=10864) to work on /home/airflow/.local/lib/python3.12/site-packages/airflow/example_dags/example_datasets.py
[2026-05-02T00:07:38.833+0000] {processor.py:830} INFO - Processing file /home/airflow/.local/lib/python3.12/site-packages/airflow/example_dags/example_datasets.py for tasks to queue
[2026-05-02T00:07:38.833+0000] {logging_mixin.py:188} INFO - [2026-05-02T00:07:38.833+0000] {dagbag.py:545} INFO - Filling up the DagBag from /home/airflow/.local/lib/python3.12/site-packages/airflow/example_dags/example_datasets.py
[2026-05-02T00:07:38.840+0000] {processor.py:840} INFO - DAG(s) 'consume_1_or_both_2_and_3_with_dataset_expressions', 'consume_1_and_2_with_dataset_expressions', 'dataset_produces_2', 'conditional_dataset_and_time_based_timetable', 'dataset_produces_1', 'consume_1_or_2_with_dataset_expressions', 'dataset_consumes_1_never_scheduled', 'dataset_consumes_1', 'dataset_consumes_unknown_never_scheduled', 'dataset_consumes_1_and_2' retrieved from /home/airflow/.local/lib/python3.12/site-packages/airflow/example_dags/example_datasets.py
[2026-05-02T00:07:38.868+0000] {logging_mixin.py:188} INFO - [2026-05-02T00:07:38.868+0000] {dag.py:3089} INFO - Sync 10 DAGs
[2026-05-02T00:07:38.877+0000] {logging_mixin.py:188} INFO - [2026-05-02T00:07:38.877+0000] {dag.py:3947} INFO - Setting next_dagrun for conditional_dataset_and_time_based_timetable to 2026-04-29 01:00:00+00:00, run_after=2026-04-29 01:00:00+00:00
[2026-05-02T00:07:38.879+0000] {logging_mixin.py:188} INFO - [2026-05-02T00:07:38.879+0000] {dag.py:3947} INFO - Setting next_dagrun for consume_1_and_2_with_dataset_expressions to None, run_after=None
[2026-05-02T00:07:38.880+0000] {logging_mixin.py:188} INFO - [2026-05-02T00:07:38.880+0000] {dag.py:3947} INFO - Setting next_dagrun for consume_1_or_2_with_dataset_expressions to None, run_after=None
[2026-05-02T00:07:38.881+0000] {logging_mixin.py:188} INFO - [2026-05-02T00:07:38.881+0000] {dag.py:3947} INFO - Setting next_dagrun for consume_1_or_both_2_and_3_with_dataset_expressions to None, run_after=None
[2026-05-02T00:07:38.881+0000] {logging_mixin.py:188} INFO - [2026-05-02T00:07:38.881+0000] {dag.py:3947} INFO - Setting next_dagrun for dataset_consumes_1 to None, run_after=None
[2026-05-02T00:07:38.882+0000] {logging_mixin.py:188} INFO - [2026-05-02T00:07:38.882+0000] {dag.py:3947} INFO - Setting next_dagrun for dataset_consumes_1_and_2 to None, run_after=None
[2026-05-02T00:07:38.882+0000] {logging_mixin.py:188} INFO - [2026-05-02T00:07:38.882+0000] {dag.py:3947} INFO - Setting next_dagrun for dataset_consumes_1_never_scheduled to None, run_after=None
[2026-05-02T00:07:38.882+0000] {logging_mixin.py:188} INFO - [2026-05-02T00:07:38.882+0000] {dag.py:3947} INFO - Setting next_dagrun for dataset_consumes_unknown_never_scheduled to None, run_after=None
[2026-05-02T00:07:38.883+0000] {logging_mixin.py:188} INFO - [2026-05-02T00:07:38.883+0000] {dag.py:3947} INFO - Setting next_dagrun for dataset_produces_1 to 2026-05-01 00:00:00+00:00, run_after=2026-05-02 00:00:00+00:00
[2026-05-02T00:07:38.883+0000] {logging_mixin.py:188} INFO - [2026-05-02T00:07:38.883+0000] {dag.py:3947} INFO - Setting next_dagrun for dataset_produces_2 to None, run_after=None
[2026-05-02T00:07:38.897+0000] {processor.py:183} INFO - Processing /home/airflow/.local/lib/python3.12/site-packages/airflow/example_dags/example_datasets.py took 0.068 seconds
[2026-05-02T00:08:09.638+0000] {processor.py:161} INFO - Started process (PID=10924) to work on /home/airflow/.local/lib/python3.12/site-packages/airflow/example_dags/example_datasets.py
[2026-05-02T00:08:09.639+0000] {processor.py:830} INFO - Processing file /home/airflow/.local/lib/python3.12/site-packages/airflow/example_dags/example_datasets.py for tasks to queue
[2026-05-02T00:08:09.639+0000] {logging_mixin.py:188} INFO - [2026-05-02T00:08:09.639+0000] {dagbag.py:545} INFO - Filling up the DagBag from /home/airflow/.local/lib/python3.12/site-packages/airflow/example_dags/example_datasets.py
[2026-05-02T00:08:09.645+0000] {processor.py:840} INFO - DAG(s) 'consume_1_and_2_with_dataset_expressions', 'dataset_produces_1', 'consume_1_or_2_with_dataset_expressions', 'consume_1_or_both_2_and_3_with_dataset_expressions', 'conditional_dataset_and_time_based_timetable', 'dataset_consumes_unknown_never_scheduled', 'dataset_consumes_1_never_scheduled', 'dataset_produces_2', 'dataset_consumes_1_and_2', 'dataset_consumes_1' retrieved from /home/airflow/.local/lib/python3.12/site-packages/airflow/example_dags/example_datasets.py
[2026-05-02T00:08:09.672+0000] {logging_mixin.py:188} INFO - [2026-05-02T00:08:09.671+0000] {dag.py:3089} INFO - Sync 10 DAGs
[2026-05-02T00:08:09.684+0000] {logging_mixin.py:188} INFO - [2026-05-02T00:08:09.684+0000] {dag.py:3947} INFO - Setting next_dagrun for conditional_dataset_and_time_based_timetable to 2026-04-29 01:00:00+00:00, run_after=2026-04-29 01:00:00+00:00
[2026-05-02T00:08:09.686+0000] {logging_mixin.py:188} INFO - [2026-05-02T00:08:09.686+0000] {dag.py:3947} INFO - Setting next_dagrun for consume_1_and_2_with_dataset_expressions to None, run_after=None
[2026-05-02T00:08:09.687+0000] {logging_mixin.py:188} INFO - [2026-05-02T00:08:09.687+0000] {dag.py:3947} INFO - Setting next_dagrun for consume_1_or_2_with_dataset_expressions to None, run_after=None
[2026-05-02T00:08:09.688+0000] {logging_mixin.py:188} INFO - [2026-05-02T00:08:09.687+0000] {dag.py:3947} INFO - Setting next_dagrun for consume_1_or_both_2_and_3_with_dataset_expressions to None, run_after=None
[2026-05-02T00:08:09.690+0000] {logging_mixin.py:188} INFO - [2026-05-02T00:08:09.690+0000] {dag.py:3947} INFO - Setting next_dagrun for dataset_consumes_1 to None, run_after=None
[2026-05-02T00:08:09.690+0000] {logging_mixin.py:188} INFO - [2026-05-02T00:08:09.690+0000] {dag.py:3947} INFO - Setting next_dagrun for dataset_consumes_1_and_2 to None, run_after=None
[2026-05-02T00:08:09.690+0000] {logging_mixin.py:188} INFO - [2026-05-02T00:08:09.690+0000] {dag.py:3947} INFO - Setting next_dagrun for dataset_consumes_1_never_scheduled to None, run_after=None
[2026-05-02T00:08:09.691+0000] {logging_mixin.py:188} INFO - [2026-05-02T00:08:09.691+0000] {dag.py:3947} INFO - Setting next_dagrun for dataset_consumes_unknown_never_scheduled to None, run_after=None
[2026-05-02T00:08:09.692+0000] {logging_mixin.py:188} INFO - [2026-05-02T00:08:09.691+0000] {dag.py:3947} INFO - Setting next_dagrun for dataset_produces_1 to 2026-05-01 00:00:00+00:00, run_after=2026-05-02 00:00:00+00:00
[2026-05-02T00:08:09.692+0000] {logging_mixin.py:188} INFO - [2026-05-02T00:08:09.692+0000] {dag.py:3947} INFO - Setting next_dagrun for dataset_produces_2 to None, run_after=None
[2026-05-02T00:08:09.711+0000] {processor.py:183} INFO - Processing /home/airflow/.local/lib/python3.12/site-packages/airflow/example_dags/example_datasets.py took 0.076 seconds
[2026-05-02T00:08:40.269+0000] {processor.py:161} INFO - Started process (PID=10984) to work on /home/airflow/.local/lib/python3.12/site-packages/airflow/example_dags/example_datasets.py
[2026-05-02T00:08:40.269+0000] {processor.py:830} INFO - Processing file /home/airflow/.local/lib/python3.12/site-packages/airflow/example_dags/example_datasets.py for tasks to queue
[2026-05-02T00:08:40.270+0000] {logging_mixin.py:188} INFO - [2026-05-02T00:08:40.270+0000] {dagbag.py:545} INFO - Filling up the DagBag from /home/airflow/.local/lib/python3.12/site-packages/airflow/example_dags/example_datasets.py
[2026-05-02T00:08:40.275+0000] {processor.py:840} INFO - DAG(s) 'dataset_produces_2', 'dataset_produces_1', 'consume_1_or_both_2_and_3_with_dataset_expressions', 'conditional_dataset_and_time_based_timetable', 'dataset_consumes_1_and_2', 'dataset_consumes_1', 'dataset_consumes_unknown_never_scheduled', 'consume_1_or_2_with_dataset_expressions', 'consume_1_and_2_with_dataset_expressions', 'dataset_consumes_1_never_scheduled' retrieved from /home/airflow/.local/lib/python3.12/site-packages/airflow/example_dags/example_datasets.py
[2026-05-02T00:08:40.287+0000] {logging_mixin.py:188} INFO - [2026-05-02T00:08:40.287+0000] {dag.py:3089} INFO - Sync 10 DAGs
[2026-05-02T00:08:40.295+0000] {logging_mixin.py:188} INFO - [2026-05-02T00:08:40.294+0000] {dag.py:3947} INFO - Setting next_dagrun for conditional_dataset_and_time_based_timetable to 2026-04-29 01:00:00+00:00, run_after=2026-04-29 01:00:00+00:00
[2026-05-02T00:08:40.296+0000] {logging_mixin.py:188} INFO - [2026-05-02T00:08:40.296+0000] {dag.py:3947} INFO - Setting next_dagrun for consume_1_and_2_with_dataset_expressions to None, run_after=None
[2026-05-02T00:08:40.296+0000] {logging_mixin.py:188} INFO - [2026-05-02T00:08:40.296+0000] {dag.py:3947} INFO - Setting next_dagrun for consume_1_or_2_with_dataset_expressions to None, run_after=None
[2026-05-02T00:08:40.296+0000] {logging_mixin.py:188} INFO - [2026-05-02T00:08:40.296+0000] {dag.py:3947} INFO - Setting next_dagrun for consume_1_or_both_2_and_3_with_dataset_expressions to None, run_after=None
[2026-05-02T00:08:40.297+0000] {logging_mixin.py:188} INFO - [2026-05-02T00:08:40.297+0000] {dag.py:3947} INFO - Setting next_dagrun for dataset_consumes_1 to None, run_after=None
[2026-05-02T00:08:40.297+0000] {logging_mixin.py:188} INFO - [2026-05-02T00:08:40.297+0000] {dag.py:3947} INFO - Setting next_dagrun for dataset_consumes_1_and_2 to None, run_after=None
[2026-05-02T00:08:40.297+0000] {logging_mixin.py:188} INFO - [2026-05-02T00:08:40.297+0000] {dag.py:3947} INFO - Setting next_dagrun for dataset_consumes_1_never_scheduled to None, run_after=None
[2026-05-02T00:08:40.298+0000] {logging_mixin.py:188} INFO - [2026-05-02T00:08:40.298+0000] {dag.py:3947} INFO - Setting next_dagrun for dataset_consumes_unknown_never_scheduled to None, run_after=None
[2026-05-02T00:08:40.298+0000] {logging_mixin.py:188} INFO - [2026-05-02T00:08:40.298+0000] {dag.py:3947} INFO - Setting next_dagrun for dataset_produces_1 to 2026-05-01 00:00:00+00:00, run_after=2026-05-02 00:00:00+00:00
[2026-05-02T00:08:40.298+0000] {logging_mixin.py:188} INFO - [2026-05-02T00:08:40.298+0000] {dag.py:3947} INFO - Setting next_dagrun for dataset_produces_2 to None, run_after=None
[2026-05-02T00:08:40.307+0000] {processor.py:183} INFO - Processing /home/airflow/.local/lib/python3.12/site-packages/airflow/example_dags/example_datasets.py took 0.040 seconds
[2026-05-02T00:09:10.966+0000] {processor.py:161} INFO - Started process (PID=11044) to work on /home/airflow/.local/lib/python3.12/site-packages/airflow/example_dags/example_datasets.py
[2026-05-02T00:09:10.967+0000] {processor.py:830} INFO - Processing file /home/airflow/.local/lib/python3.12/site-packages/airflow/example_dags/example_datasets.py for tasks to queue
[2026-05-02T00:09:10.968+0000] {logging_mixin.py:188} INFO - [2026-05-02T00:09:10.968+0000] {dagbag.py:545} INFO - Filling up the DagBag from /home/airflow/.local/lib/python3.12/site-packages/airflow/example_dags/example_datasets.py
[2026-05-02T00:09:10.973+0000] {processor.py:840} INFO - DAG(s) 'dataset_consumes_unknown_never_scheduled', 'dataset_produces_1', 'consume_1_or_2_with_dataset_expressions', 'dataset_consumes_1', 'dataset_consumes_1_never_scheduled', 'consume_1_or_both_2_and_3_with_dataset_expressions', 'dataset_produces_2', 'conditional_dataset_and_time_based_timetable', 'consume_1_and_2_with_dataset_expressions', 'dataset_consumes_1_and_2' retrieved from /home/airflow/.local/lib/python3.12/site-packages/airflow/example_dags/example_datasets.py
[2026-05-02T00:09:10.993+0000] {logging_mixin.py:188} INFO - [2026-05-02T00:09:10.993+0000] {dag.py:3089} INFO - Sync 10 DAGs
[2026-05-02T00:09:11.001+0000] {logging_mixin.py:188} INFO - [2026-05-02T00:09:11.001+0000] {dag.py:3947} INFO - Setting next_dagrun for conditional_dataset_and_time_based_timetable to 2026-04-29 01:00:00+00:00, run_after=2026-04-29 01:00:00+00:00
[2026-05-02T00:09:11.004+0000] {logging_mixin.py:188} INFO - [2026-05-02T00:09:11.004+0000] {dag.py:3947} INFO - Setting next_dagrun for consume_1_and_2_with_dataset_expressions to None, run_after=None
[2026-05-02T00:09:11.005+0000] {logging_mixin.py:188} INFO - [2026-05-02T00:09:11.005+0000] {dag.py:3947} INFO - Setting next_dagrun for consume_1_or_2_with_dataset_expressions to None, run_after=None
[2026-05-02T00:09:11.005+0000] {logging_mixin.py:188} INFO - [2026-05-02T00:09:11.005+0000] {dag.py:3947} INFO - Setting next_dagrun for consume_1_or_both_2_and_3_with_dataset_expressions to None, run_after=None
[2026-05-02T00:09:11.006+0000] {logging_mixin.py:188} INFO - [2026-05-02T00:09:11.006+0000] {dag.py:3947} INFO - Setting next_dagrun for dataset_consumes_1 to None, run_after=None
[2026-05-02T00:09:11.006+0000] {logging_mixin.py:188} INFO - [2026-05-02T00:09:11.006+0000] {dag.py:3947} INFO - Setting next_dagrun for dataset_consumes_1_and_2 to None, run_after=None
[2026-05-02T00:09:11.006+0000] {logging_mixin.py:188} INFO - [2026-05-02T00:09:11.006+0000] {dag.py:3947} INFO - Setting next_dagrun for dataset_consumes_1_never_scheduled to None, run_after=None
[2026-05-02T00:09:11.007+0000] {logging_mixin.py:188} INFO - [2026-05-02T00:09:11.007+0000] {dag.py:3947} INFO - Setting next_dagrun for dataset_consumes_unknown_never_scheduled to None, run_after=None
[2026-05-02T00:09:11.007+0000] {logging_mixin.py:188} INFO - [2026-05-02T00:09:11.007+0000] {dag.py:3947} INFO - Setting next_dagrun for dataset_produces_1 to 2026-05-01 00:00:00+00:00, run_after=2026-05-02 00:00:00+00:00
[2026-05-02T00:09:11.008+0000] {logging_mixin.py:188} INFO - [2026-05-02T00:09:11.008+0000] {dag.py:3947} INFO - Setting next_dagrun for dataset_produces_2 to None, run_after=None
[2026-05-02T00:09:11.023+0000] {processor.py:183} INFO - Processing /home/airflow/.local/lib/python3.12/site-packages/airflow/example_dags/example_datasets.py took 0.058 seconds
[2026-05-02T00:09:41.892+0000] {processor.py:161} INFO - Started process (PID=11104) to work on /home/airflow/.local/lib/python3.12/site-packages/airflow/example_dags/example_datasets.py
[2026-05-02T00:09:41.893+0000] {processor.py:830} INFO - Processing file /home/airflow/.local/lib/python3.12/site-packages/airflow/example_dags/example_datasets.py for tasks to queue
[2026-05-02T00:09:41.893+0000] {logging_mixin.py:188} INFO - [2026-05-02T00:09:41.893+0000] {dagbag.py:545} INFO - Filling up the DagBag from /home/airflow/.local/lib/python3.12/site-packages/airflow/example_dags/example_datasets.py
[2026-05-02T00:09:41.900+0000] {processor.py:840} INFO - DAG(s) 'dataset_consumes_1', 'consume_1_or_both_2_and_3_with_dataset_expressions', 'dataset_consumes_1_and_2', 'dataset_produces_1', 'consume_1_and_2_with_dataset_expressions', 'consume_1_or_2_with_dataset_expressions', 'conditional_dataset_and_time_based_timetable', 'dataset_consumes_unknown_never_scheduled', 'dataset_consumes_1_never_scheduled', 'dataset_produces_2' retrieved from /home/airflow/.local/lib/python3.12/site-packages/airflow/example_dags/example_datasets.py
[2026-05-02T00:09:41.928+0000] {logging_mixin.py:188} INFO - [2026-05-02T00:09:41.928+0000] {dag.py:3089} INFO - Sync 10 DAGs
[2026-05-02T00:09:41.937+0000] {logging_mixin.py:188} INFO - [2026-05-02T00:09:41.936+0000] {dag.py:3947} INFO - Setting next_dagrun for conditional_dataset_and_time_based_timetable to 2026-04-29 01:00:00+00:00, run_after=2026-04-29 01:00:00+00:00
[2026-05-02T00:09:41.938+0000] {logging_mixin.py:188} INFO - [2026-05-02T00:09:41.938+0000] {dag.py:3947} INFO - Setting next_dagrun for consume_1_and_2_with_dataset_expressions to None, run_after=None
[2026-05-02T00:09:41.938+0000] {logging_mixin.py:188} INFO - [2026-05-02T00:09:41.938+0000] {dag.py:3947} INFO - Setting next_dagrun for consume_1_or_2_with_dataset_expressions to None, run_after=None
[2026-05-02T00:09:41.939+0000] {logging_mixin.py:188} INFO - [2026-05-02T00:09:41.939+0000] {dag.py:3947} INFO - Setting next_dagrun for consume_1_or_both_2_and_3_with_dataset_expressions to None, run_after=None
[2026-05-02T00:09:41.939+0000] {logging_mixin.py:188} INFO - [2026-05-02T00:09:41.939+0000] {dag.py:3947} INFO - Setting next_dagrun for dataset_consumes_1 to None, run_after=None
[2026-05-02T00:09:41.939+0000] {logging_mixin.py:188} INFO - [2026-05-02T00:09:41.939+0000] {dag.py:3947} INFO - Setting next_dagrun for dataset_consumes_1_and_2 to None, run_after=None
[2026-05-02T00:09:41.940+0000] {logging_mixin.py:188} INFO - [2026-05-02T00:09:41.940+0000] {dag.py:3947} INFO - Setting next_dagrun for dataset_consumes_1_never_scheduled to None, run_after=None
[2026-05-02T00:09:41.940+0000] {logging_mixin.py:188} INFO - [2026-05-02T00:09:41.940+0000] {dag.py:3947} INFO - Setting next_dagrun for dataset_consumes_unknown_never_scheduled to None, run_after=None
[2026-05-02T00:09:41.941+0000] {logging_mixin.py:188} INFO - [2026-05-02T00:09:41.941+0000] {dag.py:3947} INFO - Setting next_dagrun for dataset_produces_1 to 2026-05-01 00:00:00+00:00, run_after=2026-05-02 00:00:00+00:00
[2026-05-02T00:09:41.941+0000] {logging_mixin.py:188} INFO - [2026-05-02T00:09:41.941+0000] {dag.py:3947} INFO - Setting next_dagrun for dataset_produces_2 to None, run_after=None
[2026-05-02T00:09:41.951+0000] {processor.py:183} INFO - Processing /home/airflow/.local/lib/python3.12/site-packages/airflow/example_dags/example_datasets.py took 0.062 seconds
[2026-05-02T00:10:12.848+0000] {processor.py:161} INFO - Started process (PID=11164) to work on /home/airflow/.local/lib/python3.12/site-packages/airflow/example_dags/example_datasets.py
[2026-05-02T00:10:12.848+0000] {processor.py:830} INFO - Processing file /home/airflow/.local/lib/python3.12/site-packages/airflow/example_dags/example_datasets.py for tasks to queue
[2026-05-02T00:10:12.849+0000] {logging_mixin.py:188} INFO - [2026-05-02T00:10:12.849+0000] {dagbag.py:545} INFO - Filling up the DagBag from /home/airflow/.local/lib/python3.12/site-packages/airflow/example_dags/example_datasets.py
[2026-05-02T00:10:12.854+0000] {processor.py:840} INFO - DAG(s) 'dataset_consumes_1', 'consume_1_or_2_with_dataset_expressions', 'conditional_dataset_and_time_based_timetable', 'dataset_consumes_unknown_never_scheduled', 'dataset_produces_1', 'consume_1_or_both_2_and_3_with_dataset_expressions', 'dataset_consumes_1_never_scheduled', 'consume_1_and_2_with_dataset_expressions', 'dataset_consumes_1_and_2', 'dataset_produces_2' retrieved from /home/airflow/.local/lib/python3.12/site-packages/airflow/example_dags/example_datasets.py
[2026-05-02T00:10:12.870+0000] {logging_mixin.py:188} INFO - [2026-05-02T00:10:12.869+0000] {dag.py:3089} INFO - Sync 10 DAGs
[2026-05-02T00:10:12.952+0000] {logging_mixin.py:188} INFO - [2026-05-02T00:10:12.952+0000] {dag.py:3947} INFO - Setting next_dagrun for conditional_dataset_and_time_based_timetable to 2026-04-29 01:00:00+00:00, run_after=2026-04-29 01:00:00+00:00
[2026-05-02T00:10:12.954+0000] {logging_mixin.py:188} INFO - [2026-05-02T00:10:12.954+0000] {dag.py:3947} INFO - Setting next_dagrun for consume_1_and_2_with_dataset_expressions to None, run_after=None
[2026-05-02T00:10:12.960+0000] {logging_mixin.py:188} INFO - [2026-05-02T00:10:12.959+0000] {dag.py:3947} INFO - Setting next_dagrun for consume_1_or_2_with_dataset_expressions to None, run_after=None
[2026-05-02T00:10:12.960+0000] {logging_mixin.py:188} INFO - [2026-05-02T00:10:12.960+0000] {dag.py:3947} INFO - Setting next_dagrun for consume_1_or_both_2_and_3_with_dataset_expressions to None, run_after=None
[2026-05-02T00:10:12.960+0000] {logging_mixin.py:188} INFO - [2026-05-02T00:10:12.960+0000] {dag.py:3947} INFO - Setting next_dagrun for dataset_consumes_1 to None, run_after=None
[2026-05-02T00:10:12.960+0000] {logging_mixin.py:188} INFO - [2026-05-02T00:10:12.960+0000] {dag.py:3947} INFO - Setting next_dagrun for dataset_consumes_1_and_2 to None, run_after=None
[2026-05-02T00:10:12.961+0000] {logging_mixin.py:188} INFO - [2026-05-02T00:10:12.961+0000] {dag.py:3947} INFO - Setting next_dagrun for dataset_consumes_1_never_scheduled to None, run_after=None
[2026-05-02T00:10:12.961+0000] {logging_mixin.py:188} INFO - [2026-05-02T00:10:12.961+0000] {dag.py:3947} INFO - Setting next_dagrun for dataset_consumes_unknown_never_scheduled to None, run_after=None
[2026-05-02T00:10:12.961+0000] {logging_mixin.py:188} INFO - [2026-05-02T00:10:12.961+0000] {dag.py:3947} INFO - Setting next_dagrun for dataset_produces_1 to 2026-05-01 00:00:00+00:00, run_after=2026-05-02 00:00:00+00:00
[2026-05-02T00:10:12.962+0000] {logging_mixin.py:188} INFO - [2026-05-02T00:10:12.962+0000] {dag.py:3947} INFO - Setting next_dagrun for dataset_produces_2 to None, run_after=None
[2026-05-02T00:10:12.976+0000] {processor.py:183} INFO - Processing /home/airflow/.local/lib/python3.12/site-packages/airflow/example_dags/example_datasets.py took 0.131 seconds
[2026-05-02T00:10:43.262+0000] {processor.py:161} INFO - Started process (PID=11224) to work on /home/airflow/.local/lib/python3.12/site-packages/airflow/example_dags/example_datasets.py
[2026-05-02T00:10:43.263+0000] {processor.py:830} INFO - Processing file /home/airflow/.local/lib/python3.12/site-packages/airflow/example_dags/example_datasets.py for tasks to queue
[2026-05-02T00:10:43.264+0000] {logging_mixin.py:188} INFO - [2026-05-02T00:10:43.263+0000] {dagbag.py:545} INFO - Filling up the DagBag from /home/airflow/.local/lib/python3.12/site-packages/airflow/example_dags/example_datasets.py
[2026-05-02T00:10:43.269+0000] {processor.py:840} INFO - DAG(s) 'consume_1_or_both_2_and_3_with_dataset_expressions', 'dataset_consumes_1_and_2', 'consume_1_or_2_with_dataset_expressions', 'consume_1_and_2_with_dataset_expressions', 'dataset_produces_1', 'dataset_consumes_1', 'dataset_consumes_1_never_scheduled', 'dataset_consumes_unknown_never_scheduled', 'dataset_produces_2', 'conditional_dataset_and_time_based_timetable' retrieved from /home/airflow/.local/lib/python3.12/site-packages/airflow/example_dags/example_datasets.py
[2026-05-02T00:10:43.284+0000] {logging_mixin.py:188} INFO - [2026-05-02T00:10:43.284+0000] {dag.py:3089} INFO - Sync 10 DAGs
[2026-05-02T00:10:43.363+0000] {logging_mixin.py:188} INFO - [2026-05-02T00:10:43.363+0000] {dag.py:3947} INFO - Setting next_dagrun for conditional_dataset_and_time_based_timetable to 2026-04-29 01:00:00+00:00, run_after=2026-04-29 01:00:00+00:00
[2026-05-02T00:10:43.365+0000] {logging_mixin.py:188} INFO - [2026-05-02T00:10:43.365+0000] {dag.py:3947} INFO - Setting next_dagrun for consume_1_and_2_with_dataset_expressions to None, run_after=None
[2026-05-02T00:10:43.369+0000] {logging_mixin.py:188} INFO - [2026-05-02T00:10:43.368+0000] {dag.py:3947} INFO - Setting next_dagrun for consume_1_or_2_with_dataset_expressions to None, run_after=None
[2026-05-02T00:10:43.369+0000] {logging_mixin.py:188} INFO - [2026-05-02T00:10:43.369+0000] {dag.py:3947} INFO - Setting next_dagrun for consume_1_or_both_2_and_3_with_dataset_expressions to None, run_after=None
[2026-05-02T00:10:43.369+0000] {logging_mixin.py:188} INFO - [2026-05-02T00:10:43.369+0000] {dag.py:3947} INFO - Setting next_dagrun for dataset_consumes_1 to None, run_after=None
[2026-05-02T00:10:43.369+0000] {logging_mixin.py:188} INFO - [2026-05-02T00:10:43.369+0000] {dag.py:3947} INFO - Setting next_dagrun for dataset_consumes_1_and_2 to None, run_after=None
[2026-05-02T00:10:43.370+0000] {logging_mixin.py:188} INFO - [2026-05-02T00:10:43.370+0000] {dag.py:3947} INFO - Setting next_dagrun for dataset_consumes_1_never_scheduled to None, run_after=None
[2026-05-02T00:10:43.370+0000] {logging_mixin.py:188} INFO - [2026-05-02T00:10:43.370+0000] {dag.py:3947} INFO - Setting next_dagrun for dataset_consumes_unknown_never_scheduled to None, run_after=None
[2026-05-02T00:10:43.371+0000] {logging_mixin.py:188} INFO - [2026-05-02T00:10:43.370+0000] {dag.py:3947} INFO - Setting next_dagrun for dataset_produces_1 to 2026-05-01 00:00:00+00:00, run_after=2026-05-02 00:00:00+00:00
[2026-05-02T00:10:43.374+0000] {logging_mixin.py:188} INFO - [2026-05-02T00:10:43.374+0000] {dag.py:3947} INFO - Setting next_dagrun for dataset_produces_2 to None, run_after=None
[2026-05-02T00:10:43.387+0000] {processor.py:183} INFO - Processing /home/airflow/.local/lib/python3.12/site-packages/airflow/example_dags/example_datasets.py took 0.127 seconds
[2026-05-02T00:11:13.910+0000] {processor.py:161} INFO - Started process (PID=11284) to work on /home/airflow/.local/lib/python3.12/site-packages/airflow/example_dags/example_datasets.py
[2026-05-02T00:11:13.911+0000] {processor.py:830} INFO - Processing file /home/airflow/.local/lib/python3.12/site-packages/airflow/example_dags/example_datasets.py for tasks to queue
[2026-05-02T00:11:13.912+0000] {logging_mixin.py:188} INFO - [2026-05-02T00:11:13.911+0000] {dagbag.py:545} INFO - Filling up the DagBag from /home/airflow/.local/lib/python3.12/site-packages/airflow/example_dags/example_datasets.py
[2026-05-02T00:11:13.919+0000] {processor.py:840} INFO - DAG(s) 'dataset_consumes_1', 'dataset_consumes_1_and_2', 'dataset_consumes_1_never_scheduled', 'dataset_produces_2', 'consume_1_or_2_with_dataset_expressions', 'dataset_produces_1', 'consume_1_or_both_2_and_3_with_dataset_expressions', 'dataset_consumes_unknown_never_scheduled', 'conditional_dataset_and_time_based_timetable', 'consume_1_and_2_with_dataset_expressions' retrieved from /home/airflow/.local/lib/python3.12/site-packages/airflow/example_dags/example_datasets.py
[2026-05-02T00:11:13.943+0000] {logging_mixin.py:188} INFO - [2026-05-02T00:11:13.942+0000] {dag.py:3089} INFO - Sync 10 DAGs
[2026-05-02T00:11:13.953+0000] {logging_mixin.py:188} INFO - [2026-05-02T00:11:13.952+0000] {dag.py:3947} INFO - Setting next_dagrun for conditional_dataset_and_time_based_timetable to 2026-04-29 01:00:00+00:00, run_after=2026-04-29 01:00:00+00:00
[2026-05-02T00:11:13.955+0000] {logging_mixin.py:188} INFO - [2026-05-02T00:11:13.955+0000] {dag.py:3947} INFO - Setting next_dagrun for consume_1_and_2_with_dataset_expressions to None, run_after=None
[2026-05-02T00:11:13.956+0000] {logging_mixin.py:188} INFO - [2026-05-02T00:11:13.956+0000] {dag.py:3947} INFO - Setting next_dagrun for consume_1_or_2_with_dataset_expressions to None, run_after=None
[2026-05-02T00:11:13.956+0000] {logging_mixin.py:188} INFO - [2026-05-02T00:11:13.956+0000] {dag.py:3947} INFO - Setting next_dagrun for consume_1_or_both_2_and_3_with_dataset_expressions to None, run_after=None
[2026-05-02T00:11:13.956+0000] {logging_mixin.py:188} INFO - [2026-05-02T00:11:13.956+0000] {dag.py:3947} INFO - Setting next_dagrun for dataset_consumes_1 to None, run_after=None
[2026-05-02T00:11:13.957+0000] {logging_mixin.py:188} INFO - [2026-05-02T00:11:13.957+0000] {dag.py:3947} INFO - Setting next_dagrun for dataset_consumes_1_and_2 to None, run_after=None
[2026-05-02T00:11:13.957+0000] {logging_mixin.py:188} INFO - [2026-05-02T00:11:13.957+0000] {dag.py:3947} INFO - Setting next_dagrun for dataset_consumes_1_never_scheduled to None, run_after=None
[2026-05-02T00:11:13.958+0000] {logging_mixin.py:188} INFO - [2026-05-02T00:11:13.958+0000] {dag.py:3947} INFO - Setting next_dagrun for dataset_consumes_unknown_never_scheduled to None, run_after=None
[2026-05-02T00:11:13.960+0000] {logging_mixin.py:188} INFO - [2026-05-02T00:11:13.960+0000] {dag.py:3947} INFO - Setting next_dagrun for dataset_produces_1 to 2026-05-01 00:00:00+00:00, run_after=2026-05-02 00:00:00+00:00
[2026-05-02T00:11:13.962+0000] {logging_mixin.py:188} INFO - [2026-05-02T00:11:13.961+0000] {dag.py:3947} INFO - Setting next_dagrun for dataset_produces_2 to None, run_after=None
[2026-05-02T00:11:13.979+0000] {processor.py:183} INFO - Processing /home/airflow/.local/lib/python3.12/site-packages/airflow/example_dags/example_datasets.py took 0.071 seconds
[2026-05-02T00:11:44.567+0000] {processor.py:161} INFO - Started process (PID=11344) to work on /home/airflow/.local/lib/python3.12/site-packages/airflow/example_dags/example_datasets.py
[2026-05-02T00:11:44.567+0000] {processor.py:830} INFO - Processing file /home/airflow/.local/lib/python3.12/site-packages/airflow/example_dags/example_datasets.py for tasks to queue
[2026-05-02T00:11:44.569+0000] {logging_mixin.py:188} INFO - [2026-05-02T00:11:44.569+0000] {dagbag.py:545} INFO - Filling up the DagBag from /home/airflow/.local/lib/python3.12/site-packages/airflow/example_dags/example_datasets.py
[2026-05-02T00:11:44.574+0000] {processor.py:840} INFO - DAG(s) 'dataset_consumes_unknown_never_scheduled', 'consume_1_or_both_2_and_3_with_dataset_expressions', 'dataset_produces_1', 'dataset_consumes_1_and_2', 'dataset_produces_2', 'consume_1_or_2_with_dataset_expressions', 'dataset_consumes_1', 'dataset_consumes_1_never_scheduled', 'consume_1_and_2_with_dataset_expressions', 'conditional_dataset_and_time_based_timetable' retrieved from /home/airflow/.local/lib/python3.12/site-packages/airflow/example_dags/example_datasets.py
[2026-05-02T00:11:44.597+0000] {logging_mixin.py:188} INFO - [2026-05-02T00:11:44.597+0000] {dag.py:3089} INFO - Sync 10 DAGs
[2026-05-02T00:11:44.608+0000] {logging_mixin.py:188} INFO - [2026-05-02T00:11:44.608+0000] {dag.py:3947} INFO - Setting next_dagrun for conditional_dataset_and_time_based_timetable to 2026-04-29 01:00:00+00:00, run_after=2026-04-29 01:00:00+00:00
[2026-05-02T00:11:44.609+0000] {logging_mixin.py:188} INFO - [2026-05-02T00:11:44.609+0000] {dag.py:3947} INFO - Setting next_dagrun for consume_1_and_2_with_dataset_expressions to None, run_after=None
[2026-05-02T00:11:44.609+0000] {logging_mixin.py:188} INFO - [2026-05-02T00:11:44.609+0000] {dag.py:3947} INFO - Setting next_dagrun for consume_1_or_2_with_dataset_expressions to None, run_after=None
[2026-05-02T00:11:44.610+0000] {logging_mixin.py:188} INFO - [2026-05-02T00:11:44.609+0000] {dag.py:3947} INFO - Setting next_dagrun for consume_1_or_both_2_and_3_with_dataset_expressions to None, run_after=None
[2026-05-02T00:11:44.610+0000] {logging_mixin.py:188} INFO - [2026-05-02T00:11:44.610+0000] {dag.py:3947} INFO - Setting next_dagrun for dataset_consumes_1 to None, run_after=None
[2026-05-02T00:11:44.610+0000] {logging_mixin.py:188} INFO - [2026-05-02T00:11:44.610+0000] {dag.py:3947} INFO - Setting next_dagrun for dataset_consumes_1_and_2 to None, run_after=None
[2026-05-02T00:11:44.610+0000] {logging_mixin.py:188} INFO - [2026-05-02T00:11:44.610+0000] {dag.py:3947} INFO - Setting next_dagrun for dataset_consumes_1_never_scheduled to None, run_after=None
[2026-05-02T00:11:44.611+0000] {logging_mixin.py:188} INFO - [2026-05-02T00:11:44.611+0000] {dag.py:3947} INFO - Setting next_dagrun for dataset_consumes_unknown_never_scheduled to None, run_after=None
[2026-05-02T00:11:44.612+0000] {logging_mixin.py:188} INFO - [2026-05-02T00:11:44.612+0000] {dag.py:3947} INFO - Setting next_dagrun for dataset_produces_1 to 2026-05-01 00:00:00+00:00, run_after=2026-05-02 00:00:00+00:00
[2026-05-02T00:11:44.612+0000] {logging_mixin.py:188} INFO - [2026-05-02T00:11:44.612+0000] {dag.py:3947} INFO - Setting next_dagrun for dataset_produces_2 to None, run_after=None
[2026-05-02T00:11:44.633+0000] {processor.py:183} INFO - Processing /home/airflow/.local/lib/python3.12/site-packages/airflow/example_dags/example_datasets.py took 0.068 seconds
[2026-05-02T00:12:15.180+0000] {processor.py:161} INFO - Started process (PID=11404) to work on /home/airflow/.local/lib/python3.12/site-packages/airflow/example_dags/example_datasets.py
[2026-05-02T00:12:15.181+0000] {processor.py:830} INFO - Processing file /home/airflow/.local/lib/python3.12/site-packages/airflow/example_dags/example_datasets.py for tasks to queue
[2026-05-02T00:12:15.181+0000] {logging_mixin.py:188} INFO - [2026-05-02T00:12:15.181+0000] {dagbag.py:545} INFO - Filling up the DagBag from /home/airflow/.local/lib/python3.12/site-packages/airflow/example_dags/example_datasets.py
[2026-05-02T00:12:15.187+0000] {processor.py:840} INFO - DAG(s) 'consume_1_and_2_with_dataset_expressions', 'dataset_consumes_1_and_2', 'dataset_consumes_unknown_never_scheduled', 'consume_1_or_both_2_and_3_with_dataset_expressions', 'conditional_dataset_and_time_based_timetable', 'consume_1_or_2_with_dataset_expressions', 'dataset_produces_1', 'dataset_produces_2', 'dataset_consumes_1_never_scheduled', 'dataset_consumes_1' retrieved from /home/airflow/.local/lib/python3.12/site-packages/airflow/example_dags/example_datasets.py
[2026-05-02T00:12:15.212+0000] {logging_mixin.py:188} INFO - [2026-05-02T00:12:15.212+0000] {dag.py:3089} INFO - Sync 10 DAGs
[2026-05-02T00:12:15.222+0000] {logging_mixin.py:188} INFO - [2026-05-02T00:12:15.222+0000] {dag.py:3947} INFO - Setting next_dagrun for conditional_dataset_and_time_based_timetable to 2026-04-29 01:00:00+00:00, run_after=2026-04-29 01:00:00+00:00
[2026-05-02T00:12:15.223+0000] {logging_mixin.py:188} INFO - [2026-05-02T00:12:15.223+0000] {dag.py:3947} INFO - Setting next_dagrun for consume_1_and_2_with_dataset_expressions to None, run_after=None
[2026-05-02T00:12:15.224+0000] {logging_mixin.py:188} INFO - [2026-05-02T00:12:15.223+0000] {dag.py:3947} INFO - Setting next_dagrun for consume_1_or_2_with_dataset_expressions to None, run_after=None
[2026-05-02T00:12:15.224+0000] {logging_mixin.py:188} INFO - [2026-05-02T00:12:15.224+0000] {dag.py:3947} INFO - Setting next_dagrun for consume_1_or_both_2_and_3_with_dataset_expressions to None, run_after=None
[2026-05-02T00:12:15.224+0000] {logging_mixin.py:188} INFO - [2026-05-02T00:12:15.224+0000] {dag.py:3947} INFO - Setting next_dagrun for dataset_consumes_1 to None, run_after=None
[2026-05-02T00:12:15.225+0000] {logging_mixin.py:188} INFO - [2026-05-02T00:12:15.225+0000] {dag.py:3947} INFO - Setting next_dagrun for dataset_consumes_1_and_2 to None, run_after=None
[2026-05-02T00:12:15.225+0000] {logging_mixin.py:188} INFO - [2026-05-02T00:12:15.225+0000] {dag.py:3947} INFO - Setting next_dagrun for dataset_consumes_1_never_scheduled to None, run_after=None
[2026-05-02T00:12:15.225+0000] {logging_mixin.py:188} INFO - [2026-05-02T00:12:15.225+0000] {dag.py:3947} INFO - Setting next_dagrun for dataset_consumes_unknown_never_scheduled to None, run_after=None
[2026-05-02T00:12:15.226+0000] {logging_mixin.py:188} INFO - [2026-05-02T00:12:15.226+0000] {dag.py:3947} INFO - Setting next_dagrun for dataset_produces_1 to 2026-05-01 00:00:00+00:00, run_after=2026-05-02 00:00:00+00:00
[2026-05-02T00:12:15.226+0000] {logging_mixin.py:188} INFO - [2026-05-02T00:12:15.226+0000] {dag.py:3947} INFO - Setting next_dagrun for dataset_produces_2 to None, run_after=None
[2026-05-02T00:12:15.244+0000] {processor.py:183} INFO - Processing /home/airflow/.local/lib/python3.12/site-packages/airflow/example_dags/example_datasets.py took 0.066 seconds
[2026-05-02T00:12:45.755+0000] {processor.py:161} INFO - Started process (PID=11464) to work on /home/airflow/.local/lib/python3.12/site-packages/airflow/example_dags/example_datasets.py
[2026-05-02T00:12:45.755+0000] {processor.py:830} INFO - Processing file /home/airflow/.local/lib/python3.12/site-packages/airflow/example_dags/example_datasets.py for tasks to queue
[2026-05-02T00:12:45.756+0000] {logging_mixin.py:188} INFO - [2026-05-02T00:12:45.756+0000] {dagbag.py:545} INFO - Filling up the DagBag from /home/airflow/.local/lib/python3.12/site-packages/airflow/example_dags/example_datasets.py
[2026-05-02T00:12:45.761+0000] {processor.py:840} INFO - DAG(s) 'dataset_produces_2', 'conditional_dataset_and_time_based_timetable', 'dataset_consumes_1_and_2', 'consume_1_or_both_2_and_3_with_dataset_expressions', 'dataset_consumes_1', 'dataset_consumes_unknown_never_scheduled', 'dataset_produces_1', 'dataset_consumes_1_never_scheduled', 'consume_1_or_2_with_dataset_expressions', 'consume_1_and_2_with_dataset_expressions' retrieved from /home/airflow/.local/lib/python3.12/site-packages/airflow/example_dags/example_datasets.py
[2026-05-02T00:12:45.784+0000] {logging_mixin.py:188} INFO - [2026-05-02T00:12:45.784+0000] {dag.py:3089} INFO - Sync 10 DAGs
[2026-05-02T00:12:45.792+0000] {logging_mixin.py:188} INFO - [2026-05-02T00:12:45.791+0000] {dag.py:3947} INFO - Setting next_dagrun for conditional_dataset_and_time_based_timetable to 2026-04-29 01:00:00+00:00, run_after=2026-04-29 01:00:00+00:00
[2026-05-02T00:12:45.794+0000] {logging_mixin.py:188} INFO - [2026-05-02T00:12:45.794+0000] {dag.py:3947} INFO - Setting next_dagrun for consume_1_and_2_with_dataset_expressions to None, run_after=None
[2026-05-02T00:12:45.795+0000] {logging_mixin.py:188} INFO - [2026-05-02T00:12:45.795+0000] {dag.py:3947} INFO - Setting next_dagrun for consume_1_or_2_with_dataset_expressions to None, run_after=None
[2026-05-02T00:12:45.796+0000] {logging_mixin.py:188} INFO - [2026-05-02T00:12:45.796+0000] {dag.py:3947} INFO - Setting next_dagrun for consume_1_or_both_2_and_3_with_dataset_expressions to None, run_after=None
[2026-05-02T00:12:45.796+0000] {logging_mixin.py:188} INFO - [2026-05-02T00:12:45.796+0000] {dag.py:3947} INFO - Setting next_dagrun for dataset_consumes_1 to None, run_after=None
[2026-05-02T00:12:45.796+0000] {logging_mixin.py:188} INFO - [2026-05-02T00:12:45.796+0000] {dag.py:3947} INFO - Setting next_dagrun for dataset_consumes_1_and_2 to None, run_after=None
[2026-05-02T00:12:45.797+0000] {logging_mixin.py:188} INFO - [2026-05-02T00:12:45.797+0000] {dag.py:3947} INFO - Setting next_dagrun for dataset_consumes_1_never_scheduled to None, run_after=None
[2026-05-02T00:12:45.797+0000] {logging_mixin.py:188} INFO - [2026-05-02T00:12:45.797+0000] {dag.py:3947} INFO - Setting next_dagrun for dataset_consumes_unknown_never_scheduled to None, run_after=None
[2026-05-02T00:12:45.798+0000] {logging_mixin.py:188} INFO - [2026-05-02T00:12:45.798+0000] {dag.py:3947} INFO - Setting next_dagrun for dataset_produces_1 to 2026-05-01 00:00:00+00:00, run_after=2026-05-02 00:00:00+00:00
[2026-05-02T00:12:45.798+0000] {logging_mixin.py:188} INFO - [2026-05-02T00:12:45.798+0000] {dag.py:3947} INFO - Setting next_dagrun for dataset_produces_2 to None, run_after=None
[2026-05-02T00:12:45.810+0000] {processor.py:183} INFO - Processing /home/airflow/.local/lib/python3.12/site-packages/airflow/example_dags/example_datasets.py took 0.058 seconds
[2026-05-02T00:13:16.260+0000] {processor.py:161} INFO - Started process (PID=11524) to work on /home/airflow/.local/lib/python3.12/site-packages/airflow/example_dags/example_datasets.py
[2026-05-02T00:13:16.261+0000] {processor.py:830} INFO - Processing file /home/airflow/.local/lib/python3.12/site-packages/airflow/example_dags/example_datasets.py for tasks to queue
[2026-05-02T00:13:16.261+0000] {logging_mixin.py:188} INFO - [2026-05-02T00:13:16.261+0000] {dagbag.py:545} INFO - Filling up the DagBag from /home/airflow/.local/lib/python3.12/site-packages/airflow/example_dags/example_datasets.py
[2026-05-02T00:13:16.266+0000] {processor.py:840} INFO - DAG(s) 'dataset_produces_2', 'consume_1_or_2_with_dataset_expressions', 'dataset_consumes_unknown_never_scheduled', 'consume_1_or_both_2_and_3_with_dataset_expressions', 'conditional_dataset_and_time_based_timetable', 'dataset_consumes_1_never_scheduled', 'dataset_produces_1', 'dataset_consumes_1', 'consume_1_and_2_with_dataset_expressions', 'dataset_consumes_1_and_2' retrieved from /home/airflow/.local/lib/python3.12/site-packages/airflow/example_dags/example_datasets.py
[2026-05-02T00:13:16.287+0000] {logging_mixin.py:188} INFO - [2026-05-02T00:13:16.287+0000] {dag.py:3089} INFO - Sync 10 DAGs
[2026-05-02T00:13:16.296+0000] {logging_mixin.py:188} INFO - [2026-05-02T00:13:16.296+0000] {dag.py:3947} INFO - Setting next_dagrun for conditional_dataset_and_time_based_timetable to 2026-04-29 01:00:00+00:00, run_after=2026-04-29 01:00:00+00:00
[2026-05-02T00:13:16.299+0000] {logging_mixin.py:188} INFO - [2026-05-02T00:13:16.299+0000] {dag.py:3947} INFO - Setting next_dagrun for consume_1_and_2_with_dataset_expressions to None, run_after=None
[2026-05-02T00:13:16.300+0000] {logging_mixin.py:188} INFO - [2026-05-02T00:13:16.300+0000] {dag.py:3947} INFO - Setting next_dagrun for consume_1_or_2_with_dataset_expressions to None, run_after=None
[2026-05-02T00:13:16.300+0000] {logging_mixin.py:188} INFO - [2026-05-02T00:13:16.300+0000] {dag.py:3947} INFO - Setting next_dagrun for consume_1_or_both_2_and_3_with_dataset_expressions to None, run_after=None
[2026-05-02T00:13:16.301+0000] {logging_mixin.py:188} INFO - [2026-05-02T00:13:16.301+0000] {dag.py:3947} INFO - Setting next_dagrun for dataset_consumes_1 to None, run_after=None
[2026-05-02T00:13:16.301+0000] {logging_mixin.py:188} INFO - [2026-05-02T00:13:16.301+0000] {dag.py:3947} INFO - Setting next_dagrun for dataset_consumes_1_and_2 to None, run_after=None
[2026-05-02T00:13:16.301+0000] {logging_mixin.py:188} INFO - [2026-05-02T00:13:16.301+0000] {dag.py:3947} INFO - Setting next_dagrun for dataset_consumes_1_never_scheduled to None, run_after=None
[2026-05-02T00:13:16.302+0000] {logging_mixin.py:188} INFO - [2026-05-02T00:13:16.302+0000] {dag.py:3947} INFO - Setting next_dagrun for dataset_consumes_unknown_never_scheduled to None, run_after=None
[2026-05-02T00:13:16.302+0000] {logging_mixin.py:188} INFO - [2026-05-02T00:13:16.302+0000] {dag.py:3947} INFO - Setting next_dagrun for dataset_produces_1 to 2026-05-01 00:00:00+00:00, run_after=2026-05-02 00:00:00+00:00
[2026-05-02T00:13:16.303+0000] {logging_mixin.py:188} INFO - [2026-05-02T00:13:16.303+0000] {dag.py:3947} INFO - Setting next_dagrun for dataset_produces_2 to None, run_after=None
[2026-05-02T00:13:16.317+0000] {processor.py:183} INFO - Processing /home/airflow/.local/lib/python3.12/site-packages/airflow/example_dags/example_datasets.py took 0.059 seconds
[2026-05-02T00:13:46.750+0000] {processor.py:161} INFO - Started process (PID=11584) to work on /home/airflow/.local/lib/python3.12/site-packages/airflow/example_dags/example_datasets.py
[2026-05-02T00:13:46.750+0000] {processor.py:830} INFO - Processing file /home/airflow/.local/lib/python3.12/site-packages/airflow/example_dags/example_datasets.py for tasks to queue
[2026-05-02T00:13:46.751+0000] {logging_mixin.py:188} INFO - [2026-05-02T00:13:46.751+0000] {dagbag.py:545} INFO - Filling up the DagBag from /home/airflow/.local/lib/python3.12/site-packages/airflow/example_dags/example_datasets.py
[2026-05-02T00:13:46.758+0000] {processor.py:840} INFO - DAG(s) 'conditional_dataset_and_time_based_timetable', 'dataset_consumes_1_never_scheduled', 'dataset_produces_2', 'dataset_consumes_1_and_2', 'dataset_consumes_unknown_never_scheduled', 'consume_1_or_both_2_and_3_with_dataset_expressions', 'dataset_produces_1', 'dataset_consumes_1', 'consume_1_and_2_with_dataset_expressions', 'consume_1_or_2_with_dataset_expressions' retrieved from /home/airflow/.local/lib/python3.12/site-packages/airflow/example_dags/example_datasets.py
[2026-05-02T00:13:46.781+0000] {logging_mixin.py:188} INFO - [2026-05-02T00:13:46.781+0000] {dag.py:3089} INFO - Sync 10 DAGs
[2026-05-02T00:13:46.790+0000] {logging_mixin.py:188} INFO - [2026-05-02T00:13:46.790+0000] {dag.py:3947} INFO - Setting next_dagrun for conditional_dataset_and_time_based_timetable to 2026-04-29 01:00:00+00:00, run_after=2026-04-29 01:00:00+00:00
[2026-05-02T00:13:46.792+0000] {logging_mixin.py:188} INFO - [2026-05-02T00:13:46.792+0000] {dag.py:3947} INFO - Setting next_dagrun for consume_1_and_2_with_dataset_expressions to None, run_after=None
[2026-05-02T00:13:46.793+0000] {logging_mixin.py:188} INFO - [2026-05-02T00:13:46.793+0000] {dag.py:3947} INFO - Setting next_dagrun for consume_1_or_2_with_dataset_expressions to None, run_after=None
[2026-05-02T00:13:46.793+0000] {logging_mixin.py:188} INFO - [2026-05-02T00:13:46.793+0000] {dag.py:3947} INFO - Setting next_dagrun for consume_1_or_both_2_and_3_with_dataset_expressions to None, run_after=None
[2026-05-02T00:13:46.794+0000] {logging_mixin.py:188} INFO - [2026-05-02T00:13:46.794+0000] {dag.py:3947} INFO - Setting next_dagrun for dataset_consumes_1 to None, run_after=None
[2026-05-02T00:13:46.794+0000] {logging_mixin.py:188} INFO - [2026-05-02T00:13:46.794+0000] {dag.py:3947} INFO - Setting next_dagrun for dataset_consumes_1_and_2 to None, run_after=None
[2026-05-02T00:13:46.795+0000] {logging_mixin.py:188} INFO - [2026-05-02T00:13:46.795+0000] {dag.py:3947} INFO - Setting next_dagrun for dataset_consumes_1_never_scheduled to None, run_after=None
[2026-05-02T00:13:46.795+0000] {logging_mixin.py:188} INFO - [2026-05-02T00:13:46.795+0000] {dag.py:3947} INFO - Setting next_dagrun for dataset_consumes_unknown_never_scheduled to None, run_after=None
[2026-05-02T00:13:46.796+0000] {logging_mixin.py:188} INFO - [2026-05-02T00:13:46.796+0000] {dag.py:3947} INFO - Setting next_dagrun for dataset_produces_1 to 2026-05-01 00:00:00+00:00, run_after=2026-05-02 00:00:00+00:00
[2026-05-02T00:13:46.797+0000] {logging_mixin.py:188} INFO - [2026-05-02T00:13:46.797+0000] {dag.py:3947} INFO - Setting next_dagrun for dataset_produces_2 to None, run_after=None
[2026-05-02T00:13:46.814+0000] {processor.py:183} INFO - Processing /home/airflow/.local/lib/python3.12/site-packages/airflow/example_dags/example_datasets.py took 0.067 seconds
[2026-05-02T00:14:17.308+0000] {processor.py:161} INFO - Started process (PID=11644) to work on /home/airflow/.local/lib/python3.12/site-packages/airflow/example_dags/example_datasets.py
[2026-05-02T00:14:17.308+0000] {processor.py:830} INFO - Processing file /home/airflow/.local/lib/python3.12/site-packages/airflow/example_dags/example_datasets.py for tasks to queue
[2026-05-02T00:14:17.309+0000] {logging_mixin.py:188} INFO - [2026-05-02T00:14:17.309+0000] {dagbag.py:545} INFO - Filling up the DagBag from /home/airflow/.local/lib/python3.12/site-packages/airflow/example_dags/example_datasets.py
[2026-05-02T00:14:17.314+0000] {processor.py:840} INFO - DAG(s) 'consume_1_or_2_with_dataset_expressions', 'dataset_produces_2', 'conditional_dataset_and_time_based_timetable', 'dataset_consumes_1_and_2', 'dataset_produces_1', 'consume_1_or_both_2_and_3_with_dataset_expressions', 'dataset_consumes_1_never_scheduled', 'dataset_consumes_unknown_never_scheduled', 'consume_1_and_2_with_dataset_expressions', 'dataset_consumes_1' retrieved from /home/airflow/.local/lib/python3.12/site-packages/airflow/example_dags/example_datasets.py
[2026-05-02T00:14:17.327+0000] {logging_mixin.py:188} INFO - [2026-05-02T00:14:17.327+0000] {dag.py:3089} INFO - Sync 10 DAGs
[2026-05-02T00:14:17.343+0000] {logging_mixin.py:188} INFO - [2026-05-02T00:14:17.343+0000] {dag.py:3947} INFO - Setting next_dagrun for conditional_dataset_and_time_based_timetable to 2026-04-29 01:00:00+00:00, run_after=2026-04-29 01:00:00+00:00
[2026-05-02T00:14:17.344+0000] {logging_mixin.py:188} INFO - [2026-05-02T00:14:17.344+0000] {dag.py:3947} INFO - Setting next_dagrun for consume_1_and_2_with_dataset_expressions to None, run_after=None
[2026-05-02T00:14:17.344+0000] {logging_mixin.py:188} INFO - [2026-05-02T00:14:17.344+0000] {dag.py:3947} INFO - Setting next_dagrun for consume_1_or_2_with_dataset_expressions to None, run_after=None
[2026-05-02T00:14:17.345+0000] {logging_mixin.py:188} INFO - [2026-05-02T00:14:17.345+0000] {dag.py:3947} INFO - Setting next_dagrun for consume_1_or_both_2_and_3_with_dataset_expressions to None, run_after=None
[2026-05-02T00:14:17.345+0000] {logging_mixin.py:188} INFO - [2026-05-02T00:14:17.345+0000] {dag.py:3947} INFO - Setting next_dagrun for dataset_consumes_1 to None, run_after=None
[2026-05-02T00:14:17.345+0000] {logging_mixin.py:188} INFO - [2026-05-02T00:14:17.345+0000] {dag.py:3947} INFO - Setting next_dagrun for dataset_consumes_1_and_2 to None, run_after=None
[2026-05-02T00:14:17.346+0000] {logging_mixin.py:188} INFO - [2026-05-02T00:14:17.345+0000] {dag.py:3947} INFO - Setting next_dagrun for dataset_consumes_1_never_scheduled to None, run_after=None
[2026-05-02T00:14:17.346+0000] {logging_mixin.py:188} INFO - [2026-05-02T00:14:17.346+0000] {dag.py:3947} INFO - Setting next_dagrun for dataset_consumes_unknown_never_scheduled to None, run_after=None
[2026-05-02T00:14:17.346+0000] {logging_mixin.py:188} INFO - [2026-05-02T00:14:17.346+0000] {dag.py:3947} INFO - Setting next_dagrun for dataset_produces_1 to 2026-05-01 00:00:00+00:00, run_after=2026-05-02 00:00:00+00:00
[2026-05-02T00:14:17.347+0000] {logging_mixin.py:188} INFO - [2026-05-02T00:14:17.347+0000] {dag.py:3947} INFO - Setting next_dagrun for dataset_produces_2 to None, run_after=None
[2026-05-02T00:14:17.355+0000] {processor.py:183} INFO - Processing /home/airflow/.local/lib/python3.12/site-packages/airflow/example_dags/example_datasets.py took 0.050 seconds
[2026-05-02T00:14:47.851+0000] {processor.py:161} INFO - Started process (PID=11704) to work on /home/airflow/.local/lib/python3.12/site-packages/airflow/example_dags/example_datasets.py
[2026-05-02T00:14:47.852+0000] {processor.py:830} INFO - Processing file /home/airflow/.local/lib/python3.12/site-packages/airflow/example_dags/example_datasets.py for tasks to queue
[2026-05-02T00:14:47.852+0000] {logging_mixin.py:188} INFO - [2026-05-02T00:14:47.852+0000] {dagbag.py:545} INFO - Filling up the DagBag from /home/airflow/.local/lib/python3.12/site-packages/airflow/example_dags/example_datasets.py
[2026-05-02T00:14:47.859+0000] {processor.py:840} INFO - DAG(s) 'dataset_produces_2', 'dataset_consumes_1_never_scheduled', 'dataset_consumes_1', 'dataset_consumes_unknown_never_scheduled', 'dataset_produces_1', 'consume_1_or_2_with_dataset_expressions', 'consume_1_or_both_2_and_3_with_dataset_expressions', 'conditional_dataset_and_time_based_timetable', 'dataset_consumes_1_and_2', 'consume_1_and_2_with_dataset_expressions' retrieved from /home/airflow/.local/lib/python3.12/site-packages/airflow/example_dags/example_datasets.py
[2026-05-02T00:14:47.873+0000] {logging_mixin.py:188} INFO - [2026-05-02T00:14:47.873+0000] {dag.py:3089} INFO - Sync 10 DAGs
[2026-05-02T00:14:47.882+0000] {logging_mixin.py:188} INFO - [2026-05-02T00:14:47.882+0000] {dag.py:3947} INFO - Setting next_dagrun for conditional_dataset_and_time_based_timetable to 2026-04-29 01:00:00+00:00, run_after=2026-04-29 01:00:00+00:00
[2026-05-02T00:14:47.884+0000] {logging_mixin.py:188} INFO - [2026-05-02T00:14:47.884+0000] {dag.py:3947} INFO - Setting next_dagrun for consume_1_and_2_with_dataset_expressions to None, run_after=None
[2026-05-02T00:14:47.886+0000] {logging_mixin.py:188} INFO - [2026-05-02T00:14:47.886+0000] {dag.py:3947} INFO - Setting next_dagrun for consume_1_or_2_with_dataset_expressions to None, run_after=None
[2026-05-02T00:14:47.887+0000] {logging_mixin.py:188} INFO - [2026-05-02T00:14:47.887+0000] {dag.py:3947} INFO - Setting next_dagrun for consume_1_or_both_2_and_3_with_dataset_expressions to None, run_after=None
[2026-05-02T00:14:47.887+0000] {logging_mixin.py:188} INFO - [2026-05-02T00:14:47.887+0000] {dag.py:3947} INFO - Setting next_dagrun for dataset_consumes_1 to None, run_after=None
[2026-05-02T00:14:47.887+0000] {logging_mixin.py:188} INFO - [2026-05-02T00:14:47.887+0000] {dag.py:3947} INFO - Setting next_dagrun for dataset_consumes_1_and_2 to None, run_after=None
[2026-05-02T00:14:47.888+0000] {logging_mixin.py:188} INFO - [2026-05-02T00:14:47.888+0000] {dag.py:3947} INFO - Setting next_dagrun for dataset_consumes_1_never_scheduled to None, run_after=None
[2026-05-02T00:14:47.888+0000] {logging_mixin.py:188} INFO - [2026-05-02T00:14:47.888+0000] {dag.py:3947} INFO - Setting next_dagrun for dataset_consumes_unknown_never_scheduled to None, run_after=None
[2026-05-02T00:14:47.889+0000] {logging_mixin.py:188} INFO - [2026-05-02T00:14:47.889+0000] {dag.py:3947} INFO - Setting next_dagrun for dataset_produces_1 to 2026-05-01 00:00:00+00:00, run_after=2026-05-02 00:00:00+00:00
[2026-05-02T00:14:47.889+0000] {logging_mixin.py:188} INFO - [2026-05-02T00:14:47.889+0000] {dag.py:3947} INFO - Setting next_dagrun for dataset_produces_2 to None, run_after=None
[2026-05-02T00:14:47.901+0000] {processor.py:183} INFO - Processing /home/airflow/.local/lib/python3.12/site-packages/airflow/example_dags/example_datasets.py took 0.053 seconds
[2026-05-02T00:15:18.609+0000] {processor.py:161} INFO - Started process (PID=11764) to work on /home/airflow/.local/lib/python3.12/site-packages/airflow/example_dags/example_datasets.py
[2026-05-02T00:15:18.611+0000] {processor.py:830} INFO - Processing file /home/airflow/.local/lib/python3.12/site-packages/airflow/example_dags/example_datasets.py for tasks to queue
[2026-05-02T00:15:18.618+0000] {logging_mixin.py:188} INFO - [2026-05-02T00:15:18.618+0000] {dagbag.py:545} INFO - Filling up the DagBag from /home/airflow/.local/lib/python3.12/site-packages/airflow/example_dags/example_datasets.py
[2026-05-02T00:15:18.634+0000] {processor.py:840} INFO - DAG(s) 'consume_1_and_2_with_dataset_expressions', 'consume_1_or_both_2_and_3_with_dataset_expressions', 'dataset_produces_1', 'conditional_dataset_and_time_based_timetable', 'dataset_produces_2', 'consume_1_or_2_with_dataset_expressions', 'dataset_consumes_1_never_scheduled', 'dataset_consumes_1_and_2', 'dataset_consumes_1', 'dataset_consumes_unknown_never_scheduled' retrieved from /home/airflow/.local/lib/python3.12/site-packages/airflow/example_dags/example_datasets.py
[2026-05-02T00:15:18.685+0000] {logging_mixin.py:188} INFO - [2026-05-02T00:15:18.685+0000] {dag.py:3089} INFO - Sync 10 DAGs
[2026-05-02T00:15:18.697+0000] {logging_mixin.py:188} INFO - [2026-05-02T00:15:18.697+0000] {dag.py:3947} INFO - Setting next_dagrun for conditional_dataset_and_time_based_timetable to 2026-04-29 01:00:00+00:00, run_after=2026-04-29 01:00:00+00:00
[2026-05-02T00:15:18.698+0000] {logging_mixin.py:188} INFO - [2026-05-02T00:15:18.698+0000] {dag.py:3947} INFO - Setting next_dagrun for consume_1_and_2_with_dataset_expressions to None, run_after=None
[2026-05-02T00:15:18.699+0000] {logging_mixin.py:188} INFO - [2026-05-02T00:15:18.699+0000] {dag.py:3947} INFO - Setting next_dagrun for consume_1_or_2_with_dataset_expressions to None, run_after=None
[2026-05-02T00:15:18.699+0000] {logging_mixin.py:188} INFO - [2026-05-02T00:15:18.699+0000] {dag.py:3947} INFO - Setting next_dagrun for consume_1_or_both_2_and_3_with_dataset_expressions to None, run_after=None
[2026-05-02T00:15:18.700+0000] {logging_mixin.py:188} INFO - [2026-05-02T00:15:18.700+0000] {dag.py:3947} INFO - Setting next_dagrun for dataset_consumes_1 to None, run_after=None
[2026-05-02T00:15:18.700+0000] {logging_mixin.py:188} INFO - [2026-05-02T00:15:18.700+0000] {dag.py:3947} INFO - Setting next_dagrun for dataset_consumes_1_and_2 to None, run_after=None
[2026-05-02T00:15:18.701+0000] {logging_mixin.py:188} INFO - [2026-05-02T00:15:18.701+0000] {dag.py:3947} INFO - Setting next_dagrun for dataset_consumes_1_never_scheduled to None, run_after=None
[2026-05-02T00:15:18.701+0000] {logging_mixin.py:188} INFO - [2026-05-02T00:15:18.701+0000] {dag.py:3947} INFO - Setting next_dagrun for dataset_consumes_unknown_never_scheduled to None, run_after=None
[2026-05-02T00:15:18.702+0000] {logging_mixin.py:188} INFO - [2026-05-02T00:15:18.702+0000] {dag.py:3947} INFO - Setting next_dagrun for dataset_produces_1 to 2026-05-01 00:00:00+00:00, run_after=2026-05-02 00:00:00+00:00
[2026-05-02T00:15:18.702+0000] {logging_mixin.py:188} INFO - [2026-05-02T00:15:18.702+0000] {dag.py:3947} INFO - Setting next_dagrun for dataset_produces_2 to None, run_after=None
[2026-05-02T00:15:18.714+0000] {processor.py:183} INFO - Processing /home/airflow/.local/lib/python3.12/site-packages/airflow/example_dags/example_datasets.py took 0.110 seconds
[2026-05-02T00:15:48.914+0000] {processor.py:161} INFO - Started process (PID=11824) to work on /home/airflow/.local/lib/python3.12/site-packages/airflow/example_dags/example_datasets.py
[2026-05-02T00:15:48.915+0000] {processor.py:830} INFO - Processing file /home/airflow/.local/lib/python3.12/site-packages/airflow/example_dags/example_datasets.py for tasks to queue
[2026-05-02T00:15:48.916+0000] {logging_mixin.py:188} INFO - [2026-05-02T00:15:48.916+0000] {dagbag.py:545} INFO - Filling up the DagBag from /home/airflow/.local/lib/python3.12/site-packages/airflow/example_dags/example_datasets.py
[2026-05-02T00:15:48.922+0000] {processor.py:840} INFO - DAG(s) 'dataset_produces_2', 'consume_1_or_both_2_and_3_with_dataset_expressions', 'dataset_produces_1', 'dataset_consumes_1_and_2', 'consume_1_or_2_with_dataset_expressions', 'dataset_consumes_1_never_scheduled', 'conditional_dataset_and_time_based_timetable', 'dataset_consumes_unknown_never_scheduled', 'dataset_consumes_1', 'consume_1_and_2_with_dataset_expressions' retrieved from /home/airflow/.local/lib/python3.12/site-packages/airflow/example_dags/example_datasets.py
[2026-05-02T00:15:48.947+0000] {logging_mixin.py:188} INFO - [2026-05-02T00:15:48.947+0000] {dag.py:3089} INFO - Sync 10 DAGs
[2026-05-02T00:15:48.956+0000] {logging_mixin.py:188} INFO - [2026-05-02T00:15:48.956+0000] {dag.py:3947} INFO - Setting next_dagrun for conditional_dataset_and_time_based_timetable to 2026-04-29 01:00:00+00:00, run_after=2026-04-29 01:00:00+00:00
[2026-05-02T00:15:48.959+0000] {logging_mixin.py:188} INFO - [2026-05-02T00:15:48.959+0000] {dag.py:3947} INFO - Setting next_dagrun for consume_1_and_2_with_dataset_expressions to None, run_after=None
[2026-05-02T00:15:48.959+0000] {logging_mixin.py:188} INFO - [2026-05-02T00:15:48.959+0000] {dag.py:3947} INFO - Setting next_dagrun for consume_1_or_2_with_dataset_expressions to None, run_after=None
[2026-05-02T00:15:48.959+0000] {logging_mixin.py:188} INFO - [2026-05-02T00:15:48.959+0000] {dag.py:3947} INFO - Setting next_dagrun for consume_1_or_both_2_and_3_with_dataset_expressions to None, run_after=None
[2026-05-02T00:15:48.960+0000] {logging_mixin.py:188} INFO - [2026-05-02T00:15:48.960+0000] {dag.py:3947} INFO - Setting next_dagrun for dataset_consumes_1 to None, run_after=None
[2026-05-02T00:15:48.960+0000] {logging_mixin.py:188} INFO - [2026-05-02T00:15:48.960+0000] {dag.py:3947} INFO - Setting next_dagrun for dataset_consumes_1_and_2 to None, run_after=None
[2026-05-02T00:15:48.961+0000] {logging_mixin.py:188} INFO - [2026-05-02T00:15:48.961+0000] {dag.py:3947} INFO - Setting next_dagrun for dataset_consumes_1_never_scheduled to None, run_after=None
[2026-05-02T00:15:48.961+0000] {logging_mixin.py:188} INFO - [2026-05-02T00:15:48.961+0000] {dag.py:3947} INFO - Setting next_dagrun for dataset_consumes_unknown_never_scheduled to None, run_after=None
[2026-05-02T00:15:48.962+0000] {logging_mixin.py:188} INFO - [2026-05-02T00:15:48.962+0000] {dag.py:3947} INFO - Setting next_dagrun for dataset_produces_1 to 2026-05-01 00:00:00+00:00, run_after=2026-05-02 00:00:00+00:00
[2026-05-02T00:15:48.963+0000] {logging_mixin.py:188} INFO - [2026-05-02T00:15:48.963+0000] {dag.py:3947} INFO - Setting next_dagrun for dataset_produces_2 to None, run_after=None
[2026-05-02T00:15:48.982+0000] {processor.py:183} INFO - Processing /home/airflow/.local/lib/python3.12/site-packages/airflow/example_dags/example_datasets.py took 0.070 seconds
[2026-05-02T00:16:19.450+0000] {processor.py:161} INFO - Started process (PID=11885) to work on /home/airflow/.local/lib/python3.12/site-packages/airflow/example_dags/example_datasets.py
[2026-05-02T00:16:19.451+0000] {processor.py:830} INFO - Processing file /home/airflow/.local/lib/python3.12/site-packages/airflow/example_dags/example_datasets.py for tasks to queue
[2026-05-02T00:16:19.451+0000] {logging_mixin.py:188} INFO - [2026-05-02T00:16:19.451+0000] {dagbag.py:545} INFO - Filling up the DagBag from /home/airflow/.local/lib/python3.12/site-packages/airflow/example_dags/example_datasets.py
[2026-05-02T00:16:19.457+0000] {processor.py:840} INFO - DAG(s) 'dataset_consumes_1_and_2', 'dataset_consumes_1_never_scheduled', 'consume_1_or_both_2_and_3_with_dataset_expressions', 'dataset_produces_2', 'consume_1_and_2_with_dataset_expressions', 'consume_1_or_2_with_dataset_expressions', 'conditional_dataset_and_time_based_timetable', 'dataset_consumes_unknown_never_scheduled', 'dataset_produces_1', 'dataset_consumes_1' retrieved from /home/airflow/.local/lib/python3.12/site-packages/airflow/example_dags/example_datasets.py
[2026-05-02T00:16:19.477+0000] {logging_mixin.py:188} INFO - [2026-05-02T00:16:19.477+0000] {dag.py:3089} INFO - Sync 10 DAGs
[2026-05-02T00:16:19.486+0000] {logging_mixin.py:188} INFO - [2026-05-02T00:16:19.486+0000] {dag.py:3947} INFO - Setting next_dagrun for conditional_dataset_and_time_based_timetable to 2026-04-29 01:00:00+00:00, run_after=2026-04-29 01:00:00+00:00
[2026-05-02T00:16:19.488+0000] {logging_mixin.py:188} INFO - [2026-05-02T00:16:19.488+0000] {dag.py:3947} INFO - Setting next_dagrun for consume_1_and_2_with_dataset_expressions to None, run_after=None
[2026-05-02T00:16:19.489+0000] {logging_mixin.py:188} INFO - [2026-05-02T00:16:19.489+0000] {dag.py:3947} INFO - Setting next_dagrun for consume_1_or_2_with_dataset_expressions to None, run_after=None
[2026-05-02T00:16:19.490+0000] {logging_mixin.py:188} INFO - [2026-05-02T00:16:19.490+0000] {dag.py:3947} INFO - Setting next_dagrun for consume_1_or_both_2_and_3_with_dataset_expressions to None, run_after=None
[2026-05-02T00:16:19.492+0000] {logging_mixin.py:188} INFO - [2026-05-02T00:16:19.492+0000] {dag.py:3947} INFO - Setting next_dagrun for dataset_consumes_1 to None, run_after=None
[2026-05-02T00:16:19.492+0000] {logging_mixin.py:188} INFO - [2026-05-02T00:16:19.492+0000] {dag.py:3947} INFO - Setting next_dagrun for dataset_consumes_1_and_2 to None, run_after=None
[2026-05-02T00:16:19.493+0000] {logging_mixin.py:188} INFO - [2026-05-02T00:16:19.493+0000] {dag.py:3947} INFO - Setting next_dagrun for dataset_consumes_1_never_scheduled to None, run_after=None
[2026-05-02T00:16:19.493+0000] {logging_mixin.py:188} INFO - [2026-05-02T00:16:19.493+0000] {dag.py:3947} INFO - Setting next_dagrun for dataset_consumes_unknown_never_scheduled to None, run_after=None
[2026-05-02T00:16:19.494+0000] {logging_mixin.py:188} INFO - [2026-05-02T00:16:19.493+0000] {dag.py:3947} INFO - Setting next_dagrun for dataset_produces_1 to 2026-05-01 00:00:00+00:00, run_after=2026-05-02 00:00:00+00:00
[2026-05-02T00:16:19.494+0000] {logging_mixin.py:188} INFO - [2026-05-02T00:16:19.494+0000] {dag.py:3947} INFO - Setting next_dagrun for dataset_produces_2 to None, run_after=None
[2026-05-02T00:16:19.507+0000] {processor.py:183} INFO - Processing /home/airflow/.local/lib/python3.12/site-packages/airflow/example_dags/example_datasets.py took 0.059 seconds
[2026-05-02T00:16:50.087+0000] {processor.py:161} INFO - Started process (PID=11945) to work on /home/airflow/.local/lib/python3.12/site-packages/airflow/example_dags/example_datasets.py
[2026-05-02T00:16:50.087+0000] {processor.py:830} INFO - Processing file /home/airflow/.local/lib/python3.12/site-packages/airflow/example_dags/example_datasets.py for tasks to queue
[2026-05-02T00:16:50.088+0000] {logging_mixin.py:188} INFO - [2026-05-02T00:16:50.088+0000] {dagbag.py:545} INFO - Filling up the DagBag from /home/airflow/.local/lib/python3.12/site-packages/airflow/example_dags/example_datasets.py
[2026-05-02T00:16:50.093+0000] {processor.py:840} INFO - DAG(s) 'dataset_produces_2', 'dataset_produces_1', 'conditional_dataset_and_time_based_timetable', 'dataset_consumes_1_never_scheduled', 'dataset_consumes_unknown_never_scheduled', 'consume_1_and_2_with_dataset_expressions', 'consume_1_or_both_2_and_3_with_dataset_expressions', 'dataset_consumes_1_and_2', 'dataset_consumes_1', 'consume_1_or_2_with_dataset_expressions' retrieved from /home/airflow/.local/lib/python3.12/site-packages/airflow/example_dags/example_datasets.py
[2026-05-02T00:16:50.119+0000] {logging_mixin.py:188} INFO - [2026-05-02T00:16:50.119+0000] {dag.py:3089} INFO - Sync 10 DAGs
[2026-05-02T00:16:50.127+0000] {logging_mixin.py:188} INFO - [2026-05-02T00:16:50.127+0000] {dag.py:3947} INFO - Setting next_dagrun for conditional_dataset_and_time_based_timetable to 2026-04-29 01:00:00+00:00, run_after=2026-04-29 01:00:00+00:00
[2026-05-02T00:16:50.129+0000] {logging_mixin.py:188} INFO - [2026-05-02T00:16:50.129+0000] {dag.py:3947} INFO - Setting next_dagrun for consume_1_and_2_with_dataset_expressions to None, run_after=None
[2026-05-02T00:16:50.130+0000] {logging_mixin.py:188} INFO - [2026-05-02T00:16:50.130+0000] {dag.py:3947} INFO - Setting next_dagrun for consume_1_or_2_with_dataset_expressions to None, run_after=None
[2026-05-02T00:16:50.130+0000] {logging_mixin.py:188} INFO - [2026-05-02T00:16:50.130+0000] {dag.py:3947} INFO - Setting next_dagrun for consume_1_or_both_2_and_3_with_dataset_expressions to None, run_after=None
[2026-05-02T00:16:50.130+0000] {logging_mixin.py:188} INFO - [2026-05-02T00:16:50.130+0000] {dag.py:3947} INFO - Setting next_dagrun for dataset_consumes_1 to None, run_after=None
[2026-05-02T00:16:50.131+0000] {logging_mixin.py:188} INFO - [2026-05-02T00:16:50.131+0000] {dag.py:3947} INFO - Setting next_dagrun for dataset_consumes_1_and_2 to None, run_after=None
[2026-05-02T00:16:50.131+0000] {logging_mixin.py:188} INFO - [2026-05-02T00:16:50.131+0000] {dag.py:3947} INFO - Setting next_dagrun for dataset_consumes_1_never_scheduled to None, run_after=None
[2026-05-02T00:16:50.131+0000] {logging_mixin.py:188} INFO - [2026-05-02T00:16:50.131+0000] {dag.py:3947} INFO - Setting next_dagrun for dataset_consumes_unknown_never_scheduled to None, run_after=None
[2026-05-02T00:16:50.132+0000] {logging_mixin.py:188} INFO - [2026-05-02T00:16:50.132+0000] {dag.py:3947} INFO - Setting next_dagrun for dataset_produces_1 to 2026-05-01 00:00:00+00:00, run_after=2026-05-02 00:00:00+00:00
[2026-05-02T00:16:50.132+0000] {logging_mixin.py:188} INFO - [2026-05-02T00:16:50.132+0000] {dag.py:3947} INFO - Setting next_dagrun for dataset_produces_2 to None, run_after=None
[2026-05-02T00:16:50.144+0000] {processor.py:183} INFO - Processing /home/airflow/.local/lib/python3.12/site-packages/airflow/example_dags/example_datasets.py took 0.060 seconds
[2026-05-02T00:17:20.656+0000] {processor.py:161} INFO - Started process (PID=12005) to work on /home/airflow/.local/lib/python3.12/site-packages/airflow/example_dags/example_datasets.py
[2026-05-02T00:17:20.656+0000] {processor.py:830} INFO - Processing file /home/airflow/.local/lib/python3.12/site-packages/airflow/example_dags/example_datasets.py for tasks to queue
[2026-05-02T00:17:20.657+0000] {logging_mixin.py:188} INFO - [2026-05-02T00:17:20.657+0000] {dagbag.py:545} INFO - Filling up the DagBag from /home/airflow/.local/lib/python3.12/site-packages/airflow/example_dags/example_datasets.py
[2026-05-02T00:17:20.663+0000] {processor.py:840} INFO - DAG(s) 'consume_1_or_2_with_dataset_expressions', 'dataset_consumes_1', 'conditional_dataset_and_time_based_timetable', 'dataset_produces_2', 'dataset_consumes_1_and_2', 'consume_1_and_2_with_dataset_expressions', 'dataset_produces_1', 'dataset_consumes_1_never_scheduled', 'dataset_consumes_unknown_never_scheduled', 'consume_1_or_both_2_and_3_with_dataset_expressions' retrieved from /home/airflow/.local/lib/python3.12/site-packages/airflow/example_dags/example_datasets.py
[2026-05-02T00:17:20.689+0000] {logging_mixin.py:188} INFO - [2026-05-02T00:17:20.689+0000] {dag.py:3089} INFO - Sync 10 DAGs
[2026-05-02T00:17:20.697+0000] {logging_mixin.py:188} INFO - [2026-05-02T00:17:20.697+0000] {dag.py:3947} INFO - Setting next_dagrun for conditional_dataset_and_time_based_timetable to 2026-04-29 01:00:00+00:00, run_after=2026-04-29 01:00:00+00:00
[2026-05-02T00:17:20.699+0000] {logging_mixin.py:188} INFO - [2026-05-02T00:17:20.699+0000] {dag.py:3947} INFO - Setting next_dagrun for consume_1_and_2_with_dataset_expressions to None, run_after=None
[2026-05-02T00:17:20.701+0000] {logging_mixin.py:188} INFO - [2026-05-02T00:17:20.701+0000] {dag.py:3947} INFO - Setting next_dagrun for consume_1_or_2_with_dataset_expressions to None, run_after=None
[2026-05-02T00:17:20.702+0000] {logging_mixin.py:188} INFO - [2026-05-02T00:17:20.702+0000] {dag.py:3947} INFO - Setting next_dagrun for consume_1_or_both_2_and_3_with_dataset_expressions to None, run_after=None
[2026-05-02T00:17:20.702+0000] {logging_mixin.py:188} INFO - [2026-05-02T00:17:20.702+0000] {dag.py:3947} INFO - Setting next_dagrun for dataset_consumes_1 to None, run_after=None
[2026-05-02T00:17:20.702+0000] {logging_mixin.py:188} INFO - [2026-05-02T00:17:20.702+0000] {dag.py:3947} INFO - Setting next_dagrun for dataset_consumes_1_and_2 to None, run_after=None
[2026-05-02T00:17:20.703+0000] {logging_mixin.py:188} INFO - [2026-05-02T00:17:20.703+0000] {dag.py:3947} INFO - Setting next_dagrun for dataset_consumes_1_never_scheduled to None, run_after=None
[2026-05-02T00:17:20.703+0000] {logging_mixin.py:188} INFO - [2026-05-02T00:17:20.703+0000] {dag.py:3947} INFO - Setting next_dagrun for dataset_consumes_unknown_never_scheduled to None, run_after=None
[2026-05-02T00:17:20.704+0000] {logging_mixin.py:188} INFO - [2026-05-02T00:17:20.704+0000] {dag.py:3947} INFO - Setting next_dagrun for dataset_produces_1 to 2026-05-01 00:00:00+00:00, run_after=2026-05-02 00:00:00+00:00
[2026-05-02T00:17:20.704+0000] {logging_mixin.py:188} INFO - [2026-05-02T00:17:20.704+0000] {dag.py:3947} INFO - Setting next_dagrun for dataset_produces_2 to None, run_after=None
[2026-05-02T00:17:20.717+0000] {processor.py:183} INFO - Processing /home/airflow/.local/lib/python3.12/site-packages/airflow/example_dags/example_datasets.py took 0.064 seconds
[2026-05-02T00:17:51.319+0000] {processor.py:161} INFO - Started process (PID=12065) to work on /home/airflow/.local/lib/python3.12/site-packages/airflow/example_dags/example_datasets.py
[2026-05-02T00:17:51.320+0000] {processor.py:830} INFO - Processing file /home/airflow/.local/lib/python3.12/site-packages/airflow/example_dags/example_datasets.py for tasks to queue
[2026-05-02T00:17:51.321+0000] {logging_mixin.py:188} INFO - [2026-05-02T00:17:51.321+0000] {dagbag.py:545} INFO - Filling up the DagBag from /home/airflow/.local/lib/python3.12/site-packages/airflow/example_dags/example_datasets.py
[2026-05-02T00:17:51.327+0000] {processor.py:840} INFO - DAG(s) 'consume_1_and_2_with_dataset_expressions', 'dataset_produces_1', 'dataset_consumes_1_never_scheduled', 'dataset_produces_2', 'dataset_consumes_1_and_2', 'dataset_consumes_1', 'consume_1_or_both_2_and_3_with_dataset_expressions', 'dataset_consumes_unknown_never_scheduled', 'conditional_dataset_and_time_based_timetable', 'consume_1_or_2_with_dataset_expressions' retrieved from /home/airflow/.local/lib/python3.12/site-packages/airflow/example_dags/example_datasets.py
[2026-05-02T00:17:51.347+0000] {logging_mixin.py:188} INFO - [2026-05-02T00:17:51.347+0000] {dag.py:3089} INFO - Sync 10 DAGs
[2026-05-02T00:17:51.356+0000] {logging_mixin.py:188} INFO - [2026-05-02T00:17:51.356+0000] {dag.py:3947} INFO - Setting next_dagrun for conditional_dataset_and_time_based_timetable to 2026-04-29 01:00:00+00:00, run_after=2026-04-29 01:00:00+00:00
[2026-05-02T00:17:51.358+0000] {logging_mixin.py:188} INFO - [2026-05-02T00:17:51.358+0000] {dag.py:3947} INFO - Setting next_dagrun for consume_1_and_2_with_dataset_expressions to None, run_after=None
[2026-05-02T00:17:51.359+0000] {logging_mixin.py:188} INFO - [2026-05-02T00:17:51.359+0000] {dag.py:3947} INFO - Setting next_dagrun for consume_1_or_2_with_dataset_expressions to None, run_after=None
[2026-05-02T00:17:51.362+0000] {logging_mixin.py:188} INFO - [2026-05-02T00:17:51.362+0000] {dag.py:3947} INFO - Setting next_dagrun for consume_1_or_both_2_and_3_with_dataset_expressions to None, run_after=None
[2026-05-02T00:17:51.362+0000] {logging_mixin.py:188} INFO - [2026-05-02T00:17:51.362+0000] {dag.py:3947} INFO - Setting next_dagrun for dataset_consumes_1 to None, run_after=None
[2026-05-02T00:17:51.364+0000] {logging_mixin.py:188} INFO - [2026-05-02T00:17:51.364+0000] {dag.py:3947} INFO - Setting next_dagrun for dataset_consumes_1_and_2 to None, run_after=None
[2026-05-02T00:17:51.365+0000] {logging_mixin.py:188} INFO - [2026-05-02T00:17:51.365+0000] {dag.py:3947} INFO - Setting next_dagrun for dataset_consumes_1_never_scheduled to None, run_after=None
[2026-05-02T00:17:51.365+0000] {logging_mixin.py:188} INFO - [2026-05-02T00:17:51.365+0000] {dag.py:3947} INFO - Setting next_dagrun for dataset_consumes_unknown_never_scheduled to None, run_after=None
[2026-05-02T00:17:51.366+0000] {logging_mixin.py:188} INFO - [2026-05-02T00:17:51.366+0000] {dag.py:3947} INFO - Setting next_dagrun for dataset_produces_1 to 2026-05-01 00:00:00+00:00, run_after=2026-05-02 00:00:00+00:00
[2026-05-02T00:17:51.367+0000] {logging_mixin.py:188} INFO - [2026-05-02T00:17:51.367+0000] {dag.py:3947} INFO - Setting next_dagrun for dataset_produces_2 to None, run_after=None
[2026-05-02T00:17:51.379+0000] {processor.py:183} INFO - Processing /home/airflow/.local/lib/python3.12/site-packages/airflow/example_dags/example_datasets.py took 0.063 seconds
