[2026-05-02T00:07:39.194+0000] {processor.py:161} INFO - Started process (PID=10879) to work on /home/airflow/.local/lib/python3.12/site-packages/airflow/example_dags/example_bash_operator.py
[2026-05-02T00:07:39.194+0000] {processor.py:830} INFO - Processing file /home/airflow/.local/lib/python3.12/site-packages/airflow/example_dags/example_bash_operator.py for tasks to queue
[2026-05-02T00:07:39.195+0000] {logging_mixin.py:188} INFO - [2026-05-02T00:07:39.195+0000] {dagbag.py:545} INFO - Filling up the DagBag from /home/airflow/.local/lib/python3.12/site-packages/airflow/example_dags/example_bash_operator.py
[2026-05-02T00:07:39.199+0000] {processor.py:840} INFO - DAG(s) 'example_bash_operator' retrieved from /home/airflow/.local/lib/python3.12/site-packages/airflow/example_dags/example_bash_operator.py
[2026-05-02T00:07:39.207+0000] {logging_mixin.py:188} INFO - [2026-05-02T00:07:39.207+0000] {dag.py:3089} INFO - Sync 1 DAGs
[2026-05-02T00:07:39.215+0000] {logging_mixin.py:188} INFO - [2026-05-02T00:07:39.215+0000] {dag.py:3947} INFO - Setting next_dagrun for example_bash_operator to 2026-05-01 00:00:00+00:00, run_after=2026-05-02 00:00:00+00:00
[2026-05-02T00:07:39.220+0000] {processor.py:183} INFO - Processing /home/airflow/.local/lib/python3.12/site-packages/airflow/example_dags/example_bash_operator.py took 0.028 seconds
[2026-05-02T00:08:09.995+0000] {processor.py:161} INFO - Started process (PID=10939) to work on /home/airflow/.local/lib/python3.12/site-packages/airflow/example_dags/example_bash_operator.py
[2026-05-02T00:08:09.996+0000] {processor.py:830} INFO - Processing file /home/airflow/.local/lib/python3.12/site-packages/airflow/example_dags/example_bash_operator.py for tasks to queue
[2026-05-02T00:08:09.997+0000] {logging_mixin.py:188} INFO - [2026-05-02T00:08:09.997+0000] {dagbag.py:545} INFO - Filling up the DagBag from /home/airflow/.local/lib/python3.12/site-packages/airflow/example_dags/example_bash_operator.py
[2026-05-02T00:08:10.002+0000] {processor.py:840} INFO - DAG(s) 'example_bash_operator' retrieved from /home/airflow/.local/lib/python3.12/site-packages/airflow/example_dags/example_bash_operator.py
[2026-05-02T00:08:10.014+0000] {logging_mixin.py:188} INFO - [2026-05-02T00:08:10.014+0000] {dag.py:3089} INFO - Sync 1 DAGs
[2026-05-02T00:08:10.022+0000] {logging_mixin.py:188} INFO - [2026-05-02T00:08:10.022+0000] {dag.py:3947} INFO - Setting next_dagrun for example_bash_operator to 2026-05-01 00:00:00+00:00, run_after=2026-05-02 00:00:00+00:00
[2026-05-02T00:08:10.029+0000] {processor.py:183} INFO - Processing /home/airflow/.local/lib/python3.12/site-packages/airflow/example_dags/example_bash_operator.py took 0.037 seconds
[2026-05-02T00:08:40.628+0000] {processor.py:161} INFO - Started process (PID=10999) to work on /home/airflow/.local/lib/python3.12/site-packages/airflow/example_dags/example_bash_operator.py
[2026-05-02T00:08:40.628+0000] {processor.py:830} INFO - Processing file /home/airflow/.local/lib/python3.12/site-packages/airflow/example_dags/example_bash_operator.py for tasks to queue
[2026-05-02T00:08:40.629+0000] {logging_mixin.py:188} INFO - [2026-05-02T00:08:40.629+0000] {dagbag.py:545} INFO - Filling up the DagBag from /home/airflow/.local/lib/python3.12/site-packages/airflow/example_dags/example_bash_operator.py
[2026-05-02T00:08:40.634+0000] {processor.py:840} INFO - DAG(s) 'example_bash_operator' retrieved from /home/airflow/.local/lib/python3.12/site-packages/airflow/example_dags/example_bash_operator.py
[2026-05-02T00:08:40.648+0000] {logging_mixin.py:188} INFO - [2026-05-02T00:08:40.648+0000] {dag.py:3089} INFO - Sync 1 DAGs
[2026-05-02T00:08:40.656+0000] {logging_mixin.py:188} INFO - [2026-05-02T00:08:40.656+0000] {dag.py:3947} INFO - Setting next_dagrun for example_bash_operator to 2026-05-01 00:00:00+00:00, run_after=2026-05-02 00:00:00+00:00
[2026-05-02T00:08:40.664+0000] {processor.py:183} INFO - Processing /home/airflow/.local/lib/python3.12/site-packages/airflow/example_dags/example_bash_operator.py took 0.039 seconds
[2026-05-02T00:09:11.308+0000] {processor.py:161} INFO - Started process (PID=11059) to work on /home/airflow/.local/lib/python3.12/site-packages/airflow/example_dags/example_bash_operator.py
[2026-05-02T00:09:11.308+0000] {processor.py:830} INFO - Processing file /home/airflow/.local/lib/python3.12/site-packages/airflow/example_dags/example_bash_operator.py for tasks to queue
[2026-05-02T00:09:11.309+0000] {logging_mixin.py:188} INFO - [2026-05-02T00:09:11.309+0000] {dagbag.py:545} INFO - Filling up the DagBag from /home/airflow/.local/lib/python3.12/site-packages/airflow/example_dags/example_bash_operator.py
[2026-05-02T00:09:11.313+0000] {processor.py:840} INFO - DAG(s) 'example_bash_operator' retrieved from /home/airflow/.local/lib/python3.12/site-packages/airflow/example_dags/example_bash_operator.py
[2026-05-02T00:09:11.321+0000] {logging_mixin.py:188} INFO - [2026-05-02T00:09:11.321+0000] {dag.py:3089} INFO - Sync 1 DAGs
[2026-05-02T00:09:11.328+0000] {logging_mixin.py:188} INFO - [2026-05-02T00:09:11.328+0000] {dag.py:3947} INFO - Setting next_dagrun for example_bash_operator to 2026-05-01 00:00:00+00:00, run_after=2026-05-02 00:00:00+00:00
[2026-05-02T00:09:11.333+0000] {processor.py:183} INFO - Processing /home/airflow/.local/lib/python3.12/site-packages/airflow/example_dags/example_bash_operator.py took 0.028 seconds
[2026-05-02T00:09:42.281+0000] {processor.py:161} INFO - Started process (PID=11119) to work on /home/airflow/.local/lib/python3.12/site-packages/airflow/example_dags/example_bash_operator.py
[2026-05-02T00:09:42.281+0000] {processor.py:830} INFO - Processing file /home/airflow/.local/lib/python3.12/site-packages/airflow/example_dags/example_bash_operator.py for tasks to queue
[2026-05-02T00:09:42.282+0000] {logging_mixin.py:188} INFO - [2026-05-02T00:09:42.282+0000] {dagbag.py:545} INFO - Filling up the DagBag from /home/airflow/.local/lib/python3.12/site-packages/airflow/example_dags/example_bash_operator.py
[2026-05-02T00:09:42.286+0000] {processor.py:840} INFO - DAG(s) 'example_bash_operator' retrieved from /home/airflow/.local/lib/python3.12/site-packages/airflow/example_dags/example_bash_operator.py
[2026-05-02T00:09:42.296+0000] {logging_mixin.py:188} INFO - [2026-05-02T00:09:42.296+0000] {dag.py:3089} INFO - Sync 1 DAGs
[2026-05-02T00:09:42.303+0000] {logging_mixin.py:188} INFO - [2026-05-02T00:09:42.303+0000] {dag.py:3947} INFO - Setting next_dagrun for example_bash_operator to 2026-05-01 00:00:00+00:00, run_after=2026-05-02 00:00:00+00:00
[2026-05-02T00:09:42.309+0000] {processor.py:183} INFO - Processing /home/airflow/.local/lib/python3.12/site-packages/airflow/example_dags/example_bash_operator.py took 0.030 seconds
[2026-05-02T00:10:13.715+0000] {processor.py:161} INFO - Started process (PID=11179) to work on /home/airflow/.local/lib/python3.12/site-packages/airflow/example_dags/example_bash_operator.py
[2026-05-02T00:10:13.715+0000] {processor.py:830} INFO - Processing file /home/airflow/.local/lib/python3.12/site-packages/airflow/example_dags/example_bash_operator.py for tasks to queue
[2026-05-02T00:10:13.716+0000] {logging_mixin.py:188} INFO - [2026-05-02T00:10:13.716+0000] {dagbag.py:545} INFO - Filling up the DagBag from /home/airflow/.local/lib/python3.12/site-packages/airflow/example_dags/example_bash_operator.py
[2026-05-02T00:10:13.720+0000] {processor.py:840} INFO - DAG(s) 'example_bash_operator' retrieved from /home/airflow/.local/lib/python3.12/site-packages/airflow/example_dags/example_bash_operator.py
[2026-05-02T00:10:13.730+0000] {logging_mixin.py:188} INFO - [2026-05-02T00:10:13.730+0000] {dag.py:3089} INFO - Sync 1 DAGs
[2026-05-02T00:10:13.809+0000] {logging_mixin.py:188} INFO - [2026-05-02T00:10:13.808+0000] {dag.py:3947} INFO - Setting next_dagrun for example_bash_operator to 2026-05-01 00:00:00+00:00, run_after=2026-05-02 00:00:00+00:00
[2026-05-02T00:10:13.818+0000] {processor.py:183} INFO - Processing /home/airflow/.local/lib/python3.12/site-packages/airflow/example_dags/example_bash_operator.py took 0.106 seconds
[2026-05-02T00:10:44.122+0000] {processor.py:161} INFO - Started process (PID=11239) to work on /home/airflow/.local/lib/python3.12/site-packages/airflow/example_dags/example_bash_operator.py
[2026-05-02T00:10:44.122+0000] {processor.py:830} INFO - Processing file /home/airflow/.local/lib/python3.12/site-packages/airflow/example_dags/example_bash_operator.py for tasks to queue
[2026-05-02T00:10:44.123+0000] {logging_mixin.py:188} INFO - [2026-05-02T00:10:44.123+0000] {dagbag.py:545} INFO - Filling up the DagBag from /home/airflow/.local/lib/python3.12/site-packages/airflow/example_dags/example_bash_operator.py
[2026-05-02T00:10:44.128+0000] {processor.py:840} INFO - DAG(s) 'example_bash_operator' retrieved from /home/airflow/.local/lib/python3.12/site-packages/airflow/example_dags/example_bash_operator.py
[2026-05-02T00:10:44.137+0000] {logging_mixin.py:188} INFO - [2026-05-02T00:10:44.137+0000] {dag.py:3089} INFO - Sync 1 DAGs
[2026-05-02T00:10:44.213+0000] {logging_mixin.py:188} INFO - [2026-05-02T00:10:44.213+0000] {dag.py:3947} INFO - Setting next_dagrun for example_bash_operator to 2026-05-01 00:00:00+00:00, run_after=2026-05-02 00:00:00+00:00
[2026-05-02T00:10:44.225+0000] {processor.py:183} INFO - Processing /home/airflow/.local/lib/python3.12/site-packages/airflow/example_dags/example_bash_operator.py took 0.105 seconds
[2026-05-02T00:11:14.282+0000] {processor.py:161} INFO - Started process (PID=11299) to work on /home/airflow/.local/lib/python3.12/site-packages/airflow/example_dags/example_bash_operator.py
[2026-05-02T00:11:14.283+0000] {processor.py:830} INFO - Processing file /home/airflow/.local/lib/python3.12/site-packages/airflow/example_dags/example_bash_operator.py for tasks to queue
[2026-05-02T00:11:14.284+0000] {logging_mixin.py:188} INFO - [2026-05-02T00:11:14.284+0000] {dagbag.py:545} INFO - Filling up the DagBag from /home/airflow/.local/lib/python3.12/site-packages/airflow/example_dags/example_bash_operator.py
[2026-05-02T00:11:14.288+0000] {processor.py:840} INFO - DAG(s) 'example_bash_operator' retrieved from /home/airflow/.local/lib/python3.12/site-packages/airflow/example_dags/example_bash_operator.py
[2026-05-02T00:11:14.305+0000] {logging_mixin.py:188} INFO - [2026-05-02T00:11:14.305+0000] {dag.py:3089} INFO - Sync 1 DAGs
[2026-05-02T00:11:14.315+0000] {logging_mixin.py:188} INFO - [2026-05-02T00:11:14.315+0000] {dag.py:3947} INFO - Setting next_dagrun for example_bash_operator to 2026-05-01 00:00:00+00:00, run_after=2026-05-02 00:00:00+00:00
[2026-05-02T00:11:14.324+0000] {processor.py:183} INFO - Processing /home/airflow/.local/lib/python3.12/site-packages/airflow/example_dags/example_bash_operator.py took 0.044 seconds
[2026-05-02T00:11:44.931+0000] {processor.py:161} INFO - Started process (PID=11359) to work on /home/airflow/.local/lib/python3.12/site-packages/airflow/example_dags/example_bash_operator.py
[2026-05-02T00:11:44.932+0000] {processor.py:830} INFO - Processing file /home/airflow/.local/lib/python3.12/site-packages/airflow/example_dags/example_bash_operator.py for tasks to queue
[2026-05-02T00:11:44.933+0000] {logging_mixin.py:188} INFO - [2026-05-02T00:11:44.933+0000] {dagbag.py:545} INFO - Filling up the DagBag from /home/airflow/.local/lib/python3.12/site-packages/airflow/example_dags/example_bash_operator.py
[2026-05-02T00:11:44.938+0000] {processor.py:840} INFO - DAG(s) 'example_bash_operator' retrieved from /home/airflow/.local/lib/python3.12/site-packages/airflow/example_dags/example_bash_operator.py
[2026-05-02T00:11:44.956+0000] {logging_mixin.py:188} INFO - [2026-05-02T00:11:44.956+0000] {dag.py:3089} INFO - Sync 1 DAGs
[2026-05-02T00:11:44.965+0000] {logging_mixin.py:188} INFO - [2026-05-02T00:11:44.965+0000] {dag.py:3947} INFO - Setting next_dagrun for example_bash_operator to 2026-05-01 00:00:00+00:00, run_after=2026-05-02 00:00:00+00:00
[2026-05-02T00:11:44.972+0000] {processor.py:183} INFO - Processing /home/airflow/.local/lib/python3.12/site-packages/airflow/example_dags/example_bash_operator.py took 0.046 seconds
[2026-05-02T00:12:15.496+0000] {processor.py:161} INFO - Started process (PID=11419) to work on /home/airflow/.local/lib/python3.12/site-packages/airflow/example_dags/example_bash_operator.py
[2026-05-02T00:12:15.497+0000] {processor.py:830} INFO - Processing file /home/airflow/.local/lib/python3.12/site-packages/airflow/example_dags/example_bash_operator.py for tasks to queue
[2026-05-02T00:12:15.497+0000] {logging_mixin.py:188} INFO - [2026-05-02T00:12:15.497+0000] {dagbag.py:545} INFO - Filling up the DagBag from /home/airflow/.local/lib/python3.12/site-packages/airflow/example_dags/example_bash_operator.py
[2026-05-02T00:12:15.503+0000] {processor.py:840} INFO - DAG(s) 'example_bash_operator' retrieved from /home/airflow/.local/lib/python3.12/site-packages/airflow/example_dags/example_bash_operator.py
[2026-05-02T00:12:15.514+0000] {logging_mixin.py:188} INFO - [2026-05-02T00:12:15.514+0000] {dag.py:3089} INFO - Sync 1 DAGs
[2026-05-02T00:12:15.524+0000] {logging_mixin.py:188} INFO - [2026-05-02T00:12:15.524+0000] {dag.py:3947} INFO - Setting next_dagrun for example_bash_operator to 2026-05-01 00:00:00+00:00, run_after=2026-05-02 00:00:00+00:00
[2026-05-02T00:12:15.532+0000] {processor.py:183} INFO - Processing /home/airflow/.local/lib/python3.12/site-packages/airflow/example_dags/example_bash_operator.py took 0.039 seconds
[2026-05-02T00:12:46.050+0000] {processor.py:161} INFO - Started process (PID=11479) to work on /home/airflow/.local/lib/python3.12/site-packages/airflow/example_dags/example_bash_operator.py
[2026-05-02T00:12:46.051+0000] {processor.py:830} INFO - Processing file /home/airflow/.local/lib/python3.12/site-packages/airflow/example_dags/example_bash_operator.py for tasks to queue
[2026-05-02T00:12:46.052+0000] {logging_mixin.py:188} INFO - [2026-05-02T00:12:46.052+0000] {dagbag.py:545} INFO - Filling up the DagBag from /home/airflow/.local/lib/python3.12/site-packages/airflow/example_dags/example_bash_operator.py
[2026-05-02T00:12:46.056+0000] {processor.py:840} INFO - DAG(s) 'example_bash_operator' retrieved from /home/airflow/.local/lib/python3.12/site-packages/airflow/example_dags/example_bash_operator.py
[2026-05-02T00:12:46.071+0000] {logging_mixin.py:188} INFO - [2026-05-02T00:12:46.071+0000] {dag.py:3089} INFO - Sync 1 DAGs
[2026-05-02T00:12:46.078+0000] {logging_mixin.py:188} INFO - [2026-05-02T00:12:46.078+0000] {dag.py:3947} INFO - Setting next_dagrun for example_bash_operator to 2026-05-01 00:00:00+00:00, run_after=2026-05-02 00:00:00+00:00
[2026-05-02T00:12:46.085+0000] {processor.py:183} INFO - Processing /home/airflow/.local/lib/python3.12/site-packages/airflow/example_dags/example_bash_operator.py took 0.037 seconds
[2026-05-02T00:13:16.565+0000] {processor.py:161} INFO - Started process (PID=11539) to work on /home/airflow/.local/lib/python3.12/site-packages/airflow/example_dags/example_bash_operator.py
[2026-05-02T00:13:16.566+0000] {processor.py:830} INFO - Processing file /home/airflow/.local/lib/python3.12/site-packages/airflow/example_dags/example_bash_operator.py for tasks to queue
[2026-05-02T00:13:16.567+0000] {logging_mixin.py:188} INFO - [2026-05-02T00:13:16.567+0000] {dagbag.py:545} INFO - Filling up the DagBag from /home/airflow/.local/lib/python3.12/site-packages/airflow/example_dags/example_bash_operator.py
[2026-05-02T00:13:16.572+0000] {processor.py:840} INFO - DAG(s) 'example_bash_operator' retrieved from /home/airflow/.local/lib/python3.12/site-packages/airflow/example_dags/example_bash_operator.py
[2026-05-02T00:13:16.586+0000] {logging_mixin.py:188} INFO - [2026-05-02T00:13:16.585+0000] {dag.py:3089} INFO - Sync 1 DAGs
[2026-05-02T00:13:16.593+0000] {logging_mixin.py:188} INFO - [2026-05-02T00:13:16.593+0000] {dag.py:3947} INFO - Setting next_dagrun for example_bash_operator to 2026-05-01 00:00:00+00:00, run_after=2026-05-02 00:00:00+00:00
[2026-05-02T00:13:16.599+0000] {processor.py:183} INFO - Processing /home/airflow/.local/lib/python3.12/site-packages/airflow/example_dags/example_bash_operator.py took 0.037 seconds
[2026-05-02T00:13:47.076+0000] {processor.py:161} INFO - Started process (PID=11599) to work on /home/airflow/.local/lib/python3.12/site-packages/airflow/example_dags/example_bash_operator.py
[2026-05-02T00:13:47.076+0000] {processor.py:830} INFO - Processing file /home/airflow/.local/lib/python3.12/site-packages/airflow/example_dags/example_bash_operator.py for tasks to queue
[2026-05-02T00:13:47.077+0000] {logging_mixin.py:188} INFO - [2026-05-02T00:13:47.077+0000] {dagbag.py:545} INFO - Filling up the DagBag from /home/airflow/.local/lib/python3.12/site-packages/airflow/example_dags/example_bash_operator.py
[2026-05-02T00:13:47.084+0000] {processor.py:840} INFO - DAG(s) 'example_bash_operator' retrieved from /home/airflow/.local/lib/python3.12/site-packages/airflow/example_dags/example_bash_operator.py
[2026-05-02T00:13:47.095+0000] {logging_mixin.py:188} INFO - [2026-05-02T00:13:47.095+0000] {dag.py:3089} INFO - Sync 1 DAGs
[2026-05-02T00:13:47.104+0000] {logging_mixin.py:188} INFO - [2026-05-02T00:13:47.104+0000] {dag.py:3947} INFO - Setting next_dagrun for example_bash_operator to 2026-05-01 00:00:00+00:00, run_after=2026-05-02 00:00:00+00:00
[2026-05-02T00:13:47.109+0000] {processor.py:183} INFO - Processing /home/airflow/.local/lib/python3.12/site-packages/airflow/example_dags/example_bash_operator.py took 0.036 seconds
[2026-05-02T00:14:17.650+0000] {processor.py:161} INFO - Started process (PID=11659) to work on /home/airflow/.local/lib/python3.12/site-packages/airflow/example_dags/example_bash_operator.py
[2026-05-02T00:14:17.651+0000] {processor.py:830} INFO - Processing file /home/airflow/.local/lib/python3.12/site-packages/airflow/example_dags/example_bash_operator.py for tasks to queue
[2026-05-02T00:14:17.652+0000] {logging_mixin.py:188} INFO - [2026-05-02T00:14:17.652+0000] {dagbag.py:545} INFO - Filling up the DagBag from /home/airflow/.local/lib/python3.12/site-packages/airflow/example_dags/example_bash_operator.py
[2026-05-02T00:14:17.656+0000] {processor.py:840} INFO - DAG(s) 'example_bash_operator' retrieved from /home/airflow/.local/lib/python3.12/site-packages/airflow/example_dags/example_bash_operator.py
[2026-05-02T00:14:17.667+0000] {logging_mixin.py:188} INFO - [2026-05-02T00:14:17.667+0000] {dag.py:3089} INFO - Sync 1 DAGs
[2026-05-02T00:14:17.676+0000] {logging_mixin.py:188} INFO - [2026-05-02T00:14:17.676+0000] {dag.py:3947} INFO - Setting next_dagrun for example_bash_operator to 2026-05-01 00:00:00+00:00, run_after=2026-05-02 00:00:00+00:00
[2026-05-02T00:14:17.686+0000] {processor.py:183} INFO - Processing /home/airflow/.local/lib/python3.12/site-packages/airflow/example_dags/example_bash_operator.py took 0.037 seconds
[2026-05-02T00:14:48.177+0000] {processor.py:161} INFO - Started process (PID=11719) to work on /home/airflow/.local/lib/python3.12/site-packages/airflow/example_dags/example_bash_operator.py
[2026-05-02T00:14:48.177+0000] {processor.py:830} INFO - Processing file /home/airflow/.local/lib/python3.12/site-packages/airflow/example_dags/example_bash_operator.py for tasks to queue
[2026-05-02T00:14:48.178+0000] {logging_mixin.py:188} INFO - [2026-05-02T00:14:48.178+0000] {dagbag.py:545} INFO - Filling up the DagBag from /home/airflow/.local/lib/python3.12/site-packages/airflow/example_dags/example_bash_operator.py
[2026-05-02T00:14:48.182+0000] {processor.py:840} INFO - DAG(s) 'example_bash_operator' retrieved from /home/airflow/.local/lib/python3.12/site-packages/airflow/example_dags/example_bash_operator.py
[2026-05-02T00:14:48.193+0000] {logging_mixin.py:188} INFO - [2026-05-02T00:14:48.193+0000] {dag.py:3089} INFO - Sync 1 DAGs
[2026-05-02T00:14:48.205+0000] {logging_mixin.py:188} INFO - [2026-05-02T00:14:48.205+0000] {dag.py:3947} INFO - Setting next_dagrun for example_bash_operator to 2026-05-01 00:00:00+00:00, run_after=2026-05-02 00:00:00+00:00
[2026-05-02T00:14:48.212+0000] {processor.py:183} INFO - Processing /home/airflow/.local/lib/python3.12/site-packages/airflow/example_dags/example_bash_operator.py took 0.038 seconds
[2026-05-02T00:15:19.195+0000] {processor.py:161} INFO - Started process (PID=11779) to work on /home/airflow/.local/lib/python3.12/site-packages/airflow/example_dags/example_bash_operator.py
[2026-05-02T00:15:19.196+0000] {processor.py:830} INFO - Processing file /home/airflow/.local/lib/python3.12/site-packages/airflow/example_dags/example_bash_operator.py for tasks to queue
[2026-05-02T00:15:19.199+0000] {logging_mixin.py:188} INFO - [2026-05-02T00:15:19.199+0000] {dagbag.py:545} INFO - Filling up the DagBag from /home/airflow/.local/lib/python3.12/site-packages/airflow/example_dags/example_bash_operator.py
[2026-05-02T00:15:19.206+0000] {processor.py:840} INFO - DAG(s) 'example_bash_operator' retrieved from /home/airflow/.local/lib/python3.12/site-packages/airflow/example_dags/example_bash_operator.py
[2026-05-02T00:15:19.247+0000] {logging_mixin.py:188} INFO - [2026-05-02T00:15:19.247+0000] {dag.py:3089} INFO - Sync 1 DAGs
[2026-05-02T00:15:19.303+0000] {logging_mixin.py:188} INFO - [2026-05-02T00:15:19.302+0000] {dag.py:3947} INFO - Setting next_dagrun for example_bash_operator to 2026-05-01 00:00:00+00:00, run_after=2026-05-02 00:00:00+00:00
[2026-05-02T00:15:19.333+0000] {processor.py:183} INFO - Processing /home/airflow/.local/lib/python3.12/site-packages/airflow/example_dags/example_bash_operator.py took 0.141 seconds
[2026-05-02T00:15:50.302+0000] {processor.py:161} INFO - Started process (PID=11839) to work on /home/airflow/.local/lib/python3.12/site-packages/airflow/example_dags/example_bash_operator.py
[2026-05-02T00:15:50.307+0000] {processor.py:830} INFO - Processing file /home/airflow/.local/lib/python3.12/site-packages/airflow/example_dags/example_bash_operator.py for tasks to queue
[2026-05-02T00:15:50.309+0000] {logging_mixin.py:188} INFO - [2026-05-02T00:15:50.309+0000] {dagbag.py:545} INFO - Filling up the DagBag from /home/airflow/.local/lib/python3.12/site-packages/airflow/example_dags/example_bash_operator.py
[2026-05-02T00:15:50.318+0000] {processor.py:840} INFO - DAG(s) 'example_bash_operator' retrieved from /home/airflow/.local/lib/python3.12/site-packages/airflow/example_dags/example_bash_operator.py
[2026-05-02T00:15:50.333+0000] {logging_mixin.py:188} INFO - [2026-05-02T00:15:50.333+0000] {dag.py:3089} INFO - Sync 1 DAGs
[2026-05-02T00:15:50.343+0000] {logging_mixin.py:188} INFO - [2026-05-02T00:15:50.343+0000] {dag.py:3947} INFO - Setting next_dagrun for example_bash_operator to 2026-05-01 00:00:00+00:00, run_after=2026-05-02 00:00:00+00:00
[2026-05-02T00:15:50.354+0000] {processor.py:183} INFO - Processing /home/airflow/.local/lib/python3.12/site-packages/airflow/example_dags/example_bash_operator.py took 0.059 seconds
[2026-05-02T00:16:20.790+0000] {processor.py:161} INFO - Started process (PID=11900) to work on /home/airflow/.local/lib/python3.12/site-packages/airflow/example_dags/example_bash_operator.py
[2026-05-02T00:16:20.792+0000] {processor.py:830} INFO - Processing file /home/airflow/.local/lib/python3.12/site-packages/airflow/example_dags/example_bash_operator.py for tasks to queue
[2026-05-02T00:16:20.793+0000] {logging_mixin.py:188} INFO - [2026-05-02T00:16:20.793+0000] {dagbag.py:545} INFO - Filling up the DagBag from /home/airflow/.local/lib/python3.12/site-packages/airflow/example_dags/example_bash_operator.py
[2026-05-02T00:16:20.803+0000] {processor.py:840} INFO - DAG(s) 'example_bash_operator' retrieved from /home/airflow/.local/lib/python3.12/site-packages/airflow/example_dags/example_bash_operator.py
[2026-05-02T00:16:20.821+0000] {logging_mixin.py:188} INFO - [2026-05-02T00:16:20.821+0000] {dag.py:3089} INFO - Sync 1 DAGs
[2026-05-02T00:16:20.831+0000] {logging_mixin.py:188} INFO - [2026-05-02T00:16:20.831+0000] {dag.py:3947} INFO - Setting next_dagrun for example_bash_operator to 2026-05-01 00:00:00+00:00, run_after=2026-05-02 00:00:00+00:00
[2026-05-02T00:16:20.841+0000] {processor.py:183} INFO - Processing /home/airflow/.local/lib/python3.12/site-packages/airflow/example_dags/example_bash_operator.py took 0.058 seconds
[2026-05-02T00:16:51.424+0000] {processor.py:161} INFO - Started process (PID=11960) to work on /home/airflow/.local/lib/python3.12/site-packages/airflow/example_dags/example_bash_operator.py
[2026-05-02T00:16:51.426+0000] {processor.py:830} INFO - Processing file /home/airflow/.local/lib/python3.12/site-packages/airflow/example_dags/example_bash_operator.py for tasks to queue
[2026-05-02T00:16:51.428+0000] {logging_mixin.py:188} INFO - [2026-05-02T00:16:51.428+0000] {dagbag.py:545} INFO - Filling up the DagBag from /home/airflow/.local/lib/python3.12/site-packages/airflow/example_dags/example_bash_operator.py
[2026-05-02T00:16:51.438+0000] {processor.py:840} INFO - DAG(s) 'example_bash_operator' retrieved from /home/airflow/.local/lib/python3.12/site-packages/airflow/example_dags/example_bash_operator.py
[2026-05-02T00:16:51.455+0000] {logging_mixin.py:188} INFO - [2026-05-02T00:16:51.455+0000] {dag.py:3089} INFO - Sync 1 DAGs
[2026-05-02T00:16:51.465+0000] {logging_mixin.py:188} INFO - [2026-05-02T00:16:51.465+0000] {dag.py:3947} INFO - Setting next_dagrun for example_bash_operator to 2026-05-01 00:00:00+00:00, run_after=2026-05-02 00:00:00+00:00
[2026-05-02T00:16:51.474+0000] {processor.py:183} INFO - Processing /home/airflow/.local/lib/python3.12/site-packages/airflow/example_dags/example_bash_operator.py took 0.057 seconds
[2026-05-02T00:17:22.010+0000] {processor.py:161} INFO - Started process (PID=12020) to work on /home/airflow/.local/lib/python3.12/site-packages/airflow/example_dags/example_bash_operator.py
[2026-05-02T00:17:22.011+0000] {processor.py:830} INFO - Processing file /home/airflow/.local/lib/python3.12/site-packages/airflow/example_dags/example_bash_operator.py for tasks to queue
[2026-05-02T00:17:22.013+0000] {logging_mixin.py:188} INFO - [2026-05-02T00:17:22.013+0000] {dagbag.py:545} INFO - Filling up the DagBag from /home/airflow/.local/lib/python3.12/site-packages/airflow/example_dags/example_bash_operator.py
[2026-05-02T00:17:22.023+0000] {processor.py:840} INFO - DAG(s) 'example_bash_operator' retrieved from /home/airflow/.local/lib/python3.12/site-packages/airflow/example_dags/example_bash_operator.py
[2026-05-02T00:17:22.042+0000] {logging_mixin.py:188} INFO - [2026-05-02T00:17:22.042+0000] {dag.py:3089} INFO - Sync 1 DAGs
[2026-05-02T00:17:22.056+0000] {logging_mixin.py:188} INFO - [2026-05-02T00:17:22.056+0000] {dag.py:3947} INFO - Setting next_dagrun for example_bash_operator to 2026-05-01 00:00:00+00:00, run_after=2026-05-02 00:00:00+00:00
[2026-05-02T00:17:22.065+0000] {processor.py:183} INFO - Processing /home/airflow/.local/lib/python3.12/site-packages/airflow/example_dags/example_bash_operator.py took 0.062 seconds
[2026-05-02T00:17:52.680+0000] {processor.py:161} INFO - Started process (PID=12080) to work on /home/airflow/.local/lib/python3.12/site-packages/airflow/example_dags/example_bash_operator.py
[2026-05-02T00:17:52.683+0000] {processor.py:830} INFO - Processing file /home/airflow/.local/lib/python3.12/site-packages/airflow/example_dags/example_bash_operator.py for tasks to queue
[2026-05-02T00:17:52.688+0000] {logging_mixin.py:188} INFO - [2026-05-02T00:17:52.688+0000] {dagbag.py:545} INFO - Filling up the DagBag from /home/airflow/.local/lib/python3.12/site-packages/airflow/example_dags/example_bash_operator.py
[2026-05-02T00:17:52.700+0000] {processor.py:840} INFO - DAG(s) 'example_bash_operator' retrieved from /home/airflow/.local/lib/python3.12/site-packages/airflow/example_dags/example_bash_operator.py
[2026-05-02T00:17:52.721+0000] {logging_mixin.py:188} INFO - [2026-05-02T00:17:52.721+0000] {dag.py:3089} INFO - Sync 1 DAGs
[2026-05-02T00:17:52.731+0000] {logging_mixin.py:188} INFO - [2026-05-02T00:17:52.731+0000] {dag.py:3947} INFO - Setting next_dagrun for example_bash_operator to 2026-05-01 00:00:00+00:00, run_after=2026-05-02 00:00:00+00:00
[2026-05-02T00:17:52.740+0000] {processor.py:183} INFO - Processing /home/airflow/.local/lib/python3.12/site-packages/airflow/example_dags/example_bash_operator.py took 0.068 seconds
