[2026-05-02T00:07:38.540+0000] {processor.py:161} INFO - Started process (PID=10857) to work on /home/airflow/.local/lib/python3.12/site-packages/airflow/example_dags/example_latest_only_with_trigger.py
[2026-05-02T00:07:38.540+0000] {processor.py:830} INFO - Processing file /home/airflow/.local/lib/python3.12/site-packages/airflow/example_dags/example_latest_only_with_trigger.py for tasks to queue
[2026-05-02T00:07:38.541+0000] {logging_mixin.py:188} INFO - [2026-05-02T00:07:38.541+0000] {dagbag.py:545} INFO - Filling up the DagBag from /home/airflow/.local/lib/python3.12/site-packages/airflow/example_dags/example_latest_only_with_trigger.py
[2026-05-02T00:07:38.544+0000] {processor.py:840} INFO - DAG(s) 'latest_only_with_trigger' retrieved from /home/airflow/.local/lib/python3.12/site-packages/airflow/example_dags/example_latest_only_with_trigger.py
[2026-05-02T00:07:38.554+0000] {logging_mixin.py:188} INFO - [2026-05-02T00:07:38.554+0000] {dag.py:3089} INFO - Sync 1 DAGs
[2026-05-02T00:07:38.563+0000] {logging_mixin.py:188} INFO - [2026-05-02T00:07:38.563+0000] {dag.py:3947} INFO - Setting next_dagrun for latest_only_with_trigger to 2026-05-01 20:00:00+00:00, run_after=2026-05-02 00:00:00+00:00
[2026-05-02T00:07:38.570+0000] {processor.py:183} INFO - Processing /home/airflow/.local/lib/python3.12/site-packages/airflow/example_dags/example_latest_only_with_trigger.py took 0.033 seconds
[2026-05-02T00:08:09.365+0000] {processor.py:161} INFO - Started process (PID=10917) to work on /home/airflow/.local/lib/python3.12/site-packages/airflow/example_dags/example_latest_only_with_trigger.py
[2026-05-02T00:08:09.366+0000] {processor.py:830} INFO - Processing file /home/airflow/.local/lib/python3.12/site-packages/airflow/example_dags/example_latest_only_with_trigger.py for tasks to queue
[2026-05-02T00:08:09.366+0000] {logging_mixin.py:188} INFO - [2026-05-02T00:08:09.366+0000] {dagbag.py:545} INFO - Filling up the DagBag from /home/airflow/.local/lib/python3.12/site-packages/airflow/example_dags/example_latest_only_with_trigger.py
[2026-05-02T00:08:09.369+0000] {processor.py:840} INFO - DAG(s) 'latest_only_with_trigger' retrieved from /home/airflow/.local/lib/python3.12/site-packages/airflow/example_dags/example_latest_only_with_trigger.py
[2026-05-02T00:08:09.377+0000] {logging_mixin.py:188} INFO - [2026-05-02T00:08:09.377+0000] {dag.py:3089} INFO - Sync 1 DAGs
[2026-05-02T00:08:09.385+0000] {logging_mixin.py:188} INFO - [2026-05-02T00:08:09.385+0000] {dag.py:3947} INFO - Setting next_dagrun for latest_only_with_trigger to 2026-05-01 20:00:00+00:00, run_after=2026-05-02 00:00:00+00:00
[2026-05-02T00:08:09.391+0000] {processor.py:183} INFO - Processing /home/airflow/.local/lib/python3.12/site-packages/airflow/example_dags/example_latest_only_with_trigger.py took 0.029 seconds
[2026-05-02T00:08:39.986+0000] {processor.py:161} INFO - Started process (PID=10977) to work on /home/airflow/.local/lib/python3.12/site-packages/airflow/example_dags/example_latest_only_with_trigger.py
[2026-05-02T00:08:39.987+0000] {processor.py:830} INFO - Processing file /home/airflow/.local/lib/python3.12/site-packages/airflow/example_dags/example_latest_only_with_trigger.py for tasks to queue
[2026-05-02T00:08:39.988+0000] {logging_mixin.py:188} INFO - [2026-05-02T00:08:39.987+0000] {dagbag.py:545} INFO - Filling up the DagBag from /home/airflow/.local/lib/python3.12/site-packages/airflow/example_dags/example_latest_only_with_trigger.py
[2026-05-02T00:08:39.990+0000] {processor.py:840} INFO - DAG(s) 'latest_only_with_trigger' retrieved from /home/airflow/.local/lib/python3.12/site-packages/airflow/example_dags/example_latest_only_with_trigger.py
[2026-05-02T00:08:39.998+0000] {logging_mixin.py:188} INFO - [2026-05-02T00:08:39.998+0000] {dag.py:3089} INFO - Sync 1 DAGs
[2026-05-02T00:08:40.007+0000] {logging_mixin.py:188} INFO - [2026-05-02T00:08:40.007+0000] {dag.py:3947} INFO - Setting next_dagrun for latest_only_with_trigger to 2026-05-01 20:00:00+00:00, run_after=2026-05-02 00:00:00+00:00
[2026-05-02T00:08:40.013+0000] {processor.py:183} INFO - Processing /home/airflow/.local/lib/python3.12/site-packages/airflow/example_dags/example_latest_only_with_trigger.py took 0.030 seconds
[2026-05-02T00:09:10.703+0000] {processor.py:161} INFO - Started process (PID=11037) to work on /home/airflow/.local/lib/python3.12/site-packages/airflow/example_dags/example_latest_only_with_trigger.py
[2026-05-02T00:09:10.704+0000] {processor.py:830} INFO - Processing file /home/airflow/.local/lib/python3.12/site-packages/airflow/example_dags/example_latest_only_with_trigger.py for tasks to queue
[2026-05-02T00:09:10.704+0000] {logging_mixin.py:188} INFO - [2026-05-02T00:09:10.704+0000] {dagbag.py:545} INFO - Filling up the DagBag from /home/airflow/.local/lib/python3.12/site-packages/airflow/example_dags/example_latest_only_with_trigger.py
[2026-05-02T00:09:10.707+0000] {processor.py:840} INFO - DAG(s) 'latest_only_with_trigger' retrieved from /home/airflow/.local/lib/python3.12/site-packages/airflow/example_dags/example_latest_only_with_trigger.py
[2026-05-02T00:09:10.715+0000] {logging_mixin.py:188} INFO - [2026-05-02T00:09:10.715+0000] {dag.py:3089} INFO - Sync 1 DAGs
[2026-05-02T00:09:10.723+0000] {logging_mixin.py:188} INFO - [2026-05-02T00:09:10.723+0000] {dag.py:3947} INFO - Setting next_dagrun for latest_only_with_trigger to 2026-05-01 20:00:00+00:00, run_after=2026-05-02 00:00:00+00:00
[2026-05-02T00:09:10.730+0000] {processor.py:183} INFO - Processing /home/airflow/.local/lib/python3.12/site-packages/airflow/example_dags/example_latest_only_with_trigger.py took 0.030 seconds
[2026-05-02T00:09:41.457+0000] {processor.py:161} INFO - Started process (PID=11097) to work on /home/airflow/.local/lib/python3.12/site-packages/airflow/example_dags/example_latest_only_with_trigger.py
[2026-05-02T00:09:41.457+0000] {processor.py:830} INFO - Processing file /home/airflow/.local/lib/python3.12/site-packages/airflow/example_dags/example_latest_only_with_trigger.py for tasks to queue
[2026-05-02T00:09:41.458+0000] {logging_mixin.py:188} INFO - [2026-05-02T00:09:41.458+0000] {dagbag.py:545} INFO - Filling up the DagBag from /home/airflow/.local/lib/python3.12/site-packages/airflow/example_dags/example_latest_only_with_trigger.py
[2026-05-02T00:09:41.461+0000] {processor.py:840} INFO - DAG(s) 'latest_only_with_trigger' retrieved from /home/airflow/.local/lib/python3.12/site-packages/airflow/example_dags/example_latest_only_with_trigger.py
[2026-05-02T00:09:41.471+0000] {logging_mixin.py:188} INFO - [2026-05-02T00:09:41.471+0000] {dag.py:3089} INFO - Sync 1 DAGs
[2026-05-02T00:09:41.481+0000] {logging_mixin.py:188} INFO - [2026-05-02T00:09:41.481+0000] {dag.py:3947} INFO - Setting next_dagrun for latest_only_with_trigger to 2026-05-01 20:00:00+00:00, run_after=2026-05-02 00:00:00+00:00
[2026-05-02T00:09:41.586+0000] {processor.py:183} INFO - Processing /home/airflow/.local/lib/python3.12/site-packages/airflow/example_dags/example_latest_only_with_trigger.py took 0.132 seconds
[2026-05-02T00:10:12.456+0000] {processor.py:161} INFO - Started process (PID=11157) to work on /home/airflow/.local/lib/python3.12/site-packages/airflow/example_dags/example_latest_only_with_trigger.py
[2026-05-02T00:10:12.457+0000] {processor.py:830} INFO - Processing file /home/airflow/.local/lib/python3.12/site-packages/airflow/example_dags/example_latest_only_with_trigger.py for tasks to queue
[2026-05-02T00:10:12.458+0000] {logging_mixin.py:188} INFO - [2026-05-02T00:10:12.457+0000] {dagbag.py:545} INFO - Filling up the DagBag from /home/airflow/.local/lib/python3.12/site-packages/airflow/example_dags/example_latest_only_with_trigger.py
[2026-05-02T00:10:12.460+0000] {processor.py:840} INFO - DAG(s) 'latest_only_with_trigger' retrieved from /home/airflow/.local/lib/python3.12/site-packages/airflow/example_dags/example_latest_only_with_trigger.py
[2026-05-02T00:10:12.468+0000] {logging_mixin.py:188} INFO - [2026-05-02T00:10:12.468+0000] {dag.py:3089} INFO - Sync 1 DAGs
[2026-05-02T00:10:12.476+0000] {logging_mixin.py:188} INFO - [2026-05-02T00:10:12.476+0000] {dag.py:3947} INFO - Setting next_dagrun for latest_only_with_trigger to 2026-05-01 20:00:00+00:00, run_after=2026-05-02 00:00:00+00:00
[2026-05-02T00:10:12.483+0000] {processor.py:183} INFO - Processing /home/airflow/.local/lib/python3.12/site-packages/airflow/example_dags/example_latest_only_with_trigger.py took 0.029 seconds
[2026-05-02T00:10:42.876+0000] {processor.py:161} INFO - Started process (PID=11217) to work on /home/airflow/.local/lib/python3.12/site-packages/airflow/example_dags/example_latest_only_with_trigger.py
[2026-05-02T00:10:42.877+0000] {processor.py:830} INFO - Processing file /home/airflow/.local/lib/python3.12/site-packages/airflow/example_dags/example_latest_only_with_trigger.py for tasks to queue
[2026-05-02T00:10:42.878+0000] {logging_mixin.py:188} INFO - [2026-05-02T00:10:42.878+0000] {dagbag.py:545} INFO - Filling up the DagBag from /home/airflow/.local/lib/python3.12/site-packages/airflow/example_dags/example_latest_only_with_trigger.py
[2026-05-02T00:10:42.880+0000] {processor.py:840} INFO - DAG(s) 'latest_only_with_trigger' retrieved from /home/airflow/.local/lib/python3.12/site-packages/airflow/example_dags/example_latest_only_with_trigger.py
[2026-05-02T00:10:42.889+0000] {logging_mixin.py:188} INFO - [2026-05-02T00:10:42.889+0000] {dag.py:3089} INFO - Sync 1 DAGs
[2026-05-02T00:10:42.896+0000] {logging_mixin.py:188} INFO - [2026-05-02T00:10:42.896+0000] {dag.py:3947} INFO - Setting next_dagrun for latest_only_with_trigger to 2026-05-01 20:00:00+00:00, run_after=2026-05-02 00:00:00+00:00
[2026-05-02T00:10:42.903+0000] {processor.py:183} INFO - Processing /home/airflow/.local/lib/python3.12/site-packages/airflow/example_dags/example_latest_only_with_trigger.py took 0.029 seconds
[2026-05-02T00:11:13.732+0000] {processor.py:161} INFO - Started process (PID=11277) to work on /home/airflow/.local/lib/python3.12/site-packages/airflow/example_dags/example_latest_only_with_trigger.py
[2026-05-02T00:11:13.732+0000] {processor.py:830} INFO - Processing file /home/airflow/.local/lib/python3.12/site-packages/airflow/example_dags/example_latest_only_with_trigger.py for tasks to queue
[2026-05-02T00:11:13.733+0000] {logging_mixin.py:188} INFO - [2026-05-02T00:11:13.733+0000] {dagbag.py:545} INFO - Filling up the DagBag from /home/airflow/.local/lib/python3.12/site-packages/airflow/example_dags/example_latest_only_with_trigger.py
[2026-05-02T00:11:13.735+0000] {processor.py:840} INFO - DAG(s) 'latest_only_with_trigger' retrieved from /home/airflow/.local/lib/python3.12/site-packages/airflow/example_dags/example_latest_only_with_trigger.py
[2026-05-02T00:11:13.745+0000] {logging_mixin.py:188} INFO - [2026-05-02T00:11:13.745+0000] {dag.py:3089} INFO - Sync 1 DAGs
[2026-05-02T00:11:13.754+0000] {logging_mixin.py:188} INFO - [2026-05-02T00:11:13.754+0000] {dag.py:3947} INFO - Setting next_dagrun for latest_only_with_trigger to 2026-05-01 20:00:00+00:00, run_after=2026-05-02 00:00:00+00:00
[2026-05-02T00:11:13.762+0000] {processor.py:183} INFO - Processing /home/airflow/.local/lib/python3.12/site-packages/airflow/example_dags/example_latest_only_with_trigger.py took 0.033 seconds
[2026-05-02T00:11:44.400+0000] {processor.py:161} INFO - Started process (PID=11337) to work on /home/airflow/.local/lib/python3.12/site-packages/airflow/example_dags/example_latest_only_with_trigger.py
[2026-05-02T00:11:44.401+0000] {processor.py:830} INFO - Processing file /home/airflow/.local/lib/python3.12/site-packages/airflow/example_dags/example_latest_only_with_trigger.py for tasks to queue
[2026-05-02T00:11:44.402+0000] {logging_mixin.py:188} INFO - [2026-05-02T00:11:44.401+0000] {dagbag.py:545} INFO - Filling up the DagBag from /home/airflow/.local/lib/python3.12/site-packages/airflow/example_dags/example_latest_only_with_trigger.py
[2026-05-02T00:11:44.404+0000] {processor.py:840} INFO - DAG(s) 'latest_only_with_trigger' retrieved from /home/airflow/.local/lib/python3.12/site-packages/airflow/example_dags/example_latest_only_with_trigger.py
[2026-05-02T00:11:44.414+0000] {logging_mixin.py:188} INFO - [2026-05-02T00:11:44.413+0000] {dag.py:3089} INFO - Sync 1 DAGs
[2026-05-02T00:11:44.423+0000] {logging_mixin.py:188} INFO - [2026-05-02T00:11:44.423+0000] {dag.py:3947} INFO - Setting next_dagrun for latest_only_with_trigger to 2026-05-01 20:00:00+00:00, run_after=2026-05-02 00:00:00+00:00
[2026-05-02T00:11:44.434+0000] {processor.py:183} INFO - Processing /home/airflow/.local/lib/python3.12/site-packages/airflow/example_dags/example_latest_only_with_trigger.py took 0.036 seconds
[2026-05-02T00:12:14.997+0000] {processor.py:161} INFO - Started process (PID=11397) to work on /home/airflow/.local/lib/python3.12/site-packages/airflow/example_dags/example_latest_only_with_trigger.py
[2026-05-02T00:12:14.997+0000] {processor.py:830} INFO - Processing file /home/airflow/.local/lib/python3.12/site-packages/airflow/example_dags/example_latest_only_with_trigger.py for tasks to queue
[2026-05-02T00:12:14.998+0000] {logging_mixin.py:188} INFO - [2026-05-02T00:12:14.998+0000] {dagbag.py:545} INFO - Filling up the DagBag from /home/airflow/.local/lib/python3.12/site-packages/airflow/example_dags/example_latest_only_with_trigger.py
[2026-05-02T00:12:15.001+0000] {processor.py:840} INFO - DAG(s) 'latest_only_with_trigger' retrieved from /home/airflow/.local/lib/python3.12/site-packages/airflow/example_dags/example_latest_only_with_trigger.py
[2026-05-02T00:12:15.009+0000] {logging_mixin.py:188} INFO - [2026-05-02T00:12:15.009+0000] {dag.py:3089} INFO - Sync 1 DAGs
[2026-05-02T00:12:15.018+0000] {logging_mixin.py:188} INFO - [2026-05-02T00:12:15.018+0000] {dag.py:3947} INFO - Setting next_dagrun for latest_only_with_trigger to 2026-05-01 20:00:00+00:00, run_after=2026-05-02 00:00:00+00:00
[2026-05-02T00:12:15.028+0000] {processor.py:183} INFO - Processing /home/airflow/.local/lib/python3.12/site-packages/airflow/example_dags/example_latest_only_with_trigger.py took 0.034 seconds
[2026-05-02T00:12:45.561+0000] {processor.py:161} INFO - Started process (PID=11457) to work on /home/airflow/.local/lib/python3.12/site-packages/airflow/example_dags/example_latest_only_with_trigger.py
[2026-05-02T00:12:45.561+0000] {processor.py:830} INFO - Processing file /home/airflow/.local/lib/python3.12/site-packages/airflow/example_dags/example_latest_only_with_trigger.py for tasks to queue
[2026-05-02T00:12:45.562+0000] {logging_mixin.py:188} INFO - [2026-05-02T00:12:45.562+0000] {dagbag.py:545} INFO - Filling up the DagBag from /home/airflow/.local/lib/python3.12/site-packages/airflow/example_dags/example_latest_only_with_trigger.py
[2026-05-02T00:12:45.564+0000] {processor.py:840} INFO - DAG(s) 'latest_only_with_trigger' retrieved from /home/airflow/.local/lib/python3.12/site-packages/airflow/example_dags/example_latest_only_with_trigger.py
[2026-05-02T00:12:45.575+0000] {logging_mixin.py:188} INFO - [2026-05-02T00:12:45.575+0000] {dag.py:3089} INFO - Sync 1 DAGs
[2026-05-02T00:12:45.582+0000] {logging_mixin.py:188} INFO - [2026-05-02T00:12:45.582+0000] {dag.py:3947} INFO - Setting next_dagrun for latest_only_with_trigger to 2026-05-01 20:00:00+00:00, run_after=2026-05-02 00:00:00+00:00
[2026-05-02T00:12:45.590+0000] {processor.py:183} INFO - Processing /home/airflow/.local/lib/python3.12/site-packages/airflow/example_dags/example_latest_only_with_trigger.py took 0.032 seconds
[2026-05-02T00:13:16.065+0000] {processor.py:161} INFO - Started process (PID=11517) to work on /home/airflow/.local/lib/python3.12/site-packages/airflow/example_dags/example_latest_only_with_trigger.py
[2026-05-02T00:13:16.066+0000] {processor.py:830} INFO - Processing file /home/airflow/.local/lib/python3.12/site-packages/airflow/example_dags/example_latest_only_with_trigger.py for tasks to queue
[2026-05-02T00:13:16.067+0000] {logging_mixin.py:188} INFO - [2026-05-02T00:13:16.067+0000] {dagbag.py:545} INFO - Filling up the DagBag from /home/airflow/.local/lib/python3.12/site-packages/airflow/example_dags/example_latest_only_with_trigger.py
[2026-05-02T00:13:16.069+0000] {processor.py:840} INFO - DAG(s) 'latest_only_with_trigger' retrieved from /home/airflow/.local/lib/python3.12/site-packages/airflow/example_dags/example_latest_only_with_trigger.py
[2026-05-02T00:13:16.077+0000] {logging_mixin.py:188} INFO - [2026-05-02T00:13:16.077+0000] {dag.py:3089} INFO - Sync 1 DAGs
[2026-05-02T00:13:16.087+0000] {logging_mixin.py:188} INFO - [2026-05-02T00:13:16.087+0000] {dag.py:3947} INFO - Setting next_dagrun for latest_only_with_trigger to 2026-05-01 20:00:00+00:00, run_after=2026-05-02 00:00:00+00:00
[2026-05-02T00:13:16.096+0000] {processor.py:183} INFO - Processing /home/airflow/.local/lib/python3.12/site-packages/airflow/example_dags/example_latest_only_with_trigger.py took 0.033 seconds
[2026-05-02T00:13:46.578+0000] {processor.py:161} INFO - Started process (PID=11577) to work on /home/airflow/.local/lib/python3.12/site-packages/airflow/example_dags/example_latest_only_with_trigger.py
[2026-05-02T00:13:46.578+0000] {processor.py:830} INFO - Processing file /home/airflow/.local/lib/python3.12/site-packages/airflow/example_dags/example_latest_only_with_trigger.py for tasks to queue
[2026-05-02T00:13:46.579+0000] {logging_mixin.py:188} INFO - [2026-05-02T00:13:46.579+0000] {dagbag.py:545} INFO - Filling up the DagBag from /home/airflow/.local/lib/python3.12/site-packages/airflow/example_dags/example_latest_only_with_trigger.py
[2026-05-02T00:13:46.581+0000] {processor.py:840} INFO - DAG(s) 'latest_only_with_trigger' retrieved from /home/airflow/.local/lib/python3.12/site-packages/airflow/example_dags/example_latest_only_with_trigger.py
[2026-05-02T00:13:46.589+0000] {logging_mixin.py:188} INFO - [2026-05-02T00:13:46.589+0000] {dag.py:3089} INFO - Sync 1 DAGs
[2026-05-02T00:13:46.601+0000] {logging_mixin.py:188} INFO - [2026-05-02T00:13:46.601+0000] {dag.py:3947} INFO - Setting next_dagrun for latest_only_with_trigger to 2026-05-01 20:00:00+00:00, run_after=2026-05-02 00:00:00+00:00
[2026-05-02T00:13:46.610+0000] {processor.py:183} INFO - Processing /home/airflow/.local/lib/python3.12/site-packages/airflow/example_dags/example_latest_only_with_trigger.py took 0.035 seconds
[2026-05-02T00:14:17.123+0000] {processor.py:161} INFO - Started process (PID=11637) to work on /home/airflow/.local/lib/python3.12/site-packages/airflow/example_dags/example_latest_only_with_trigger.py
[2026-05-02T00:14:17.123+0000] {processor.py:830} INFO - Processing file /home/airflow/.local/lib/python3.12/site-packages/airflow/example_dags/example_latest_only_with_trigger.py for tasks to queue
[2026-05-02T00:14:17.124+0000] {logging_mixin.py:188} INFO - [2026-05-02T00:14:17.124+0000] {dagbag.py:545} INFO - Filling up the DagBag from /home/airflow/.local/lib/python3.12/site-packages/airflow/example_dags/example_latest_only_with_trigger.py
[2026-05-02T00:14:17.126+0000] {processor.py:840} INFO - DAG(s) 'latest_only_with_trigger' retrieved from /home/airflow/.local/lib/python3.12/site-packages/airflow/example_dags/example_latest_only_with_trigger.py
[2026-05-02T00:14:17.135+0000] {logging_mixin.py:188} INFO - [2026-05-02T00:14:17.134+0000] {dag.py:3089} INFO - Sync 1 DAGs
[2026-05-02T00:14:17.144+0000] {logging_mixin.py:188} INFO - [2026-05-02T00:14:17.144+0000] {dag.py:3947} INFO - Setting next_dagrun for latest_only_with_trigger to 2026-05-01 20:00:00+00:00, run_after=2026-05-02 00:00:00+00:00
[2026-05-02T00:14:17.155+0000] {processor.py:183} INFO - Processing /home/airflow/.local/lib/python3.12/site-packages/airflow/example_dags/example_latest_only_with_trigger.py took 0.037 seconds
[2026-05-02T00:14:47.626+0000] {processor.py:161} INFO - Started process (PID=11697) to work on /home/airflow/.local/lib/python3.12/site-packages/airflow/example_dags/example_latest_only_with_trigger.py
[2026-05-02T00:14:47.627+0000] {processor.py:830} INFO - Processing file /home/airflow/.local/lib/python3.12/site-packages/airflow/example_dags/example_latest_only_with_trigger.py for tasks to queue
[2026-05-02T00:14:47.628+0000] {logging_mixin.py:188} INFO - [2026-05-02T00:14:47.627+0000] {dagbag.py:545} INFO - Filling up the DagBag from /home/airflow/.local/lib/python3.12/site-packages/airflow/example_dags/example_latest_only_with_trigger.py
[2026-05-02T00:14:47.630+0000] {processor.py:840} INFO - DAG(s) 'latest_only_with_trigger' retrieved from /home/airflow/.local/lib/python3.12/site-packages/airflow/example_dags/example_latest_only_with_trigger.py
[2026-05-02T00:14:47.640+0000] {logging_mixin.py:188} INFO - [2026-05-02T00:14:47.640+0000] {dag.py:3089} INFO - Sync 1 DAGs
[2026-05-02T00:14:47.650+0000] {logging_mixin.py:188} INFO - [2026-05-02T00:14:47.650+0000] {dag.py:3947} INFO - Setting next_dagrun for latest_only_with_trigger to 2026-05-01 20:00:00+00:00, run_after=2026-05-02 00:00:00+00:00
[2026-05-02T00:14:47.658+0000] {processor.py:183} INFO - Processing /home/airflow/.local/lib/python3.12/site-packages/airflow/example_dags/example_latest_only_with_trigger.py took 0.035 seconds
[2026-05-02T00:15:18.251+0000] {processor.py:161} INFO - Started process (PID=11757) to work on /home/airflow/.local/lib/python3.12/site-packages/airflow/example_dags/example_latest_only_with_trigger.py
[2026-05-02T00:15:18.253+0000] {processor.py:830} INFO - Processing file /home/airflow/.local/lib/python3.12/site-packages/airflow/example_dags/example_latest_only_with_trigger.py for tasks to queue
[2026-05-02T00:15:18.256+0000] {logging_mixin.py:188} INFO - [2026-05-02T00:15:18.256+0000] {dagbag.py:545} INFO - Filling up the DagBag from /home/airflow/.local/lib/python3.12/site-packages/airflow/example_dags/example_latest_only_with_trigger.py
[2026-05-02T00:15:18.264+0000] {processor.py:840} INFO - DAG(s) 'latest_only_with_trigger' retrieved from /home/airflow/.local/lib/python3.12/site-packages/airflow/example_dags/example_latest_only_with_trigger.py
[2026-05-02T00:15:18.322+0000] {logging_mixin.py:188} INFO - [2026-05-02T00:15:18.322+0000] {dag.py:3089} INFO - Sync 1 DAGs
[2026-05-02T00:15:18.334+0000] {logging_mixin.py:188} INFO - [2026-05-02T00:15:18.334+0000] {dag.py:3947} INFO - Setting next_dagrun for latest_only_with_trigger to 2026-05-01 20:00:00+00:00, run_after=2026-05-02 00:00:00+00:00
[2026-05-02T00:15:18.347+0000] {processor.py:183} INFO - Processing /home/airflow/.local/lib/python3.12/site-packages/airflow/example_dags/example_latest_only_with_trigger.py took 0.104 seconds
[2026-05-02T00:15:48.722+0000] {processor.py:161} INFO - Started process (PID=11817) to work on /home/airflow/.local/lib/python3.12/site-packages/airflow/example_dags/example_latest_only_with_trigger.py
[2026-05-02T00:15:48.722+0000] {processor.py:830} INFO - Processing file /home/airflow/.local/lib/python3.12/site-packages/airflow/example_dags/example_latest_only_with_trigger.py for tasks to queue
[2026-05-02T00:15:48.723+0000] {logging_mixin.py:188} INFO - [2026-05-02T00:15:48.723+0000] {dagbag.py:545} INFO - Filling up the DagBag from /home/airflow/.local/lib/python3.12/site-packages/airflow/example_dags/example_latest_only_with_trigger.py
[2026-05-02T00:15:48.725+0000] {processor.py:840} INFO - DAG(s) 'latest_only_with_trigger' retrieved from /home/airflow/.local/lib/python3.12/site-packages/airflow/example_dags/example_latest_only_with_trigger.py
[2026-05-02T00:15:48.734+0000] {logging_mixin.py:188} INFO - [2026-05-02T00:15:48.733+0000] {dag.py:3089} INFO - Sync 1 DAGs
[2026-05-02T00:15:48.744+0000] {logging_mixin.py:188} INFO - [2026-05-02T00:15:48.744+0000] {dag.py:3947} INFO - Setting next_dagrun for latest_only_with_trigger to 2026-05-01 20:00:00+00:00, run_after=2026-05-02 00:00:00+00:00
[2026-05-02T00:15:48.754+0000] {processor.py:183} INFO - Processing /home/airflow/.local/lib/python3.12/site-packages/airflow/example_dags/example_latest_only_with_trigger.py took 0.034 seconds
[2026-05-02T00:16:19.263+0000] {processor.py:161} INFO - Started process (PID=11878) to work on /home/airflow/.local/lib/python3.12/site-packages/airflow/example_dags/example_latest_only_with_trigger.py
[2026-05-02T00:16:19.264+0000] {processor.py:830} INFO - Processing file /home/airflow/.local/lib/python3.12/site-packages/airflow/example_dags/example_latest_only_with_trigger.py for tasks to queue
[2026-05-02T00:16:19.265+0000] {logging_mixin.py:188} INFO - [2026-05-02T00:16:19.264+0000] {dagbag.py:545} INFO - Filling up the DagBag from /home/airflow/.local/lib/python3.12/site-packages/airflow/example_dags/example_latest_only_with_trigger.py
[2026-05-02T00:16:19.267+0000] {processor.py:840} INFO - DAG(s) 'latest_only_with_trigger' retrieved from /home/airflow/.local/lib/python3.12/site-packages/airflow/example_dags/example_latest_only_with_trigger.py
[2026-05-02T00:16:19.275+0000] {logging_mixin.py:188} INFO - [2026-05-02T00:16:19.275+0000] {dag.py:3089} INFO - Sync 1 DAGs
[2026-05-02T00:16:19.282+0000] {logging_mixin.py:188} INFO - [2026-05-02T00:16:19.282+0000] {dag.py:3947} INFO - Setting next_dagrun for latest_only_with_trigger to 2026-05-01 20:00:00+00:00, run_after=2026-05-02 00:00:00+00:00
[2026-05-02T00:16:19.294+0000] {processor.py:183} INFO - Processing /home/airflow/.local/lib/python3.12/site-packages/airflow/example_dags/example_latest_only_with_trigger.py took 0.034 seconds
[2026-05-02T00:16:49.883+0000] {processor.py:161} INFO - Started process (PID=11938) to work on /home/airflow/.local/lib/python3.12/site-packages/airflow/example_dags/example_latest_only_with_trigger.py
[2026-05-02T00:16:49.884+0000] {processor.py:830} INFO - Processing file /home/airflow/.local/lib/python3.12/site-packages/airflow/example_dags/example_latest_only_with_trigger.py for tasks to queue
[2026-05-02T00:16:49.886+0000] {logging_mixin.py:188} INFO - [2026-05-02T00:16:49.886+0000] {dagbag.py:545} INFO - Filling up the DagBag from /home/airflow/.local/lib/python3.12/site-packages/airflow/example_dags/example_latest_only_with_trigger.py
[2026-05-02T00:16:49.888+0000] {processor.py:840} INFO - DAG(s) 'latest_only_with_trigger' retrieved from /home/airflow/.local/lib/python3.12/site-packages/airflow/example_dags/example_latest_only_with_trigger.py
[2026-05-02T00:16:49.900+0000] {logging_mixin.py:188} INFO - [2026-05-02T00:16:49.900+0000] {dag.py:3089} INFO - Sync 1 DAGs
[2026-05-02T00:16:49.911+0000] {logging_mixin.py:188} INFO - [2026-05-02T00:16:49.911+0000] {dag.py:3947} INFO - Setting next_dagrun for latest_only_with_trigger to 2026-05-01 20:00:00+00:00, run_after=2026-05-02 00:00:00+00:00
[2026-05-02T00:16:49.919+0000] {processor.py:183} INFO - Processing /home/airflow/.local/lib/python3.12/site-packages/airflow/example_dags/example_latest_only_with_trigger.py took 0.038 seconds
[2026-05-02T00:17:20.465+0000] {processor.py:161} INFO - Started process (PID=11998) to work on /home/airflow/.local/lib/python3.12/site-packages/airflow/example_dags/example_latest_only_with_trigger.py
[2026-05-02T00:17:20.466+0000] {processor.py:830} INFO - Processing file /home/airflow/.local/lib/python3.12/site-packages/airflow/example_dags/example_latest_only_with_trigger.py for tasks to queue
[2026-05-02T00:17:20.467+0000] {logging_mixin.py:188} INFO - [2026-05-02T00:17:20.467+0000] {dagbag.py:545} INFO - Filling up the DagBag from /home/airflow/.local/lib/python3.12/site-packages/airflow/example_dags/example_latest_only_with_trigger.py
[2026-05-02T00:17:20.469+0000] {processor.py:840} INFO - DAG(s) 'latest_only_with_trigger' retrieved from /home/airflow/.local/lib/python3.12/site-packages/airflow/example_dags/example_latest_only_with_trigger.py
[2026-05-02T00:17:20.477+0000] {logging_mixin.py:188} INFO - [2026-05-02T00:17:20.477+0000] {dag.py:3089} INFO - Sync 1 DAGs
[2026-05-02T00:17:20.485+0000] {logging_mixin.py:188} INFO - [2026-05-02T00:17:20.485+0000] {dag.py:3947} INFO - Setting next_dagrun for latest_only_with_trigger to 2026-05-01 20:00:00+00:00, run_after=2026-05-02 00:00:00+00:00
[2026-05-02T00:17:20.497+0000] {processor.py:183} INFO - Processing /home/airflow/.local/lib/python3.12/site-packages/airflow/example_dags/example_latest_only_with_trigger.py took 0.035 seconds
[2026-05-02T00:17:51.141+0000] {processor.py:161} INFO - Started process (PID=12058) to work on /home/airflow/.local/lib/python3.12/site-packages/airflow/example_dags/example_latest_only_with_trigger.py
[2026-05-02T00:17:51.141+0000] {processor.py:830} INFO - Processing file /home/airflow/.local/lib/python3.12/site-packages/airflow/example_dags/example_latest_only_with_trigger.py for tasks to queue
[2026-05-02T00:17:51.142+0000] {logging_mixin.py:188} INFO - [2026-05-02T00:17:51.142+0000] {dagbag.py:545} INFO - Filling up the DagBag from /home/airflow/.local/lib/python3.12/site-packages/airflow/example_dags/example_latest_only_with_trigger.py
[2026-05-02T00:17:51.144+0000] {processor.py:840} INFO - DAG(s) 'latest_only_with_trigger' retrieved from /home/airflow/.local/lib/python3.12/site-packages/airflow/example_dags/example_latest_only_with_trigger.py
[2026-05-02T00:17:51.153+0000] {logging_mixin.py:188} INFO - [2026-05-02T00:17:51.152+0000] {dag.py:3089} INFO - Sync 1 DAGs
[2026-05-02T00:17:51.160+0000] {logging_mixin.py:188} INFO - [2026-05-02T00:17:51.160+0000] {dag.py:3947} INFO - Setting next_dagrun for latest_only_with_trigger to 2026-05-01 20:00:00+00:00, run_after=2026-05-02 00:00:00+00:00
[2026-05-02T00:17:51.174+0000] {processor.py:183} INFO - Processing /home/airflow/.local/lib/python3.12/site-packages/airflow/example_dags/example_latest_only_with_trigger.py took 0.036 seconds
