[2026-05-02T00:07:39.671+0000] {processor.py:161} INFO - Started process (PID=10898) to work on /home/airflow/.local/lib/python3.12/site-packages/airflow/example_dags/example_setup_teardown.py
[2026-05-02T00:07:39.672+0000] {processor.py:830} INFO - Processing file /home/airflow/.local/lib/python3.12/site-packages/airflow/example_dags/example_setup_teardown.py for tasks to queue
[2026-05-02T00:07:39.673+0000] {logging_mixin.py:188} INFO - [2026-05-02T00:07:39.673+0000] {dagbag.py:545} INFO - Filling up the DagBag from /home/airflow/.local/lib/python3.12/site-packages/airflow/example_dags/example_setup_teardown.py
[2026-05-02T00:07:39.677+0000] {processor.py:840} INFO - DAG(s) 'example_setup_teardown' retrieved from /home/airflow/.local/lib/python3.12/site-packages/airflow/example_dags/example_setup_teardown.py
[2026-05-02T00:07:39.686+0000] {logging_mixin.py:188} INFO - [2026-05-02T00:07:39.686+0000] {dag.py:3089} INFO - Sync 1 DAGs
[2026-05-02T00:07:39.693+0000] {logging_mixin.py:188} INFO - [2026-05-02T00:07:39.693+0000] {dag.py:3947} INFO - Setting next_dagrun for example_setup_teardown to 2026-05-01 00:00:00+00:00, run_after=2026-05-02 00:00:00+00:00
[2026-05-02T00:07:39.699+0000] {processor.py:183} INFO - Processing /home/airflow/.local/lib/python3.12/site-packages/airflow/example_dags/example_setup_teardown.py took 0.031 seconds
[2026-05-02T00:08:10.436+0000] {processor.py:161} INFO - Started process (PID=10958) to work on /home/airflow/.local/lib/python3.12/site-packages/airflow/example_dags/example_setup_teardown.py
[2026-05-02T00:08:10.437+0000] {processor.py:830} INFO - Processing file /home/airflow/.local/lib/python3.12/site-packages/airflow/example_dags/example_setup_teardown.py for tasks to queue
[2026-05-02T00:08:10.438+0000] {logging_mixin.py:188} INFO - [2026-05-02T00:08:10.438+0000] {dagbag.py:545} INFO - Filling up the DagBag from /home/airflow/.local/lib/python3.12/site-packages/airflow/example_dags/example_setup_teardown.py
[2026-05-02T00:08:10.442+0000] {processor.py:840} INFO - DAG(s) 'example_setup_teardown' retrieved from /home/airflow/.local/lib/python3.12/site-packages/airflow/example_dags/example_setup_teardown.py
[2026-05-02T00:08:10.455+0000] {logging_mixin.py:188} INFO - [2026-05-02T00:08:10.455+0000] {dag.py:3089} INFO - Sync 1 DAGs
[2026-05-02T00:08:10.465+0000] {logging_mixin.py:188} INFO - [2026-05-02T00:08:10.464+0000] {dag.py:3947} INFO - Setting next_dagrun for example_setup_teardown to 2026-05-01 00:00:00+00:00, run_after=2026-05-02 00:00:00+00:00
[2026-05-02T00:08:10.472+0000] {processor.py:183} INFO - Processing /home/airflow/.local/lib/python3.12/site-packages/airflow/example_dags/example_setup_teardown.py took 0.038 seconds
[2026-05-02T00:08:41.134+0000] {processor.py:161} INFO - Started process (PID=11018) to work on /home/airflow/.local/lib/python3.12/site-packages/airflow/example_dags/example_setup_teardown.py
[2026-05-02T00:08:41.136+0000] {processor.py:830} INFO - Processing file /home/airflow/.local/lib/python3.12/site-packages/airflow/example_dags/example_setup_teardown.py for tasks to queue
[2026-05-02T00:08:41.137+0000] {logging_mixin.py:188} INFO - [2026-05-02T00:08:41.137+0000] {dagbag.py:545} INFO - Filling up the DagBag from /home/airflow/.local/lib/python3.12/site-packages/airflow/example_dags/example_setup_teardown.py
[2026-05-02T00:08:41.139+0000] {processor.py:840} INFO - DAG(s) 'example_setup_teardown' retrieved from /home/airflow/.local/lib/python3.12/site-packages/airflow/example_dags/example_setup_teardown.py
[2026-05-02T00:08:41.147+0000] {logging_mixin.py:188} INFO - [2026-05-02T00:08:41.147+0000] {dag.py:3089} INFO - Sync 1 DAGs
[2026-05-02T00:08:41.157+0000] {logging_mixin.py:188} INFO - [2026-05-02T00:08:41.157+0000] {dag.py:3947} INFO - Setting next_dagrun for example_setup_teardown to 2026-05-01 00:00:00+00:00, run_after=2026-05-02 00:00:00+00:00
[2026-05-02T00:08:41.162+0000] {processor.py:183} INFO - Processing /home/airflow/.local/lib/python3.12/site-packages/airflow/example_dags/example_setup_teardown.py took 0.030 seconds
[2026-05-02T00:09:11.797+0000] {processor.py:161} INFO - Started process (PID=11078) to work on /home/airflow/.local/lib/python3.12/site-packages/airflow/example_dags/example_setup_teardown.py
[2026-05-02T00:09:11.798+0000] {processor.py:830} INFO - Processing file /home/airflow/.local/lib/python3.12/site-packages/airflow/example_dags/example_setup_teardown.py for tasks to queue
[2026-05-02T00:09:11.798+0000] {logging_mixin.py:188} INFO - [2026-05-02T00:09:11.798+0000] {dagbag.py:545} INFO - Filling up the DagBag from /home/airflow/.local/lib/python3.12/site-packages/airflow/example_dags/example_setup_teardown.py
[2026-05-02T00:09:11.801+0000] {processor.py:840} INFO - DAG(s) 'example_setup_teardown' retrieved from /home/airflow/.local/lib/python3.12/site-packages/airflow/example_dags/example_setup_teardown.py
[2026-05-02T00:09:11.808+0000] {logging_mixin.py:188} INFO - [2026-05-02T00:09:11.808+0000] {dag.py:3089} INFO - Sync 1 DAGs
[2026-05-02T00:09:11.817+0000] {logging_mixin.py:188} INFO - [2026-05-02T00:09:11.817+0000] {dag.py:3947} INFO - Setting next_dagrun for example_setup_teardown to 2026-05-01 00:00:00+00:00, run_after=2026-05-02 00:00:00+00:00
[2026-05-02T00:09:11.824+0000] {processor.py:183} INFO - Processing /home/airflow/.local/lib/python3.12/site-packages/airflow/example_dags/example_setup_teardown.py took 0.029 seconds
[2026-05-02T00:09:42.751+0000] {processor.py:161} INFO - Started process (PID=11138) to work on /home/airflow/.local/lib/python3.12/site-packages/airflow/example_dags/example_setup_teardown.py
[2026-05-02T00:09:42.752+0000] {processor.py:830} INFO - Processing file /home/airflow/.local/lib/python3.12/site-packages/airflow/example_dags/example_setup_teardown.py for tasks to queue
[2026-05-02T00:09:42.755+0000] {logging_mixin.py:188} INFO - [2026-05-02T00:09:42.754+0000] {dagbag.py:545} INFO - Filling up the DagBag from /home/airflow/.local/lib/python3.12/site-packages/airflow/example_dags/example_setup_teardown.py
[2026-05-02T00:09:42.757+0000] {processor.py:840} INFO - DAG(s) 'example_setup_teardown' retrieved from /home/airflow/.local/lib/python3.12/site-packages/airflow/example_dags/example_setup_teardown.py
[2026-05-02T00:09:42.768+0000] {logging_mixin.py:188} INFO - [2026-05-02T00:09:42.768+0000] {dag.py:3089} INFO - Sync 1 DAGs
[2026-05-02T00:09:42.778+0000] {logging_mixin.py:188} INFO - [2026-05-02T00:09:42.778+0000] {dag.py:3947} INFO - Setting next_dagrun for example_setup_teardown to 2026-05-01 00:00:00+00:00, run_after=2026-05-02 00:00:00+00:00
[2026-05-02T00:09:42.785+0000] {processor.py:183} INFO - Processing /home/airflow/.local/lib/python3.12/site-packages/airflow/example_dags/example_setup_teardown.py took 0.036 seconds
[2026-05-02T00:10:14.322+0000] {processor.py:161} INFO - Started process (PID=11198) to work on /home/airflow/.local/lib/python3.12/site-packages/airflow/example_dags/example_setup_teardown.py
[2026-05-02T00:10:14.323+0000] {processor.py:830} INFO - Processing file /home/airflow/.local/lib/python3.12/site-packages/airflow/example_dags/example_setup_teardown.py for tasks to queue
[2026-05-02T00:10:14.323+0000] {logging_mixin.py:188} INFO - [2026-05-02T00:10:14.323+0000] {dagbag.py:545} INFO - Filling up the DagBag from /home/airflow/.local/lib/python3.12/site-packages/airflow/example_dags/example_setup_teardown.py
[2026-05-02T00:10:14.326+0000] {processor.py:840} INFO - DAG(s) 'example_setup_teardown' retrieved from /home/airflow/.local/lib/python3.12/site-packages/airflow/example_dags/example_setup_teardown.py
[2026-05-02T00:10:14.334+0000] {logging_mixin.py:188} INFO - [2026-05-02T00:10:14.334+0000] {dag.py:3089} INFO - Sync 1 DAGs
[2026-05-02T00:10:14.344+0000] {logging_mixin.py:188} INFO - [2026-05-02T00:10:14.344+0000] {dag.py:3947} INFO - Setting next_dagrun for example_setup_teardown to 2026-05-01 00:00:00+00:00, run_after=2026-05-02 00:00:00+00:00
[2026-05-02T00:10:14.354+0000] {processor.py:183} INFO - Processing /home/airflow/.local/lib/python3.12/site-packages/airflow/example_dags/example_setup_teardown.py took 0.034 seconds
[2026-05-02T00:10:45.179+0000] {processor.py:161} INFO - Started process (PID=11258) to work on /home/airflow/.local/lib/python3.12/site-packages/airflow/example_dags/example_setup_teardown.py
[2026-05-02T00:10:45.180+0000] {processor.py:830} INFO - Processing file /home/airflow/.local/lib/python3.12/site-packages/airflow/example_dags/example_setup_teardown.py for tasks to queue
[2026-05-02T00:10:45.180+0000] {logging_mixin.py:188} INFO - [2026-05-02T00:10:45.180+0000] {dagbag.py:545} INFO - Filling up the DagBag from /home/airflow/.local/lib/python3.12/site-packages/airflow/example_dags/example_setup_teardown.py
[2026-05-02T00:10:45.183+0000] {processor.py:840} INFO - DAG(s) 'example_setup_teardown' retrieved from /home/airflow/.local/lib/python3.12/site-packages/airflow/example_dags/example_setup_teardown.py
[2026-05-02T00:10:45.194+0000] {logging_mixin.py:188} INFO - [2026-05-02T00:10:45.194+0000] {dag.py:3089} INFO - Sync 1 DAGs
[2026-05-02T00:10:45.205+0000] {logging_mixin.py:188} INFO - [2026-05-02T00:10:45.205+0000] {dag.py:3947} INFO - Setting next_dagrun for example_setup_teardown to 2026-05-01 00:00:00+00:00, run_after=2026-05-02 00:00:00+00:00
[2026-05-02T00:10:45.213+0000] {processor.py:183} INFO - Processing /home/airflow/.local/lib/python3.12/site-packages/airflow/example_dags/example_setup_teardown.py took 0.037 seconds
[2026-05-02T00:11:15.758+0000] {processor.py:161} INFO - Started process (PID=11318) to work on /home/airflow/.local/lib/python3.12/site-packages/airflow/example_dags/example_setup_teardown.py
[2026-05-02T00:11:15.758+0000] {processor.py:830} INFO - Processing file /home/airflow/.local/lib/python3.12/site-packages/airflow/example_dags/example_setup_teardown.py for tasks to queue
[2026-05-02T00:11:15.760+0000] {logging_mixin.py:188} INFO - [2026-05-02T00:11:15.760+0000] {dagbag.py:545} INFO - Filling up the DagBag from /home/airflow/.local/lib/python3.12/site-packages/airflow/example_dags/example_setup_teardown.py
[2026-05-02T00:11:15.762+0000] {processor.py:840} INFO - DAG(s) 'example_setup_teardown' retrieved from /home/airflow/.local/lib/python3.12/site-packages/airflow/example_dags/example_setup_teardown.py
[2026-05-02T00:11:15.772+0000] {logging_mixin.py:188} INFO - [2026-05-02T00:11:15.772+0000] {dag.py:3089} INFO - Sync 1 DAGs
[2026-05-02T00:11:15.782+0000] {logging_mixin.py:188} INFO - [2026-05-02T00:11:15.782+0000] {dag.py:3947} INFO - Setting next_dagrun for example_setup_teardown to 2026-05-01 00:00:00+00:00, run_after=2026-05-02 00:00:00+00:00
[2026-05-02T00:11:15.792+0000] {processor.py:183} INFO - Processing /home/airflow/.local/lib/python3.12/site-packages/airflow/example_dags/example_setup_teardown.py took 0.037 seconds
[2026-05-02T00:11:46.463+0000] {processor.py:161} INFO - Started process (PID=11378) to work on /home/airflow/.local/lib/python3.12/site-packages/airflow/example_dags/example_setup_teardown.py
[2026-05-02T00:11:46.463+0000] {processor.py:830} INFO - Processing file /home/airflow/.local/lib/python3.12/site-packages/airflow/example_dags/example_setup_teardown.py for tasks to queue
[2026-05-02T00:11:46.467+0000] {logging_mixin.py:188} INFO - [2026-05-02T00:11:46.466+0000] {dagbag.py:545} INFO - Filling up the DagBag from /home/airflow/.local/lib/python3.12/site-packages/airflow/example_dags/example_setup_teardown.py
[2026-05-02T00:11:46.469+0000] {processor.py:840} INFO - DAG(s) 'example_setup_teardown' retrieved from /home/airflow/.local/lib/python3.12/site-packages/airflow/example_dags/example_setup_teardown.py
[2026-05-02T00:11:46.477+0000] {logging_mixin.py:188} INFO - [2026-05-02T00:11:46.477+0000] {dag.py:3089} INFO - Sync 1 DAGs
[2026-05-02T00:11:46.486+0000] {logging_mixin.py:188} INFO - [2026-05-02T00:11:46.486+0000] {dag.py:3947} INFO - Setting next_dagrun for example_setup_teardown to 2026-05-01 00:00:00+00:00, run_after=2026-05-02 00:00:00+00:00
[2026-05-02T00:11:46.495+0000] {processor.py:183} INFO - Processing /home/airflow/.local/lib/python3.12/site-packages/airflow/example_dags/example_setup_teardown.py took 0.034 seconds
[2026-05-02T00:12:16.977+0000] {processor.py:161} INFO - Started process (PID=11438) to work on /home/airflow/.local/lib/python3.12/site-packages/airflow/example_dags/example_setup_teardown.py
[2026-05-02T00:12:16.978+0000] {processor.py:830} INFO - Processing file /home/airflow/.local/lib/python3.12/site-packages/airflow/example_dags/example_setup_teardown.py for tasks to queue
[2026-05-02T00:12:16.979+0000] {logging_mixin.py:188} INFO - [2026-05-02T00:12:16.979+0000] {dagbag.py:545} INFO - Filling up the DagBag from /home/airflow/.local/lib/python3.12/site-packages/airflow/example_dags/example_setup_teardown.py
[2026-05-02T00:12:16.981+0000] {processor.py:840} INFO - DAG(s) 'example_setup_teardown' retrieved from /home/airflow/.local/lib/python3.12/site-packages/airflow/example_dags/example_setup_teardown.py
[2026-05-02T00:12:16.991+0000] {logging_mixin.py:188} INFO - [2026-05-02T00:12:16.991+0000] {dag.py:3089} INFO - Sync 1 DAGs
[2026-05-02T00:12:16.999+0000] {logging_mixin.py:188} INFO - [2026-05-02T00:12:16.999+0000] {dag.py:3947} INFO - Setting next_dagrun for example_setup_teardown to 2026-05-01 00:00:00+00:00, run_after=2026-05-02 00:00:00+00:00
[2026-05-02T00:12:17.009+0000] {processor.py:183} INFO - Processing /home/airflow/.local/lib/python3.12/site-packages/airflow/example_dags/example_setup_teardown.py took 0.033 seconds
[2026-05-02T00:12:47.517+0000] {processor.py:161} INFO - Started process (PID=11498) to work on /home/airflow/.local/lib/python3.12/site-packages/airflow/example_dags/example_setup_teardown.py
[2026-05-02T00:12:47.518+0000] {processor.py:830} INFO - Processing file /home/airflow/.local/lib/python3.12/site-packages/airflow/example_dags/example_setup_teardown.py for tasks to queue
[2026-05-02T00:12:47.519+0000] {logging_mixin.py:188} INFO - [2026-05-02T00:12:47.519+0000] {dagbag.py:545} INFO - Filling up the DagBag from /home/airflow/.local/lib/python3.12/site-packages/airflow/example_dags/example_setup_teardown.py
[2026-05-02T00:12:47.523+0000] {processor.py:840} INFO - DAG(s) 'example_setup_teardown' retrieved from /home/airflow/.local/lib/python3.12/site-packages/airflow/example_dags/example_setup_teardown.py
[2026-05-02T00:12:47.531+0000] {logging_mixin.py:188} INFO - [2026-05-02T00:12:47.531+0000] {dag.py:3089} INFO - Sync 1 DAGs
[2026-05-02T00:12:47.540+0000] {logging_mixin.py:188} INFO - [2026-05-02T00:12:47.540+0000] {dag.py:3947} INFO - Setting next_dagrun for example_setup_teardown to 2026-05-01 00:00:00+00:00, run_after=2026-05-02 00:00:00+00:00
[2026-05-02T00:12:47.548+0000] {processor.py:183} INFO - Processing /home/airflow/.local/lib/python3.12/site-packages/airflow/example_dags/example_setup_teardown.py took 0.033 seconds
[2026-05-02T00:13:18.043+0000] {processor.py:161} INFO - Started process (PID=11558) to work on /home/airflow/.local/lib/python3.12/site-packages/airflow/example_dags/example_setup_teardown.py
[2026-05-02T00:13:18.044+0000] {processor.py:830} INFO - Processing file /home/airflow/.local/lib/python3.12/site-packages/airflow/example_dags/example_setup_teardown.py for tasks to queue
[2026-05-02T00:13:18.045+0000] {logging_mixin.py:188} INFO - [2026-05-02T00:13:18.045+0000] {dagbag.py:545} INFO - Filling up the DagBag from /home/airflow/.local/lib/python3.12/site-packages/airflow/example_dags/example_setup_teardown.py
[2026-05-02T00:13:18.048+0000] {processor.py:840} INFO - DAG(s) 'example_setup_teardown' retrieved from /home/airflow/.local/lib/python3.12/site-packages/airflow/example_dags/example_setup_teardown.py
[2026-05-02T00:13:18.057+0000] {logging_mixin.py:188} INFO - [2026-05-02T00:13:18.057+0000] {dag.py:3089} INFO - Sync 1 DAGs
[2026-05-02T00:13:18.066+0000] {logging_mixin.py:188} INFO - [2026-05-02T00:13:18.066+0000] {dag.py:3947} INFO - Setting next_dagrun for example_setup_teardown to 2026-05-01 00:00:00+00:00, run_after=2026-05-02 00:00:00+00:00
[2026-05-02T00:13:18.076+0000] {processor.py:183} INFO - Processing /home/airflow/.local/lib/python3.12/site-packages/airflow/example_dags/example_setup_teardown.py took 0.035 seconds
[2026-05-02T00:13:48.530+0000] {processor.py:161} INFO - Started process (PID=11618) to work on /home/airflow/.local/lib/python3.12/site-packages/airflow/example_dags/example_setup_teardown.py
[2026-05-02T00:13:48.531+0000] {processor.py:830} INFO - Processing file /home/airflow/.local/lib/python3.12/site-packages/airflow/example_dags/example_setup_teardown.py for tasks to queue
[2026-05-02T00:13:48.532+0000] {logging_mixin.py:188} INFO - [2026-05-02T00:13:48.532+0000] {dagbag.py:545} INFO - Filling up the DagBag from /home/airflow/.local/lib/python3.12/site-packages/airflow/example_dags/example_setup_teardown.py
[2026-05-02T00:13:48.534+0000] {processor.py:840} INFO - DAG(s) 'example_setup_teardown' retrieved from /home/airflow/.local/lib/python3.12/site-packages/airflow/example_dags/example_setup_teardown.py
[2026-05-02T00:13:48.544+0000] {logging_mixin.py:188} INFO - [2026-05-02T00:13:48.544+0000] {dag.py:3089} INFO - Sync 1 DAGs
[2026-05-02T00:13:48.552+0000] {logging_mixin.py:188} INFO - [2026-05-02T00:13:48.552+0000] {dag.py:3947} INFO - Setting next_dagrun for example_setup_teardown to 2026-05-01 00:00:00+00:00, run_after=2026-05-02 00:00:00+00:00
[2026-05-02T00:13:48.561+0000] {processor.py:183} INFO - Processing /home/airflow/.local/lib/python3.12/site-packages/airflow/example_dags/example_setup_teardown.py took 0.033 seconds
[2026-05-02T00:14:19.104+0000] {processor.py:161} INFO - Started process (PID=11678) to work on /home/airflow/.local/lib/python3.12/site-packages/airflow/example_dags/example_setup_teardown.py
[2026-05-02T00:14:19.104+0000] {processor.py:830} INFO - Processing file /home/airflow/.local/lib/python3.12/site-packages/airflow/example_dags/example_setup_teardown.py for tasks to queue
[2026-05-02T00:14:19.105+0000] {logging_mixin.py:188} INFO - [2026-05-02T00:14:19.105+0000] {dagbag.py:545} INFO - Filling up the DagBag from /home/airflow/.local/lib/python3.12/site-packages/airflow/example_dags/example_setup_teardown.py
[2026-05-02T00:14:19.108+0000] {processor.py:840} INFO - DAG(s) 'example_setup_teardown' retrieved from /home/airflow/.local/lib/python3.12/site-packages/airflow/example_dags/example_setup_teardown.py
[2026-05-02T00:14:19.116+0000] {logging_mixin.py:188} INFO - [2026-05-02T00:14:19.115+0000] {dag.py:3089} INFO - Sync 1 DAGs
[2026-05-02T00:14:19.125+0000] {logging_mixin.py:188} INFO - [2026-05-02T00:14:19.125+0000] {dag.py:3947} INFO - Setting next_dagrun for example_setup_teardown to 2026-05-01 00:00:00+00:00, run_after=2026-05-02 00:00:00+00:00
[2026-05-02T00:14:19.140+0000] {processor.py:183} INFO - Processing /home/airflow/.local/lib/python3.12/site-packages/airflow/example_dags/example_setup_teardown.py took 0.039 seconds
[2026-05-02T00:14:49.640+0000] {processor.py:161} INFO - Started process (PID=11738) to work on /home/airflow/.local/lib/python3.12/site-packages/airflow/example_dags/example_setup_teardown.py
[2026-05-02T00:14:49.640+0000] {processor.py:830} INFO - Processing file /home/airflow/.local/lib/python3.12/site-packages/airflow/example_dags/example_setup_teardown.py for tasks to queue
[2026-05-02T00:14:49.641+0000] {logging_mixin.py:188} INFO - [2026-05-02T00:14:49.641+0000] {dagbag.py:545} INFO - Filling up the DagBag from /home/airflow/.local/lib/python3.12/site-packages/airflow/example_dags/example_setup_teardown.py
[2026-05-02T00:14:49.644+0000] {processor.py:840} INFO - DAG(s) 'example_setup_teardown' retrieved from /home/airflow/.local/lib/python3.12/site-packages/airflow/example_dags/example_setup_teardown.py
[2026-05-02T00:14:49.656+0000] {logging_mixin.py:188} INFO - [2026-05-02T00:14:49.656+0000] {dag.py:3089} INFO - Sync 1 DAGs
[2026-05-02T00:14:49.664+0000] {logging_mixin.py:188} INFO - [2026-05-02T00:14:49.664+0000] {dag.py:3947} INFO - Setting next_dagrun for example_setup_teardown to 2026-05-01 00:00:00+00:00, run_after=2026-05-02 00:00:00+00:00
[2026-05-02T00:14:49.674+0000] {processor.py:183} INFO - Processing /home/airflow/.local/lib/python3.12/site-packages/airflow/example_dags/example_setup_teardown.py took 0.036 seconds
[2026-05-02T00:15:20.055+0000] {processor.py:161} INFO - Started process (PID=11798) to work on /home/airflow/.local/lib/python3.12/site-packages/airflow/example_dags/example_setup_teardown.py
[2026-05-02T00:15:20.056+0000] {processor.py:830} INFO - Processing file /home/airflow/.local/lib/python3.12/site-packages/airflow/example_dags/example_setup_teardown.py for tasks to queue
[2026-05-02T00:15:20.057+0000] {logging_mixin.py:188} INFO - [2026-05-02T00:15:20.057+0000] {dagbag.py:545} INFO - Filling up the DagBag from /home/airflow/.local/lib/python3.12/site-packages/airflow/example_dags/example_setup_teardown.py
[2026-05-02T00:15:20.061+0000] {processor.py:840} INFO - DAG(s) 'example_setup_teardown' retrieved from /home/airflow/.local/lib/python3.12/site-packages/airflow/example_dags/example_setup_teardown.py
[2026-05-02T00:15:20.072+0000] {logging_mixin.py:188} INFO - [2026-05-02T00:15:20.072+0000] {dag.py:3089} INFO - Sync 1 DAGs
[2026-05-02T00:15:20.081+0000] {logging_mixin.py:188} INFO - [2026-05-02T00:15:20.081+0000] {dag.py:3947} INFO - Setting next_dagrun for example_setup_teardown to 2026-05-01 00:00:00+00:00, run_after=2026-05-02 00:00:00+00:00
[2026-05-02T00:15:20.091+0000] {processor.py:183} INFO - Processing /home/airflow/.local/lib/python3.12/site-packages/airflow/example_dags/example_setup_teardown.py took 0.039 seconds
[2026-05-02T00:15:50.774+0000] {processor.py:161} INFO - Started process (PID=11858) to work on /home/airflow/.local/lib/python3.12/site-packages/airflow/example_dags/example_setup_teardown.py
[2026-05-02T00:15:50.775+0000] {processor.py:830} INFO - Processing file /home/airflow/.local/lib/python3.12/site-packages/airflow/example_dags/example_setup_teardown.py for tasks to queue
[2026-05-02T00:15:50.776+0000] {logging_mixin.py:188} INFO - [2026-05-02T00:15:50.776+0000] {dagbag.py:545} INFO - Filling up the DagBag from /home/airflow/.local/lib/python3.12/site-packages/airflow/example_dags/example_setup_teardown.py
[2026-05-02T00:15:50.779+0000] {processor.py:840} INFO - DAG(s) 'example_setup_teardown' retrieved from /home/airflow/.local/lib/python3.12/site-packages/airflow/example_dags/example_setup_teardown.py
[2026-05-02T00:15:50.786+0000] {logging_mixin.py:188} INFO - [2026-05-02T00:15:50.786+0000] {dag.py:3089} INFO - Sync 1 DAGs
[2026-05-02T00:15:50.795+0000] {logging_mixin.py:188} INFO - [2026-05-02T00:15:50.795+0000] {dag.py:3947} INFO - Setting next_dagrun for example_setup_teardown to 2026-05-01 00:00:00+00:00, run_after=2026-05-02 00:00:00+00:00
[2026-05-02T00:15:50.810+0000] {processor.py:183} INFO - Processing /home/airflow/.local/lib/python3.12/site-packages/airflow/example_dags/example_setup_teardown.py took 0.038 seconds
[2026-05-02T00:16:21.238+0000] {processor.py:161} INFO - Started process (PID=11919) to work on /home/airflow/.local/lib/python3.12/site-packages/airflow/example_dags/example_setup_teardown.py
[2026-05-02T00:16:21.239+0000] {processor.py:830} INFO - Processing file /home/airflow/.local/lib/python3.12/site-packages/airflow/example_dags/example_setup_teardown.py for tasks to queue
[2026-05-02T00:16:21.240+0000] {logging_mixin.py:188} INFO - [2026-05-02T00:16:21.239+0000] {dagbag.py:545} INFO - Filling up the DagBag from /home/airflow/.local/lib/python3.12/site-packages/airflow/example_dags/example_setup_teardown.py
[2026-05-02T00:16:21.242+0000] {processor.py:840} INFO - DAG(s) 'example_setup_teardown' retrieved from /home/airflow/.local/lib/python3.12/site-packages/airflow/example_dags/example_setup_teardown.py
[2026-05-02T00:16:21.250+0000] {logging_mixin.py:188} INFO - [2026-05-02T00:16:21.250+0000] {dag.py:3089} INFO - Sync 1 DAGs
[2026-05-02T00:16:21.259+0000] {logging_mixin.py:188} INFO - [2026-05-02T00:16:21.258+0000] {dag.py:3947} INFO - Setting next_dagrun for example_setup_teardown to 2026-05-01 00:00:00+00:00, run_after=2026-05-02 00:00:00+00:00
[2026-05-02T00:16:21.265+0000] {processor.py:183} INFO - Processing /home/airflow/.local/lib/python3.12/site-packages/airflow/example_dags/example_setup_teardown.py took 0.029 seconds
[2026-05-02T00:16:51.876+0000] {processor.py:161} INFO - Started process (PID=11979) to work on /home/airflow/.local/lib/python3.12/site-packages/airflow/example_dags/example_setup_teardown.py
[2026-05-02T00:16:51.879+0000] {processor.py:830} INFO - Processing file /home/airflow/.local/lib/python3.12/site-packages/airflow/example_dags/example_setup_teardown.py for tasks to queue
[2026-05-02T00:16:51.879+0000] {logging_mixin.py:188} INFO - [2026-05-02T00:16:51.879+0000] {dagbag.py:545} INFO - Filling up the DagBag from /home/airflow/.local/lib/python3.12/site-packages/airflow/example_dags/example_setup_teardown.py
[2026-05-02T00:16:51.885+0000] {processor.py:840} INFO - DAG(s) 'example_setup_teardown' retrieved from /home/airflow/.local/lib/python3.12/site-packages/airflow/example_dags/example_setup_teardown.py
[2026-05-02T00:16:51.895+0000] {logging_mixin.py:188} INFO - [2026-05-02T00:16:51.894+0000] {dag.py:3089} INFO - Sync 1 DAGs
[2026-05-02T00:16:51.902+0000] {logging_mixin.py:188} INFO - [2026-05-02T00:16:51.902+0000] {dag.py:3947} INFO - Setting next_dagrun for example_setup_teardown to 2026-05-01 00:00:00+00:00, run_after=2026-05-02 00:00:00+00:00
[2026-05-02T00:16:51.910+0000] {processor.py:183} INFO - Processing /home/airflow/.local/lib/python3.12/site-packages/airflow/example_dags/example_setup_teardown.py took 0.036 seconds
[2026-05-02T00:17:22.530+0000] {processor.py:161} INFO - Started process (PID=12039) to work on /home/airflow/.local/lib/python3.12/site-packages/airflow/example_dags/example_setup_teardown.py
[2026-05-02T00:17:22.531+0000] {processor.py:830} INFO - Processing file /home/airflow/.local/lib/python3.12/site-packages/airflow/example_dags/example_setup_teardown.py for tasks to queue
[2026-05-02T00:17:22.533+0000] {logging_mixin.py:188} INFO - [2026-05-02T00:17:22.533+0000] {dagbag.py:545} INFO - Filling up the DagBag from /home/airflow/.local/lib/python3.12/site-packages/airflow/example_dags/example_setup_teardown.py
[2026-05-02T00:17:22.536+0000] {processor.py:840} INFO - DAG(s) 'example_setup_teardown' retrieved from /home/airflow/.local/lib/python3.12/site-packages/airflow/example_dags/example_setup_teardown.py
[2026-05-02T00:17:22.546+0000] {logging_mixin.py:188} INFO - [2026-05-02T00:17:22.546+0000] {dag.py:3089} INFO - Sync 1 DAGs
[2026-05-02T00:17:22.555+0000] {logging_mixin.py:188} INFO - [2026-05-02T00:17:22.555+0000] {dag.py:3947} INFO - Setting next_dagrun for example_setup_teardown to 2026-05-01 00:00:00+00:00, run_after=2026-05-02 00:00:00+00:00
[2026-05-02T00:17:22.564+0000] {processor.py:183} INFO - Processing /home/airflow/.local/lib/python3.12/site-packages/airflow/example_dags/example_setup_teardown.py took 0.037 seconds
[2026-05-02T00:17:53.141+0000] {processor.py:161} INFO - Started process (PID=12099) to work on /home/airflow/.local/lib/python3.12/site-packages/airflow/example_dags/example_setup_teardown.py
[2026-05-02T00:17:53.141+0000] {processor.py:830} INFO - Processing file /home/airflow/.local/lib/python3.12/site-packages/airflow/example_dags/example_setup_teardown.py for tasks to queue
[2026-05-02T00:17:53.142+0000] {logging_mixin.py:188} INFO - [2026-05-02T00:17:53.142+0000] {dagbag.py:545} INFO - Filling up the DagBag from /home/airflow/.local/lib/python3.12/site-packages/airflow/example_dags/example_setup_teardown.py
[2026-05-02T00:17:53.144+0000] {processor.py:840} INFO - DAG(s) 'example_setup_teardown' retrieved from /home/airflow/.local/lib/python3.12/site-packages/airflow/example_dags/example_setup_teardown.py
[2026-05-02T00:17:53.151+0000] {logging_mixin.py:188} INFO - [2026-05-02T00:17:53.151+0000] {dag.py:3089} INFO - Sync 1 DAGs
[2026-05-02T00:17:53.160+0000] {logging_mixin.py:188} INFO - [2026-05-02T00:17:53.160+0000] {dag.py:3947} INFO - Setting next_dagrun for example_setup_teardown to 2026-05-01 00:00:00+00:00, run_after=2026-05-02 00:00:00+00:00
[2026-05-02T00:17:53.168+0000] {processor.py:183} INFO - Processing /home/airflow/.local/lib/python3.12/site-packages/airflow/example_dags/example_setup_teardown.py took 0.030 seconds
