[2026-05-02T00:07:39.430+0000] {processor.py:161} INFO - Started process (PID=10889) to work on /home/airflow/.local/lib/python3.12/site-packages/airflow/example_dags/example_display_name.py
[2026-05-02T00:07:39.431+0000] {processor.py:830} INFO - Processing file /home/airflow/.local/lib/python3.12/site-packages/airflow/example_dags/example_display_name.py for tasks to queue
[2026-05-02T00:07:39.432+0000] {logging_mixin.py:188} INFO - [2026-05-02T00:07:39.432+0000] {dagbag.py:545} INFO - Filling up the DagBag from /home/airflow/.local/lib/python3.12/site-packages/airflow/example_dags/example_display_name.py
[2026-05-02T00:07:39.435+0000] {processor.py:840} INFO - DAG(s) 'example_display_name' retrieved from /home/airflow/.local/lib/python3.12/site-packages/airflow/example_dags/example_display_name.py
[2026-05-02T00:07:39.445+0000] {logging_mixin.py:188} INFO - [2026-05-02T00:07:39.445+0000] {dag.py:3089} INFO - Sync 1 DAGs
[2026-05-02T00:07:39.452+0000] {logging_mixin.py:188} INFO - [2026-05-02T00:07:39.452+0000] {dag.py:3947} INFO - Setting next_dagrun for example_display_name to None, run_after=None
[2026-05-02T00:07:39.458+0000] {processor.py:183} INFO - Processing /home/airflow/.local/lib/python3.12/site-packages/airflow/example_dags/example_display_name.py took 0.030 seconds
[2026-05-02T00:08:10.204+0000] {processor.py:161} INFO - Started process (PID=10949) to work on /home/airflow/.local/lib/python3.12/site-packages/airflow/example_dags/example_display_name.py
[2026-05-02T00:08:10.206+0000] {processor.py:830} INFO - Processing file /home/airflow/.local/lib/python3.12/site-packages/airflow/example_dags/example_display_name.py for tasks to queue
[2026-05-02T00:08:10.207+0000] {logging_mixin.py:188} INFO - [2026-05-02T00:08:10.207+0000] {dagbag.py:545} INFO - Filling up the DagBag from /home/airflow/.local/lib/python3.12/site-packages/airflow/example_dags/example_display_name.py
[2026-05-02T00:08:10.210+0000] {processor.py:840} INFO - DAG(s) 'example_display_name' retrieved from /home/airflow/.local/lib/python3.12/site-packages/airflow/example_dags/example_display_name.py
[2026-05-02T00:08:10.220+0000] {logging_mixin.py:188} INFO - [2026-05-02T00:08:10.220+0000] {dag.py:3089} INFO - Sync 1 DAGs
[2026-05-02T00:08:10.225+0000] {logging_mixin.py:188} INFO - [2026-05-02T00:08:10.225+0000] {dag.py:3947} INFO - Setting next_dagrun for example_display_name to None, run_after=None
[2026-05-02T00:08:10.232+0000] {processor.py:183} INFO - Processing /home/airflow/.local/lib/python3.12/site-packages/airflow/example_dags/example_display_name.py took 0.030 seconds
[2026-05-02T00:08:40.880+0000] {processor.py:161} INFO - Started process (PID=11009) to work on /home/airflow/.local/lib/python3.12/site-packages/airflow/example_dags/example_display_name.py
[2026-05-02T00:08:40.881+0000] {processor.py:830} INFO - Processing file /home/airflow/.local/lib/python3.12/site-packages/airflow/example_dags/example_display_name.py for tasks to queue
[2026-05-02T00:08:40.881+0000] {logging_mixin.py:188} INFO - [2026-05-02T00:08:40.881+0000] {dagbag.py:545} INFO - Filling up the DagBag from /home/airflow/.local/lib/python3.12/site-packages/airflow/example_dags/example_display_name.py
[2026-05-02T00:08:40.883+0000] {processor.py:840} INFO - DAG(s) 'example_display_name' retrieved from /home/airflow/.local/lib/python3.12/site-packages/airflow/example_dags/example_display_name.py
[2026-05-02T00:08:40.891+0000] {logging_mixin.py:188} INFO - [2026-05-02T00:08:40.890+0000] {dag.py:3089} INFO - Sync 1 DAGs
[2026-05-02T00:08:40.894+0000] {logging_mixin.py:188} INFO - [2026-05-02T00:08:40.894+0000] {dag.py:3947} INFO - Setting next_dagrun for example_display_name to None, run_after=None
[2026-05-02T00:08:40.900+0000] {processor.py:183} INFO - Processing /home/airflow/.local/lib/python3.12/site-packages/airflow/example_dags/example_display_name.py took 0.022 seconds
[2026-05-02T00:09:11.566+0000] {processor.py:161} INFO - Started process (PID=11069) to work on /home/airflow/.local/lib/python3.12/site-packages/airflow/example_dags/example_display_name.py
[2026-05-02T00:09:11.566+0000] {processor.py:830} INFO - Processing file /home/airflow/.local/lib/python3.12/site-packages/airflow/example_dags/example_display_name.py for tasks to queue
[2026-05-02T00:09:11.567+0000] {logging_mixin.py:188} INFO - [2026-05-02T00:09:11.567+0000] {dagbag.py:545} INFO - Filling up the DagBag from /home/airflow/.local/lib/python3.12/site-packages/airflow/example_dags/example_display_name.py
[2026-05-02T00:09:11.569+0000] {processor.py:840} INFO - DAG(s) 'example_display_name' retrieved from /home/airflow/.local/lib/python3.12/site-packages/airflow/example_dags/example_display_name.py
[2026-05-02T00:09:11.581+0000] {logging_mixin.py:188} INFO - [2026-05-02T00:09:11.581+0000] {dag.py:3089} INFO - Sync 1 DAGs
[2026-05-02T00:09:11.586+0000] {logging_mixin.py:188} INFO - [2026-05-02T00:09:11.586+0000] {dag.py:3947} INFO - Setting next_dagrun for example_display_name to None, run_after=None
[2026-05-02T00:09:11.595+0000] {processor.py:183} INFO - Processing /home/airflow/.local/lib/python3.12/site-packages/airflow/example_dags/example_display_name.py took 0.032 seconds
[2026-05-02T00:09:42.497+0000] {processor.py:161} INFO - Started process (PID=11129) to work on /home/airflow/.local/lib/python3.12/site-packages/airflow/example_dags/example_display_name.py
[2026-05-02T00:09:42.498+0000] {processor.py:830} INFO - Processing file /home/airflow/.local/lib/python3.12/site-packages/airflow/example_dags/example_display_name.py for tasks to queue
[2026-05-02T00:09:42.499+0000] {logging_mixin.py:188} INFO - [2026-05-02T00:09:42.499+0000] {dagbag.py:545} INFO - Filling up the DagBag from /home/airflow/.local/lib/python3.12/site-packages/airflow/example_dags/example_display_name.py
[2026-05-02T00:09:42.501+0000] {processor.py:840} INFO - DAG(s) 'example_display_name' retrieved from /home/airflow/.local/lib/python3.12/site-packages/airflow/example_dags/example_display_name.py
[2026-05-02T00:09:42.514+0000] {logging_mixin.py:188} INFO - [2026-05-02T00:09:42.514+0000] {dag.py:3089} INFO - Sync 1 DAGs
[2026-05-02T00:09:42.518+0000] {logging_mixin.py:188} INFO - [2026-05-02T00:09:42.518+0000] {dag.py:3947} INFO - Setting next_dagrun for example_display_name to None, run_after=None
[2026-05-02T00:09:42.528+0000] {processor.py:183} INFO - Processing /home/airflow/.local/lib/python3.12/site-packages/airflow/example_dags/example_display_name.py took 0.033 seconds
[2026-05-02T00:10:14.087+0000] {processor.py:161} INFO - Started process (PID=11189) to work on /home/airflow/.local/lib/python3.12/site-packages/airflow/example_dags/example_display_name.py
[2026-05-02T00:10:14.088+0000] {processor.py:830} INFO - Processing file /home/airflow/.local/lib/python3.12/site-packages/airflow/example_dags/example_display_name.py for tasks to queue
[2026-05-02T00:10:14.088+0000] {logging_mixin.py:188} INFO - [2026-05-02T00:10:14.088+0000] {dagbag.py:545} INFO - Filling up the DagBag from /home/airflow/.local/lib/python3.12/site-packages/airflow/example_dags/example_display_name.py
[2026-05-02T00:10:14.090+0000] {processor.py:840} INFO - DAG(s) 'example_display_name' retrieved from /home/airflow/.local/lib/python3.12/site-packages/airflow/example_dags/example_display_name.py
[2026-05-02T00:10:14.100+0000] {logging_mixin.py:188} INFO - [2026-05-02T00:10:14.100+0000] {dag.py:3089} INFO - Sync 1 DAGs
[2026-05-02T00:10:14.106+0000] {logging_mixin.py:188} INFO - [2026-05-02T00:10:14.105+0000] {dag.py:3947} INFO - Setting next_dagrun for example_display_name to None, run_after=None
[2026-05-02T00:10:14.114+0000] {processor.py:183} INFO - Processing /home/airflow/.local/lib/python3.12/site-packages/airflow/example_dags/example_display_name.py took 0.029 seconds
[2026-05-02T00:10:44.685+0000] {processor.py:161} INFO - Started process (PID=11249) to work on /home/airflow/.local/lib/python3.12/site-packages/airflow/example_dags/example_display_name.py
[2026-05-02T00:10:44.685+0000] {processor.py:830} INFO - Processing file /home/airflow/.local/lib/python3.12/site-packages/airflow/example_dags/example_display_name.py for tasks to queue
[2026-05-02T00:10:44.686+0000] {logging_mixin.py:188} INFO - [2026-05-02T00:10:44.686+0000] {dagbag.py:545} INFO - Filling up the DagBag from /home/airflow/.local/lib/python3.12/site-packages/airflow/example_dags/example_display_name.py
[2026-05-02T00:10:44.762+0000] {processor.py:840} INFO - DAG(s) 'example_display_name' retrieved from /home/airflow/.local/lib/python3.12/site-packages/airflow/example_dags/example_display_name.py
[2026-05-02T00:10:44.771+0000] {logging_mixin.py:188} INFO - [2026-05-02T00:10:44.771+0000] {dag.py:3089} INFO - Sync 1 DAGs
[2026-05-02T00:10:44.775+0000] {logging_mixin.py:188} INFO - [2026-05-02T00:10:44.775+0000] {dag.py:3947} INFO - Setting next_dagrun for example_display_name to None, run_after=None
[2026-05-02T00:10:44.785+0000] {processor.py:183} INFO - Processing /home/airflow/.local/lib/python3.12/site-packages/airflow/example_dags/example_display_name.py took 0.103 seconds
[2026-05-02T00:11:15.557+0000] {processor.py:161} INFO - Started process (PID=11309) to work on /home/airflow/.local/lib/python3.12/site-packages/airflow/example_dags/example_display_name.py
[2026-05-02T00:11:15.557+0000] {processor.py:830} INFO - Processing file /home/airflow/.local/lib/python3.12/site-packages/airflow/example_dags/example_display_name.py for tasks to queue
[2026-05-02T00:11:15.558+0000] {logging_mixin.py:188} INFO - [2026-05-02T00:11:15.558+0000] {dagbag.py:545} INFO - Filling up the DagBag from /home/airflow/.local/lib/python3.12/site-packages/airflow/example_dags/example_display_name.py
[2026-05-02T00:11:15.561+0000] {processor.py:840} INFO - DAG(s) 'example_display_name' retrieved from /home/airflow/.local/lib/python3.12/site-packages/airflow/example_dags/example_display_name.py
[2026-05-02T00:11:15.572+0000] {logging_mixin.py:188} INFO - [2026-05-02T00:11:15.572+0000] {dag.py:3089} INFO - Sync 1 DAGs
[2026-05-02T00:11:15.576+0000] {logging_mixin.py:188} INFO - [2026-05-02T00:11:15.576+0000] {dag.py:3947} INFO - Setting next_dagrun for example_display_name to None, run_after=None
[2026-05-02T00:11:15.584+0000] {processor.py:183} INFO - Processing /home/airflow/.local/lib/python3.12/site-packages/airflow/example_dags/example_display_name.py took 0.029 seconds
[2026-05-02T00:11:46.240+0000] {processor.py:161} INFO - Started process (PID=11369) to work on /home/airflow/.local/lib/python3.12/site-packages/airflow/example_dags/example_display_name.py
[2026-05-02T00:11:46.240+0000] {processor.py:830} INFO - Processing file /home/airflow/.local/lib/python3.12/site-packages/airflow/example_dags/example_display_name.py for tasks to queue
[2026-05-02T00:11:46.241+0000] {logging_mixin.py:188} INFO - [2026-05-02T00:11:46.241+0000] {dagbag.py:545} INFO - Filling up the DagBag from /home/airflow/.local/lib/python3.12/site-packages/airflow/example_dags/example_display_name.py
[2026-05-02T00:11:46.244+0000] {processor.py:840} INFO - DAG(s) 'example_display_name' retrieved from /home/airflow/.local/lib/python3.12/site-packages/airflow/example_dags/example_display_name.py
[2026-05-02T00:11:46.256+0000] {logging_mixin.py:188} INFO - [2026-05-02T00:11:46.256+0000] {dag.py:3089} INFO - Sync 1 DAGs
[2026-05-02T00:11:46.260+0000] {logging_mixin.py:188} INFO - [2026-05-02T00:11:46.260+0000] {dag.py:3947} INFO - Setting next_dagrun for example_display_name to None, run_after=None
[2026-05-02T00:11:46.270+0000] {processor.py:183} INFO - Processing /home/airflow/.local/lib/python3.12/site-packages/airflow/example_dags/example_display_name.py took 0.033 seconds
[2026-05-02T00:12:16.738+0000] {processor.py:161} INFO - Started process (PID=11429) to work on /home/airflow/.local/lib/python3.12/site-packages/airflow/example_dags/example_display_name.py
[2026-05-02T00:12:16.739+0000] {processor.py:830} INFO - Processing file /home/airflow/.local/lib/python3.12/site-packages/airflow/example_dags/example_display_name.py for tasks to queue
[2026-05-02T00:12:16.740+0000] {logging_mixin.py:188} INFO - [2026-05-02T00:12:16.740+0000] {dagbag.py:545} INFO - Filling up the DagBag from /home/airflow/.local/lib/python3.12/site-packages/airflow/example_dags/example_display_name.py
[2026-05-02T00:12:16.742+0000] {processor.py:840} INFO - DAG(s) 'example_display_name' retrieved from /home/airflow/.local/lib/python3.12/site-packages/airflow/example_dags/example_display_name.py
[2026-05-02T00:12:16.753+0000] {logging_mixin.py:188} INFO - [2026-05-02T00:12:16.752+0000] {dag.py:3089} INFO - Sync 1 DAGs
[2026-05-02T00:12:16.759+0000] {logging_mixin.py:188} INFO - [2026-05-02T00:12:16.759+0000] {dag.py:3947} INFO - Setting next_dagrun for example_display_name to None, run_after=None
[2026-05-02T00:12:16.767+0000] {processor.py:183} INFO - Processing /home/airflow/.local/lib/python3.12/site-packages/airflow/example_dags/example_display_name.py took 0.032 seconds
[2026-05-02T00:12:47.327+0000] {processor.py:161} INFO - Started process (PID=11489) to work on /home/airflow/.local/lib/python3.12/site-packages/airflow/example_dags/example_display_name.py
[2026-05-02T00:12:47.328+0000] {processor.py:830} INFO - Processing file /home/airflow/.local/lib/python3.12/site-packages/airflow/example_dags/example_display_name.py for tasks to queue
[2026-05-02T00:12:47.328+0000] {logging_mixin.py:188} INFO - [2026-05-02T00:12:47.328+0000] {dagbag.py:545} INFO - Filling up the DagBag from /home/airflow/.local/lib/python3.12/site-packages/airflow/example_dags/example_display_name.py
[2026-05-02T00:12:47.331+0000] {processor.py:840} INFO - DAG(s) 'example_display_name' retrieved from /home/airflow/.local/lib/python3.12/site-packages/airflow/example_dags/example_display_name.py
[2026-05-02T00:12:47.339+0000] {logging_mixin.py:188} INFO - [2026-05-02T00:12:47.339+0000] {dag.py:3089} INFO - Sync 1 DAGs
[2026-05-02T00:12:47.343+0000] {logging_mixin.py:188} INFO - [2026-05-02T00:12:47.343+0000] {dag.py:3947} INFO - Setting next_dagrun for example_display_name to None, run_after=None
[2026-05-02T00:12:47.354+0000] {processor.py:183} INFO - Processing /home/airflow/.local/lib/python3.12/site-packages/airflow/example_dags/example_display_name.py took 0.029 seconds
[2026-05-02T00:13:17.817+0000] {processor.py:161} INFO - Started process (PID=11549) to work on /home/airflow/.local/lib/python3.12/site-packages/airflow/example_dags/example_display_name.py
[2026-05-02T00:13:17.818+0000] {processor.py:830} INFO - Processing file /home/airflow/.local/lib/python3.12/site-packages/airflow/example_dags/example_display_name.py for tasks to queue
[2026-05-02T00:13:17.819+0000] {logging_mixin.py:188} INFO - [2026-05-02T00:13:17.819+0000] {dagbag.py:545} INFO - Filling up the DagBag from /home/airflow/.local/lib/python3.12/site-packages/airflow/example_dags/example_display_name.py
[2026-05-02T00:13:17.821+0000] {processor.py:840} INFO - DAG(s) 'example_display_name' retrieved from /home/airflow/.local/lib/python3.12/site-packages/airflow/example_dags/example_display_name.py
[2026-05-02T00:13:17.829+0000] {logging_mixin.py:188} INFO - [2026-05-02T00:13:17.829+0000] {dag.py:3089} INFO - Sync 1 DAGs
[2026-05-02T00:13:17.834+0000] {logging_mixin.py:188} INFO - [2026-05-02T00:13:17.834+0000] {dag.py:3947} INFO - Setting next_dagrun for example_display_name to None, run_after=None
[2026-05-02T00:13:17.844+0000] {processor.py:183} INFO - Processing /home/airflow/.local/lib/python3.12/site-packages/airflow/example_dags/example_display_name.py took 0.029 seconds
[2026-05-02T00:13:48.338+0000] {processor.py:161} INFO - Started process (PID=11609) to work on /home/airflow/.local/lib/python3.12/site-packages/airflow/example_dags/example_display_name.py
[2026-05-02T00:13:48.339+0000] {processor.py:830} INFO - Processing file /home/airflow/.local/lib/python3.12/site-packages/airflow/example_dags/example_display_name.py for tasks to queue
[2026-05-02T00:13:48.340+0000] {logging_mixin.py:188} INFO - [2026-05-02T00:13:48.340+0000] {dagbag.py:545} INFO - Filling up the DagBag from /home/airflow/.local/lib/python3.12/site-packages/airflow/example_dags/example_display_name.py
[2026-05-02T00:13:48.342+0000] {processor.py:840} INFO - DAG(s) 'example_display_name' retrieved from /home/airflow/.local/lib/python3.12/site-packages/airflow/example_dags/example_display_name.py
[2026-05-02T00:13:48.352+0000] {logging_mixin.py:188} INFO - [2026-05-02T00:13:48.352+0000] {dag.py:3089} INFO - Sync 1 DAGs
[2026-05-02T00:13:48.357+0000] {logging_mixin.py:188} INFO - [2026-05-02T00:13:48.356+0000] {dag.py:3947} INFO - Setting next_dagrun for example_display_name to None, run_after=None
[2026-05-02T00:13:48.364+0000] {processor.py:183} INFO - Processing /home/airflow/.local/lib/python3.12/site-packages/airflow/example_dags/example_display_name.py took 0.028 seconds
[2026-05-02T00:14:18.902+0000] {processor.py:161} INFO - Started process (PID=11669) to work on /home/airflow/.local/lib/python3.12/site-packages/airflow/example_dags/example_display_name.py
[2026-05-02T00:14:18.904+0000] {processor.py:830} INFO - Processing file /home/airflow/.local/lib/python3.12/site-packages/airflow/example_dags/example_display_name.py for tasks to queue
[2026-05-02T00:14:18.904+0000] {logging_mixin.py:188} INFO - [2026-05-02T00:14:18.904+0000] {dagbag.py:545} INFO - Filling up the DagBag from /home/airflow/.local/lib/python3.12/site-packages/airflow/example_dags/example_display_name.py
[2026-05-02T00:14:18.907+0000] {processor.py:840} INFO - DAG(s) 'example_display_name' retrieved from /home/airflow/.local/lib/python3.12/site-packages/airflow/example_dags/example_display_name.py
[2026-05-02T00:14:18.914+0000] {logging_mixin.py:188} INFO - [2026-05-02T00:14:18.914+0000] {dag.py:3089} INFO - Sync 1 DAGs
[2026-05-02T00:14:18.919+0000] {logging_mixin.py:188} INFO - [2026-05-02T00:14:18.919+0000] {dag.py:3947} INFO - Setting next_dagrun for example_display_name to None, run_after=None
[2026-05-02T00:14:18.924+0000] {processor.py:183} INFO - Processing /home/airflow/.local/lib/python3.12/site-packages/airflow/example_dags/example_display_name.py took 0.025 seconds
[2026-05-02T00:14:49.433+0000] {processor.py:161} INFO - Started process (PID=11729) to work on /home/airflow/.local/lib/python3.12/site-packages/airflow/example_dags/example_display_name.py
[2026-05-02T00:14:49.434+0000] {processor.py:830} INFO - Processing file /home/airflow/.local/lib/python3.12/site-packages/airflow/example_dags/example_display_name.py for tasks to queue
[2026-05-02T00:14:49.435+0000] {logging_mixin.py:188} INFO - [2026-05-02T00:14:49.435+0000] {dagbag.py:545} INFO - Filling up the DagBag from /home/airflow/.local/lib/python3.12/site-packages/airflow/example_dags/example_display_name.py
[2026-05-02T00:14:49.437+0000] {processor.py:840} INFO - DAG(s) 'example_display_name' retrieved from /home/airflow/.local/lib/python3.12/site-packages/airflow/example_dags/example_display_name.py
[2026-05-02T00:14:49.448+0000] {logging_mixin.py:188} INFO - [2026-05-02T00:14:49.448+0000] {dag.py:3089} INFO - Sync 1 DAGs
[2026-05-02T00:14:49.453+0000] {logging_mixin.py:188} INFO - [2026-05-02T00:14:49.453+0000] {dag.py:3947} INFO - Setting next_dagrun for example_display_name to None, run_after=None
[2026-05-02T00:14:49.459+0000] {processor.py:183} INFO - Processing /home/airflow/.local/lib/python3.12/site-packages/airflow/example_dags/example_display_name.py took 0.029 seconds
[2026-05-02T00:15:19.600+0000] {processor.py:161} INFO - Started process (PID=11789) to work on /home/airflow/.local/lib/python3.12/site-packages/airflow/example_dags/example_display_name.py
[2026-05-02T00:15:19.600+0000] {processor.py:830} INFO - Processing file /home/airflow/.local/lib/python3.12/site-packages/airflow/example_dags/example_display_name.py for tasks to queue
[2026-05-02T00:15:19.602+0000] {logging_mixin.py:188} INFO - [2026-05-02T00:15:19.602+0000] {dagbag.py:545} INFO - Filling up the DagBag from /home/airflow/.local/lib/python3.12/site-packages/airflow/example_dags/example_display_name.py
[2026-05-02T00:15:19.607+0000] {processor.py:840} INFO - DAG(s) 'example_display_name' retrieved from /home/airflow/.local/lib/python3.12/site-packages/airflow/example_dags/example_display_name.py
[2026-05-02T00:15:19.618+0000] {logging_mixin.py:188} INFO - [2026-05-02T00:15:19.618+0000] {dag.py:3089} INFO - Sync 1 DAGs
[2026-05-02T00:15:19.627+0000] {logging_mixin.py:188} INFO - [2026-05-02T00:15:19.627+0000] {dag.py:3947} INFO - Setting next_dagrun for example_display_name to None, run_after=None
[2026-05-02T00:15:19.670+0000] {processor.py:183} INFO - Processing /home/airflow/.local/lib/python3.12/site-packages/airflow/example_dags/example_display_name.py took 0.073 seconds
[2026-05-02T00:15:50.551+0000] {processor.py:161} INFO - Started process (PID=11849) to work on /home/airflow/.local/lib/python3.12/site-packages/airflow/example_dags/example_display_name.py
[2026-05-02T00:15:50.552+0000] {processor.py:830} INFO - Processing file /home/airflow/.local/lib/python3.12/site-packages/airflow/example_dags/example_display_name.py for tasks to queue
[2026-05-02T00:15:50.552+0000] {logging_mixin.py:188} INFO - [2026-05-02T00:15:50.552+0000] {dagbag.py:545} INFO - Filling up the DagBag from /home/airflow/.local/lib/python3.12/site-packages/airflow/example_dags/example_display_name.py
[2026-05-02T00:15:50.555+0000] {processor.py:840} INFO - DAG(s) 'example_display_name' retrieved from /home/airflow/.local/lib/python3.12/site-packages/airflow/example_dags/example_display_name.py
[2026-05-02T00:15:50.565+0000] {logging_mixin.py:188} INFO - [2026-05-02T00:15:50.564+0000] {dag.py:3089} INFO - Sync 1 DAGs
[2026-05-02T00:15:50.572+0000] {logging_mixin.py:188} INFO - [2026-05-02T00:15:50.572+0000] {dag.py:3947} INFO - Setting next_dagrun for example_display_name to None, run_after=None
[2026-05-02T00:15:50.580+0000] {processor.py:183} INFO - Processing /home/airflow/.local/lib/python3.12/site-packages/airflow/example_dags/example_display_name.py took 0.032 seconds
[2026-05-02T00:16:21.012+0000] {processor.py:161} INFO - Started process (PID=11910) to work on /home/airflow/.local/lib/python3.12/site-packages/airflow/example_dags/example_display_name.py
[2026-05-02T00:16:21.013+0000] {processor.py:830} INFO - Processing file /home/airflow/.local/lib/python3.12/site-packages/airflow/example_dags/example_display_name.py for tasks to queue
[2026-05-02T00:16:21.014+0000] {logging_mixin.py:188} INFO - [2026-05-02T00:16:21.014+0000] {dagbag.py:545} INFO - Filling up the DagBag from /home/airflow/.local/lib/python3.12/site-packages/airflow/example_dags/example_display_name.py
[2026-05-02T00:16:21.016+0000] {processor.py:840} INFO - DAG(s) 'example_display_name' retrieved from /home/airflow/.local/lib/python3.12/site-packages/airflow/example_dags/example_display_name.py
[2026-05-02T00:16:21.025+0000] {logging_mixin.py:188} INFO - [2026-05-02T00:16:21.025+0000] {dag.py:3089} INFO - Sync 1 DAGs
[2026-05-02T00:16:21.031+0000] {logging_mixin.py:188} INFO - [2026-05-02T00:16:21.030+0000] {dag.py:3947} INFO - Setting next_dagrun for example_display_name to None, run_after=None
[2026-05-02T00:16:21.040+0000] {processor.py:183} INFO - Processing /home/airflow/.local/lib/python3.12/site-packages/airflow/example_dags/example_display_name.py took 0.031 seconds
[2026-05-02T00:16:51.663+0000] {processor.py:161} INFO - Started process (PID=11970) to work on /home/airflow/.local/lib/python3.12/site-packages/airflow/example_dags/example_display_name.py
[2026-05-02T00:16:51.664+0000] {processor.py:830} INFO - Processing file /home/airflow/.local/lib/python3.12/site-packages/airflow/example_dags/example_display_name.py for tasks to queue
[2026-05-02T00:16:51.665+0000] {logging_mixin.py:188} INFO - [2026-05-02T00:16:51.665+0000] {dagbag.py:545} INFO - Filling up the DagBag from /home/airflow/.local/lib/python3.12/site-packages/airflow/example_dags/example_display_name.py
[2026-05-02T00:16:51.667+0000] {processor.py:840} INFO - DAG(s) 'example_display_name' retrieved from /home/airflow/.local/lib/python3.12/site-packages/airflow/example_dags/example_display_name.py
[2026-05-02T00:16:51.676+0000] {logging_mixin.py:188} INFO - [2026-05-02T00:16:51.676+0000] {dag.py:3089} INFO - Sync 1 DAGs
[2026-05-02T00:16:51.683+0000] {logging_mixin.py:188} INFO - [2026-05-02T00:16:51.683+0000] {dag.py:3947} INFO - Setting next_dagrun for example_display_name to None, run_after=None
[2026-05-02T00:16:51.691+0000] {processor.py:183} INFO - Processing /home/airflow/.local/lib/python3.12/site-packages/airflow/example_dags/example_display_name.py took 0.031 seconds
[2026-05-02T00:17:22.267+0000] {processor.py:161} INFO - Started process (PID=12030) to work on /home/airflow/.local/lib/python3.12/site-packages/airflow/example_dags/example_display_name.py
[2026-05-02T00:17:22.268+0000] {processor.py:830} INFO - Processing file /home/airflow/.local/lib/python3.12/site-packages/airflow/example_dags/example_display_name.py for tasks to queue
[2026-05-02T00:17:22.269+0000] {logging_mixin.py:188} INFO - [2026-05-02T00:17:22.269+0000] {dagbag.py:545} INFO - Filling up the DagBag from /home/airflow/.local/lib/python3.12/site-packages/airflow/example_dags/example_display_name.py
[2026-05-02T00:17:22.273+0000] {processor.py:840} INFO - DAG(s) 'example_display_name' retrieved from /home/airflow/.local/lib/python3.12/site-packages/airflow/example_dags/example_display_name.py
[2026-05-02T00:17:22.282+0000] {logging_mixin.py:188} INFO - [2026-05-02T00:17:22.281+0000] {dag.py:3089} INFO - Sync 1 DAGs
[2026-05-02T00:17:22.286+0000] {logging_mixin.py:188} INFO - [2026-05-02T00:17:22.286+0000] {dag.py:3947} INFO - Setting next_dagrun for example_display_name to None, run_after=None
[2026-05-02T00:17:22.294+0000] {processor.py:183} INFO - Processing /home/airflow/.local/lib/python3.12/site-packages/airflow/example_dags/example_display_name.py took 0.029 seconds
[2026-05-02T00:17:52.928+0000] {processor.py:161} INFO - Started process (PID=12090) to work on /home/airflow/.local/lib/python3.12/site-packages/airflow/example_dags/example_display_name.py
[2026-05-02T00:17:52.929+0000] {processor.py:830} INFO - Processing file /home/airflow/.local/lib/python3.12/site-packages/airflow/example_dags/example_display_name.py for tasks to queue
[2026-05-02T00:17:52.930+0000] {logging_mixin.py:188} INFO - [2026-05-02T00:17:52.930+0000] {dagbag.py:545} INFO - Filling up the DagBag from /home/airflow/.local/lib/python3.12/site-packages/airflow/example_dags/example_display_name.py
[2026-05-02T00:17:52.933+0000] {processor.py:840} INFO - DAG(s) 'example_display_name' retrieved from /home/airflow/.local/lib/python3.12/site-packages/airflow/example_dags/example_display_name.py
[2026-05-02T00:17:52.942+0000] {logging_mixin.py:188} INFO - [2026-05-02T00:17:52.942+0000] {dag.py:3089} INFO - Sync 1 DAGs
[2026-05-02T00:17:52.948+0000] {logging_mixin.py:188} INFO - [2026-05-02T00:17:52.948+0000] {dag.py:3947} INFO - Setting next_dagrun for example_display_name to None, run_after=None
[2026-05-02T00:17:52.960+0000] {processor.py:183} INFO - Processing /home/airflow/.local/lib/python3.12/site-packages/airflow/example_dags/example_display_name.py took 0.035 seconds
