[2026-05-02T00:07:39.516+0000] {processor.py:161} INFO - Started process (PID=10893) to work on /home/airflow/.local/lib/python3.12/site-packages/airflow/example_dags/example_branch_python_dop_operator_3.py
[2026-05-02T00:07:39.517+0000] {processor.py:830} INFO - Processing file /home/airflow/.local/lib/python3.12/site-packages/airflow/example_dags/example_branch_python_dop_operator_3.py for tasks to queue
[2026-05-02T00:07:39.518+0000] {logging_mixin.py:188} INFO - [2026-05-02T00:07:39.517+0000] {dagbag.py:545} INFO - Filling up the DagBag from /home/airflow/.local/lib/python3.12/site-packages/airflow/example_dags/example_branch_python_dop_operator_3.py
[2026-05-02T00:07:39.522+0000] {processor.py:840} INFO - DAG(s) 'example_branch_dop_operator_v3' retrieved from /home/airflow/.local/lib/python3.12/site-packages/airflow/example_dags/example_branch_python_dop_operator_3.py
[2026-05-02T00:07:39.530+0000] {logging_mixin.py:188} INFO - [2026-05-02T00:07:39.530+0000] {dag.py:3089} INFO - Sync 1 DAGs
[2026-05-02T00:07:39.539+0000] {logging_mixin.py:188} INFO - [2026-05-02T00:07:39.539+0000] {dag.py:3947} INFO - Setting next_dagrun for example_branch_dop_operator_v3 to 2026-05-02 00:06:00+00:00, run_after=2026-05-02 00:07:00+00:00
[2026-05-02T00:07:39.545+0000] {processor.py:183} INFO - Processing /home/airflow/.local/lib/python3.12/site-packages/airflow/example_dags/example_branch_python_dop_operator_3.py took 0.032 seconds
[2026-05-02T00:08:10.292+0000] {processor.py:161} INFO - Started process (PID=10953) to work on /home/airflow/.local/lib/python3.12/site-packages/airflow/example_dags/example_branch_python_dop_operator_3.py
[2026-05-02T00:08:10.293+0000] {processor.py:830} INFO - Processing file /home/airflow/.local/lib/python3.12/site-packages/airflow/example_dags/example_branch_python_dop_operator_3.py for tasks to queue
[2026-05-02T00:08:10.293+0000] {logging_mixin.py:188} INFO - [2026-05-02T00:08:10.293+0000] {dagbag.py:545} INFO - Filling up the DagBag from /home/airflow/.local/lib/python3.12/site-packages/airflow/example_dags/example_branch_python_dop_operator_3.py
[2026-05-02T00:08:10.297+0000] {processor.py:840} INFO - DAG(s) 'example_branch_dop_operator_v3' retrieved from /home/airflow/.local/lib/python3.12/site-packages/airflow/example_dags/example_branch_python_dop_operator_3.py
[2026-05-02T00:08:10.305+0000] {logging_mixin.py:188} INFO - [2026-05-02T00:08:10.305+0000] {dag.py:3089} INFO - Sync 1 DAGs
[2026-05-02T00:08:10.313+0000] {logging_mixin.py:188} INFO - [2026-05-02T00:08:10.313+0000] {dag.py:3947} INFO - Setting next_dagrun for example_branch_dop_operator_v3 to 2026-05-02 00:07:00+00:00, run_after=2026-05-02 00:08:00+00:00
[2026-05-02T00:08:10.319+0000] {processor.py:183} INFO - Processing /home/airflow/.local/lib/python3.12/site-packages/airflow/example_dags/example_branch_python_dop_operator_3.py took 0.029 seconds
[2026-05-02T00:08:40.960+0000] {processor.py:161} INFO - Started process (PID=11013) to work on /home/airflow/.local/lib/python3.12/site-packages/airflow/example_dags/example_branch_python_dop_operator_3.py
[2026-05-02T00:08:40.963+0000] {processor.py:830} INFO - Processing file /home/airflow/.local/lib/python3.12/site-packages/airflow/example_dags/example_branch_python_dop_operator_3.py for tasks to queue
[2026-05-02T00:08:40.963+0000] {logging_mixin.py:188} INFO - [2026-05-02T00:08:40.963+0000] {dagbag.py:545} INFO - Filling up the DagBag from /home/airflow/.local/lib/python3.12/site-packages/airflow/example_dags/example_branch_python_dop_operator_3.py
[2026-05-02T00:08:40.966+0000] {processor.py:840} INFO - DAG(s) 'example_branch_dop_operator_v3' retrieved from /home/airflow/.local/lib/python3.12/site-packages/airflow/example_dags/example_branch_python_dop_operator_3.py
[2026-05-02T00:08:40.981+0000] {logging_mixin.py:188} INFO - [2026-05-02T00:08:40.981+0000] {dag.py:3089} INFO - Sync 1 DAGs
[2026-05-02T00:08:40.988+0000] {logging_mixin.py:188} INFO - [2026-05-02T00:08:40.988+0000] {dag.py:3947} INFO - Setting next_dagrun for example_branch_dop_operator_v3 to 2026-05-02 00:07:00+00:00, run_after=2026-05-02 00:08:00+00:00
[2026-05-02T00:08:40.994+0000] {processor.py:183} INFO - Processing /home/airflow/.local/lib/python3.12/site-packages/airflow/example_dags/example_branch_python_dop_operator_3.py took 0.036 seconds
[2026-05-02T00:09:11.638+0000] {processor.py:161} INFO - Started process (PID=11073) to work on /home/airflow/.local/lib/python3.12/site-packages/airflow/example_dags/example_branch_python_dop_operator_3.py
[2026-05-02T00:09:11.639+0000] {processor.py:830} INFO - Processing file /home/airflow/.local/lib/python3.12/site-packages/airflow/example_dags/example_branch_python_dop_operator_3.py for tasks to queue
[2026-05-02T00:09:11.640+0000] {logging_mixin.py:188} INFO - [2026-05-02T00:09:11.640+0000] {dagbag.py:545} INFO - Filling up the DagBag from /home/airflow/.local/lib/python3.12/site-packages/airflow/example_dags/example_branch_python_dop_operator_3.py
[2026-05-02T00:09:11.645+0000] {processor.py:840} INFO - DAG(s) 'example_branch_dop_operator_v3' retrieved from /home/airflow/.local/lib/python3.12/site-packages/airflow/example_dags/example_branch_python_dop_operator_3.py
[2026-05-02T00:09:11.652+0000] {logging_mixin.py:188} INFO - [2026-05-02T00:09:11.652+0000] {dag.py:3089} INFO - Sync 1 DAGs
[2026-05-02T00:09:11.660+0000] {logging_mixin.py:188} INFO - [2026-05-02T00:09:11.660+0000] {dag.py:3947} INFO - Setting next_dagrun for example_branch_dop_operator_v3 to 2026-05-02 00:08:00+00:00, run_after=2026-05-02 00:09:00+00:00
[2026-05-02T00:09:11.665+0000] {processor.py:183} INFO - Processing /home/airflow/.local/lib/python3.12/site-packages/airflow/example_dags/example_branch_python_dop_operator_3.py took 0.030 seconds
[2026-05-02T00:09:42.587+0000] {processor.py:161} INFO - Started process (PID=11133) to work on /home/airflow/.local/lib/python3.12/site-packages/airflow/example_dags/example_branch_python_dop_operator_3.py
[2026-05-02T00:09:42.588+0000] {processor.py:830} INFO - Processing file /home/airflow/.local/lib/python3.12/site-packages/airflow/example_dags/example_branch_python_dop_operator_3.py for tasks to queue
[2026-05-02T00:09:42.588+0000] {logging_mixin.py:188} INFO - [2026-05-02T00:09:42.588+0000] {dagbag.py:545} INFO - Filling up the DagBag from /home/airflow/.local/lib/python3.12/site-packages/airflow/example_dags/example_branch_python_dop_operator_3.py
[2026-05-02T00:09:42.592+0000] {processor.py:840} INFO - DAG(s) 'example_branch_dop_operator_v3' retrieved from /home/airflow/.local/lib/python3.12/site-packages/airflow/example_dags/example_branch_python_dop_operator_3.py
[2026-05-02T00:09:42.600+0000] {logging_mixin.py:188} INFO - [2026-05-02T00:09:42.600+0000] {dag.py:3089} INFO - Sync 1 DAGs
[2026-05-02T00:09:42.608+0000] {logging_mixin.py:188} INFO - [2026-05-02T00:09:42.608+0000] {dag.py:3947} INFO - Setting next_dagrun for example_branch_dop_operator_v3 to 2026-05-02 00:08:00+00:00, run_after=2026-05-02 00:09:00+00:00
[2026-05-02T00:09:42.613+0000] {processor.py:183} INFO - Processing /home/airflow/.local/lib/python3.12/site-packages/airflow/example_dags/example_branch_python_dop_operator_3.py took 0.029 seconds
[2026-05-02T00:10:14.159+0000] {processor.py:161} INFO - Started process (PID=11193) to work on /home/airflow/.local/lib/python3.12/site-packages/airflow/example_dags/example_branch_python_dop_operator_3.py
[2026-05-02T00:10:14.161+0000] {processor.py:830} INFO - Processing file /home/airflow/.local/lib/python3.12/site-packages/airflow/example_dags/example_branch_python_dop_operator_3.py for tasks to queue
[2026-05-02T00:10:14.163+0000] {logging_mixin.py:188} INFO - [2026-05-02T00:10:14.162+0000] {dagbag.py:545} INFO - Filling up the DagBag from /home/airflow/.local/lib/python3.12/site-packages/airflow/example_dags/example_branch_python_dop_operator_3.py
[2026-05-02T00:10:14.166+0000] {processor.py:840} INFO - DAG(s) 'example_branch_dop_operator_v3' retrieved from /home/airflow/.local/lib/python3.12/site-packages/airflow/example_dags/example_branch_python_dop_operator_3.py
[2026-05-02T00:10:14.173+0000] {logging_mixin.py:188} INFO - [2026-05-02T00:10:14.173+0000] {dag.py:3089} INFO - Sync 1 DAGs
[2026-05-02T00:10:14.180+0000] {logging_mixin.py:188} INFO - [2026-05-02T00:10:14.180+0000] {dag.py:3947} INFO - Setting next_dagrun for example_branch_dop_operator_v3 to 2026-05-02 00:09:00+00:00, run_after=2026-05-02 00:10:00+00:00
[2026-05-02T00:10:14.186+0000] {processor.py:183} INFO - Processing /home/airflow/.local/lib/python3.12/site-packages/airflow/example_dags/example_branch_python_dop_operator_3.py took 0.028 seconds
[2026-05-02T00:10:44.913+0000] {processor.py:161} INFO - Started process (PID=11253) to work on /home/airflow/.local/lib/python3.12/site-packages/airflow/example_dags/example_branch_python_dop_operator_3.py
[2026-05-02T00:10:44.914+0000] {processor.py:830} INFO - Processing file /home/airflow/.local/lib/python3.12/site-packages/airflow/example_dags/example_branch_python_dop_operator_3.py for tasks to queue
[2026-05-02T00:10:44.914+0000] {logging_mixin.py:188} INFO - [2026-05-02T00:10:44.914+0000] {dagbag.py:545} INFO - Filling up the DagBag from /home/airflow/.local/lib/python3.12/site-packages/airflow/example_dags/example_branch_python_dop_operator_3.py
[2026-05-02T00:10:44.983+0000] {processor.py:840} INFO - DAG(s) 'example_branch_dop_operator_v3' retrieved from /home/airflow/.local/lib/python3.12/site-packages/airflow/example_dags/example_branch_python_dop_operator_3.py
[2026-05-02T00:10:44.994+0000] {logging_mixin.py:188} INFO - [2026-05-02T00:10:44.994+0000] {dag.py:3089} INFO - Sync 1 DAGs
[2026-05-02T00:10:45.002+0000] {logging_mixin.py:188} INFO - [2026-05-02T00:10:45.002+0000] {dag.py:3947} INFO - Setting next_dagrun for example_branch_dop_operator_v3 to 2026-05-02 00:09:00+00:00, run_after=2026-05-02 00:10:00+00:00
[2026-05-02T00:10:45.010+0000] {processor.py:183} INFO - Processing /home/airflow/.local/lib/python3.12/site-packages/airflow/example_dags/example_branch_python_dop_operator_3.py took 0.099 seconds
[2026-05-02T00:11:15.636+0000] {processor.py:161} INFO - Started process (PID=11313) to work on /home/airflow/.local/lib/python3.12/site-packages/airflow/example_dags/example_branch_python_dop_operator_3.py
[2026-05-02T00:11:15.637+0000] {processor.py:830} INFO - Processing file /home/airflow/.local/lib/python3.12/site-packages/airflow/example_dags/example_branch_python_dop_operator_3.py for tasks to queue
[2026-05-02T00:11:15.637+0000] {logging_mixin.py:188} INFO - [2026-05-02T00:11:15.637+0000] {dagbag.py:545} INFO - Filling up the DagBag from /home/airflow/.local/lib/python3.12/site-packages/airflow/example_dags/example_branch_python_dop_operator_3.py
[2026-05-02T00:11:15.641+0000] {processor.py:840} INFO - DAG(s) 'example_branch_dop_operator_v3' retrieved from /home/airflow/.local/lib/python3.12/site-packages/airflow/example_dags/example_branch_python_dop_operator_3.py
[2026-05-02T00:11:15.653+0000] {logging_mixin.py:188} INFO - [2026-05-02T00:11:15.653+0000] {dag.py:3089} INFO - Sync 1 DAGs
[2026-05-02T00:11:15.662+0000] {logging_mixin.py:188} INFO - [2026-05-02T00:11:15.662+0000] {dag.py:3947} INFO - Setting next_dagrun for example_branch_dop_operator_v3 to 2026-05-02 00:10:00+00:00, run_after=2026-05-02 00:11:00+00:00
[2026-05-02T00:11:15.668+0000] {processor.py:183} INFO - Processing /home/airflow/.local/lib/python3.12/site-packages/airflow/example_dags/example_branch_python_dop_operator_3.py took 0.034 seconds
[2026-05-02T00:11:46.315+0000] {processor.py:161} INFO - Started process (PID=11373) to work on /home/airflow/.local/lib/python3.12/site-packages/airflow/example_dags/example_branch_python_dop_operator_3.py
[2026-05-02T00:11:46.316+0000] {processor.py:830} INFO - Processing file /home/airflow/.local/lib/python3.12/site-packages/airflow/example_dags/example_branch_python_dop_operator_3.py for tasks to queue
[2026-05-02T00:11:46.318+0000] {logging_mixin.py:188} INFO - [2026-05-02T00:11:46.318+0000] {dagbag.py:545} INFO - Filling up the DagBag from /home/airflow/.local/lib/python3.12/site-packages/airflow/example_dags/example_branch_python_dop_operator_3.py
[2026-05-02T00:11:46.321+0000] {processor.py:840} INFO - DAG(s) 'example_branch_dop_operator_v3' retrieved from /home/airflow/.local/lib/python3.12/site-packages/airflow/example_dags/example_branch_python_dop_operator_3.py
[2026-05-02T00:11:46.330+0000] {logging_mixin.py:188} INFO - [2026-05-02T00:11:46.329+0000] {dag.py:3089} INFO - Sync 1 DAGs
[2026-05-02T00:11:46.338+0000] {logging_mixin.py:188} INFO - [2026-05-02T00:11:46.338+0000] {dag.py:3947} INFO - Setting next_dagrun for example_branch_dop_operator_v3 to 2026-05-02 00:10:00+00:00, run_after=2026-05-02 00:11:00+00:00
[2026-05-02T00:11:46.344+0000] {processor.py:183} INFO - Processing /home/airflow/.local/lib/python3.12/site-packages/airflow/example_dags/example_branch_python_dop_operator_3.py took 0.031 seconds
[2026-05-02T00:12:16.828+0000] {processor.py:161} INFO - Started process (PID=11433) to work on /home/airflow/.local/lib/python3.12/site-packages/airflow/example_dags/example_branch_python_dop_operator_3.py
[2026-05-02T00:12:16.828+0000] {processor.py:830} INFO - Processing file /home/airflow/.local/lib/python3.12/site-packages/airflow/example_dags/example_branch_python_dop_operator_3.py for tasks to queue
[2026-05-02T00:12:16.829+0000] {logging_mixin.py:188} INFO - [2026-05-02T00:12:16.829+0000] {dagbag.py:545} INFO - Filling up the DagBag from /home/airflow/.local/lib/python3.12/site-packages/airflow/example_dags/example_branch_python_dop_operator_3.py
[2026-05-02T00:12:16.832+0000] {processor.py:840} INFO - DAG(s) 'example_branch_dop_operator_v3' retrieved from /home/airflow/.local/lib/python3.12/site-packages/airflow/example_dags/example_branch_python_dop_operator_3.py
[2026-05-02T00:12:16.840+0000] {logging_mixin.py:188} INFO - [2026-05-02T00:12:16.840+0000] {dag.py:3089} INFO - Sync 1 DAGs
[2026-05-02T00:12:16.848+0000] {logging_mixin.py:188} INFO - [2026-05-02T00:12:16.848+0000] {dag.py:3947} INFO - Setting next_dagrun for example_branch_dop_operator_v3 to 2026-05-02 00:11:00+00:00, run_after=2026-05-02 00:12:00+00:00
[2026-05-02T00:12:16.859+0000] {processor.py:183} INFO - Processing /home/airflow/.local/lib/python3.12/site-packages/airflow/example_dags/example_branch_python_dop_operator_3.py took 0.034 seconds
[2026-05-02T00:12:47.408+0000] {processor.py:161} INFO - Started process (PID=11493) to work on /home/airflow/.local/lib/python3.12/site-packages/airflow/example_dags/example_branch_python_dop_operator_3.py
[2026-05-02T00:12:47.408+0000] {processor.py:830} INFO - Processing file /home/airflow/.local/lib/python3.12/site-packages/airflow/example_dags/example_branch_python_dop_operator_3.py for tasks to queue
[2026-05-02T00:12:47.409+0000] {logging_mixin.py:188} INFO - [2026-05-02T00:12:47.409+0000] {dagbag.py:545} INFO - Filling up the DagBag from /home/airflow/.local/lib/python3.12/site-packages/airflow/example_dags/example_branch_python_dop_operator_3.py
[2026-05-02T00:12:47.412+0000] {processor.py:840} INFO - DAG(s) 'example_branch_dop_operator_v3' retrieved from /home/airflow/.local/lib/python3.12/site-packages/airflow/example_dags/example_branch_python_dop_operator_3.py
[2026-05-02T00:12:47.419+0000] {logging_mixin.py:188} INFO - [2026-05-02T00:12:47.419+0000] {dag.py:3089} INFO - Sync 1 DAGs
[2026-05-02T00:12:47.426+0000] {logging_mixin.py:188} INFO - [2026-05-02T00:12:47.426+0000] {dag.py:3947} INFO - Setting next_dagrun for example_branch_dop_operator_v3 to 2026-05-02 00:11:00+00:00, run_after=2026-05-02 00:12:00+00:00
[2026-05-02T00:12:47.432+0000] {processor.py:183} INFO - Processing /home/airflow/.local/lib/python3.12/site-packages/airflow/example_dags/example_branch_python_dop_operator_3.py took 0.026 seconds
[2026-05-02T00:13:17.925+0000] {processor.py:161} INFO - Started process (PID=11553) to work on /home/airflow/.local/lib/python3.12/site-packages/airflow/example_dags/example_branch_python_dop_operator_3.py
[2026-05-02T00:13:17.927+0000] {processor.py:830} INFO - Processing file /home/airflow/.local/lib/python3.12/site-packages/airflow/example_dags/example_branch_python_dop_operator_3.py for tasks to queue
[2026-05-02T00:13:17.928+0000] {logging_mixin.py:188} INFO - [2026-05-02T00:13:17.927+0000] {dagbag.py:545} INFO - Filling up the DagBag from /home/airflow/.local/lib/python3.12/site-packages/airflow/example_dags/example_branch_python_dop_operator_3.py
[2026-05-02T00:13:17.931+0000] {processor.py:840} INFO - DAG(s) 'example_branch_dop_operator_v3' retrieved from /home/airflow/.local/lib/python3.12/site-packages/airflow/example_dags/example_branch_python_dop_operator_3.py
[2026-05-02T00:13:17.938+0000] {logging_mixin.py:188} INFO - [2026-05-02T00:13:17.938+0000] {dag.py:3089} INFO - Sync 1 DAGs
[2026-05-02T00:13:17.945+0000] {logging_mixin.py:188} INFO - [2026-05-02T00:13:17.945+0000] {dag.py:3947} INFO - Setting next_dagrun for example_branch_dop_operator_v3 to 2026-05-02 00:12:00+00:00, run_after=2026-05-02 00:13:00+00:00
[2026-05-02T00:13:17.952+0000] {processor.py:183} INFO - Processing /home/airflow/.local/lib/python3.12/site-packages/airflow/example_dags/example_branch_python_dop_operator_3.py took 0.029 seconds
[2026-05-02T00:13:48.416+0000] {processor.py:161} INFO - Started process (PID=11613) to work on /home/airflow/.local/lib/python3.12/site-packages/airflow/example_dags/example_branch_python_dop_operator_3.py
[2026-05-02T00:13:48.417+0000] {processor.py:830} INFO - Processing file /home/airflow/.local/lib/python3.12/site-packages/airflow/example_dags/example_branch_python_dop_operator_3.py for tasks to queue
[2026-05-02T00:13:48.418+0000] {logging_mixin.py:188} INFO - [2026-05-02T00:13:48.417+0000] {dagbag.py:545} INFO - Filling up the DagBag from /home/airflow/.local/lib/python3.12/site-packages/airflow/example_dags/example_branch_python_dop_operator_3.py
[2026-05-02T00:13:48.421+0000] {processor.py:840} INFO - DAG(s) 'example_branch_dop_operator_v3' retrieved from /home/airflow/.local/lib/python3.12/site-packages/airflow/example_dags/example_branch_python_dop_operator_3.py
[2026-05-02T00:13:48.430+0000] {logging_mixin.py:188} INFO - [2026-05-02T00:13:48.430+0000] {dag.py:3089} INFO - Sync 1 DAGs
[2026-05-02T00:13:48.438+0000] {logging_mixin.py:188} INFO - [2026-05-02T00:13:48.438+0000] {dag.py:3947} INFO - Setting next_dagrun for example_branch_dop_operator_v3 to 2026-05-02 00:12:00+00:00, run_after=2026-05-02 00:13:00+00:00
[2026-05-02T00:13:48.444+0000] {processor.py:183} INFO - Processing /home/airflow/.local/lib/python3.12/site-packages/airflow/example_dags/example_branch_python_dop_operator_3.py took 0.029 seconds
[2026-05-02T00:14:18.980+0000] {processor.py:161} INFO - Started process (PID=11673) to work on /home/airflow/.local/lib/python3.12/site-packages/airflow/example_dags/example_branch_python_dop_operator_3.py
[2026-05-02T00:14:18.982+0000] {processor.py:830} INFO - Processing file /home/airflow/.local/lib/python3.12/site-packages/airflow/example_dags/example_branch_python_dop_operator_3.py for tasks to queue
[2026-05-02T00:14:18.982+0000] {logging_mixin.py:188} INFO - [2026-05-02T00:14:18.982+0000] {dagbag.py:545} INFO - Filling up the DagBag from /home/airflow/.local/lib/python3.12/site-packages/airflow/example_dags/example_branch_python_dop_operator_3.py
[2026-05-02T00:14:18.988+0000] {processor.py:840} INFO - DAG(s) 'example_branch_dop_operator_v3' retrieved from /home/airflow/.local/lib/python3.12/site-packages/airflow/example_dags/example_branch_python_dop_operator_3.py
[2026-05-02T00:14:18.997+0000] {logging_mixin.py:188} INFO - [2026-05-02T00:14:18.997+0000] {dag.py:3089} INFO - Sync 1 DAGs
[2026-05-02T00:14:19.005+0000] {logging_mixin.py:188} INFO - [2026-05-02T00:14:19.005+0000] {dag.py:3947} INFO - Setting next_dagrun for example_branch_dop_operator_v3 to 2026-05-02 00:13:00+00:00, run_after=2026-05-02 00:14:00+00:00
[2026-05-02T00:14:19.011+0000] {processor.py:183} INFO - Processing /home/airflow/.local/lib/python3.12/site-packages/airflow/example_dags/example_branch_python_dop_operator_3.py took 0.033 seconds
[2026-05-02T00:14:49.517+0000] {processor.py:161} INFO - Started process (PID=11733) to work on /home/airflow/.local/lib/python3.12/site-packages/airflow/example_dags/example_branch_python_dop_operator_3.py
[2026-05-02T00:14:49.518+0000] {processor.py:830} INFO - Processing file /home/airflow/.local/lib/python3.12/site-packages/airflow/example_dags/example_branch_python_dop_operator_3.py for tasks to queue
[2026-05-02T00:14:49.519+0000] {logging_mixin.py:188} INFO - [2026-05-02T00:14:49.519+0000] {dagbag.py:545} INFO - Filling up the DagBag from /home/airflow/.local/lib/python3.12/site-packages/airflow/example_dags/example_branch_python_dop_operator_3.py
[2026-05-02T00:14:49.522+0000] {processor.py:840} INFO - DAG(s) 'example_branch_dop_operator_v3' retrieved from /home/airflow/.local/lib/python3.12/site-packages/airflow/example_dags/example_branch_python_dop_operator_3.py
[2026-05-02T00:14:49.531+0000] {logging_mixin.py:188} INFO - [2026-05-02T00:14:49.531+0000] {dag.py:3089} INFO - Sync 1 DAGs
[2026-05-02T00:14:49.540+0000] {logging_mixin.py:188} INFO - [2026-05-02T00:14:49.540+0000] {dag.py:3947} INFO - Setting next_dagrun for example_branch_dop_operator_v3 to 2026-05-02 00:13:00+00:00, run_after=2026-05-02 00:14:00+00:00
[2026-05-02T00:14:49.548+0000] {processor.py:183} INFO - Processing /home/airflow/.local/lib/python3.12/site-packages/airflow/example_dags/example_branch_python_dop_operator_3.py took 0.033 seconds
[2026-05-02T00:15:19.807+0000] {processor.py:161} INFO - Started process (PID=11793) to work on /home/airflow/.local/lib/python3.12/site-packages/airflow/example_dags/example_branch_python_dop_operator_3.py
[2026-05-02T00:15:19.809+0000] {processor.py:830} INFO - Processing file /home/airflow/.local/lib/python3.12/site-packages/airflow/example_dags/example_branch_python_dop_operator_3.py for tasks to queue
[2026-05-02T00:15:19.810+0000] {logging_mixin.py:188} INFO - [2026-05-02T00:15:19.810+0000] {dagbag.py:545} INFO - Filling up the DagBag from /home/airflow/.local/lib/python3.12/site-packages/airflow/example_dags/example_branch_python_dop_operator_3.py
[2026-05-02T00:15:19.815+0000] {processor.py:840} INFO - DAG(s) 'example_branch_dop_operator_v3' retrieved from /home/airflow/.local/lib/python3.12/site-packages/airflow/example_dags/example_branch_python_dop_operator_3.py
[2026-05-02T00:15:19.824+0000] {logging_mixin.py:188} INFO - [2026-05-02T00:15:19.824+0000] {dag.py:3089} INFO - Sync 1 DAGs
[2026-05-02T00:15:19.835+0000] {logging_mixin.py:188} INFO - [2026-05-02T00:15:19.835+0000] {dag.py:3947} INFO - Setting next_dagrun for example_branch_dop_operator_v3 to 2026-05-02 00:14:00+00:00, run_after=2026-05-02 00:15:00+00:00
[2026-05-02T00:15:19.851+0000] {processor.py:183} INFO - Processing /home/airflow/.local/lib/python3.12/site-packages/airflow/example_dags/example_branch_python_dop_operator_3.py took 0.047 seconds
[2026-05-02T00:15:50.645+0000] {processor.py:161} INFO - Started process (PID=11853) to work on /home/airflow/.local/lib/python3.12/site-packages/airflow/example_dags/example_branch_python_dop_operator_3.py
[2026-05-02T00:15:50.647+0000] {processor.py:830} INFO - Processing file /home/airflow/.local/lib/python3.12/site-packages/airflow/example_dags/example_branch_python_dop_operator_3.py for tasks to queue
[2026-05-02T00:15:50.647+0000] {logging_mixin.py:188} INFO - [2026-05-02T00:15:50.647+0000] {dagbag.py:545} INFO - Filling up the DagBag from /home/airflow/.local/lib/python3.12/site-packages/airflow/example_dags/example_branch_python_dop_operator_3.py
[2026-05-02T00:15:50.651+0000] {processor.py:840} INFO - DAG(s) 'example_branch_dop_operator_v3' retrieved from /home/airflow/.local/lib/python3.12/site-packages/airflow/example_dags/example_branch_python_dop_operator_3.py
[2026-05-02T00:15:50.658+0000] {logging_mixin.py:188} INFO - [2026-05-02T00:15:50.658+0000] {dag.py:3089} INFO - Sync 1 DAGs
[2026-05-02T00:15:50.667+0000] {logging_mixin.py:188} INFO - [2026-05-02T00:15:50.667+0000] {dag.py:3947} INFO - Setting next_dagrun for example_branch_dop_operator_v3 to 2026-05-02 00:14:00+00:00, run_after=2026-05-02 00:15:00+00:00
[2026-05-02T00:15:50.673+0000] {processor.py:183} INFO - Processing /home/airflow/.local/lib/python3.12/site-packages/airflow/example_dags/example_branch_python_dop_operator_3.py took 0.031 seconds
[2026-05-02T00:16:21.101+0000] {processor.py:161} INFO - Started process (PID=11914) to work on /home/airflow/.local/lib/python3.12/site-packages/airflow/example_dags/example_branch_python_dop_operator_3.py
[2026-05-02T00:16:21.103+0000] {processor.py:830} INFO - Processing file /home/airflow/.local/lib/python3.12/site-packages/airflow/example_dags/example_branch_python_dop_operator_3.py for tasks to queue
[2026-05-02T00:16:21.104+0000] {logging_mixin.py:188} INFO - [2026-05-02T00:16:21.104+0000] {dagbag.py:545} INFO - Filling up the DagBag from /home/airflow/.local/lib/python3.12/site-packages/airflow/example_dags/example_branch_python_dop_operator_3.py
[2026-05-02T00:16:21.107+0000] {processor.py:840} INFO - DAG(s) 'example_branch_dop_operator_v3' retrieved from /home/airflow/.local/lib/python3.12/site-packages/airflow/example_dags/example_branch_python_dop_operator_3.py
[2026-05-02T00:16:21.114+0000] {logging_mixin.py:188} INFO - [2026-05-02T00:16:21.114+0000] {dag.py:3089} INFO - Sync 1 DAGs
[2026-05-02T00:16:21.121+0000] {logging_mixin.py:188} INFO - [2026-05-02T00:16:21.121+0000] {dag.py:3947} INFO - Setting next_dagrun for example_branch_dop_operator_v3 to 2026-05-02 00:15:00+00:00, run_after=2026-05-02 00:16:00+00:00
[2026-05-02T00:16:21.127+0000] {processor.py:183} INFO - Processing /home/airflow/.local/lib/python3.12/site-packages/airflow/example_dags/example_branch_python_dop_operator_3.py took 0.028 seconds
[2026-05-02T00:16:51.734+0000] {processor.py:161} INFO - Started process (PID=11974) to work on /home/airflow/.local/lib/python3.12/site-packages/airflow/example_dags/example_branch_python_dop_operator_3.py
[2026-05-02T00:16:51.735+0000] {processor.py:830} INFO - Processing file /home/airflow/.local/lib/python3.12/site-packages/airflow/example_dags/example_branch_python_dop_operator_3.py for tasks to queue
[2026-05-02T00:16:51.735+0000] {logging_mixin.py:188} INFO - [2026-05-02T00:16:51.735+0000] {dagbag.py:545} INFO - Filling up the DagBag from /home/airflow/.local/lib/python3.12/site-packages/airflow/example_dags/example_branch_python_dop_operator_3.py
[2026-05-02T00:16:51.741+0000] {processor.py:840} INFO - DAG(s) 'example_branch_dop_operator_v3' retrieved from /home/airflow/.local/lib/python3.12/site-packages/airflow/example_dags/example_branch_python_dop_operator_3.py
[2026-05-02T00:16:51.749+0000] {logging_mixin.py:188} INFO - [2026-05-02T00:16:51.749+0000] {dag.py:3089} INFO - Sync 1 DAGs
[2026-05-02T00:16:51.756+0000] {logging_mixin.py:188} INFO - [2026-05-02T00:16:51.756+0000] {dag.py:3947} INFO - Setting next_dagrun for example_branch_dop_operator_v3 to 2026-05-02 00:15:00+00:00, run_after=2026-05-02 00:16:00+00:00
[2026-05-02T00:16:51.762+0000] {processor.py:183} INFO - Processing /home/airflow/.local/lib/python3.12/site-packages/airflow/example_dags/example_branch_python_dop_operator_3.py took 0.030 seconds
[2026-05-02T00:17:22.342+0000] {processor.py:161} INFO - Started process (PID=12034) to work on /home/airflow/.local/lib/python3.12/site-packages/airflow/example_dags/example_branch_python_dop_operator_3.py
[2026-05-02T00:17:22.343+0000] {processor.py:830} INFO - Processing file /home/airflow/.local/lib/python3.12/site-packages/airflow/example_dags/example_branch_python_dop_operator_3.py for tasks to queue
[2026-05-02T00:17:22.345+0000] {logging_mixin.py:188} INFO - [2026-05-02T00:17:22.345+0000] {dagbag.py:545} INFO - Filling up the DagBag from /home/airflow/.local/lib/python3.12/site-packages/airflow/example_dags/example_branch_python_dop_operator_3.py
[2026-05-02T00:17:22.348+0000] {processor.py:840} INFO - DAG(s) 'example_branch_dop_operator_v3' retrieved from /home/airflow/.local/lib/python3.12/site-packages/airflow/example_dags/example_branch_python_dop_operator_3.py
[2026-05-02T00:17:22.356+0000] {logging_mixin.py:188} INFO - [2026-05-02T00:17:22.356+0000] {dag.py:3089} INFO - Sync 1 DAGs
[2026-05-02T00:17:22.364+0000] {logging_mixin.py:188} INFO - [2026-05-02T00:17:22.364+0000] {dag.py:3947} INFO - Setting next_dagrun for example_branch_dop_operator_v3 to 2026-05-02 00:16:00+00:00, run_after=2026-05-02 00:17:00+00:00
[2026-05-02T00:17:22.370+0000] {processor.py:183} INFO - Processing /home/airflow/.local/lib/python3.12/site-packages/airflow/example_dags/example_branch_python_dop_operator_3.py took 0.030 seconds
[2026-05-02T00:17:53.024+0000] {processor.py:161} INFO - Started process (PID=12094) to work on /home/airflow/.local/lib/python3.12/site-packages/airflow/example_dags/example_branch_python_dop_operator_3.py
[2026-05-02T00:17:53.024+0000] {processor.py:830} INFO - Processing file /home/airflow/.local/lib/python3.12/site-packages/airflow/example_dags/example_branch_python_dop_operator_3.py for tasks to queue
[2026-05-02T00:17:53.025+0000] {logging_mixin.py:188} INFO - [2026-05-02T00:17:53.025+0000] {dagbag.py:545} INFO - Filling up the DagBag from /home/airflow/.local/lib/python3.12/site-packages/airflow/example_dags/example_branch_python_dop_operator_3.py
[2026-05-02T00:17:53.029+0000] {processor.py:840} INFO - DAG(s) 'example_branch_dop_operator_v3' retrieved from /home/airflow/.local/lib/python3.12/site-packages/airflow/example_dags/example_branch_python_dop_operator_3.py
[2026-05-02T00:17:53.038+0000] {logging_mixin.py:188} INFO - [2026-05-02T00:17:53.038+0000] {dag.py:3089} INFO - Sync 1 DAGs
[2026-05-02T00:17:53.046+0000] {logging_mixin.py:188} INFO - [2026-05-02T00:17:53.046+0000] {dag.py:3947} INFO - Setting next_dagrun for example_branch_dop_operator_v3 to 2026-05-02 00:16:00+00:00, run_after=2026-05-02 00:17:00+00:00
[2026-05-02T00:17:53.052+0000] {processor.py:183} INFO - Processing /home/airflow/.local/lib/python3.12/site-packages/airflow/example_dags/example_branch_python_dop_operator_3.py took 0.031 seconds
