[2026-05-02T00:07:38.703+0000] {processor.py:161} INFO - Started process (PID=10860) to work on /home/airflow/.local/lib/python3.12/site-packages/airflow/example_dags/example_complex.py
[2026-05-02T00:07:38.704+0000] {processor.py:830} INFO - Processing file /home/airflow/.local/lib/python3.12/site-packages/airflow/example_dags/example_complex.py for tasks to queue
[2026-05-02T00:07:38.705+0000] {logging_mixin.py:188} INFO - [2026-05-02T00:07:38.705+0000] {dagbag.py:545} INFO - Filling up the DagBag from /home/airflow/.local/lib/python3.12/site-packages/airflow/example_dags/example_complex.py
[2026-05-02T00:07:38.709+0000] {processor.py:840} INFO - DAG(s) 'example_complex' retrieved from /home/airflow/.local/lib/python3.12/site-packages/airflow/example_dags/example_complex.py
[2026-05-02T00:07:38.725+0000] {logging_mixin.py:188} INFO - [2026-05-02T00:07:38.725+0000] {dag.py:3089} INFO - Sync 1 DAGs
[2026-05-02T00:07:38.729+0000] {logging_mixin.py:188} INFO - [2026-05-02T00:07:38.729+0000] {dag.py:3947} INFO - Setting next_dagrun for example_complex to None, run_after=None
[2026-05-02T00:07:38.742+0000] {processor.py:183} INFO - Processing /home/airflow/.local/lib/python3.12/site-packages/airflow/example_dags/example_complex.py took 0.042 seconds
[2026-05-02T00:08:09.539+0000] {processor.py:161} INFO - Started process (PID=10920) to work on /home/airflow/.local/lib/python3.12/site-packages/airflow/example_dags/example_complex.py
[2026-05-02T00:08:09.540+0000] {processor.py:830} INFO - Processing file /home/airflow/.local/lib/python3.12/site-packages/airflow/example_dags/example_complex.py for tasks to queue
[2026-05-02T00:08:09.543+0000] {logging_mixin.py:188} INFO - [2026-05-02T00:08:09.543+0000] {dagbag.py:545} INFO - Filling up the DagBag from /home/airflow/.local/lib/python3.12/site-packages/airflow/example_dags/example_complex.py
[2026-05-02T00:08:09.547+0000] {processor.py:840} INFO - DAG(s) 'example_complex' retrieved from /home/airflow/.local/lib/python3.12/site-packages/airflow/example_dags/example_complex.py
[2026-05-02T00:08:09.562+0000] {logging_mixin.py:188} INFO - [2026-05-02T00:08:09.562+0000] {dag.py:3089} INFO - Sync 1 DAGs
[2026-05-02T00:08:09.567+0000] {logging_mixin.py:188} INFO - [2026-05-02T00:08:09.567+0000] {dag.py:3947} INFO - Setting next_dagrun for example_complex to None, run_after=None
[2026-05-02T00:08:09.584+0000] {processor.py:183} INFO - Processing /home/airflow/.local/lib/python3.12/site-packages/airflow/example_dags/example_complex.py took 0.051 seconds
[2026-05-02T00:08:40.150+0000] {processor.py:161} INFO - Started process (PID=10980) to work on /home/airflow/.local/lib/python3.12/site-packages/airflow/example_dags/example_complex.py
[2026-05-02T00:08:40.151+0000] {processor.py:830} INFO - Processing file /home/airflow/.local/lib/python3.12/site-packages/airflow/example_dags/example_complex.py for tasks to queue
[2026-05-02T00:08:40.153+0000] {logging_mixin.py:188} INFO - [2026-05-02T00:08:40.153+0000] {dagbag.py:545} INFO - Filling up the DagBag from /home/airflow/.local/lib/python3.12/site-packages/airflow/example_dags/example_complex.py
[2026-05-02T00:08:40.161+0000] {processor.py:840} INFO - DAG(s) 'example_complex' retrieved from /home/airflow/.local/lib/python3.12/site-packages/airflow/example_dags/example_complex.py
[2026-05-02T00:08:40.172+0000] {logging_mixin.py:188} INFO - [2026-05-02T00:08:40.172+0000] {dag.py:3089} INFO - Sync 1 DAGs
[2026-05-02T00:08:40.176+0000] {logging_mixin.py:188} INFO - [2026-05-02T00:08:40.176+0000] {dag.py:3947} INFO - Setting next_dagrun for example_complex to None, run_after=None
[2026-05-02T00:08:40.187+0000] {processor.py:183} INFO - Processing /home/airflow/.local/lib/python3.12/site-packages/airflow/example_dags/example_complex.py took 0.039 seconds
[2026-05-02T00:09:10.865+0000] {processor.py:161} INFO - Started process (PID=11040) to work on /home/airflow/.local/lib/python3.12/site-packages/airflow/example_dags/example_complex.py
[2026-05-02T00:09:10.866+0000] {processor.py:830} INFO - Processing file /home/airflow/.local/lib/python3.12/site-packages/airflow/example_dags/example_complex.py for tasks to queue
[2026-05-02T00:09:10.867+0000] {logging_mixin.py:188} INFO - [2026-05-02T00:09:10.867+0000] {dagbag.py:545} INFO - Filling up the DagBag from /home/airflow/.local/lib/python3.12/site-packages/airflow/example_dags/example_complex.py
[2026-05-02T00:09:10.871+0000] {processor.py:840} INFO - DAG(s) 'example_complex' retrieved from /home/airflow/.local/lib/python3.12/site-packages/airflow/example_dags/example_complex.py
[2026-05-02T00:09:10.882+0000] {logging_mixin.py:188} INFO - [2026-05-02T00:09:10.882+0000] {dag.py:3089} INFO - Sync 1 DAGs
[2026-05-02T00:09:10.887+0000] {logging_mixin.py:188} INFO - [2026-05-02T00:09:10.886+0000] {dag.py:3947} INFO - Setting next_dagrun for example_complex to None, run_after=None
[2026-05-02T00:09:10.892+0000] {processor.py:183} INFO - Processing /home/airflow/.local/lib/python3.12/site-packages/airflow/example_dags/example_complex.py took 0.030 seconds
[2026-05-02T00:09:41.656+0000] {processor.py:161} INFO - Started process (PID=11100) to work on /home/airflow/.local/lib/python3.12/site-packages/airflow/example_dags/example_complex.py
[2026-05-02T00:09:41.657+0000] {processor.py:830} INFO - Processing file /home/airflow/.local/lib/python3.12/site-packages/airflow/example_dags/example_complex.py for tasks to queue
[2026-05-02T00:09:41.657+0000] {logging_mixin.py:188} INFO - [2026-05-02T00:09:41.657+0000] {dagbag.py:545} INFO - Filling up the DagBag from /home/airflow/.local/lib/python3.12/site-packages/airflow/example_dags/example_complex.py
[2026-05-02T00:09:41.661+0000] {processor.py:840} INFO - DAG(s) 'example_complex' retrieved from /home/airflow/.local/lib/python3.12/site-packages/airflow/example_dags/example_complex.py
[2026-05-02T00:09:41.673+0000] {logging_mixin.py:188} INFO - [2026-05-02T00:09:41.673+0000] {dag.py:3089} INFO - Sync 1 DAGs
[2026-05-02T00:09:41.755+0000] {logging_mixin.py:188} INFO - [2026-05-02T00:09:41.755+0000] {dag.py:3947} INFO - Setting next_dagrun for example_complex to None, run_after=None
[2026-05-02T00:09:41.767+0000] {processor.py:183} INFO - Processing /home/airflow/.local/lib/python3.12/site-packages/airflow/example_dags/example_complex.py took 0.113 seconds
[2026-05-02T00:10:12.609+0000] {processor.py:161} INFO - Started process (PID=11160) to work on /home/airflow/.local/lib/python3.12/site-packages/airflow/example_dags/example_complex.py
[2026-05-02T00:10:12.610+0000] {processor.py:830} INFO - Processing file /home/airflow/.local/lib/python3.12/site-packages/airflow/example_dags/example_complex.py for tasks to queue
[2026-05-02T00:10:12.611+0000] {logging_mixin.py:188} INFO - [2026-05-02T00:10:12.610+0000] {dagbag.py:545} INFO - Filling up the DagBag from /home/airflow/.local/lib/python3.12/site-packages/airflow/example_dags/example_complex.py
[2026-05-02T00:10:12.614+0000] {processor.py:840} INFO - DAG(s) 'example_complex' retrieved from /home/airflow/.local/lib/python3.12/site-packages/airflow/example_dags/example_complex.py
[2026-05-02T00:10:12.625+0000] {logging_mixin.py:188} INFO - [2026-05-02T00:10:12.625+0000] {dag.py:3089} INFO - Sync 1 DAGs
[2026-05-02T00:10:12.630+0000] {logging_mixin.py:188} INFO - [2026-05-02T00:10:12.630+0000] {dag.py:3947} INFO - Setting next_dagrun for example_complex to None, run_after=None
[2026-05-02T00:10:12.705+0000] {processor.py:183} INFO - Processing /home/airflow/.local/lib/python3.12/site-packages/airflow/example_dags/example_complex.py took 0.098 seconds
[2026-05-02T00:10:43.032+0000] {processor.py:161} INFO - Started process (PID=11220) to work on /home/airflow/.local/lib/python3.12/site-packages/airflow/example_dags/example_complex.py
[2026-05-02T00:10:43.033+0000] {processor.py:830} INFO - Processing file /home/airflow/.local/lib/python3.12/site-packages/airflow/example_dags/example_complex.py for tasks to queue
[2026-05-02T00:10:43.033+0000] {logging_mixin.py:188} INFO - [2026-05-02T00:10:43.033+0000] {dagbag.py:545} INFO - Filling up the DagBag from /home/airflow/.local/lib/python3.12/site-packages/airflow/example_dags/example_complex.py
[2026-05-02T00:10:43.037+0000] {processor.py:840} INFO - DAG(s) 'example_complex' retrieved from /home/airflow/.local/lib/python3.12/site-packages/airflow/example_dags/example_complex.py
[2026-05-02T00:10:43.048+0000] {logging_mixin.py:188} INFO - [2026-05-02T00:10:43.048+0000] {dag.py:3089} INFO - Sync 1 DAGs
[2026-05-02T00:10:43.053+0000] {logging_mixin.py:188} INFO - [2026-05-02T00:10:43.053+0000] {dag.py:3947} INFO - Setting next_dagrun for example_complex to None, run_after=None
[2026-05-02T00:10:43.131+0000] {processor.py:183} INFO - Processing /home/airflow/.local/lib/python3.12/site-packages/airflow/example_dags/example_complex.py took 0.101 seconds
[2026-05-02T00:11:13.813+0000] {processor.py:161} INFO - Started process (PID=11280) to work on /home/airflow/.local/lib/python3.12/site-packages/airflow/example_dags/example_complex.py
[2026-05-02T00:11:13.814+0000] {processor.py:830} INFO - Processing file /home/airflow/.local/lib/python3.12/site-packages/airflow/example_dags/example_complex.py for tasks to queue
[2026-05-02T00:11:13.816+0000] {logging_mixin.py:188} INFO - [2026-05-02T00:11:13.816+0000] {dagbag.py:545} INFO - Filling up the DagBag from /home/airflow/.local/lib/python3.12/site-packages/airflow/example_dags/example_complex.py
[2026-05-02T00:11:13.819+0000] {processor.py:840} INFO - DAG(s) 'example_complex' retrieved from /home/airflow/.local/lib/python3.12/site-packages/airflow/example_dags/example_complex.py
[2026-05-02T00:11:13.832+0000] {logging_mixin.py:188} INFO - [2026-05-02T00:11:13.832+0000] {dag.py:3089} INFO - Sync 1 DAGs
[2026-05-02T00:11:13.838+0000] {logging_mixin.py:188} INFO - [2026-05-02T00:11:13.838+0000] {dag.py:3947} INFO - Setting next_dagrun for example_complex to None, run_after=None
[2026-05-02T00:11:13.846+0000] {processor.py:183} INFO - Processing /home/airflow/.local/lib/python3.12/site-packages/airflow/example_dags/example_complex.py took 0.035 seconds
[2026-05-02T00:11:44.491+0000] {processor.py:161} INFO - Started process (PID=11340) to work on /home/airflow/.local/lib/python3.12/site-packages/airflow/example_dags/example_complex.py
[2026-05-02T00:11:44.491+0000] {processor.py:830} INFO - Processing file /home/airflow/.local/lib/python3.12/site-packages/airflow/example_dags/example_complex.py for tasks to queue
[2026-05-02T00:11:44.492+0000] {logging_mixin.py:188} INFO - [2026-05-02T00:11:44.492+0000] {dagbag.py:545} INFO - Filling up the DagBag from /home/airflow/.local/lib/python3.12/site-packages/airflow/example_dags/example_complex.py
[2026-05-02T00:11:44.495+0000] {processor.py:840} INFO - DAG(s) 'example_complex' retrieved from /home/airflow/.local/lib/python3.12/site-packages/airflow/example_dags/example_complex.py
[2026-05-02T00:11:44.513+0000] {logging_mixin.py:188} INFO - [2026-05-02T00:11:44.512+0000] {dag.py:3089} INFO - Sync 1 DAGs
[2026-05-02T00:11:44.518+0000] {logging_mixin.py:188} INFO - [2026-05-02T00:11:44.518+0000] {dag.py:3947} INFO - Setting next_dagrun for example_complex to None, run_after=None
[2026-05-02T00:11:44.528+0000] {processor.py:183} INFO - Processing /home/airflow/.local/lib/python3.12/site-packages/airflow/example_dags/example_complex.py took 0.040 seconds
[2026-05-02T00:12:15.092+0000] {processor.py:161} INFO - Started process (PID=11400) to work on /home/airflow/.local/lib/python3.12/site-packages/airflow/example_dags/example_complex.py
[2026-05-02T00:12:15.093+0000] {processor.py:830} INFO - Processing file /home/airflow/.local/lib/python3.12/site-packages/airflow/example_dags/example_complex.py for tasks to queue
[2026-05-02T00:12:15.094+0000] {logging_mixin.py:188} INFO - [2026-05-02T00:12:15.093+0000] {dagbag.py:545} INFO - Filling up the DagBag from /home/airflow/.local/lib/python3.12/site-packages/airflow/example_dags/example_complex.py
[2026-05-02T00:12:15.098+0000] {processor.py:840} INFO - DAG(s) 'example_complex' retrieved from /home/airflow/.local/lib/python3.12/site-packages/airflow/example_dags/example_complex.py
[2026-05-02T00:12:15.112+0000] {logging_mixin.py:188} INFO - [2026-05-02T00:12:15.112+0000] {dag.py:3089} INFO - Sync 1 DAGs
[2026-05-02T00:12:15.117+0000] {logging_mixin.py:188} INFO - [2026-05-02T00:12:15.117+0000] {dag.py:3947} INFO - Setting next_dagrun for example_complex to None, run_after=None
[2026-05-02T00:12:15.128+0000] {processor.py:183} INFO - Processing /home/airflow/.local/lib/python3.12/site-packages/airflow/example_dags/example_complex.py took 0.038 seconds
[2026-05-02T00:12:45.638+0000] {processor.py:161} INFO - Started process (PID=11460) to work on /home/airflow/.local/lib/python3.12/site-packages/airflow/example_dags/example_complex.py
[2026-05-02T00:12:45.638+0000] {processor.py:830} INFO - Processing file /home/airflow/.local/lib/python3.12/site-packages/airflow/example_dags/example_complex.py for tasks to queue
[2026-05-02T00:12:45.640+0000] {logging_mixin.py:188} INFO - [2026-05-02T00:12:45.639+0000] {dagbag.py:545} INFO - Filling up the DagBag from /home/airflow/.local/lib/python3.12/site-packages/airflow/example_dags/example_complex.py
[2026-05-02T00:12:45.644+0000] {processor.py:840} INFO - DAG(s) 'example_complex' retrieved from /home/airflow/.local/lib/python3.12/site-packages/airflow/example_dags/example_complex.py
[2026-05-02T00:12:45.661+0000] {logging_mixin.py:188} INFO - [2026-05-02T00:12:45.661+0000] {dag.py:3089} INFO - Sync 1 DAGs
[2026-05-02T00:12:45.666+0000] {logging_mixin.py:188} INFO - [2026-05-02T00:12:45.666+0000] {dag.py:3947} INFO - Setting next_dagrun for example_complex to None, run_after=None
[2026-05-02T00:12:45.675+0000] {processor.py:183} INFO - Processing /home/airflow/.local/lib/python3.12/site-packages/airflow/example_dags/example_complex.py took 0.040 seconds
[2026-05-02T00:13:16.154+0000] {processor.py:161} INFO - Started process (PID=11520) to work on /home/airflow/.local/lib/python3.12/site-packages/airflow/example_dags/example_complex.py
[2026-05-02T00:13:16.155+0000] {processor.py:830} INFO - Processing file /home/airflow/.local/lib/python3.12/site-packages/airflow/example_dags/example_complex.py for tasks to queue
[2026-05-02T00:13:16.155+0000] {logging_mixin.py:188} INFO - [2026-05-02T00:13:16.155+0000] {dagbag.py:545} INFO - Filling up the DagBag from /home/airflow/.local/lib/python3.12/site-packages/airflow/example_dags/example_complex.py
[2026-05-02T00:13:16.159+0000] {processor.py:840} INFO - DAG(s) 'example_complex' retrieved from /home/airflow/.local/lib/python3.12/site-packages/airflow/example_dags/example_complex.py
[2026-05-02T00:13:16.168+0000] {logging_mixin.py:188} INFO - [2026-05-02T00:13:16.168+0000] {dag.py:3089} INFO - Sync 1 DAGs
[2026-05-02T00:13:16.172+0000] {logging_mixin.py:188} INFO - [2026-05-02T00:13:16.172+0000] {dag.py:3947} INFO - Setting next_dagrun for example_complex to None, run_after=None
[2026-05-02T00:13:16.177+0000] {processor.py:183} INFO - Processing /home/airflow/.local/lib/python3.12/site-packages/airflow/example_dags/example_complex.py took 0.025 seconds
[2026-05-02T00:13:46.672+0000] {processor.py:161} INFO - Started process (PID=11580) to work on /home/airflow/.local/lib/python3.12/site-packages/airflow/example_dags/example_complex.py
[2026-05-02T00:13:46.672+0000] {processor.py:830} INFO - Processing file /home/airflow/.local/lib/python3.12/site-packages/airflow/example_dags/example_complex.py for tasks to queue
[2026-05-02T00:13:46.673+0000] {logging_mixin.py:188} INFO - [2026-05-02T00:13:46.673+0000] {dagbag.py:545} INFO - Filling up the DagBag from /home/airflow/.local/lib/python3.12/site-packages/airflow/example_dags/example_complex.py
[2026-05-02T00:13:46.676+0000] {processor.py:840} INFO - DAG(s) 'example_complex' retrieved from /home/airflow/.local/lib/python3.12/site-packages/airflow/example_dags/example_complex.py
[2026-05-02T00:13:46.686+0000] {logging_mixin.py:188} INFO - [2026-05-02T00:13:46.686+0000] {dag.py:3089} INFO - Sync 1 DAGs
[2026-05-02T00:13:46.690+0000] {logging_mixin.py:188} INFO - [2026-05-02T00:13:46.690+0000] {dag.py:3947} INFO - Setting next_dagrun for example_complex to None, run_after=None
[2026-05-02T00:13:46.695+0000] {processor.py:183} INFO - Processing /home/airflow/.local/lib/python3.12/site-packages/airflow/example_dags/example_complex.py took 0.025 seconds
[2026-05-02T00:14:17.222+0000] {processor.py:161} INFO - Started process (PID=11640) to work on /home/airflow/.local/lib/python3.12/site-packages/airflow/example_dags/example_complex.py
[2026-05-02T00:14:17.222+0000] {processor.py:830} INFO - Processing file /home/airflow/.local/lib/python3.12/site-packages/airflow/example_dags/example_complex.py for tasks to queue
[2026-05-02T00:14:17.223+0000] {logging_mixin.py:188} INFO - [2026-05-02T00:14:17.223+0000] {dagbag.py:545} INFO - Filling up the DagBag from /home/airflow/.local/lib/python3.12/site-packages/airflow/example_dags/example_complex.py
[2026-05-02T00:14:17.227+0000] {processor.py:840} INFO - DAG(s) 'example_complex' retrieved from /home/airflow/.local/lib/python3.12/site-packages/airflow/example_dags/example_complex.py
[2026-05-02T00:14:17.242+0000] {logging_mixin.py:188} INFO - [2026-05-02T00:14:17.242+0000] {dag.py:3089} INFO - Sync 1 DAGs
[2026-05-02T00:14:17.246+0000] {logging_mixin.py:188} INFO - [2026-05-02T00:14:17.246+0000] {dag.py:3947} INFO - Setting next_dagrun for example_complex to None, run_after=None
[2026-05-02T00:14:17.256+0000] {processor.py:183} INFO - Processing /home/airflow/.local/lib/python3.12/site-packages/airflow/example_dags/example_complex.py took 0.037 seconds
[2026-05-02T00:14:47.710+0000] {processor.py:161} INFO - Started process (PID=11700) to work on /home/airflow/.local/lib/python3.12/site-packages/airflow/example_dags/example_complex.py
[2026-05-02T00:14:47.711+0000] {processor.py:830} INFO - Processing file /home/airflow/.local/lib/python3.12/site-packages/airflow/example_dags/example_complex.py for tasks to queue
[2026-05-02T00:14:47.712+0000] {logging_mixin.py:188} INFO - [2026-05-02T00:14:47.712+0000] {dagbag.py:545} INFO - Filling up the DagBag from /home/airflow/.local/lib/python3.12/site-packages/airflow/example_dags/example_complex.py
[2026-05-02T00:14:47.716+0000] {processor.py:840} INFO - DAG(s) 'example_complex' retrieved from /home/airflow/.local/lib/python3.12/site-packages/airflow/example_dags/example_complex.py
[2026-05-02T00:14:47.733+0000] {logging_mixin.py:188} INFO - [2026-05-02T00:14:47.733+0000] {dag.py:3089} INFO - Sync 1 DAGs
[2026-05-02T00:14:47.738+0000] {logging_mixin.py:188} INFO - [2026-05-02T00:14:47.738+0000] {dag.py:3947} INFO - Setting next_dagrun for example_complex to None, run_after=None
[2026-05-02T00:14:47.757+0000] {processor.py:183} INFO - Processing /home/airflow/.local/lib/python3.12/site-packages/airflow/example_dags/example_complex.py took 0.050 seconds
[2026-05-02T00:15:18.473+0000] {processor.py:161} INFO - Started process (PID=11760) to work on /home/airflow/.local/lib/python3.12/site-packages/airflow/example_dags/example_complex.py
[2026-05-02T00:15:18.473+0000] {processor.py:830} INFO - Processing file /home/airflow/.local/lib/python3.12/site-packages/airflow/example_dags/example_complex.py for tasks to queue
[2026-05-02T00:15:18.474+0000] {logging_mixin.py:188} INFO - [2026-05-02T00:15:18.474+0000] {dagbag.py:545} INFO - Filling up the DagBag from /home/airflow/.local/lib/python3.12/site-packages/airflow/example_dags/example_complex.py
[2026-05-02T00:15:18.478+0000] {processor.py:840} INFO - DAG(s) 'example_complex' retrieved from /home/airflow/.local/lib/python3.12/site-packages/airflow/example_dags/example_complex.py
[2026-05-02T00:15:18.490+0000] {logging_mixin.py:188} INFO - [2026-05-02T00:15:18.490+0000] {dag.py:3089} INFO - Sync 1 DAGs
[2026-05-02T00:15:18.495+0000] {logging_mixin.py:188} INFO - [2026-05-02T00:15:18.495+0000] {dag.py:3947} INFO - Setting next_dagrun for example_complex to None, run_after=None
[2026-05-02T00:15:18.502+0000] {processor.py:183} INFO - Processing /home/airflow/.local/lib/python3.12/site-packages/airflow/example_dags/example_complex.py took 0.032 seconds
[2026-05-02T00:15:48.803+0000] {processor.py:161} INFO - Started process (PID=11820) to work on /home/airflow/.local/lib/python3.12/site-packages/airflow/example_dags/example_complex.py
[2026-05-02T00:15:48.805+0000] {processor.py:830} INFO - Processing file /home/airflow/.local/lib/python3.12/site-packages/airflow/example_dags/example_complex.py for tasks to queue
[2026-05-02T00:15:48.806+0000] {logging_mixin.py:188} INFO - [2026-05-02T00:15:48.806+0000] {dagbag.py:545} INFO - Filling up the DagBag from /home/airflow/.local/lib/python3.12/site-packages/airflow/example_dags/example_complex.py
[2026-05-02T00:15:48.809+0000] {processor.py:840} INFO - DAG(s) 'example_complex' retrieved from /home/airflow/.local/lib/python3.12/site-packages/airflow/example_dags/example_complex.py
[2026-05-02T00:15:48.826+0000] {logging_mixin.py:188} INFO - [2026-05-02T00:15:48.826+0000] {dag.py:3089} INFO - Sync 1 DAGs
[2026-05-02T00:15:48.831+0000] {logging_mixin.py:188} INFO - [2026-05-02T00:15:48.831+0000] {dag.py:3947} INFO - Setting next_dagrun for example_complex to None, run_after=None
[2026-05-02T00:15:48.840+0000] {processor.py:183} INFO - Processing /home/airflow/.local/lib/python3.12/site-packages/airflow/example_dags/example_complex.py took 0.039 seconds
[2026-05-02T00:16:19.358+0000] {processor.py:161} INFO - Started process (PID=11881) to work on /home/airflow/.local/lib/python3.12/site-packages/airflow/example_dags/example_complex.py
[2026-05-02T00:16:19.359+0000] {processor.py:830} INFO - Processing file /home/airflow/.local/lib/python3.12/site-packages/airflow/example_dags/example_complex.py for tasks to queue
[2026-05-02T00:16:19.359+0000] {logging_mixin.py:188} INFO - [2026-05-02T00:16:19.359+0000] {dagbag.py:545} INFO - Filling up the DagBag from /home/airflow/.local/lib/python3.12/site-packages/airflow/example_dags/example_complex.py
[2026-05-02T00:16:19.363+0000] {processor.py:840} INFO - DAG(s) 'example_complex' retrieved from /home/airflow/.local/lib/python3.12/site-packages/airflow/example_dags/example_complex.py
[2026-05-02T00:16:19.379+0000] {logging_mixin.py:188} INFO - [2026-05-02T00:16:19.379+0000] {dag.py:3089} INFO - Sync 1 DAGs
[2026-05-02T00:16:19.386+0000] {logging_mixin.py:188} INFO - [2026-05-02T00:16:19.385+0000] {dag.py:3947} INFO - Setting next_dagrun for example_complex to None, run_after=None
[2026-05-02T00:16:19.398+0000] {processor.py:183} INFO - Processing /home/airflow/.local/lib/python3.12/site-packages/airflow/example_dags/example_complex.py took 0.043 seconds
[2026-05-02T00:16:49.967+0000] {processor.py:161} INFO - Started process (PID=11941) to work on /home/airflow/.local/lib/python3.12/site-packages/airflow/example_dags/example_complex.py
[2026-05-02T00:16:49.968+0000] {processor.py:830} INFO - Processing file /home/airflow/.local/lib/python3.12/site-packages/airflow/example_dags/example_complex.py for tasks to queue
[2026-05-02T00:16:49.969+0000] {logging_mixin.py:188} INFO - [2026-05-02T00:16:49.969+0000] {dagbag.py:545} INFO - Filling up the DagBag from /home/airflow/.local/lib/python3.12/site-packages/airflow/example_dags/example_complex.py
[2026-05-02T00:16:49.975+0000] {processor.py:840} INFO - DAG(s) 'example_complex' retrieved from /home/airflow/.local/lib/python3.12/site-packages/airflow/example_dags/example_complex.py
[2026-05-02T00:16:49.988+0000] {logging_mixin.py:188} INFO - [2026-05-02T00:16:49.988+0000] {dag.py:3089} INFO - Sync 1 DAGs
[2026-05-02T00:16:49.992+0000] {logging_mixin.py:188} INFO - [2026-05-02T00:16:49.992+0000] {dag.py:3947} INFO - Setting next_dagrun for example_complex to None, run_after=None
[2026-05-02T00:16:50.001+0000] {processor.py:183} INFO - Processing /home/airflow/.local/lib/python3.12/site-packages/airflow/example_dags/example_complex.py took 0.036 seconds
[2026-05-02T00:17:20.566+0000] {processor.py:161} INFO - Started process (PID=12001) to work on /home/airflow/.local/lib/python3.12/site-packages/airflow/example_dags/example_complex.py
[2026-05-02T00:17:20.566+0000] {processor.py:830} INFO - Processing file /home/airflow/.local/lib/python3.12/site-packages/airflow/example_dags/example_complex.py for tasks to queue
[2026-05-02T00:17:20.567+0000] {logging_mixin.py:188} INFO - [2026-05-02T00:17:20.567+0000] {dagbag.py:545} INFO - Filling up the DagBag from /home/airflow/.local/lib/python3.12/site-packages/airflow/example_dags/example_complex.py
[2026-05-02T00:17:20.571+0000] {processor.py:840} INFO - DAG(s) 'example_complex' retrieved from /home/airflow/.local/lib/python3.12/site-packages/airflow/example_dags/example_complex.py
[2026-05-02T00:17:20.583+0000] {logging_mixin.py:188} INFO - [2026-05-02T00:17:20.583+0000] {dag.py:3089} INFO - Sync 1 DAGs
[2026-05-02T00:17:20.589+0000] {logging_mixin.py:188} INFO - [2026-05-02T00:17:20.588+0000] {dag.py:3947} INFO - Setting next_dagrun for example_complex to None, run_after=None
[2026-05-02T00:17:20.600+0000] {processor.py:183} INFO - Processing /home/airflow/.local/lib/python3.12/site-packages/airflow/example_dags/example_complex.py took 0.037 seconds
[2026-05-02T00:17:51.234+0000] {processor.py:161} INFO - Started process (PID=12061) to work on /home/airflow/.local/lib/python3.12/site-packages/airflow/example_dags/example_complex.py
[2026-05-02T00:17:51.235+0000] {processor.py:830} INFO - Processing file /home/airflow/.local/lib/python3.12/site-packages/airflow/example_dags/example_complex.py for tasks to queue
[2026-05-02T00:17:51.236+0000] {logging_mixin.py:188} INFO - [2026-05-02T00:17:51.235+0000] {dagbag.py:545} INFO - Filling up the DagBag from /home/airflow/.local/lib/python3.12/site-packages/airflow/example_dags/example_complex.py
[2026-05-02T00:17:51.239+0000] {processor.py:840} INFO - DAG(s) 'example_complex' retrieved from /home/airflow/.local/lib/python3.12/site-packages/airflow/example_dags/example_complex.py
[2026-05-02T00:17:51.252+0000] {logging_mixin.py:188} INFO - [2026-05-02T00:17:51.252+0000] {dag.py:3089} INFO - Sync 1 DAGs
[2026-05-02T00:17:51.256+0000] {logging_mixin.py:188} INFO - [2026-05-02T00:17:51.256+0000] {dag.py:3947} INFO - Setting next_dagrun for example_complex to None, run_after=None
[2026-05-02T00:17:51.270+0000] {processor.py:183} INFO - Processing /home/airflow/.local/lib/python3.12/site-packages/airflow/example_dags/example_complex.py took 0.038 seconds
