[2026-05-02T00:07:39.654+0000] {processor.py:161} INFO - Started process (PID=10897) to work on /home/airflow/.local/lib/python3.12/site-packages/airflow/example_dags/example_task_group_decorator.py
[2026-05-02T00:07:39.655+0000] {processor.py:830} INFO - Processing file /home/airflow/.local/lib/python3.12/site-packages/airflow/example_dags/example_task_group_decorator.py for tasks to queue
[2026-05-02T00:07:39.656+0000] {logging_mixin.py:188} INFO - [2026-05-02T00:07:39.656+0000] {dagbag.py:545} INFO - Filling up the DagBag from /home/airflow/.local/lib/python3.12/site-packages/airflow/example_dags/example_task_group_decorator.py
[2026-05-02T00:07:39.661+0000] {processor.py:840} INFO - DAG(s) 'example_task_group_decorator' retrieved from /home/airflow/.local/lib/python3.12/site-packages/airflow/example_dags/example_task_group_decorator.py
[2026-05-02T00:07:39.670+0000] {logging_mixin.py:188} INFO - [2026-05-02T00:07:39.670+0000] {dag.py:3089} INFO - Sync 1 DAGs
[2026-05-02T00:07:39.677+0000] {logging_mixin.py:188} INFO - [2026-05-02T00:07:39.677+0000] {dag.py:3947} INFO - Setting next_dagrun for example_task_group_decorator to 2026-05-01 00:00:00+00:00, run_after=2026-05-02 00:00:00+00:00
[2026-05-02T00:07:39.692+0000] {processor.py:183} INFO - Processing /home/airflow/.local/lib/python3.12/site-packages/airflow/example_dags/example_task_group_decorator.py took 0.040 seconds
[2026-05-02T00:08:10.433+0000] {processor.py:161} INFO - Started process (PID=10957) to work on /home/airflow/.local/lib/python3.12/site-packages/airflow/example_dags/example_task_group_decorator.py
[2026-05-02T00:08:10.433+0000] {processor.py:830} INFO - Processing file /home/airflow/.local/lib/python3.12/site-packages/airflow/example_dags/example_task_group_decorator.py for tasks to queue
[2026-05-02T00:08:10.434+0000] {logging_mixin.py:188} INFO - [2026-05-02T00:08:10.434+0000] {dagbag.py:545} INFO - Filling up the DagBag from /home/airflow/.local/lib/python3.12/site-packages/airflow/example_dags/example_task_group_decorator.py
[2026-05-02T00:08:10.439+0000] {processor.py:840} INFO - DAG(s) 'example_task_group_decorator' retrieved from /home/airflow/.local/lib/python3.12/site-packages/airflow/example_dags/example_task_group_decorator.py
[2026-05-02T00:08:10.449+0000] {logging_mixin.py:188} INFO - [2026-05-02T00:08:10.449+0000] {dag.py:3089} INFO - Sync 1 DAGs
[2026-05-02T00:08:10.457+0000] {logging_mixin.py:188} INFO - [2026-05-02T00:08:10.457+0000] {dag.py:3947} INFO - Setting next_dagrun for example_task_group_decorator to 2026-05-01 00:00:00+00:00, run_after=2026-05-02 00:00:00+00:00
[2026-05-02T00:08:10.468+0000] {processor.py:183} INFO - Processing /home/airflow/.local/lib/python3.12/site-packages/airflow/example_dags/example_task_group_decorator.py took 0.037 seconds
[2026-05-02T00:08:41.116+0000] {processor.py:161} INFO - Started process (PID=11017) to work on /home/airflow/.local/lib/python3.12/site-packages/airflow/example_dags/example_task_group_decorator.py
[2026-05-02T00:08:41.116+0000] {processor.py:830} INFO - Processing file /home/airflow/.local/lib/python3.12/site-packages/airflow/example_dags/example_task_group_decorator.py for tasks to queue
[2026-05-02T00:08:41.118+0000] {logging_mixin.py:188} INFO - [2026-05-02T00:08:41.117+0000] {dagbag.py:545} INFO - Filling up the DagBag from /home/airflow/.local/lib/python3.12/site-packages/airflow/example_dags/example_task_group_decorator.py
[2026-05-02T00:08:41.125+0000] {processor.py:840} INFO - DAG(s) 'example_task_group_decorator' retrieved from /home/airflow/.local/lib/python3.12/site-packages/airflow/example_dags/example_task_group_decorator.py
[2026-05-02T00:08:41.134+0000] {logging_mixin.py:188} INFO - [2026-05-02T00:08:41.134+0000] {dag.py:3089} INFO - Sync 1 DAGs
[2026-05-02T00:08:41.144+0000] {logging_mixin.py:188} INFO - [2026-05-02T00:08:41.144+0000] {dag.py:3947} INFO - Setting next_dagrun for example_task_group_decorator to 2026-05-01 00:00:00+00:00, run_after=2026-05-02 00:00:00+00:00
[2026-05-02T00:08:41.154+0000] {processor.py:183} INFO - Processing /home/airflow/.local/lib/python3.12/site-packages/airflow/example_dags/example_task_group_decorator.py took 0.041 seconds
[2026-05-02T00:09:11.780+0000] {processor.py:161} INFO - Started process (PID=11077) to work on /home/airflow/.local/lib/python3.12/site-packages/airflow/example_dags/example_task_group_decorator.py
[2026-05-02T00:09:11.781+0000] {processor.py:830} INFO - Processing file /home/airflow/.local/lib/python3.12/site-packages/airflow/example_dags/example_task_group_decorator.py for tasks to queue
[2026-05-02T00:09:11.782+0000] {logging_mixin.py:188} INFO - [2026-05-02T00:09:11.782+0000] {dagbag.py:545} INFO - Filling up the DagBag from /home/airflow/.local/lib/python3.12/site-packages/airflow/example_dags/example_task_group_decorator.py
[2026-05-02T00:09:11.789+0000] {processor.py:840} INFO - DAG(s) 'example_task_group_decorator' retrieved from /home/airflow/.local/lib/python3.12/site-packages/airflow/example_dags/example_task_group_decorator.py
[2026-05-02T00:09:11.798+0000] {logging_mixin.py:188} INFO - [2026-05-02T00:09:11.798+0000] {dag.py:3089} INFO - Sync 1 DAGs
[2026-05-02T00:09:11.806+0000] {logging_mixin.py:188} INFO - [2026-05-02T00:09:11.806+0000] {dag.py:3947} INFO - Setting next_dagrun for example_task_group_decorator to 2026-05-01 00:00:00+00:00, run_after=2026-05-02 00:00:00+00:00
[2026-05-02T00:09:11.818+0000] {processor.py:183} INFO - Processing /home/airflow/.local/lib/python3.12/site-packages/airflow/example_dags/example_task_group_decorator.py took 0.040 seconds
[2026-05-02T00:09:42.731+0000] {processor.py:161} INFO - Started process (PID=11137) to work on /home/airflow/.local/lib/python3.12/site-packages/airflow/example_dags/example_task_group_decorator.py
[2026-05-02T00:09:42.732+0000] {processor.py:830} INFO - Processing file /home/airflow/.local/lib/python3.12/site-packages/airflow/example_dags/example_task_group_decorator.py for tasks to queue
[2026-05-02T00:09:42.733+0000] {logging_mixin.py:188} INFO - [2026-05-02T00:09:42.733+0000] {dagbag.py:545} INFO - Filling up the DagBag from /home/airflow/.local/lib/python3.12/site-packages/airflow/example_dags/example_task_group_decorator.py
[2026-05-02T00:09:42.742+0000] {processor.py:840} INFO - DAG(s) 'example_task_group_decorator' retrieved from /home/airflow/.local/lib/python3.12/site-packages/airflow/example_dags/example_task_group_decorator.py
[2026-05-02T00:09:42.752+0000] {logging_mixin.py:188} INFO - [2026-05-02T00:09:42.752+0000] {dag.py:3089} INFO - Sync 1 DAGs
[2026-05-02T00:09:42.764+0000] {logging_mixin.py:188} INFO - [2026-05-02T00:09:42.764+0000] {dag.py:3947} INFO - Setting next_dagrun for example_task_group_decorator to 2026-05-01 00:00:00+00:00, run_after=2026-05-02 00:00:00+00:00
[2026-05-02T00:09:42.776+0000] {processor.py:183} INFO - Processing /home/airflow/.local/lib/python3.12/site-packages/airflow/example_dags/example_task_group_decorator.py took 0.048 seconds
[2026-05-02T00:10:14.293+0000] {processor.py:161} INFO - Started process (PID=11197) to work on /home/airflow/.local/lib/python3.12/site-packages/airflow/example_dags/example_task_group_decorator.py
[2026-05-02T00:10:14.294+0000] {processor.py:830} INFO - Processing file /home/airflow/.local/lib/python3.12/site-packages/airflow/example_dags/example_task_group_decorator.py for tasks to queue
[2026-05-02T00:10:14.295+0000] {logging_mixin.py:188} INFO - [2026-05-02T00:10:14.295+0000] {dagbag.py:545} INFO - Filling up the DagBag from /home/airflow/.local/lib/python3.12/site-packages/airflow/example_dags/example_task_group_decorator.py
[2026-05-02T00:10:14.300+0000] {processor.py:840} INFO - DAG(s) 'example_task_group_decorator' retrieved from /home/airflow/.local/lib/python3.12/site-packages/airflow/example_dags/example_task_group_decorator.py
[2026-05-02T00:10:14.311+0000] {logging_mixin.py:188} INFO - [2026-05-02T00:10:14.311+0000] {dag.py:3089} INFO - Sync 1 DAGs
[2026-05-02T00:10:14.319+0000] {logging_mixin.py:188} INFO - [2026-05-02T00:10:14.319+0000] {dag.py:3947} INFO - Setting next_dagrun for example_task_group_decorator to 2026-05-01 00:00:00+00:00, run_after=2026-05-02 00:00:00+00:00
[2026-05-02T00:10:14.325+0000] {processor.py:183} INFO - Processing /home/airflow/.local/lib/python3.12/site-packages/airflow/example_dags/example_task_group_decorator.py took 0.034 seconds
[2026-05-02T00:10:45.146+0000] {processor.py:161} INFO - Started process (PID=11257) to work on /home/airflow/.local/lib/python3.12/site-packages/airflow/example_dags/example_task_group_decorator.py
[2026-05-02T00:10:45.147+0000] {processor.py:830} INFO - Processing file /home/airflow/.local/lib/python3.12/site-packages/airflow/example_dags/example_task_group_decorator.py for tasks to queue
[2026-05-02T00:10:45.147+0000] {logging_mixin.py:188} INFO - [2026-05-02T00:10:45.147+0000] {dagbag.py:545} INFO - Filling up the DagBag from /home/airflow/.local/lib/python3.12/site-packages/airflow/example_dags/example_task_group_decorator.py
[2026-05-02T00:10:45.152+0000] {processor.py:840} INFO - DAG(s) 'example_task_group_decorator' retrieved from /home/airflow/.local/lib/python3.12/site-packages/airflow/example_dags/example_task_group_decorator.py
[2026-05-02T00:10:45.159+0000] {logging_mixin.py:188} INFO - [2026-05-02T00:10:45.159+0000] {dag.py:3089} INFO - Sync 1 DAGs
[2026-05-02T00:10:45.165+0000] {logging_mixin.py:188} INFO - [2026-05-02T00:10:45.165+0000] {dag.py:3947} INFO - Setting next_dagrun for example_task_group_decorator to 2026-05-01 00:00:00+00:00, run_after=2026-05-02 00:00:00+00:00
[2026-05-02T00:10:45.171+0000] {processor.py:183} INFO - Processing /home/airflow/.local/lib/python3.12/site-packages/airflow/example_dags/example_task_group_decorator.py took 0.027 seconds
[2026-05-02T00:11:15.751+0000] {processor.py:161} INFO - Started process (PID=11317) to work on /home/airflow/.local/lib/python3.12/site-packages/airflow/example_dags/example_task_group_decorator.py
[2026-05-02T00:11:15.752+0000] {processor.py:830} INFO - Processing file /home/airflow/.local/lib/python3.12/site-packages/airflow/example_dags/example_task_group_decorator.py for tasks to queue
[2026-05-02T00:11:15.753+0000] {logging_mixin.py:188} INFO - [2026-05-02T00:11:15.753+0000] {dagbag.py:545} INFO - Filling up the DagBag from /home/airflow/.local/lib/python3.12/site-packages/airflow/example_dags/example_task_group_decorator.py
[2026-05-02T00:11:15.758+0000] {processor.py:840} INFO - DAG(s) 'example_task_group_decorator' retrieved from /home/airflow/.local/lib/python3.12/site-packages/airflow/example_dags/example_task_group_decorator.py
[2026-05-02T00:11:15.772+0000] {logging_mixin.py:188} INFO - [2026-05-02T00:11:15.772+0000] {dag.py:3089} INFO - Sync 1 DAGs
[2026-05-02T00:11:15.781+0000] {logging_mixin.py:188} INFO - [2026-05-02T00:11:15.781+0000] {dag.py:3947} INFO - Setting next_dagrun for example_task_group_decorator to 2026-05-01 00:00:00+00:00, run_after=2026-05-02 00:00:00+00:00
[2026-05-02T00:11:15.790+0000] {processor.py:183} INFO - Processing /home/airflow/.local/lib/python3.12/site-packages/airflow/example_dags/example_task_group_decorator.py took 0.041 seconds
[2026-05-02T00:11:46.461+0000] {processor.py:161} INFO - Started process (PID=11377) to work on /home/airflow/.local/lib/python3.12/site-packages/airflow/example_dags/example_task_group_decorator.py
[2026-05-02T00:11:46.462+0000] {processor.py:830} INFO - Processing file /home/airflow/.local/lib/python3.12/site-packages/airflow/example_dags/example_task_group_decorator.py for tasks to queue
[2026-05-02T00:11:46.463+0000] {logging_mixin.py:188} INFO - [2026-05-02T00:11:46.462+0000] {dagbag.py:545} INFO - Filling up the DagBag from /home/airflow/.local/lib/python3.12/site-packages/airflow/example_dags/example_task_group_decorator.py
[2026-05-02T00:11:46.470+0000] {processor.py:840} INFO - DAG(s) 'example_task_group_decorator' retrieved from /home/airflow/.local/lib/python3.12/site-packages/airflow/example_dags/example_task_group_decorator.py
[2026-05-02T00:11:46.480+0000] {logging_mixin.py:188} INFO - [2026-05-02T00:11:46.480+0000] {dag.py:3089} INFO - Sync 1 DAGs
[2026-05-02T00:11:46.487+0000] {logging_mixin.py:188} INFO - [2026-05-02T00:11:46.487+0000] {dag.py:3947} INFO - Setting next_dagrun for example_task_group_decorator to 2026-05-01 00:00:00+00:00, run_after=2026-05-02 00:00:00+00:00
[2026-05-02T00:11:46.496+0000] {processor.py:183} INFO - Processing /home/airflow/.local/lib/python3.12/site-packages/airflow/example_dags/example_task_group_decorator.py took 0.037 seconds
[2026-05-02T00:12:16.936+0000] {processor.py:161} INFO - Started process (PID=11437) to work on /home/airflow/.local/lib/python3.12/site-packages/airflow/example_dags/example_task_group_decorator.py
[2026-05-02T00:12:16.938+0000] {processor.py:830} INFO - Processing file /home/airflow/.local/lib/python3.12/site-packages/airflow/example_dags/example_task_group_decorator.py for tasks to queue
[2026-05-02T00:12:16.938+0000] {logging_mixin.py:188} INFO - [2026-05-02T00:12:16.938+0000] {dagbag.py:545} INFO - Filling up the DagBag from /home/airflow/.local/lib/python3.12/site-packages/airflow/example_dags/example_task_group_decorator.py
[2026-05-02T00:12:16.944+0000] {processor.py:840} INFO - DAG(s) 'example_task_group_decorator' retrieved from /home/airflow/.local/lib/python3.12/site-packages/airflow/example_dags/example_task_group_decorator.py
[2026-05-02T00:12:16.956+0000] {logging_mixin.py:188} INFO - [2026-05-02T00:12:16.956+0000] {dag.py:3089} INFO - Sync 1 DAGs
[2026-05-02T00:12:16.964+0000] {logging_mixin.py:188} INFO - [2026-05-02T00:12:16.964+0000] {dag.py:3947} INFO - Setting next_dagrun for example_task_group_decorator to 2026-05-01 00:00:00+00:00, run_after=2026-05-02 00:00:00+00:00
[2026-05-02T00:12:16.973+0000] {processor.py:183} INFO - Processing /home/airflow/.local/lib/python3.12/site-packages/airflow/example_dags/example_task_group_decorator.py took 0.038 seconds
[2026-05-02T00:12:47.504+0000] {processor.py:161} INFO - Started process (PID=11497) to work on /home/airflow/.local/lib/python3.12/site-packages/airflow/example_dags/example_task_group_decorator.py
[2026-05-02T00:12:47.504+0000] {processor.py:830} INFO - Processing file /home/airflow/.local/lib/python3.12/site-packages/airflow/example_dags/example_task_group_decorator.py for tasks to queue
[2026-05-02T00:12:47.505+0000] {logging_mixin.py:188} INFO - [2026-05-02T00:12:47.505+0000] {dagbag.py:545} INFO - Filling up the DagBag from /home/airflow/.local/lib/python3.12/site-packages/airflow/example_dags/example_task_group_decorator.py
[2026-05-02T00:12:47.511+0000] {processor.py:840} INFO - DAG(s) 'example_task_group_decorator' retrieved from /home/airflow/.local/lib/python3.12/site-packages/airflow/example_dags/example_task_group_decorator.py
[2026-05-02T00:12:47.521+0000] {logging_mixin.py:188} INFO - [2026-05-02T00:12:47.520+0000] {dag.py:3089} INFO - Sync 1 DAGs
[2026-05-02T00:12:47.530+0000] {logging_mixin.py:188} INFO - [2026-05-02T00:12:47.530+0000] {dag.py:3947} INFO - Setting next_dagrun for example_task_group_decorator to 2026-05-01 00:00:00+00:00, run_after=2026-05-02 00:00:00+00:00
[2026-05-02T00:12:47.540+0000] {processor.py:183} INFO - Processing /home/airflow/.local/lib/python3.12/site-packages/airflow/example_dags/example_task_group_decorator.py took 0.039 seconds
[2026-05-02T00:13:18.017+0000] {processor.py:161} INFO - Started process (PID=11557) to work on /home/airflow/.local/lib/python3.12/site-packages/airflow/example_dags/example_task_group_decorator.py
[2026-05-02T00:13:18.019+0000] {processor.py:830} INFO - Processing file /home/airflow/.local/lib/python3.12/site-packages/airflow/example_dags/example_task_group_decorator.py for tasks to queue
[2026-05-02T00:13:18.020+0000] {logging_mixin.py:188} INFO - [2026-05-02T00:13:18.019+0000] {dagbag.py:545} INFO - Filling up the DagBag from /home/airflow/.local/lib/python3.12/site-packages/airflow/example_dags/example_task_group_decorator.py
[2026-05-02T00:13:18.024+0000] {processor.py:840} INFO - DAG(s) 'example_task_group_decorator' retrieved from /home/airflow/.local/lib/python3.12/site-packages/airflow/example_dags/example_task_group_decorator.py
[2026-05-02T00:13:18.036+0000] {logging_mixin.py:188} INFO - [2026-05-02T00:13:18.036+0000] {dag.py:3089} INFO - Sync 1 DAGs
[2026-05-02T00:13:18.044+0000] {logging_mixin.py:188} INFO - [2026-05-02T00:13:18.044+0000] {dag.py:3947} INFO - Setting next_dagrun for example_task_group_decorator to 2026-05-01 00:00:00+00:00, run_after=2026-05-02 00:00:00+00:00
[2026-05-02T00:13:18.056+0000] {processor.py:183} INFO - Processing /home/airflow/.local/lib/python3.12/site-packages/airflow/example_dags/example_task_group_decorator.py took 0.041 seconds
[2026-05-02T00:13:48.522+0000] {processor.py:161} INFO - Started process (PID=11617) to work on /home/airflow/.local/lib/python3.12/site-packages/airflow/example_dags/example_task_group_decorator.py
[2026-05-02T00:13:48.523+0000] {processor.py:830} INFO - Processing file /home/airflow/.local/lib/python3.12/site-packages/airflow/example_dags/example_task_group_decorator.py for tasks to queue
[2026-05-02T00:13:48.524+0000] {logging_mixin.py:188} INFO - [2026-05-02T00:13:48.524+0000] {dagbag.py:545} INFO - Filling up the DagBag from /home/airflow/.local/lib/python3.12/site-packages/airflow/example_dags/example_task_group_decorator.py
[2026-05-02T00:13:48.529+0000] {processor.py:840} INFO - DAG(s) 'example_task_group_decorator' retrieved from /home/airflow/.local/lib/python3.12/site-packages/airflow/example_dags/example_task_group_decorator.py
[2026-05-02T00:13:48.538+0000] {logging_mixin.py:188} INFO - [2026-05-02T00:13:48.537+0000] {dag.py:3089} INFO - Sync 1 DAGs
[2026-05-02T00:13:48.548+0000] {logging_mixin.py:188} INFO - [2026-05-02T00:13:48.548+0000] {dag.py:3947} INFO - Setting next_dagrun for example_task_group_decorator to 2026-05-01 00:00:00+00:00, run_after=2026-05-02 00:00:00+00:00
[2026-05-02T00:13:48.557+0000] {processor.py:183} INFO - Processing /home/airflow/.local/lib/python3.12/site-packages/airflow/example_dags/example_task_group_decorator.py took 0.037 seconds
[2026-05-02T00:14:19.074+0000] {processor.py:161} INFO - Started process (PID=11677) to work on /home/airflow/.local/lib/python3.12/site-packages/airflow/example_dags/example_task_group_decorator.py
[2026-05-02T00:14:19.075+0000] {processor.py:830} INFO - Processing file /home/airflow/.local/lib/python3.12/site-packages/airflow/example_dags/example_task_group_decorator.py for tasks to queue
[2026-05-02T00:14:19.075+0000] {logging_mixin.py:188} INFO - [2026-05-02T00:14:19.075+0000] {dagbag.py:545} INFO - Filling up the DagBag from /home/airflow/.local/lib/python3.12/site-packages/airflow/example_dags/example_task_group_decorator.py
[2026-05-02T00:14:19.083+0000] {processor.py:840} INFO - DAG(s) 'example_task_group_decorator' retrieved from /home/airflow/.local/lib/python3.12/site-packages/airflow/example_dags/example_task_group_decorator.py
[2026-05-02T00:14:19.095+0000] {logging_mixin.py:188} INFO - [2026-05-02T00:14:19.095+0000] {dag.py:3089} INFO - Sync 1 DAGs
[2026-05-02T00:14:19.102+0000] {logging_mixin.py:188} INFO - [2026-05-02T00:14:19.102+0000] {dag.py:3947} INFO - Setting next_dagrun for example_task_group_decorator to 2026-05-01 00:00:00+00:00, run_after=2026-05-02 00:00:00+00:00
[2026-05-02T00:14:19.107+0000] {processor.py:183} INFO - Processing /home/airflow/.local/lib/python3.12/site-packages/airflow/example_dags/example_task_group_decorator.py took 0.036 seconds
[2026-05-02T00:14:49.632+0000] {processor.py:161} INFO - Started process (PID=11737) to work on /home/airflow/.local/lib/python3.12/site-packages/airflow/example_dags/example_task_group_decorator.py
[2026-05-02T00:14:49.633+0000] {processor.py:830} INFO - Processing file /home/airflow/.local/lib/python3.12/site-packages/airflow/example_dags/example_task_group_decorator.py for tasks to queue
[2026-05-02T00:14:49.634+0000] {logging_mixin.py:188} INFO - [2026-05-02T00:14:49.633+0000] {dagbag.py:545} INFO - Filling up the DagBag from /home/airflow/.local/lib/python3.12/site-packages/airflow/example_dags/example_task_group_decorator.py
[2026-05-02T00:14:49.639+0000] {processor.py:840} INFO - DAG(s) 'example_task_group_decorator' retrieved from /home/airflow/.local/lib/python3.12/site-packages/airflow/example_dags/example_task_group_decorator.py
[2026-05-02T00:14:49.650+0000] {logging_mixin.py:188} INFO - [2026-05-02T00:14:49.650+0000] {dag.py:3089} INFO - Sync 1 DAGs
[2026-05-02T00:14:49.662+0000] {logging_mixin.py:188} INFO - [2026-05-02T00:14:49.662+0000] {dag.py:3947} INFO - Setting next_dagrun for example_task_group_decorator to 2026-05-01 00:00:00+00:00, run_after=2026-05-02 00:00:00+00:00
[2026-05-02T00:14:49.671+0000] {processor.py:183} INFO - Processing /home/airflow/.local/lib/python3.12/site-packages/airflow/example_dags/example_task_group_decorator.py took 0.041 seconds
[2026-05-02T00:15:20.051+0000] {processor.py:161} INFO - Started process (PID=11797) to work on /home/airflow/.local/lib/python3.12/site-packages/airflow/example_dags/example_task_group_decorator.py
[2026-05-02T00:15:20.052+0000] {processor.py:830} INFO - Processing file /home/airflow/.local/lib/python3.12/site-packages/airflow/example_dags/example_task_group_decorator.py for tasks to queue
[2026-05-02T00:15:20.053+0000] {logging_mixin.py:188} INFO - [2026-05-02T00:15:20.052+0000] {dagbag.py:545} INFO - Filling up the DagBag from /home/airflow/.local/lib/python3.12/site-packages/airflow/example_dags/example_task_group_decorator.py
[2026-05-02T00:15:20.058+0000] {processor.py:840} INFO - DAG(s) 'example_task_group_decorator' retrieved from /home/airflow/.local/lib/python3.12/site-packages/airflow/example_dags/example_task_group_decorator.py
[2026-05-02T00:15:20.075+0000] {logging_mixin.py:188} INFO - [2026-05-02T00:15:20.075+0000] {dag.py:3089} INFO - Sync 1 DAGs
[2026-05-02T00:15:20.085+0000] {logging_mixin.py:188} INFO - [2026-05-02T00:15:20.085+0000] {dag.py:3947} INFO - Setting next_dagrun for example_task_group_decorator to 2026-05-01 00:00:00+00:00, run_after=2026-05-02 00:00:00+00:00
[2026-05-02T00:15:20.100+0000] {processor.py:183} INFO - Processing /home/airflow/.local/lib/python3.12/site-packages/airflow/example_dags/example_task_group_decorator.py took 0.052 seconds
[2026-05-02T00:15:50.742+0000] {processor.py:161} INFO - Started process (PID=11857) to work on /home/airflow/.local/lib/python3.12/site-packages/airflow/example_dags/example_task_group_decorator.py
[2026-05-02T00:15:50.744+0000] {processor.py:830} INFO - Processing file /home/airflow/.local/lib/python3.12/site-packages/airflow/example_dags/example_task_group_decorator.py for tasks to queue
[2026-05-02T00:15:50.745+0000] {logging_mixin.py:188} INFO - [2026-05-02T00:15:50.745+0000] {dagbag.py:545} INFO - Filling up the DagBag from /home/airflow/.local/lib/python3.12/site-packages/airflow/example_dags/example_task_group_decorator.py
[2026-05-02T00:15:50.751+0000] {processor.py:840} INFO - DAG(s) 'example_task_group_decorator' retrieved from /home/airflow/.local/lib/python3.12/site-packages/airflow/example_dags/example_task_group_decorator.py
[2026-05-02T00:15:50.764+0000] {logging_mixin.py:188} INFO - [2026-05-02T00:15:50.764+0000] {dag.py:3089} INFO - Sync 1 DAGs
[2026-05-02T00:15:50.774+0000] {logging_mixin.py:188} INFO - [2026-05-02T00:15:50.773+0000] {dag.py:3947} INFO - Setting next_dagrun for example_task_group_decorator to 2026-05-01 00:00:00+00:00, run_after=2026-05-02 00:00:00+00:00
[2026-05-02T00:15:50.780+0000] {processor.py:183} INFO - Processing /home/airflow/.local/lib/python3.12/site-packages/airflow/example_dags/example_task_group_decorator.py took 0.040 seconds
[2026-05-02T00:16:21.216+0000] {processor.py:161} INFO - Started process (PID=11918) to work on /home/airflow/.local/lib/python3.12/site-packages/airflow/example_dags/example_task_group_decorator.py
[2026-05-02T00:16:21.217+0000] {processor.py:830} INFO - Processing file /home/airflow/.local/lib/python3.12/site-packages/airflow/example_dags/example_task_group_decorator.py for tasks to queue
[2026-05-02T00:16:21.218+0000] {logging_mixin.py:188} INFO - [2026-05-02T00:16:21.218+0000] {dagbag.py:545} INFO - Filling up the DagBag from /home/airflow/.local/lib/python3.12/site-packages/airflow/example_dags/example_task_group_decorator.py
[2026-05-02T00:16:21.224+0000] {processor.py:840} INFO - DAG(s) 'example_task_group_decorator' retrieved from /home/airflow/.local/lib/python3.12/site-packages/airflow/example_dags/example_task_group_decorator.py
[2026-05-02T00:16:21.236+0000] {logging_mixin.py:188} INFO - [2026-05-02T00:16:21.236+0000] {dag.py:3089} INFO - Sync 1 DAGs
[2026-05-02T00:16:21.243+0000] {logging_mixin.py:188} INFO - [2026-05-02T00:16:21.243+0000] {dag.py:3947} INFO - Setting next_dagrun for example_task_group_decorator to 2026-05-01 00:00:00+00:00, run_after=2026-05-02 00:00:00+00:00
[2026-05-02T00:16:21.249+0000] {processor.py:183} INFO - Processing /home/airflow/.local/lib/python3.12/site-packages/airflow/example_dags/example_task_group_decorator.py took 0.035 seconds
[2026-05-02T00:16:51.862+0000] {processor.py:161} INFO - Started process (PID=11978) to work on /home/airflow/.local/lib/python3.12/site-packages/airflow/example_dags/example_task_group_decorator.py
[2026-05-02T00:16:51.862+0000] {processor.py:830} INFO - Processing file /home/airflow/.local/lib/python3.12/site-packages/airflow/example_dags/example_task_group_decorator.py for tasks to queue
[2026-05-02T00:16:51.863+0000] {logging_mixin.py:188} INFO - [2026-05-02T00:16:51.863+0000] {dagbag.py:545} INFO - Filling up the DagBag from /home/airflow/.local/lib/python3.12/site-packages/airflow/example_dags/example_task_group_decorator.py
[2026-05-02T00:16:51.871+0000] {processor.py:840} INFO - DAG(s) 'example_task_group_decorator' retrieved from /home/airflow/.local/lib/python3.12/site-packages/airflow/example_dags/example_task_group_decorator.py
[2026-05-02T00:16:51.880+0000] {logging_mixin.py:188} INFO - [2026-05-02T00:16:51.880+0000] {dag.py:3089} INFO - Sync 1 DAGs
[2026-05-02T00:16:51.890+0000] {logging_mixin.py:188} INFO - [2026-05-02T00:16:51.890+0000] {dag.py:3947} INFO - Setting next_dagrun for example_task_group_decorator to 2026-05-01 00:00:00+00:00, run_after=2026-05-02 00:00:00+00:00
[2026-05-02T00:16:51.902+0000] {processor.py:183} INFO - Processing /home/airflow/.local/lib/python3.12/site-packages/airflow/example_dags/example_task_group_decorator.py took 0.043 seconds
[2026-05-02T00:17:22.509+0000] {processor.py:161} INFO - Started process (PID=12038) to work on /home/airflow/.local/lib/python3.12/site-packages/airflow/example_dags/example_task_group_decorator.py
[2026-05-02T00:17:22.510+0000] {processor.py:830} INFO - Processing file /home/airflow/.local/lib/python3.12/site-packages/airflow/example_dags/example_task_group_decorator.py for tasks to queue
[2026-05-02T00:17:22.512+0000] {logging_mixin.py:188} INFO - [2026-05-02T00:17:22.512+0000] {dagbag.py:545} INFO - Filling up the DagBag from /home/airflow/.local/lib/python3.12/site-packages/airflow/example_dags/example_task_group_decorator.py
[2026-05-02T00:17:22.518+0000] {processor.py:840} INFO - DAG(s) 'example_task_group_decorator' retrieved from /home/airflow/.local/lib/python3.12/site-packages/airflow/example_dags/example_task_group_decorator.py
[2026-05-02T00:17:22.530+0000] {logging_mixin.py:188} INFO - [2026-05-02T00:17:22.530+0000] {dag.py:3089} INFO - Sync 1 DAGs
[2026-05-02T00:17:22.541+0000] {logging_mixin.py:188} INFO - [2026-05-02T00:17:22.541+0000] {dag.py:3947} INFO - Setting next_dagrun for example_task_group_decorator to 2026-05-01 00:00:00+00:00, run_after=2026-05-02 00:00:00+00:00
[2026-05-02T00:17:22.555+0000] {processor.py:183} INFO - Processing /home/airflow/.local/lib/python3.12/site-packages/airflow/example_dags/example_task_group_decorator.py took 0.048 seconds
[2026-05-02T00:17:53.132+0000] {processor.py:161} INFO - Started process (PID=12098) to work on /home/airflow/.local/lib/python3.12/site-packages/airflow/example_dags/example_task_group_decorator.py
[2026-05-02T00:17:53.133+0000] {processor.py:830} INFO - Processing file /home/airflow/.local/lib/python3.12/site-packages/airflow/example_dags/example_task_group_decorator.py for tasks to queue
[2026-05-02T00:17:53.134+0000] {logging_mixin.py:188} INFO - [2026-05-02T00:17:53.134+0000] {dagbag.py:545} INFO - Filling up the DagBag from /home/airflow/.local/lib/python3.12/site-packages/airflow/example_dags/example_task_group_decorator.py
[2026-05-02T00:17:53.139+0000] {processor.py:840} INFO - DAG(s) 'example_task_group_decorator' retrieved from /home/airflow/.local/lib/python3.12/site-packages/airflow/example_dags/example_task_group_decorator.py
[2026-05-02T00:17:53.148+0000] {logging_mixin.py:188} INFO - [2026-05-02T00:17:53.148+0000] {dag.py:3089} INFO - Sync 1 DAGs
[2026-05-02T00:17:53.159+0000] {logging_mixin.py:188} INFO - [2026-05-02T00:17:53.159+0000] {dag.py:3947} INFO - Setting next_dagrun for example_task_group_decorator to 2026-05-01 00:00:00+00:00, run_after=2026-05-02 00:00:00+00:00
[2026-05-02T00:17:53.168+0000] {processor.py:183} INFO - Processing /home/airflow/.local/lib/python3.12/site-packages/airflow/example_dags/example_task_group_decorator.py took 0.039 seconds
