[2026-05-02T00:07:39.154+0000] {processor.py:161} INFO - Started process (PID=10877) to work on /home/airflow/.local/lib/python3.12/site-packages/airflow/example_dags/example_skip_dag.py
[2026-05-02T00:07:39.155+0000] {processor.py:830} INFO - Processing file /home/airflow/.local/lib/python3.12/site-packages/airflow/example_dags/example_skip_dag.py for tasks to queue
[2026-05-02T00:07:39.155+0000] {logging_mixin.py:188} INFO - [2026-05-02T00:07:39.155+0000] {dagbag.py:545} INFO - Filling up the DagBag from /home/airflow/.local/lib/python3.12/site-packages/airflow/example_dags/example_skip_dag.py
[2026-05-02T00:07:39.158+0000] {processor.py:840} INFO - DAG(s) 'example_skip_dag' retrieved from /home/airflow/.local/lib/python3.12/site-packages/airflow/example_dags/example_skip_dag.py
[2026-05-02T00:07:39.168+0000] {logging_mixin.py:188} INFO - [2026-05-02T00:07:39.168+0000] {dag.py:3089} INFO - Sync 1 DAGs
[2026-05-02T00:07:39.179+0000] {logging_mixin.py:188} INFO - [2026-05-02T00:07:39.179+0000] {dag.py:3947} INFO - Setting next_dagrun for example_skip_dag to 2026-05-01 00:00:00+00:00, run_after=2026-05-02 00:00:00+00:00
[2026-05-02T00:07:39.187+0000] {processor.py:183} INFO - Processing /home/airflow/.local/lib/python3.12/site-packages/airflow/example_dags/example_skip_dag.py took 0.035 seconds
[2026-05-02T00:08:09.948+0000] {processor.py:161} INFO - Started process (PID=10937) to work on /home/airflow/.local/lib/python3.12/site-packages/airflow/example_dags/example_skip_dag.py
[2026-05-02T00:08:09.949+0000] {processor.py:830} INFO - Processing file /home/airflow/.local/lib/python3.12/site-packages/airflow/example_dags/example_skip_dag.py for tasks to queue
[2026-05-02T00:08:09.950+0000] {logging_mixin.py:188} INFO - [2026-05-02T00:08:09.949+0000] {dagbag.py:545} INFO - Filling up the DagBag from /home/airflow/.local/lib/python3.12/site-packages/airflow/example_dags/example_skip_dag.py
[2026-05-02T00:08:09.952+0000] {processor.py:840} INFO - DAG(s) 'example_skip_dag' retrieved from /home/airflow/.local/lib/python3.12/site-packages/airflow/example_dags/example_skip_dag.py
[2026-05-02T00:08:09.966+0000] {logging_mixin.py:188} INFO - [2026-05-02T00:08:09.966+0000] {dag.py:3089} INFO - Sync 1 DAGs
[2026-05-02T00:08:09.976+0000] {logging_mixin.py:188} INFO - [2026-05-02T00:08:09.976+0000] {dag.py:3947} INFO - Setting next_dagrun for example_skip_dag to 2026-05-01 00:00:00+00:00, run_after=2026-05-02 00:00:00+00:00
[2026-05-02T00:08:09.982+0000] {processor.py:183} INFO - Processing /home/airflow/.local/lib/python3.12/site-packages/airflow/example_dags/example_skip_dag.py took 0.037 seconds
[2026-05-02T00:08:40.586+0000] {processor.py:161} INFO - Started process (PID=10997) to work on /home/airflow/.local/lib/python3.12/site-packages/airflow/example_dags/example_skip_dag.py
[2026-05-02T00:08:40.587+0000] {processor.py:830} INFO - Processing file /home/airflow/.local/lib/python3.12/site-packages/airflow/example_dags/example_skip_dag.py for tasks to queue
[2026-05-02T00:08:40.588+0000] {logging_mixin.py:188} INFO - [2026-05-02T00:08:40.588+0000] {dagbag.py:545} INFO - Filling up the DagBag from /home/airflow/.local/lib/python3.12/site-packages/airflow/example_dags/example_skip_dag.py
[2026-05-02T00:08:40.590+0000] {processor.py:840} INFO - DAG(s) 'example_skip_dag' retrieved from /home/airflow/.local/lib/python3.12/site-packages/airflow/example_dags/example_skip_dag.py
[2026-05-02T00:08:40.599+0000] {logging_mixin.py:188} INFO - [2026-05-02T00:08:40.599+0000] {dag.py:3089} INFO - Sync 1 DAGs
[2026-05-02T00:08:40.606+0000] {logging_mixin.py:188} INFO - [2026-05-02T00:08:40.606+0000] {dag.py:3947} INFO - Setting next_dagrun for example_skip_dag to 2026-05-01 00:00:00+00:00, run_after=2026-05-02 00:00:00+00:00
[2026-05-02T00:08:40.618+0000] {processor.py:183} INFO - Processing /home/airflow/.local/lib/python3.12/site-packages/airflow/example_dags/example_skip_dag.py took 0.034 seconds
[2026-05-02T00:09:11.267+0000] {processor.py:161} INFO - Started process (PID=11057) to work on /home/airflow/.local/lib/python3.12/site-packages/airflow/example_dags/example_skip_dag.py
[2026-05-02T00:09:11.268+0000] {processor.py:830} INFO - Processing file /home/airflow/.local/lib/python3.12/site-packages/airflow/example_dags/example_skip_dag.py for tasks to queue
[2026-05-02T00:09:11.269+0000] {logging_mixin.py:188} INFO - [2026-05-02T00:09:11.269+0000] {dagbag.py:545} INFO - Filling up the DagBag from /home/airflow/.local/lib/python3.12/site-packages/airflow/example_dags/example_skip_dag.py
[2026-05-02T00:09:11.271+0000] {processor.py:840} INFO - DAG(s) 'example_skip_dag' retrieved from /home/airflow/.local/lib/python3.12/site-packages/airflow/example_dags/example_skip_dag.py
[2026-05-02T00:09:11.282+0000] {logging_mixin.py:188} INFO - [2026-05-02T00:09:11.282+0000] {dag.py:3089} INFO - Sync 1 DAGs
[2026-05-02T00:09:11.292+0000] {logging_mixin.py:188} INFO - [2026-05-02T00:09:11.292+0000] {dag.py:3947} INFO - Setting next_dagrun for example_skip_dag to 2026-05-01 00:00:00+00:00, run_after=2026-05-02 00:00:00+00:00
[2026-05-02T00:09:11.301+0000] {processor.py:183} INFO - Processing /home/airflow/.local/lib/python3.12/site-packages/airflow/example_dags/example_skip_dag.py took 0.036 seconds
[2026-05-02T00:09:42.241+0000] {processor.py:161} INFO - Started process (PID=11117) to work on /home/airflow/.local/lib/python3.12/site-packages/airflow/example_dags/example_skip_dag.py
[2026-05-02T00:09:42.242+0000] {processor.py:830} INFO - Processing file /home/airflow/.local/lib/python3.12/site-packages/airflow/example_dags/example_skip_dag.py for tasks to queue
[2026-05-02T00:09:42.243+0000] {logging_mixin.py:188} INFO - [2026-05-02T00:09:42.243+0000] {dagbag.py:545} INFO - Filling up the DagBag from /home/airflow/.local/lib/python3.12/site-packages/airflow/example_dags/example_skip_dag.py
[2026-05-02T00:09:42.246+0000] {processor.py:840} INFO - DAG(s) 'example_skip_dag' retrieved from /home/airflow/.local/lib/python3.12/site-packages/airflow/example_dags/example_skip_dag.py
[2026-05-02T00:09:42.256+0000] {logging_mixin.py:188} INFO - [2026-05-02T00:09:42.256+0000] {dag.py:3089} INFO - Sync 1 DAGs
[2026-05-02T00:09:42.264+0000] {logging_mixin.py:188} INFO - [2026-05-02T00:09:42.264+0000] {dag.py:3947} INFO - Setting next_dagrun for example_skip_dag to 2026-05-01 00:00:00+00:00, run_after=2026-05-02 00:00:00+00:00
[2026-05-02T00:09:42.271+0000] {processor.py:183} INFO - Processing /home/airflow/.local/lib/python3.12/site-packages/airflow/example_dags/example_skip_dag.py took 0.034 seconds
[2026-05-02T00:10:13.601+0000] {processor.py:161} INFO - Started process (PID=11177) to work on /home/airflow/.local/lib/python3.12/site-packages/airflow/example_dags/example_skip_dag.py
[2026-05-02T00:10:13.602+0000] {processor.py:830} INFO - Processing file /home/airflow/.local/lib/python3.12/site-packages/airflow/example_dags/example_skip_dag.py for tasks to queue
[2026-05-02T00:10:13.602+0000] {logging_mixin.py:188} INFO - [2026-05-02T00:10:13.602+0000] {dagbag.py:545} INFO - Filling up the DagBag from /home/airflow/.local/lib/python3.12/site-packages/airflow/example_dags/example_skip_dag.py
[2026-05-02T00:10:13.605+0000] {processor.py:840} INFO - DAG(s) 'example_skip_dag' retrieved from /home/airflow/.local/lib/python3.12/site-packages/airflow/example_dags/example_skip_dag.py
[2026-05-02T00:10:13.613+0000] {logging_mixin.py:188} INFO - [2026-05-02T00:10:13.613+0000] {dag.py:3089} INFO - Sync 1 DAGs
[2026-05-02T00:10:13.695+0000] {logging_mixin.py:188} INFO - [2026-05-02T00:10:13.694+0000] {dag.py:3947} INFO - Setting next_dagrun for example_skip_dag to 2026-05-01 00:00:00+00:00, run_after=2026-05-02 00:00:00+00:00
[2026-05-02T00:10:13.704+0000] {processor.py:183} INFO - Processing /home/airflow/.local/lib/python3.12/site-packages/airflow/example_dags/example_skip_dag.py took 0.105 seconds
[2026-05-02T00:10:44.011+0000] {processor.py:161} INFO - Started process (PID=11237) to work on /home/airflow/.local/lib/python3.12/site-packages/airflow/example_dags/example_skip_dag.py
[2026-05-02T00:10:44.012+0000] {processor.py:830} INFO - Processing file /home/airflow/.local/lib/python3.12/site-packages/airflow/example_dags/example_skip_dag.py for tasks to queue
[2026-05-02T00:10:44.013+0000] {logging_mixin.py:188} INFO - [2026-05-02T00:10:44.013+0000] {dagbag.py:545} INFO - Filling up the DagBag from /home/airflow/.local/lib/python3.12/site-packages/airflow/example_dags/example_skip_dag.py
[2026-05-02T00:10:44.015+0000] {processor.py:840} INFO - DAG(s) 'example_skip_dag' retrieved from /home/airflow/.local/lib/python3.12/site-packages/airflow/example_dags/example_skip_dag.py
[2026-05-02T00:10:44.024+0000] {logging_mixin.py:188} INFO - [2026-05-02T00:10:44.023+0000] {dag.py:3089} INFO - Sync 1 DAGs
[2026-05-02T00:10:44.103+0000] {logging_mixin.py:188} INFO - [2026-05-02T00:10:44.103+0000] {dag.py:3947} INFO - Setting next_dagrun for example_skip_dag to 2026-05-01 00:00:00+00:00, run_after=2026-05-02 00:00:00+00:00
[2026-05-02T00:10:44.111+0000] {processor.py:183} INFO - Processing /home/airflow/.local/lib/python3.12/site-packages/airflow/example_dags/example_skip_dag.py took 0.102 seconds
[2026-05-02T00:11:14.236+0000] {processor.py:161} INFO - Started process (PID=11297) to work on /home/airflow/.local/lib/python3.12/site-packages/airflow/example_dags/example_skip_dag.py
[2026-05-02T00:11:14.236+0000] {processor.py:830} INFO - Processing file /home/airflow/.local/lib/python3.12/site-packages/airflow/example_dags/example_skip_dag.py for tasks to queue
[2026-05-02T00:11:14.238+0000] {logging_mixin.py:188} INFO - [2026-05-02T00:11:14.237+0000] {dagbag.py:545} INFO - Filling up the DagBag from /home/airflow/.local/lib/python3.12/site-packages/airflow/example_dags/example_skip_dag.py
[2026-05-02T00:11:14.241+0000] {processor.py:840} INFO - DAG(s) 'example_skip_dag' retrieved from /home/airflow/.local/lib/python3.12/site-packages/airflow/example_dags/example_skip_dag.py
[2026-05-02T00:11:14.248+0000] {logging_mixin.py:188} INFO - [2026-05-02T00:11:14.248+0000] {dag.py:3089} INFO - Sync 1 DAGs
[2026-05-02T00:11:14.259+0000] {logging_mixin.py:188} INFO - [2026-05-02T00:11:14.259+0000] {dag.py:3947} INFO - Setting next_dagrun for example_skip_dag to 2026-05-01 00:00:00+00:00, run_after=2026-05-02 00:00:00+00:00
[2026-05-02T00:11:14.272+0000] {processor.py:183} INFO - Processing /home/airflow/.local/lib/python3.12/site-packages/airflow/example_dags/example_skip_dag.py took 0.039 seconds
[2026-05-02T00:11:44.875+0000] {processor.py:161} INFO - Started process (PID=11357) to work on /home/airflow/.local/lib/python3.12/site-packages/airflow/example_dags/example_skip_dag.py
[2026-05-02T00:11:44.876+0000] {processor.py:830} INFO - Processing file /home/airflow/.local/lib/python3.12/site-packages/airflow/example_dags/example_skip_dag.py for tasks to queue
[2026-05-02T00:11:44.877+0000] {logging_mixin.py:188} INFO - [2026-05-02T00:11:44.877+0000] {dagbag.py:545} INFO - Filling up the DagBag from /home/airflow/.local/lib/python3.12/site-packages/airflow/example_dags/example_skip_dag.py
[2026-05-02T00:11:44.879+0000] {processor.py:840} INFO - DAG(s) 'example_skip_dag' retrieved from /home/airflow/.local/lib/python3.12/site-packages/airflow/example_dags/example_skip_dag.py
[2026-05-02T00:11:44.892+0000] {logging_mixin.py:188} INFO - [2026-05-02T00:11:44.892+0000] {dag.py:3089} INFO - Sync 1 DAGs
[2026-05-02T00:11:44.902+0000] {logging_mixin.py:188} INFO - [2026-05-02T00:11:44.902+0000] {dag.py:3947} INFO - Setting next_dagrun for example_skip_dag to 2026-05-01 00:00:00+00:00, run_after=2026-05-02 00:00:00+00:00
[2026-05-02T00:11:44.919+0000] {processor.py:183} INFO - Processing /home/airflow/.local/lib/python3.12/site-packages/airflow/example_dags/example_skip_dag.py took 0.046 seconds
[2026-05-02T00:12:15.462+0000] {processor.py:161} INFO - Started process (PID=11418) to work on /home/airflow/.local/lib/python3.12/site-packages/airflow/example_dags/example_skip_dag.py
[2026-05-02T00:12:15.462+0000] {processor.py:830} INFO - Processing file /home/airflow/.local/lib/python3.12/site-packages/airflow/example_dags/example_skip_dag.py for tasks to queue
[2026-05-02T00:12:15.463+0000] {logging_mixin.py:188} INFO - [2026-05-02T00:12:15.463+0000] {dagbag.py:545} INFO - Filling up the DagBag from /home/airflow/.local/lib/python3.12/site-packages/airflow/example_dags/example_skip_dag.py
[2026-05-02T00:12:15.466+0000] {processor.py:840} INFO - DAG(s) 'example_skip_dag' retrieved from /home/airflow/.local/lib/python3.12/site-packages/airflow/example_dags/example_skip_dag.py
[2026-05-02T00:12:15.475+0000] {logging_mixin.py:188} INFO - [2026-05-02T00:12:15.475+0000] {dag.py:3089} INFO - Sync 1 DAGs
[2026-05-02T00:12:15.482+0000] {logging_mixin.py:188} INFO - [2026-05-02T00:12:15.482+0000] {dag.py:3947} INFO - Setting next_dagrun for example_skip_dag to 2026-05-01 00:00:00+00:00, run_after=2026-05-02 00:00:00+00:00
[2026-05-02T00:12:15.491+0000] {processor.py:183} INFO - Processing /home/airflow/.local/lib/python3.12/site-packages/airflow/example_dags/example_skip_dag.py took 0.031 seconds
[2026-05-02T00:12:46.012+0000] {processor.py:161} INFO - Started process (PID=11477) to work on /home/airflow/.local/lib/python3.12/site-packages/airflow/example_dags/example_skip_dag.py
[2026-05-02T00:12:46.013+0000] {processor.py:830} INFO - Processing file /home/airflow/.local/lib/python3.12/site-packages/airflow/example_dags/example_skip_dag.py for tasks to queue
[2026-05-02T00:12:46.014+0000] {logging_mixin.py:188} INFO - [2026-05-02T00:12:46.014+0000] {dagbag.py:545} INFO - Filling up the DagBag from /home/airflow/.local/lib/python3.12/site-packages/airflow/example_dags/example_skip_dag.py
[2026-05-02T00:12:46.017+0000] {processor.py:840} INFO - DAG(s) 'example_skip_dag' retrieved from /home/airflow/.local/lib/python3.12/site-packages/airflow/example_dags/example_skip_dag.py
[2026-05-02T00:12:46.026+0000] {logging_mixin.py:188} INFO - [2026-05-02T00:12:46.026+0000] {dag.py:3089} INFO - Sync 1 DAGs
[2026-05-02T00:12:46.033+0000] {logging_mixin.py:188} INFO - [2026-05-02T00:12:46.033+0000] {dag.py:3947} INFO - Setting next_dagrun for example_skip_dag to 2026-05-01 00:00:00+00:00, run_after=2026-05-02 00:00:00+00:00
[2026-05-02T00:12:46.041+0000] {processor.py:183} INFO - Processing /home/airflow/.local/lib/python3.12/site-packages/airflow/example_dags/example_skip_dag.py took 0.031 seconds
[2026-05-02T00:13:16.524+0000] {processor.py:161} INFO - Started process (PID=11537) to work on /home/airflow/.local/lib/python3.12/site-packages/airflow/example_dags/example_skip_dag.py
[2026-05-02T00:13:16.525+0000] {processor.py:830} INFO - Processing file /home/airflow/.local/lib/python3.12/site-packages/airflow/example_dags/example_skip_dag.py for tasks to queue
[2026-05-02T00:13:16.526+0000] {logging_mixin.py:188} INFO - [2026-05-02T00:13:16.526+0000] {dagbag.py:545} INFO - Filling up the DagBag from /home/airflow/.local/lib/python3.12/site-packages/airflow/example_dags/example_skip_dag.py
[2026-05-02T00:13:16.528+0000] {processor.py:840} INFO - DAG(s) 'example_skip_dag' retrieved from /home/airflow/.local/lib/python3.12/site-packages/airflow/example_dags/example_skip_dag.py
[2026-05-02T00:13:16.538+0000] {logging_mixin.py:188} INFO - [2026-05-02T00:13:16.538+0000] {dag.py:3089} INFO - Sync 1 DAGs
[2026-05-02T00:13:16.548+0000] {logging_mixin.py:188} INFO - [2026-05-02T00:13:16.548+0000] {dag.py:3947} INFO - Setting next_dagrun for example_skip_dag to 2026-05-01 00:00:00+00:00, run_after=2026-05-02 00:00:00+00:00
[2026-05-02T00:13:16.556+0000] {processor.py:183} INFO - Processing /home/airflow/.local/lib/python3.12/site-packages/airflow/example_dags/example_skip_dag.py took 0.034 seconds
[2026-05-02T00:13:47.034+0000] {processor.py:161} INFO - Started process (PID=11597) to work on /home/airflow/.local/lib/python3.12/site-packages/airflow/example_dags/example_skip_dag.py
[2026-05-02T00:13:47.036+0000] {processor.py:830} INFO - Processing file /home/airflow/.local/lib/python3.12/site-packages/airflow/example_dags/example_skip_dag.py for tasks to queue
[2026-05-02T00:13:47.037+0000] {logging_mixin.py:188} INFO - [2026-05-02T00:13:47.037+0000] {dagbag.py:545} INFO - Filling up the DagBag from /home/airflow/.local/lib/python3.12/site-packages/airflow/example_dags/example_skip_dag.py
[2026-05-02T00:13:47.040+0000] {processor.py:840} INFO - DAG(s) 'example_skip_dag' retrieved from /home/airflow/.local/lib/python3.12/site-packages/airflow/example_dags/example_skip_dag.py
[2026-05-02T00:13:47.052+0000] {logging_mixin.py:188} INFO - [2026-05-02T00:13:47.052+0000] {dag.py:3089} INFO - Sync 1 DAGs
[2026-05-02T00:13:47.060+0000] {logging_mixin.py:188} INFO - [2026-05-02T00:13:47.059+0000] {dag.py:3947} INFO - Setting next_dagrun for example_skip_dag to 2026-05-01 00:00:00+00:00, run_after=2026-05-02 00:00:00+00:00
[2026-05-02T00:13:47.067+0000] {processor.py:183} INFO - Processing /home/airflow/.local/lib/python3.12/site-packages/airflow/example_dags/example_skip_dag.py took 0.034 seconds
[2026-05-02T00:14:17.614+0000] {processor.py:161} INFO - Started process (PID=11657) to work on /home/airflow/.local/lib/python3.12/site-packages/airflow/example_dags/example_skip_dag.py
[2026-05-02T00:14:17.615+0000] {processor.py:830} INFO - Processing file /home/airflow/.local/lib/python3.12/site-packages/airflow/example_dags/example_skip_dag.py for tasks to queue
[2026-05-02T00:14:17.615+0000] {logging_mixin.py:188} INFO - [2026-05-02T00:14:17.615+0000] {dagbag.py:545} INFO - Filling up the DagBag from /home/airflow/.local/lib/python3.12/site-packages/airflow/example_dags/example_skip_dag.py
[2026-05-02T00:14:17.618+0000] {processor.py:840} INFO - DAG(s) 'example_skip_dag' retrieved from /home/airflow/.local/lib/python3.12/site-packages/airflow/example_dags/example_skip_dag.py
[2026-05-02T00:14:17.626+0000] {logging_mixin.py:188} INFO - [2026-05-02T00:14:17.626+0000] {dag.py:3089} INFO - Sync 1 DAGs
[2026-05-02T00:14:17.634+0000] {logging_mixin.py:188} INFO - [2026-05-02T00:14:17.633+0000] {dag.py:3947} INFO - Setting next_dagrun for example_skip_dag to 2026-05-01 00:00:00+00:00, run_after=2026-05-02 00:00:00+00:00
[2026-05-02T00:14:17.641+0000] {processor.py:183} INFO - Processing /home/airflow/.local/lib/python3.12/site-packages/airflow/example_dags/example_skip_dag.py took 0.030 seconds
[2026-05-02T00:14:48.133+0000] {processor.py:161} INFO - Started process (PID=11717) to work on /home/airflow/.local/lib/python3.12/site-packages/airflow/example_dags/example_skip_dag.py
[2026-05-02T00:14:48.134+0000] {processor.py:830} INFO - Processing file /home/airflow/.local/lib/python3.12/site-packages/airflow/example_dags/example_skip_dag.py for tasks to queue
[2026-05-02T00:14:48.135+0000] {logging_mixin.py:188} INFO - [2026-05-02T00:14:48.135+0000] {dagbag.py:545} INFO - Filling up the DagBag from /home/airflow/.local/lib/python3.12/site-packages/airflow/example_dags/example_skip_dag.py
[2026-05-02T00:14:48.137+0000] {processor.py:840} INFO - DAG(s) 'example_skip_dag' retrieved from /home/airflow/.local/lib/python3.12/site-packages/airflow/example_dags/example_skip_dag.py
[2026-05-02T00:14:48.147+0000] {logging_mixin.py:188} INFO - [2026-05-02T00:14:48.147+0000] {dag.py:3089} INFO - Sync 1 DAGs
[2026-05-02T00:14:48.156+0000] {logging_mixin.py:188} INFO - [2026-05-02T00:14:48.156+0000] {dag.py:3947} INFO - Setting next_dagrun for example_skip_dag to 2026-05-01 00:00:00+00:00, run_after=2026-05-02 00:00:00+00:00
[2026-05-02T00:14:48.168+0000] {processor.py:183} INFO - Processing /home/airflow/.local/lib/python3.12/site-packages/airflow/example_dags/example_skip_dag.py took 0.037 seconds
[2026-05-02T00:15:19.148+0000] {processor.py:161} INFO - Started process (PID=11777) to work on /home/airflow/.local/lib/python3.12/site-packages/airflow/example_dags/example_skip_dag.py
[2026-05-02T00:15:19.149+0000] {processor.py:830} INFO - Processing file /home/airflow/.local/lib/python3.12/site-packages/airflow/example_dags/example_skip_dag.py for tasks to queue
[2026-05-02T00:15:19.150+0000] {logging_mixin.py:188} INFO - [2026-05-02T00:15:19.150+0000] {dagbag.py:545} INFO - Filling up the DagBag from /home/airflow/.local/lib/python3.12/site-packages/airflow/example_dags/example_skip_dag.py
[2026-05-02T00:15:19.153+0000] {processor.py:840} INFO - DAG(s) 'example_skip_dag' retrieved from /home/airflow/.local/lib/python3.12/site-packages/airflow/example_dags/example_skip_dag.py
[2026-05-02T00:15:19.165+0000] {logging_mixin.py:188} INFO - [2026-05-02T00:15:19.165+0000] {dag.py:3089} INFO - Sync 1 DAGs
[2026-05-02T00:15:19.176+0000] {logging_mixin.py:188} INFO - [2026-05-02T00:15:19.175+0000] {dag.py:3947} INFO - Setting next_dagrun for example_skip_dag to 2026-05-01 00:00:00+00:00, run_after=2026-05-02 00:00:00+00:00
[2026-05-02T00:15:19.183+0000] {processor.py:183} INFO - Processing /home/airflow/.local/lib/python3.12/site-packages/airflow/example_dags/example_skip_dag.py took 0.038 seconds
[2026-05-02T00:15:49.236+0000] {processor.py:161} INFO - Started process (PID=11837) to work on /home/airflow/.local/lib/python3.12/site-packages/airflow/example_dags/example_skip_dag.py
[2026-05-02T00:15:49.238+0000] {processor.py:830} INFO - Processing file /home/airflow/.local/lib/python3.12/site-packages/airflow/example_dags/example_skip_dag.py for tasks to queue
[2026-05-02T00:15:49.238+0000] {logging_mixin.py:188} INFO - [2026-05-02T00:15:49.238+0000] {dagbag.py:545} INFO - Filling up the DagBag from /home/airflow/.local/lib/python3.12/site-packages/airflow/example_dags/example_skip_dag.py
[2026-05-02T00:15:49.241+0000] {processor.py:840} INFO - DAG(s) 'example_skip_dag' retrieved from /home/airflow/.local/lib/python3.12/site-packages/airflow/example_dags/example_skip_dag.py
[2026-05-02T00:15:49.253+0000] {logging_mixin.py:188} INFO - [2026-05-02T00:15:49.253+0000] {dag.py:3089} INFO - Sync 1 DAGs
[2026-05-02T00:15:49.262+0000] {logging_mixin.py:188} INFO - [2026-05-02T00:15:49.262+0000] {dag.py:3947} INFO - Setting next_dagrun for example_skip_dag to 2026-05-01 00:00:00+00:00, run_after=2026-05-02 00:00:00+00:00
[2026-05-02T00:15:49.270+0000] {processor.py:183} INFO - Processing /home/airflow/.local/lib/python3.12/site-packages/airflow/example_dags/example_skip_dag.py took 0.036 seconds
[2026-05-02T00:16:19.727+0000] {processor.py:161} INFO - Started process (PID=11898) to work on /home/airflow/.local/lib/python3.12/site-packages/airflow/example_dags/example_skip_dag.py
[2026-05-02T00:16:19.727+0000] {processor.py:830} INFO - Processing file /home/airflow/.local/lib/python3.12/site-packages/airflow/example_dags/example_skip_dag.py for tasks to queue
[2026-05-02T00:16:19.729+0000] {logging_mixin.py:188} INFO - [2026-05-02T00:16:19.728+0000] {dagbag.py:545} INFO - Filling up the DagBag from /home/airflow/.local/lib/python3.12/site-packages/airflow/example_dags/example_skip_dag.py
[2026-05-02T00:16:19.731+0000] {processor.py:840} INFO - DAG(s) 'example_skip_dag' retrieved from /home/airflow/.local/lib/python3.12/site-packages/airflow/example_dags/example_skip_dag.py
[2026-05-02T00:16:19.741+0000] {logging_mixin.py:188} INFO - [2026-05-02T00:16:19.741+0000] {dag.py:3089} INFO - Sync 1 DAGs
[2026-05-02T00:16:19.749+0000] {logging_mixin.py:188} INFO - [2026-05-02T00:16:19.749+0000] {dag.py:3947} INFO - Setting next_dagrun for example_skip_dag to 2026-05-01 00:00:00+00:00, run_after=2026-05-02 00:00:00+00:00
[2026-05-02T00:16:19.758+0000] {processor.py:183} INFO - Processing /home/airflow/.local/lib/python3.12/site-packages/airflow/example_dags/example_skip_dag.py took 0.034 seconds
[2026-05-02T00:16:50.355+0000] {processor.py:161} INFO - Started process (PID=11958) to work on /home/airflow/.local/lib/python3.12/site-packages/airflow/example_dags/example_skip_dag.py
[2026-05-02T00:16:50.356+0000] {processor.py:830} INFO - Processing file /home/airflow/.local/lib/python3.12/site-packages/airflow/example_dags/example_skip_dag.py for tasks to queue
[2026-05-02T00:16:50.357+0000] {logging_mixin.py:188} INFO - [2026-05-02T00:16:50.357+0000] {dagbag.py:545} INFO - Filling up the DagBag from /home/airflow/.local/lib/python3.12/site-packages/airflow/example_dags/example_skip_dag.py
[2026-05-02T00:16:50.360+0000] {processor.py:840} INFO - DAG(s) 'example_skip_dag' retrieved from /home/airflow/.local/lib/python3.12/site-packages/airflow/example_dags/example_skip_dag.py
[2026-05-02T00:16:50.372+0000] {logging_mixin.py:188} INFO - [2026-05-02T00:16:50.371+0000] {dag.py:3089} INFO - Sync 1 DAGs
[2026-05-02T00:16:50.379+0000] {logging_mixin.py:188} INFO - [2026-05-02T00:16:50.379+0000] {dag.py:3947} INFO - Setting next_dagrun for example_skip_dag to 2026-05-01 00:00:00+00:00, run_after=2026-05-02 00:00:00+00:00
[2026-05-02T00:16:50.387+0000] {processor.py:183} INFO - Processing /home/airflow/.local/lib/python3.12/site-packages/airflow/example_dags/example_skip_dag.py took 0.034 seconds
[2026-05-02T00:17:20.948+0000] {processor.py:161} INFO - Started process (PID=12018) to work on /home/airflow/.local/lib/python3.12/site-packages/airflow/example_dags/example_skip_dag.py
[2026-05-02T00:17:20.948+0000] {processor.py:830} INFO - Processing file /home/airflow/.local/lib/python3.12/site-packages/airflow/example_dags/example_skip_dag.py for tasks to queue
[2026-05-02T00:17:20.949+0000] {logging_mixin.py:188} INFO - [2026-05-02T00:17:20.949+0000] {dagbag.py:545} INFO - Filling up the DagBag from /home/airflow/.local/lib/python3.12/site-packages/airflow/example_dags/example_skip_dag.py
[2026-05-02T00:17:20.952+0000] {processor.py:840} INFO - DAG(s) 'example_skip_dag' retrieved from /home/airflow/.local/lib/python3.12/site-packages/airflow/example_dags/example_skip_dag.py
[2026-05-02T00:17:20.961+0000] {logging_mixin.py:188} INFO - [2026-05-02T00:17:20.961+0000] {dag.py:3089} INFO - Sync 1 DAGs
[2026-05-02T00:17:20.971+0000] {logging_mixin.py:188} INFO - [2026-05-02T00:17:20.971+0000] {dag.py:3947} INFO - Setting next_dagrun for example_skip_dag to 2026-05-01 00:00:00+00:00, run_after=2026-05-02 00:00:00+00:00
[2026-05-02T00:17:20.980+0000] {processor.py:183} INFO - Processing /home/airflow/.local/lib/python3.12/site-packages/airflow/example_dags/example_skip_dag.py took 0.035 seconds
[2026-05-02T00:17:51.626+0000] {processor.py:161} INFO - Started process (PID=12078) to work on /home/airflow/.local/lib/python3.12/site-packages/airflow/example_dags/example_skip_dag.py
[2026-05-02T00:17:51.626+0000] {processor.py:830} INFO - Processing file /home/airflow/.local/lib/python3.12/site-packages/airflow/example_dags/example_skip_dag.py for tasks to queue
[2026-05-02T00:17:51.627+0000] {logging_mixin.py:188} INFO - [2026-05-02T00:17:51.627+0000] {dagbag.py:545} INFO - Filling up the DagBag from /home/airflow/.local/lib/python3.12/site-packages/airflow/example_dags/example_skip_dag.py
[2026-05-02T00:17:51.629+0000] {processor.py:840} INFO - DAG(s) 'example_skip_dag' retrieved from /home/airflow/.local/lib/python3.12/site-packages/airflow/example_dags/example_skip_dag.py
[2026-05-02T00:17:51.636+0000] {logging_mixin.py:188} INFO - [2026-05-02T00:17:51.636+0000] {dag.py:3089} INFO - Sync 1 DAGs
[2026-05-02T00:17:51.642+0000] {logging_mixin.py:188} INFO - [2026-05-02T00:17:51.642+0000] {dag.py:3947} INFO - Setting next_dagrun for example_skip_dag to 2026-05-01 00:00:00+00:00, run_after=2026-05-02 00:00:00+00:00
[2026-05-02T00:17:51.647+0000] {processor.py:183} INFO - Processing /home/airflow/.local/lib/python3.12/site-packages/airflow/example_dags/example_skip_dag.py took 0.023 seconds
