[2026-05-02T00:07:39.042+0000] {processor.py:161} INFO - Started process (PID=10873) to work on /home/airflow/.local/lib/python3.12/site-packages/airflow/example_dags/example_branch_day_of_week_operator.py
[2026-05-02T00:07:39.042+0000] {processor.py:830} INFO - Processing file /home/airflow/.local/lib/python3.12/site-packages/airflow/example_dags/example_branch_day_of_week_operator.py for tasks to queue
[2026-05-02T00:07:39.044+0000] {logging_mixin.py:188} INFO - [2026-05-02T00:07:39.044+0000] {dagbag.py:545} INFO - Filling up the DagBag from /home/airflow/.local/lib/python3.12/site-packages/airflow/example_dags/example_branch_day_of_week_operator.py
[2026-05-02T00:07:39.047+0000] {processor.py:840} INFO - DAG(s) 'example_weekday_branch_operator' retrieved from /home/airflow/.local/lib/python3.12/site-packages/airflow/example_dags/example_branch_day_of_week_operator.py
[2026-05-02T00:07:39.055+0000] {logging_mixin.py:188} INFO - [2026-05-02T00:07:39.055+0000] {dag.py:3089} INFO - Sync 1 DAGs
[2026-05-02T00:07:39.063+0000] {logging_mixin.py:188} INFO - [2026-05-02T00:07:39.063+0000] {dag.py:3947} INFO - Setting next_dagrun for example_weekday_branch_operator to 2026-05-01 00:00:00+00:00, run_after=2026-05-02 00:00:00+00:00
[2026-05-02T00:07:39.072+0000] {processor.py:183} INFO - Processing /home/airflow/.local/lib/python3.12/site-packages/airflow/example_dags/example_branch_day_of_week_operator.py took 0.033 seconds
[2026-05-02T00:08:09.862+0000] {processor.py:161} INFO - Started process (PID=10933) to work on /home/airflow/.local/lib/python3.12/site-packages/airflow/example_dags/example_branch_day_of_week_operator.py
[2026-05-02T00:08:09.862+0000] {processor.py:830} INFO - Processing file /home/airflow/.local/lib/python3.12/site-packages/airflow/example_dags/example_branch_day_of_week_operator.py for tasks to queue
[2026-05-02T00:08:09.864+0000] {logging_mixin.py:188} INFO - [2026-05-02T00:08:09.864+0000] {dagbag.py:545} INFO - Filling up the DagBag from /home/airflow/.local/lib/python3.12/site-packages/airflow/example_dags/example_branch_day_of_week_operator.py
[2026-05-02T00:08:09.868+0000] {processor.py:840} INFO - DAG(s) 'example_weekday_branch_operator' retrieved from /home/airflow/.local/lib/python3.12/site-packages/airflow/example_dags/example_branch_day_of_week_operator.py
[2026-05-02T00:08:09.876+0000] {logging_mixin.py:188} INFO - [2026-05-02T00:08:09.876+0000] {dag.py:3089} INFO - Sync 1 DAGs
[2026-05-02T00:08:09.884+0000] {logging_mixin.py:188} INFO - [2026-05-02T00:08:09.884+0000] {dag.py:3947} INFO - Setting next_dagrun for example_weekday_branch_operator to 2026-05-01 00:00:00+00:00, run_after=2026-05-02 00:00:00+00:00
[2026-05-02T00:08:09.891+0000] {processor.py:183} INFO - Processing /home/airflow/.local/lib/python3.12/site-packages/airflow/example_dags/example_branch_day_of_week_operator.py took 0.032 seconds
[2026-05-02T00:08:40.501+0000] {processor.py:161} INFO - Started process (PID=10993) to work on /home/airflow/.local/lib/python3.12/site-packages/airflow/example_dags/example_branch_day_of_week_operator.py
[2026-05-02T00:08:40.502+0000] {processor.py:830} INFO - Processing file /home/airflow/.local/lib/python3.12/site-packages/airflow/example_dags/example_branch_day_of_week_operator.py for tasks to queue
[2026-05-02T00:08:40.503+0000] {logging_mixin.py:188} INFO - [2026-05-02T00:08:40.502+0000] {dagbag.py:545} INFO - Filling up the DagBag from /home/airflow/.local/lib/python3.12/site-packages/airflow/example_dags/example_branch_day_of_week_operator.py
[2026-05-02T00:08:40.506+0000] {processor.py:840} INFO - DAG(s) 'example_weekday_branch_operator' retrieved from /home/airflow/.local/lib/python3.12/site-packages/airflow/example_dags/example_branch_day_of_week_operator.py
[2026-05-02T00:08:40.514+0000] {logging_mixin.py:188} INFO - [2026-05-02T00:08:40.514+0000] {dag.py:3089} INFO - Sync 1 DAGs
[2026-05-02T00:08:40.522+0000] {logging_mixin.py:188} INFO - [2026-05-02T00:08:40.522+0000] {dag.py:3947} INFO - Setting next_dagrun for example_weekday_branch_operator to 2026-05-01 00:00:00+00:00, run_after=2026-05-02 00:00:00+00:00
[2026-05-02T00:08:40.531+0000] {processor.py:183} INFO - Processing /home/airflow/.local/lib/python3.12/site-packages/airflow/example_dags/example_branch_day_of_week_operator.py took 0.032 seconds
[2026-05-02T00:09:11.150+0000] {processor.py:161} INFO - Started process (PID=11053) to work on /home/airflow/.local/lib/python3.12/site-packages/airflow/example_dags/example_branch_day_of_week_operator.py
[2026-05-02T00:09:11.151+0000] {processor.py:830} INFO - Processing file /home/airflow/.local/lib/python3.12/site-packages/airflow/example_dags/example_branch_day_of_week_operator.py for tasks to queue
[2026-05-02T00:09:11.152+0000] {logging_mixin.py:188} INFO - [2026-05-02T00:09:11.152+0000] {dagbag.py:545} INFO - Filling up the DagBag from /home/airflow/.local/lib/python3.12/site-packages/airflow/example_dags/example_branch_day_of_week_operator.py
[2026-05-02T00:09:11.156+0000] {processor.py:840} INFO - DAG(s) 'example_weekday_branch_operator' retrieved from /home/airflow/.local/lib/python3.12/site-packages/airflow/example_dags/example_branch_day_of_week_operator.py
[2026-05-02T00:09:11.165+0000] {logging_mixin.py:188} INFO - [2026-05-02T00:09:11.165+0000] {dag.py:3089} INFO - Sync 1 DAGs
[2026-05-02T00:09:11.173+0000] {logging_mixin.py:188} INFO - [2026-05-02T00:09:11.173+0000] {dag.py:3947} INFO - Setting next_dagrun for example_weekday_branch_operator to 2026-05-01 00:00:00+00:00, run_after=2026-05-02 00:00:00+00:00
[2026-05-02T00:09:11.183+0000] {processor.py:183} INFO - Processing /home/airflow/.local/lib/python3.12/site-packages/airflow/example_dags/example_branch_day_of_week_operator.py took 0.035 seconds
[2026-05-02T00:09:42.124+0000] {processor.py:161} INFO - Started process (PID=11113) to work on /home/airflow/.local/lib/python3.12/site-packages/airflow/example_dags/example_branch_day_of_week_operator.py
[2026-05-02T00:09:42.124+0000] {processor.py:830} INFO - Processing file /home/airflow/.local/lib/python3.12/site-packages/airflow/example_dags/example_branch_day_of_week_operator.py for tasks to queue
[2026-05-02T00:09:42.125+0000] {logging_mixin.py:188} INFO - [2026-05-02T00:09:42.125+0000] {dagbag.py:545} INFO - Filling up the DagBag from /home/airflow/.local/lib/python3.12/site-packages/airflow/example_dags/example_branch_day_of_week_operator.py
[2026-05-02T00:09:42.128+0000] {processor.py:840} INFO - DAG(s) 'example_weekday_branch_operator' retrieved from /home/airflow/.local/lib/python3.12/site-packages/airflow/example_dags/example_branch_day_of_week_operator.py
[2026-05-02T00:09:42.136+0000] {logging_mixin.py:188} INFO - [2026-05-02T00:09:42.136+0000] {dag.py:3089} INFO - Sync 1 DAGs
[2026-05-02T00:09:42.144+0000] {logging_mixin.py:188} INFO - [2026-05-02T00:09:42.144+0000] {dag.py:3947} INFO - Setting next_dagrun for example_weekday_branch_operator to 2026-05-01 00:00:00+00:00, run_after=2026-05-02 00:00:00+00:00
[2026-05-02T00:09:42.154+0000] {processor.py:183} INFO - Processing /home/airflow/.local/lib/python3.12/site-packages/airflow/example_dags/example_branch_day_of_week_operator.py took 0.033 seconds
[2026-05-02T00:10:13.379+0000] {processor.py:161} INFO - Started process (PID=11173) to work on /home/airflow/.local/lib/python3.12/site-packages/airflow/example_dags/example_branch_day_of_week_operator.py
[2026-05-02T00:10:13.380+0000] {processor.py:830} INFO - Processing file /home/airflow/.local/lib/python3.12/site-packages/airflow/example_dags/example_branch_day_of_week_operator.py for tasks to queue
[2026-05-02T00:10:13.380+0000] {logging_mixin.py:188} INFO - [2026-05-02T00:10:13.380+0000] {dagbag.py:545} INFO - Filling up the DagBag from /home/airflow/.local/lib/python3.12/site-packages/airflow/example_dags/example_branch_day_of_week_operator.py
[2026-05-02T00:10:13.383+0000] {processor.py:840} INFO - DAG(s) 'example_weekday_branch_operator' retrieved from /home/airflow/.local/lib/python3.12/site-packages/airflow/example_dags/example_branch_day_of_week_operator.py
[2026-05-02T00:10:13.392+0000] {logging_mixin.py:188} INFO - [2026-05-02T00:10:13.392+0000] {dag.py:3089} INFO - Sync 1 DAGs
[2026-05-02T00:10:13.469+0000] {logging_mixin.py:188} INFO - [2026-05-02T00:10:13.469+0000] {dag.py:3947} INFO - Setting next_dagrun for example_weekday_branch_operator to 2026-05-01 00:00:00+00:00, run_after=2026-05-02 00:00:00+00:00
[2026-05-02T00:10:13.482+0000] {processor.py:183} INFO - Processing /home/airflow/.local/lib/python3.12/site-packages/airflow/example_dags/example_branch_day_of_week_operator.py took 0.105 seconds
[2026-05-02T00:10:43.782+0000] {processor.py:161} INFO - Started process (PID=11233) to work on /home/airflow/.local/lib/python3.12/site-packages/airflow/example_dags/example_branch_day_of_week_operator.py
[2026-05-02T00:10:43.783+0000] {processor.py:830} INFO - Processing file /home/airflow/.local/lib/python3.12/site-packages/airflow/example_dags/example_branch_day_of_week_operator.py for tasks to queue
[2026-05-02T00:10:43.783+0000] {logging_mixin.py:188} INFO - [2026-05-02T00:10:43.783+0000] {dagbag.py:545} INFO - Filling up the DagBag from /home/airflow/.local/lib/python3.12/site-packages/airflow/example_dags/example_branch_day_of_week_operator.py
[2026-05-02T00:10:43.787+0000] {processor.py:840} INFO - DAG(s) 'example_weekday_branch_operator' retrieved from /home/airflow/.local/lib/python3.12/site-packages/airflow/example_dags/example_branch_day_of_week_operator.py
[2026-05-02T00:10:43.795+0000] {logging_mixin.py:188} INFO - [2026-05-02T00:10:43.795+0000] {dag.py:3089} INFO - Sync 1 DAGs
[2026-05-02T00:10:43.870+0000] {logging_mixin.py:188} INFO - [2026-05-02T00:10:43.869+0000] {dag.py:3947} INFO - Setting next_dagrun for example_weekday_branch_operator to 2026-05-01 00:00:00+00:00, run_after=2026-05-02 00:00:00+00:00
[2026-05-02T00:10:43.880+0000] {processor.py:183} INFO - Processing /home/airflow/.local/lib/python3.12/site-packages/airflow/example_dags/example_branch_day_of_week_operator.py took 0.100 seconds
[2026-05-02T00:11:14.139+0000] {processor.py:161} INFO - Started process (PID=11293) to work on /home/airflow/.local/lib/python3.12/site-packages/airflow/example_dags/example_branch_day_of_week_operator.py
[2026-05-02T00:11:14.140+0000] {processor.py:830} INFO - Processing file /home/airflow/.local/lib/python3.12/site-packages/airflow/example_dags/example_branch_day_of_week_operator.py for tasks to queue
[2026-05-02T00:11:14.141+0000] {logging_mixin.py:188} INFO - [2026-05-02T00:11:14.141+0000] {dagbag.py:545} INFO - Filling up the DagBag from /home/airflow/.local/lib/python3.12/site-packages/airflow/example_dags/example_branch_day_of_week_operator.py
[2026-05-02T00:11:14.144+0000] {processor.py:840} INFO - DAG(s) 'example_weekday_branch_operator' retrieved from /home/airflow/.local/lib/python3.12/site-packages/airflow/example_dags/example_branch_day_of_week_operator.py
[2026-05-02T00:11:14.153+0000] {logging_mixin.py:188} INFO - [2026-05-02T00:11:14.153+0000] {dag.py:3089} INFO - Sync 1 DAGs
[2026-05-02T00:11:14.163+0000] {logging_mixin.py:188} INFO - [2026-05-02T00:11:14.163+0000] {dag.py:3947} INFO - Setting next_dagrun for example_weekday_branch_operator to 2026-05-01 00:00:00+00:00, run_after=2026-05-02 00:00:00+00:00
[2026-05-02T00:11:14.179+0000] {processor.py:183} INFO - Processing /home/airflow/.local/lib/python3.12/site-packages/airflow/example_dags/example_branch_day_of_week_operator.py took 0.042 seconds
[2026-05-02T00:11:44.765+0000] {processor.py:161} INFO - Started process (PID=11353) to work on /home/airflow/.local/lib/python3.12/site-packages/airflow/example_dags/example_branch_day_of_week_operator.py
[2026-05-02T00:11:44.766+0000] {processor.py:830} INFO - Processing file /home/airflow/.local/lib/python3.12/site-packages/airflow/example_dags/example_branch_day_of_week_operator.py for tasks to queue
[2026-05-02T00:11:44.767+0000] {logging_mixin.py:188} INFO - [2026-05-02T00:11:44.766+0000] {dagbag.py:545} INFO - Filling up the DagBag from /home/airflow/.local/lib/python3.12/site-packages/airflow/example_dags/example_branch_day_of_week_operator.py
[2026-05-02T00:11:44.771+0000] {processor.py:840} INFO - DAG(s) 'example_weekday_branch_operator' retrieved from /home/airflow/.local/lib/python3.12/site-packages/airflow/example_dags/example_branch_day_of_week_operator.py
[2026-05-02T00:11:44.781+0000] {logging_mixin.py:188} INFO - [2026-05-02T00:11:44.781+0000] {dag.py:3089} INFO - Sync 1 DAGs
[2026-05-02T00:11:44.788+0000] {logging_mixin.py:188} INFO - [2026-05-02T00:11:44.788+0000] {dag.py:3947} INFO - Setting next_dagrun for example_weekday_branch_operator to 2026-05-01 00:00:00+00:00, run_after=2026-05-02 00:00:00+00:00
[2026-05-02T00:11:44.795+0000] {processor.py:183} INFO - Processing /home/airflow/.local/lib/python3.12/site-packages/airflow/example_dags/example_branch_day_of_week_operator.py took 0.032 seconds
[2026-05-02T00:12:15.376+0000] {processor.py:161} INFO - Started process (PID=11413) to work on /home/airflow/.local/lib/python3.12/site-packages/airflow/example_dags/example_branch_day_of_week_operator.py
[2026-05-02T00:12:15.377+0000] {processor.py:830} INFO - Processing file /home/airflow/.local/lib/python3.12/site-packages/airflow/example_dags/example_branch_day_of_week_operator.py for tasks to queue
[2026-05-02T00:12:15.378+0000] {logging_mixin.py:188} INFO - [2026-05-02T00:12:15.378+0000] {dagbag.py:545} INFO - Filling up the DagBag from /home/airflow/.local/lib/python3.12/site-packages/airflow/example_dags/example_branch_day_of_week_operator.py
[2026-05-02T00:12:15.381+0000] {processor.py:840} INFO - DAG(s) 'example_weekday_branch_operator' retrieved from /home/airflow/.local/lib/python3.12/site-packages/airflow/example_dags/example_branch_day_of_week_operator.py
[2026-05-02T00:12:15.392+0000] {logging_mixin.py:188} INFO - [2026-05-02T00:12:15.392+0000] {dag.py:3089} INFO - Sync 1 DAGs
[2026-05-02T00:12:15.400+0000] {logging_mixin.py:188} INFO - [2026-05-02T00:12:15.400+0000] {dag.py:3947} INFO - Setting next_dagrun for example_weekday_branch_operator to 2026-05-01 00:00:00+00:00, run_after=2026-05-02 00:00:00+00:00
[2026-05-02T00:12:15.410+0000] {processor.py:183} INFO - Processing /home/airflow/.local/lib/python3.12/site-packages/airflow/example_dags/example_branch_day_of_week_operator.py took 0.036 seconds
[2026-05-02T00:12:45.922+0000] {processor.py:161} INFO - Started process (PID=11473) to work on /home/airflow/.local/lib/python3.12/site-packages/airflow/example_dags/example_branch_day_of_week_operator.py
[2026-05-02T00:12:45.923+0000] {processor.py:830} INFO - Processing file /home/airflow/.local/lib/python3.12/site-packages/airflow/example_dags/example_branch_day_of_week_operator.py for tasks to queue
[2026-05-02T00:12:45.924+0000] {logging_mixin.py:188} INFO - [2026-05-02T00:12:45.924+0000] {dagbag.py:545} INFO - Filling up the DagBag from /home/airflow/.local/lib/python3.12/site-packages/airflow/example_dags/example_branch_day_of_week_operator.py
[2026-05-02T00:12:45.927+0000] {processor.py:840} INFO - DAG(s) 'example_weekday_branch_operator' retrieved from /home/airflow/.local/lib/python3.12/site-packages/airflow/example_dags/example_branch_day_of_week_operator.py
[2026-05-02T00:12:45.940+0000] {logging_mixin.py:188} INFO - [2026-05-02T00:12:45.940+0000] {dag.py:3089} INFO - Sync 1 DAGs
[2026-05-02T00:12:45.948+0000] {logging_mixin.py:188} INFO - [2026-05-02T00:12:45.948+0000] {dag.py:3947} INFO - Setting next_dagrun for example_weekday_branch_operator to 2026-05-01 00:00:00+00:00, run_after=2026-05-02 00:00:00+00:00
[2026-05-02T00:12:45.957+0000] {processor.py:183} INFO - Processing /home/airflow/.local/lib/python3.12/site-packages/airflow/example_dags/example_branch_day_of_week_operator.py took 0.037 seconds
[2026-05-02T00:13:16.436+0000] {processor.py:161} INFO - Started process (PID=11533) to work on /home/airflow/.local/lib/python3.12/site-packages/airflow/example_dags/example_branch_day_of_week_operator.py
[2026-05-02T00:13:16.436+0000] {processor.py:830} INFO - Processing file /home/airflow/.local/lib/python3.12/site-packages/airflow/example_dags/example_branch_day_of_week_operator.py for tasks to queue
[2026-05-02T00:13:16.437+0000] {logging_mixin.py:188} INFO - [2026-05-02T00:13:16.437+0000] {dagbag.py:545} INFO - Filling up the DagBag from /home/airflow/.local/lib/python3.12/site-packages/airflow/example_dags/example_branch_day_of_week_operator.py
[2026-05-02T00:13:16.440+0000] {processor.py:840} INFO - DAG(s) 'example_weekday_branch_operator' retrieved from /home/airflow/.local/lib/python3.12/site-packages/airflow/example_dags/example_branch_day_of_week_operator.py
[2026-05-02T00:13:16.452+0000] {logging_mixin.py:188} INFO - [2026-05-02T00:13:16.452+0000] {dag.py:3089} INFO - Sync 1 DAGs
[2026-05-02T00:13:16.462+0000] {logging_mixin.py:188} INFO - [2026-05-02T00:13:16.462+0000] {dag.py:3947} INFO - Setting next_dagrun for example_weekday_branch_operator to 2026-05-01 00:00:00+00:00, run_after=2026-05-02 00:00:00+00:00
[2026-05-02T00:13:16.470+0000] {processor.py:183} INFO - Processing /home/airflow/.local/lib/python3.12/site-packages/airflow/example_dags/example_branch_day_of_week_operator.py took 0.037 seconds
[2026-05-02T00:13:46.948+0000] {processor.py:161} INFO - Started process (PID=11593) to work on /home/airflow/.local/lib/python3.12/site-packages/airflow/example_dags/example_branch_day_of_week_operator.py
[2026-05-02T00:13:46.948+0000] {processor.py:830} INFO - Processing file /home/airflow/.local/lib/python3.12/site-packages/airflow/example_dags/example_branch_day_of_week_operator.py for tasks to queue
[2026-05-02T00:13:46.949+0000] {logging_mixin.py:188} INFO - [2026-05-02T00:13:46.949+0000] {dagbag.py:545} INFO - Filling up the DagBag from /home/airflow/.local/lib/python3.12/site-packages/airflow/example_dags/example_branch_day_of_week_operator.py
[2026-05-02T00:13:46.952+0000] {processor.py:840} INFO - DAG(s) 'example_weekday_branch_operator' retrieved from /home/airflow/.local/lib/python3.12/site-packages/airflow/example_dags/example_branch_day_of_week_operator.py
[2026-05-02T00:13:46.965+0000] {logging_mixin.py:188} INFO - [2026-05-02T00:13:46.965+0000] {dag.py:3089} INFO - Sync 1 DAGs
[2026-05-02T00:13:46.972+0000] {logging_mixin.py:188} INFO - [2026-05-02T00:13:46.972+0000] {dag.py:3947} INFO - Setting next_dagrun for example_weekday_branch_operator to 2026-05-01 00:00:00+00:00, run_after=2026-05-02 00:00:00+00:00
[2026-05-02T00:13:46.980+0000] {processor.py:183} INFO - Processing /home/airflow/.local/lib/python3.12/site-packages/airflow/example_dags/example_branch_day_of_week_operator.py took 0.035 seconds
[2026-05-02T00:14:17.528+0000] {processor.py:161} INFO - Started process (PID=11653) to work on /home/airflow/.local/lib/python3.12/site-packages/airflow/example_dags/example_branch_day_of_week_operator.py
[2026-05-02T00:14:17.529+0000] {processor.py:830} INFO - Processing file /home/airflow/.local/lib/python3.12/site-packages/airflow/example_dags/example_branch_day_of_week_operator.py for tasks to queue
[2026-05-02T00:14:17.530+0000] {logging_mixin.py:188} INFO - [2026-05-02T00:14:17.529+0000] {dagbag.py:545} INFO - Filling up the DagBag from /home/airflow/.local/lib/python3.12/site-packages/airflow/example_dags/example_branch_day_of_week_operator.py
[2026-05-02T00:14:17.533+0000] {processor.py:840} INFO - DAG(s) 'example_weekday_branch_operator' retrieved from /home/airflow/.local/lib/python3.12/site-packages/airflow/example_dags/example_branch_day_of_week_operator.py
[2026-05-02T00:14:17.544+0000] {logging_mixin.py:188} INFO - [2026-05-02T00:14:17.544+0000] {dag.py:3089} INFO - Sync 1 DAGs
[2026-05-02T00:14:17.551+0000] {logging_mixin.py:188} INFO - [2026-05-02T00:14:17.551+0000] {dag.py:3947} INFO - Setting next_dagrun for example_weekday_branch_operator to 2026-05-01 00:00:00+00:00, run_after=2026-05-02 00:00:00+00:00
[2026-05-02T00:14:17.562+0000] {processor.py:183} INFO - Processing /home/airflow/.local/lib/python3.12/site-packages/airflow/example_dags/example_branch_day_of_week_operator.py took 0.037 seconds
[2026-05-02T00:14:48.044+0000] {processor.py:161} INFO - Started process (PID=11713) to work on /home/airflow/.local/lib/python3.12/site-packages/airflow/example_dags/example_branch_day_of_week_operator.py
[2026-05-02T00:14:48.045+0000] {processor.py:830} INFO - Processing file /home/airflow/.local/lib/python3.12/site-packages/airflow/example_dags/example_branch_day_of_week_operator.py for tasks to queue
[2026-05-02T00:14:48.046+0000] {logging_mixin.py:188} INFO - [2026-05-02T00:14:48.046+0000] {dagbag.py:545} INFO - Filling up the DagBag from /home/airflow/.local/lib/python3.12/site-packages/airflow/example_dags/example_branch_day_of_week_operator.py
[2026-05-02T00:14:48.049+0000] {processor.py:840} INFO - DAG(s) 'example_weekday_branch_operator' retrieved from /home/airflow/.local/lib/python3.12/site-packages/airflow/example_dags/example_branch_day_of_week_operator.py
[2026-05-02T00:14:48.059+0000] {logging_mixin.py:188} INFO - [2026-05-02T00:14:48.058+0000] {dag.py:3089} INFO - Sync 1 DAGs
[2026-05-02T00:14:48.068+0000] {logging_mixin.py:188} INFO - [2026-05-02T00:14:48.068+0000] {dag.py:3947} INFO - Setting next_dagrun for example_weekday_branch_operator to 2026-05-01 00:00:00+00:00, run_after=2026-05-02 00:00:00+00:00
[2026-05-02T00:14:48.078+0000] {processor.py:183} INFO - Processing /home/airflow/.local/lib/python3.12/site-packages/airflow/example_dags/example_branch_day_of_week_operator.py took 0.037 seconds
[2026-05-02T00:15:18.994+0000] {processor.py:161} INFO - Started process (PID=11773) to work on /home/airflow/.local/lib/python3.12/site-packages/airflow/example_dags/example_branch_day_of_week_operator.py
[2026-05-02T00:15:18.997+0000] {processor.py:830} INFO - Processing file /home/airflow/.local/lib/python3.12/site-packages/airflow/example_dags/example_branch_day_of_week_operator.py for tasks to queue
[2026-05-02T00:15:18.998+0000] {logging_mixin.py:188} INFO - [2026-05-02T00:15:18.998+0000] {dagbag.py:545} INFO - Filling up the DagBag from /home/airflow/.local/lib/python3.12/site-packages/airflow/example_dags/example_branch_day_of_week_operator.py
[2026-05-02T00:15:19.002+0000] {processor.py:840} INFO - DAG(s) 'example_weekday_branch_operator' retrieved from /home/airflow/.local/lib/python3.12/site-packages/airflow/example_dags/example_branch_day_of_week_operator.py
[2026-05-02T00:15:19.016+0000] {logging_mixin.py:188} INFO - [2026-05-02T00:15:19.016+0000] {dag.py:3089} INFO - Sync 1 DAGs
[2026-05-02T00:15:19.026+0000] {logging_mixin.py:188} INFO - [2026-05-02T00:15:19.026+0000] {dag.py:3947} INFO - Setting next_dagrun for example_weekday_branch_operator to 2026-05-01 00:00:00+00:00, run_after=2026-05-02 00:00:00+00:00
[2026-05-02T00:15:19.033+0000] {processor.py:183} INFO - Processing /home/airflow/.local/lib/python3.12/site-packages/airflow/example_dags/example_branch_day_of_week_operator.py took 0.043 seconds
[2026-05-02T00:15:49.160+0000] {processor.py:161} INFO - Started process (PID=11833) to work on /home/airflow/.local/lib/python3.12/site-packages/airflow/example_dags/example_branch_day_of_week_operator.py
[2026-05-02T00:15:49.160+0000] {processor.py:830} INFO - Processing file /home/airflow/.local/lib/python3.12/site-packages/airflow/example_dags/example_branch_day_of_week_operator.py for tasks to queue
[2026-05-02T00:15:49.161+0000] {logging_mixin.py:188} INFO - [2026-05-02T00:15:49.161+0000] {dagbag.py:545} INFO - Filling up the DagBag from /home/airflow/.local/lib/python3.12/site-packages/airflow/example_dags/example_branch_day_of_week_operator.py
[2026-05-02T00:15:49.163+0000] {processor.py:840} INFO - DAG(s) 'example_weekday_branch_operator' retrieved from /home/airflow/.local/lib/python3.12/site-packages/airflow/example_dags/example_branch_day_of_week_operator.py
[2026-05-02T00:15:49.170+0000] {logging_mixin.py:188} INFO - [2026-05-02T00:15:49.170+0000] {dag.py:3089} INFO - Sync 1 DAGs
[2026-05-02T00:15:49.177+0000] {logging_mixin.py:188} INFO - [2026-05-02T00:15:49.177+0000] {dag.py:3947} INFO - Setting next_dagrun for example_weekday_branch_operator to 2026-05-01 00:00:00+00:00, run_after=2026-05-02 00:00:00+00:00
[2026-05-02T00:15:49.182+0000] {processor.py:183} INFO - Processing /home/airflow/.local/lib/python3.12/site-packages/airflow/example_dags/example_branch_day_of_week_operator.py took 0.024 seconds
[2026-05-02T00:16:19.641+0000] {processor.py:161} INFO - Started process (PID=11894) to work on /home/airflow/.local/lib/python3.12/site-packages/airflow/example_dags/example_branch_day_of_week_operator.py
[2026-05-02T00:16:19.642+0000] {processor.py:830} INFO - Processing file /home/airflow/.local/lib/python3.12/site-packages/airflow/example_dags/example_branch_day_of_week_operator.py for tasks to queue
[2026-05-02T00:16:19.642+0000] {logging_mixin.py:188} INFO - [2026-05-02T00:16:19.642+0000] {dagbag.py:545} INFO - Filling up the DagBag from /home/airflow/.local/lib/python3.12/site-packages/airflow/example_dags/example_branch_day_of_week_operator.py
[2026-05-02T00:16:19.645+0000] {processor.py:840} INFO - DAG(s) 'example_weekday_branch_operator' retrieved from /home/airflow/.local/lib/python3.12/site-packages/airflow/example_dags/example_branch_day_of_week_operator.py
[2026-05-02T00:16:19.654+0000] {logging_mixin.py:188} INFO - [2026-05-02T00:16:19.654+0000] {dag.py:3089} INFO - Sync 1 DAGs
[2026-05-02T00:16:19.664+0000] {logging_mixin.py:188} INFO - [2026-05-02T00:16:19.664+0000] {dag.py:3947} INFO - Setting next_dagrun for example_weekday_branch_operator to 2026-05-01 00:00:00+00:00, run_after=2026-05-02 00:00:00+00:00
[2026-05-02T00:16:19.671+0000] {processor.py:183} INFO - Processing /home/airflow/.local/lib/python3.12/site-packages/airflow/example_dags/example_branch_day_of_week_operator.py took 0.032 seconds
[2026-05-02T00:16:50.277+0000] {processor.py:161} INFO - Started process (PID=11954) to work on /home/airflow/.local/lib/python3.12/site-packages/airflow/example_dags/example_branch_day_of_week_operator.py
[2026-05-02T00:16:50.278+0000] {processor.py:830} INFO - Processing file /home/airflow/.local/lib/python3.12/site-packages/airflow/example_dags/example_branch_day_of_week_operator.py for tasks to queue
[2026-05-02T00:16:50.279+0000] {logging_mixin.py:188} INFO - [2026-05-02T00:16:50.279+0000] {dagbag.py:545} INFO - Filling up the DagBag from /home/airflow/.local/lib/python3.12/site-packages/airflow/example_dags/example_branch_day_of_week_operator.py
[2026-05-02T00:16:50.282+0000] {processor.py:840} INFO - DAG(s) 'example_weekday_branch_operator' retrieved from /home/airflow/.local/lib/python3.12/site-packages/airflow/example_dags/example_branch_day_of_week_operator.py
[2026-05-02T00:16:50.291+0000] {logging_mixin.py:188} INFO - [2026-05-02T00:16:50.291+0000] {dag.py:3089} INFO - Sync 1 DAGs
[2026-05-02T00:16:50.299+0000] {logging_mixin.py:188} INFO - [2026-05-02T00:16:50.299+0000] {dag.py:3947} INFO - Setting next_dagrun for example_weekday_branch_operator to 2026-05-01 00:00:00+00:00, run_after=2026-05-02 00:00:00+00:00
[2026-05-02T00:16:50.309+0000] {processor.py:183} INFO - Processing /home/airflow/.local/lib/python3.12/site-packages/airflow/example_dags/example_branch_day_of_week_operator.py took 0.034 seconds
[2026-05-02T00:17:20.844+0000] {processor.py:161} INFO - Started process (PID=12014) to work on /home/airflow/.local/lib/python3.12/site-packages/airflow/example_dags/example_branch_day_of_week_operator.py
[2026-05-02T00:17:20.845+0000] {processor.py:830} INFO - Processing file /home/airflow/.local/lib/python3.12/site-packages/airflow/example_dags/example_branch_day_of_week_operator.py for tasks to queue
[2026-05-02T00:17:20.846+0000] {logging_mixin.py:188} INFO - [2026-05-02T00:17:20.846+0000] {dagbag.py:545} INFO - Filling up the DagBag from /home/airflow/.local/lib/python3.12/site-packages/airflow/example_dags/example_branch_day_of_week_operator.py
[2026-05-02T00:17:20.850+0000] {processor.py:840} INFO - DAG(s) 'example_weekday_branch_operator' retrieved from /home/airflow/.local/lib/python3.12/site-packages/airflow/example_dags/example_branch_day_of_week_operator.py
[2026-05-02T00:17:20.860+0000] {logging_mixin.py:188} INFO - [2026-05-02T00:17:20.860+0000] {dag.py:3089} INFO - Sync 1 DAGs
[2026-05-02T00:17:20.868+0000] {logging_mixin.py:188} INFO - [2026-05-02T00:17:20.868+0000] {dag.py:3947} INFO - Setting next_dagrun for example_weekday_branch_operator to 2026-05-01 00:00:00+00:00, run_after=2026-05-02 00:00:00+00:00
[2026-05-02T00:17:20.874+0000] {processor.py:183} INFO - Processing /home/airflow/.local/lib/python3.12/site-packages/airflow/example_dags/example_branch_day_of_week_operator.py took 0.033 seconds
[2026-05-02T00:17:51.509+0000] {processor.py:161} INFO - Started process (PID=12074) to work on /home/airflow/.local/lib/python3.12/site-packages/airflow/example_dags/example_branch_day_of_week_operator.py
[2026-05-02T00:17:51.510+0000] {processor.py:830} INFO - Processing file /home/airflow/.local/lib/python3.12/site-packages/airflow/example_dags/example_branch_day_of_week_operator.py for tasks to queue
[2026-05-02T00:17:51.511+0000] {logging_mixin.py:188} INFO - [2026-05-02T00:17:51.511+0000] {dagbag.py:545} INFO - Filling up the DagBag from /home/airflow/.local/lib/python3.12/site-packages/airflow/example_dags/example_branch_day_of_week_operator.py
[2026-05-02T00:17:51.514+0000] {processor.py:840} INFO - DAG(s) 'example_weekday_branch_operator' retrieved from /home/airflow/.local/lib/python3.12/site-packages/airflow/example_dags/example_branch_day_of_week_operator.py
[2026-05-02T00:17:51.527+0000] {logging_mixin.py:188} INFO - [2026-05-02T00:17:51.527+0000] {dag.py:3089} INFO - Sync 1 DAGs
[2026-05-02T00:17:51.534+0000] {logging_mixin.py:188} INFO - [2026-05-02T00:17:51.534+0000] {dag.py:3947} INFO - Setting next_dagrun for example_weekday_branch_operator to 2026-05-01 00:00:00+00:00, run_after=2026-05-02 00:00:00+00:00
[2026-05-02T00:17:51.543+0000] {processor.py:183} INFO - Processing /home/airflow/.local/lib/python3.12/site-packages/airflow/example_dags/example_branch_day_of_week_operator.py took 0.036 seconds
