[2026-05-02T00:07:39.078+0000] {processor.py:161} INFO - Started process (PID=10874) to work on /home/airflow/.local/lib/python3.12/site-packages/airflow/example_dags/example_branch_operator.py
[2026-05-02T00:07:39.079+0000] {processor.py:830} INFO - Processing file /home/airflow/.local/lib/python3.12/site-packages/airflow/example_dags/example_branch_operator.py for tasks to queue
[2026-05-02T00:07:39.080+0000] {logging_mixin.py:188} INFO - [2026-05-02T00:07:39.079+0000] {dagbag.py:545} INFO - Filling up the DagBag from /home/airflow/.local/lib/python3.12/site-packages/airflow/example_dags/example_branch_operator.py
[2026-05-02T00:07:39.086+0000] {processor.py:840} INFO - DAG(s) 'example_branch_operator' retrieved from /home/airflow/.local/lib/python3.12/site-packages/airflow/example_dags/example_branch_operator.py
[2026-05-02T00:07:39.100+0000] {logging_mixin.py:188} INFO - [2026-05-02T00:07:39.100+0000] {dag.py:3089} INFO - Sync 1 DAGs
[2026-05-02T00:07:39.108+0000] {logging_mixin.py:188} INFO - [2026-05-02T00:07:39.108+0000] {dag.py:3947} INFO - Setting next_dagrun for example_branch_operator to 2026-05-01 00:00:00+00:00, run_after=2026-05-02 00:00:00+00:00
[2026-05-02T00:07:39.116+0000] {processor.py:183} INFO - Processing /home/airflow/.local/lib/python3.12/site-packages/airflow/example_dags/example_branch_operator.py took 0.040 seconds
[2026-05-02T00:08:09.887+0000] {processor.py:161} INFO - Started process (PID=10934) to work on /home/airflow/.local/lib/python3.12/site-packages/airflow/example_dags/example_branch_operator.py
[2026-05-02T00:08:09.888+0000] {processor.py:830} INFO - Processing file /home/airflow/.local/lib/python3.12/site-packages/airflow/example_dags/example_branch_operator.py for tasks to queue
[2026-05-02T00:08:09.889+0000] {logging_mixin.py:188} INFO - [2026-05-02T00:08:09.889+0000] {dagbag.py:545} INFO - Filling up the DagBag from /home/airflow/.local/lib/python3.12/site-packages/airflow/example_dags/example_branch_operator.py
[2026-05-02T00:08:09.896+0000] {processor.py:840} INFO - DAG(s) 'example_branch_operator' retrieved from /home/airflow/.local/lib/python3.12/site-packages/airflow/example_dags/example_branch_operator.py
[2026-05-02T00:08:09.909+0000] {logging_mixin.py:188} INFO - [2026-05-02T00:08:09.909+0000] {dag.py:3089} INFO - Sync 1 DAGs
[2026-05-02T00:08:09.920+0000] {logging_mixin.py:188} INFO - [2026-05-02T00:08:09.919+0000] {dag.py:3947} INFO - Setting next_dagrun for example_branch_operator to 2026-05-01 00:00:00+00:00, run_after=2026-05-02 00:00:00+00:00
[2026-05-02T00:08:09.930+0000] {processor.py:183} INFO - Processing /home/airflow/.local/lib/python3.12/site-packages/airflow/example_dags/example_branch_operator.py took 0.045 seconds
[2026-05-02T00:08:40.508+0000] {processor.py:161} INFO - Started process (PID=10994) to work on /home/airflow/.local/lib/python3.12/site-packages/airflow/example_dags/example_branch_operator.py
[2026-05-02T00:08:40.509+0000] {processor.py:830} INFO - Processing file /home/airflow/.local/lib/python3.12/site-packages/airflow/example_dags/example_branch_operator.py for tasks to queue
[2026-05-02T00:08:40.510+0000] {logging_mixin.py:188} INFO - [2026-05-02T00:08:40.510+0000] {dagbag.py:545} INFO - Filling up the DagBag from /home/airflow/.local/lib/python3.12/site-packages/airflow/example_dags/example_branch_operator.py
[2026-05-02T00:08:40.518+0000] {processor.py:840} INFO - DAG(s) 'example_branch_operator' retrieved from /home/airflow/.local/lib/python3.12/site-packages/airflow/example_dags/example_branch_operator.py
[2026-05-02T00:08:40.534+0000] {logging_mixin.py:188} INFO - [2026-05-02T00:08:40.534+0000] {dag.py:3089} INFO - Sync 1 DAGs
[2026-05-02T00:08:40.542+0000] {logging_mixin.py:188} INFO - [2026-05-02T00:08:40.542+0000] {dag.py:3947} INFO - Setting next_dagrun for example_branch_operator to 2026-05-01 00:00:00+00:00, run_after=2026-05-02 00:00:00+00:00
[2026-05-02T00:08:40.548+0000] {processor.py:183} INFO - Processing /home/airflow/.local/lib/python3.12/site-packages/airflow/example_dags/example_branch_operator.py took 0.042 seconds
[2026-05-02T00:09:11.189+0000] {processor.py:161} INFO - Started process (PID=11054) to work on /home/airflow/.local/lib/python3.12/site-packages/airflow/example_dags/example_branch_operator.py
[2026-05-02T00:09:11.190+0000] {processor.py:830} INFO - Processing file /home/airflow/.local/lib/python3.12/site-packages/airflow/example_dags/example_branch_operator.py for tasks to queue
[2026-05-02T00:09:11.190+0000] {logging_mixin.py:188} INFO - [2026-05-02T00:09:11.190+0000] {dagbag.py:545} INFO - Filling up the DagBag from /home/airflow/.local/lib/python3.12/site-packages/airflow/example_dags/example_branch_operator.py
[2026-05-02T00:09:11.196+0000] {processor.py:840} INFO - DAG(s) 'example_branch_operator' retrieved from /home/airflow/.local/lib/python3.12/site-packages/airflow/example_dags/example_branch_operator.py
[2026-05-02T00:09:11.205+0000] {logging_mixin.py:188} INFO - [2026-05-02T00:09:11.205+0000] {dag.py:3089} INFO - Sync 1 DAGs
[2026-05-02T00:09:11.212+0000] {logging_mixin.py:188} INFO - [2026-05-02T00:09:11.212+0000] {dag.py:3947} INFO - Setting next_dagrun for example_branch_operator to 2026-05-01 00:00:00+00:00, run_after=2026-05-02 00:00:00+00:00
[2026-05-02T00:09:11.217+0000] {processor.py:183} INFO - Processing /home/airflow/.local/lib/python3.12/site-packages/airflow/example_dags/example_branch_operator.py took 0.030 seconds
[2026-05-02T00:09:42.160+0000] {processor.py:161} INFO - Started process (PID=11114) to work on /home/airflow/.local/lib/python3.12/site-packages/airflow/example_dags/example_branch_operator.py
[2026-05-02T00:09:42.161+0000] {processor.py:830} INFO - Processing file /home/airflow/.local/lib/python3.12/site-packages/airflow/example_dags/example_branch_operator.py for tasks to queue
[2026-05-02T00:09:42.162+0000] {logging_mixin.py:188} INFO - [2026-05-02T00:09:42.161+0000] {dagbag.py:545} INFO - Filling up the DagBag from /home/airflow/.local/lib/python3.12/site-packages/airflow/example_dags/example_branch_operator.py
[2026-05-02T00:09:42.171+0000] {processor.py:840} INFO - DAG(s) 'example_branch_operator' retrieved from /home/airflow/.local/lib/python3.12/site-packages/airflow/example_dags/example_branch_operator.py
[2026-05-02T00:09:42.182+0000] {logging_mixin.py:188} INFO - [2026-05-02T00:09:42.182+0000] {dag.py:3089} INFO - Sync 1 DAGs
[2026-05-02T00:09:42.191+0000] {logging_mixin.py:188} INFO - [2026-05-02T00:09:42.191+0000] {dag.py:3947} INFO - Setting next_dagrun for example_branch_operator to 2026-05-01 00:00:00+00:00, run_after=2026-05-02 00:00:00+00:00
[2026-05-02T00:09:42.201+0000] {processor.py:183} INFO - Processing /home/airflow/.local/lib/python3.12/site-packages/airflow/example_dags/example_branch_operator.py took 0.043 seconds
[2026-05-02T00:10:13.444+0000] {processor.py:161} INFO - Started process (PID=11174) to work on /home/airflow/.local/lib/python3.12/site-packages/airflow/example_dags/example_branch_operator.py
[2026-05-02T00:10:13.445+0000] {processor.py:830} INFO - Processing file /home/airflow/.local/lib/python3.12/site-packages/airflow/example_dags/example_branch_operator.py for tasks to queue
[2026-05-02T00:10:13.446+0000] {logging_mixin.py:188} INFO - [2026-05-02T00:10:13.445+0000] {dagbag.py:545} INFO - Filling up the DagBag from /home/airflow/.local/lib/python3.12/site-packages/airflow/example_dags/example_branch_operator.py
[2026-05-02T00:10:13.452+0000] {processor.py:840} INFO - DAG(s) 'example_branch_operator' retrieved from /home/airflow/.local/lib/python3.12/site-packages/airflow/example_dags/example_branch_operator.py
[2026-05-02T00:10:13.532+0000] {logging_mixin.py:188} INFO - [2026-05-02T00:10:13.532+0000] {dag.py:3089} INFO - Sync 1 DAGs
[2026-05-02T00:10:13.539+0000] {logging_mixin.py:188} INFO - [2026-05-02T00:10:13.539+0000] {dag.py:3947} INFO - Setting next_dagrun for example_branch_operator to 2026-05-01 00:00:00+00:00, run_after=2026-05-02 00:00:00+00:00
[2026-05-02T00:10:13.545+0000] {processor.py:183} INFO - Processing /home/airflow/.local/lib/python3.12/site-packages/airflow/example_dags/example_branch_operator.py took 0.103 seconds
[2026-05-02T00:10:43.840+0000] {processor.py:161} INFO - Started process (PID=11234) to work on /home/airflow/.local/lib/python3.12/site-packages/airflow/example_dags/example_branch_operator.py
[2026-05-02T00:10:43.840+0000] {processor.py:830} INFO - Processing file /home/airflow/.local/lib/python3.12/site-packages/airflow/example_dags/example_branch_operator.py for tasks to queue
[2026-05-02T00:10:43.841+0000] {logging_mixin.py:188} INFO - [2026-05-02T00:10:43.841+0000] {dagbag.py:545} INFO - Filling up the DagBag from /home/airflow/.local/lib/python3.12/site-packages/airflow/example_dags/example_branch_operator.py
[2026-05-02T00:10:43.847+0000] {processor.py:840} INFO - DAG(s) 'example_branch_operator' retrieved from /home/airflow/.local/lib/python3.12/site-packages/airflow/example_dags/example_branch_operator.py
[2026-05-02T00:10:43.928+0000] {logging_mixin.py:188} INFO - [2026-05-02T00:10:43.928+0000] {dag.py:3089} INFO - Sync 1 DAGs
[2026-05-02T00:10:43.936+0000] {logging_mixin.py:188} INFO - [2026-05-02T00:10:43.936+0000] {dag.py:3947} INFO - Setting next_dagrun for example_branch_operator to 2026-05-01 00:00:00+00:00, run_after=2026-05-02 00:00:00+00:00
[2026-05-02T00:10:43.947+0000] {processor.py:183} INFO - Processing /home/airflow/.local/lib/python3.12/site-packages/airflow/example_dags/example_branch_operator.py took 0.110 seconds
[2026-05-02T00:11:14.148+0000] {processor.py:161} INFO - Started process (PID=11294) to work on /home/airflow/.local/lib/python3.12/site-packages/airflow/example_dags/example_branch_operator.py
[2026-05-02T00:11:14.149+0000] {processor.py:830} INFO - Processing file /home/airflow/.local/lib/python3.12/site-packages/airflow/example_dags/example_branch_operator.py for tasks to queue
[2026-05-02T00:11:14.150+0000] {logging_mixin.py:188} INFO - [2026-05-02T00:11:14.150+0000] {dagbag.py:545} INFO - Filling up the DagBag from /home/airflow/.local/lib/python3.12/site-packages/airflow/example_dags/example_branch_operator.py
[2026-05-02T00:11:14.158+0000] {processor.py:840} INFO - DAG(s) 'example_branch_operator' retrieved from /home/airflow/.local/lib/python3.12/site-packages/airflow/example_dags/example_branch_operator.py
[2026-05-02T00:11:14.173+0000] {logging_mixin.py:188} INFO - [2026-05-02T00:11:14.173+0000] {dag.py:3089} INFO - Sync 1 DAGs
[2026-05-02T00:11:14.182+0000] {logging_mixin.py:188} INFO - [2026-05-02T00:11:14.182+0000] {dag.py:3947} INFO - Setting next_dagrun for example_branch_operator to 2026-05-01 00:00:00+00:00, run_after=2026-05-02 00:00:00+00:00
[2026-05-02T00:11:14.188+0000] {processor.py:183} INFO - Processing /home/airflow/.local/lib/python3.12/site-packages/airflow/example_dags/example_branch_operator.py took 0.043 seconds
[2026-05-02T00:11:44.798+0000] {processor.py:161} INFO - Started process (PID=11354) to work on /home/airflow/.local/lib/python3.12/site-packages/airflow/example_dags/example_branch_operator.py
[2026-05-02T00:11:44.798+0000] {processor.py:830} INFO - Processing file /home/airflow/.local/lib/python3.12/site-packages/airflow/example_dags/example_branch_operator.py for tasks to queue
[2026-05-02T00:11:44.799+0000] {logging_mixin.py:188} INFO - [2026-05-02T00:11:44.799+0000] {dagbag.py:545} INFO - Filling up the DagBag from /home/airflow/.local/lib/python3.12/site-packages/airflow/example_dags/example_branch_operator.py
[2026-05-02T00:11:44.805+0000] {processor.py:840} INFO - DAG(s) 'example_branch_operator' retrieved from /home/airflow/.local/lib/python3.12/site-packages/airflow/example_dags/example_branch_operator.py
[2026-05-02T00:11:44.816+0000] {logging_mixin.py:188} INFO - [2026-05-02T00:11:44.815+0000] {dag.py:3089} INFO - Sync 1 DAGs
[2026-05-02T00:11:44.828+0000] {logging_mixin.py:188} INFO - [2026-05-02T00:11:44.828+0000] {dag.py:3947} INFO - Setting next_dagrun for example_branch_operator to 2026-05-01 00:00:00+00:00, run_after=2026-05-02 00:00:00+00:00
[2026-05-02T00:11:44.836+0000] {processor.py:183} INFO - Processing /home/airflow/.local/lib/python3.12/site-packages/airflow/example_dags/example_branch_operator.py took 0.041 seconds
[2026-05-02T00:12:15.382+0000] {processor.py:161} INFO - Started process (PID=11414) to work on /home/airflow/.local/lib/python3.12/site-packages/airflow/example_dags/example_branch_operator.py
[2026-05-02T00:12:15.382+0000] {processor.py:830} INFO - Processing file /home/airflow/.local/lib/python3.12/site-packages/airflow/example_dags/example_branch_operator.py for tasks to queue
[2026-05-02T00:12:15.383+0000] {logging_mixin.py:188} INFO - [2026-05-02T00:12:15.383+0000] {dagbag.py:545} INFO - Filling up the DagBag from /home/airflow/.local/lib/python3.12/site-packages/airflow/example_dags/example_branch_operator.py
[2026-05-02T00:12:15.390+0000] {processor.py:840} INFO - DAG(s) 'example_branch_operator' retrieved from /home/airflow/.local/lib/python3.12/site-packages/airflow/example_dags/example_branch_operator.py
[2026-05-02T00:12:15.405+0000] {logging_mixin.py:188} INFO - [2026-05-02T00:12:15.404+0000] {dag.py:3089} INFO - Sync 1 DAGs
[2026-05-02T00:12:15.413+0000] {logging_mixin.py:188} INFO - [2026-05-02T00:12:15.413+0000] {dag.py:3947} INFO - Setting next_dagrun for example_branch_operator to 2026-05-01 00:00:00+00:00, run_after=2026-05-02 00:00:00+00:00
[2026-05-02T00:12:15.419+0000] {processor.py:183} INFO - Processing /home/airflow/.local/lib/python3.12/site-packages/airflow/example_dags/example_branch_operator.py took 0.039 seconds
[2026-05-02T00:12:45.963+0000] {processor.py:161} INFO - Started process (PID=11474) to work on /home/airflow/.local/lib/python3.12/site-packages/airflow/example_dags/example_branch_operator.py
[2026-05-02T00:12:45.964+0000] {processor.py:830} INFO - Processing file /home/airflow/.local/lib/python3.12/site-packages/airflow/example_dags/example_branch_operator.py for tasks to queue
[2026-05-02T00:12:45.965+0000] {logging_mixin.py:188} INFO - [2026-05-02T00:12:45.964+0000] {dagbag.py:545} INFO - Filling up the DagBag from /home/airflow/.local/lib/python3.12/site-packages/airflow/example_dags/example_branch_operator.py
[2026-05-02T00:12:45.971+0000] {processor.py:840} INFO - DAG(s) 'example_branch_operator' retrieved from /home/airflow/.local/lib/python3.12/site-packages/airflow/example_dags/example_branch_operator.py
[2026-05-02T00:12:45.984+0000] {logging_mixin.py:188} INFO - [2026-05-02T00:12:45.984+0000] {dag.py:3089} INFO - Sync 1 DAGs
[2026-05-02T00:12:45.995+0000] {logging_mixin.py:188} INFO - [2026-05-02T00:12:45.995+0000] {dag.py:3947} INFO - Setting next_dagrun for example_branch_operator to 2026-05-01 00:00:00+00:00, run_after=2026-05-02 00:00:00+00:00
[2026-05-02T00:12:46.003+0000] {processor.py:183} INFO - Processing /home/airflow/.local/lib/python3.12/site-packages/airflow/example_dags/example_branch_operator.py took 0.042 seconds
[2026-05-02T00:13:16.474+0000] {processor.py:161} INFO - Started process (PID=11534) to work on /home/airflow/.local/lib/python3.12/site-packages/airflow/example_dags/example_branch_operator.py
[2026-05-02T00:13:16.474+0000] {processor.py:830} INFO - Processing file /home/airflow/.local/lib/python3.12/site-packages/airflow/example_dags/example_branch_operator.py for tasks to queue
[2026-05-02T00:13:16.475+0000] {logging_mixin.py:188} INFO - [2026-05-02T00:13:16.475+0000] {dagbag.py:545} INFO - Filling up the DagBag from /home/airflow/.local/lib/python3.12/site-packages/airflow/example_dags/example_branch_operator.py
[2026-05-02T00:13:16.481+0000] {processor.py:840} INFO - DAG(s) 'example_branch_operator' retrieved from /home/airflow/.local/lib/python3.12/site-packages/airflow/example_dags/example_branch_operator.py
[2026-05-02T00:13:16.496+0000] {logging_mixin.py:188} INFO - [2026-05-02T00:13:16.496+0000] {dag.py:3089} INFO - Sync 1 DAGs
[2026-05-02T00:13:16.506+0000] {logging_mixin.py:188} INFO - [2026-05-02T00:13:16.506+0000] {dag.py:3947} INFO - Setting next_dagrun for example_branch_operator to 2026-05-01 00:00:00+00:00, run_after=2026-05-02 00:00:00+00:00
[2026-05-02T00:13:16.515+0000] {processor.py:183} INFO - Processing /home/airflow/.local/lib/python3.12/site-packages/airflow/example_dags/example_branch_operator.py took 0.044 seconds
[2026-05-02T00:13:46.986+0000] {processor.py:161} INFO - Started process (PID=11594) to work on /home/airflow/.local/lib/python3.12/site-packages/airflow/example_dags/example_branch_operator.py
[2026-05-02T00:13:46.987+0000] {processor.py:830} INFO - Processing file /home/airflow/.local/lib/python3.12/site-packages/airflow/example_dags/example_branch_operator.py for tasks to queue
[2026-05-02T00:13:46.987+0000] {logging_mixin.py:188} INFO - [2026-05-02T00:13:46.987+0000] {dagbag.py:545} INFO - Filling up the DagBag from /home/airflow/.local/lib/python3.12/site-packages/airflow/example_dags/example_branch_operator.py
[2026-05-02T00:13:46.996+0000] {processor.py:840} INFO - DAG(s) 'example_branch_operator' retrieved from /home/airflow/.local/lib/python3.12/site-packages/airflow/example_dags/example_branch_operator.py
[2026-05-02T00:13:47.005+0000] {logging_mixin.py:188} INFO - [2026-05-02T00:13:47.005+0000] {dag.py:3089} INFO - Sync 1 DAGs
[2026-05-02T00:13:47.014+0000] {logging_mixin.py:188} INFO - [2026-05-02T00:13:47.013+0000] {dag.py:3947} INFO - Setting next_dagrun for example_branch_operator to 2026-05-01 00:00:00+00:00, run_after=2026-05-02 00:00:00+00:00
[2026-05-02T00:13:47.022+0000] {processor.py:183} INFO - Processing /home/airflow/.local/lib/python3.12/site-packages/airflow/example_dags/example_branch_operator.py took 0.038 seconds
[2026-05-02T00:14:17.535+0000] {processor.py:161} INFO - Started process (PID=11654) to work on /home/airflow/.local/lib/python3.12/site-packages/airflow/example_dags/example_branch_operator.py
[2026-05-02T00:14:17.535+0000] {processor.py:830} INFO - Processing file /home/airflow/.local/lib/python3.12/site-packages/airflow/example_dags/example_branch_operator.py for tasks to queue
[2026-05-02T00:14:17.536+0000] {logging_mixin.py:188} INFO - [2026-05-02T00:14:17.536+0000] {dagbag.py:545} INFO - Filling up the DagBag from /home/airflow/.local/lib/python3.12/site-packages/airflow/example_dags/example_branch_operator.py
[2026-05-02T00:14:17.544+0000] {processor.py:840} INFO - DAG(s) 'example_branch_operator' retrieved from /home/airflow/.local/lib/python3.12/site-packages/airflow/example_dags/example_branch_operator.py
[2026-05-02T00:14:17.557+0000] {logging_mixin.py:188} INFO - [2026-05-02T00:14:17.557+0000] {dag.py:3089} INFO - Sync 1 DAGs
[2026-05-02T00:14:17.565+0000] {logging_mixin.py:188} INFO - [2026-05-02T00:14:17.565+0000] {dag.py:3947} INFO - Setting next_dagrun for example_branch_operator to 2026-05-01 00:00:00+00:00, run_after=2026-05-02 00:00:00+00:00
[2026-05-02T00:14:17.571+0000] {processor.py:183} INFO - Processing /home/airflow/.local/lib/python3.12/site-packages/airflow/example_dags/example_branch_operator.py took 0.039 seconds
[2026-05-02T00:14:48.059+0000] {processor.py:161} INFO - Started process (PID=11714) to work on /home/airflow/.local/lib/python3.12/site-packages/airflow/example_dags/example_branch_operator.py
[2026-05-02T00:14:48.060+0000] {processor.py:830} INFO - Processing file /home/airflow/.local/lib/python3.12/site-packages/airflow/example_dags/example_branch_operator.py for tasks to queue
[2026-05-02T00:14:48.062+0000] {logging_mixin.py:188} INFO - [2026-05-02T00:14:48.062+0000] {dagbag.py:545} INFO - Filling up the DagBag from /home/airflow/.local/lib/python3.12/site-packages/airflow/example_dags/example_branch_operator.py
[2026-05-02T00:14:48.069+0000] {processor.py:840} INFO - DAG(s) 'example_branch_operator' retrieved from /home/airflow/.local/lib/python3.12/site-packages/airflow/example_dags/example_branch_operator.py
[2026-05-02T00:14:48.082+0000] {logging_mixin.py:188} INFO - [2026-05-02T00:14:48.082+0000] {dag.py:3089} INFO - Sync 1 DAGs
[2026-05-02T00:14:48.090+0000] {logging_mixin.py:188} INFO - [2026-05-02T00:14:48.089+0000] {dag.py:3947} INFO - Setting next_dagrun for example_branch_operator to 2026-05-01 00:00:00+00:00, run_after=2026-05-02 00:00:00+00:00
[2026-05-02T00:14:48.098+0000] {processor.py:183} INFO - Processing /home/airflow/.local/lib/python3.12/site-packages/airflow/example_dags/example_branch_operator.py took 0.042 seconds
[2026-05-02T00:15:19.036+0000] {processor.py:161} INFO - Started process (PID=11774) to work on /home/airflow/.local/lib/python3.12/site-packages/airflow/example_dags/example_branch_operator.py
[2026-05-02T00:15:19.037+0000] {processor.py:830} INFO - Processing file /home/airflow/.local/lib/python3.12/site-packages/airflow/example_dags/example_branch_operator.py for tasks to queue
[2026-05-02T00:15:19.038+0000] {logging_mixin.py:188} INFO - [2026-05-02T00:15:19.038+0000] {dagbag.py:545} INFO - Filling up the DagBag from /home/airflow/.local/lib/python3.12/site-packages/airflow/example_dags/example_branch_operator.py
[2026-05-02T00:15:19.048+0000] {processor.py:840} INFO - DAG(s) 'example_branch_operator' retrieved from /home/airflow/.local/lib/python3.12/site-packages/airflow/example_dags/example_branch_operator.py
[2026-05-02T00:15:19.065+0000] {logging_mixin.py:188} INFO - [2026-05-02T00:15:19.065+0000] {dag.py:3089} INFO - Sync 1 DAGs
[2026-05-02T00:15:19.090+0000] {logging_mixin.py:188} INFO - [2026-05-02T00:15:19.089+0000] {dag.py:3947} INFO - Setting next_dagrun for example_branch_operator to 2026-05-01 00:00:00+00:00, run_after=2026-05-02 00:00:00+00:00
[2026-05-02T00:15:19.117+0000] {processor.py:183} INFO - Processing /home/airflow/.local/lib/python3.12/site-packages/airflow/example_dags/example_branch_operator.py took 0.084 seconds
[2026-05-02T00:15:49.191+0000] {processor.py:161} INFO - Started process (PID=11834) to work on /home/airflow/.local/lib/python3.12/site-packages/airflow/example_dags/example_branch_operator.py
[2026-05-02T00:15:49.193+0000] {processor.py:830} INFO - Processing file /home/airflow/.local/lib/python3.12/site-packages/airflow/example_dags/example_branch_operator.py for tasks to queue
[2026-05-02T00:15:49.194+0000] {logging_mixin.py:188} INFO - [2026-05-02T00:15:49.193+0000] {dagbag.py:545} INFO - Filling up the DagBag from /home/airflow/.local/lib/python3.12/site-packages/airflow/example_dags/example_branch_operator.py
[2026-05-02T00:15:49.200+0000] {processor.py:840} INFO - DAG(s) 'example_branch_operator' retrieved from /home/airflow/.local/lib/python3.12/site-packages/airflow/example_dags/example_branch_operator.py
[2026-05-02T00:15:49.212+0000] {logging_mixin.py:188} INFO - [2026-05-02T00:15:49.212+0000] {dag.py:3089} INFO - Sync 1 DAGs
[2026-05-02T00:15:49.220+0000] {logging_mixin.py:188} INFO - [2026-05-02T00:15:49.220+0000] {dag.py:3947} INFO - Setting next_dagrun for example_branch_operator to 2026-05-01 00:00:00+00:00, run_after=2026-05-02 00:00:00+00:00
[2026-05-02T00:15:49.227+0000] {processor.py:183} INFO - Processing /home/airflow/.local/lib/python3.12/site-packages/airflow/example_dags/example_branch_operator.py took 0.038 seconds
[2026-05-02T00:16:19.662+0000] {processor.py:161} INFO - Started process (PID=11895) to work on /home/airflow/.local/lib/python3.12/site-packages/airflow/example_dags/example_branch_operator.py
[2026-05-02T00:16:19.663+0000] {processor.py:830} INFO - Processing file /home/airflow/.local/lib/python3.12/site-packages/airflow/example_dags/example_branch_operator.py for tasks to queue
[2026-05-02T00:16:19.664+0000] {logging_mixin.py:188} INFO - [2026-05-02T00:16:19.664+0000] {dagbag.py:545} INFO - Filling up the DagBag from /home/airflow/.local/lib/python3.12/site-packages/airflow/example_dags/example_branch_operator.py
[2026-05-02T00:16:19.671+0000] {processor.py:840} INFO - DAG(s) 'example_branch_operator' retrieved from /home/airflow/.local/lib/python3.12/site-packages/airflow/example_dags/example_branch_operator.py
[2026-05-02T00:16:19.682+0000] {logging_mixin.py:188} INFO - [2026-05-02T00:16:19.682+0000] {dag.py:3089} INFO - Sync 1 DAGs
[2026-05-02T00:16:19.692+0000] {logging_mixin.py:188} INFO - [2026-05-02T00:16:19.692+0000] {dag.py:3947} INFO - Setting next_dagrun for example_branch_operator to 2026-05-01 00:00:00+00:00, run_after=2026-05-02 00:00:00+00:00
[2026-05-02T00:16:19.701+0000] {processor.py:183} INFO - Processing /home/airflow/.local/lib/python3.12/site-packages/airflow/example_dags/example_branch_operator.py took 0.041 seconds
[2026-05-02T00:16:50.301+0000] {processor.py:161} INFO - Started process (PID=11955) to work on /home/airflow/.local/lib/python3.12/site-packages/airflow/example_dags/example_branch_operator.py
[2026-05-02T00:16:50.302+0000] {processor.py:830} INFO - Processing file /home/airflow/.local/lib/python3.12/site-packages/airflow/example_dags/example_branch_operator.py for tasks to queue
[2026-05-02T00:16:50.303+0000] {logging_mixin.py:188} INFO - [2026-05-02T00:16:50.303+0000] {dagbag.py:545} INFO - Filling up the DagBag from /home/airflow/.local/lib/python3.12/site-packages/airflow/example_dags/example_branch_operator.py
[2026-05-02T00:16:50.312+0000] {processor.py:840} INFO - DAG(s) 'example_branch_operator' retrieved from /home/airflow/.local/lib/python3.12/site-packages/airflow/example_dags/example_branch_operator.py
[2026-05-02T00:16:50.324+0000] {logging_mixin.py:188} INFO - [2026-05-02T00:16:50.324+0000] {dag.py:3089} INFO - Sync 1 DAGs
[2026-05-02T00:16:50.333+0000] {logging_mixin.py:188} INFO - [2026-05-02T00:16:50.333+0000] {dag.py:3947} INFO - Setting next_dagrun for example_branch_operator to 2026-05-01 00:00:00+00:00, run_after=2026-05-02 00:00:00+00:00
[2026-05-02T00:16:50.340+0000] {processor.py:183} INFO - Processing /home/airflow/.local/lib/python3.12/site-packages/airflow/example_dags/example_branch_operator.py took 0.041 seconds
[2026-05-02T00:17:20.874+0000] {processor.py:161} INFO - Started process (PID=12015) to work on /home/airflow/.local/lib/python3.12/site-packages/airflow/example_dags/example_branch_operator.py
[2026-05-02T00:17:20.876+0000] {processor.py:830} INFO - Processing file /home/airflow/.local/lib/python3.12/site-packages/airflow/example_dags/example_branch_operator.py for tasks to queue
[2026-05-02T00:17:20.877+0000] {logging_mixin.py:188} INFO - [2026-05-02T00:17:20.877+0000] {dagbag.py:545} INFO - Filling up the DagBag from /home/airflow/.local/lib/python3.12/site-packages/airflow/example_dags/example_branch_operator.py
[2026-05-02T00:17:20.883+0000] {processor.py:840} INFO - DAG(s) 'example_branch_operator' retrieved from /home/airflow/.local/lib/python3.12/site-packages/airflow/example_dags/example_branch_operator.py
[2026-05-02T00:17:20.893+0000] {logging_mixin.py:188} INFO - [2026-05-02T00:17:20.893+0000] {dag.py:3089} INFO - Sync 1 DAGs
[2026-05-02T00:17:20.902+0000] {logging_mixin.py:188} INFO - [2026-05-02T00:17:20.902+0000] {dag.py:3947} INFO - Setting next_dagrun for example_branch_operator to 2026-05-01 00:00:00+00:00, run_after=2026-05-02 00:00:00+00:00
[2026-05-02T00:17:20.911+0000] {processor.py:183} INFO - Processing /home/airflow/.local/lib/python3.12/site-packages/airflow/example_dags/example_branch_operator.py took 0.039 seconds
[2026-05-02T00:17:51.549+0000] {processor.py:161} INFO - Started process (PID=12075) to work on /home/airflow/.local/lib/python3.12/site-packages/airflow/example_dags/example_branch_operator.py
[2026-05-02T00:17:51.549+0000] {processor.py:830} INFO - Processing file /home/airflow/.local/lib/python3.12/site-packages/airflow/example_dags/example_branch_operator.py for tasks to queue
[2026-05-02T00:17:51.550+0000] {logging_mixin.py:188} INFO - [2026-05-02T00:17:51.550+0000] {dagbag.py:545} INFO - Filling up the DagBag from /home/airflow/.local/lib/python3.12/site-packages/airflow/example_dags/example_branch_operator.py
[2026-05-02T00:17:51.556+0000] {processor.py:840} INFO - DAG(s) 'example_branch_operator' retrieved from /home/airflow/.local/lib/python3.12/site-packages/airflow/example_dags/example_branch_operator.py
[2026-05-02T00:17:51.564+0000] {logging_mixin.py:188} INFO - [2026-05-02T00:17:51.564+0000] {dag.py:3089} INFO - Sync 1 DAGs
[2026-05-02T00:17:51.571+0000] {logging_mixin.py:188} INFO - [2026-05-02T00:17:51.571+0000] {dag.py:3947} INFO - Setting next_dagrun for example_branch_operator to 2026-05-01 00:00:00+00:00, run_after=2026-05-02 00:00:00+00:00
[2026-05-02T00:17:51.576+0000] {processor.py:183} INFO - Processing /home/airflow/.local/lib/python3.12/site-packages/airflow/example_dags/example_branch_operator.py took 0.029 seconds
