[2026-05-02T00:07:39.352+0000] {processor.py:161} INFO - Started process (PID=10886) to work on /home/airflow/.local/lib/python3.12/site-packages/airflow/example_dags/example_kubernetes_executor.py
[2026-05-02T00:07:39.353+0000] {processor.py:830} INFO - Processing file /home/airflow/.local/lib/python3.12/site-packages/airflow/example_dags/example_kubernetes_executor.py for tasks to queue
[2026-05-02T00:07:39.356+0000] {logging_mixin.py:188} INFO - [2026-05-02T00:07:39.356+0000] {dagbag.py:545} INFO - Filling up the DagBag from /home/airflow/.local/lib/python3.12/site-packages/airflow/example_dags/example_kubernetes_executor.py
[2026-05-02T00:07:39.361+0000] {processor.py:840} INFO - DAG(s) 'example_kubernetes_executor' retrieved from /home/airflow/.local/lib/python3.12/site-packages/airflow/example_dags/example_kubernetes_executor.py
[2026-05-02T00:07:39.380+0000] {logging_mixin.py:188} INFO - [2026-05-02T00:07:39.380+0000] {dag.py:3089} INFO - Sync 1 DAGs
[2026-05-02T00:07:39.384+0000] {logging_mixin.py:188} INFO - [2026-05-02T00:07:39.384+0000] {dag.py:3947} INFO - Setting next_dagrun for example_kubernetes_executor to None, run_after=None
[2026-05-02T00:07:39.392+0000] {processor.py:183} INFO - Processing /home/airflow/.local/lib/python3.12/site-packages/airflow/example_dags/example_kubernetes_executor.py took 0.042 seconds
[2026-05-02T00:08:10.146+0000] {processor.py:161} INFO - Started process (PID=10946) to work on /home/airflow/.local/lib/python3.12/site-packages/airflow/example_dags/example_kubernetes_executor.py
[2026-05-02T00:08:10.146+0000] {processor.py:830} INFO - Processing file /home/airflow/.local/lib/python3.12/site-packages/airflow/example_dags/example_kubernetes_executor.py for tasks to queue
[2026-05-02T00:08:10.147+0000] {logging_mixin.py:188} INFO - [2026-05-02T00:08:10.147+0000] {dagbag.py:545} INFO - Filling up the DagBag from /home/airflow/.local/lib/python3.12/site-packages/airflow/example_dags/example_kubernetes_executor.py
[2026-05-02T00:08:10.153+0000] {processor.py:840} INFO - DAG(s) 'example_kubernetes_executor' retrieved from /home/airflow/.local/lib/python3.12/site-packages/airflow/example_dags/example_kubernetes_executor.py
[2026-05-02T00:08:10.168+0000] {logging_mixin.py:188} INFO - [2026-05-02T00:08:10.168+0000] {dag.py:3089} INFO - Sync 1 DAGs
[2026-05-02T00:08:10.173+0000] {logging_mixin.py:188} INFO - [2026-05-02T00:08:10.173+0000] {dag.py:3947} INFO - Setting next_dagrun for example_kubernetes_executor to None, run_after=None
[2026-05-02T00:08:10.180+0000] {processor.py:183} INFO - Processing /home/airflow/.local/lib/python3.12/site-packages/airflow/example_dags/example_kubernetes_executor.py took 0.036 seconds
[2026-05-02T00:08:40.794+0000] {processor.py:161} INFO - Started process (PID=11006) to work on /home/airflow/.local/lib/python3.12/site-packages/airflow/example_dags/example_kubernetes_executor.py
[2026-05-02T00:08:40.795+0000] {processor.py:830} INFO - Processing file /home/airflow/.local/lib/python3.12/site-packages/airflow/example_dags/example_kubernetes_executor.py for tasks to queue
[2026-05-02T00:08:40.796+0000] {logging_mixin.py:188} INFO - [2026-05-02T00:08:40.795+0000] {dagbag.py:545} INFO - Filling up the DagBag from /home/airflow/.local/lib/python3.12/site-packages/airflow/example_dags/example_kubernetes_executor.py
[2026-05-02T00:08:40.800+0000] {processor.py:840} INFO - DAG(s) 'example_kubernetes_executor' retrieved from /home/airflow/.local/lib/python3.12/site-packages/airflow/example_dags/example_kubernetes_executor.py
[2026-05-02T00:08:40.813+0000] {logging_mixin.py:188} INFO - [2026-05-02T00:08:40.813+0000] {dag.py:3089} INFO - Sync 1 DAGs
[2026-05-02T00:08:40.817+0000] {logging_mixin.py:188} INFO - [2026-05-02T00:08:40.817+0000] {dag.py:3947} INFO - Setting next_dagrun for example_kubernetes_executor to None, run_after=None
[2026-05-02T00:08:40.823+0000] {processor.py:183} INFO - Processing /home/airflow/.local/lib/python3.12/site-packages/airflow/example_dags/example_kubernetes_executor.py took 0.031 seconds
[2026-05-02T00:09:11.487+0000] {processor.py:161} INFO - Started process (PID=11066) to work on /home/airflow/.local/lib/python3.12/site-packages/airflow/example_dags/example_kubernetes_executor.py
[2026-05-02T00:09:11.488+0000] {processor.py:830} INFO - Processing file /home/airflow/.local/lib/python3.12/site-packages/airflow/example_dags/example_kubernetes_executor.py for tasks to queue
[2026-05-02T00:09:11.489+0000] {logging_mixin.py:188} INFO - [2026-05-02T00:09:11.489+0000] {dagbag.py:545} INFO - Filling up the DagBag from /home/airflow/.local/lib/python3.12/site-packages/airflow/example_dags/example_kubernetes_executor.py
[2026-05-02T00:09:11.495+0000] {processor.py:840} INFO - DAG(s) 'example_kubernetes_executor' retrieved from /home/airflow/.local/lib/python3.12/site-packages/airflow/example_dags/example_kubernetes_executor.py
[2026-05-02T00:09:11.514+0000] {logging_mixin.py:188} INFO - [2026-05-02T00:09:11.514+0000] {dag.py:3089} INFO - Sync 1 DAGs
[2026-05-02T00:09:11.518+0000] {logging_mixin.py:188} INFO - [2026-05-02T00:09:11.518+0000] {dag.py:3947} INFO - Setting next_dagrun for example_kubernetes_executor to None, run_after=None
[2026-05-02T00:09:11.528+0000] {processor.py:183} INFO - Processing /home/airflow/.local/lib/python3.12/site-packages/airflow/example_dags/example_kubernetes_executor.py took 0.043 seconds
[2026-05-02T00:09:42.441+0000] {processor.py:161} INFO - Started process (PID=11126) to work on /home/airflow/.local/lib/python3.12/site-packages/airflow/example_dags/example_kubernetes_executor.py
[2026-05-02T00:09:42.442+0000] {processor.py:830} INFO - Processing file /home/airflow/.local/lib/python3.12/site-packages/airflow/example_dags/example_kubernetes_executor.py for tasks to queue
[2026-05-02T00:09:42.443+0000] {logging_mixin.py:188} INFO - [2026-05-02T00:09:42.443+0000] {dagbag.py:545} INFO - Filling up the DagBag from /home/airflow/.local/lib/python3.12/site-packages/airflow/example_dags/example_kubernetes_executor.py
[2026-05-02T00:09:42.448+0000] {processor.py:840} INFO - DAG(s) 'example_kubernetes_executor' retrieved from /home/airflow/.local/lib/python3.12/site-packages/airflow/example_dags/example_kubernetes_executor.py
[2026-05-02T00:09:42.464+0000] {logging_mixin.py:188} INFO - [2026-05-02T00:09:42.464+0000] {dag.py:3089} INFO - Sync 1 DAGs
[2026-05-02T00:09:42.469+0000] {logging_mixin.py:188} INFO - [2026-05-02T00:09:42.469+0000] {dag.py:3947} INFO - Setting next_dagrun for example_kubernetes_executor to None, run_after=None
[2026-05-02T00:09:42.482+0000] {processor.py:183} INFO - Processing /home/airflow/.local/lib/python3.12/site-packages/airflow/example_dags/example_kubernetes_executor.py took 0.043 seconds
[2026-05-02T00:10:14.012+0000] {processor.py:161} INFO - Started process (PID=11186) to work on /home/airflow/.local/lib/python3.12/site-packages/airflow/example_dags/example_kubernetes_executor.py
[2026-05-02T00:10:14.012+0000] {processor.py:830} INFO - Processing file /home/airflow/.local/lib/python3.12/site-packages/airflow/example_dags/example_kubernetes_executor.py for tasks to queue
[2026-05-02T00:10:14.013+0000] {logging_mixin.py:188} INFO - [2026-05-02T00:10:14.013+0000] {dagbag.py:545} INFO - Filling up the DagBag from /home/airflow/.local/lib/python3.12/site-packages/airflow/example_dags/example_kubernetes_executor.py
[2026-05-02T00:10:14.017+0000] {processor.py:840} INFO - DAG(s) 'example_kubernetes_executor' retrieved from /home/airflow/.local/lib/python3.12/site-packages/airflow/example_dags/example_kubernetes_executor.py
[2026-05-02T00:10:14.035+0000] {logging_mixin.py:188} INFO - [2026-05-02T00:10:14.035+0000] {dag.py:3089} INFO - Sync 1 DAGs
[2026-05-02T00:10:14.039+0000] {logging_mixin.py:188} INFO - [2026-05-02T00:10:14.039+0000] {dag.py:3947} INFO - Setting next_dagrun for example_kubernetes_executor to None, run_after=None
[2026-05-02T00:10:14.048+0000] {processor.py:183} INFO - Processing /home/airflow/.local/lib/python3.12/site-packages/airflow/example_dags/example_kubernetes_executor.py took 0.039 seconds
[2026-05-02T00:10:44.513+0000] {processor.py:161} INFO - Started process (PID=11246) to work on /home/airflow/.local/lib/python3.12/site-packages/airflow/example_dags/example_kubernetes_executor.py
[2026-05-02T00:10:44.514+0000] {processor.py:830} INFO - Processing file /home/airflow/.local/lib/python3.12/site-packages/airflow/example_dags/example_kubernetes_executor.py for tasks to queue
[2026-05-02T00:10:44.514+0000] {logging_mixin.py:188} INFO - [2026-05-02T00:10:44.514+0000] {dagbag.py:545} INFO - Filling up the DagBag from /home/airflow/.local/lib/python3.12/site-packages/airflow/example_dags/example_kubernetes_executor.py
[2026-05-02T00:10:44.594+0000] {processor.py:840} INFO - DAG(s) 'example_kubernetes_executor' retrieved from /home/airflow/.local/lib/python3.12/site-packages/airflow/example_dags/example_kubernetes_executor.py
[2026-05-02T00:10:44.609+0000] {logging_mixin.py:188} INFO - [2026-05-02T00:10:44.609+0000] {dag.py:3089} INFO - Sync 1 DAGs
[2026-05-02T00:10:44.613+0000] {logging_mixin.py:188} INFO - [2026-05-02T00:10:44.613+0000] {dag.py:3947} INFO - Setting next_dagrun for example_kubernetes_executor to None, run_after=None
[2026-05-02T00:10:44.620+0000] {processor.py:183} INFO - Processing /home/airflow/.local/lib/python3.12/site-packages/airflow/example_dags/example_kubernetes_executor.py took 0.110 seconds
[2026-05-02T00:11:15.483+0000] {processor.py:161} INFO - Started process (PID=11306) to work on /home/airflow/.local/lib/python3.12/site-packages/airflow/example_dags/example_kubernetes_executor.py
[2026-05-02T00:11:15.483+0000] {processor.py:830} INFO - Processing file /home/airflow/.local/lib/python3.12/site-packages/airflow/example_dags/example_kubernetes_executor.py for tasks to queue
[2026-05-02T00:11:15.484+0000] {logging_mixin.py:188} INFO - [2026-05-02T00:11:15.484+0000] {dagbag.py:545} INFO - Filling up the DagBag from /home/airflow/.local/lib/python3.12/site-packages/airflow/example_dags/example_kubernetes_executor.py
[2026-05-02T00:11:15.489+0000] {processor.py:840} INFO - DAG(s) 'example_kubernetes_executor' retrieved from /home/airflow/.local/lib/python3.12/site-packages/airflow/example_dags/example_kubernetes_executor.py
[2026-05-02T00:11:15.501+0000] {logging_mixin.py:188} INFO - [2026-05-02T00:11:15.501+0000] {dag.py:3089} INFO - Sync 1 DAGs
[2026-05-02T00:11:15.507+0000] {logging_mixin.py:188} INFO - [2026-05-02T00:11:15.507+0000] {dag.py:3947} INFO - Setting next_dagrun for example_kubernetes_executor to None, run_after=None
[2026-05-02T00:11:15.516+0000] {processor.py:183} INFO - Processing /home/airflow/.local/lib/python3.12/site-packages/airflow/example_dags/example_kubernetes_executor.py took 0.035 seconds
[2026-05-02T00:11:46.148+0000] {processor.py:161} INFO - Started process (PID=11366) to work on /home/airflow/.local/lib/python3.12/site-packages/airflow/example_dags/example_kubernetes_executor.py
[2026-05-02T00:11:46.149+0000] {processor.py:830} INFO - Processing file /home/airflow/.local/lib/python3.12/site-packages/airflow/example_dags/example_kubernetes_executor.py for tasks to queue
[2026-05-02T00:11:46.149+0000] {logging_mixin.py:188} INFO - [2026-05-02T00:11:46.149+0000] {dagbag.py:545} INFO - Filling up the DagBag from /home/airflow/.local/lib/python3.12/site-packages/airflow/example_dags/example_kubernetes_executor.py
[2026-05-02T00:11:46.156+0000] {processor.py:840} INFO - DAG(s) 'example_kubernetes_executor' retrieved from /home/airflow/.local/lib/python3.12/site-packages/airflow/example_dags/example_kubernetes_executor.py
[2026-05-02T00:11:46.177+0000] {logging_mixin.py:188} INFO - [2026-05-02T00:11:46.176+0000] {dag.py:3089} INFO - Sync 1 DAGs
[2026-05-02T00:11:46.180+0000] {logging_mixin.py:188} INFO - [2026-05-02T00:11:46.180+0000] {dag.py:3947} INFO - Setting next_dagrun for example_kubernetes_executor to None, run_after=None
[2026-05-02T00:11:46.188+0000] {processor.py:183} INFO - Processing /home/airflow/.local/lib/python3.12/site-packages/airflow/example_dags/example_kubernetes_executor.py took 0.043 seconds
[2026-05-02T00:12:16.693+0000] {processor.py:161} INFO - Started process (PID=11426) to work on /home/airflow/.local/lib/python3.12/site-packages/airflow/example_dags/example_kubernetes_executor.py
[2026-05-02T00:12:16.695+0000] {processor.py:830} INFO - Processing file /home/airflow/.local/lib/python3.12/site-packages/airflow/example_dags/example_kubernetes_executor.py for tasks to queue
[2026-05-02T00:12:16.696+0000] {logging_mixin.py:188} INFO - [2026-05-02T00:12:16.696+0000] {dagbag.py:545} INFO - Filling up the DagBag from /home/airflow/.local/lib/python3.12/site-packages/airflow/example_dags/example_kubernetes_executor.py
[2026-05-02T00:12:16.701+0000] {processor.py:840} INFO - DAG(s) 'example_kubernetes_executor' retrieved from /home/airflow/.local/lib/python3.12/site-packages/airflow/example_dags/example_kubernetes_executor.py
[2026-05-02T00:12:16.715+0000] {logging_mixin.py:188} INFO - [2026-05-02T00:12:16.715+0000] {dag.py:3089} INFO - Sync 1 DAGs
[2026-05-02T00:12:16.719+0000] {logging_mixin.py:188} INFO - [2026-05-02T00:12:16.719+0000] {dag.py:3947} INFO - Setting next_dagrun for example_kubernetes_executor to None, run_after=None
[2026-05-02T00:12:16.728+0000] {processor.py:183} INFO - Processing /home/airflow/.local/lib/python3.12/site-packages/airflow/example_dags/example_kubernetes_executor.py took 0.038 seconds
[2026-05-02T00:12:47.251+0000] {processor.py:161} INFO - Started process (PID=11486) to work on /home/airflow/.local/lib/python3.12/site-packages/airflow/example_dags/example_kubernetes_executor.py
[2026-05-02T00:12:47.252+0000] {processor.py:830} INFO - Processing file /home/airflow/.local/lib/python3.12/site-packages/airflow/example_dags/example_kubernetes_executor.py for tasks to queue
[2026-05-02T00:12:47.252+0000] {logging_mixin.py:188} INFO - [2026-05-02T00:12:47.252+0000] {dagbag.py:545} INFO - Filling up the DagBag from /home/airflow/.local/lib/python3.12/site-packages/airflow/example_dags/example_kubernetes_executor.py
[2026-05-02T00:12:47.256+0000] {processor.py:840} INFO - DAG(s) 'example_kubernetes_executor' retrieved from /home/airflow/.local/lib/python3.12/site-packages/airflow/example_dags/example_kubernetes_executor.py
[2026-05-02T00:12:47.268+0000] {logging_mixin.py:188} INFO - [2026-05-02T00:12:47.268+0000] {dag.py:3089} INFO - Sync 1 DAGs
[2026-05-02T00:12:47.272+0000] {logging_mixin.py:188} INFO - [2026-05-02T00:12:47.272+0000] {dag.py:3947} INFO - Setting next_dagrun for example_kubernetes_executor to None, run_after=None
[2026-05-02T00:12:47.277+0000] {processor.py:183} INFO - Processing /home/airflow/.local/lib/python3.12/site-packages/airflow/example_dags/example_kubernetes_executor.py took 0.028 seconds
[2026-05-02T00:13:17.768+0000] {processor.py:161} INFO - Started process (PID=11546) to work on /home/airflow/.local/lib/python3.12/site-packages/airflow/example_dags/example_kubernetes_executor.py
[2026-05-02T00:13:17.769+0000] {processor.py:830} INFO - Processing file /home/airflow/.local/lib/python3.12/site-packages/airflow/example_dags/example_kubernetes_executor.py for tasks to queue
[2026-05-02T00:13:17.770+0000] {logging_mixin.py:188} INFO - [2026-05-02T00:13:17.770+0000] {dagbag.py:545} INFO - Filling up the DagBag from /home/airflow/.local/lib/python3.12/site-packages/airflow/example_dags/example_kubernetes_executor.py
[2026-05-02T00:13:17.776+0000] {processor.py:840} INFO - DAG(s) 'example_kubernetes_executor' retrieved from /home/airflow/.local/lib/python3.12/site-packages/airflow/example_dags/example_kubernetes_executor.py
[2026-05-02T00:13:17.794+0000] {logging_mixin.py:188} INFO - [2026-05-02T00:13:17.794+0000] {dag.py:3089} INFO - Sync 1 DAGs
[2026-05-02T00:13:17.800+0000] {logging_mixin.py:188} INFO - [2026-05-02T00:13:17.800+0000] {dag.py:3947} INFO - Setting next_dagrun for example_kubernetes_executor to None, run_after=None
[2026-05-02T00:13:17.808+0000] {processor.py:183} INFO - Processing /home/airflow/.local/lib/python3.12/site-packages/airflow/example_dags/example_kubernetes_executor.py took 0.043 seconds
[2026-05-02T00:13:48.266+0000] {processor.py:161} INFO - Started process (PID=11606) to work on /home/airflow/.local/lib/python3.12/site-packages/airflow/example_dags/example_kubernetes_executor.py
[2026-05-02T00:13:48.266+0000] {processor.py:830} INFO - Processing file /home/airflow/.local/lib/python3.12/site-packages/airflow/example_dags/example_kubernetes_executor.py for tasks to queue
[2026-05-02T00:13:48.267+0000] {logging_mixin.py:188} INFO - [2026-05-02T00:13:48.267+0000] {dagbag.py:545} INFO - Filling up the DagBag from /home/airflow/.local/lib/python3.12/site-packages/airflow/example_dags/example_kubernetes_executor.py
[2026-05-02T00:13:48.272+0000] {processor.py:840} INFO - DAG(s) 'example_kubernetes_executor' retrieved from /home/airflow/.local/lib/python3.12/site-packages/airflow/example_dags/example_kubernetes_executor.py
[2026-05-02T00:13:48.284+0000] {logging_mixin.py:188} INFO - [2026-05-02T00:13:48.284+0000] {dag.py:3089} INFO - Sync 1 DAGs
[2026-05-02T00:13:48.291+0000] {logging_mixin.py:188} INFO - [2026-05-02T00:13:48.291+0000] {dag.py:3947} INFO - Setting next_dagrun for example_kubernetes_executor to None, run_after=None
[2026-05-02T00:13:48.300+0000] {processor.py:183} INFO - Processing /home/airflow/.local/lib/python3.12/site-packages/airflow/example_dags/example_kubernetes_executor.py took 0.037 seconds
[2026-05-02T00:14:18.822+0000] {processor.py:161} INFO - Started process (PID=11666) to work on /home/airflow/.local/lib/python3.12/site-packages/airflow/example_dags/example_kubernetes_executor.py
[2026-05-02T00:14:18.822+0000] {processor.py:830} INFO - Processing file /home/airflow/.local/lib/python3.12/site-packages/airflow/example_dags/example_kubernetes_executor.py for tasks to queue
[2026-05-02T00:14:18.823+0000] {logging_mixin.py:188} INFO - [2026-05-02T00:14:18.823+0000] {dagbag.py:545} INFO - Filling up the DagBag from /home/airflow/.local/lib/python3.12/site-packages/airflow/example_dags/example_kubernetes_executor.py
[2026-05-02T00:14:18.830+0000] {processor.py:840} INFO - DAG(s) 'example_kubernetes_executor' retrieved from /home/airflow/.local/lib/python3.12/site-packages/airflow/example_dags/example_kubernetes_executor.py
[2026-05-02T00:14:18.849+0000] {logging_mixin.py:188} INFO - [2026-05-02T00:14:18.849+0000] {dag.py:3089} INFO - Sync 1 DAGs
[2026-05-02T00:14:18.854+0000] {logging_mixin.py:188} INFO - [2026-05-02T00:14:18.854+0000] {dag.py:3947} INFO - Setting next_dagrun for example_kubernetes_executor to None, run_after=None
[2026-05-02T00:14:18.860+0000] {processor.py:183} INFO - Processing /home/airflow/.local/lib/python3.12/site-packages/airflow/example_dags/example_kubernetes_executor.py took 0.041 seconds
[2026-05-02T00:14:49.352+0000] {processor.py:161} INFO - Started process (PID=11726) to work on /home/airflow/.local/lib/python3.12/site-packages/airflow/example_dags/example_kubernetes_executor.py
[2026-05-02T00:14:49.352+0000] {processor.py:830} INFO - Processing file /home/airflow/.local/lib/python3.12/site-packages/airflow/example_dags/example_kubernetes_executor.py for tasks to queue
[2026-05-02T00:14:49.353+0000] {logging_mixin.py:188} INFO - [2026-05-02T00:14:49.353+0000] {dagbag.py:545} INFO - Filling up the DagBag from /home/airflow/.local/lib/python3.12/site-packages/airflow/example_dags/example_kubernetes_executor.py
[2026-05-02T00:14:49.358+0000] {processor.py:840} INFO - DAG(s) 'example_kubernetes_executor' retrieved from /home/airflow/.local/lib/python3.12/site-packages/airflow/example_dags/example_kubernetes_executor.py
[2026-05-02T00:14:49.376+0000] {logging_mixin.py:188} INFO - [2026-05-02T00:14:49.376+0000] {dag.py:3089} INFO - Sync 1 DAGs
[2026-05-02T00:14:49.380+0000] {logging_mixin.py:188} INFO - [2026-05-02T00:14:49.380+0000] {dag.py:3947} INFO - Setting next_dagrun for example_kubernetes_executor to None, run_after=None
[2026-05-02T00:14:49.387+0000] {processor.py:183} INFO - Processing /home/airflow/.local/lib/python3.12/site-packages/airflow/example_dags/example_kubernetes_executor.py took 0.037 seconds
[2026-05-02T00:15:19.510+0000] {processor.py:161} INFO - Started process (PID=11786) to work on /home/airflow/.local/lib/python3.12/site-packages/airflow/example_dags/example_kubernetes_executor.py
[2026-05-02T00:15:19.511+0000] {processor.py:830} INFO - Processing file /home/airflow/.local/lib/python3.12/site-packages/airflow/example_dags/example_kubernetes_executor.py for tasks to queue
[2026-05-02T00:15:19.513+0000] {logging_mixin.py:188} INFO - [2026-05-02T00:15:19.513+0000] {dagbag.py:545} INFO - Filling up the DagBag from /home/airflow/.local/lib/python3.12/site-packages/airflow/example_dags/example_kubernetes_executor.py
[2026-05-02T00:15:19.523+0000] {processor.py:840} INFO - DAG(s) 'example_kubernetes_executor' retrieved from /home/airflow/.local/lib/python3.12/site-packages/airflow/example_dags/example_kubernetes_executor.py
[2026-05-02T00:15:19.544+0000] {logging_mixin.py:188} INFO - [2026-05-02T00:15:19.544+0000] {dag.py:3089} INFO - Sync 1 DAGs
[2026-05-02T00:15:19.552+0000] {logging_mixin.py:188} INFO - [2026-05-02T00:15:19.552+0000] {dag.py:3947} INFO - Setting next_dagrun for example_kubernetes_executor to None, run_after=None
[2026-05-02T00:15:19.562+0000] {processor.py:183} INFO - Processing /home/airflow/.local/lib/python3.12/site-packages/airflow/example_dags/example_kubernetes_executor.py took 0.055 seconds
[2026-05-02T00:15:50.465+0000] {processor.py:161} INFO - Started process (PID=11846) to work on /home/airflow/.local/lib/python3.12/site-packages/airflow/example_dags/example_kubernetes_executor.py
[2026-05-02T00:15:50.467+0000] {processor.py:830} INFO - Processing file /home/airflow/.local/lib/python3.12/site-packages/airflow/example_dags/example_kubernetes_executor.py for tasks to queue
[2026-05-02T00:15:50.468+0000] {logging_mixin.py:188} INFO - [2026-05-02T00:15:50.468+0000] {dagbag.py:545} INFO - Filling up the DagBag from /home/airflow/.local/lib/python3.12/site-packages/airflow/example_dags/example_kubernetes_executor.py
[2026-05-02T00:15:50.474+0000] {processor.py:840} INFO - DAG(s) 'example_kubernetes_executor' retrieved from /home/airflow/.local/lib/python3.12/site-packages/airflow/example_dags/example_kubernetes_executor.py
[2026-05-02T00:15:50.491+0000] {logging_mixin.py:188} INFO - [2026-05-02T00:15:50.491+0000] {dag.py:3089} INFO - Sync 1 DAGs
[2026-05-02T00:15:50.495+0000] {logging_mixin.py:188} INFO - [2026-05-02T00:15:50.495+0000] {dag.py:3947} INFO - Setting next_dagrun for example_kubernetes_executor to None, run_after=None
[2026-05-02T00:15:50.505+0000] {processor.py:183} INFO - Processing /home/airflow/.local/lib/python3.12/site-packages/airflow/example_dags/example_kubernetes_executor.py took 0.041 seconds
[2026-05-02T00:16:20.963+0000] {processor.py:161} INFO - Started process (PID=11907) to work on /home/airflow/.local/lib/python3.12/site-packages/airflow/example_dags/example_kubernetes_executor.py
[2026-05-02T00:16:20.964+0000] {processor.py:830} INFO - Processing file /home/airflow/.local/lib/python3.12/site-packages/airflow/example_dags/example_kubernetes_executor.py for tasks to queue
[2026-05-02T00:16:20.965+0000] {logging_mixin.py:188} INFO - [2026-05-02T00:16:20.964+0000] {dagbag.py:545} INFO - Filling up the DagBag from /home/airflow/.local/lib/python3.12/site-packages/airflow/example_dags/example_kubernetes_executor.py
[2026-05-02T00:16:20.970+0000] {processor.py:840} INFO - DAG(s) 'example_kubernetes_executor' retrieved from /home/airflow/.local/lib/python3.12/site-packages/airflow/example_dags/example_kubernetes_executor.py
[2026-05-02T00:16:20.987+0000] {logging_mixin.py:188} INFO - [2026-05-02T00:16:20.987+0000] {dag.py:3089} INFO - Sync 1 DAGs
[2026-05-02T00:16:20.994+0000] {logging_mixin.py:188} INFO - [2026-05-02T00:16:20.994+0000] {dag.py:3947} INFO - Setting next_dagrun for example_kubernetes_executor to None, run_after=None
[2026-05-02T00:16:21.003+0000] {processor.py:183} INFO - Processing /home/airflow/.local/lib/python3.12/site-packages/airflow/example_dags/example_kubernetes_executor.py took 0.042 seconds
[2026-05-02T00:16:51.588+0000] {processor.py:161} INFO - Started process (PID=11967) to work on /home/airflow/.local/lib/python3.12/site-packages/airflow/example_dags/example_kubernetes_executor.py
[2026-05-02T00:16:51.588+0000] {processor.py:830} INFO - Processing file /home/airflow/.local/lib/python3.12/site-packages/airflow/example_dags/example_kubernetes_executor.py for tasks to queue
[2026-05-02T00:16:51.589+0000] {logging_mixin.py:188} INFO - [2026-05-02T00:16:51.589+0000] {dagbag.py:545} INFO - Filling up the DagBag from /home/airflow/.local/lib/python3.12/site-packages/airflow/example_dags/example_kubernetes_executor.py
[2026-05-02T00:16:51.594+0000] {processor.py:840} INFO - DAG(s) 'example_kubernetes_executor' retrieved from /home/airflow/.local/lib/python3.12/site-packages/airflow/example_dags/example_kubernetes_executor.py
[2026-05-02T00:16:51.609+0000] {logging_mixin.py:188} INFO - [2026-05-02T00:16:51.609+0000] {dag.py:3089} INFO - Sync 1 DAGs
[2026-05-02T00:16:51.613+0000] {logging_mixin.py:188} INFO - [2026-05-02T00:16:51.613+0000] {dag.py:3947} INFO - Setting next_dagrun for example_kubernetes_executor to None, run_after=None
[2026-05-02T00:16:51.623+0000] {processor.py:183} INFO - Processing /home/airflow/.local/lib/python3.12/site-packages/airflow/example_dags/example_kubernetes_executor.py took 0.038 seconds
[2026-05-02T00:17:22.188+0000] {processor.py:161} INFO - Started process (PID=12027) to work on /home/airflow/.local/lib/python3.12/site-packages/airflow/example_dags/example_kubernetes_executor.py
[2026-05-02T00:17:22.188+0000] {processor.py:830} INFO - Processing file /home/airflow/.local/lib/python3.12/site-packages/airflow/example_dags/example_kubernetes_executor.py for tasks to queue
[2026-05-02T00:17:22.189+0000] {logging_mixin.py:188} INFO - [2026-05-02T00:17:22.189+0000] {dagbag.py:545} INFO - Filling up the DagBag from /home/airflow/.local/lib/python3.12/site-packages/airflow/example_dags/example_kubernetes_executor.py
[2026-05-02T00:17:22.194+0000] {processor.py:840} INFO - DAG(s) 'example_kubernetes_executor' retrieved from /home/airflow/.local/lib/python3.12/site-packages/airflow/example_dags/example_kubernetes_executor.py
[2026-05-02T00:17:22.214+0000] {logging_mixin.py:188} INFO - [2026-05-02T00:17:22.214+0000] {dag.py:3089} INFO - Sync 1 DAGs
[2026-05-02T00:17:22.219+0000] {logging_mixin.py:188} INFO - [2026-05-02T00:17:22.218+0000] {dag.py:3947} INFO - Setting next_dagrun for example_kubernetes_executor to None, run_after=None
[2026-05-02T00:17:22.228+0000] {processor.py:183} INFO - Processing /home/airflow/.local/lib/python3.12/site-packages/airflow/example_dags/example_kubernetes_executor.py took 0.043 seconds
[2026-05-02T00:17:52.837+0000] {processor.py:161} INFO - Started process (PID=12087) to work on /home/airflow/.local/lib/python3.12/site-packages/airflow/example_dags/example_kubernetes_executor.py
[2026-05-02T00:17:52.838+0000] {processor.py:830} INFO - Processing file /home/airflow/.local/lib/python3.12/site-packages/airflow/example_dags/example_kubernetes_executor.py for tasks to queue
[2026-05-02T00:17:52.839+0000] {logging_mixin.py:188} INFO - [2026-05-02T00:17:52.839+0000] {dagbag.py:545} INFO - Filling up the DagBag from /home/airflow/.local/lib/python3.12/site-packages/airflow/example_dags/example_kubernetes_executor.py
[2026-05-02T00:17:52.844+0000] {processor.py:840} INFO - DAG(s) 'example_kubernetes_executor' retrieved from /home/airflow/.local/lib/python3.12/site-packages/airflow/example_dags/example_kubernetes_executor.py
[2026-05-02T00:17:52.860+0000] {logging_mixin.py:188} INFO - [2026-05-02T00:17:52.860+0000] {dag.py:3089} INFO - Sync 1 DAGs
[2026-05-02T00:17:52.864+0000] {logging_mixin.py:188} INFO - [2026-05-02T00:17:52.864+0000] {dag.py:3947} INFO - Setting next_dagrun for example_kubernetes_executor to None, run_after=None
[2026-05-02T00:17:52.871+0000] {processor.py:183} INFO - Processing /home/airflow/.local/lib/python3.12/site-packages/airflow/example_dags/example_kubernetes_executor.py took 0.037 seconds
