[2026-05-02T00:07:39.746+0000] {processor.py:161} INFO - Started process (PID=10901) to work on /home/airflow/.local/lib/python3.12/site-packages/airflow/example_dags/example_branch_labels.py
[2026-05-02T00:07:39.747+0000] {processor.py:830} INFO - Processing file /home/airflow/.local/lib/python3.12/site-packages/airflow/example_dags/example_branch_labels.py for tasks to queue
[2026-05-02T00:07:39.748+0000] {logging_mixin.py:188} INFO - [2026-05-02T00:07:39.748+0000] {dagbag.py:545} INFO - Filling up the DagBag from /home/airflow/.local/lib/python3.12/site-packages/airflow/example_dags/example_branch_labels.py
[2026-05-02T00:07:39.751+0000] {processor.py:840} INFO - DAG(s) 'example_branch_labels' retrieved from /home/airflow/.local/lib/python3.12/site-packages/airflow/example_dags/example_branch_labels.py
[2026-05-02T00:07:39.762+0000] {logging_mixin.py:188} INFO - [2026-05-02T00:07:39.762+0000] {dag.py:3089} INFO - Sync 1 DAGs
[2026-05-02T00:07:39.772+0000] {logging_mixin.py:188} INFO - [2026-05-02T00:07:39.771+0000] {dag.py:3947} INFO - Setting next_dagrun for example_branch_labels to 2026-05-01 00:00:00+00:00, run_after=2026-05-02 00:00:00+00:00
[2026-05-02T00:07:39.783+0000] {processor.py:183} INFO - Processing /home/airflow/.local/lib/python3.12/site-packages/airflow/example_dags/example_branch_labels.py took 0.039 seconds
[2026-05-02T00:08:10.518+0000] {processor.py:161} INFO - Started process (PID=10961) to work on /home/airflow/.local/lib/python3.12/site-packages/airflow/example_dags/example_branch_labels.py
[2026-05-02T00:08:10.519+0000] {processor.py:830} INFO - Processing file /home/airflow/.local/lib/python3.12/site-packages/airflow/example_dags/example_branch_labels.py for tasks to queue
[2026-05-02T00:08:10.519+0000] {logging_mixin.py:188} INFO - [2026-05-02T00:08:10.519+0000] {dagbag.py:545} INFO - Filling up the DagBag from /home/airflow/.local/lib/python3.12/site-packages/airflow/example_dags/example_branch_labels.py
[2026-05-02T00:08:10.522+0000] {processor.py:840} INFO - DAG(s) 'example_branch_labels' retrieved from /home/airflow/.local/lib/python3.12/site-packages/airflow/example_dags/example_branch_labels.py
[2026-05-02T00:08:10.530+0000] {logging_mixin.py:188} INFO - [2026-05-02T00:08:10.530+0000] {dag.py:3089} INFO - Sync 1 DAGs
[2026-05-02T00:08:10.536+0000] {logging_mixin.py:188} INFO - [2026-05-02T00:08:10.536+0000] {dag.py:3947} INFO - Setting next_dagrun for example_branch_labels to 2026-05-01 00:00:00+00:00, run_after=2026-05-02 00:00:00+00:00
[2026-05-02T00:08:10.542+0000] {processor.py:183} INFO - Processing /home/airflow/.local/lib/python3.12/site-packages/airflow/example_dags/example_branch_labels.py took 0.025 seconds
[2026-05-02T00:08:41.205+0000] {processor.py:161} INFO - Started process (PID=11021) to work on /home/airflow/.local/lib/python3.12/site-packages/airflow/example_dags/example_branch_labels.py
[2026-05-02T00:08:41.206+0000] {processor.py:830} INFO - Processing file /home/airflow/.local/lib/python3.12/site-packages/airflow/example_dags/example_branch_labels.py for tasks to queue
[2026-05-02T00:08:41.207+0000] {logging_mixin.py:188} INFO - [2026-05-02T00:08:41.206+0000] {dagbag.py:545} INFO - Filling up the DagBag from /home/airflow/.local/lib/python3.12/site-packages/airflow/example_dags/example_branch_labels.py
[2026-05-02T00:08:41.210+0000] {processor.py:840} INFO - DAG(s) 'example_branch_labels' retrieved from /home/airflow/.local/lib/python3.12/site-packages/airflow/example_dags/example_branch_labels.py
[2026-05-02T00:08:41.220+0000] {logging_mixin.py:188} INFO - [2026-05-02T00:08:41.220+0000] {dag.py:3089} INFO - Sync 1 DAGs
[2026-05-02T00:08:41.229+0000] {logging_mixin.py:188} INFO - [2026-05-02T00:08:41.229+0000] {dag.py:3947} INFO - Setting next_dagrun for example_branch_labels to 2026-05-01 00:00:00+00:00, run_after=2026-05-02 00:00:00+00:00
[2026-05-02T00:08:41.240+0000] {processor.py:183} INFO - Processing /home/airflow/.local/lib/python3.12/site-packages/airflow/example_dags/example_branch_labels.py took 0.037 seconds
[2026-05-02T00:09:11.872+0000] {processor.py:161} INFO - Started process (PID=11081) to work on /home/airflow/.local/lib/python3.12/site-packages/airflow/example_dags/example_branch_labels.py
[2026-05-02T00:09:11.872+0000] {processor.py:830} INFO - Processing file /home/airflow/.local/lib/python3.12/site-packages/airflow/example_dags/example_branch_labels.py for tasks to queue
[2026-05-02T00:09:11.873+0000] {logging_mixin.py:188} INFO - [2026-05-02T00:09:11.873+0000] {dagbag.py:545} INFO - Filling up the DagBag from /home/airflow/.local/lib/python3.12/site-packages/airflow/example_dags/example_branch_labels.py
[2026-05-02T00:09:11.876+0000] {processor.py:840} INFO - DAG(s) 'example_branch_labels' retrieved from /home/airflow/.local/lib/python3.12/site-packages/airflow/example_dags/example_branch_labels.py
[2026-05-02T00:09:11.886+0000] {logging_mixin.py:188} INFO - [2026-05-02T00:09:11.886+0000] {dag.py:3089} INFO - Sync 1 DAGs
[2026-05-02T00:09:11.895+0000] {logging_mixin.py:188} INFO - [2026-05-02T00:09:11.895+0000] {dag.py:3947} INFO - Setting next_dagrun for example_branch_labels to 2026-05-01 00:00:00+00:00, run_after=2026-05-02 00:00:00+00:00
[2026-05-02T00:09:11.903+0000] {processor.py:183} INFO - Processing /home/airflow/.local/lib/python3.12/site-packages/airflow/example_dags/example_branch_labels.py took 0.034 seconds
[2026-05-02T00:09:42.833+0000] {processor.py:161} INFO - Started process (PID=11141) to work on /home/airflow/.local/lib/python3.12/site-packages/airflow/example_dags/example_branch_labels.py
[2026-05-02T00:09:42.834+0000] {processor.py:830} INFO - Processing file /home/airflow/.local/lib/python3.12/site-packages/airflow/example_dags/example_branch_labels.py for tasks to queue
[2026-05-02T00:09:42.835+0000] {logging_mixin.py:188} INFO - [2026-05-02T00:09:42.835+0000] {dagbag.py:545} INFO - Filling up the DagBag from /home/airflow/.local/lib/python3.12/site-packages/airflow/example_dags/example_branch_labels.py
[2026-05-02T00:09:42.838+0000] {processor.py:840} INFO - DAG(s) 'example_branch_labels' retrieved from /home/airflow/.local/lib/python3.12/site-packages/airflow/example_dags/example_branch_labels.py
[2026-05-02T00:09:42.850+0000] {logging_mixin.py:188} INFO - [2026-05-02T00:09:42.850+0000] {dag.py:3089} INFO - Sync 1 DAGs
[2026-05-02T00:09:42.857+0000] {logging_mixin.py:188} INFO - [2026-05-02T00:09:42.857+0000] {dag.py:3947} INFO - Setting next_dagrun for example_branch_labels to 2026-05-01 00:00:00+00:00, run_after=2026-05-02 00:00:00+00:00
[2026-05-02T00:09:42.869+0000] {processor.py:183} INFO - Processing /home/airflow/.local/lib/python3.12/site-packages/airflow/example_dags/example_branch_labels.py took 0.038 seconds
[2026-05-02T00:10:14.381+0000] {processor.py:161} INFO - Started process (PID=11201) to work on /home/airflow/.local/lib/python3.12/site-packages/airflow/example_dags/example_branch_labels.py
[2026-05-02T00:10:14.382+0000] {processor.py:830} INFO - Processing file /home/airflow/.local/lib/python3.12/site-packages/airflow/example_dags/example_branch_labels.py for tasks to queue
[2026-05-02T00:10:14.383+0000] {logging_mixin.py:188} INFO - [2026-05-02T00:10:14.383+0000] {dagbag.py:545} INFO - Filling up the DagBag from /home/airflow/.local/lib/python3.12/site-packages/airflow/example_dags/example_branch_labels.py
[2026-05-02T00:10:14.387+0000] {processor.py:840} INFO - DAG(s) 'example_branch_labels' retrieved from /home/airflow/.local/lib/python3.12/site-packages/airflow/example_dags/example_branch_labels.py
[2026-05-02T00:10:14.395+0000] {logging_mixin.py:188} INFO - [2026-05-02T00:10:14.395+0000] {dag.py:3089} INFO - Sync 1 DAGs
[2026-05-02T00:10:14.404+0000] {logging_mixin.py:188} INFO - [2026-05-02T00:10:14.404+0000] {dag.py:3947} INFO - Setting next_dagrun for example_branch_labels to 2026-05-01 00:00:00+00:00, run_after=2026-05-02 00:00:00+00:00
[2026-05-02T00:10:14.410+0000] {processor.py:183} INFO - Processing /home/airflow/.local/lib/python3.12/site-packages/airflow/example_dags/example_branch_labels.py took 0.032 seconds
[2026-05-02T00:10:45.252+0000] {processor.py:161} INFO - Started process (PID=11261) to work on /home/airflow/.local/lib/python3.12/site-packages/airflow/example_dags/example_branch_labels.py
[2026-05-02T00:10:45.252+0000] {processor.py:830} INFO - Processing file /home/airflow/.local/lib/python3.12/site-packages/airflow/example_dags/example_branch_labels.py for tasks to queue
[2026-05-02T00:10:45.255+0000] {logging_mixin.py:188} INFO - [2026-05-02T00:10:45.255+0000] {dagbag.py:545} INFO - Filling up the DagBag from /home/airflow/.local/lib/python3.12/site-packages/airflow/example_dags/example_branch_labels.py
[2026-05-02T00:10:45.258+0000] {processor.py:840} INFO - DAG(s) 'example_branch_labels' retrieved from /home/airflow/.local/lib/python3.12/site-packages/airflow/example_dags/example_branch_labels.py
[2026-05-02T00:10:45.268+0000] {logging_mixin.py:188} INFO - [2026-05-02T00:10:45.268+0000] {dag.py:3089} INFO - Sync 1 DAGs
[2026-05-02T00:10:45.280+0000] {logging_mixin.py:188} INFO - [2026-05-02T00:10:45.280+0000] {dag.py:3947} INFO - Setting next_dagrun for example_branch_labels to 2026-05-01 00:00:00+00:00, run_after=2026-05-02 00:00:00+00:00
[2026-05-02T00:10:45.289+0000] {processor.py:183} INFO - Processing /home/airflow/.local/lib/python3.12/site-packages/airflow/example_dags/example_branch_labels.py took 0.040 seconds
[2026-05-02T00:11:15.831+0000] {processor.py:161} INFO - Started process (PID=11321) to work on /home/airflow/.local/lib/python3.12/site-packages/airflow/example_dags/example_branch_labels.py
[2026-05-02T00:11:15.834+0000] {processor.py:830} INFO - Processing file /home/airflow/.local/lib/python3.12/site-packages/airflow/example_dags/example_branch_labels.py for tasks to queue
[2026-05-02T00:11:15.835+0000] {logging_mixin.py:188} INFO - [2026-05-02T00:11:15.835+0000] {dagbag.py:545} INFO - Filling up the DagBag from /home/airflow/.local/lib/python3.12/site-packages/airflow/example_dags/example_branch_labels.py
[2026-05-02T00:11:15.838+0000] {processor.py:840} INFO - DAG(s) 'example_branch_labels' retrieved from /home/airflow/.local/lib/python3.12/site-packages/airflow/example_dags/example_branch_labels.py
[2026-05-02T00:11:15.848+0000] {logging_mixin.py:188} INFO - [2026-05-02T00:11:15.848+0000] {dag.py:3089} INFO - Sync 1 DAGs
[2026-05-02T00:11:15.857+0000] {logging_mixin.py:188} INFO - [2026-05-02T00:11:15.857+0000] {dag.py:3947} INFO - Setting next_dagrun for example_branch_labels to 2026-05-01 00:00:00+00:00, run_after=2026-05-02 00:00:00+00:00
[2026-05-02T00:11:15.865+0000] {processor.py:183} INFO - Processing /home/airflow/.local/lib/python3.12/site-packages/airflow/example_dags/example_branch_labels.py took 0.036 seconds
[2026-05-02T00:11:46.537+0000] {processor.py:161} INFO - Started process (PID=11381) to work on /home/airflow/.local/lib/python3.12/site-packages/airflow/example_dags/example_branch_labels.py
[2026-05-02T00:11:46.538+0000] {processor.py:830} INFO - Processing file /home/airflow/.local/lib/python3.12/site-packages/airflow/example_dags/example_branch_labels.py for tasks to queue
[2026-05-02T00:11:46.541+0000] {logging_mixin.py:188} INFO - [2026-05-02T00:11:46.541+0000] {dagbag.py:545} INFO - Filling up the DagBag from /home/airflow/.local/lib/python3.12/site-packages/airflow/example_dags/example_branch_labels.py
[2026-05-02T00:11:46.544+0000] {processor.py:840} INFO - DAG(s) 'example_branch_labels' retrieved from /home/airflow/.local/lib/python3.12/site-packages/airflow/example_dags/example_branch_labels.py
[2026-05-02T00:11:46.552+0000] {logging_mixin.py:188} INFO - [2026-05-02T00:11:46.552+0000] {dag.py:3089} INFO - Sync 1 DAGs
[2026-05-02T00:11:46.560+0000] {logging_mixin.py:188} INFO - [2026-05-02T00:11:46.560+0000] {dag.py:3947} INFO - Setting next_dagrun for example_branch_labels to 2026-05-01 00:00:00+00:00, run_after=2026-05-02 00:00:00+00:00
[2026-05-02T00:11:46.568+0000] {processor.py:183} INFO - Processing /home/airflow/.local/lib/python3.12/site-packages/airflow/example_dags/example_branch_labels.py took 0.033 seconds
[2026-05-02T00:12:17.024+0000] {processor.py:161} INFO - Started process (PID=11441) to work on /home/airflow/.local/lib/python3.12/site-packages/airflow/example_dags/example_branch_labels.py
[2026-05-02T00:12:17.025+0000] {processor.py:830} INFO - Processing file /home/airflow/.local/lib/python3.12/site-packages/airflow/example_dags/example_branch_labels.py for tasks to queue
[2026-05-02T00:12:17.026+0000] {logging_mixin.py:188} INFO - [2026-05-02T00:12:17.026+0000] {dagbag.py:545} INFO - Filling up the DagBag from /home/airflow/.local/lib/python3.12/site-packages/airflow/example_dags/example_branch_labels.py
[2026-05-02T00:12:17.028+0000] {processor.py:840} INFO - DAG(s) 'example_branch_labels' retrieved from /home/airflow/.local/lib/python3.12/site-packages/airflow/example_dags/example_branch_labels.py
[2026-05-02T00:12:17.042+0000] {logging_mixin.py:188} INFO - [2026-05-02T00:12:17.042+0000] {dag.py:3089} INFO - Sync 1 DAGs
[2026-05-02T00:12:17.051+0000] {logging_mixin.py:188} INFO - [2026-05-02T00:12:17.051+0000] {dag.py:3947} INFO - Setting next_dagrun for example_branch_labels to 2026-05-01 00:00:00+00:00, run_after=2026-05-02 00:00:00+00:00
[2026-05-02T00:12:17.059+0000] {processor.py:183} INFO - Processing /home/airflow/.local/lib/python3.12/site-packages/airflow/example_dags/example_branch_labels.py took 0.037 seconds
[2026-05-02T00:12:47.592+0000] {processor.py:161} INFO - Started process (PID=11501) to work on /home/airflow/.local/lib/python3.12/site-packages/airflow/example_dags/example_branch_labels.py
[2026-05-02T00:12:47.593+0000] {processor.py:830} INFO - Processing file /home/airflow/.local/lib/python3.12/site-packages/airflow/example_dags/example_branch_labels.py for tasks to queue
[2026-05-02T00:12:47.593+0000] {logging_mixin.py:188} INFO - [2026-05-02T00:12:47.593+0000] {dagbag.py:545} INFO - Filling up the DagBag from /home/airflow/.local/lib/python3.12/site-packages/airflow/example_dags/example_branch_labels.py
[2026-05-02T00:12:47.596+0000] {processor.py:840} INFO - DAG(s) 'example_branch_labels' retrieved from /home/airflow/.local/lib/python3.12/site-packages/airflow/example_dags/example_branch_labels.py
[2026-05-02T00:12:47.605+0000] {logging_mixin.py:188} INFO - [2026-05-02T00:12:47.605+0000] {dag.py:3089} INFO - Sync 1 DAGs
[2026-05-02T00:12:47.612+0000] {logging_mixin.py:188} INFO - [2026-05-02T00:12:47.612+0000] {dag.py:3947} INFO - Setting next_dagrun for example_branch_labels to 2026-05-01 00:00:00+00:00, run_after=2026-05-02 00:00:00+00:00
[2026-05-02T00:12:47.619+0000] {processor.py:183} INFO - Processing /home/airflow/.local/lib/python3.12/site-packages/airflow/example_dags/example_branch_labels.py took 0.029 seconds
[2026-05-02T00:13:18.109+0000] {processor.py:161} INFO - Started process (PID=11561) to work on /home/airflow/.local/lib/python3.12/site-packages/airflow/example_dags/example_branch_labels.py
[2026-05-02T00:13:18.110+0000] {processor.py:830} INFO - Processing file /home/airflow/.local/lib/python3.12/site-packages/airflow/example_dags/example_branch_labels.py for tasks to queue
[2026-05-02T00:13:18.111+0000] {logging_mixin.py:188} INFO - [2026-05-02T00:13:18.111+0000] {dagbag.py:545} INFO - Filling up the DagBag from /home/airflow/.local/lib/python3.12/site-packages/airflow/example_dags/example_branch_labels.py
[2026-05-02T00:13:18.115+0000] {processor.py:840} INFO - DAG(s) 'example_branch_labels' retrieved from /home/airflow/.local/lib/python3.12/site-packages/airflow/example_dags/example_branch_labels.py
[2026-05-02T00:13:18.127+0000] {logging_mixin.py:188} INFO - [2026-05-02T00:13:18.127+0000] {dag.py:3089} INFO - Sync 1 DAGs
[2026-05-02T00:13:18.136+0000] {logging_mixin.py:188} INFO - [2026-05-02T00:13:18.136+0000] {dag.py:3947} INFO - Setting next_dagrun for example_branch_labels to 2026-05-01 00:00:00+00:00, run_after=2026-05-02 00:00:00+00:00
[2026-05-02T00:13:18.142+0000] {processor.py:183} INFO - Processing /home/airflow/.local/lib/python3.12/site-packages/airflow/example_dags/example_branch_labels.py took 0.035 seconds
[2026-05-02T00:13:48.611+0000] {processor.py:161} INFO - Started process (PID=11621) to work on /home/airflow/.local/lib/python3.12/site-packages/airflow/example_dags/example_branch_labels.py
[2026-05-02T00:13:48.612+0000] {processor.py:830} INFO - Processing file /home/airflow/.local/lib/python3.12/site-packages/airflow/example_dags/example_branch_labels.py for tasks to queue
[2026-05-02T00:13:48.612+0000] {logging_mixin.py:188} INFO - [2026-05-02T00:13:48.612+0000] {dagbag.py:545} INFO - Filling up the DagBag from /home/airflow/.local/lib/python3.12/site-packages/airflow/example_dags/example_branch_labels.py
[2026-05-02T00:13:48.615+0000] {processor.py:840} INFO - DAG(s) 'example_branch_labels' retrieved from /home/airflow/.local/lib/python3.12/site-packages/airflow/example_dags/example_branch_labels.py
[2026-05-02T00:13:48.622+0000] {logging_mixin.py:188} INFO - [2026-05-02T00:13:48.622+0000] {dag.py:3089} INFO - Sync 1 DAGs
[2026-05-02T00:13:48.629+0000] {logging_mixin.py:188} INFO - [2026-05-02T00:13:48.629+0000] {dag.py:3947} INFO - Setting next_dagrun for example_branch_labels to 2026-05-01 00:00:00+00:00, run_after=2026-05-02 00:00:00+00:00
[2026-05-02T00:13:48.634+0000] {processor.py:183} INFO - Processing /home/airflow/.local/lib/python3.12/site-packages/airflow/example_dags/example_branch_labels.py took 0.025 seconds
[2026-05-02T00:14:19.158+0000] {processor.py:161} INFO - Started process (PID=11681) to work on /home/airflow/.local/lib/python3.12/site-packages/airflow/example_dags/example_branch_labels.py
[2026-05-02T00:14:19.159+0000] {processor.py:830} INFO - Processing file /home/airflow/.local/lib/python3.12/site-packages/airflow/example_dags/example_branch_labels.py for tasks to queue
[2026-05-02T00:14:19.159+0000] {logging_mixin.py:188} INFO - [2026-05-02T00:14:19.159+0000] {dagbag.py:545} INFO - Filling up the DagBag from /home/airflow/.local/lib/python3.12/site-packages/airflow/example_dags/example_branch_labels.py
[2026-05-02T00:14:19.162+0000] {processor.py:840} INFO - DAG(s) 'example_branch_labels' retrieved from /home/airflow/.local/lib/python3.12/site-packages/airflow/example_dags/example_branch_labels.py
[2026-05-02T00:14:19.169+0000] {logging_mixin.py:188} INFO - [2026-05-02T00:14:19.169+0000] {dag.py:3089} INFO - Sync 1 DAGs
[2026-05-02T00:14:19.178+0000] {logging_mixin.py:188} INFO - [2026-05-02T00:14:19.178+0000] {dag.py:3947} INFO - Setting next_dagrun for example_branch_labels to 2026-05-01 00:00:00+00:00, run_after=2026-05-02 00:00:00+00:00
[2026-05-02T00:14:19.184+0000] {processor.py:183} INFO - Processing /home/airflow/.local/lib/python3.12/site-packages/airflow/example_dags/example_branch_labels.py took 0.028 seconds
[2026-05-02T00:14:49.719+0000] {processor.py:161} INFO - Started process (PID=11741) to work on /home/airflow/.local/lib/python3.12/site-packages/airflow/example_dags/example_branch_labels.py
[2026-05-02T00:14:49.719+0000] {processor.py:830} INFO - Processing file /home/airflow/.local/lib/python3.12/site-packages/airflow/example_dags/example_branch_labels.py for tasks to queue
[2026-05-02T00:14:49.722+0000] {logging_mixin.py:188} INFO - [2026-05-02T00:14:49.722+0000] {dagbag.py:545} INFO - Filling up the DagBag from /home/airflow/.local/lib/python3.12/site-packages/airflow/example_dags/example_branch_labels.py
[2026-05-02T00:14:49.725+0000] {processor.py:840} INFO - DAG(s) 'example_branch_labels' retrieved from /home/airflow/.local/lib/python3.12/site-packages/airflow/example_dags/example_branch_labels.py
[2026-05-02T00:14:49.735+0000] {logging_mixin.py:188} INFO - [2026-05-02T00:14:49.734+0000] {dag.py:3089} INFO - Sync 1 DAGs
[2026-05-02T00:14:49.744+0000] {logging_mixin.py:188} INFO - [2026-05-02T00:14:49.744+0000] {dag.py:3947} INFO - Setting next_dagrun for example_branch_labels to 2026-05-01 00:00:00+00:00, run_after=2026-05-02 00:00:00+00:00
[2026-05-02T00:14:49.752+0000] {processor.py:183} INFO - Processing /home/airflow/.local/lib/python3.12/site-packages/airflow/example_dags/example_branch_labels.py took 0.036 seconds
[2026-05-02T00:15:20.160+0000] {processor.py:161} INFO - Started process (PID=11801) to work on /home/airflow/.local/lib/python3.12/site-packages/airflow/example_dags/example_branch_labels.py
[2026-05-02T00:15:20.161+0000] {processor.py:830} INFO - Processing file /home/airflow/.local/lib/python3.12/site-packages/airflow/example_dags/example_branch_labels.py for tasks to queue
[2026-05-02T00:15:20.162+0000] {logging_mixin.py:188} INFO - [2026-05-02T00:15:20.161+0000] {dagbag.py:545} INFO - Filling up the DagBag from /home/airflow/.local/lib/python3.12/site-packages/airflow/example_dags/example_branch_labels.py
[2026-05-02T00:15:20.165+0000] {processor.py:840} INFO - DAG(s) 'example_branch_labels' retrieved from /home/airflow/.local/lib/python3.12/site-packages/airflow/example_dags/example_branch_labels.py
[2026-05-02T00:15:20.178+0000] {logging_mixin.py:188} INFO - [2026-05-02T00:15:20.177+0000] {dag.py:3089} INFO - Sync 1 DAGs
[2026-05-02T00:15:20.189+0000] {logging_mixin.py:188} INFO - [2026-05-02T00:15:20.189+0000] {dag.py:3947} INFO - Setting next_dagrun for example_branch_labels to 2026-05-01 00:00:00+00:00, run_after=2026-05-02 00:00:00+00:00
[2026-05-02T00:15:20.208+0000] {processor.py:183} INFO - Processing /home/airflow/.local/lib/python3.12/site-packages/airflow/example_dags/example_branch_labels.py took 0.051 seconds
[2026-05-02T00:15:50.829+0000] {processor.py:161} INFO - Started process (PID=11861) to work on /home/airflow/.local/lib/python3.12/site-packages/airflow/example_dags/example_branch_labels.py
[2026-05-02T00:15:50.830+0000] {processor.py:830} INFO - Processing file /home/airflow/.local/lib/python3.12/site-packages/airflow/example_dags/example_branch_labels.py for tasks to queue
[2026-05-02T00:15:50.831+0000] {logging_mixin.py:188} INFO - [2026-05-02T00:15:50.830+0000] {dagbag.py:545} INFO - Filling up the DagBag from /home/airflow/.local/lib/python3.12/site-packages/airflow/example_dags/example_branch_labels.py
[2026-05-02T00:15:50.833+0000] {processor.py:840} INFO - DAG(s) 'example_branch_labels' retrieved from /home/airflow/.local/lib/python3.12/site-packages/airflow/example_dags/example_branch_labels.py
[2026-05-02T00:15:50.841+0000] {logging_mixin.py:188} INFO - [2026-05-02T00:15:50.841+0000] {dag.py:3089} INFO - Sync 1 DAGs
[2026-05-02T00:15:50.848+0000] {logging_mixin.py:188} INFO - [2026-05-02T00:15:50.848+0000] {dag.py:3947} INFO - Setting next_dagrun for example_branch_labels to 2026-05-01 00:00:00+00:00, run_after=2026-05-02 00:00:00+00:00
[2026-05-02T00:15:50.854+0000] {processor.py:183} INFO - Processing /home/airflow/.local/lib/python3.12/site-packages/airflow/example_dags/example_branch_labels.py took 0.027 seconds
[2026-05-02T00:16:21.306+0000] {processor.py:161} INFO - Started process (PID=11922) to work on /home/airflow/.local/lib/python3.12/site-packages/airflow/example_dags/example_branch_labels.py
[2026-05-02T00:16:21.306+0000] {processor.py:830} INFO - Processing file /home/airflow/.local/lib/python3.12/site-packages/airflow/example_dags/example_branch_labels.py for tasks to queue
[2026-05-02T00:16:21.307+0000] {logging_mixin.py:188} INFO - [2026-05-02T00:16:21.307+0000] {dagbag.py:545} INFO - Filling up the DagBag from /home/airflow/.local/lib/python3.12/site-packages/airflow/example_dags/example_branch_labels.py
[2026-05-02T00:16:21.310+0000] {processor.py:840} INFO - DAG(s) 'example_branch_labels' retrieved from /home/airflow/.local/lib/python3.12/site-packages/airflow/example_dags/example_branch_labels.py
[2026-05-02T00:16:21.318+0000] {logging_mixin.py:188} INFO - [2026-05-02T00:16:21.318+0000] {dag.py:3089} INFO - Sync 1 DAGs
[2026-05-02T00:16:21.327+0000] {logging_mixin.py:188} INFO - [2026-05-02T00:16:21.327+0000] {dag.py:3947} INFO - Setting next_dagrun for example_branch_labels to 2026-05-01 00:00:00+00:00, run_after=2026-05-02 00:00:00+00:00
[2026-05-02T00:16:21.340+0000] {processor.py:183} INFO - Processing /home/airflow/.local/lib/python3.12/site-packages/airflow/example_dags/example_branch_labels.py took 0.036 seconds
[2026-05-02T00:16:51.955+0000] {processor.py:161} INFO - Started process (PID=11982) to work on /home/airflow/.local/lib/python3.12/site-packages/airflow/example_dags/example_branch_labels.py
[2026-05-02T00:16:51.956+0000] {processor.py:830} INFO - Processing file /home/airflow/.local/lib/python3.12/site-packages/airflow/example_dags/example_branch_labels.py for tasks to queue
[2026-05-02T00:16:51.957+0000] {logging_mixin.py:188} INFO - [2026-05-02T00:16:51.956+0000] {dagbag.py:545} INFO - Filling up the DagBag from /home/airflow/.local/lib/python3.12/site-packages/airflow/example_dags/example_branch_labels.py
[2026-05-02T00:16:51.959+0000] {processor.py:840} INFO - DAG(s) 'example_branch_labels' retrieved from /home/airflow/.local/lib/python3.12/site-packages/airflow/example_dags/example_branch_labels.py
[2026-05-02T00:16:51.966+0000] {logging_mixin.py:188} INFO - [2026-05-02T00:16:51.966+0000] {dag.py:3089} INFO - Sync 1 DAGs
[2026-05-02T00:16:51.972+0000] {logging_mixin.py:188} INFO - [2026-05-02T00:16:51.972+0000] {dag.py:3947} INFO - Setting next_dagrun for example_branch_labels to 2026-05-01 00:00:00+00:00, run_after=2026-05-02 00:00:00+00:00
[2026-05-02T00:16:51.978+0000] {processor.py:183} INFO - Processing /home/airflow/.local/lib/python3.12/site-packages/airflow/example_dags/example_branch_labels.py took 0.024 seconds
[2026-05-02T00:17:22.612+0000] {processor.py:161} INFO - Started process (PID=12042) to work on /home/airflow/.local/lib/python3.12/site-packages/airflow/example_dags/example_branch_labels.py
[2026-05-02T00:17:22.612+0000] {processor.py:830} INFO - Processing file /home/airflow/.local/lib/python3.12/site-packages/airflow/example_dags/example_branch_labels.py for tasks to queue
[2026-05-02T00:17:22.613+0000] {logging_mixin.py:188} INFO - [2026-05-02T00:17:22.613+0000] {dagbag.py:545} INFO - Filling up the DagBag from /home/airflow/.local/lib/python3.12/site-packages/airflow/example_dags/example_branch_labels.py
[2026-05-02T00:17:22.617+0000] {processor.py:840} INFO - DAG(s) 'example_branch_labels' retrieved from /home/airflow/.local/lib/python3.12/site-packages/airflow/example_dags/example_branch_labels.py
[2026-05-02T00:17:22.628+0000] {logging_mixin.py:188} INFO - [2026-05-02T00:17:22.628+0000] {dag.py:3089} INFO - Sync 1 DAGs
[2026-05-02T00:17:22.639+0000] {logging_mixin.py:188} INFO - [2026-05-02T00:17:22.639+0000] {dag.py:3947} INFO - Setting next_dagrun for example_branch_labels to 2026-05-01 00:00:00+00:00, run_after=2026-05-02 00:00:00+00:00
[2026-05-02T00:17:22.649+0000] {processor.py:183} INFO - Processing /home/airflow/.local/lib/python3.12/site-packages/airflow/example_dags/example_branch_labels.py took 0.040 seconds
[2026-05-02T00:17:53.211+0000] {processor.py:161} INFO - Started process (PID=12102) to work on /home/airflow/.local/lib/python3.12/site-packages/airflow/example_dags/example_branch_labels.py
[2026-05-02T00:17:53.211+0000] {processor.py:830} INFO - Processing file /home/airflow/.local/lib/python3.12/site-packages/airflow/example_dags/example_branch_labels.py for tasks to queue
[2026-05-02T00:17:53.213+0000] {logging_mixin.py:188} INFO - [2026-05-02T00:17:53.213+0000] {dagbag.py:545} INFO - Filling up the DagBag from /home/airflow/.local/lib/python3.12/site-packages/airflow/example_dags/example_branch_labels.py
[2026-05-02T00:17:53.216+0000] {processor.py:840} INFO - DAG(s) 'example_branch_labels' retrieved from /home/airflow/.local/lib/python3.12/site-packages/airflow/example_dags/example_branch_labels.py
[2026-05-02T00:17:53.225+0000] {logging_mixin.py:188} INFO - [2026-05-02T00:17:53.225+0000] {dag.py:3089} INFO - Sync 1 DAGs
[2026-05-02T00:17:53.236+0000] {logging_mixin.py:188} INFO - [2026-05-02T00:17:53.236+0000] {dag.py:3947} INFO - Setting next_dagrun for example_branch_labels to 2026-05-01 00:00:00+00:00, run_after=2026-05-02 00:00:00+00:00
[2026-05-02T00:17:53.245+0000] {processor.py:183} INFO - Processing /home/airflow/.local/lib/python3.12/site-packages/airflow/example_dags/example_branch_labels.py took 0.036 seconds
