[2026-05-02T00:07:39.709+0000] {processor.py:161} INFO - Started process (PID=10900) to work on /home/airflow/.local/lib/python3.12/site-packages/airflow/example_dags/example_bash_decorator.py
[2026-05-02T00:07:39.710+0000] {processor.py:830} INFO - Processing file /home/airflow/.local/lib/python3.12/site-packages/airflow/example_dags/example_bash_decorator.py for tasks to queue
[2026-05-02T00:07:39.710+0000] {logging_mixin.py:188} INFO - [2026-05-02T00:07:39.710+0000] {dagbag.py:545} INFO - Filling up the DagBag from /home/airflow/.local/lib/python3.12/site-packages/airflow/example_dags/example_bash_decorator.py
[2026-05-02T00:07:39.719+0000] {processor.py:840} INFO - DAG(s) 'example_bash_decorator' retrieved from /home/airflow/.local/lib/python3.12/site-packages/airflow/example_dags/example_bash_decorator.py
[2026-05-02T00:07:39.729+0000] {logging_mixin.py:188} INFO - [2026-05-02T00:07:39.729+0000] {dag.py:3089} INFO - Sync 1 DAGs
[2026-05-02T00:07:39.734+0000] {logging_mixin.py:188} INFO - [2026-05-02T00:07:39.733+0000] {dag.py:3947} INFO - Setting next_dagrun for example_bash_decorator to None, run_after=None
[2026-05-02T00:07:39.741+0000] {processor.py:183} INFO - Processing /home/airflow/.local/lib/python3.12/site-packages/airflow/example_dags/example_bash_decorator.py took 0.034 seconds
[2026-05-02T00:08:10.481+0000] {processor.py:161} INFO - Started process (PID=10960) to work on /home/airflow/.local/lib/python3.12/site-packages/airflow/example_dags/example_bash_decorator.py
[2026-05-02T00:08:10.483+0000] {processor.py:830} INFO - Processing file /home/airflow/.local/lib/python3.12/site-packages/airflow/example_dags/example_bash_decorator.py for tasks to queue
[2026-05-02T00:08:10.483+0000] {logging_mixin.py:188} INFO - [2026-05-02T00:08:10.483+0000] {dagbag.py:545} INFO - Filling up the DagBag from /home/airflow/.local/lib/python3.12/site-packages/airflow/example_dags/example_bash_decorator.py
[2026-05-02T00:08:10.488+0000] {processor.py:840} INFO - DAG(s) 'example_bash_decorator' retrieved from /home/airflow/.local/lib/python3.12/site-packages/airflow/example_dags/example_bash_decorator.py
[2026-05-02T00:08:10.498+0000] {logging_mixin.py:188} INFO - [2026-05-02T00:08:10.498+0000] {dag.py:3089} INFO - Sync 1 DAGs
[2026-05-02T00:08:10.502+0000] {logging_mixin.py:188} INFO - [2026-05-02T00:08:10.502+0000] {dag.py:3947} INFO - Setting next_dagrun for example_bash_decorator to None, run_after=None
[2026-05-02T00:08:10.510+0000] {processor.py:183} INFO - Processing /home/airflow/.local/lib/python3.12/site-packages/airflow/example_dags/example_bash_decorator.py took 0.031 seconds
[2026-05-02T00:08:41.172+0000] {processor.py:161} INFO - Started process (PID=11020) to work on /home/airflow/.local/lib/python3.12/site-packages/airflow/example_dags/example_bash_decorator.py
[2026-05-02T00:08:41.172+0000] {processor.py:830} INFO - Processing file /home/airflow/.local/lib/python3.12/site-packages/airflow/example_dags/example_bash_decorator.py for tasks to queue
[2026-05-02T00:08:41.173+0000] {logging_mixin.py:188} INFO - [2026-05-02T00:08:41.173+0000] {dagbag.py:545} INFO - Filling up the DagBag from /home/airflow/.local/lib/python3.12/site-packages/airflow/example_dags/example_bash_decorator.py
[2026-05-02T00:08:41.178+0000] {processor.py:840} INFO - DAG(s) 'example_bash_decorator' retrieved from /home/airflow/.local/lib/python3.12/site-packages/airflow/example_dags/example_bash_decorator.py
[2026-05-02T00:08:41.190+0000] {logging_mixin.py:188} INFO - [2026-05-02T00:08:41.190+0000] {dag.py:3089} INFO - Sync 1 DAGs
[2026-05-02T00:08:41.194+0000] {logging_mixin.py:188} INFO - [2026-05-02T00:08:41.194+0000] {dag.py:3947} INFO - Setting next_dagrun for example_bash_decorator to None, run_after=None
[2026-05-02T00:08:41.202+0000] {processor.py:183} INFO - Processing /home/airflow/.local/lib/python3.12/site-packages/airflow/example_dags/example_bash_decorator.py took 0.033 seconds
[2026-05-02T00:09:11.833+0000] {processor.py:161} INFO - Started process (PID=11080) to work on /home/airflow/.local/lib/python3.12/site-packages/airflow/example_dags/example_bash_decorator.py
[2026-05-02T00:09:11.834+0000] {processor.py:830} INFO - Processing file /home/airflow/.local/lib/python3.12/site-packages/airflow/example_dags/example_bash_decorator.py for tasks to queue
[2026-05-02T00:09:11.835+0000] {logging_mixin.py:188} INFO - [2026-05-02T00:09:11.835+0000] {dagbag.py:545} INFO - Filling up the DagBag from /home/airflow/.local/lib/python3.12/site-packages/airflow/example_dags/example_bash_decorator.py
[2026-05-02T00:09:11.841+0000] {processor.py:840} INFO - DAG(s) 'example_bash_decorator' retrieved from /home/airflow/.local/lib/python3.12/site-packages/airflow/example_dags/example_bash_decorator.py
[2026-05-02T00:09:11.854+0000] {logging_mixin.py:188} INFO - [2026-05-02T00:09:11.854+0000] {dag.py:3089} INFO - Sync 1 DAGs
[2026-05-02T00:09:11.857+0000] {logging_mixin.py:188} INFO - [2026-05-02T00:09:11.857+0000] {dag.py:3947} INFO - Setting next_dagrun for example_bash_decorator to None, run_after=None
[2026-05-02T00:09:11.867+0000] {processor.py:183} INFO - Processing /home/airflow/.local/lib/python3.12/site-packages/airflow/example_dags/example_bash_decorator.py took 0.036 seconds
[2026-05-02T00:09:42.796+0000] {processor.py:161} INFO - Started process (PID=11140) to work on /home/airflow/.local/lib/python3.12/site-packages/airflow/example_dags/example_bash_decorator.py
[2026-05-02T00:09:42.798+0000] {processor.py:830} INFO - Processing file /home/airflow/.local/lib/python3.12/site-packages/airflow/example_dags/example_bash_decorator.py for tasks to queue
[2026-05-02T00:09:42.798+0000] {logging_mixin.py:188} INFO - [2026-05-02T00:09:42.798+0000] {dagbag.py:545} INFO - Filling up the DagBag from /home/airflow/.local/lib/python3.12/site-packages/airflow/example_dags/example_bash_decorator.py
[2026-05-02T00:09:42.803+0000] {processor.py:840} INFO - DAG(s) 'example_bash_decorator' retrieved from /home/airflow/.local/lib/python3.12/site-packages/airflow/example_dags/example_bash_decorator.py
[2026-05-02T00:09:42.817+0000] {logging_mixin.py:188} INFO - [2026-05-02T00:09:42.817+0000] {dag.py:3089} INFO - Sync 1 DAGs
[2026-05-02T00:09:42.822+0000] {logging_mixin.py:188} INFO - [2026-05-02T00:09:42.821+0000] {dag.py:3947} INFO - Setting next_dagrun for example_bash_decorator to None, run_after=None
[2026-05-02T00:09:42.830+0000] {processor.py:183} INFO - Processing /home/airflow/.local/lib/python3.12/site-packages/airflow/example_dags/example_bash_decorator.py took 0.037 seconds
[2026-05-02T00:10:14.364+0000] {processor.py:161} INFO - Started process (PID=11200) to work on /home/airflow/.local/lib/python3.12/site-packages/airflow/example_dags/example_bash_decorator.py
[2026-05-02T00:10:14.364+0000] {processor.py:830} INFO - Processing file /home/airflow/.local/lib/python3.12/site-packages/airflow/example_dags/example_bash_decorator.py for tasks to queue
[2026-05-02T00:10:14.365+0000] {logging_mixin.py:188} INFO - [2026-05-02T00:10:14.365+0000] {dagbag.py:545} INFO - Filling up the DagBag from /home/airflow/.local/lib/python3.12/site-packages/airflow/example_dags/example_bash_decorator.py
[2026-05-02T00:10:14.370+0000] {processor.py:840} INFO - DAG(s) 'example_bash_decorator' retrieved from /home/airflow/.local/lib/python3.12/site-packages/airflow/example_dags/example_bash_decorator.py
[2026-05-02T00:10:14.380+0000] {logging_mixin.py:188} INFO - [2026-05-02T00:10:14.380+0000] {dag.py:3089} INFO - Sync 1 DAGs
[2026-05-02T00:10:14.385+0000] {logging_mixin.py:188} INFO - [2026-05-02T00:10:14.385+0000] {dag.py:3947} INFO - Setting next_dagrun for example_bash_decorator to None, run_after=None
[2026-05-02T00:10:14.398+0000] {processor.py:183} INFO - Processing /home/airflow/.local/lib/python3.12/site-packages/airflow/example_dags/example_bash_decorator.py took 0.036 seconds
[2026-05-02T00:10:45.222+0000] {processor.py:161} INFO - Started process (PID=11260) to work on /home/airflow/.local/lib/python3.12/site-packages/airflow/example_dags/example_bash_decorator.py
[2026-05-02T00:10:45.222+0000] {processor.py:830} INFO - Processing file /home/airflow/.local/lib/python3.12/site-packages/airflow/example_dags/example_bash_decorator.py for tasks to queue
[2026-05-02T00:10:45.223+0000] {logging_mixin.py:188} INFO - [2026-05-02T00:10:45.223+0000] {dagbag.py:545} INFO - Filling up the DagBag from /home/airflow/.local/lib/python3.12/site-packages/airflow/example_dags/example_bash_decorator.py
[2026-05-02T00:10:45.227+0000] {processor.py:840} INFO - DAG(s) 'example_bash_decorator' retrieved from /home/airflow/.local/lib/python3.12/site-packages/airflow/example_dags/example_bash_decorator.py
[2026-05-02T00:10:45.235+0000] {logging_mixin.py:188} INFO - [2026-05-02T00:10:45.235+0000] {dag.py:3089} INFO - Sync 1 DAGs
[2026-05-02T00:10:45.238+0000] {logging_mixin.py:188} INFO - [2026-05-02T00:10:45.238+0000] {dag.py:3947} INFO - Setting next_dagrun for example_bash_decorator to None, run_after=None
[2026-05-02T00:10:45.243+0000] {processor.py:183} INFO - Processing /home/airflow/.local/lib/python3.12/site-packages/airflow/example_dags/example_bash_decorator.py took 0.023 seconds
[2026-05-02T00:11:15.830+0000] {processor.py:161} INFO - Started process (PID=11320) to work on /home/airflow/.local/lib/python3.12/site-packages/airflow/example_dags/example_bash_decorator.py
[2026-05-02T00:11:15.832+0000] {processor.py:830} INFO - Processing file /home/airflow/.local/lib/python3.12/site-packages/airflow/example_dags/example_bash_decorator.py for tasks to queue
[2026-05-02T00:11:15.832+0000] {logging_mixin.py:188} INFO - [2026-05-02T00:11:15.832+0000] {dagbag.py:545} INFO - Filling up the DagBag from /home/airflow/.local/lib/python3.12/site-packages/airflow/example_dags/example_bash_decorator.py
[2026-05-02T00:11:15.840+0000] {processor.py:840} INFO - DAG(s) 'example_bash_decorator' retrieved from /home/airflow/.local/lib/python3.12/site-packages/airflow/example_dags/example_bash_decorator.py
[2026-05-02T00:11:15.847+0000] {logging_mixin.py:188} INFO - [2026-05-02T00:11:15.847+0000] {dag.py:3089} INFO - Sync 1 DAGs
[2026-05-02T00:11:15.854+0000] {logging_mixin.py:188} INFO - [2026-05-02T00:11:15.854+0000] {dag.py:3947} INFO - Setting next_dagrun for example_bash_decorator to None, run_after=None
[2026-05-02T00:11:15.862+0000] {processor.py:183} INFO - Processing /home/airflow/.local/lib/python3.12/site-packages/airflow/example_dags/example_bash_decorator.py took 0.034 seconds
[2026-05-02T00:11:46.536+0000] {processor.py:161} INFO - Started process (PID=11380) to work on /home/airflow/.local/lib/python3.12/site-packages/airflow/example_dags/example_bash_decorator.py
[2026-05-02T00:11:46.537+0000] {processor.py:830} INFO - Processing file /home/airflow/.local/lib/python3.12/site-packages/airflow/example_dags/example_bash_decorator.py for tasks to queue
[2026-05-02T00:11:46.537+0000] {logging_mixin.py:188} INFO - [2026-05-02T00:11:46.537+0000] {dagbag.py:545} INFO - Filling up the DagBag from /home/airflow/.local/lib/python3.12/site-packages/airflow/example_dags/example_bash_decorator.py
[2026-05-02T00:11:46.543+0000] {processor.py:840} INFO - DAG(s) 'example_bash_decorator' retrieved from /home/airflow/.local/lib/python3.12/site-packages/airflow/example_dags/example_bash_decorator.py
[2026-05-02T00:11:46.552+0000] {logging_mixin.py:188} INFO - [2026-05-02T00:11:46.552+0000] {dag.py:3089} INFO - Sync 1 DAGs
[2026-05-02T00:11:46.558+0000] {logging_mixin.py:188} INFO - [2026-05-02T00:11:46.558+0000] {dag.py:3947} INFO - Setting next_dagrun for example_bash_decorator to None, run_after=None
[2026-05-02T00:11:46.565+0000] {processor.py:183} INFO - Processing /home/airflow/.local/lib/python3.12/site-packages/airflow/example_dags/example_bash_decorator.py took 0.031 seconds
[2026-05-02T00:12:17.019+0000] {processor.py:161} INFO - Started process (PID=11440) to work on /home/airflow/.local/lib/python3.12/site-packages/airflow/example_dags/example_bash_decorator.py
[2026-05-02T00:12:17.019+0000] {processor.py:830} INFO - Processing file /home/airflow/.local/lib/python3.12/site-packages/airflow/example_dags/example_bash_decorator.py for tasks to queue
[2026-05-02T00:12:17.020+0000] {logging_mixin.py:188} INFO - [2026-05-02T00:12:17.020+0000] {dagbag.py:545} INFO - Filling up the DagBag from /home/airflow/.local/lib/python3.12/site-packages/airflow/example_dags/example_bash_decorator.py
[2026-05-02T00:12:17.025+0000] {processor.py:840} INFO - DAG(s) 'example_bash_decorator' retrieved from /home/airflow/.local/lib/python3.12/site-packages/airflow/example_dags/example_bash_decorator.py
[2026-05-02T00:12:17.037+0000] {logging_mixin.py:188} INFO - [2026-05-02T00:12:17.037+0000] {dag.py:3089} INFO - Sync 1 DAGs
[2026-05-02T00:12:17.043+0000] {logging_mixin.py:188} INFO - [2026-05-02T00:12:17.043+0000] {dag.py:3947} INFO - Setting next_dagrun for example_bash_decorator to None, run_after=None
[2026-05-02T00:12:17.053+0000] {processor.py:183} INFO - Processing /home/airflow/.local/lib/python3.12/site-packages/airflow/example_dags/example_bash_decorator.py took 0.036 seconds
[2026-05-02T00:12:47.557+0000] {processor.py:161} INFO - Started process (PID=11500) to work on /home/airflow/.local/lib/python3.12/site-packages/airflow/example_dags/example_bash_decorator.py
[2026-05-02T00:12:47.558+0000] {processor.py:830} INFO - Processing file /home/airflow/.local/lib/python3.12/site-packages/airflow/example_dags/example_bash_decorator.py for tasks to queue
[2026-05-02T00:12:47.559+0000] {logging_mixin.py:188} INFO - [2026-05-02T00:12:47.558+0000] {dagbag.py:545} INFO - Filling up the DagBag from /home/airflow/.local/lib/python3.12/site-packages/airflow/example_dags/example_bash_decorator.py
[2026-05-02T00:12:47.563+0000] {processor.py:840} INFO - DAG(s) 'example_bash_decorator' retrieved from /home/airflow/.local/lib/python3.12/site-packages/airflow/example_dags/example_bash_decorator.py
[2026-05-02T00:12:47.574+0000] {logging_mixin.py:188} INFO - [2026-05-02T00:12:47.573+0000] {dag.py:3089} INFO - Sync 1 DAGs
[2026-05-02T00:12:47.579+0000] {logging_mixin.py:188} INFO - [2026-05-02T00:12:47.579+0000] {dag.py:3947} INFO - Setting next_dagrun for example_bash_decorator to None, run_after=None
[2026-05-02T00:12:47.588+0000] {processor.py:183} INFO - Processing /home/airflow/.local/lib/python3.12/site-packages/airflow/example_dags/example_bash_decorator.py took 0.033 seconds
[2026-05-02T00:13:18.086+0000] {processor.py:161} INFO - Started process (PID=11560) to work on /home/airflow/.local/lib/python3.12/site-packages/airflow/example_dags/example_bash_decorator.py
[2026-05-02T00:13:18.087+0000] {processor.py:830} INFO - Processing file /home/airflow/.local/lib/python3.12/site-packages/airflow/example_dags/example_bash_decorator.py for tasks to queue
[2026-05-02T00:13:18.090+0000] {logging_mixin.py:188} INFO - [2026-05-02T00:13:18.089+0000] {dagbag.py:545} INFO - Filling up the DagBag from /home/airflow/.local/lib/python3.12/site-packages/airflow/example_dags/example_bash_decorator.py
[2026-05-02T00:13:18.097+0000] {processor.py:840} INFO - DAG(s) 'example_bash_decorator' retrieved from /home/airflow/.local/lib/python3.12/site-packages/airflow/example_dags/example_bash_decorator.py
[2026-05-02T00:13:18.107+0000] {logging_mixin.py:188} INFO - [2026-05-02T00:13:18.107+0000] {dag.py:3089} INFO - Sync 1 DAGs
[2026-05-02T00:13:18.111+0000] {logging_mixin.py:188} INFO - [2026-05-02T00:13:18.111+0000] {dag.py:3947} INFO - Setting next_dagrun for example_bash_decorator to None, run_after=None
[2026-05-02T00:13:18.120+0000] {processor.py:183} INFO - Processing /home/airflow/.local/lib/python3.12/site-packages/airflow/example_dags/example_bash_decorator.py took 0.036 seconds
[2026-05-02T00:13:48.571+0000] {processor.py:161} INFO - Started process (PID=11620) to work on /home/airflow/.local/lib/python3.12/site-packages/airflow/example_dags/example_bash_decorator.py
[2026-05-02T00:13:48.571+0000] {processor.py:830} INFO - Processing file /home/airflow/.local/lib/python3.12/site-packages/airflow/example_dags/example_bash_decorator.py for tasks to queue
[2026-05-02T00:13:48.573+0000] {logging_mixin.py:188} INFO - [2026-05-02T00:13:48.572+0000] {dagbag.py:545} INFO - Filling up the DagBag from /home/airflow/.local/lib/python3.12/site-packages/airflow/example_dags/example_bash_decorator.py
[2026-05-02T00:13:48.578+0000] {processor.py:840} INFO - DAG(s) 'example_bash_decorator' retrieved from /home/airflow/.local/lib/python3.12/site-packages/airflow/example_dags/example_bash_decorator.py
[2026-05-02T00:13:48.592+0000] {logging_mixin.py:188} INFO - [2026-05-02T00:13:48.592+0000] {dag.py:3089} INFO - Sync 1 DAGs
[2026-05-02T00:13:48.596+0000] {logging_mixin.py:188} INFO - [2026-05-02T00:13:48.596+0000] {dag.py:3947} INFO - Setting next_dagrun for example_bash_decorator to None, run_after=None
[2026-05-02T00:13:48.603+0000] {processor.py:183} INFO - Processing /home/airflow/.local/lib/python3.12/site-packages/airflow/example_dags/example_bash_decorator.py took 0.034 seconds
[2026-05-02T00:14:19.150+0000] {processor.py:161} INFO - Started process (PID=11680) to work on /home/airflow/.local/lib/python3.12/site-packages/airflow/example_dags/example_bash_decorator.py
[2026-05-02T00:14:19.151+0000] {processor.py:830} INFO - Processing file /home/airflow/.local/lib/python3.12/site-packages/airflow/example_dags/example_bash_decorator.py for tasks to queue
[2026-05-02T00:14:19.152+0000] {logging_mixin.py:188} INFO - [2026-05-02T00:14:19.151+0000] {dagbag.py:545} INFO - Filling up the DagBag from /home/airflow/.local/lib/python3.12/site-packages/airflow/example_dags/example_bash_decorator.py
[2026-05-02T00:14:19.157+0000] {processor.py:840} INFO - DAG(s) 'example_bash_decorator' retrieved from /home/airflow/.local/lib/python3.12/site-packages/airflow/example_dags/example_bash_decorator.py
[2026-05-02T00:14:19.165+0000] {logging_mixin.py:188} INFO - [2026-05-02T00:14:19.165+0000] {dag.py:3089} INFO - Sync 1 DAGs
[2026-05-02T00:14:19.169+0000] {logging_mixin.py:188} INFO - [2026-05-02T00:14:19.169+0000] {dag.py:3947} INFO - Setting next_dagrun for example_bash_decorator to None, run_after=None
[2026-05-02T00:14:19.179+0000] {processor.py:183} INFO - Processing /home/airflow/.local/lib/python3.12/site-packages/airflow/example_dags/example_bash_decorator.py took 0.031 seconds
[2026-05-02T00:14:49.718+0000] {processor.py:161} INFO - Started process (PID=11740) to work on /home/airflow/.local/lib/python3.12/site-packages/airflow/example_dags/example_bash_decorator.py
[2026-05-02T00:14:49.718+0000] {processor.py:830} INFO - Processing file /home/airflow/.local/lib/python3.12/site-packages/airflow/example_dags/example_bash_decorator.py for tasks to queue
[2026-05-02T00:14:49.719+0000] {logging_mixin.py:188} INFO - [2026-05-02T00:14:49.719+0000] {dagbag.py:545} INFO - Filling up the DagBag from /home/airflow/.local/lib/python3.12/site-packages/airflow/example_dags/example_bash_decorator.py
[2026-05-02T00:14:49.725+0000] {processor.py:840} INFO - DAG(s) 'example_bash_decorator' retrieved from /home/airflow/.local/lib/python3.12/site-packages/airflow/example_dags/example_bash_decorator.py
[2026-05-02T00:14:49.734+0000] {logging_mixin.py:188} INFO - [2026-05-02T00:14:49.734+0000] {dag.py:3089} INFO - Sync 1 DAGs
[2026-05-02T00:14:49.739+0000] {logging_mixin.py:188} INFO - [2026-05-02T00:14:49.739+0000] {dag.py:3947} INFO - Setting next_dagrun for example_bash_decorator to None, run_after=None
[2026-05-02T00:14:49.748+0000] {processor.py:183} INFO - Processing /home/airflow/.local/lib/python3.12/site-packages/airflow/example_dags/example_bash_decorator.py took 0.033 seconds
[2026-05-02T00:15:20.117+0000] {processor.py:161} INFO - Started process (PID=11800) to work on /home/airflow/.local/lib/python3.12/site-packages/airflow/example_dags/example_bash_decorator.py
[2026-05-02T00:15:20.118+0000] {processor.py:830} INFO - Processing file /home/airflow/.local/lib/python3.12/site-packages/airflow/example_dags/example_bash_decorator.py for tasks to queue
[2026-05-02T00:15:20.120+0000] {logging_mixin.py:188} INFO - [2026-05-02T00:15:20.120+0000] {dagbag.py:545} INFO - Filling up the DagBag from /home/airflow/.local/lib/python3.12/site-packages/airflow/example_dags/example_bash_decorator.py
[2026-05-02T00:15:20.127+0000] {processor.py:840} INFO - DAG(s) 'example_bash_decorator' retrieved from /home/airflow/.local/lib/python3.12/site-packages/airflow/example_dags/example_bash_decorator.py
[2026-05-02T00:15:20.140+0000] {logging_mixin.py:188} INFO - [2026-05-02T00:15:20.140+0000] {dag.py:3089} INFO - Sync 1 DAGs
[2026-05-02T00:15:20.145+0000] {logging_mixin.py:188} INFO - [2026-05-02T00:15:20.145+0000] {dag.py:3947} INFO - Setting next_dagrun for example_bash_decorator to None, run_after=None
[2026-05-02T00:15:20.154+0000] {processor.py:183} INFO - Processing /home/airflow/.local/lib/python3.12/site-packages/airflow/example_dags/example_bash_decorator.py took 0.041 seconds
[2026-05-02T00:15:50.821+0000] {processor.py:161} INFO - Started process (PID=11860) to work on /home/airflow/.local/lib/python3.12/site-packages/airflow/example_dags/example_bash_decorator.py
[2026-05-02T00:15:50.822+0000] {processor.py:830} INFO - Processing file /home/airflow/.local/lib/python3.12/site-packages/airflow/example_dags/example_bash_decorator.py for tasks to queue
[2026-05-02T00:15:50.823+0000] {logging_mixin.py:188} INFO - [2026-05-02T00:15:50.823+0000] {dagbag.py:545} INFO - Filling up the DagBag from /home/airflow/.local/lib/python3.12/site-packages/airflow/example_dags/example_bash_decorator.py
[2026-05-02T00:15:50.828+0000] {processor.py:840} INFO - DAG(s) 'example_bash_decorator' retrieved from /home/airflow/.local/lib/python3.12/site-packages/airflow/example_dags/example_bash_decorator.py
[2026-05-02T00:15:50.836+0000] {logging_mixin.py:188} INFO - [2026-05-02T00:15:50.836+0000] {dag.py:3089} INFO - Sync 1 DAGs
[2026-05-02T00:15:50.840+0000] {logging_mixin.py:188} INFO - [2026-05-02T00:15:50.840+0000] {dag.py:3947} INFO - Setting next_dagrun for example_bash_decorator to None, run_after=None
[2026-05-02T00:15:50.849+0000] {processor.py:183} INFO - Processing /home/airflow/.local/lib/python3.12/site-packages/airflow/example_dags/example_bash_decorator.py took 0.030 seconds
[2026-05-02T00:16:21.275+0000] {processor.py:161} INFO - Started process (PID=11921) to work on /home/airflow/.local/lib/python3.12/site-packages/airflow/example_dags/example_bash_decorator.py
[2026-05-02T00:16:21.277+0000] {processor.py:830} INFO - Processing file /home/airflow/.local/lib/python3.12/site-packages/airflow/example_dags/example_bash_decorator.py for tasks to queue
[2026-05-02T00:16:21.278+0000] {logging_mixin.py:188} INFO - [2026-05-02T00:16:21.277+0000] {dagbag.py:545} INFO - Filling up the DagBag from /home/airflow/.local/lib/python3.12/site-packages/airflow/example_dags/example_bash_decorator.py
[2026-05-02T00:16:21.286+0000] {processor.py:840} INFO - DAG(s) 'example_bash_decorator' retrieved from /home/airflow/.local/lib/python3.12/site-packages/airflow/example_dags/example_bash_decorator.py
[2026-05-02T00:16:21.297+0000] {logging_mixin.py:188} INFO - [2026-05-02T00:16:21.297+0000] {dag.py:3089} INFO - Sync 1 DAGs
[2026-05-02T00:16:21.302+0000] {logging_mixin.py:188} INFO - [2026-05-02T00:16:21.302+0000] {dag.py:3947} INFO - Setting next_dagrun for example_bash_decorator to None, run_after=None
[2026-05-02T00:16:21.308+0000] {processor.py:183} INFO - Processing /home/airflow/.local/lib/python3.12/site-packages/airflow/example_dags/example_bash_decorator.py took 0.036 seconds
[2026-05-02T00:16:51.920+0000] {processor.py:161} INFO - Started process (PID=11981) to work on /home/airflow/.local/lib/python3.12/site-packages/airflow/example_dags/example_bash_decorator.py
[2026-05-02T00:16:51.920+0000] {processor.py:830} INFO - Processing file /home/airflow/.local/lib/python3.12/site-packages/airflow/example_dags/example_bash_decorator.py for tasks to queue
[2026-05-02T00:16:51.921+0000] {logging_mixin.py:188} INFO - [2026-05-02T00:16:51.921+0000] {dagbag.py:545} INFO - Filling up the DagBag from /home/airflow/.local/lib/python3.12/site-packages/airflow/example_dags/example_bash_decorator.py
[2026-05-02T00:16:51.926+0000] {processor.py:840} INFO - DAG(s) 'example_bash_decorator' retrieved from /home/airflow/.local/lib/python3.12/site-packages/airflow/example_dags/example_bash_decorator.py
[2026-05-02T00:16:51.937+0000] {logging_mixin.py:188} INFO - [2026-05-02T00:16:51.937+0000] {dag.py:3089} INFO - Sync 1 DAGs
[2026-05-02T00:16:51.940+0000] {logging_mixin.py:188} INFO - [2026-05-02T00:16:51.940+0000] {dag.py:3947} INFO - Setting next_dagrun for example_bash_decorator to None, run_after=None
[2026-05-02T00:16:51.949+0000] {processor.py:183} INFO - Processing /home/airflow/.local/lib/python3.12/site-packages/airflow/example_dags/example_bash_decorator.py took 0.032 seconds
[2026-05-02T00:17:22.575+0000] {processor.py:161} INFO - Started process (PID=12041) to work on /home/airflow/.local/lib/python3.12/site-packages/airflow/example_dags/example_bash_decorator.py
[2026-05-02T00:17:22.576+0000] {processor.py:830} INFO - Processing file /home/airflow/.local/lib/python3.12/site-packages/airflow/example_dags/example_bash_decorator.py for tasks to queue
[2026-05-02T00:17:22.577+0000] {logging_mixin.py:188} INFO - [2026-05-02T00:17:22.577+0000] {dagbag.py:545} INFO - Filling up the DagBag from /home/airflow/.local/lib/python3.12/site-packages/airflow/example_dags/example_bash_decorator.py
[2026-05-02T00:17:22.582+0000] {processor.py:840} INFO - DAG(s) 'example_bash_decorator' retrieved from /home/airflow/.local/lib/python3.12/site-packages/airflow/example_dags/example_bash_decorator.py
[2026-05-02T00:17:22.592+0000] {logging_mixin.py:188} INFO - [2026-05-02T00:17:22.592+0000] {dag.py:3089} INFO - Sync 1 DAGs
[2026-05-02T00:17:22.596+0000] {logging_mixin.py:188} INFO - [2026-05-02T00:17:22.596+0000] {dag.py:3947} INFO - Setting next_dagrun for example_bash_decorator to None, run_after=None
[2026-05-02T00:17:22.605+0000] {processor.py:183} INFO - Processing /home/airflow/.local/lib/python3.12/site-packages/airflow/example_dags/example_bash_decorator.py took 0.032 seconds
[2026-05-02T00:17:53.210+0000] {processor.py:161} INFO - Started process (PID=12101) to work on /home/airflow/.local/lib/python3.12/site-packages/airflow/example_dags/example_bash_decorator.py
[2026-05-02T00:17:53.211+0000] {processor.py:830} INFO - Processing file /home/airflow/.local/lib/python3.12/site-packages/airflow/example_dags/example_bash_decorator.py for tasks to queue
[2026-05-02T00:17:53.212+0000] {logging_mixin.py:188} INFO - [2026-05-02T00:17:53.212+0000] {dagbag.py:545} INFO - Filling up the DagBag from /home/airflow/.local/lib/python3.12/site-packages/airflow/example_dags/example_bash_decorator.py
[2026-05-02T00:17:53.219+0000] {processor.py:840} INFO - DAG(s) 'example_bash_decorator' retrieved from /home/airflow/.local/lib/python3.12/site-packages/airflow/example_dags/example_bash_decorator.py
[2026-05-02T00:17:53.231+0000] {logging_mixin.py:188} INFO - [2026-05-02T00:17:53.231+0000] {dag.py:3089} INFO - Sync 1 DAGs
[2026-05-02T00:17:53.237+0000] {logging_mixin.py:188} INFO - [2026-05-02T00:17:53.237+0000] {dag.py:3947} INFO - Setting next_dagrun for example_bash_decorator to None, run_after=None
[2026-05-02T00:17:53.245+0000] {processor.py:183} INFO - Processing /home/airflow/.local/lib/python3.12/site-packages/airflow/example_dags/example_bash_decorator.py took 0.037 seconds
