[2026-05-02T00:07:39.470+0000] {processor.py:161} INFO - Started process (PID=10891) to work on /home/airflow/.local/lib/python3.12/site-packages/airflow/example_dags/example_subdag_operator.py
[2026-05-02T00:07:39.471+0000] {processor.py:830} INFO - Processing file /home/airflow/.local/lib/python3.12/site-packages/airflow/example_dags/example_subdag_operator.py for tasks to queue
[2026-05-02T00:07:39.471+0000] {logging_mixin.py:188} INFO - [2026-05-02T00:07:39.471+0000] {dagbag.py:545} INFO - Filling up the DagBag from /home/airflow/.local/lib/python3.12/site-packages/airflow/example_dags/example_subdag_operator.py
[2026-05-02T00:07:39.483+0000] {processor.py:840} INFO - DAG(s) 'example_subdag_operator.section-1', 'example_subdag_operator.section-2', 'example_subdag_operator' retrieved from /home/airflow/.local/lib/python3.12/site-packages/airflow/example_dags/example_subdag_operator.py
[2026-05-02T00:07:39.491+0000] {logging_mixin.py:188} INFO - [2026-05-02T00:07:39.491+0000] {dag.py:3089} INFO - Sync 3 DAGs
[2026-05-02T00:07:39.497+0000] {logging_mixin.py:188} INFO - [2026-05-02T00:07:39.497+0000] {dag.py:3947} INFO - Setting next_dagrun for example_subdag_operator to 2022-01-01 00:00:00+00:00, run_after=2022-01-01 00:00:00+00:00
[2026-05-02T00:07:39.499+0000] {logging_mixin.py:188} INFO - [2026-05-02T00:07:39.499+0000] {dag.py:3947} INFO - Setting next_dagrun for example_subdag_operator.section-1 to None, run_after=None
[2026-05-02T00:07:39.499+0000] {logging_mixin.py:188} INFO - [2026-05-02T00:07:39.499+0000] {dag.py:3947} INFO - Setting next_dagrun for example_subdag_operator.section-2 to None, run_after=None
[2026-05-02T00:07:39.501+0000] {logging_mixin.py:188} INFO - [2026-05-02T00:07:39.501+0000] {dag.py:3089} INFO - Sync 2 DAGs
[2026-05-02T00:07:39.503+0000] {logging_mixin.py:188} INFO - [2026-05-02T00:07:39.503+0000] {dag.py:3947} INFO - Setting next_dagrun for example_subdag_operator.section-1 to None, run_after=None
[2026-05-02T00:07:39.503+0000] {logging_mixin.py:188} INFO - [2026-05-02T00:07:39.503+0000] {dag.py:3947} INFO - Setting next_dagrun for example_subdag_operator.section-2 to None, run_after=None
[2026-05-02T00:07:39.506+0000] {processor.py:183} INFO - Processing /home/airflow/.local/lib/python3.12/site-packages/airflow/example_dags/example_subdag_operator.py took 0.038 seconds
[2026-05-02T00:08:10.242+0000] {processor.py:161} INFO - Started process (PID=10951) to work on /home/airflow/.local/lib/python3.12/site-packages/airflow/example_dags/example_subdag_operator.py
[2026-05-02T00:08:10.244+0000] {processor.py:830} INFO - Processing file /home/airflow/.local/lib/python3.12/site-packages/airflow/example_dags/example_subdag_operator.py for tasks to queue
[2026-05-02T00:08:10.245+0000] {logging_mixin.py:188} INFO - [2026-05-02T00:08:10.245+0000] {dagbag.py:545} INFO - Filling up the DagBag from /home/airflow/.local/lib/python3.12/site-packages/airflow/example_dags/example_subdag_operator.py
[2026-05-02T00:08:10.256+0000] {processor.py:840} INFO - DAG(s) 'example_subdag_operator.section-1', 'example_subdag_operator.section-2', 'example_subdag_operator' retrieved from /home/airflow/.local/lib/python3.12/site-packages/airflow/example_dags/example_subdag_operator.py
[2026-05-02T00:08:10.264+0000] {logging_mixin.py:188} INFO - [2026-05-02T00:08:10.264+0000] {dag.py:3089} INFO - Sync 3 DAGs
[2026-05-02T00:08:10.272+0000] {logging_mixin.py:188} INFO - [2026-05-02T00:08:10.272+0000] {dag.py:3947} INFO - Setting next_dagrun for example_subdag_operator to 2022-01-01 00:00:00+00:00, run_after=2022-01-01 00:00:00+00:00
[2026-05-02T00:08:10.275+0000] {logging_mixin.py:188} INFO - [2026-05-02T00:08:10.275+0000] {dag.py:3947} INFO - Setting next_dagrun for example_subdag_operator.section-1 to None, run_after=None
[2026-05-02T00:08:10.276+0000] {logging_mixin.py:188} INFO - [2026-05-02T00:08:10.275+0000] {dag.py:3947} INFO - Setting next_dagrun for example_subdag_operator.section-2 to None, run_after=None
[2026-05-02T00:08:10.278+0000] {logging_mixin.py:188} INFO - [2026-05-02T00:08:10.278+0000] {dag.py:3089} INFO - Sync 2 DAGs
[2026-05-02T00:08:10.279+0000] {logging_mixin.py:188} INFO - [2026-05-02T00:08:10.279+0000] {dag.py:3947} INFO - Setting next_dagrun for example_subdag_operator.section-1 to None, run_after=None
[2026-05-02T00:08:10.279+0000] {logging_mixin.py:188} INFO - [2026-05-02T00:08:10.279+0000] {dag.py:3947} INFO - Setting next_dagrun for example_subdag_operator.section-2 to None, run_after=None
[2026-05-02T00:08:10.283+0000] {processor.py:183} INFO - Processing /home/airflow/.local/lib/python3.12/site-packages/airflow/example_dags/example_subdag_operator.py took 0.044 seconds
[2026-05-02T00:08:40.910+0000] {processor.py:161} INFO - Started process (PID=11011) to work on /home/airflow/.local/lib/python3.12/site-packages/airflow/example_dags/example_subdag_operator.py
[2026-05-02T00:08:40.910+0000] {processor.py:830} INFO - Processing file /home/airflow/.local/lib/python3.12/site-packages/airflow/example_dags/example_subdag_operator.py for tasks to queue
[2026-05-02T00:08:40.911+0000] {logging_mixin.py:188} INFO - [2026-05-02T00:08:40.911+0000] {dagbag.py:545} INFO - Filling up the DagBag from /home/airflow/.local/lib/python3.12/site-packages/airflow/example_dags/example_subdag_operator.py
[2026-05-02T00:08:40.925+0000] {processor.py:840} INFO - DAG(s) 'example_subdag_operator.section-1', 'example_subdag_operator.section-2', 'example_subdag_operator' retrieved from /home/airflow/.local/lib/python3.12/site-packages/airflow/example_dags/example_subdag_operator.py
[2026-05-02T00:08:40.932+0000] {logging_mixin.py:188} INFO - [2026-05-02T00:08:40.931+0000] {dag.py:3089} INFO - Sync 3 DAGs
[2026-05-02T00:08:40.939+0000] {logging_mixin.py:188} INFO - [2026-05-02T00:08:40.939+0000] {dag.py:3947} INFO - Setting next_dagrun for example_subdag_operator to 2022-01-01 00:00:00+00:00, run_after=2022-01-01 00:00:00+00:00
[2026-05-02T00:08:40.941+0000] {logging_mixin.py:188} INFO - [2026-05-02T00:08:40.941+0000] {dag.py:3947} INFO - Setting next_dagrun for example_subdag_operator.section-1 to None, run_after=None
[2026-05-02T00:08:40.942+0000] {logging_mixin.py:188} INFO - [2026-05-02T00:08:40.942+0000] {dag.py:3947} INFO - Setting next_dagrun for example_subdag_operator.section-2 to None, run_after=None
[2026-05-02T00:08:40.946+0000] {logging_mixin.py:188} INFO - [2026-05-02T00:08:40.946+0000] {dag.py:3089} INFO - Sync 2 DAGs
[2026-05-02T00:08:40.947+0000] {logging_mixin.py:188} INFO - [2026-05-02T00:08:40.947+0000] {dag.py:3947} INFO - Setting next_dagrun for example_subdag_operator.section-1 to None, run_after=None
[2026-05-02T00:08:40.947+0000] {logging_mixin.py:188} INFO - [2026-05-02T00:08:40.947+0000] {dag.py:3947} INFO - Setting next_dagrun for example_subdag_operator.section-2 to None, run_after=None
[2026-05-02T00:08:40.951+0000] {processor.py:183} INFO - Processing /home/airflow/.local/lib/python3.12/site-packages/airflow/example_dags/example_subdag_operator.py took 0.043 seconds
[2026-05-02T00:09:11.602+0000] {processor.py:161} INFO - Started process (PID=11071) to work on /home/airflow/.local/lib/python3.12/site-packages/airflow/example_dags/example_subdag_operator.py
[2026-05-02T00:09:11.602+0000] {processor.py:830} INFO - Processing file /home/airflow/.local/lib/python3.12/site-packages/airflow/example_dags/example_subdag_operator.py for tasks to queue
[2026-05-02T00:09:11.603+0000] {logging_mixin.py:188} INFO - [2026-05-02T00:09:11.603+0000] {dagbag.py:545} INFO - Filling up the DagBag from /home/airflow/.local/lib/python3.12/site-packages/airflow/example_dags/example_subdag_operator.py
[2026-05-02T00:09:11.611+0000] {processor.py:840} INFO - DAG(s) 'example_subdag_operator.section-1', 'example_subdag_operator.section-2', 'example_subdag_operator' retrieved from /home/airflow/.local/lib/python3.12/site-packages/airflow/example_dags/example_subdag_operator.py
[2026-05-02T00:09:11.615+0000] {logging_mixin.py:188} INFO - [2026-05-02T00:09:11.615+0000] {dag.py:3089} INFO - Sync 3 DAGs
[2026-05-02T00:09:11.621+0000] {logging_mixin.py:188} INFO - [2026-05-02T00:09:11.621+0000] {dag.py:3947} INFO - Setting next_dagrun for example_subdag_operator to 2022-01-01 00:00:00+00:00, run_after=2022-01-01 00:00:00+00:00
[2026-05-02T00:09:11.622+0000] {logging_mixin.py:188} INFO - [2026-05-02T00:09:11.622+0000] {dag.py:3947} INFO - Setting next_dagrun for example_subdag_operator.section-1 to None, run_after=None
[2026-05-02T00:09:11.622+0000] {logging_mixin.py:188} INFO - [2026-05-02T00:09:11.622+0000] {dag.py:3947} INFO - Setting next_dagrun for example_subdag_operator.section-2 to None, run_after=None
[2026-05-02T00:09:11.624+0000] {logging_mixin.py:188} INFO - [2026-05-02T00:09:11.624+0000] {dag.py:3089} INFO - Sync 2 DAGs
[2026-05-02T00:09:11.625+0000] {logging_mixin.py:188} INFO - [2026-05-02T00:09:11.625+0000] {dag.py:3947} INFO - Setting next_dagrun for example_subdag_operator.section-1 to None, run_after=None
[2026-05-02T00:09:11.626+0000] {logging_mixin.py:188} INFO - [2026-05-02T00:09:11.626+0000] {dag.py:3947} INFO - Setting next_dagrun for example_subdag_operator.section-2 to None, run_after=None
[2026-05-02T00:09:11.628+0000] {processor.py:183} INFO - Processing /home/airflow/.local/lib/python3.12/site-packages/airflow/example_dags/example_subdag_operator.py took 0.028 seconds
[2026-05-02T00:09:42.537+0000] {processor.py:161} INFO - Started process (PID=11131) to work on /home/airflow/.local/lib/python3.12/site-packages/airflow/example_dags/example_subdag_operator.py
[2026-05-02T00:09:42.538+0000] {processor.py:830} INFO - Processing file /home/airflow/.local/lib/python3.12/site-packages/airflow/example_dags/example_subdag_operator.py for tasks to queue
[2026-05-02T00:09:42.539+0000] {logging_mixin.py:188} INFO - [2026-05-02T00:09:42.539+0000] {dagbag.py:545} INFO - Filling up the DagBag from /home/airflow/.local/lib/python3.12/site-packages/airflow/example_dags/example_subdag_operator.py
[2026-05-02T00:09:42.554+0000] {processor.py:840} INFO - DAG(s) 'example_subdag_operator.section-1', 'example_subdag_operator.section-2', 'example_subdag_operator' retrieved from /home/airflow/.local/lib/python3.12/site-packages/airflow/example_dags/example_subdag_operator.py
[2026-05-02T00:09:42.561+0000] {logging_mixin.py:188} INFO - [2026-05-02T00:09:42.561+0000] {dag.py:3089} INFO - Sync 3 DAGs
[2026-05-02T00:09:42.568+0000] {logging_mixin.py:188} INFO - [2026-05-02T00:09:42.568+0000] {dag.py:3947} INFO - Setting next_dagrun for example_subdag_operator to 2022-01-01 00:00:00+00:00, run_after=2022-01-01 00:00:00+00:00
[2026-05-02T00:09:42.570+0000] {logging_mixin.py:188} INFO - [2026-05-02T00:09:42.570+0000] {dag.py:3947} INFO - Setting next_dagrun for example_subdag_operator.section-1 to None, run_after=None
[2026-05-02T00:09:42.570+0000] {logging_mixin.py:188} INFO - [2026-05-02T00:09:42.570+0000] {dag.py:3947} INFO - Setting next_dagrun for example_subdag_operator.section-2 to None, run_after=None
[2026-05-02T00:09:42.573+0000] {logging_mixin.py:188} INFO - [2026-05-02T00:09:42.572+0000] {dag.py:3089} INFO - Sync 2 DAGs
[2026-05-02T00:09:42.574+0000] {logging_mixin.py:188} INFO - [2026-05-02T00:09:42.574+0000] {dag.py:3947} INFO - Setting next_dagrun for example_subdag_operator.section-1 to None, run_after=None
[2026-05-02T00:09:42.574+0000] {logging_mixin.py:188} INFO - [2026-05-02T00:09:42.574+0000] {dag.py:3947} INFO - Setting next_dagrun for example_subdag_operator.section-2 to None, run_after=None
[2026-05-02T00:09:42.577+0000] {processor.py:183} INFO - Processing /home/airflow/.local/lib/python3.12/site-packages/airflow/example_dags/example_subdag_operator.py took 0.042 seconds
[2026-05-02T00:10:14.123+0000] {processor.py:161} INFO - Started process (PID=11191) to work on /home/airflow/.local/lib/python3.12/site-packages/airflow/example_dags/example_subdag_operator.py
[2026-05-02T00:10:14.123+0000] {processor.py:830} INFO - Processing file /home/airflow/.local/lib/python3.12/site-packages/airflow/example_dags/example_subdag_operator.py for tasks to queue
[2026-05-02T00:10:14.124+0000] {logging_mixin.py:188} INFO - [2026-05-02T00:10:14.124+0000] {dagbag.py:545} INFO - Filling up the DagBag from /home/airflow/.local/lib/python3.12/site-packages/airflow/example_dags/example_subdag_operator.py
[2026-05-02T00:10:14.131+0000] {processor.py:840} INFO - DAG(s) 'example_subdag_operator.section-1', 'example_subdag_operator.section-2', 'example_subdag_operator' retrieved from /home/airflow/.local/lib/python3.12/site-packages/airflow/example_dags/example_subdag_operator.py
[2026-05-02T00:10:14.136+0000] {logging_mixin.py:188} INFO - [2026-05-02T00:10:14.136+0000] {dag.py:3089} INFO - Sync 3 DAGs
[2026-05-02T00:10:14.142+0000] {logging_mixin.py:188} INFO - [2026-05-02T00:10:14.142+0000] {dag.py:3947} INFO - Setting next_dagrun for example_subdag_operator to 2022-01-01 00:00:00+00:00, run_after=2022-01-01 00:00:00+00:00
[2026-05-02T00:10:14.143+0000] {logging_mixin.py:188} INFO - [2026-05-02T00:10:14.143+0000] {dag.py:3947} INFO - Setting next_dagrun for example_subdag_operator.section-1 to None, run_after=None
[2026-05-02T00:10:14.143+0000] {logging_mixin.py:188} INFO - [2026-05-02T00:10:14.143+0000] {dag.py:3947} INFO - Setting next_dagrun for example_subdag_operator.section-2 to None, run_after=None
[2026-05-02T00:10:14.145+0000] {logging_mixin.py:188} INFO - [2026-05-02T00:10:14.145+0000] {dag.py:3089} INFO - Sync 2 DAGs
[2026-05-02T00:10:14.147+0000] {logging_mixin.py:188} INFO - [2026-05-02T00:10:14.147+0000] {dag.py:3947} INFO - Setting next_dagrun for example_subdag_operator.section-1 to None, run_after=None
[2026-05-02T00:10:14.147+0000] {logging_mixin.py:188} INFO - [2026-05-02T00:10:14.147+0000] {dag.py:3947} INFO - Setting next_dagrun for example_subdag_operator.section-2 to None, run_after=None
[2026-05-02T00:10:14.150+0000] {processor.py:183} INFO - Processing /home/airflow/.local/lib/python3.12/site-packages/airflow/example_dags/example_subdag_operator.py took 0.029 seconds
[2026-05-02T00:10:44.795+0000] {processor.py:161} INFO - Started process (PID=11251) to work on /home/airflow/.local/lib/python3.12/site-packages/airflow/example_dags/example_subdag_operator.py
[2026-05-02T00:10:44.796+0000] {processor.py:830} INFO - Processing file /home/airflow/.local/lib/python3.12/site-packages/airflow/example_dags/example_subdag_operator.py for tasks to queue
[2026-05-02T00:10:44.797+0000] {logging_mixin.py:188} INFO - [2026-05-02T00:10:44.797+0000] {dagbag.py:545} INFO - Filling up the DagBag from /home/airflow/.local/lib/python3.12/site-packages/airflow/example_dags/example_subdag_operator.py
[2026-05-02T00:10:44.884+0000] {processor.py:840} INFO - DAG(s) 'example_subdag_operator.section-1', 'example_subdag_operator.section-2', 'example_subdag_operator' retrieved from /home/airflow/.local/lib/python3.12/site-packages/airflow/example_dags/example_subdag_operator.py
[2026-05-02T00:10:44.888+0000] {logging_mixin.py:188} INFO - [2026-05-02T00:10:44.888+0000] {dag.py:3089} INFO - Sync 3 DAGs
[2026-05-02T00:10:44.894+0000] {logging_mixin.py:188} INFO - [2026-05-02T00:10:44.894+0000] {dag.py:3947} INFO - Setting next_dagrun for example_subdag_operator to 2022-01-01 00:00:00+00:00, run_after=2022-01-01 00:00:00+00:00
[2026-05-02T00:10:44.895+0000] {logging_mixin.py:188} INFO - [2026-05-02T00:10:44.895+0000] {dag.py:3947} INFO - Setting next_dagrun for example_subdag_operator.section-1 to None, run_after=None
[2026-05-02T00:10:44.895+0000] {logging_mixin.py:188} INFO - [2026-05-02T00:10:44.895+0000] {dag.py:3947} INFO - Setting next_dagrun for example_subdag_operator.section-2 to None, run_after=None
[2026-05-02T00:10:44.897+0000] {logging_mixin.py:188} INFO - [2026-05-02T00:10:44.897+0000] {dag.py:3089} INFO - Sync 2 DAGs
[2026-05-02T00:10:44.899+0000] {logging_mixin.py:188} INFO - [2026-05-02T00:10:44.899+0000] {dag.py:3947} INFO - Setting next_dagrun for example_subdag_operator.section-1 to None, run_after=None
[2026-05-02T00:10:44.899+0000] {logging_mixin.py:188} INFO - [2026-05-02T00:10:44.899+0000] {dag.py:3947} INFO - Setting next_dagrun for example_subdag_operator.section-2 to None, run_after=None
[2026-05-02T00:10:44.902+0000] {processor.py:183} INFO - Processing /home/airflow/.local/lib/python3.12/site-packages/airflow/example_dags/example_subdag_operator.py took 0.109 seconds
[2026-05-02T00:11:15.593+0000] {processor.py:161} INFO - Started process (PID=11311) to work on /home/airflow/.local/lib/python3.12/site-packages/airflow/example_dags/example_subdag_operator.py
[2026-05-02T00:11:15.594+0000] {processor.py:830} INFO - Processing file /home/airflow/.local/lib/python3.12/site-packages/airflow/example_dags/example_subdag_operator.py for tasks to queue
[2026-05-02T00:11:15.595+0000] {logging_mixin.py:188} INFO - [2026-05-02T00:11:15.594+0000] {dagbag.py:545} INFO - Filling up the DagBag from /home/airflow/.local/lib/python3.12/site-packages/airflow/example_dags/example_subdag_operator.py
[2026-05-02T00:11:15.605+0000] {processor.py:840} INFO - DAG(s) 'example_subdag_operator.section-1', 'example_subdag_operator.section-2', 'example_subdag_operator' retrieved from /home/airflow/.local/lib/python3.12/site-packages/airflow/example_dags/example_subdag_operator.py
[2026-05-02T00:11:15.610+0000] {logging_mixin.py:188} INFO - [2026-05-02T00:11:15.610+0000] {dag.py:3089} INFO - Sync 3 DAGs
[2026-05-02T00:11:15.617+0000] {logging_mixin.py:188} INFO - [2026-05-02T00:11:15.617+0000] {dag.py:3947} INFO - Setting next_dagrun for example_subdag_operator to 2022-01-01 00:00:00+00:00, run_after=2022-01-01 00:00:00+00:00
[2026-05-02T00:11:15.618+0000] {logging_mixin.py:188} INFO - [2026-05-02T00:11:15.618+0000] {dag.py:3947} INFO - Setting next_dagrun for example_subdag_operator.section-1 to None, run_after=None
[2026-05-02T00:11:15.619+0000] {logging_mixin.py:188} INFO - [2026-05-02T00:11:15.619+0000] {dag.py:3947} INFO - Setting next_dagrun for example_subdag_operator.section-2 to None, run_after=None
[2026-05-02T00:11:15.621+0000] {logging_mixin.py:188} INFO - [2026-05-02T00:11:15.621+0000] {dag.py:3089} INFO - Sync 2 DAGs
[2026-05-02T00:11:15.623+0000] {logging_mixin.py:188} INFO - [2026-05-02T00:11:15.623+0000] {dag.py:3947} INFO - Setting next_dagrun for example_subdag_operator.section-1 to None, run_after=None
[2026-05-02T00:11:15.623+0000] {logging_mixin.py:188} INFO - [2026-05-02T00:11:15.623+0000] {dag.py:3947} INFO - Setting next_dagrun for example_subdag_operator.section-2 to None, run_after=None
[2026-05-02T00:11:15.626+0000] {processor.py:183} INFO - Processing /home/airflow/.local/lib/python3.12/site-packages/airflow/example_dags/example_subdag_operator.py took 0.035 seconds
[2026-05-02T00:11:46.278+0000] {processor.py:161} INFO - Started process (PID=11371) to work on /home/airflow/.local/lib/python3.12/site-packages/airflow/example_dags/example_subdag_operator.py
[2026-05-02T00:11:46.279+0000] {processor.py:830} INFO - Processing file /home/airflow/.local/lib/python3.12/site-packages/airflow/example_dags/example_subdag_operator.py for tasks to queue
[2026-05-02T00:11:46.279+0000] {logging_mixin.py:188} INFO - [2026-05-02T00:11:46.279+0000] {dagbag.py:545} INFO - Filling up the DagBag from /home/airflow/.local/lib/python3.12/site-packages/airflow/example_dags/example_subdag_operator.py
[2026-05-02T00:11:46.287+0000] {processor.py:840} INFO - DAG(s) 'example_subdag_operator.section-1', 'example_subdag_operator.section-2', 'example_subdag_operator' retrieved from /home/airflow/.local/lib/python3.12/site-packages/airflow/example_dags/example_subdag_operator.py
[2026-05-02T00:11:46.292+0000] {logging_mixin.py:188} INFO - [2026-05-02T00:11:46.292+0000] {dag.py:3089} INFO - Sync 3 DAGs
[2026-05-02T00:11:46.298+0000] {logging_mixin.py:188} INFO - [2026-05-02T00:11:46.298+0000] {dag.py:3947} INFO - Setting next_dagrun for example_subdag_operator to 2022-01-01 00:00:00+00:00, run_after=2022-01-01 00:00:00+00:00
[2026-05-02T00:11:46.299+0000] {logging_mixin.py:188} INFO - [2026-05-02T00:11:46.299+0000] {dag.py:3947} INFO - Setting next_dagrun for example_subdag_operator.section-1 to None, run_after=None
[2026-05-02T00:11:46.299+0000] {logging_mixin.py:188} INFO - [2026-05-02T00:11:46.299+0000] {dag.py:3947} INFO - Setting next_dagrun for example_subdag_operator.section-2 to None, run_after=None
[2026-05-02T00:11:46.301+0000] {logging_mixin.py:188} INFO - [2026-05-02T00:11:46.301+0000] {dag.py:3089} INFO - Sync 2 DAGs
[2026-05-02T00:11:46.303+0000] {logging_mixin.py:188} INFO - [2026-05-02T00:11:46.302+0000] {dag.py:3947} INFO - Setting next_dagrun for example_subdag_operator.section-1 to None, run_after=None
[2026-05-02T00:11:46.303+0000] {logging_mixin.py:188} INFO - [2026-05-02T00:11:46.303+0000] {dag.py:3947} INFO - Setting next_dagrun for example_subdag_operator.section-2 to None, run_after=None
[2026-05-02T00:11:46.305+0000] {processor.py:183} INFO - Processing /home/airflow/.local/lib/python3.12/site-packages/airflow/example_dags/example_subdag_operator.py took 0.029 seconds
[2026-05-02T00:12:16.777+0000] {processor.py:161} INFO - Started process (PID=11431) to work on /home/airflow/.local/lib/python3.12/site-packages/airflow/example_dags/example_subdag_operator.py
[2026-05-02T00:12:16.778+0000] {processor.py:830} INFO - Processing file /home/airflow/.local/lib/python3.12/site-packages/airflow/example_dags/example_subdag_operator.py for tasks to queue
[2026-05-02T00:12:16.779+0000] {logging_mixin.py:188} INFO - [2026-05-02T00:12:16.779+0000] {dagbag.py:545} INFO - Filling up the DagBag from /home/airflow/.local/lib/python3.12/site-packages/airflow/example_dags/example_subdag_operator.py
[2026-05-02T00:12:16.792+0000] {processor.py:840} INFO - DAG(s) 'example_subdag_operator.section-1', 'example_subdag_operator.section-2', 'example_subdag_operator' retrieved from /home/airflow/.local/lib/python3.12/site-packages/airflow/example_dags/example_subdag_operator.py
[2026-05-02T00:12:16.798+0000] {logging_mixin.py:188} INFO - [2026-05-02T00:12:16.798+0000] {dag.py:3089} INFO - Sync 3 DAGs
[2026-05-02T00:12:16.807+0000] {logging_mixin.py:188} INFO - [2026-05-02T00:12:16.807+0000] {dag.py:3947} INFO - Setting next_dagrun for example_subdag_operator to 2022-01-01 00:00:00+00:00, run_after=2022-01-01 00:00:00+00:00
[2026-05-02T00:12:16.810+0000] {logging_mixin.py:188} INFO - [2026-05-02T00:12:16.810+0000] {dag.py:3947} INFO - Setting next_dagrun for example_subdag_operator.section-1 to None, run_after=None
[2026-05-02T00:12:16.812+0000] {logging_mixin.py:188} INFO - [2026-05-02T00:12:16.812+0000] {dag.py:3947} INFO - Setting next_dagrun for example_subdag_operator.section-2 to None, run_after=None
[2026-05-02T00:12:16.814+0000] {logging_mixin.py:188} INFO - [2026-05-02T00:12:16.814+0000] {dag.py:3089} INFO - Sync 2 DAGs
[2026-05-02T00:12:16.816+0000] {logging_mixin.py:188} INFO - [2026-05-02T00:12:16.816+0000] {dag.py:3947} INFO - Setting next_dagrun for example_subdag_operator.section-1 to None, run_after=None
[2026-05-02T00:12:16.816+0000] {logging_mixin.py:188} INFO - [2026-05-02T00:12:16.816+0000] {dag.py:3947} INFO - Setting next_dagrun for example_subdag_operator.section-2 to None, run_after=None
[2026-05-02T00:12:16.819+0000] {processor.py:183} INFO - Processing /home/airflow/.local/lib/python3.12/site-packages/airflow/example_dags/example_subdag_operator.py took 0.044 seconds
[2026-05-02T00:12:47.363+0000] {processor.py:161} INFO - Started process (PID=11491) to work on /home/airflow/.local/lib/python3.12/site-packages/airflow/example_dags/example_subdag_operator.py
[2026-05-02T00:12:47.363+0000] {processor.py:830} INFO - Processing file /home/airflow/.local/lib/python3.12/site-packages/airflow/example_dags/example_subdag_operator.py for tasks to queue
[2026-05-02T00:12:47.364+0000] {logging_mixin.py:188} INFO - [2026-05-02T00:12:47.364+0000] {dagbag.py:545} INFO - Filling up the DagBag from /home/airflow/.local/lib/python3.12/site-packages/airflow/example_dags/example_subdag_operator.py
[2026-05-02T00:12:47.376+0000] {processor.py:840} INFO - DAG(s) 'example_subdag_operator.section-1', 'example_subdag_operator.section-2', 'example_subdag_operator' retrieved from /home/airflow/.local/lib/python3.12/site-packages/airflow/example_dags/example_subdag_operator.py
[2026-05-02T00:12:47.383+0000] {logging_mixin.py:188} INFO - [2026-05-02T00:12:47.383+0000] {dag.py:3089} INFO - Sync 3 DAGs
[2026-05-02T00:12:47.390+0000] {logging_mixin.py:188} INFO - [2026-05-02T00:12:47.389+0000] {dag.py:3947} INFO - Setting next_dagrun for example_subdag_operator to 2022-01-01 00:00:00+00:00, run_after=2022-01-01 00:00:00+00:00
[2026-05-02T00:12:47.391+0000] {logging_mixin.py:188} INFO - [2026-05-02T00:12:47.391+0000] {dag.py:3947} INFO - Setting next_dagrun for example_subdag_operator.section-1 to None, run_after=None
[2026-05-02T00:12:47.391+0000] {logging_mixin.py:188} INFO - [2026-05-02T00:12:47.391+0000] {dag.py:3947} INFO - Setting next_dagrun for example_subdag_operator.section-2 to None, run_after=None
[2026-05-02T00:12:47.393+0000] {logging_mixin.py:188} INFO - [2026-05-02T00:12:47.393+0000] {dag.py:3089} INFO - Sync 2 DAGs
[2026-05-02T00:12:47.395+0000] {logging_mixin.py:188} INFO - [2026-05-02T00:12:47.395+0000] {dag.py:3947} INFO - Setting next_dagrun for example_subdag_operator.section-1 to None, run_after=None
[2026-05-02T00:12:47.395+0000] {logging_mixin.py:188} INFO - [2026-05-02T00:12:47.395+0000] {dag.py:3947} INFO - Setting next_dagrun for example_subdag_operator.section-2 to None, run_after=None
[2026-05-02T00:12:47.399+0000] {processor.py:183} INFO - Processing /home/airflow/.local/lib/python3.12/site-packages/airflow/example_dags/example_subdag_operator.py took 0.038 seconds
[2026-05-02T00:13:17.879+0000] {processor.py:161} INFO - Started process (PID=11551) to work on /home/airflow/.local/lib/python3.12/site-packages/airflow/example_dags/example_subdag_operator.py
[2026-05-02T00:13:17.879+0000] {processor.py:830} INFO - Processing file /home/airflow/.local/lib/python3.12/site-packages/airflow/example_dags/example_subdag_operator.py for tasks to queue
[2026-05-02T00:13:17.880+0000] {logging_mixin.py:188} INFO - [2026-05-02T00:13:17.880+0000] {dagbag.py:545} INFO - Filling up the DagBag from /home/airflow/.local/lib/python3.12/site-packages/airflow/example_dags/example_subdag_operator.py
[2026-05-02T00:13:17.893+0000] {processor.py:840} INFO - DAG(s) 'example_subdag_operator.section-1', 'example_subdag_operator.section-2', 'example_subdag_operator' retrieved from /home/airflow/.local/lib/python3.12/site-packages/airflow/example_dags/example_subdag_operator.py
[2026-05-02T00:13:17.900+0000] {logging_mixin.py:188} INFO - [2026-05-02T00:13:17.900+0000] {dag.py:3089} INFO - Sync 3 DAGs
[2026-05-02T00:13:17.906+0000] {logging_mixin.py:188} INFO - [2026-05-02T00:13:17.906+0000] {dag.py:3947} INFO - Setting next_dagrun for example_subdag_operator to 2022-01-01 00:00:00+00:00, run_after=2022-01-01 00:00:00+00:00
[2026-05-02T00:13:17.907+0000] {logging_mixin.py:188} INFO - [2026-05-02T00:13:17.907+0000] {dag.py:3947} INFO - Setting next_dagrun for example_subdag_operator.section-1 to None, run_after=None
[2026-05-02T00:13:17.908+0000] {logging_mixin.py:188} INFO - [2026-05-02T00:13:17.908+0000] {dag.py:3947} INFO - Setting next_dagrun for example_subdag_operator.section-2 to None, run_after=None
[2026-05-02T00:13:17.910+0000] {logging_mixin.py:188} INFO - [2026-05-02T00:13:17.910+0000] {dag.py:3089} INFO - Sync 2 DAGs
[2026-05-02T00:13:17.912+0000] {logging_mixin.py:188} INFO - [2026-05-02T00:13:17.912+0000] {dag.py:3947} INFO - Setting next_dagrun for example_subdag_operator.section-1 to None, run_after=None
[2026-05-02T00:13:17.912+0000] {logging_mixin.py:188} INFO - [2026-05-02T00:13:17.912+0000] {dag.py:3947} INFO - Setting next_dagrun for example_subdag_operator.section-2 to None, run_after=None
[2026-05-02T00:13:17.915+0000] {processor.py:183} INFO - Processing /home/airflow/.local/lib/python3.12/site-packages/airflow/example_dags/example_subdag_operator.py took 0.039 seconds
[2026-05-02T00:13:48.373+0000] {processor.py:161} INFO - Started process (PID=11611) to work on /home/airflow/.local/lib/python3.12/site-packages/airflow/example_dags/example_subdag_operator.py
[2026-05-02T00:13:48.374+0000] {processor.py:830} INFO - Processing file /home/airflow/.local/lib/python3.12/site-packages/airflow/example_dags/example_subdag_operator.py for tasks to queue
[2026-05-02T00:13:48.375+0000] {logging_mixin.py:188} INFO - [2026-05-02T00:13:48.375+0000] {dagbag.py:545} INFO - Filling up the DagBag from /home/airflow/.local/lib/python3.12/site-packages/airflow/example_dags/example_subdag_operator.py
[2026-05-02T00:13:48.387+0000] {processor.py:840} INFO - DAG(s) 'example_subdag_operator.section-1', 'example_subdag_operator.section-2', 'example_subdag_operator' retrieved from /home/airflow/.local/lib/python3.12/site-packages/airflow/example_dags/example_subdag_operator.py
[2026-05-02T00:13:48.392+0000] {logging_mixin.py:188} INFO - [2026-05-02T00:13:48.392+0000] {dag.py:3089} INFO - Sync 3 DAGs
[2026-05-02T00:13:48.399+0000] {logging_mixin.py:188} INFO - [2026-05-02T00:13:48.398+0000] {dag.py:3947} INFO - Setting next_dagrun for example_subdag_operator to 2022-01-01 00:00:00+00:00, run_after=2022-01-01 00:00:00+00:00
[2026-05-02T00:13:48.400+0000] {logging_mixin.py:188} INFO - [2026-05-02T00:13:48.400+0000] {dag.py:3947} INFO - Setting next_dagrun for example_subdag_operator.section-1 to None, run_after=None
[2026-05-02T00:13:48.401+0000] {logging_mixin.py:188} INFO - [2026-05-02T00:13:48.401+0000] {dag.py:3947} INFO - Setting next_dagrun for example_subdag_operator.section-2 to None, run_after=None
[2026-05-02T00:13:48.403+0000] {logging_mixin.py:188} INFO - [2026-05-02T00:13:48.403+0000] {dag.py:3089} INFO - Sync 2 DAGs
[2026-05-02T00:13:48.404+0000] {logging_mixin.py:188} INFO - [2026-05-02T00:13:48.404+0000] {dag.py:3947} INFO - Setting next_dagrun for example_subdag_operator.section-1 to None, run_after=None
[2026-05-02T00:13:48.404+0000] {logging_mixin.py:188} INFO - [2026-05-02T00:13:48.404+0000] {dag.py:3947} INFO - Setting next_dagrun for example_subdag_operator.section-2 to None, run_after=None
[2026-05-02T00:13:48.407+0000] {processor.py:183} INFO - Processing /home/airflow/.local/lib/python3.12/site-packages/airflow/example_dags/example_subdag_operator.py took 0.037 seconds
[2026-05-02T00:14:18.934+0000] {processor.py:161} INFO - Started process (PID=11671) to work on /home/airflow/.local/lib/python3.12/site-packages/airflow/example_dags/example_subdag_operator.py
[2026-05-02T00:14:18.935+0000] {processor.py:830} INFO - Processing file /home/airflow/.local/lib/python3.12/site-packages/airflow/example_dags/example_subdag_operator.py for tasks to queue
[2026-05-02T00:14:18.935+0000] {logging_mixin.py:188} INFO - [2026-05-02T00:14:18.935+0000] {dagbag.py:545} INFO - Filling up the DagBag from /home/airflow/.local/lib/python3.12/site-packages/airflow/example_dags/example_subdag_operator.py
[2026-05-02T00:14:18.946+0000] {processor.py:840} INFO - DAG(s) 'example_subdag_operator.section-1', 'example_subdag_operator.section-2', 'example_subdag_operator' retrieved from /home/airflow/.local/lib/python3.12/site-packages/airflow/example_dags/example_subdag_operator.py
[2026-05-02T00:14:18.955+0000] {logging_mixin.py:188} INFO - [2026-05-02T00:14:18.954+0000] {dag.py:3089} INFO - Sync 3 DAGs
[2026-05-02T00:14:18.961+0000] {logging_mixin.py:188} INFO - [2026-05-02T00:14:18.961+0000] {dag.py:3947} INFO - Setting next_dagrun for example_subdag_operator to 2022-01-01 00:00:00+00:00, run_after=2022-01-01 00:00:00+00:00
[2026-05-02T00:14:18.963+0000] {logging_mixin.py:188} INFO - [2026-05-02T00:14:18.963+0000] {dag.py:3947} INFO - Setting next_dagrun for example_subdag_operator.section-1 to None, run_after=None
[2026-05-02T00:14:18.964+0000] {logging_mixin.py:188} INFO - [2026-05-02T00:14:18.964+0000] {dag.py:3947} INFO - Setting next_dagrun for example_subdag_operator.section-2 to None, run_after=None
[2026-05-02T00:14:18.966+0000] {logging_mixin.py:188} INFO - [2026-05-02T00:14:18.966+0000] {dag.py:3089} INFO - Sync 2 DAGs
[2026-05-02T00:14:18.967+0000] {logging_mixin.py:188} INFO - [2026-05-02T00:14:18.967+0000] {dag.py:3947} INFO - Setting next_dagrun for example_subdag_operator.section-1 to None, run_after=None
[2026-05-02T00:14:18.967+0000] {logging_mixin.py:188} INFO - [2026-05-02T00:14:18.967+0000] {dag.py:3947} INFO - Setting next_dagrun for example_subdag_operator.section-2 to None, run_after=None
[2026-05-02T00:14:18.971+0000] {processor.py:183} INFO - Processing /home/airflow/.local/lib/python3.12/site-packages/airflow/example_dags/example_subdag_operator.py took 0.039 seconds
[2026-05-02T00:14:49.470+0000] {processor.py:161} INFO - Started process (PID=11731) to work on /home/airflow/.local/lib/python3.12/site-packages/airflow/example_dags/example_subdag_operator.py
[2026-05-02T00:14:49.471+0000] {processor.py:830} INFO - Processing file /home/airflow/.local/lib/python3.12/site-packages/airflow/example_dags/example_subdag_operator.py for tasks to queue
[2026-05-02T00:14:49.473+0000] {logging_mixin.py:188} INFO - [2026-05-02T00:14:49.473+0000] {dagbag.py:545} INFO - Filling up the DagBag from /home/airflow/.local/lib/python3.12/site-packages/airflow/example_dags/example_subdag_operator.py
[2026-05-02T00:14:49.482+0000] {processor.py:840} INFO - DAG(s) 'example_subdag_operator.section-1', 'example_subdag_operator.section-2', 'example_subdag_operator' retrieved from /home/airflow/.local/lib/python3.12/site-packages/airflow/example_dags/example_subdag_operator.py
[2026-05-02T00:14:49.488+0000] {logging_mixin.py:188} INFO - [2026-05-02T00:14:49.488+0000] {dag.py:3089} INFO - Sync 3 DAGs
[2026-05-02T00:14:49.496+0000] {logging_mixin.py:188} INFO - [2026-05-02T00:14:49.496+0000] {dag.py:3947} INFO - Setting next_dagrun for example_subdag_operator to 2022-01-01 00:00:00+00:00, run_after=2022-01-01 00:00:00+00:00
[2026-05-02T00:14:49.498+0000] {logging_mixin.py:188} INFO - [2026-05-02T00:14:49.498+0000] {dag.py:3947} INFO - Setting next_dagrun for example_subdag_operator.section-1 to None, run_after=None
[2026-05-02T00:14:49.499+0000] {logging_mixin.py:188} INFO - [2026-05-02T00:14:49.498+0000] {dag.py:3947} INFO - Setting next_dagrun for example_subdag_operator.section-2 to None, run_after=None
[2026-05-02T00:14:49.501+0000] {logging_mixin.py:188} INFO - [2026-05-02T00:14:49.501+0000] {dag.py:3089} INFO - Sync 2 DAGs
[2026-05-02T00:14:49.503+0000] {logging_mixin.py:188} INFO - [2026-05-02T00:14:49.503+0000] {dag.py:3947} INFO - Setting next_dagrun for example_subdag_operator.section-1 to None, run_after=None
[2026-05-02T00:14:49.503+0000] {logging_mixin.py:188} INFO - [2026-05-02T00:14:49.503+0000] {dag.py:3947} INFO - Setting next_dagrun for example_subdag_operator.section-2 to None, run_after=None
[2026-05-02T00:14:49.507+0000] {processor.py:183} INFO - Processing /home/airflow/.local/lib/python3.12/site-packages/airflow/example_dags/example_subdag_operator.py took 0.039 seconds
[2026-05-02T00:15:19.721+0000] {processor.py:161} INFO - Started process (PID=11791) to work on /home/airflow/.local/lib/python3.12/site-packages/airflow/example_dags/example_subdag_operator.py
[2026-05-02T00:15:19.723+0000] {processor.py:830} INFO - Processing file /home/airflow/.local/lib/python3.12/site-packages/airflow/example_dags/example_subdag_operator.py for tasks to queue
[2026-05-02T00:15:19.724+0000] {logging_mixin.py:188} INFO - [2026-05-02T00:15:19.724+0000] {dagbag.py:545} INFO - Filling up the DagBag from /home/airflow/.local/lib/python3.12/site-packages/airflow/example_dags/example_subdag_operator.py
[2026-05-02T00:15:19.756+0000] {processor.py:840} INFO - DAG(s) 'example_subdag_operator.section-1', 'example_subdag_operator.section-2', 'example_subdag_operator' retrieved from /home/airflow/.local/lib/python3.12/site-packages/airflow/example_dags/example_subdag_operator.py
[2026-05-02T00:15:19.766+0000] {logging_mixin.py:188} INFO - [2026-05-02T00:15:19.766+0000] {dag.py:3089} INFO - Sync 3 DAGs
[2026-05-02T00:15:19.780+0000] {logging_mixin.py:188} INFO - [2026-05-02T00:15:19.780+0000] {dag.py:3947} INFO - Setting next_dagrun for example_subdag_operator to 2022-01-01 00:00:00+00:00, run_after=2022-01-01 00:00:00+00:00
[2026-05-02T00:15:19.783+0000] {logging_mixin.py:188} INFO - [2026-05-02T00:15:19.783+0000] {dag.py:3947} INFO - Setting next_dagrun for example_subdag_operator.section-1 to None, run_after=None
[2026-05-02T00:15:19.785+0000] {logging_mixin.py:188} INFO - [2026-05-02T00:15:19.785+0000] {dag.py:3947} INFO - Setting next_dagrun for example_subdag_operator.section-2 to None, run_after=None
[2026-05-02T00:15:19.789+0000] {logging_mixin.py:188} INFO - [2026-05-02T00:15:19.789+0000] {dag.py:3089} INFO - Sync 2 DAGs
[2026-05-02T00:15:19.791+0000] {logging_mixin.py:188} INFO - [2026-05-02T00:15:19.791+0000] {dag.py:3947} INFO - Setting next_dagrun for example_subdag_operator.section-1 to None, run_after=None
[2026-05-02T00:15:19.791+0000] {logging_mixin.py:188} INFO - [2026-05-02T00:15:19.791+0000] {dag.py:3947} INFO - Setting next_dagrun for example_subdag_operator.section-2 to None, run_after=None
[2026-05-02T00:15:19.796+0000] {processor.py:183} INFO - Processing /home/airflow/.local/lib/python3.12/site-packages/airflow/example_dags/example_subdag_operator.py took 0.081 seconds
[2026-05-02T00:15:50.589+0000] {processor.py:161} INFO - Started process (PID=11851) to work on /home/airflow/.local/lib/python3.12/site-packages/airflow/example_dags/example_subdag_operator.py
[2026-05-02T00:15:50.590+0000] {processor.py:830} INFO - Processing file /home/airflow/.local/lib/python3.12/site-packages/airflow/example_dags/example_subdag_operator.py for tasks to queue
[2026-05-02T00:15:50.591+0000] {logging_mixin.py:188} INFO - [2026-05-02T00:15:50.591+0000] {dagbag.py:545} INFO - Filling up the DagBag from /home/airflow/.local/lib/python3.12/site-packages/airflow/example_dags/example_subdag_operator.py
[2026-05-02T00:15:50.605+0000] {processor.py:840} INFO - DAG(s) 'example_subdag_operator.section-1', 'example_subdag_operator.section-2', 'example_subdag_operator' retrieved from /home/airflow/.local/lib/python3.12/site-packages/airflow/example_dags/example_subdag_operator.py
[2026-05-02T00:15:50.611+0000] {logging_mixin.py:188} INFO - [2026-05-02T00:15:50.611+0000] {dag.py:3089} INFO - Sync 3 DAGs
[2026-05-02T00:15:50.620+0000] {logging_mixin.py:188} INFO - [2026-05-02T00:15:50.619+0000] {dag.py:3947} INFO - Setting next_dagrun for example_subdag_operator to 2022-01-01 00:00:00+00:00, run_after=2022-01-01 00:00:00+00:00
[2026-05-02T00:15:50.622+0000] {logging_mixin.py:188} INFO - [2026-05-02T00:15:50.621+0000] {dag.py:3947} INFO - Setting next_dagrun for example_subdag_operator.section-1 to None, run_after=None
[2026-05-02T00:15:50.622+0000] {logging_mixin.py:188} INFO - [2026-05-02T00:15:50.622+0000] {dag.py:3947} INFO - Setting next_dagrun for example_subdag_operator.section-2 to None, run_after=None
[2026-05-02T00:15:50.625+0000] {logging_mixin.py:188} INFO - [2026-05-02T00:15:50.625+0000] {dag.py:3089} INFO - Sync 2 DAGs
[2026-05-02T00:15:50.629+0000] {logging_mixin.py:188} INFO - [2026-05-02T00:15:50.629+0000] {dag.py:3947} INFO - Setting next_dagrun for example_subdag_operator.section-1 to None, run_after=None
[2026-05-02T00:15:50.629+0000] {logging_mixin.py:188} INFO - [2026-05-02T00:15:50.629+0000] {dag.py:3947} INFO - Setting next_dagrun for example_subdag_operator.section-2 to None, run_after=None
[2026-05-02T00:15:50.634+0000] {processor.py:183} INFO - Processing /home/airflow/.local/lib/python3.12/site-packages/airflow/example_dags/example_subdag_operator.py took 0.046 seconds
[2026-05-02T00:16:21.053+0000] {processor.py:161} INFO - Started process (PID=11912) to work on /home/airflow/.local/lib/python3.12/site-packages/airflow/example_dags/example_subdag_operator.py
[2026-05-02T00:16:21.054+0000] {processor.py:830} INFO - Processing file /home/airflow/.local/lib/python3.12/site-packages/airflow/example_dags/example_subdag_operator.py for tasks to queue
[2026-05-02T00:16:21.055+0000] {logging_mixin.py:188} INFO - [2026-05-02T00:16:21.055+0000] {dagbag.py:545} INFO - Filling up the DagBag from /home/airflow/.local/lib/python3.12/site-packages/airflow/example_dags/example_subdag_operator.py
[2026-05-02T00:16:21.068+0000] {processor.py:840} INFO - DAG(s) 'example_subdag_operator.section-1', 'example_subdag_operator.section-2', 'example_subdag_operator' retrieved from /home/airflow/.local/lib/python3.12/site-packages/airflow/example_dags/example_subdag_operator.py
[2026-05-02T00:16:21.073+0000] {logging_mixin.py:188} INFO - [2026-05-02T00:16:21.073+0000] {dag.py:3089} INFO - Sync 3 DAGs
[2026-05-02T00:16:21.080+0000] {logging_mixin.py:188} INFO - [2026-05-02T00:16:21.080+0000] {dag.py:3947} INFO - Setting next_dagrun for example_subdag_operator to 2022-01-01 00:00:00+00:00, run_after=2022-01-01 00:00:00+00:00
[2026-05-02T00:16:21.083+0000] {logging_mixin.py:188} INFO - [2026-05-02T00:16:21.083+0000] {dag.py:3947} INFO - Setting next_dagrun for example_subdag_operator.section-1 to None, run_after=None
[2026-05-02T00:16:21.084+0000] {logging_mixin.py:188} INFO - [2026-05-02T00:16:21.084+0000] {dag.py:3947} INFO - Setting next_dagrun for example_subdag_operator.section-2 to None, run_after=None
[2026-05-02T00:16:21.086+0000] {logging_mixin.py:188} INFO - [2026-05-02T00:16:21.086+0000] {dag.py:3089} INFO - Sync 2 DAGs
[2026-05-02T00:16:21.088+0000] {logging_mixin.py:188} INFO - [2026-05-02T00:16:21.088+0000] {dag.py:3947} INFO - Setting next_dagrun for example_subdag_operator.section-1 to None, run_after=None
[2026-05-02T00:16:21.088+0000] {logging_mixin.py:188} INFO - [2026-05-02T00:16:21.088+0000] {dag.py:3947} INFO - Setting next_dagrun for example_subdag_operator.section-2 to None, run_after=None
[2026-05-02T00:16:21.091+0000] {processor.py:183} INFO - Processing /home/airflow/.local/lib/python3.12/site-packages/airflow/example_dags/example_subdag_operator.py took 0.040 seconds
[2026-05-02T00:16:51.697+0000] {processor.py:161} INFO - Started process (PID=11972) to work on /home/airflow/.local/lib/python3.12/site-packages/airflow/example_dags/example_subdag_operator.py
[2026-05-02T00:16:51.698+0000] {processor.py:830} INFO - Processing file /home/airflow/.local/lib/python3.12/site-packages/airflow/example_dags/example_subdag_operator.py for tasks to queue
[2026-05-02T00:16:51.698+0000] {logging_mixin.py:188} INFO - [2026-05-02T00:16:51.698+0000] {dagbag.py:545} INFO - Filling up the DagBag from /home/airflow/.local/lib/python3.12/site-packages/airflow/example_dags/example_subdag_operator.py
[2026-05-02T00:16:51.706+0000] {processor.py:840} INFO - DAG(s) 'example_subdag_operator.section-1', 'example_subdag_operator.section-2', 'example_subdag_operator' retrieved from /home/airflow/.local/lib/python3.12/site-packages/airflow/example_dags/example_subdag_operator.py
[2026-05-02T00:16:51.711+0000] {logging_mixin.py:188} INFO - [2026-05-02T00:16:51.711+0000] {dag.py:3089} INFO - Sync 3 DAGs
[2026-05-02T00:16:51.717+0000] {logging_mixin.py:188} INFO - [2026-05-02T00:16:51.717+0000] {dag.py:3947} INFO - Setting next_dagrun for example_subdag_operator to 2022-01-01 00:00:00+00:00, run_after=2022-01-01 00:00:00+00:00
[2026-05-02T00:16:51.718+0000] {logging_mixin.py:188} INFO - [2026-05-02T00:16:51.718+0000] {dag.py:3947} INFO - Setting next_dagrun for example_subdag_operator.section-1 to None, run_after=None
[2026-05-02T00:16:51.718+0000] {logging_mixin.py:188} INFO - [2026-05-02T00:16:51.718+0000] {dag.py:3947} INFO - Setting next_dagrun for example_subdag_operator.section-2 to None, run_after=None
[2026-05-02T00:16:51.720+0000] {logging_mixin.py:188} INFO - [2026-05-02T00:16:51.720+0000] {dag.py:3089} INFO - Sync 2 DAGs
[2026-05-02T00:16:51.721+0000] {logging_mixin.py:188} INFO - [2026-05-02T00:16:51.721+0000] {dag.py:3947} INFO - Setting next_dagrun for example_subdag_operator.section-1 to None, run_after=None
[2026-05-02T00:16:51.721+0000] {logging_mixin.py:188} INFO - [2026-05-02T00:16:51.721+0000] {dag.py:3947} INFO - Setting next_dagrun for example_subdag_operator.section-2 to None, run_after=None
[2026-05-02T00:16:51.724+0000] {processor.py:183} INFO - Processing /home/airflow/.local/lib/python3.12/site-packages/airflow/example_dags/example_subdag_operator.py took 0.029 seconds
[2026-05-02T00:17:22.303+0000] {processor.py:161} INFO - Started process (PID=12032) to work on /home/airflow/.local/lib/python3.12/site-packages/airflow/example_dags/example_subdag_operator.py
[2026-05-02T00:17:22.304+0000] {processor.py:830} INFO - Processing file /home/airflow/.local/lib/python3.12/site-packages/airflow/example_dags/example_subdag_operator.py for tasks to queue
[2026-05-02T00:17:22.304+0000] {logging_mixin.py:188} INFO - [2026-05-02T00:17:22.304+0000] {dagbag.py:545} INFO - Filling up the DagBag from /home/airflow/.local/lib/python3.12/site-packages/airflow/example_dags/example_subdag_operator.py
[2026-05-02T00:17:22.313+0000] {processor.py:840} INFO - DAG(s) 'example_subdag_operator.section-1', 'example_subdag_operator.section-2', 'example_subdag_operator' retrieved from /home/airflow/.local/lib/python3.12/site-packages/airflow/example_dags/example_subdag_operator.py
[2026-05-02T00:17:22.317+0000] {logging_mixin.py:188} INFO - [2026-05-02T00:17:22.317+0000] {dag.py:3089} INFO - Sync 3 DAGs
[2026-05-02T00:17:22.324+0000] {logging_mixin.py:188} INFO - [2026-05-02T00:17:22.324+0000] {dag.py:3947} INFO - Setting next_dagrun for example_subdag_operator to 2022-01-01 00:00:00+00:00, run_after=2022-01-01 00:00:00+00:00
[2026-05-02T00:17:22.325+0000] {logging_mixin.py:188} INFO - [2026-05-02T00:17:22.325+0000] {dag.py:3947} INFO - Setting next_dagrun for example_subdag_operator.section-1 to None, run_after=None
[2026-05-02T00:17:22.325+0000] {logging_mixin.py:188} INFO - [2026-05-02T00:17:22.325+0000] {dag.py:3947} INFO - Setting next_dagrun for example_subdag_operator.section-2 to None, run_after=None
[2026-05-02T00:17:22.327+0000] {logging_mixin.py:188} INFO - [2026-05-02T00:17:22.327+0000] {dag.py:3089} INFO - Sync 2 DAGs
[2026-05-02T00:17:22.328+0000] {logging_mixin.py:188} INFO - [2026-05-02T00:17:22.328+0000] {dag.py:3947} INFO - Setting next_dagrun for example_subdag_operator.section-1 to None, run_after=None
[2026-05-02T00:17:22.328+0000] {logging_mixin.py:188} INFO - [2026-05-02T00:17:22.328+0000] {dag.py:3947} INFO - Setting next_dagrun for example_subdag_operator.section-2 to None, run_after=None
[2026-05-02T00:17:22.331+0000] {processor.py:183} INFO - Processing /home/airflow/.local/lib/python3.12/site-packages/airflow/example_dags/example_subdag_operator.py took 0.030 seconds
[2026-05-02T00:17:52.971+0000] {processor.py:161} INFO - Started process (PID=12092) to work on /home/airflow/.local/lib/python3.12/site-packages/airflow/example_dags/example_subdag_operator.py
[2026-05-02T00:17:52.971+0000] {processor.py:830} INFO - Processing file /home/airflow/.local/lib/python3.12/site-packages/airflow/example_dags/example_subdag_operator.py for tasks to queue
[2026-05-02T00:17:52.972+0000] {logging_mixin.py:188} INFO - [2026-05-02T00:17:52.972+0000] {dagbag.py:545} INFO - Filling up the DagBag from /home/airflow/.local/lib/python3.12/site-packages/airflow/example_dags/example_subdag_operator.py
[2026-05-02T00:17:52.988+0000] {processor.py:840} INFO - DAG(s) 'example_subdag_operator.section-1', 'example_subdag_operator.section-2', 'example_subdag_operator' retrieved from /home/airflow/.local/lib/python3.12/site-packages/airflow/example_dags/example_subdag_operator.py
[2026-05-02T00:17:52.997+0000] {logging_mixin.py:188} INFO - [2026-05-02T00:17:52.997+0000] {dag.py:3089} INFO - Sync 3 DAGs
[2026-05-02T00:17:53.005+0000] {logging_mixin.py:188} INFO - [2026-05-02T00:17:53.004+0000] {dag.py:3947} INFO - Setting next_dagrun for example_subdag_operator to 2022-01-01 00:00:00+00:00, run_after=2022-01-01 00:00:00+00:00
[2026-05-02T00:17:53.006+0000] {logging_mixin.py:188} INFO - [2026-05-02T00:17:53.006+0000] {dag.py:3947} INFO - Setting next_dagrun for example_subdag_operator.section-1 to None, run_after=None
[2026-05-02T00:17:53.006+0000] {logging_mixin.py:188} INFO - [2026-05-02T00:17:53.006+0000] {dag.py:3947} INFO - Setting next_dagrun for example_subdag_operator.section-2 to None, run_after=None
[2026-05-02T00:17:53.008+0000] {logging_mixin.py:188} INFO - [2026-05-02T00:17:53.008+0000] {dag.py:3089} INFO - Sync 2 DAGs
[2026-05-02T00:17:53.010+0000] {logging_mixin.py:188} INFO - [2026-05-02T00:17:53.010+0000] {dag.py:3947} INFO - Setting next_dagrun for example_subdag_operator.section-1 to None, run_after=None
[2026-05-02T00:17:53.010+0000] {logging_mixin.py:188} INFO - [2026-05-02T00:17:53.010+0000] {dag.py:3947} INFO - Setting next_dagrun for example_subdag_operator.section-2 to None, run_after=None
[2026-05-02T00:17:53.013+0000] {processor.py:183} INFO - Processing /home/airflow/.local/lib/python3.12/site-packages/airflow/example_dags/example_subdag_operator.py took 0.045 seconds
