[2026-04-29T04:17:58.912+0000] {local_task_job_runner.py:120} INFO - ::group::Pre task execution logs
[2026-04-29T04:17:58.921+0000] {taskinstance.py:2076} INFO - Dependencies all met for dep_context=non-requeueable deps ti=<TaskInstance: fraud_detection_pipeline.extract manual__2026-04-29T04:15:48.720680+00:00 [queued]>
[2026-04-29T04:17:58.923+0000] {taskinstance.py:2076} INFO - Dependencies all met for dep_context=requeueable deps ti=<TaskInstance: fraud_detection_pipeline.extract manual__2026-04-29T04:15:48.720680+00:00 [queued]>
[2026-04-29T04:17:58.923+0000] {taskinstance.py:2306} INFO - Starting attempt 3 of 3
[2026-04-29T04:17:58.927+0000] {taskinstance.py:2330} INFO - Executing <Task(PythonOperator): extract> on 2026-04-29 04:15:48.720680+00:00
[2026-04-29T04:17:58.930+0000] {warnings.py:112} WARNING - /home/***/.local/lib/python3.12/site-packages/***/task/task_runner/standard_task_runner.py:62: DeprecationWarning: This process (pid=1826) is multi-threaded, use of fork() may lead to deadlocks in the child.
  pid = os.fork()

[2026-04-29T04:17:58.931+0000] {standard_task_runner.py:64} INFO - Started process 1828 to run task
[2026-04-29T04:17:58.931+0000] {standard_task_runner.py:90} INFO - Running: ['***', 'tasks', 'run', 'fraud_detection_pipeline', 'extract', 'manual__2026-04-29T04:15:48.720680+00:00', '--job-id', '36', '--raw', '--subdir', 'DAGS_FOLDER/fraud_pipeline.py', '--cfg-path', '/tmp/tmpul5s0z01']
[2026-04-29T04:17:58.932+0000] {standard_task_runner.py:91} INFO - Job 36: Subtask extract
[2026-04-29T04:17:58.950+0000] {task_command.py:426} INFO - Running <TaskInstance: fraud_detection_pipeline.extract manual__2026-04-29T04:15:48.720680+00:00 [running]> on host 4d3a01f8db8a
[2026-04-29T04:17:58.978+0000] {taskinstance.py:2648} INFO - Exporting env vars: AIRFLOW_CTX_DAG_OWNER='***' AIRFLOW_CTX_DAG_ID='fraud_detection_pipeline' AIRFLOW_CTX_TASK_ID='extract' AIRFLOW_CTX_EXECUTION_DATE='2026-04-29T04:15:48.720680+00:00' AIRFLOW_CTX_TRY_NUMBER='3' AIRFLOW_CTX_DAG_RUN_ID='manual__2026-04-29T04:15:48.720680+00:00'
[2026-04-29T04:17:58.979+0000] {taskinstance.py:430} INFO - ::endgroup::
[2026-04-29T04:18:02.373+0000] {logging_mixin.py:188} INFO - ✅ Extracted 10 rows
[2026-04-29T04:18:02.483+0000] {logging_mixin.py:188} INFO - +------+-------+--------+-----+--------+--------+----------+----------------+---+------+-----------+
|SaleID|Product|Category|Price|Quantity|Discount|  SaleDate|    CustomerName|Age|Gender|       City|
+------+-------+--------+-----+--------+--------+----------+----------------+---+------+-----------+
|  1074|  Watch|       D|300.0|       3|     0.0|2023-10-01|     Emily Moore| 33|Female|     Boston|
|  1075|  Phone|       A|200.0|       5|     0.0|2023-10-02|     John Wilson| 29|  Male|    Chicago|
|  1076| Tablet|       B|500.0|       7|    0.05|2023-10-03|  Patricia Davis| 37|Female|   New York|
|  1077| E-Book|       C|100.0|       2|     0.0|2023-10-04|Robert Hernandez| 42|  Male|Los Angeles|
|  1078|  Watch|       D|300.0|       4|     0.0|2023-10-05|     Linda Smith| 31|Female|    Houston|
+------+-------+--------+-----+--------+--------+----------+----------------+---+------+-----------+
only showing top 5 rows
[2026-04-29T04:18:02.483+0000] {taskinstance.py:441} INFO - ::group::Post task execution logs
[2026-04-29T04:18:02.484+0000] {taskinstance.py:2905} ERROR - Task failed with exception
Traceback (most recent call last):
  File "/home/airflow/.local/lib/python3.12/site-packages/airflow/models/taskinstance.py", line 465, in _execute_task
    result = _execute_callable(context=context, **execute_callable_kwargs)
             ^^^^^^^^^^^^^^^^^^^^^^^^^^^^^^^^^^^^^^^^^^^^^^^^^^^^^^^^^^^^^
  File "/home/airflow/.local/lib/python3.12/site-packages/airflow/models/taskinstance.py", line 432, in _execute_callable
    return execute_callable(context=context, **execute_callable_kwargs)
           ^^^^^^^^^^^^^^^^^^^^^^^^^^^^^^^^^^^^^^^^^^^^^^^^^^^^^^^^^^^^
  File "/home/airflow/.local/lib/python3.12/site-packages/airflow/models/baseoperator.py", line 401, in wrapper
    return func(self, *args, **kwargs)
           ^^^^^^^^^^^^^^^^^^^^^^^^^^^
  File "/home/airflow/.local/lib/python3.12/site-packages/airflow/operators/python.py", line 235, in execute
    return_value = self.execute_callable()
                   ^^^^^^^^^^^^^^^^^^^^^^^
  File "/home/airflow/.local/lib/python3.12/site-packages/airflow/operators/python.py", line 252, in execute_callable
    return self.python_callable(*self.op_args, **self.op_kwargs)
           ^^^^^^^^^^^^^^^^^^^^^^^^^^^^^^^^^^^^^^^^^^^^^^^^^^^^^
  File "/opt/airflow/dags/fraud_pipeline.py", line 14, in task_extract
    context["ti"].xcom_push(key="raw", value=df.toPandas().to_json())
                                             ^^^^^^^^^^^^^
  File "/home/airflow/.local/lib/python3.12/site-packages/pyspark/sql/classic/dataframe.py", line 1816, in toPandas
    return PandasConversionMixin.toPandas(self)
           ^^^^^^^^^^^^^^^^^^^^^^^^^^^^^^^^^^^^
  File "/home/airflow/.local/lib/python3.12/site-packages/pyspark/sql/pandas/conversion.py", line 70, in toPandas
    require_minimum_pandas_version()
  File "/home/airflow/.local/lib/python3.12/site-packages/pyspark/sql/pandas/utils.py", line 51, in require_minimum_pandas_version
    raise PySparkImportError(
pyspark.errors.exceptions.base.PySparkImportError: [UNSUPPORTED_PACKAGE_VERSION] Pandas >= 2.2.0 must be installed; however, your version is 2.1.4.
[2026-04-29T04:18:02.489+0000] {taskinstance.py:1206} INFO - Marking task as FAILED. dag_id=fraud_detection_pipeline, task_id=extract, run_id=manual__2026-04-29T04:15:48.720680+00:00, execution_date=20260429T041548, start_date=20260429T041758, end_date=20260429T041802
[2026-04-29T04:18:02.494+0000] {standard_task_runner.py:110} ERROR - Failed to execute job 36 for task extract ([UNSUPPORTED_PACKAGE_VERSION] Pandas >= 2.2.0 must be installed; however, your version is 2.1.4.; 1828)
[2026-04-29T04:18:02.529+0000] {local_task_job_runner.py:243} INFO - Task exited with return code 1
[2026-04-29T04:18:02.541+0000] {taskinstance.py:3503} INFO - 0 downstream tasks scheduled from follow-on schedule check
[2026-04-29T04:18:02.543+0000] {local_task_job_runner.py:222} INFO - ::endgroup::
