[2026-04-25T05:29:56.821+0000] {local_task_job_runner.py:120} INFO - ::group::Pre task execution logs
[2026-04-25T05:29:56.832+0000] {taskinstance.py:2076} INFO - Dependencies all met for dep_context=non-requeueable deps ti=<TaskInstance: accounts_payable_pipeline.extract scheduled__2026-04-24T00:00:00+00:00 [queued]>
[2026-04-25T05:29:56.835+0000] {taskinstance.py:2076} INFO - Dependencies all met for dep_context=requeueable deps ti=<TaskInstance: accounts_payable_pipeline.extract scheduled__2026-04-24T00:00:00+00:00 [queued]>
[2026-04-25T05:29:56.835+0000] {taskinstance.py:2306} INFO - Starting attempt 1 of 1
[2026-04-25T05:29:56.839+0000] {taskinstance.py:2330} INFO - Executing <Task(PythonOperator): extract> on 2026-04-24 00:00:00+00:00
[2026-04-25T05:29:56.844+0000] {warnings.py:112} WARNING - /home/***/.local/lib/python3.12/site-packages/***/task/task_runner/standard_task_runner.py:62: DeprecationWarning: This process (pid=693) is multi-threaded, use of fork() may lead to deadlocks in the child.
  pid = os.fork()

[2026-04-25T05:29:56.845+0000] {standard_task_runner.py:64} INFO - Started process 695 to run task
[2026-04-25T05:29:56.845+0000] {standard_task_runner.py:90} INFO - Running: ['***', 'tasks', 'run', 'accounts_payable_pipeline', 'extract', 'scheduled__2026-04-24T00:00:00+00:00', '--job-id', '3', '--raw', '--subdir', 'DAGS_FOLDER/ap_pipeline.py', '--cfg-path', '/tmp/tmpc_cc9iq_']
[2026-04-25T05:29:56.847+0000] {standard_task_runner.py:91} INFO - Job 3: Subtask extract
[2026-04-25T05:29:56.873+0000] {task_command.py:426} INFO - Running <TaskInstance: accounts_payable_pipeline.extract scheduled__2026-04-24T00:00:00+00:00 [running]> on host da99a333c712
[2026-04-25T05:29:56.907+0000] {taskinstance.py:2648} INFO - Exporting env vars: AIRFLOW_CTX_DAG_OWNER='***' AIRFLOW_CTX_DAG_ID='accounts_payable_pipeline' AIRFLOW_CTX_TASK_ID='extract' AIRFLOW_CTX_EXECUTION_DATE='2026-04-24T00:00:00+00:00' AIRFLOW_CTX_TRY_NUMBER='1' AIRFLOW_CTX_DAG_RUN_ID='scheduled__2026-04-24T00:00:00+00:00'
[2026-04-25T05:29:56.908+0000] {taskinstance.py:430} INFO - ::endgroup::
[2026-04-25T05:29:56.919+0000] {logging_mixin.py:188} INFO - ✅ Extracted 4 invoices
[2026-04-25T05:29:56.920+0000] {python.py:237} INFO - Done. Returned value was: None
[2026-04-25T05:29:56.920+0000] {taskinstance.py:441} INFO - ::group::Post task execution logs
[2026-04-25T05:29:56.927+0000] {taskinstance.py:1206} INFO - Marking task as SUCCESS. dag_id=accounts_payable_pipeline, task_id=extract, run_id=scheduled__2026-04-24T00:00:00+00:00, execution_date=20260424T000000, start_date=20260425T052956, end_date=20260425T052956
[2026-04-25T05:29:56.943+0000] {local_task_job_runner.py:243} INFO - Task exited with return code 0
[2026-04-25T05:29:56.951+0000] {taskinstance.py:3503} INFO - 1 downstream tasks scheduled from follow-on schedule check
[2026-04-25T05:29:56.952+0000] {local_task_job_runner.py:222} INFO - ::endgroup::
