[2026-04-25T05:53:30.835+0000] {local_task_job_runner.py:120} INFO - ::group::Pre task execution logs
[2026-04-25T05:53:30.852+0000] {taskinstance.py:2076} INFO - Dependencies all met for dep_context=non-requeueable deps ti=<TaskInstance: accounts_payable_pipeline.transform manual__2026-04-25T05:53:28.760460+00:00 [queued]>
[2026-04-25T05:53:30.861+0000] {taskinstance.py:2076} INFO - Dependencies all met for dep_context=requeueable deps ti=<TaskInstance: accounts_payable_pipeline.transform manual__2026-04-25T05:53:28.760460+00:00 [queued]>
[2026-04-25T05:53:30.862+0000] {taskinstance.py:2306} INFO - Starting attempt 1 of 1
[2026-04-25T05:53:30.871+0000] {taskinstance.py:2330} INFO - Executing <Task(PythonOperator): transform> on 2026-04-25 05:53:28.760460+00:00
[2026-04-25T05:53:30.876+0000] {warnings.py:112} WARNING - /home/***/.local/lib/python3.12/site-packages/***/task/task_runner/standard_task_runner.py:62: DeprecationWarning: This process (pid=1030) is multi-threaded, use of fork() may lead to deadlocks in the child.
  pid = os.fork()

[2026-04-25T05:53:30.877+0000] {standard_task_runner.py:64} INFO - Started process 1032 to run task
[2026-04-25T05:53:30.877+0000] {standard_task_runner.py:90} INFO - Running: ['***', 'tasks', 'run', 'accounts_payable_pipeline', 'transform', 'manual__2026-04-25T05:53:28.760460+00:00', '--job-id', '8', '--raw', '--subdir', 'DAGS_FOLDER/ap_pipeline.py', '--cfg-path', '/tmp/tmphldp4irv']
[2026-04-25T05:53:30.885+0000] {standard_task_runner.py:91} INFO - Job 8: Subtask transform
[2026-04-25T05:53:30.925+0000] {task_command.py:426} INFO - Running <TaskInstance: accounts_payable_pipeline.transform manual__2026-04-25T05:53:28.760460+00:00 [running]> on host da99a333c712
[2026-04-25T05:53:30.981+0000] {taskinstance.py:2648} INFO - Exporting env vars: AIRFLOW_CTX_DAG_OWNER='***' AIRFLOW_CTX_DAG_ID='accounts_payable_pipeline' AIRFLOW_CTX_TASK_ID='transform' AIRFLOW_CTX_EXECUTION_DATE='2026-04-25T05:53:28.760460+00:00' AIRFLOW_CTX_TRY_NUMBER='1' AIRFLOW_CTX_DAG_RUN_ID='manual__2026-04-25T05:53:28.760460+00:00'
[2026-04-25T05:53:30.984+0000] {taskinstance.py:430} INFO - ::endgroup::
[2026-04-25T05:53:30.992+0000] {warnings.py:112} WARNING - /opt/***/dags/ap_pipeline.py:22: FutureWarning: Passing literal json to 'read_json' is deprecated and will be removed in a future version. To read from a literal string, wrap it in a 'StringIO' object.
  df = pd.read_json(raw)

[2026-04-25T05:53:31.010+0000] {logging_mixin.py:188} INFO - ✅ Transformed — 3 rows
[2026-04-25T05:53:31.016+0000] {logging_mixin.py:188} INFO -    invoice_id     vendor   amount  ... currency   late vendor_masked
0           1  Acme Corp  1500.00  ...      USD   True         Ac***
1           2       Dell   899.99  ...      EUR  False         De***
3           4    Staples    45.00  ...      USD  False         St***

[3 rows x 8 columns]
[2026-04-25T05:53:31.017+0000] {python.py:237} INFO - Done. Returned value was: None
[2026-04-25T05:53:31.017+0000] {taskinstance.py:441} INFO - ::group::Post task execution logs
[2026-04-25T05:53:31.022+0000] {taskinstance.py:1206} INFO - Marking task as SUCCESS. dag_id=accounts_payable_pipeline, task_id=transform, run_id=manual__2026-04-25T05:53:28.760460+00:00, execution_date=20260425T055328, start_date=20260425T055330, end_date=20260425T055331
[2026-04-25T05:53:31.066+0000] {local_task_job_runner.py:243} INFO - Task exited with return code 0
[2026-04-25T05:53:31.076+0000] {taskinstance.py:3503} INFO - 1 downstream tasks scheduled from follow-on schedule check
[2026-04-25T05:53:31.080+0000] {local_task_job_runner.py:222} INFO - ::endgroup::
