[2026-05-02T00:07:38.487+0000] {processor.py:161} INFO - Started process (PID=10856) to work on /opt/airflow/dags/ap_pipeline.py
[2026-05-02T00:07:38.487+0000] {processor.py:830} INFO - Processing file /opt/airflow/dags/ap_pipeline.py for tasks to queue
[2026-05-02T00:07:38.489+0000] {logging_mixin.py:188} INFO - [2026-05-02T00:07:38.489+0000] {dagbag.py:545} INFO - Filling up the DagBag from /opt/airflow/dags/ap_pipeline.py
[2026-05-02T00:07:38.497+0000] {processor.py:840} INFO - DAG(s) 'accounts_payable_pipeline' retrieved from /opt/airflow/dags/ap_pipeline.py
[2026-05-02T00:07:38.511+0000] {logging_mixin.py:188} INFO - [2026-05-02T00:07:38.511+0000] {dag.py:3089} INFO - Sync 1 DAGs
[2026-05-02T00:07:38.522+0000] {logging_mixin.py:188} INFO - [2026-05-02T00:07:38.522+0000] {dag.py:3947} INFO - Setting next_dagrun for accounts_payable_pipeline to 2026-05-01 00:00:00+00:00, run_after=2026-05-02 00:00:00+00:00
[2026-05-02T00:07:38.528+0000] {processor.py:183} INFO - Processing /opt/airflow/dags/ap_pipeline.py took 0.046 seconds
[2026-05-02T00:08:09.308+0000] {processor.py:161} INFO - Started process (PID=10916) to work on /opt/airflow/dags/ap_pipeline.py
[2026-05-02T00:08:09.310+0000] {processor.py:830} INFO - Processing file /opt/airflow/dags/ap_pipeline.py for tasks to queue
[2026-05-02T00:08:09.313+0000] {logging_mixin.py:188} INFO - [2026-05-02T00:08:09.312+0000] {dagbag.py:545} INFO - Filling up the DagBag from /opt/airflow/dags/ap_pipeline.py
[2026-05-02T00:08:09.323+0000] {processor.py:840} INFO - DAG(s) 'accounts_payable_pipeline' retrieved from /opt/airflow/dags/ap_pipeline.py
[2026-05-02T00:08:09.341+0000] {logging_mixin.py:188} INFO - [2026-05-02T00:08:09.341+0000] {dag.py:3089} INFO - Sync 1 DAGs
[2026-05-02T00:08:09.350+0000] {logging_mixin.py:188} INFO - [2026-05-02T00:08:09.349+0000] {dag.py:3947} INFO - Setting next_dagrun for accounts_payable_pipeline to 2026-05-01 00:00:00+00:00, run_after=2026-05-02 00:00:00+00:00
[2026-05-02T00:08:09.356+0000] {processor.py:183} INFO - Processing /opt/airflow/dags/ap_pipeline.py took 0.055 seconds
[2026-05-02T00:08:39.922+0000] {processor.py:161} INFO - Started process (PID=10976) to work on /opt/airflow/dags/ap_pipeline.py
[2026-05-02T00:08:39.924+0000] {processor.py:830} INFO - Processing file /opt/airflow/dags/ap_pipeline.py for tasks to queue
[2026-05-02T00:08:39.926+0000] {logging_mixin.py:188} INFO - [2026-05-02T00:08:39.926+0000] {dagbag.py:545} INFO - Filling up the DagBag from /opt/airflow/dags/ap_pipeline.py
[2026-05-02T00:08:39.938+0000] {processor.py:840} INFO - DAG(s) 'accounts_payable_pipeline' retrieved from /opt/airflow/dags/ap_pipeline.py
[2026-05-02T00:08:39.957+0000] {logging_mixin.py:188} INFO - [2026-05-02T00:08:39.957+0000] {dag.py:3089} INFO - Sync 1 DAGs
[2026-05-02T00:08:39.968+0000] {logging_mixin.py:188} INFO - [2026-05-02T00:08:39.968+0000] {dag.py:3947} INFO - Setting next_dagrun for accounts_payable_pipeline to 2026-05-01 00:00:00+00:00, run_after=2026-05-02 00:00:00+00:00
[2026-05-02T00:08:39.975+0000] {processor.py:183} INFO - Processing /opt/airflow/dags/ap_pipeline.py took 0.058 seconds
[2026-05-02T00:09:10.649+0000] {processor.py:161} INFO - Started process (PID=11036) to work on /opt/airflow/dags/ap_pipeline.py
[2026-05-02T00:09:10.650+0000] {processor.py:830} INFO - Processing file /opt/airflow/dags/ap_pipeline.py for tasks to queue
[2026-05-02T00:09:10.653+0000] {logging_mixin.py:188} INFO - [2026-05-02T00:09:10.652+0000] {dagbag.py:545} INFO - Filling up the DagBag from /opt/airflow/dags/ap_pipeline.py
[2026-05-02T00:09:10.660+0000] {processor.py:840} INFO - DAG(s) 'accounts_payable_pipeline' retrieved from /opt/airflow/dags/ap_pipeline.py
[2026-05-02T00:09:10.674+0000] {logging_mixin.py:188} INFO - [2026-05-02T00:09:10.674+0000] {dag.py:3089} INFO - Sync 1 DAGs
[2026-05-02T00:09:10.684+0000] {logging_mixin.py:188} INFO - [2026-05-02T00:09:10.684+0000] {dag.py:3947} INFO - Setting next_dagrun for accounts_payable_pipeline to 2026-05-01 00:00:00+00:00, run_after=2026-05-02 00:00:00+00:00
[2026-05-02T00:09:10.693+0000] {processor.py:183} INFO - Processing /opt/airflow/dags/ap_pipeline.py took 0.049 seconds
[2026-05-02T00:09:41.248+0000] {processor.py:161} INFO - Started process (PID=11096) to work on /opt/airflow/dags/ap_pipeline.py
[2026-05-02T00:09:41.249+0000] {processor.py:830} INFO - Processing file /opt/airflow/dags/ap_pipeline.py for tasks to queue
[2026-05-02T00:09:41.254+0000] {logging_mixin.py:188} INFO - [2026-05-02T00:09:41.253+0000] {dagbag.py:545} INFO - Filling up the DagBag from /opt/airflow/dags/ap_pipeline.py
[2026-05-02T00:09:41.274+0000] {processor.py:840} INFO - DAG(s) 'accounts_payable_pipeline' retrieved from /opt/airflow/dags/ap_pipeline.py
[2026-05-02T00:09:41.293+0000] {logging_mixin.py:188} INFO - [2026-05-02T00:09:41.293+0000] {dag.py:3089} INFO - Sync 1 DAGs
[2026-05-02T00:09:41.311+0000] {logging_mixin.py:188} INFO - [2026-05-02T00:09:41.311+0000] {dag.py:3947} INFO - Setting next_dagrun for accounts_payable_pipeline to 2026-05-01 00:00:00+00:00, run_after=2026-05-02 00:00:00+00:00
[2026-05-02T00:09:41.441+0000] {processor.py:183} INFO - Processing /opt/airflow/dags/ap_pipeline.py took 0.200 seconds
[2026-05-02T00:10:12.409+0000] {processor.py:161} INFO - Started process (PID=11156) to work on /opt/airflow/dags/ap_pipeline.py
[2026-05-02T00:10:12.410+0000] {processor.py:830} INFO - Processing file /opt/airflow/dags/ap_pipeline.py for tasks to queue
[2026-05-02T00:10:12.412+0000] {logging_mixin.py:188} INFO - [2026-05-02T00:10:12.412+0000] {dagbag.py:545} INFO - Filling up the DagBag from /opt/airflow/dags/ap_pipeline.py
[2026-05-02T00:10:12.419+0000] {processor.py:840} INFO - DAG(s) 'accounts_payable_pipeline' retrieved from /opt/airflow/dags/ap_pipeline.py
[2026-05-02T00:10:12.430+0000] {logging_mixin.py:188} INFO - [2026-05-02T00:10:12.430+0000] {dag.py:3089} INFO - Sync 1 DAGs
[2026-05-02T00:10:12.439+0000] {logging_mixin.py:188} INFO - [2026-05-02T00:10:12.439+0000] {dag.py:3947} INFO - Setting next_dagrun for accounts_payable_pipeline to 2026-05-01 00:00:00+00:00, run_after=2026-05-02 00:00:00+00:00
[2026-05-02T00:10:12.447+0000] {processor.py:183} INFO - Processing /opt/airflow/dags/ap_pipeline.py took 0.042 seconds
[2026-05-02T00:10:42.823+0000] {processor.py:161} INFO - Started process (PID=11216) to work on /opt/airflow/dags/ap_pipeline.py
[2026-05-02T00:10:42.824+0000] {processor.py:830} INFO - Processing file /opt/airflow/dags/ap_pipeline.py for tasks to queue
[2026-05-02T00:10:42.826+0000] {logging_mixin.py:188} INFO - [2026-05-02T00:10:42.826+0000] {dagbag.py:545} INFO - Filling up the DagBag from /opt/airflow/dags/ap_pipeline.py
[2026-05-02T00:10:42.835+0000] {processor.py:840} INFO - DAG(s) 'accounts_payable_pipeline' retrieved from /opt/airflow/dags/ap_pipeline.py
[2026-05-02T00:10:42.849+0000] {logging_mixin.py:188} INFO - [2026-05-02T00:10:42.849+0000] {dag.py:3089} INFO - Sync 1 DAGs
[2026-05-02T00:10:42.859+0000] {logging_mixin.py:188} INFO - [2026-05-02T00:10:42.859+0000] {dag.py:3947} INFO - Setting next_dagrun for accounts_payable_pipeline to 2026-05-01 00:00:00+00:00, run_after=2026-05-02 00:00:00+00:00
[2026-05-02T00:10:42.866+0000] {processor.py:183} INFO - Processing /opt/airflow/dags/ap_pipeline.py took 0.049 seconds
[2026-05-02T00:11:13.673+0000] {processor.py:161} INFO - Started process (PID=11276) to work on /opt/airflow/dags/ap_pipeline.py
[2026-05-02T00:11:13.674+0000] {processor.py:830} INFO - Processing file /opt/airflow/dags/ap_pipeline.py for tasks to queue
[2026-05-02T00:11:13.677+0000] {logging_mixin.py:188} INFO - [2026-05-02T00:11:13.677+0000] {dagbag.py:545} INFO - Filling up the DagBag from /opt/airflow/dags/ap_pipeline.py
[2026-05-02T00:11:13.686+0000] {processor.py:840} INFO - DAG(s) 'accounts_payable_pipeline' retrieved from /opt/airflow/dags/ap_pipeline.py
[2026-05-02T00:11:13.704+0000] {logging_mixin.py:188} INFO - [2026-05-02T00:11:13.704+0000] {dag.py:3089} INFO - Sync 1 DAGs
[2026-05-02T00:11:13.714+0000] {logging_mixin.py:188} INFO - [2026-05-02T00:11:13.714+0000] {dag.py:3947} INFO - Setting next_dagrun for accounts_payable_pipeline to 2026-05-01 00:00:00+00:00, run_after=2026-05-02 00:00:00+00:00
[2026-05-02T00:11:13.721+0000] {processor.py:183} INFO - Processing /opt/airflow/dags/ap_pipeline.py took 0.056 seconds
[2026-05-02T00:11:44.338+0000] {processor.py:161} INFO - Started process (PID=11336) to work on /opt/airflow/dags/ap_pipeline.py
[2026-05-02T00:11:44.339+0000] {processor.py:830} INFO - Processing file /opt/airflow/dags/ap_pipeline.py for tasks to queue
[2026-05-02T00:11:44.343+0000] {logging_mixin.py:188} INFO - [2026-05-02T00:11:44.342+0000] {dagbag.py:545} INFO - Filling up the DagBag from /opt/airflow/dags/ap_pipeline.py
[2026-05-02T00:11:44.351+0000] {processor.py:840} INFO - DAG(s) 'accounts_payable_pipeline' retrieved from /opt/airflow/dags/ap_pipeline.py
[2026-05-02T00:11:44.366+0000] {logging_mixin.py:188} INFO - [2026-05-02T00:11:44.366+0000] {dag.py:3089} INFO - Sync 1 DAGs
[2026-05-02T00:11:44.377+0000] {logging_mixin.py:188} INFO - [2026-05-02T00:11:44.377+0000] {dag.py:3947} INFO - Setting next_dagrun for accounts_payable_pipeline to 2026-05-01 00:00:00+00:00, run_after=2026-05-02 00:00:00+00:00
[2026-05-02T00:11:44.391+0000] {processor.py:183} INFO - Processing /opt/airflow/dags/ap_pipeline.py took 0.059 seconds
[2026-05-02T00:12:14.947+0000] {processor.py:161} INFO - Started process (PID=11396) to work on /opt/airflow/dags/ap_pipeline.py
[2026-05-02T00:12:14.948+0000] {processor.py:830} INFO - Processing file /opt/airflow/dags/ap_pipeline.py for tasks to queue
[2026-05-02T00:12:14.951+0000] {logging_mixin.py:188} INFO - [2026-05-02T00:12:14.951+0000] {dagbag.py:545} INFO - Filling up the DagBag from /opt/airflow/dags/ap_pipeline.py
[2026-05-02T00:12:14.956+0000] {processor.py:840} INFO - DAG(s) 'accounts_payable_pipeline' retrieved from /opt/airflow/dags/ap_pipeline.py
[2026-05-02T00:12:14.971+0000] {logging_mixin.py:188} INFO - [2026-05-02T00:12:14.971+0000] {dag.py:3089} INFO - Sync 1 DAGs
[2026-05-02T00:12:14.980+0000] {logging_mixin.py:188} INFO - [2026-05-02T00:12:14.980+0000] {dag.py:3947} INFO - Setting next_dagrun for accounts_payable_pipeline to 2026-05-01 00:00:00+00:00, run_after=2026-05-02 00:00:00+00:00
[2026-05-02T00:12:14.986+0000] {processor.py:183} INFO - Processing /opt/airflow/dags/ap_pipeline.py took 0.045 seconds
[2026-05-02T00:12:45.505+0000] {processor.py:161} INFO - Started process (PID=11456) to work on /opt/airflow/dags/ap_pipeline.py
[2026-05-02T00:12:45.505+0000] {processor.py:830} INFO - Processing file /opt/airflow/dags/ap_pipeline.py for tasks to queue
[2026-05-02T00:12:45.508+0000] {logging_mixin.py:188} INFO - [2026-05-02T00:12:45.508+0000] {dagbag.py:545} INFO - Filling up the DagBag from /opt/airflow/dags/ap_pipeline.py
[2026-05-02T00:12:45.513+0000] {processor.py:840} INFO - DAG(s) 'accounts_payable_pipeline' retrieved from /opt/airflow/dags/ap_pipeline.py
[2026-05-02T00:12:45.529+0000] {logging_mixin.py:188} INFO - [2026-05-02T00:12:45.529+0000] {dag.py:3089} INFO - Sync 1 DAGs
[2026-05-02T00:12:45.546+0000] {logging_mixin.py:188} INFO - [2026-05-02T00:12:45.546+0000] {dag.py:3947} INFO - Setting next_dagrun for accounts_payable_pipeline to 2026-05-01 00:00:00+00:00, run_after=2026-05-02 00:00:00+00:00
[2026-05-02T00:12:45.552+0000] {processor.py:183} INFO - Processing /opt/airflow/dags/ap_pipeline.py took 0.051 seconds
[2026-05-02T00:13:16.019+0000] {processor.py:161} INFO - Started process (PID=11516) to work on /opt/airflow/dags/ap_pipeline.py
[2026-05-02T00:13:16.021+0000] {processor.py:830} INFO - Processing file /opt/airflow/dags/ap_pipeline.py for tasks to queue
[2026-05-02T00:13:16.023+0000] {logging_mixin.py:188} INFO - [2026-05-02T00:13:16.023+0000] {dagbag.py:545} INFO - Filling up the DagBag from /opt/airflow/dags/ap_pipeline.py
[2026-05-02T00:13:16.029+0000] {processor.py:840} INFO - DAG(s) 'accounts_payable_pipeline' retrieved from /opt/airflow/dags/ap_pipeline.py
[2026-05-02T00:13:16.040+0000] {logging_mixin.py:188} INFO - [2026-05-02T00:13:16.040+0000] {dag.py:3089} INFO - Sync 1 DAGs
[2026-05-02T00:13:16.049+0000] {logging_mixin.py:188} INFO - [2026-05-02T00:13:16.049+0000] {dag.py:3947} INFO - Setting next_dagrun for accounts_payable_pipeline to 2026-05-01 00:00:00+00:00, run_after=2026-05-02 00:00:00+00:00
[2026-05-02T00:13:16.056+0000] {processor.py:183} INFO - Processing /opt/airflow/dags/ap_pipeline.py took 0.042 seconds
[2026-05-02T00:13:46.530+0000] {processor.py:161} INFO - Started process (PID=11576) to work on /opt/airflow/dags/ap_pipeline.py
[2026-05-02T00:13:46.531+0000] {processor.py:830} INFO - Processing file /opt/airflow/dags/ap_pipeline.py for tasks to queue
[2026-05-02T00:13:46.533+0000] {logging_mixin.py:188} INFO - [2026-05-02T00:13:46.533+0000] {dagbag.py:545} INFO - Filling up the DagBag from /opt/airflow/dags/ap_pipeline.py
[2026-05-02T00:13:46.541+0000] {processor.py:840} INFO - DAG(s) 'accounts_payable_pipeline' retrieved from /opt/airflow/dags/ap_pipeline.py
[2026-05-02T00:13:46.553+0000] {logging_mixin.py:188} INFO - [2026-05-02T00:13:46.553+0000] {dag.py:3089} INFO - Sync 1 DAGs
[2026-05-02T00:13:46.562+0000] {logging_mixin.py:188} INFO - [2026-05-02T00:13:46.562+0000] {dag.py:3947} INFO - Setting next_dagrun for accounts_payable_pipeline to 2026-05-01 00:00:00+00:00, run_after=2026-05-02 00:00:00+00:00
[2026-05-02T00:13:46.568+0000] {processor.py:183} INFO - Processing /opt/airflow/dags/ap_pipeline.py took 0.043 seconds
[2026-05-02T00:14:17.066+0000] {processor.py:161} INFO - Started process (PID=11636) to work on /opt/airflow/dags/ap_pipeline.py
[2026-05-02T00:14:17.067+0000] {processor.py:830} INFO - Processing file /opt/airflow/dags/ap_pipeline.py for tasks to queue
[2026-05-02T00:14:17.068+0000] {logging_mixin.py:188} INFO - [2026-05-02T00:14:17.068+0000] {dagbag.py:545} INFO - Filling up the DagBag from /opt/airflow/dags/ap_pipeline.py
[2026-05-02T00:14:17.076+0000] {processor.py:840} INFO - DAG(s) 'accounts_payable_pipeline' retrieved from /opt/airflow/dags/ap_pipeline.py
[2026-05-02T00:14:17.093+0000] {logging_mixin.py:188} INFO - [2026-05-02T00:14:17.093+0000] {dag.py:3089} INFO - Sync 1 DAGs
[2026-05-02T00:14:17.104+0000] {logging_mixin.py:188} INFO - [2026-05-02T00:14:17.104+0000] {dag.py:3947} INFO - Setting next_dagrun for accounts_payable_pipeline to 2026-05-01 00:00:00+00:00, run_after=2026-05-02 00:00:00+00:00
[2026-05-02T00:14:17.112+0000] {processor.py:183} INFO - Processing /opt/airflow/dags/ap_pipeline.py took 0.052 seconds
[2026-05-02T00:14:47.573+0000] {processor.py:161} INFO - Started process (PID=11696) to work on /opt/airflow/dags/ap_pipeline.py
[2026-05-02T00:14:47.574+0000] {processor.py:830} INFO - Processing file /opt/airflow/dags/ap_pipeline.py for tasks to queue
[2026-05-02T00:14:47.576+0000] {logging_mixin.py:188} INFO - [2026-05-02T00:14:47.576+0000] {dagbag.py:545} INFO - Filling up the DagBag from /opt/airflow/dags/ap_pipeline.py
[2026-05-02T00:14:47.586+0000] {processor.py:840} INFO - DAG(s) 'accounts_payable_pipeline' retrieved from /opt/airflow/dags/ap_pipeline.py
[2026-05-02T00:14:47.600+0000] {logging_mixin.py:188} INFO - [2026-05-02T00:14:47.600+0000] {dag.py:3089} INFO - Sync 1 DAGs
[2026-05-02T00:14:47.610+0000] {logging_mixin.py:188} INFO - [2026-05-02T00:14:47.610+0000] {dag.py:3947} INFO - Setting next_dagrun for accounts_payable_pipeline to 2026-05-01 00:00:00+00:00, run_after=2026-05-02 00:00:00+00:00
[2026-05-02T00:14:47.616+0000] {processor.py:183} INFO - Processing /opt/airflow/dags/ap_pipeline.py took 0.048 seconds
[2026-05-02T00:15:18.164+0000] {processor.py:161} INFO - Started process (PID=11756) to work on /opt/airflow/dags/ap_pipeline.py
[2026-05-02T00:15:18.165+0000] {processor.py:830} INFO - Processing file /opt/airflow/dags/ap_pipeline.py for tasks to queue
[2026-05-02T00:15:18.167+0000] {logging_mixin.py:188} INFO - [2026-05-02T00:15:18.167+0000] {dagbag.py:545} INFO - Filling up the DagBag from /opt/airflow/dags/ap_pipeline.py
[2026-05-02T00:15:18.173+0000] {processor.py:840} INFO - DAG(s) 'accounts_payable_pipeline' retrieved from /opt/airflow/dags/ap_pipeline.py
[2026-05-02T00:15:18.193+0000] {logging_mixin.py:188} INFO - [2026-05-02T00:15:18.193+0000] {dag.py:3089} INFO - Sync 1 DAGs
[2026-05-02T00:15:18.207+0000] {logging_mixin.py:188} INFO - [2026-05-02T00:15:18.207+0000] {dag.py:3947} INFO - Setting next_dagrun for accounts_payable_pipeline to 2026-05-01 00:00:00+00:00, run_after=2026-05-02 00:00:00+00:00
[2026-05-02T00:15:18.219+0000] {processor.py:183} INFO - Processing /opt/airflow/dags/ap_pipeline.py took 0.062 seconds
[2026-05-02T00:15:48.663+0000] {processor.py:161} INFO - Started process (PID=11816) to work on /opt/airflow/dags/ap_pipeline.py
[2026-05-02T00:15:48.665+0000] {processor.py:830} INFO - Processing file /opt/airflow/dags/ap_pipeline.py for tasks to queue
[2026-05-02T00:15:48.667+0000] {logging_mixin.py:188} INFO - [2026-05-02T00:15:48.667+0000] {dagbag.py:545} INFO - Filling up the DagBag from /opt/airflow/dags/ap_pipeline.py
[2026-05-02T00:15:48.677+0000] {processor.py:840} INFO - DAG(s) 'accounts_payable_pipeline' retrieved from /opt/airflow/dags/ap_pipeline.py
[2026-05-02T00:15:48.697+0000] {logging_mixin.py:188} INFO - [2026-05-02T00:15:48.696+0000] {dag.py:3089} INFO - Sync 1 DAGs
[2026-05-02T00:15:48.705+0000] {logging_mixin.py:188} INFO - [2026-05-02T00:15:48.705+0000] {dag.py:3947} INFO - Setting next_dagrun for accounts_payable_pipeline to 2026-05-01 00:00:00+00:00, run_after=2026-05-02 00:00:00+00:00
[2026-05-02T00:15:48.712+0000] {processor.py:183} INFO - Processing /opt/airflow/dags/ap_pipeline.py took 0.055 seconds
[2026-05-02T00:16:19.206+0000] {processor.py:161} INFO - Started process (PID=11877) to work on /opt/airflow/dags/ap_pipeline.py
[2026-05-02T00:16:19.207+0000] {processor.py:830} INFO - Processing file /opt/airflow/dags/ap_pipeline.py for tasks to queue
[2026-05-02T00:16:19.209+0000] {logging_mixin.py:188} INFO - [2026-05-02T00:16:19.209+0000] {dagbag.py:545} INFO - Filling up the DagBag from /opt/airflow/dags/ap_pipeline.py
[2026-05-02T00:16:19.218+0000] {processor.py:840} INFO - DAG(s) 'accounts_payable_pipeline' retrieved from /opt/airflow/dags/ap_pipeline.py
[2026-05-02T00:16:19.233+0000] {logging_mixin.py:188} INFO - [2026-05-02T00:16:19.233+0000] {dag.py:3089} INFO - Sync 1 DAGs
[2026-05-02T00:16:19.246+0000] {logging_mixin.py:188} INFO - [2026-05-02T00:16:19.246+0000] {dag.py:3947} INFO - Setting next_dagrun for accounts_payable_pipeline to 2026-05-01 00:00:00+00:00, run_after=2026-05-02 00:00:00+00:00
[2026-05-02T00:16:19.254+0000] {processor.py:183} INFO - Processing /opt/airflow/dags/ap_pipeline.py took 0.053 seconds
[2026-05-02T00:16:49.828+0000] {processor.py:161} INFO - Started process (PID=11937) to work on /opt/airflow/dags/ap_pipeline.py
[2026-05-02T00:16:49.829+0000] {processor.py:830} INFO - Processing file /opt/airflow/dags/ap_pipeline.py for tasks to queue
[2026-05-02T00:16:49.831+0000] {logging_mixin.py:188} INFO - [2026-05-02T00:16:49.831+0000] {dagbag.py:545} INFO - Filling up the DagBag from /opt/airflow/dags/ap_pipeline.py
[2026-05-02T00:16:49.838+0000] {processor.py:840} INFO - DAG(s) 'accounts_payable_pipeline' retrieved from /opt/airflow/dags/ap_pipeline.py
[2026-05-02T00:16:49.850+0000] {logging_mixin.py:188} INFO - [2026-05-02T00:16:49.850+0000] {dag.py:3089} INFO - Sync 1 DAGs
[2026-05-02T00:16:49.860+0000] {logging_mixin.py:188} INFO - [2026-05-02T00:16:49.860+0000] {dag.py:3947} INFO - Setting next_dagrun for accounts_payable_pipeline to 2026-05-01 00:00:00+00:00, run_after=2026-05-02 00:00:00+00:00
[2026-05-02T00:16:49.873+0000] {processor.py:183} INFO - Processing /opt/airflow/dags/ap_pipeline.py took 0.049 seconds
[2026-05-02T00:17:20.406+0000] {processor.py:161} INFO - Started process (PID=11997) to work on /opt/airflow/dags/ap_pipeline.py
[2026-05-02T00:17:20.408+0000] {processor.py:830} INFO - Processing file /opt/airflow/dags/ap_pipeline.py for tasks to queue
[2026-05-02T00:17:20.410+0000] {logging_mixin.py:188} INFO - [2026-05-02T00:17:20.410+0000] {dagbag.py:545} INFO - Filling up the DagBag from /opt/airflow/dags/ap_pipeline.py
[2026-05-02T00:17:20.419+0000] {processor.py:840} INFO - DAG(s) 'accounts_payable_pipeline' retrieved from /opt/airflow/dags/ap_pipeline.py
[2026-05-02T00:17:20.436+0000] {logging_mixin.py:188} INFO - [2026-05-02T00:17:20.436+0000] {dag.py:3089} INFO - Sync 1 DAGs
[2026-05-02T00:17:20.448+0000] {logging_mixin.py:188} INFO - [2026-05-02T00:17:20.448+0000] {dag.py:3947} INFO - Setting next_dagrun for accounts_payable_pipeline to 2026-05-01 00:00:00+00:00, run_after=2026-05-02 00:00:00+00:00
[2026-05-02T00:17:20.455+0000] {processor.py:183} INFO - Processing /opt/airflow/dags/ap_pipeline.py took 0.055 seconds
[2026-05-02T00:17:51.075+0000] {processor.py:161} INFO - Started process (PID=12057) to work on /opt/airflow/dags/ap_pipeline.py
[2026-05-02T00:17:51.077+0000] {processor.py:830} INFO - Processing file /opt/airflow/dags/ap_pipeline.py for tasks to queue
[2026-05-02T00:17:51.081+0000] {logging_mixin.py:188} INFO - [2026-05-02T00:17:51.081+0000] {dagbag.py:545} INFO - Filling up the DagBag from /opt/airflow/dags/ap_pipeline.py
[2026-05-02T00:17:51.091+0000] {processor.py:840} INFO - DAG(s) 'accounts_payable_pipeline' retrieved from /opt/airflow/dags/ap_pipeline.py
[2026-05-02T00:17:51.114+0000] {logging_mixin.py:188} INFO - [2026-05-02T00:17:51.113+0000] {dag.py:3089} INFO - Sync 1 DAGs
[2026-05-02T00:17:51.123+0000] {logging_mixin.py:188} INFO - [2026-05-02T00:17:51.123+0000] {dag.py:3947} INFO - Setting next_dagrun for accounts_payable_pipeline to 2026-05-01 00:00:00+00:00, run_after=2026-05-02 00:00:00+00:00
[2026-05-02T00:17:51.130+0000] {processor.py:183} INFO - Processing /opt/airflow/dags/ap_pipeline.py took 0.065 seconds
