[2026-05-02T00:07:38.487+0000] {processor.py:161} INFO - Started process (PID=10855) to work on /opt/airflow/dags/fraud_pipeline.py
[2026-05-02T00:07:38.487+0000] {processor.py:830} INFO - Processing file /opt/airflow/dags/fraud_pipeline.py for tasks to queue
[2026-05-02T00:07:38.489+0000] {logging_mixin.py:188} INFO - [2026-05-02T00:07:38.489+0000] {dagbag.py:545} INFO - Filling up the DagBag from /opt/airflow/dags/fraud_pipeline.py
[2026-05-02T00:07:38.710+0000] {processor.py:840} INFO - DAG(s) 'fraud_detection_pipeline' retrieved from /opt/airflow/dags/fraud_pipeline.py
[2026-05-02T00:07:38.718+0000] {logging_mixin.py:188} INFO - [2026-05-02T00:07:38.718+0000] {dag.py:3089} INFO - Sync 1 DAGs
[2026-05-02T00:07:38.727+0000] {logging_mixin.py:188} INFO - [2026-05-02T00:07:38.727+0000] {dag.py:3947} INFO - Setting next_dagrun for fraud_detection_pipeline to 2026-05-01 00:00:00+00:00, run_after=2026-05-02 00:00:00+00:00
[2026-05-02T00:07:38.735+0000] {processor.py:183} INFO - Processing /opt/airflow/dags/fraud_pipeline.py took 0.253 seconds
[2026-05-02T00:08:09.300+0000] {processor.py:161} INFO - Started process (PID=10915) to work on /opt/airflow/dags/fraud_pipeline.py
[2026-05-02T00:08:09.301+0000] {processor.py:830} INFO - Processing file /opt/airflow/dags/fraud_pipeline.py for tasks to queue
[2026-05-02T00:08:09.303+0000] {logging_mixin.py:188} INFO - [2026-05-02T00:08:09.303+0000] {dagbag.py:545} INFO - Filling up the DagBag from /opt/airflow/dags/fraud_pipeline.py
[2026-05-02T00:08:09.444+0000] {processor.py:840} INFO - DAG(s) 'fraud_detection_pipeline' retrieved from /opt/airflow/dags/fraud_pipeline.py
[2026-05-02T00:08:09.454+0000] {logging_mixin.py:188} INFO - [2026-05-02T00:08:09.454+0000] {dag.py:3089} INFO - Sync 1 DAGs
[2026-05-02T00:08:09.465+0000] {logging_mixin.py:188} INFO - [2026-05-02T00:08:09.465+0000] {dag.py:3947} INFO - Setting next_dagrun for fraud_detection_pipeline to 2026-05-01 00:00:00+00:00, run_after=2026-05-02 00:00:00+00:00
[2026-05-02T00:08:09.471+0000] {processor.py:183} INFO - Processing /opt/airflow/dags/fraud_pipeline.py took 0.178 seconds
[2026-05-02T00:08:39.920+0000] {processor.py:161} INFO - Started process (PID=10975) to work on /opt/airflow/dags/fraud_pipeline.py
[2026-05-02T00:08:39.922+0000] {processor.py:830} INFO - Processing file /opt/airflow/dags/fraud_pipeline.py for tasks to queue
[2026-05-02T00:08:39.925+0000] {logging_mixin.py:188} INFO - [2026-05-02T00:08:39.925+0000] {dagbag.py:545} INFO - Filling up the DagBag from /opt/airflow/dags/fraud_pipeline.py
[2026-05-02T00:08:40.109+0000] {processor.py:840} INFO - DAG(s) 'fraud_detection_pipeline' retrieved from /opt/airflow/dags/fraud_pipeline.py
[2026-05-02T00:08:40.119+0000] {logging_mixin.py:188} INFO - [2026-05-02T00:08:40.119+0000] {dag.py:3089} INFO - Sync 1 DAGs
[2026-05-02T00:08:40.127+0000] {logging_mixin.py:188} INFO - [2026-05-02T00:08:40.127+0000] {dag.py:3947} INFO - Setting next_dagrun for fraud_detection_pipeline to 2026-05-01 00:00:00+00:00, run_after=2026-05-02 00:00:00+00:00
[2026-05-02T00:08:40.132+0000] {processor.py:183} INFO - Processing /opt/airflow/dags/fraud_pipeline.py took 0.222 seconds
[2026-05-02T00:09:10.645+0000] {processor.py:161} INFO - Started process (PID=11035) to work on /opt/airflow/dags/fraud_pipeline.py
[2026-05-02T00:09:10.647+0000] {processor.py:830} INFO - Processing file /opt/airflow/dags/fraud_pipeline.py for tasks to queue
[2026-05-02T00:09:10.649+0000] {logging_mixin.py:188} INFO - [2026-05-02T00:09:10.649+0000] {dagbag.py:545} INFO - Filling up the DagBag from /opt/airflow/dags/fraud_pipeline.py
[2026-05-02T00:09:10.775+0000] {processor.py:840} INFO - DAG(s) 'fraud_detection_pipeline' retrieved from /opt/airflow/dags/fraud_pipeline.py
[2026-05-02T00:09:10.786+0000] {logging_mixin.py:188} INFO - [2026-05-02T00:09:10.786+0000] {dag.py:3089} INFO - Sync 1 DAGs
[2026-05-02T00:09:10.793+0000] {logging_mixin.py:188} INFO - [2026-05-02T00:09:10.793+0000] {dag.py:3947} INFO - Setting next_dagrun for fraud_detection_pipeline to 2026-05-01 00:00:00+00:00, run_after=2026-05-02 00:00:00+00:00
[2026-05-02T00:09:10.799+0000] {processor.py:183} INFO - Processing /opt/airflow/dags/fraud_pipeline.py took 0.161 seconds
[2026-05-02T00:09:41.246+0000] {processor.py:161} INFO - Started process (PID=11095) to work on /opt/airflow/dags/fraud_pipeline.py
[2026-05-02T00:09:41.248+0000] {processor.py:830} INFO - Processing file /opt/airflow/dags/fraud_pipeline.py for tasks to queue
[2026-05-02T00:09:41.253+0000] {logging_mixin.py:188} INFO - [2026-05-02T00:09:41.252+0000] {dagbag.py:545} INFO - Filling up the DagBag from /opt/airflow/dags/fraud_pipeline.py
[2026-05-02T00:09:41.473+0000] {processor.py:840} INFO - DAG(s) 'fraud_detection_pipeline' retrieved from /opt/airflow/dags/fraud_pipeline.py
[2026-05-02T00:09:41.485+0000] {logging_mixin.py:188} INFO - [2026-05-02T00:09:41.485+0000] {dag.py:3089} INFO - Sync 1 DAGs
[2026-05-02T00:09:41.495+0000] {logging_mixin.py:188} INFO - [2026-05-02T00:09:41.495+0000] {dag.py:3947} INFO - Setting next_dagrun for fraud_detection_pipeline to 2026-05-01 00:00:00+00:00, run_after=2026-05-02 00:00:00+00:00
[2026-05-02T00:09:41.503+0000] {processor.py:183} INFO - Processing /opt/airflow/dags/fraud_pipeline.py took 0.267 seconds
[2026-05-02T00:10:12.405+0000] {processor.py:161} INFO - Started process (PID=11155) to work on /opt/airflow/dags/fraud_pipeline.py
[2026-05-02T00:10:12.406+0000] {processor.py:830} INFO - Processing file /opt/airflow/dags/fraud_pipeline.py for tasks to queue
[2026-05-02T00:10:12.408+0000] {logging_mixin.py:188} INFO - [2026-05-02T00:10:12.408+0000] {dagbag.py:545} INFO - Filling up the DagBag from /opt/airflow/dags/fraud_pipeline.py
[2026-05-02T00:10:12.526+0000] {processor.py:840} INFO - DAG(s) 'fraud_detection_pipeline' retrieved from /opt/airflow/dags/fraud_pipeline.py
[2026-05-02T00:10:12.539+0000] {logging_mixin.py:188} INFO - [2026-05-02T00:10:12.538+0000] {dag.py:3089} INFO - Sync 1 DAGs
[2026-05-02T00:10:12.545+0000] {logging_mixin.py:188} INFO - [2026-05-02T00:10:12.545+0000] {dag.py:3947} INFO - Setting next_dagrun for fraud_detection_pipeline to 2026-05-01 00:00:00+00:00, run_after=2026-05-02 00:00:00+00:00
[2026-05-02T00:10:12.550+0000] {processor.py:183} INFO - Processing /opt/airflow/dags/fraud_pipeline.py took 0.152 seconds
[2026-05-02T00:10:42.819+0000] {processor.py:161} INFO - Started process (PID=11215) to work on /opt/airflow/dags/fraud_pipeline.py
[2026-05-02T00:10:42.820+0000] {processor.py:830} INFO - Processing file /opt/airflow/dags/fraud_pipeline.py for tasks to queue
[2026-05-02T00:10:42.822+0000] {logging_mixin.py:188} INFO - [2026-05-02T00:10:42.821+0000] {dagbag.py:545} INFO - Filling up the DagBag from /opt/airflow/dags/fraud_pipeline.py
[2026-05-02T00:10:42.954+0000] {processor.py:840} INFO - DAG(s) 'fraud_detection_pipeline' retrieved from /opt/airflow/dags/fraud_pipeline.py
[2026-05-02T00:10:42.964+0000] {logging_mixin.py:188} INFO - [2026-05-02T00:10:42.964+0000] {dag.py:3089} INFO - Sync 1 DAGs
[2026-05-02T00:10:42.971+0000] {logging_mixin.py:188} INFO - [2026-05-02T00:10:42.970+0000] {dag.py:3947} INFO - Setting next_dagrun for fraud_detection_pipeline to 2026-05-01 00:00:00+00:00, run_after=2026-05-02 00:00:00+00:00
[2026-05-02T00:10:42.976+0000] {processor.py:183} INFO - Processing /opt/airflow/dags/fraud_pipeline.py took 0.164 seconds
[2026-05-02T00:11:13.668+0000] {processor.py:161} INFO - Started process (PID=11275) to work on /opt/airflow/dags/fraud_pipeline.py
[2026-05-02T00:11:13.670+0000] {processor.py:830} INFO - Processing file /opt/airflow/dags/fraud_pipeline.py for tasks to queue
[2026-05-02T00:11:13.673+0000] {logging_mixin.py:188} INFO - [2026-05-02T00:11:13.672+0000] {dagbag.py:545} INFO - Filling up the DagBag from /opt/airflow/dags/fraud_pipeline.py
[2026-05-02T00:11:13.739+0000] {processor.py:840} INFO - DAG(s) 'fraud_detection_pipeline' retrieved from /opt/airflow/dags/fraud_pipeline.py
[2026-05-02T00:11:13.747+0000] {logging_mixin.py:188} INFO - [2026-05-02T00:11:13.747+0000] {dag.py:3089} INFO - Sync 1 DAGs
[2026-05-02T00:11:13.755+0000] {logging_mixin.py:188} INFO - [2026-05-02T00:11:13.755+0000] {dag.py:3947} INFO - Setting next_dagrun for fraud_detection_pipeline to 2026-05-01 00:00:00+00:00, run_after=2026-05-02 00:00:00+00:00
[2026-05-02T00:11:13.765+0000] {processor.py:183} INFO - Processing /opt/airflow/dags/fraud_pipeline.py took 0.108 seconds
[2026-05-02T00:11:44.333+0000] {processor.py:161} INFO - Started process (PID=11335) to work on /opt/airflow/dags/fraud_pipeline.py
[2026-05-02T00:11:44.334+0000] {processor.py:830} INFO - Processing file /opt/airflow/dags/fraud_pipeline.py for tasks to queue
[2026-05-02T00:11:44.336+0000] {logging_mixin.py:188} INFO - [2026-05-02T00:11:44.336+0000] {dagbag.py:545} INFO - Filling up the DagBag from /opt/airflow/dags/fraud_pipeline.py
[2026-05-02T00:11:44.402+0000] {processor.py:840} INFO - DAG(s) 'fraud_detection_pipeline' retrieved from /opt/airflow/dags/fraud_pipeline.py
[2026-05-02T00:11:44.412+0000] {logging_mixin.py:188} INFO - [2026-05-02T00:11:44.412+0000] {dag.py:3089} INFO - Sync 1 DAGs
[2026-05-02T00:11:44.421+0000] {logging_mixin.py:188} INFO - [2026-05-02T00:11:44.421+0000] {dag.py:3947} INFO - Setting next_dagrun for fraud_detection_pipeline to 2026-05-01 00:00:00+00:00, run_after=2026-05-02 00:00:00+00:00
[2026-05-02T00:11:44.430+0000] {processor.py:183} INFO - Processing /opt/airflow/dags/fraud_pipeline.py took 0.104 seconds
[2026-05-02T00:12:14.942+0000] {processor.py:161} INFO - Started process (PID=11395) to work on /opt/airflow/dags/fraud_pipeline.py
[2026-05-02T00:12:14.944+0000] {processor.py:830} INFO - Processing file /opt/airflow/dags/fraud_pipeline.py for tasks to queue
[2026-05-02T00:12:14.945+0000] {logging_mixin.py:188} INFO - [2026-05-02T00:12:14.945+0000] {dagbag.py:545} INFO - Filling up the DagBag from /opt/airflow/dags/fraud_pipeline.py
[2026-05-02T00:12:15.007+0000] {processor.py:840} INFO - DAG(s) 'fraud_detection_pipeline' retrieved from /opt/airflow/dags/fraud_pipeline.py
[2026-05-02T00:12:15.018+0000] {logging_mixin.py:188} INFO - [2026-05-02T00:12:15.018+0000] {dag.py:3089} INFO - Sync 1 DAGs
[2026-05-02T00:12:15.027+0000] {logging_mixin.py:188} INFO - [2026-05-02T00:12:15.027+0000] {dag.py:3947} INFO - Setting next_dagrun for fraud_detection_pipeline to 2026-05-01 00:00:00+00:00, run_after=2026-05-02 00:00:00+00:00
[2026-05-02T00:12:15.036+0000] {processor.py:183} INFO - Processing /opt/airflow/dags/fraud_pipeline.py took 0.101 seconds
[2026-05-02T00:12:45.502+0000] {processor.py:161} INFO - Started process (PID=11455) to work on /opt/airflow/dags/fraud_pipeline.py
[2026-05-02T00:12:45.503+0000] {processor.py:830} INFO - Processing file /opt/airflow/dags/fraud_pipeline.py for tasks to queue
[2026-05-02T00:12:45.504+0000] {logging_mixin.py:188} INFO - [2026-05-02T00:12:45.504+0000] {dagbag.py:545} INFO - Filling up the DagBag from /opt/airflow/dags/fraud_pipeline.py
[2026-05-02T00:12:45.566+0000] {processor.py:840} INFO - DAG(s) 'fraud_detection_pipeline' retrieved from /opt/airflow/dags/fraud_pipeline.py
[2026-05-02T00:12:45.575+0000] {logging_mixin.py:188} INFO - [2026-05-02T00:12:45.575+0000] {dag.py:3089} INFO - Sync 1 DAGs
[2026-05-02T00:12:45.584+0000] {logging_mixin.py:188} INFO - [2026-05-02T00:12:45.584+0000] {dag.py:3947} INFO - Setting next_dagrun for fraud_detection_pipeline to 2026-05-01 00:00:00+00:00, run_after=2026-05-02 00:00:00+00:00
[2026-05-02T00:12:45.593+0000] {processor.py:183} INFO - Processing /opt/airflow/dags/fraud_pipeline.py took 0.096 seconds
[2026-05-02T00:13:16.015+0000] {processor.py:161} INFO - Started process (PID=11515) to work on /opt/airflow/dags/fraud_pipeline.py
[2026-05-02T00:13:16.016+0000] {processor.py:830} INFO - Processing file /opt/airflow/dags/fraud_pipeline.py for tasks to queue
[2026-05-02T00:13:16.018+0000] {logging_mixin.py:188} INFO - [2026-05-02T00:13:16.018+0000] {dagbag.py:545} INFO - Filling up the DagBag from /opt/airflow/dags/fraud_pipeline.py
[2026-05-02T00:13:16.073+0000] {processor.py:840} INFO - DAG(s) 'fraud_detection_pipeline' retrieved from /opt/airflow/dags/fraud_pipeline.py
[2026-05-02T00:13:16.082+0000] {logging_mixin.py:188} INFO - [2026-05-02T00:13:16.082+0000] {dag.py:3089} INFO - Sync 1 DAGs
[2026-05-02T00:13:16.091+0000] {logging_mixin.py:188} INFO - [2026-05-02T00:13:16.091+0000] {dag.py:3947} INFO - Setting next_dagrun for fraud_detection_pipeline to 2026-05-01 00:00:00+00:00, run_after=2026-05-02 00:00:00+00:00
[2026-05-02T00:13:16.100+0000] {processor.py:183} INFO - Processing /opt/airflow/dags/fraud_pipeline.py took 0.092 seconds
[2026-05-02T00:13:46.525+0000] {processor.py:161} INFO - Started process (PID=11575) to work on /opt/airflow/dags/fraud_pipeline.py
[2026-05-02T00:13:46.527+0000] {processor.py:830} INFO - Processing file /opt/airflow/dags/fraud_pipeline.py for tasks to queue
[2026-05-02T00:13:46.529+0000] {logging_mixin.py:188} INFO - [2026-05-02T00:13:46.529+0000] {dagbag.py:545} INFO - Filling up the DagBag from /opt/airflow/dags/fraud_pipeline.py
[2026-05-02T00:13:46.585+0000] {processor.py:840} INFO - DAG(s) 'fraud_detection_pipeline' retrieved from /opt/airflow/dags/fraud_pipeline.py
[2026-05-02T00:13:46.597+0000] {logging_mixin.py:188} INFO - [2026-05-02T00:13:46.596+0000] {dag.py:3089} INFO - Sync 1 DAGs
[2026-05-02T00:13:46.606+0000] {logging_mixin.py:188} INFO - [2026-05-02T00:13:46.606+0000] {dag.py:3947} INFO - Setting next_dagrun for fraud_detection_pipeline to 2026-05-01 00:00:00+00:00, run_after=2026-05-02 00:00:00+00:00
[2026-05-02T00:13:46.614+0000] {processor.py:183} INFO - Processing /opt/airflow/dags/fraud_pipeline.py took 0.096 seconds
[2026-05-02T00:14:17.062+0000] {processor.py:161} INFO - Started process (PID=11635) to work on /opt/airflow/dags/fraud_pipeline.py
[2026-05-02T00:14:17.064+0000] {processor.py:830} INFO - Processing file /opt/airflow/dags/fraud_pipeline.py for tasks to queue
[2026-05-02T00:14:17.066+0000] {logging_mixin.py:188} INFO - [2026-05-02T00:14:17.066+0000] {dagbag.py:545} INFO - Filling up the DagBag from /opt/airflow/dags/fraud_pipeline.py
[2026-05-02T00:14:17.137+0000] {processor.py:840} INFO - DAG(s) 'fraud_detection_pipeline' retrieved from /opt/airflow/dags/fraud_pipeline.py
[2026-05-02T00:14:17.148+0000] {logging_mixin.py:188} INFO - [2026-05-02T00:14:17.148+0000] {dag.py:3089} INFO - Sync 1 DAGs
[2026-05-02T00:14:17.155+0000] {logging_mixin.py:188} INFO - [2026-05-02T00:14:17.155+0000] {dag.py:3947} INFO - Setting next_dagrun for fraud_detection_pipeline to 2026-05-01 00:00:00+00:00, run_after=2026-05-02 00:00:00+00:00
[2026-05-02T00:14:17.162+0000] {processor.py:183} INFO - Processing /opt/airflow/dags/fraud_pipeline.py took 0.111 seconds
[2026-05-02T00:14:47.567+0000] {processor.py:161} INFO - Started process (PID=11695) to work on /opt/airflow/dags/fraud_pipeline.py
[2026-05-02T00:14:47.569+0000] {processor.py:830} INFO - Processing file /opt/airflow/dags/fraud_pipeline.py for tasks to queue
[2026-05-02T00:14:47.570+0000] {logging_mixin.py:188} INFO - [2026-05-02T00:14:47.570+0000] {dagbag.py:545} INFO - Filling up the DagBag from /opt/airflow/dags/fraud_pipeline.py
[2026-05-02T00:14:47.633+0000] {processor.py:840} INFO - DAG(s) 'fraud_detection_pipeline' retrieved from /opt/airflow/dags/fraud_pipeline.py
[2026-05-02T00:14:47.643+0000] {logging_mixin.py:188} INFO - [2026-05-02T00:14:47.643+0000] {dag.py:3089} INFO - Sync 1 DAGs
[2026-05-02T00:14:47.652+0000] {logging_mixin.py:188} INFO - [2026-05-02T00:14:47.651+0000] {dag.py:3947} INFO - Setting next_dagrun for fraud_detection_pipeline to 2026-05-01 00:00:00+00:00, run_after=2026-05-02 00:00:00+00:00
[2026-05-02T00:14:47.661+0000] {processor.py:183} INFO - Processing /opt/airflow/dags/fraud_pipeline.py took 0.102 seconds
[2026-05-02T00:15:18.156+0000] {processor.py:161} INFO - Started process (PID=11755) to work on /opt/airflow/dags/fraud_pipeline.py
[2026-05-02T00:15:18.160+0000] {processor.py:830} INFO - Processing file /opt/airflow/dags/fraud_pipeline.py for tasks to queue
[2026-05-02T00:15:18.167+0000] {logging_mixin.py:188} INFO - [2026-05-02T00:15:18.166+0000] {dagbag.py:545} INFO - Filling up the DagBag from /opt/airflow/dags/fraud_pipeline.py
[2026-05-02T00:15:18.313+0000] {processor.py:840} INFO - DAG(s) 'fraud_detection_pipeline' retrieved from /opt/airflow/dags/fraud_pipeline.py
[2026-05-02T00:15:18.335+0000] {logging_mixin.py:188} INFO - [2026-05-02T00:15:18.335+0000] {dag.py:3089} INFO - Sync 1 DAGs
[2026-05-02T00:15:18.343+0000] {logging_mixin.py:188} INFO - [2026-05-02T00:15:18.343+0000] {dag.py:3947} INFO - Setting next_dagrun for fraud_detection_pipeline to 2026-05-01 00:00:00+00:00, run_after=2026-05-02 00:00:00+00:00
[2026-05-02T00:15:18.353+0000] {processor.py:183} INFO - Processing /opt/airflow/dags/fraud_pipeline.py took 0.201 seconds
[2026-05-02T00:15:48.661+0000] {processor.py:161} INFO - Started process (PID=11815) to work on /opt/airflow/dags/fraud_pipeline.py
[2026-05-02T00:15:48.662+0000] {processor.py:830} INFO - Processing file /opt/airflow/dags/fraud_pipeline.py for tasks to queue
[2026-05-02T00:15:48.665+0000] {logging_mixin.py:188} INFO - [2026-05-02T00:15:48.665+0000] {dagbag.py:545} INFO - Filling up the DagBag from /opt/airflow/dags/fraud_pipeline.py
[2026-05-02T00:15:48.732+0000] {processor.py:840} INFO - DAG(s) 'fraud_detection_pipeline' retrieved from /opt/airflow/dags/fraud_pipeline.py
[2026-05-02T00:15:48.741+0000] {logging_mixin.py:188} INFO - [2026-05-02T00:15:48.741+0000] {dag.py:3089} INFO - Sync 1 DAGs
[2026-05-02T00:15:48.748+0000] {logging_mixin.py:188} INFO - [2026-05-02T00:15:48.748+0000] {dag.py:3947} INFO - Setting next_dagrun for fraud_detection_pipeline to 2026-05-01 00:00:00+00:00, run_after=2026-05-02 00:00:00+00:00
[2026-05-02T00:15:48.757+0000] {processor.py:183} INFO - Processing /opt/airflow/dags/fraud_pipeline.py took 0.105 seconds
[2026-05-02T00:16:19.201+0000] {processor.py:161} INFO - Started process (PID=11876) to work on /opt/airflow/dags/fraud_pipeline.py
[2026-05-02T00:16:19.203+0000] {processor.py:830} INFO - Processing file /opt/airflow/dags/fraud_pipeline.py for tasks to queue
[2026-05-02T00:16:19.206+0000] {logging_mixin.py:188} INFO - [2026-05-02T00:16:19.205+0000] {dagbag.py:545} INFO - Filling up the DagBag from /opt/airflow/dags/fraud_pipeline.py
[2026-05-02T00:16:19.277+0000] {processor.py:840} INFO - DAG(s) 'fraud_detection_pipeline' retrieved from /opt/airflow/dags/fraud_pipeline.py
[2026-05-02T00:16:19.288+0000] {logging_mixin.py:188} INFO - [2026-05-02T00:16:19.288+0000] {dag.py:3089} INFO - Sync 1 DAGs
[2026-05-02T00:16:19.296+0000] {logging_mixin.py:188} INFO - [2026-05-02T00:16:19.296+0000] {dag.py:3947} INFO - Setting next_dagrun for fraud_detection_pipeline to 2026-05-01 00:00:00+00:00, run_after=2026-05-02 00:00:00+00:00
[2026-05-02T00:16:19.302+0000] {processor.py:183} INFO - Processing /opt/airflow/dags/fraud_pipeline.py took 0.109 seconds
[2026-05-02T00:16:49.827+0000] {processor.py:161} INFO - Started process (PID=11936) to work on /opt/airflow/dags/fraud_pipeline.py
[2026-05-02T00:16:49.828+0000] {processor.py:830} INFO - Processing file /opt/airflow/dags/fraud_pipeline.py for tasks to queue
[2026-05-02T00:16:49.830+0000] {logging_mixin.py:188} INFO - [2026-05-02T00:16:49.830+0000] {dagbag.py:545} INFO - Filling up the DagBag from /opt/airflow/dags/fraud_pipeline.py
[2026-05-02T00:16:49.891+0000] {processor.py:840} INFO - DAG(s) 'fraud_detection_pipeline' retrieved from /opt/airflow/dags/fraud_pipeline.py
[2026-05-02T00:16:49.899+0000] {logging_mixin.py:188} INFO - [2026-05-02T00:16:49.899+0000] {dag.py:3089} INFO - Sync 1 DAGs
[2026-05-02T00:16:49.910+0000] {logging_mixin.py:188} INFO - [2026-05-02T00:16:49.910+0000] {dag.py:3947} INFO - Setting next_dagrun for fraud_detection_pipeline to 2026-05-01 00:00:00+00:00, run_after=2026-05-02 00:00:00+00:00
[2026-05-02T00:16:49.918+0000] {processor.py:183} INFO - Processing /opt/airflow/dags/fraud_pipeline.py took 0.099 seconds
[2026-05-02T00:17:20.402+0000] {processor.py:161} INFO - Started process (PID=11996) to work on /opt/airflow/dags/fraud_pipeline.py
[2026-05-02T00:17:20.405+0000] {processor.py:830} INFO - Processing file /opt/airflow/dags/fraud_pipeline.py for tasks to queue
[2026-05-02T00:17:20.407+0000] {logging_mixin.py:188} INFO - [2026-05-02T00:17:20.407+0000] {dagbag.py:545} INFO - Filling up the DagBag from /opt/airflow/dags/fraud_pipeline.py
[2026-05-02T00:17:20.478+0000] {processor.py:840} INFO - DAG(s) 'fraud_detection_pipeline' retrieved from /opt/airflow/dags/fraud_pipeline.py
[2026-05-02T00:17:20.490+0000] {logging_mixin.py:188} INFO - [2026-05-02T00:17:20.490+0000] {dag.py:3089} INFO - Sync 1 DAGs
[2026-05-02T00:17:20.498+0000] {logging_mixin.py:188} INFO - [2026-05-02T00:17:20.498+0000] {dag.py:3947} INFO - Setting next_dagrun for fraud_detection_pipeline to 2026-05-01 00:00:00+00:00, run_after=2026-05-02 00:00:00+00:00
[2026-05-02T00:17:20.505+0000] {processor.py:183} INFO - Processing /opt/airflow/dags/fraud_pipeline.py took 0.111 seconds
[2026-05-02T00:17:51.075+0000] {processor.py:161} INFO - Started process (PID=12056) to work on /opt/airflow/dags/fraud_pipeline.py
[2026-05-02T00:17:51.077+0000] {processor.py:830} INFO - Processing file /opt/airflow/dags/fraud_pipeline.py for tasks to queue
[2026-05-02T00:17:51.080+0000] {logging_mixin.py:188} INFO - [2026-05-02T00:17:51.080+0000] {dagbag.py:545} INFO - Filling up the DagBag from /opt/airflow/dags/fraud_pipeline.py
[2026-05-02T00:17:51.152+0000] {processor.py:840} INFO - DAG(s) 'fraud_detection_pipeline' retrieved from /opt/airflow/dags/fraud_pipeline.py
[2026-05-02T00:17:51.166+0000] {logging_mixin.py:188} INFO - [2026-05-02T00:17:51.165+0000] {dag.py:3089} INFO - Sync 1 DAGs
[2026-05-02T00:17:51.173+0000] {logging_mixin.py:188} INFO - [2026-05-02T00:17:51.172+0000] {dag.py:3947} INFO - Setting next_dagrun for fraud_detection_pipeline to 2026-05-01 00:00:00+00:00, run_after=2026-05-02 00:00:00+00:00
[2026-05-02T00:17:51.180+0000] {processor.py:183} INFO - Processing /opt/airflow/dags/fraud_pipeline.py took 0.123 seconds
