[2026-04-25T05:22:29.138+0000] {processor.py:161} INFO - Started process (PID=4633) to work on /opt/airflow/dags/ap_pipeline.py
[2026-04-25T05:22:29.138+0000] {processor.py:830} INFO - Processing file /opt/airflow/dags/ap_pipeline.py for tasks to queue
[2026-04-25T05:22:29.139+0000] {logging_mixin.py:188} INFO - [2026-04-25T05:22:29.139+0000] {dagbag.py:545} INFO - Filling up the DagBag from /opt/airflow/dags/ap_pipeline.py
[2026-04-25T05:22:29.143+0000] {processor.py:840} INFO - DAG(s) 'accounts_payable_pipeline' retrieved from /opt/airflow/dags/ap_pipeline.py
[2026-04-25T05:22:29.183+0000] {logging_mixin.py:188} INFO - [2026-04-25T05:22:29.183+0000] {override.py:1858} INFO - Created Permission View: can delete on DAG:accounts_payable_pipeline
[2026-04-25T05:22:29.186+0000] {logging_mixin.py:188} INFO - [2026-04-25T05:22:29.186+0000] {override.py:1858} INFO - Created Permission View: can edit on DAG:accounts_payable_pipeline
[2026-04-25T05:22:29.187+0000] {logging_mixin.py:188} INFO - [2026-04-25T05:22:29.187+0000] {override.py:1858} INFO - Created Permission View: can read on DAG:accounts_payable_pipeline
[2026-04-25T05:22:29.187+0000] {logging_mixin.py:188} INFO - [2026-04-25T05:22:29.187+0000] {dag.py:3089} INFO - Sync 1 DAGs
[2026-04-25T05:22:29.191+0000] {logging_mixin.py:188} INFO - [2026-04-25T05:22:29.191+0000] {dag.py:3111} INFO - Creating ORM DAG for accounts_payable_pipeline
[2026-04-25T05:22:29.194+0000] {logging_mixin.py:188} INFO - [2026-04-25T05:22:29.194+0000] {dag.py:3947} INFO - Setting next_dagrun for accounts_payable_pipeline to 2026-04-24 00:00:00+00:00, run_after=2026-04-25 00:00:00+00:00
[2026-04-25T05:22:29.200+0000] {processor.py:183} INFO - Processing /opt/airflow/dags/ap_pipeline.py took 0.065 seconds
[2026-04-25T05:22:59.692+0000] {processor.py:161} INFO - Started process (PID=4692) to work on /opt/airflow/dags/ap_pipeline.py
[2026-04-25T05:22:59.693+0000] {processor.py:830} INFO - Processing file /opt/airflow/dags/ap_pipeline.py for tasks to queue
[2026-04-25T05:22:59.695+0000] {logging_mixin.py:188} INFO - [2026-04-25T05:22:59.694+0000] {dagbag.py:545} INFO - Filling up the DagBag from /opt/airflow/dags/ap_pipeline.py
[2026-04-25T05:22:59.699+0000] {processor.py:840} INFO - DAG(s) 'accounts_payable_pipeline' retrieved from /opt/airflow/dags/ap_pipeline.py
[2026-04-25T05:22:59.710+0000] {logging_mixin.py:188} INFO - [2026-04-25T05:22:59.710+0000] {dag.py:3089} INFO - Sync 1 DAGs
[2026-04-25T05:22:59.720+0000] {logging_mixin.py:188} INFO - [2026-04-25T05:22:59.720+0000] {dag.py:3947} INFO - Setting next_dagrun for accounts_payable_pipeline to 2026-04-24 00:00:00+00:00, run_after=2026-04-25 00:00:00+00:00
[2026-04-25T05:22:59.727+0000] {processor.py:183} INFO - Processing /opt/airflow/dags/ap_pipeline.py took 0.038 seconds
[2026-04-25T05:23:30.316+0000] {processor.py:161} INFO - Started process (PID=4751) to work on /opt/airflow/dags/ap_pipeline.py
[2026-04-25T05:23:30.317+0000] {processor.py:830} INFO - Processing file /opt/airflow/dags/ap_pipeline.py for tasks to queue
[2026-04-25T05:23:30.318+0000] {logging_mixin.py:188} INFO - [2026-04-25T05:23:30.318+0000] {dagbag.py:545} INFO - Filling up the DagBag from /opt/airflow/dags/ap_pipeline.py
[2026-04-25T05:23:30.321+0000] {processor.py:840} INFO - DAG(s) 'accounts_payable_pipeline' retrieved from /opt/airflow/dags/ap_pipeline.py
[2026-04-25T05:23:30.329+0000] {logging_mixin.py:188} INFO - [2026-04-25T05:23:30.329+0000] {dag.py:3089} INFO - Sync 1 DAGs
[2026-04-25T05:23:30.338+0000] {logging_mixin.py:188} INFO - [2026-04-25T05:23:30.338+0000] {dag.py:3947} INFO - Setting next_dagrun for accounts_payable_pipeline to 2026-04-24 00:00:00+00:00, run_after=2026-04-25 00:00:00+00:00
[2026-04-25T05:23:30.344+0000] {processor.py:183} INFO - Processing /opt/airflow/dags/ap_pipeline.py took 0.030 seconds
[2026-04-25T05:24:00.970+0000] {processor.py:161} INFO - Started process (PID=4810) to work on /opt/airflow/dags/ap_pipeline.py
[2026-04-25T05:24:00.971+0000] {processor.py:830} INFO - Processing file /opt/airflow/dags/ap_pipeline.py for tasks to queue
[2026-04-25T05:24:00.973+0000] {logging_mixin.py:188} INFO - [2026-04-25T05:24:00.972+0000] {dagbag.py:545} INFO - Filling up the DagBag from /opt/airflow/dags/ap_pipeline.py
[2026-04-25T05:24:00.978+0000] {processor.py:840} INFO - DAG(s) 'accounts_payable_pipeline' retrieved from /opt/airflow/dags/ap_pipeline.py
[2026-04-25T05:24:00.992+0000] {logging_mixin.py:188} INFO - [2026-04-25T05:24:00.992+0000] {dag.py:3089} INFO - Sync 1 DAGs
[2026-04-25T05:24:01.004+0000] {logging_mixin.py:188} INFO - [2026-04-25T05:24:01.004+0000] {dag.py:3947} INFO - Setting next_dagrun for accounts_payable_pipeline to 2026-04-24 00:00:00+00:00, run_after=2026-04-25 00:00:00+00:00
[2026-04-25T05:24:01.012+0000] {processor.py:183} INFO - Processing /opt/airflow/dags/ap_pipeline.py took 0.047 seconds
[2026-04-25T05:24:31.635+0000] {processor.py:161} INFO - Started process (PID=4869) to work on /opt/airflow/dags/ap_pipeline.py
[2026-04-25T05:24:31.635+0000] {processor.py:830} INFO - Processing file /opt/airflow/dags/ap_pipeline.py for tasks to queue
[2026-04-25T05:24:31.637+0000] {logging_mixin.py:188} INFO - [2026-04-25T05:24:31.636+0000] {dagbag.py:545} INFO - Filling up the DagBag from /opt/airflow/dags/ap_pipeline.py
[2026-04-25T05:24:31.641+0000] {processor.py:840} INFO - DAG(s) 'accounts_payable_pipeline' retrieved from /opt/airflow/dags/ap_pipeline.py
[2026-04-25T05:24:31.649+0000] {logging_mixin.py:188} INFO - [2026-04-25T05:24:31.649+0000] {dag.py:3089} INFO - Sync 1 DAGs
[2026-04-25T05:24:31.657+0000] {logging_mixin.py:188} INFO - [2026-04-25T05:24:31.657+0000] {dag.py:3947} INFO - Setting next_dagrun for accounts_payable_pipeline to 2026-04-24 00:00:00+00:00, run_after=2026-04-25 00:00:00+00:00
[2026-04-25T05:24:31.664+0000] {processor.py:183} INFO - Processing /opt/airflow/dags/ap_pipeline.py took 0.033 seconds
[2026-04-25T05:25:02.342+0000] {processor.py:161} INFO - Started process (PID=4928) to work on /opt/airflow/dags/ap_pipeline.py
[2026-04-25T05:25:02.343+0000] {processor.py:830} INFO - Processing file /opt/airflow/dags/ap_pipeline.py for tasks to queue
[2026-04-25T05:25:02.345+0000] {logging_mixin.py:188} INFO - [2026-04-25T05:25:02.344+0000] {dagbag.py:545} INFO - Filling up the DagBag from /opt/airflow/dags/ap_pipeline.py
[2026-04-25T05:25:02.349+0000] {processor.py:840} INFO - DAG(s) 'accounts_payable_pipeline' retrieved from /opt/airflow/dags/ap_pipeline.py
[2026-04-25T05:25:02.361+0000] {logging_mixin.py:188} INFO - [2026-04-25T05:25:02.361+0000] {dag.py:3089} INFO - Sync 1 DAGs
[2026-04-25T05:25:02.370+0000] {logging_mixin.py:188} INFO - [2026-04-25T05:25:02.370+0000] {dag.py:3947} INFO - Setting next_dagrun for accounts_payable_pipeline to 2026-04-24 00:00:00+00:00, run_after=2026-04-25 00:00:00+00:00
[2026-04-25T05:25:02.376+0000] {processor.py:183} INFO - Processing /opt/airflow/dags/ap_pipeline.py took 0.039 seconds
[2026-04-25T05:25:32.986+0000] {processor.py:161} INFO - Started process (PID=4987) to work on /opt/airflow/dags/ap_pipeline.py
[2026-04-25T05:25:32.986+0000] {processor.py:830} INFO - Processing file /opt/airflow/dags/ap_pipeline.py for tasks to queue
[2026-04-25T05:25:32.988+0000] {logging_mixin.py:188} INFO - [2026-04-25T05:25:32.987+0000] {dagbag.py:545} INFO - Filling up the DagBag from /opt/airflow/dags/ap_pipeline.py
[2026-04-25T05:25:32.992+0000] {processor.py:840} INFO - DAG(s) 'accounts_payable_pipeline' retrieved from /opt/airflow/dags/ap_pipeline.py
[2026-04-25T05:25:33.004+0000] {logging_mixin.py:188} INFO - [2026-04-25T05:25:33.004+0000] {dag.py:3089} INFO - Sync 1 DAGs
[2026-04-25T05:25:33.014+0000] {logging_mixin.py:188} INFO - [2026-04-25T05:25:33.013+0000] {dag.py:3947} INFO - Setting next_dagrun for accounts_payable_pipeline to 2026-04-24 00:00:00+00:00, run_after=2026-04-25 00:00:00+00:00
[2026-04-25T05:25:33.020+0000] {processor.py:183} INFO - Processing /opt/airflow/dags/ap_pipeline.py took 0.039 seconds
[2026-04-25T05:26:03.592+0000] {processor.py:161} INFO - Started process (PID=5046) to work on /opt/airflow/dags/ap_pipeline.py
[2026-04-25T05:26:03.593+0000] {processor.py:830} INFO - Processing file /opt/airflow/dags/ap_pipeline.py for tasks to queue
[2026-04-25T05:26:03.594+0000] {logging_mixin.py:188} INFO - [2026-04-25T05:26:03.594+0000] {dagbag.py:545} INFO - Filling up the DagBag from /opt/airflow/dags/ap_pipeline.py
[2026-04-25T05:26:03.597+0000] {processor.py:840} INFO - DAG(s) 'accounts_payable_pipeline' retrieved from /opt/airflow/dags/ap_pipeline.py
[2026-04-25T05:26:03.608+0000] {logging_mixin.py:188} INFO - [2026-04-25T05:26:03.608+0000] {dag.py:3089} INFO - Sync 1 DAGs
[2026-04-25T05:26:03.618+0000] {logging_mixin.py:188} INFO - [2026-04-25T05:26:03.618+0000] {dag.py:3947} INFO - Setting next_dagrun for accounts_payable_pipeline to 2026-04-24 00:00:00+00:00, run_after=2026-04-25 00:00:00+00:00
[2026-04-25T05:26:03.626+0000] {processor.py:183} INFO - Processing /opt/airflow/dags/ap_pipeline.py took 0.039 seconds
[2026-04-25T05:26:33.651+0000] {processor.py:161} INFO - Started process (PID=5105) to work on /opt/airflow/dags/ap_pipeline.py
[2026-04-25T05:26:33.651+0000] {processor.py:830} INFO - Processing file /opt/airflow/dags/ap_pipeline.py for tasks to queue
[2026-04-25T05:26:33.652+0000] {logging_mixin.py:188} INFO - [2026-04-25T05:26:33.652+0000] {dagbag.py:545} INFO - Filling up the DagBag from /opt/airflow/dags/ap_pipeline.py
[2026-04-25T05:26:33.656+0000] {processor.py:840} INFO - DAG(s) 'accounts_payable_pipeline' retrieved from /opt/airflow/dags/ap_pipeline.py
[2026-04-25T05:26:33.668+0000] {logging_mixin.py:188} INFO - [2026-04-25T05:26:33.668+0000] {dag.py:3089} INFO - Sync 1 DAGs
[2026-04-25T05:26:33.681+0000] {logging_mixin.py:188} INFO - [2026-04-25T05:26:33.681+0000] {dag.py:3947} INFO - Setting next_dagrun for accounts_payable_pipeline to 2026-04-24 00:00:00+00:00, run_after=2026-04-25 00:00:00+00:00
[2026-04-25T05:26:33.689+0000] {processor.py:183} INFO - Processing /opt/airflow/dags/ap_pipeline.py took 0.044 seconds
[2026-04-25T05:27:04.486+0000] {processor.py:161} INFO - Started process (PID=5164) to work on /opt/airflow/dags/ap_pipeline.py
[2026-04-25T05:27:04.487+0000] {processor.py:830} INFO - Processing file /opt/airflow/dags/ap_pipeline.py for tasks to queue
[2026-04-25T05:27:04.489+0000] {logging_mixin.py:188} INFO - [2026-04-25T05:27:04.489+0000] {dagbag.py:545} INFO - Filling up the DagBag from /opt/airflow/dags/ap_pipeline.py
[2026-04-25T05:27:04.499+0000] {processor.py:840} INFO - DAG(s) 'accounts_payable_pipeline' retrieved from /opt/airflow/dags/ap_pipeline.py
[2026-04-25T05:27:04.512+0000] {logging_mixin.py:188} INFO - [2026-04-25T05:27:04.512+0000] {dag.py:3089} INFO - Sync 1 DAGs
[2026-04-25T05:27:04.525+0000] {logging_mixin.py:188} INFO - [2026-04-25T05:27:04.525+0000] {dag.py:3947} INFO - Setting next_dagrun for accounts_payable_pipeline to 2026-04-24 00:00:00+00:00, run_after=2026-04-25 00:00:00+00:00
[2026-04-25T05:27:04.533+0000] {processor.py:183} INFO - Processing /opt/airflow/dags/ap_pipeline.py took 0.053 seconds
[2026-04-25T05:27:34.685+0000] {processor.py:161} INFO - Started process (PID=5223) to work on /opt/airflow/dags/ap_pipeline.py
[2026-04-25T05:27:34.686+0000] {processor.py:830} INFO - Processing file /opt/airflow/dags/ap_pipeline.py for tasks to queue
[2026-04-25T05:27:34.688+0000] {logging_mixin.py:188} INFO - [2026-04-25T05:27:34.688+0000] {dagbag.py:545} INFO - Filling up the DagBag from /opt/airflow/dags/ap_pipeline.py
[2026-04-25T05:27:34.693+0000] {processor.py:840} INFO - DAG(s) 'accounts_payable_pipeline' retrieved from /opt/airflow/dags/ap_pipeline.py
[2026-04-25T05:27:34.705+0000] {logging_mixin.py:188} INFO - [2026-04-25T05:27:34.705+0000] {dag.py:3089} INFO - Sync 1 DAGs
[2026-04-25T05:27:34.717+0000] {logging_mixin.py:188} INFO - [2026-04-25T05:27:34.717+0000] {dag.py:3947} INFO - Setting next_dagrun for accounts_payable_pipeline to 2026-04-24 00:00:00+00:00, run_after=2026-04-25 00:00:00+00:00
[2026-04-25T05:27:34.724+0000] {processor.py:183} INFO - Processing /opt/airflow/dags/ap_pipeline.py took 0.043 seconds
[2026-04-25T05:28:04.770+0000] {processor.py:161} INFO - Started process (PID=5282) to work on /opt/airflow/dags/ap_pipeline.py
[2026-04-25T05:28:04.771+0000] {processor.py:830} INFO - Processing file /opt/airflow/dags/ap_pipeline.py for tasks to queue
[2026-04-25T05:28:04.772+0000] {logging_mixin.py:188} INFO - [2026-04-25T05:28:04.772+0000] {dagbag.py:545} INFO - Filling up the DagBag from /opt/airflow/dags/ap_pipeline.py
[2026-04-25T05:28:04.776+0000] {processor.py:840} INFO - DAG(s) 'accounts_payable_pipeline' retrieved from /opt/airflow/dags/ap_pipeline.py
[2026-04-25T05:28:04.787+0000] {logging_mixin.py:188} INFO - [2026-04-25T05:28:04.786+0000] {dag.py:3089} INFO - Sync 1 DAGs
[2026-04-25T05:28:04.795+0000] {logging_mixin.py:188} INFO - [2026-04-25T05:28:04.795+0000] {dag.py:3947} INFO - Setting next_dagrun for accounts_payable_pipeline to 2026-04-24 00:00:00+00:00, run_after=2026-04-25 00:00:00+00:00
[2026-04-25T05:28:04.802+0000] {processor.py:183} INFO - Processing /opt/airflow/dags/ap_pipeline.py took 0.036 seconds
[2026-04-25T05:28:35.454+0000] {processor.py:161} INFO - Started process (PID=5341) to work on /opt/airflow/dags/ap_pipeline.py
[2026-04-25T05:28:35.454+0000] {processor.py:830} INFO - Processing file /opt/airflow/dags/ap_pipeline.py for tasks to queue
[2026-04-25T05:28:35.456+0000] {logging_mixin.py:188} INFO - [2026-04-25T05:28:35.455+0000] {dagbag.py:545} INFO - Filling up the DagBag from /opt/airflow/dags/ap_pipeline.py
[2026-04-25T05:28:35.460+0000] {processor.py:840} INFO - DAG(s) 'accounts_payable_pipeline' retrieved from /opt/airflow/dags/ap_pipeline.py
[2026-04-25T05:28:35.468+0000] {logging_mixin.py:188} INFO - [2026-04-25T05:28:35.468+0000] {dag.py:3089} INFO - Sync 1 DAGs
[2026-04-25T05:28:35.478+0000] {logging_mixin.py:188} INFO - [2026-04-25T05:28:35.478+0000] {dag.py:3947} INFO - Setting next_dagrun for accounts_payable_pipeline to 2026-04-24 00:00:00+00:00, run_after=2026-04-25 00:00:00+00:00
[2026-04-25T05:28:35.484+0000] {processor.py:183} INFO - Processing /opt/airflow/dags/ap_pipeline.py took 0.035 seconds
[2026-04-25T05:29:06.187+0000] {processor.py:161} INFO - Started process (PID=5400) to work on /opt/airflow/dags/ap_pipeline.py
[2026-04-25T05:29:06.187+0000] {processor.py:830} INFO - Processing file /opt/airflow/dags/ap_pipeline.py for tasks to queue
[2026-04-25T05:29:06.188+0000] {logging_mixin.py:188} INFO - [2026-04-25T05:29:06.188+0000] {dagbag.py:545} INFO - Filling up the DagBag from /opt/airflow/dags/ap_pipeline.py
[2026-04-25T05:29:06.191+0000] {processor.py:840} INFO - DAG(s) 'accounts_payable_pipeline' retrieved from /opt/airflow/dags/ap_pipeline.py
[2026-04-25T05:29:06.201+0000] {logging_mixin.py:188} INFO - [2026-04-25T05:29:06.200+0000] {dag.py:3089} INFO - Sync 1 DAGs
[2026-04-25T05:29:06.210+0000] {logging_mixin.py:188} INFO - [2026-04-25T05:29:06.210+0000] {dag.py:3947} INFO - Setting next_dagrun for accounts_payable_pipeline to 2026-04-24 00:00:00+00:00, run_after=2026-04-25 00:00:00+00:00
[2026-04-25T05:29:06.217+0000] {processor.py:183} INFO - Processing /opt/airflow/dags/ap_pipeline.py took 0.035 seconds
[2026-04-25T05:29:36.827+0000] {processor.py:161} INFO - Started process (PID=5465) to work on /opt/airflow/dags/ap_pipeline.py
[2026-04-25T05:29:36.828+0000] {processor.py:830} INFO - Processing file /opt/airflow/dags/ap_pipeline.py for tasks to queue
[2026-04-25T05:29:36.828+0000] {logging_mixin.py:188} INFO - [2026-04-25T05:29:36.828+0000] {dagbag.py:545} INFO - Filling up the DagBag from /opt/airflow/dags/ap_pipeline.py
[2026-04-25T05:29:36.831+0000] {processor.py:840} INFO - DAG(s) 'accounts_payable_pipeline' retrieved from /opt/airflow/dags/ap_pipeline.py
[2026-04-25T05:29:36.840+0000] {logging_mixin.py:188} INFO - [2026-04-25T05:29:36.840+0000] {dag.py:3089} INFO - Sync 1 DAGs
[2026-04-25T05:29:36.849+0000] {logging_mixin.py:188} INFO - [2026-04-25T05:29:36.849+0000] {dag.py:3947} INFO - Setting next_dagrun for accounts_payable_pipeline to 2026-04-24 00:00:00+00:00, run_after=2026-04-25 00:00:00+00:00
[2026-04-25T05:29:36.855+0000] {processor.py:183} INFO - Processing /opt/airflow/dags/ap_pipeline.py took 0.030 seconds
[2026-04-25T05:30:07.069+0000] {processor.py:161} INFO - Started process (PID=5524) to work on /opt/airflow/dags/ap_pipeline.py
[2026-04-25T05:30:07.070+0000] {processor.py:830} INFO - Processing file /opt/airflow/dags/ap_pipeline.py for tasks to queue
[2026-04-25T05:30:07.072+0000] {logging_mixin.py:188} INFO - [2026-04-25T05:30:07.072+0000] {dagbag.py:545} INFO - Filling up the DagBag from /opt/airflow/dags/ap_pipeline.py
[2026-04-25T05:30:07.084+0000] {processor.py:840} INFO - DAG(s) 'accounts_payable_pipeline' retrieved from /opt/airflow/dags/ap_pipeline.py
[2026-04-25T05:30:07.101+0000] {logging_mixin.py:188} INFO - [2026-04-25T05:30:07.101+0000] {dag.py:3089} INFO - Sync 1 DAGs
[2026-04-25T05:30:07.118+0000] {logging_mixin.py:188} INFO - [2026-04-25T05:30:07.118+0000] {dag.py:3947} INFO - Setting next_dagrun for accounts_payable_pipeline to 2026-04-25 00:00:00+00:00, run_after=2026-04-26 00:00:00+00:00
[2026-04-25T05:30:07.129+0000] {processor.py:183} INFO - Processing /opt/airflow/dags/ap_pipeline.py took 0.064 seconds
[2026-04-25T05:30:37.866+0000] {processor.py:161} INFO - Started process (PID=5583) to work on /opt/airflow/dags/ap_pipeline.py
[2026-04-25T05:30:37.868+0000] {processor.py:830} INFO - Processing file /opt/airflow/dags/ap_pipeline.py for tasks to queue
[2026-04-25T05:30:37.873+0000] {logging_mixin.py:188} INFO - [2026-04-25T05:30:37.872+0000] {dagbag.py:545} INFO - Filling up the DagBag from /opt/airflow/dags/ap_pipeline.py
[2026-04-25T05:30:37.890+0000] {processor.py:840} INFO - DAG(s) 'accounts_payable_pipeline' retrieved from /opt/airflow/dags/ap_pipeline.py
[2026-04-25T05:30:37.943+0000] {logging_mixin.py:188} INFO - [2026-04-25T05:30:37.942+0000] {dag.py:3089} INFO - Sync 1 DAGs
[2026-04-25T05:30:37.982+0000] {logging_mixin.py:188} INFO - [2026-04-25T05:30:37.981+0000] {dag.py:3947} INFO - Setting next_dagrun for accounts_payable_pipeline to 2026-04-25 00:00:00+00:00, run_after=2026-04-26 00:00:00+00:00
[2026-04-25T05:30:38.002+0000] {processor.py:183} INFO - Processing /opt/airflow/dags/ap_pipeline.py took 0.158 seconds
[2026-04-25T05:31:08.187+0000] {processor.py:161} INFO - Started process (PID=5642) to work on /opt/airflow/dags/ap_pipeline.py
[2026-04-25T05:31:08.188+0000] {processor.py:830} INFO - Processing file /opt/airflow/dags/ap_pipeline.py for tasks to queue
[2026-04-25T05:31:08.190+0000] {logging_mixin.py:188} INFO - [2026-04-25T05:31:08.190+0000] {dagbag.py:545} INFO - Filling up the DagBag from /opt/airflow/dags/ap_pipeline.py
[2026-04-25T05:31:08.200+0000] {processor.py:840} INFO - DAG(s) 'accounts_payable_pipeline' retrieved from /opt/airflow/dags/ap_pipeline.py
[2026-04-25T05:31:08.217+0000] {logging_mixin.py:188} INFO - [2026-04-25T05:31:08.217+0000] {dag.py:3089} INFO - Sync 1 DAGs
[2026-04-25T05:31:08.228+0000] {logging_mixin.py:188} INFO - [2026-04-25T05:31:08.228+0000] {dag.py:3947} INFO - Setting next_dagrun for accounts_payable_pipeline to 2026-04-25 00:00:00+00:00, run_after=2026-04-26 00:00:00+00:00
[2026-04-25T05:31:08.235+0000] {processor.py:183} INFO - Processing /opt/airflow/dags/ap_pipeline.py took 0.053 seconds
[2026-04-25T05:31:38.897+0000] {processor.py:161} INFO - Started process (PID=5701) to work on /opt/airflow/dags/ap_pipeline.py
[2026-04-25T05:31:38.898+0000] {processor.py:830} INFO - Processing file /opt/airflow/dags/ap_pipeline.py for tasks to queue
[2026-04-25T05:31:38.899+0000] {logging_mixin.py:188} INFO - [2026-04-25T05:31:38.899+0000] {dagbag.py:545} INFO - Filling up the DagBag from /opt/airflow/dags/ap_pipeline.py
[2026-04-25T05:31:38.904+0000] {processor.py:840} INFO - DAG(s) 'accounts_payable_pipeline' retrieved from /opt/airflow/dags/ap_pipeline.py
[2026-04-25T05:31:38.918+0000] {logging_mixin.py:188} INFO - [2026-04-25T05:31:38.918+0000] {dag.py:3089} INFO - Sync 1 DAGs
[2026-04-25T05:31:38.929+0000] {logging_mixin.py:188} INFO - [2026-04-25T05:31:38.929+0000] {dag.py:3947} INFO - Setting next_dagrun for accounts_payable_pipeline to 2026-04-25 00:00:00+00:00, run_after=2026-04-26 00:00:00+00:00
[2026-04-25T05:31:38.936+0000] {processor.py:183} INFO - Processing /opt/airflow/dags/ap_pipeline.py took 0.044 seconds
[2026-04-25T05:32:09.699+0000] {processor.py:161} INFO - Started process (PID=5760) to work on /opt/airflow/dags/ap_pipeline.py
[2026-04-25T05:32:09.700+0000] {processor.py:830} INFO - Processing file /opt/airflow/dags/ap_pipeline.py for tasks to queue
[2026-04-25T05:32:09.702+0000] {logging_mixin.py:188} INFO - [2026-04-25T05:32:09.701+0000] {dagbag.py:545} INFO - Filling up the DagBag from /opt/airflow/dags/ap_pipeline.py
[2026-04-25T05:32:09.705+0000] {processor.py:840} INFO - DAG(s) 'accounts_payable_pipeline' retrieved from /opt/airflow/dags/ap_pipeline.py
[2026-04-25T05:32:09.714+0000] {logging_mixin.py:188} INFO - [2026-04-25T05:32:09.713+0000] {dag.py:3089} INFO - Sync 1 DAGs
[2026-04-25T05:32:09.722+0000] {logging_mixin.py:188} INFO - [2026-04-25T05:32:09.722+0000] {dag.py:3947} INFO - Setting next_dagrun for accounts_payable_pipeline to 2026-04-25 00:00:00+00:00, run_after=2026-04-26 00:00:00+00:00
[2026-04-25T05:32:09.730+0000] {processor.py:183} INFO - Processing /opt/airflow/dags/ap_pipeline.py took 0.035 seconds
[2026-04-25T05:32:40.446+0000] {processor.py:161} INFO - Started process (PID=5819) to work on /opt/airflow/dags/ap_pipeline.py
[2026-04-25T05:32:40.446+0000] {processor.py:830} INFO - Processing file /opt/airflow/dags/ap_pipeline.py for tasks to queue
[2026-04-25T05:32:40.447+0000] {logging_mixin.py:188} INFO - [2026-04-25T05:32:40.447+0000] {dagbag.py:545} INFO - Filling up the DagBag from /opt/airflow/dags/ap_pipeline.py
[2026-04-25T05:32:40.450+0000] {processor.py:840} INFO - DAG(s) 'accounts_payable_pipeline' retrieved from /opt/airflow/dags/ap_pipeline.py
[2026-04-25T05:32:40.460+0000] {logging_mixin.py:188} INFO - [2026-04-25T05:32:40.460+0000] {dag.py:3089} INFO - Sync 1 DAGs
[2026-04-25T05:32:40.475+0000] {logging_mixin.py:188} INFO - [2026-04-25T05:32:40.475+0000] {dag.py:3947} INFO - Setting next_dagrun for accounts_payable_pipeline to 2026-04-25 00:00:00+00:00, run_after=2026-04-26 00:00:00+00:00
[2026-04-25T05:32:40.482+0000] {processor.py:183} INFO - Processing /opt/airflow/dags/ap_pipeline.py took 0.039 seconds
[2026-04-25T05:33:11.109+0000] {processor.py:161} INFO - Started process (PID=5878) to work on /opt/airflow/dags/ap_pipeline.py
[2026-04-25T05:33:11.110+0000] {processor.py:830} INFO - Processing file /opt/airflow/dags/ap_pipeline.py for tasks to queue
[2026-04-25T05:33:11.111+0000] {logging_mixin.py:188} INFO - [2026-04-25T05:33:11.111+0000] {dagbag.py:545} INFO - Filling up the DagBag from /opt/airflow/dags/ap_pipeline.py
[2026-04-25T05:33:11.116+0000] {processor.py:840} INFO - DAG(s) 'accounts_payable_pipeline' retrieved from /opt/airflow/dags/ap_pipeline.py
[2026-04-25T05:33:11.129+0000] {logging_mixin.py:188} INFO - [2026-04-25T05:33:11.129+0000] {dag.py:3089} INFO - Sync 1 DAGs
[2026-04-25T05:33:11.144+0000] {logging_mixin.py:188} INFO - [2026-04-25T05:33:11.144+0000] {dag.py:3947} INFO - Setting next_dagrun for accounts_payable_pipeline to 2026-04-25 00:00:00+00:00, run_after=2026-04-26 00:00:00+00:00
[2026-04-25T05:33:11.157+0000] {processor.py:183} INFO - Processing /opt/airflow/dags/ap_pipeline.py took 0.053 seconds
[2026-04-25T05:33:41.740+0000] {processor.py:161} INFO - Started process (PID=5937) to work on /opt/airflow/dags/ap_pipeline.py
[2026-04-25T05:33:41.741+0000] {processor.py:830} INFO - Processing file /opt/airflow/dags/ap_pipeline.py for tasks to queue
[2026-04-25T05:33:41.743+0000] {logging_mixin.py:188} INFO - [2026-04-25T05:33:41.742+0000] {dagbag.py:545} INFO - Filling up the DagBag from /opt/airflow/dags/ap_pipeline.py
[2026-04-25T05:33:41.747+0000] {processor.py:840} INFO - DAG(s) 'accounts_payable_pipeline' retrieved from /opt/airflow/dags/ap_pipeline.py
[2026-04-25T05:33:41.756+0000] {logging_mixin.py:188} INFO - [2026-04-25T05:33:41.756+0000] {dag.py:3089} INFO - Sync 1 DAGs
[2026-04-25T05:33:41.765+0000] {logging_mixin.py:188} INFO - [2026-04-25T05:33:41.765+0000] {dag.py:3947} INFO - Setting next_dagrun for accounts_payable_pipeline to 2026-04-25 00:00:00+00:00, run_after=2026-04-26 00:00:00+00:00
[2026-04-25T05:33:41.771+0000] {processor.py:183} INFO - Processing /opt/airflow/dags/ap_pipeline.py took 0.035 seconds
[2026-04-25T05:34:12.474+0000] {processor.py:161} INFO - Started process (PID=5996) to work on /opt/airflow/dags/ap_pipeline.py
[2026-04-25T05:34:12.476+0000] {processor.py:830} INFO - Processing file /opt/airflow/dags/ap_pipeline.py for tasks to queue
[2026-04-25T05:34:12.477+0000] {logging_mixin.py:188} INFO - [2026-04-25T05:34:12.477+0000] {dagbag.py:545} INFO - Filling up the DagBag from /opt/airflow/dags/ap_pipeline.py
[2026-04-25T05:34:12.482+0000] {processor.py:840} INFO - DAG(s) 'accounts_payable_pipeline' retrieved from /opt/airflow/dags/ap_pipeline.py
[2026-04-25T05:34:12.496+0000] {logging_mixin.py:188} INFO - [2026-04-25T05:34:12.496+0000] {dag.py:3089} INFO - Sync 1 DAGs
[2026-04-25T05:34:12.506+0000] {logging_mixin.py:188} INFO - [2026-04-25T05:34:12.506+0000] {dag.py:3947} INFO - Setting next_dagrun for accounts_payable_pipeline to 2026-04-25 00:00:00+00:00, run_after=2026-04-26 00:00:00+00:00
[2026-04-25T05:34:12.514+0000] {processor.py:183} INFO - Processing /opt/airflow/dags/ap_pipeline.py took 0.046 seconds
[2026-04-25T05:34:43.269+0000] {processor.py:161} INFO - Started process (PID=6055) to work on /opt/airflow/dags/ap_pipeline.py
[2026-04-25T05:34:43.270+0000] {processor.py:830} INFO - Processing file /opt/airflow/dags/ap_pipeline.py for tasks to queue
[2026-04-25T05:34:43.271+0000] {logging_mixin.py:188} INFO - [2026-04-25T05:34:43.271+0000] {dagbag.py:545} INFO - Filling up the DagBag from /opt/airflow/dags/ap_pipeline.py
[2026-04-25T05:34:43.275+0000] {processor.py:840} INFO - DAG(s) 'accounts_payable_pipeline' retrieved from /opt/airflow/dags/ap_pipeline.py
[2026-04-25T05:34:43.287+0000] {logging_mixin.py:188} INFO - [2026-04-25T05:34:43.287+0000] {dag.py:3089} INFO - Sync 1 DAGs
[2026-04-25T05:34:43.299+0000] {logging_mixin.py:188} INFO - [2026-04-25T05:34:43.299+0000] {dag.py:3947} INFO - Setting next_dagrun for accounts_payable_pipeline to 2026-04-25 00:00:00+00:00, run_after=2026-04-26 00:00:00+00:00
[2026-04-25T05:34:43.316+0000] {processor.py:183} INFO - Processing /opt/airflow/dags/ap_pipeline.py took 0.058 seconds
[2026-04-25T05:35:13.359+0000] {processor.py:161} INFO - Started process (PID=6114) to work on /opt/airflow/dags/ap_pipeline.py
[2026-04-25T05:35:13.360+0000] {processor.py:830} INFO - Processing file /opt/airflow/dags/ap_pipeline.py for tasks to queue
[2026-04-25T05:35:13.361+0000] {logging_mixin.py:188} INFO - [2026-04-25T05:35:13.361+0000] {dagbag.py:545} INFO - Filling up the DagBag from /opt/airflow/dags/ap_pipeline.py
[2026-04-25T05:35:13.364+0000] {processor.py:840} INFO - DAG(s) 'accounts_payable_pipeline' retrieved from /opt/airflow/dags/ap_pipeline.py
[2026-04-25T05:35:13.373+0000] {logging_mixin.py:188} INFO - [2026-04-25T05:35:13.373+0000] {dag.py:3089} INFO - Sync 1 DAGs
[2026-04-25T05:35:13.381+0000] {logging_mixin.py:188} INFO - [2026-04-25T05:35:13.381+0000] {dag.py:3947} INFO - Setting next_dagrun for accounts_payable_pipeline to 2026-04-25 00:00:00+00:00, run_after=2026-04-26 00:00:00+00:00
[2026-04-25T05:35:13.388+0000] {processor.py:183} INFO - Processing /opt/airflow/dags/ap_pipeline.py took 0.033 seconds
[2026-04-25T05:35:44.039+0000] {processor.py:161} INFO - Started process (PID=6173) to work on /opt/airflow/dags/ap_pipeline.py
[2026-04-25T05:35:44.040+0000] {processor.py:830} INFO - Processing file /opt/airflow/dags/ap_pipeline.py for tasks to queue
[2026-04-25T05:35:44.041+0000] {logging_mixin.py:188} INFO - [2026-04-25T05:35:44.041+0000] {dagbag.py:545} INFO - Filling up the DagBag from /opt/airflow/dags/ap_pipeline.py
[2026-04-25T05:35:44.044+0000] {processor.py:840} INFO - DAG(s) 'accounts_payable_pipeline' retrieved from /opt/airflow/dags/ap_pipeline.py
[2026-04-25T05:35:44.053+0000] {logging_mixin.py:188} INFO - [2026-04-25T05:35:44.053+0000] {dag.py:3089} INFO - Sync 1 DAGs
[2026-04-25T05:35:44.062+0000] {logging_mixin.py:188} INFO - [2026-04-25T05:35:44.062+0000] {dag.py:3947} INFO - Setting next_dagrun for accounts_payable_pipeline to 2026-04-25 00:00:00+00:00, run_after=2026-04-26 00:00:00+00:00
[2026-04-25T05:35:44.069+0000] {processor.py:183} INFO - Processing /opt/airflow/dags/ap_pipeline.py took 0.034 seconds
[2026-04-25T05:36:14.116+0000] {processor.py:161} INFO - Started process (PID=6232) to work on /opt/airflow/dags/ap_pipeline.py
[2026-04-25T05:36:14.116+0000] {processor.py:830} INFO - Processing file /opt/airflow/dags/ap_pipeline.py for tasks to queue
[2026-04-25T05:36:14.118+0000] {logging_mixin.py:188} INFO - [2026-04-25T05:36:14.118+0000] {dagbag.py:545} INFO - Filling up the DagBag from /opt/airflow/dags/ap_pipeline.py
[2026-04-25T05:36:14.122+0000] {processor.py:840} INFO - DAG(s) 'accounts_payable_pipeline' retrieved from /opt/airflow/dags/ap_pipeline.py
[2026-04-25T05:36:14.131+0000] {logging_mixin.py:188} INFO - [2026-04-25T05:36:14.131+0000] {dag.py:3089} INFO - Sync 1 DAGs
[2026-04-25T05:36:14.140+0000] {logging_mixin.py:188} INFO - [2026-04-25T05:36:14.140+0000] {dag.py:3947} INFO - Setting next_dagrun for accounts_payable_pipeline to 2026-04-25 00:00:00+00:00, run_after=2026-04-26 00:00:00+00:00
[2026-04-25T05:36:14.146+0000] {processor.py:183} INFO - Processing /opt/airflow/dags/ap_pipeline.py took 0.035 seconds
[2026-04-25T05:36:44.793+0000] {processor.py:161} INFO - Started process (PID=6291) to work on /opt/airflow/dags/ap_pipeline.py
[2026-04-25T05:36:44.795+0000] {processor.py:830} INFO - Processing file /opt/airflow/dags/ap_pipeline.py for tasks to queue
[2026-04-25T05:36:44.796+0000] {logging_mixin.py:188} INFO - [2026-04-25T05:36:44.796+0000] {dagbag.py:545} INFO - Filling up the DagBag from /opt/airflow/dags/ap_pipeline.py
[2026-04-25T05:36:44.800+0000] {processor.py:840} INFO - DAG(s) 'accounts_payable_pipeline' retrieved from /opt/airflow/dags/ap_pipeline.py
[2026-04-25T05:36:44.810+0000] {logging_mixin.py:188} INFO - [2026-04-25T05:36:44.810+0000] {dag.py:3089} INFO - Sync 1 DAGs
[2026-04-25T05:36:44.820+0000] {logging_mixin.py:188} INFO - [2026-04-25T05:36:44.820+0000] {dag.py:3947} INFO - Setting next_dagrun for accounts_payable_pipeline to 2026-04-25 00:00:00+00:00, run_after=2026-04-26 00:00:00+00:00
[2026-04-25T05:36:44.827+0000] {processor.py:183} INFO - Processing /opt/airflow/dags/ap_pipeline.py took 0.039 seconds
[2026-04-25T05:37:15.240+0000] {processor.py:161} INFO - Started process (PID=6350) to work on /opt/airflow/dags/ap_pipeline.py
[2026-04-25T05:37:15.241+0000] {processor.py:830} INFO - Processing file /opt/airflow/dags/ap_pipeline.py for tasks to queue
[2026-04-25T05:37:15.242+0000] {logging_mixin.py:188} INFO - [2026-04-25T05:37:15.242+0000] {dagbag.py:545} INFO - Filling up the DagBag from /opt/airflow/dags/ap_pipeline.py
[2026-04-25T05:37:15.246+0000] {processor.py:840} INFO - DAG(s) 'accounts_payable_pipeline' retrieved from /opt/airflow/dags/ap_pipeline.py
[2026-04-25T05:37:15.256+0000] {logging_mixin.py:188} INFO - [2026-04-25T05:37:15.256+0000] {dag.py:3089} INFO - Sync 1 DAGs
[2026-04-25T05:37:15.265+0000] {logging_mixin.py:188} INFO - [2026-04-25T05:37:15.265+0000] {dag.py:3947} INFO - Setting next_dagrun for accounts_payable_pipeline to 2026-04-25 00:00:00+00:00, run_after=2026-04-26 00:00:00+00:00
[2026-04-25T05:37:15.272+0000] {processor.py:183} INFO - Processing /opt/airflow/dags/ap_pipeline.py took 0.037 seconds
[2026-04-25T05:37:45.421+0000] {processor.py:161} INFO - Started process (PID=6409) to work on /opt/airflow/dags/ap_pipeline.py
[2026-04-25T05:37:45.422+0000] {processor.py:830} INFO - Processing file /opt/airflow/dags/ap_pipeline.py for tasks to queue
[2026-04-25T05:37:45.423+0000] {logging_mixin.py:188} INFO - [2026-04-25T05:37:45.423+0000] {dagbag.py:545} INFO - Filling up the DagBag from /opt/airflow/dags/ap_pipeline.py
[2026-04-25T05:37:45.427+0000] {processor.py:840} INFO - DAG(s) 'accounts_payable_pipeline' retrieved from /opt/airflow/dags/ap_pipeline.py
[2026-04-25T05:37:45.437+0000] {logging_mixin.py:188} INFO - [2026-04-25T05:37:45.437+0000] {dag.py:3089} INFO - Sync 1 DAGs
[2026-04-25T05:37:45.447+0000] {logging_mixin.py:188} INFO - [2026-04-25T05:37:45.447+0000] {dag.py:3947} INFO - Setting next_dagrun for accounts_payable_pipeline to 2026-04-25 00:00:00+00:00, run_after=2026-04-26 00:00:00+00:00
[2026-04-25T05:37:45.454+0000] {processor.py:183} INFO - Processing /opt/airflow/dags/ap_pipeline.py took 0.038 seconds
[2026-04-25T05:38:15.875+0000] {processor.py:161} INFO - Started process (PID=6468) to work on /opt/airflow/dags/ap_pipeline.py
[2026-04-25T05:38:15.876+0000] {processor.py:830} INFO - Processing file /opt/airflow/dags/ap_pipeline.py for tasks to queue
[2026-04-25T05:38:15.877+0000] {logging_mixin.py:188} INFO - [2026-04-25T05:38:15.877+0000] {dagbag.py:545} INFO - Filling up the DagBag from /opt/airflow/dags/ap_pipeline.py
[2026-04-25T05:38:15.880+0000] {processor.py:840} INFO - DAG(s) 'accounts_payable_pipeline' retrieved from /opt/airflow/dags/ap_pipeline.py
[2026-04-25T05:38:15.888+0000] {logging_mixin.py:188} INFO - [2026-04-25T05:38:15.888+0000] {dag.py:3089} INFO - Sync 1 DAGs
[2026-04-25T05:38:15.896+0000] {logging_mixin.py:188} INFO - [2026-04-25T05:38:15.896+0000] {dag.py:3947} INFO - Setting next_dagrun for accounts_payable_pipeline to 2026-04-25 00:00:00+00:00, run_after=2026-04-26 00:00:00+00:00
[2026-04-25T05:38:15.902+0000] {processor.py:183} INFO - Processing /opt/airflow/dags/ap_pipeline.py took 0.031 seconds
[2026-04-25T05:38:46.458+0000] {processor.py:161} INFO - Started process (PID=6527) to work on /opt/airflow/dags/ap_pipeline.py
[2026-04-25T05:38:46.459+0000] {processor.py:830} INFO - Processing file /opt/airflow/dags/ap_pipeline.py for tasks to queue
[2026-04-25T05:38:46.460+0000] {logging_mixin.py:188} INFO - [2026-04-25T05:38:46.460+0000] {dagbag.py:545} INFO - Filling up the DagBag from /opt/airflow/dags/ap_pipeline.py
[2026-04-25T05:38:46.463+0000] {processor.py:840} INFO - DAG(s) 'accounts_payable_pipeline' retrieved from /opt/airflow/dags/ap_pipeline.py
[2026-04-25T05:38:46.472+0000] {logging_mixin.py:188} INFO - [2026-04-25T05:38:46.472+0000] {dag.py:3089} INFO - Sync 1 DAGs
[2026-04-25T05:38:46.482+0000] {logging_mixin.py:188} INFO - [2026-04-25T05:38:46.482+0000] {dag.py:3947} INFO - Setting next_dagrun for accounts_payable_pipeline to 2026-04-25 00:00:00+00:00, run_after=2026-04-26 00:00:00+00:00
[2026-04-25T05:38:46.490+0000] {processor.py:183} INFO - Processing /opt/airflow/dags/ap_pipeline.py took 0.036 seconds
[2026-04-25T05:39:17.128+0000] {processor.py:161} INFO - Started process (PID=6586) to work on /opt/airflow/dags/ap_pipeline.py
[2026-04-25T05:39:17.129+0000] {processor.py:830} INFO - Processing file /opt/airflow/dags/ap_pipeline.py for tasks to queue
[2026-04-25T05:39:17.130+0000] {logging_mixin.py:188} INFO - [2026-04-25T05:39:17.129+0000] {dagbag.py:545} INFO - Filling up the DagBag from /opt/airflow/dags/ap_pipeline.py
[2026-04-25T05:39:17.133+0000] {processor.py:840} INFO - DAG(s) 'accounts_payable_pipeline' retrieved from /opt/airflow/dags/ap_pipeline.py
[2026-04-25T05:39:17.144+0000] {logging_mixin.py:188} INFO - [2026-04-25T05:39:17.144+0000] {dag.py:3089} INFO - Sync 1 DAGs
[2026-04-25T05:39:17.155+0000] {logging_mixin.py:188} INFO - [2026-04-25T05:39:17.155+0000] {dag.py:3947} INFO - Setting next_dagrun for accounts_payable_pipeline to 2026-04-25 00:00:00+00:00, run_after=2026-04-26 00:00:00+00:00
[2026-04-25T05:39:17.163+0000] {processor.py:183} INFO - Processing /opt/airflow/dags/ap_pipeline.py took 0.040 seconds
[2026-04-25T05:39:47.752+0000] {processor.py:161} INFO - Started process (PID=6645) to work on /opt/airflow/dags/ap_pipeline.py
[2026-04-25T05:39:47.753+0000] {processor.py:830} INFO - Processing file /opt/airflow/dags/ap_pipeline.py for tasks to queue
[2026-04-25T05:39:47.754+0000] {logging_mixin.py:188} INFO - [2026-04-25T05:39:47.754+0000] {dagbag.py:545} INFO - Filling up the DagBag from /opt/airflow/dags/ap_pipeline.py
[2026-04-25T05:39:47.759+0000] {processor.py:840} INFO - DAG(s) 'accounts_payable_pipeline' retrieved from /opt/airflow/dags/ap_pipeline.py
[2026-04-25T05:39:47.774+0000] {logging_mixin.py:188} INFO - [2026-04-25T05:39:47.774+0000] {dag.py:3089} INFO - Sync 1 DAGs
[2026-04-25T05:39:47.787+0000] {logging_mixin.py:188} INFO - [2026-04-25T05:39:47.787+0000] {dag.py:3947} INFO - Setting next_dagrun for accounts_payable_pipeline to 2026-04-25 00:00:00+00:00, run_after=2026-04-26 00:00:00+00:00
[2026-04-25T05:39:47.796+0000] {processor.py:183} INFO - Processing /opt/airflow/dags/ap_pipeline.py took 0.049 seconds
[2026-04-25T05:40:18.311+0000] {processor.py:161} INFO - Started process (PID=6704) to work on /opt/airflow/dags/ap_pipeline.py
[2026-04-25T05:40:18.312+0000] {processor.py:830} INFO - Processing file /opt/airflow/dags/ap_pipeline.py for tasks to queue
[2026-04-25T05:40:18.313+0000] {logging_mixin.py:188} INFO - [2026-04-25T05:40:18.313+0000] {dagbag.py:545} INFO - Filling up the DagBag from /opt/airflow/dags/ap_pipeline.py
[2026-04-25T05:40:18.317+0000] {processor.py:840} INFO - DAG(s) 'accounts_payable_pipeline' retrieved from /opt/airflow/dags/ap_pipeline.py
[2026-04-25T05:40:18.325+0000] {logging_mixin.py:188} INFO - [2026-04-25T05:40:18.325+0000] {dag.py:3089} INFO - Sync 1 DAGs
[2026-04-25T05:40:18.334+0000] {logging_mixin.py:188} INFO - [2026-04-25T05:40:18.334+0000] {dag.py:3947} INFO - Setting next_dagrun for accounts_payable_pipeline to 2026-04-25 00:00:00+00:00, run_after=2026-04-26 00:00:00+00:00
[2026-04-25T05:40:18.341+0000] {processor.py:183} INFO - Processing /opt/airflow/dags/ap_pipeline.py took 0.035 seconds
[2026-04-25T05:40:48.993+0000] {processor.py:161} INFO - Started process (PID=6763) to work on /opt/airflow/dags/ap_pipeline.py
[2026-04-25T05:40:48.995+0000] {processor.py:830} INFO - Processing file /opt/airflow/dags/ap_pipeline.py for tasks to queue
[2026-04-25T05:40:48.998+0000] {logging_mixin.py:188} INFO - [2026-04-25T05:40:48.997+0000] {dagbag.py:545} INFO - Filling up the DagBag from /opt/airflow/dags/ap_pipeline.py
[2026-04-25T05:40:49.007+0000] {processor.py:840} INFO - DAG(s) 'accounts_payable_pipeline' retrieved from /opt/airflow/dags/ap_pipeline.py
[2026-04-25T05:40:49.028+0000] {logging_mixin.py:188} INFO - [2026-04-25T05:40:49.028+0000] {dag.py:3089} INFO - Sync 1 DAGs
[2026-04-25T05:40:49.048+0000] {logging_mixin.py:188} INFO - [2026-04-25T05:40:49.048+0000] {dag.py:3947} INFO - Setting next_dagrun for accounts_payable_pipeline to 2026-04-25 00:00:00+00:00, run_after=2026-04-26 00:00:00+00:00
[2026-04-25T05:40:49.062+0000] {processor.py:183} INFO - Processing /opt/airflow/dags/ap_pipeline.py took 0.077 seconds
[2026-04-25T05:41:19.576+0000] {processor.py:161} INFO - Started process (PID=6822) to work on /opt/airflow/dags/ap_pipeline.py
[2026-04-25T05:41:19.577+0000] {processor.py:830} INFO - Processing file /opt/airflow/dags/ap_pipeline.py for tasks to queue
[2026-04-25T05:41:19.578+0000] {logging_mixin.py:188} INFO - [2026-04-25T05:41:19.578+0000] {dagbag.py:545} INFO - Filling up the DagBag from /opt/airflow/dags/ap_pipeline.py
[2026-04-25T05:41:19.583+0000] {processor.py:840} INFO - DAG(s) 'accounts_payable_pipeline' retrieved from /opt/airflow/dags/ap_pipeline.py
[2026-04-25T05:41:19.592+0000] {logging_mixin.py:188} INFO - [2026-04-25T05:41:19.592+0000] {dag.py:3089} INFO - Sync 1 DAGs
[2026-04-25T05:41:19.601+0000] {logging_mixin.py:188} INFO - [2026-04-25T05:41:19.601+0000] {dag.py:3947} INFO - Setting next_dagrun for accounts_payable_pipeline to 2026-04-25 00:00:00+00:00, run_after=2026-04-26 00:00:00+00:00
[2026-04-25T05:41:19.607+0000] {processor.py:183} INFO - Processing /opt/airflow/dags/ap_pipeline.py took 0.035 seconds
[2026-04-25T05:41:50.470+0000] {processor.py:161} INFO - Started process (PID=6881) to work on /opt/airflow/dags/ap_pipeline.py
[2026-04-25T05:41:50.471+0000] {processor.py:830} INFO - Processing file /opt/airflow/dags/ap_pipeline.py for tasks to queue
[2026-04-25T05:41:50.473+0000] {logging_mixin.py:188} INFO - [2026-04-25T05:41:50.472+0000] {dagbag.py:545} INFO - Filling up the DagBag from /opt/airflow/dags/ap_pipeline.py
[2026-04-25T05:41:50.477+0000] {processor.py:840} INFO - DAG(s) 'accounts_payable_pipeline' retrieved from /opt/airflow/dags/ap_pipeline.py
[2026-04-25T05:41:50.491+0000] {logging_mixin.py:188} INFO - [2026-04-25T05:41:50.490+0000] {dag.py:3089} INFO - Sync 1 DAGs
[2026-04-25T05:41:50.505+0000] {logging_mixin.py:188} INFO - [2026-04-25T05:41:50.505+0000] {dag.py:3947} INFO - Setting next_dagrun for accounts_payable_pipeline to 2026-04-25 00:00:00+00:00, run_after=2026-04-26 00:00:00+00:00
[2026-04-25T05:41:50.513+0000] {processor.py:183} INFO - Processing /opt/airflow/dags/ap_pipeline.py took 0.048 seconds
[2026-04-25T05:42:21.097+0000] {processor.py:161} INFO - Started process (PID=6940) to work on /opt/airflow/dags/ap_pipeline.py
[2026-04-25T05:42:21.099+0000] {processor.py:830} INFO - Processing file /opt/airflow/dags/ap_pipeline.py for tasks to queue
[2026-04-25T05:42:21.100+0000] {logging_mixin.py:188} INFO - [2026-04-25T05:42:21.100+0000] {dagbag.py:545} INFO - Filling up the DagBag from /opt/airflow/dags/ap_pipeline.py
[2026-04-25T05:42:21.106+0000] {processor.py:840} INFO - DAG(s) 'accounts_payable_pipeline' retrieved from /opt/airflow/dags/ap_pipeline.py
[2026-04-25T05:42:21.120+0000] {logging_mixin.py:188} INFO - [2026-04-25T05:42:21.120+0000] {dag.py:3089} INFO - Sync 1 DAGs
[2026-04-25T05:42:21.130+0000] {logging_mixin.py:188} INFO - [2026-04-25T05:42:21.130+0000] {dag.py:3947} INFO - Setting next_dagrun for accounts_payable_pipeline to 2026-04-25 00:00:00+00:00, run_after=2026-04-26 00:00:00+00:00
[2026-04-25T05:42:21.137+0000] {processor.py:183} INFO - Processing /opt/airflow/dags/ap_pipeline.py took 0.048 seconds
[2026-04-25T05:42:51.790+0000] {processor.py:161} INFO - Started process (PID=6999) to work on /opt/airflow/dags/ap_pipeline.py
[2026-04-25T05:42:51.790+0000] {processor.py:830} INFO - Processing file /opt/airflow/dags/ap_pipeline.py for tasks to queue
[2026-04-25T05:42:51.792+0000] {logging_mixin.py:188} INFO - [2026-04-25T05:42:51.792+0000] {dagbag.py:545} INFO - Filling up the DagBag from /opt/airflow/dags/ap_pipeline.py
[2026-04-25T05:42:51.796+0000] {processor.py:840} INFO - DAG(s) 'accounts_payable_pipeline' retrieved from /opt/airflow/dags/ap_pipeline.py
[2026-04-25T05:42:51.809+0000] {logging_mixin.py:188} INFO - [2026-04-25T05:42:51.809+0000] {dag.py:3089} INFO - Sync 1 DAGs
[2026-04-25T05:42:51.819+0000] {logging_mixin.py:188} INFO - [2026-04-25T05:42:51.819+0000] {dag.py:3947} INFO - Setting next_dagrun for accounts_payable_pipeline to 2026-04-25 00:00:00+00:00, run_after=2026-04-26 00:00:00+00:00
[2026-04-25T05:42:51.826+0000] {processor.py:183} INFO - Processing /opt/airflow/dags/ap_pipeline.py took 0.042 seconds
[2026-04-25T05:43:21.929+0000] {processor.py:161} INFO - Started process (PID=7058) to work on /opt/airflow/dags/ap_pipeline.py
[2026-04-25T05:43:21.931+0000] {processor.py:830} INFO - Processing file /opt/airflow/dags/ap_pipeline.py for tasks to queue
[2026-04-25T05:43:21.932+0000] {logging_mixin.py:188} INFO - [2026-04-25T05:43:21.931+0000] {dagbag.py:545} INFO - Filling up the DagBag from /opt/airflow/dags/ap_pipeline.py
[2026-04-25T05:43:21.935+0000] {processor.py:840} INFO - DAG(s) 'accounts_payable_pipeline' retrieved from /opt/airflow/dags/ap_pipeline.py
[2026-04-25T05:43:21.945+0000] {logging_mixin.py:188} INFO - [2026-04-25T05:43:21.945+0000] {dag.py:3089} INFO - Sync 1 DAGs
[2026-04-25T05:43:21.955+0000] {logging_mixin.py:188} INFO - [2026-04-25T05:43:21.955+0000] {dag.py:3947} INFO - Setting next_dagrun for accounts_payable_pipeline to 2026-04-25 00:00:00+00:00, run_after=2026-04-26 00:00:00+00:00
[2026-04-25T05:43:21.962+0000] {processor.py:183} INFO - Processing /opt/airflow/dags/ap_pipeline.py took 0.038 seconds
[2026-04-25T05:43:52.660+0000] {processor.py:161} INFO - Started process (PID=7117) to work on /opt/airflow/dags/ap_pipeline.py
[2026-04-25T05:43:52.661+0000] {processor.py:830} INFO - Processing file /opt/airflow/dags/ap_pipeline.py for tasks to queue
[2026-04-25T05:43:52.662+0000] {logging_mixin.py:188} INFO - [2026-04-25T05:43:52.662+0000] {dagbag.py:545} INFO - Filling up the DagBag from /opt/airflow/dags/ap_pipeline.py
[2026-04-25T05:43:52.666+0000] {processor.py:840} INFO - DAG(s) 'accounts_payable_pipeline' retrieved from /opt/airflow/dags/ap_pipeline.py
[2026-04-25T05:43:52.676+0000] {logging_mixin.py:188} INFO - [2026-04-25T05:43:52.676+0000] {dag.py:3089} INFO - Sync 1 DAGs
[2026-04-25T05:43:52.685+0000] {logging_mixin.py:188} INFO - [2026-04-25T05:43:52.685+0000] {dag.py:3947} INFO - Setting next_dagrun for accounts_payable_pipeline to 2026-04-25 00:00:00+00:00, run_after=2026-04-26 00:00:00+00:00
[2026-04-25T05:43:52.692+0000] {processor.py:183} INFO - Processing /opt/airflow/dags/ap_pipeline.py took 0.037 seconds
[2026-04-25T05:44:23.272+0000] {processor.py:161} INFO - Started process (PID=7176) to work on /opt/airflow/dags/ap_pipeline.py
[2026-04-25T05:44:23.273+0000] {processor.py:830} INFO - Processing file /opt/airflow/dags/ap_pipeline.py for tasks to queue
[2026-04-25T05:44:23.274+0000] {logging_mixin.py:188} INFO - [2026-04-25T05:44:23.274+0000] {dagbag.py:545} INFO - Filling up the DagBag from /opt/airflow/dags/ap_pipeline.py
[2026-04-25T05:44:23.277+0000] {processor.py:840} INFO - DAG(s) 'accounts_payable_pipeline' retrieved from /opt/airflow/dags/ap_pipeline.py
[2026-04-25T05:44:23.287+0000] {logging_mixin.py:188} INFO - [2026-04-25T05:44:23.287+0000] {dag.py:3089} INFO - Sync 1 DAGs
[2026-04-25T05:44:23.296+0000] {logging_mixin.py:188} INFO - [2026-04-25T05:44:23.296+0000] {dag.py:3947} INFO - Setting next_dagrun for accounts_payable_pipeline to 2026-04-25 00:00:00+00:00, run_after=2026-04-26 00:00:00+00:00
[2026-04-25T05:44:23.302+0000] {processor.py:183} INFO - Processing /opt/airflow/dags/ap_pipeline.py took 0.035 seconds
[2026-04-25T05:44:53.879+0000] {processor.py:161} INFO - Started process (PID=7235) to work on /opt/airflow/dags/ap_pipeline.py
[2026-04-25T05:44:53.880+0000] {processor.py:830} INFO - Processing file /opt/airflow/dags/ap_pipeline.py for tasks to queue
[2026-04-25T05:44:53.881+0000] {logging_mixin.py:188} INFO - [2026-04-25T05:44:53.881+0000] {dagbag.py:545} INFO - Filling up the DagBag from /opt/airflow/dags/ap_pipeline.py
[2026-04-25T05:44:53.885+0000] {processor.py:840} INFO - DAG(s) 'accounts_payable_pipeline' retrieved from /opt/airflow/dags/ap_pipeline.py
[2026-04-25T05:44:53.896+0000] {logging_mixin.py:188} INFO - [2026-04-25T05:44:53.896+0000] {dag.py:3089} INFO - Sync 1 DAGs
[2026-04-25T05:44:53.907+0000] {logging_mixin.py:188} INFO - [2026-04-25T05:44:53.907+0000] {dag.py:3947} INFO - Setting next_dagrun for accounts_payable_pipeline to 2026-04-25 00:00:00+00:00, run_after=2026-04-26 00:00:00+00:00
[2026-04-25T05:44:53.914+0000] {processor.py:183} INFO - Processing /opt/airflow/dags/ap_pipeline.py took 0.041 seconds
[2026-04-25T05:45:24.611+0000] {processor.py:161} INFO - Started process (PID=7294) to work on /opt/airflow/dags/ap_pipeline.py
[2026-04-25T05:45:24.612+0000] {processor.py:830} INFO - Processing file /opt/airflow/dags/ap_pipeline.py for tasks to queue
[2026-04-25T05:45:24.613+0000] {logging_mixin.py:188} INFO - [2026-04-25T05:45:24.613+0000] {dagbag.py:545} INFO - Filling up the DagBag from /opt/airflow/dags/ap_pipeline.py
[2026-04-25T05:45:24.617+0000] {processor.py:840} INFO - DAG(s) 'accounts_payable_pipeline' retrieved from /opt/airflow/dags/ap_pipeline.py
[2026-04-25T05:45:24.627+0000] {logging_mixin.py:188} INFO - [2026-04-25T05:45:24.627+0000] {dag.py:3089} INFO - Sync 1 DAGs
[2026-04-25T05:45:24.638+0000] {logging_mixin.py:188} INFO - [2026-04-25T05:45:24.638+0000] {dag.py:3947} INFO - Setting next_dagrun for accounts_payable_pipeline to 2026-04-25 00:00:00+00:00, run_after=2026-04-26 00:00:00+00:00
[2026-04-25T05:45:24.645+0000] {processor.py:183} INFO - Processing /opt/airflow/dags/ap_pipeline.py took 0.039 seconds
[2026-04-25T05:45:55.412+0000] {processor.py:161} INFO - Started process (PID=7353) to work on /opt/airflow/dags/ap_pipeline.py
[2026-04-25T05:45:55.413+0000] {processor.py:830} INFO - Processing file /opt/airflow/dags/ap_pipeline.py for tasks to queue
[2026-04-25T05:45:55.414+0000] {logging_mixin.py:188} INFO - [2026-04-25T05:45:55.414+0000] {dagbag.py:545} INFO - Filling up the DagBag from /opt/airflow/dags/ap_pipeline.py
[2026-04-25T05:45:55.418+0000] {processor.py:840} INFO - DAG(s) 'accounts_payable_pipeline' retrieved from /opt/airflow/dags/ap_pipeline.py
[2026-04-25T05:45:55.428+0000] {logging_mixin.py:188} INFO - [2026-04-25T05:45:55.428+0000] {dag.py:3089} INFO - Sync 1 DAGs
[2026-04-25T05:45:55.440+0000] {logging_mixin.py:188} INFO - [2026-04-25T05:45:55.440+0000] {dag.py:3947} INFO - Setting next_dagrun for accounts_payable_pipeline to 2026-04-25 00:00:00+00:00, run_after=2026-04-26 00:00:00+00:00
[2026-04-25T05:45:55.449+0000] {processor.py:183} INFO - Processing /opt/airflow/dags/ap_pipeline.py took 0.043 seconds
[2026-04-25T05:46:26.110+0000] {processor.py:161} INFO - Started process (PID=7412) to work on /opt/airflow/dags/ap_pipeline.py
[2026-04-25T05:46:26.111+0000] {processor.py:830} INFO - Processing file /opt/airflow/dags/ap_pipeline.py for tasks to queue
[2026-04-25T05:46:26.112+0000] {logging_mixin.py:188} INFO - [2026-04-25T05:46:26.112+0000] {dagbag.py:545} INFO - Filling up the DagBag from /opt/airflow/dags/ap_pipeline.py
[2026-04-25T05:46:26.115+0000] {processor.py:840} INFO - DAG(s) 'accounts_payable_pipeline' retrieved from /opt/airflow/dags/ap_pipeline.py
[2026-04-25T05:46:26.124+0000] {logging_mixin.py:188} INFO - [2026-04-25T05:46:26.123+0000] {dag.py:3089} INFO - Sync 1 DAGs
[2026-04-25T05:46:26.132+0000] {logging_mixin.py:188} INFO - [2026-04-25T05:46:26.132+0000] {dag.py:3947} INFO - Setting next_dagrun for accounts_payable_pipeline to 2026-04-25 00:00:00+00:00, run_after=2026-04-26 00:00:00+00:00
[2026-04-25T05:46:26.138+0000] {processor.py:183} INFO - Processing /opt/airflow/dags/ap_pipeline.py took 0.033 seconds
[2026-04-25T05:46:56.734+0000] {processor.py:161} INFO - Started process (PID=7471) to work on /opt/airflow/dags/ap_pipeline.py
[2026-04-25T05:46:56.735+0000] {processor.py:830} INFO - Processing file /opt/airflow/dags/ap_pipeline.py for tasks to queue
[2026-04-25T05:46:56.736+0000] {logging_mixin.py:188} INFO - [2026-04-25T05:46:56.736+0000] {dagbag.py:545} INFO - Filling up the DagBag from /opt/airflow/dags/ap_pipeline.py
[2026-04-25T05:46:56.740+0000] {processor.py:840} INFO - DAG(s) 'accounts_payable_pipeline' retrieved from /opt/airflow/dags/ap_pipeline.py
[2026-04-25T05:46:56.750+0000] {logging_mixin.py:188} INFO - [2026-04-25T05:46:56.750+0000] {dag.py:3089} INFO - Sync 1 DAGs
[2026-04-25T05:46:56.759+0000] {logging_mixin.py:188} INFO - [2026-04-25T05:46:56.759+0000] {dag.py:3947} INFO - Setting next_dagrun for accounts_payable_pipeline to 2026-04-25 00:00:00+00:00, run_after=2026-04-26 00:00:00+00:00
[2026-04-25T05:46:56.766+0000] {processor.py:183} INFO - Processing /opt/airflow/dags/ap_pipeline.py took 0.037 seconds
[2026-04-25T05:47:27.515+0000] {processor.py:161} INFO - Started process (PID=7530) to work on /opt/airflow/dags/ap_pipeline.py
[2026-04-25T05:47:27.516+0000] {processor.py:830} INFO - Processing file /opt/airflow/dags/ap_pipeline.py for tasks to queue
[2026-04-25T05:47:27.517+0000] {logging_mixin.py:188} INFO - [2026-04-25T05:47:27.517+0000] {dagbag.py:545} INFO - Filling up the DagBag from /opt/airflow/dags/ap_pipeline.py
[2026-04-25T05:47:27.521+0000] {processor.py:840} INFO - DAG(s) 'accounts_payable_pipeline' retrieved from /opt/airflow/dags/ap_pipeline.py
[2026-04-25T05:47:27.530+0000] {logging_mixin.py:188} INFO - [2026-04-25T05:47:27.530+0000] {dag.py:3089} INFO - Sync 1 DAGs
[2026-04-25T05:47:27.539+0000] {logging_mixin.py:188} INFO - [2026-04-25T05:47:27.539+0000] {dag.py:3947} INFO - Setting next_dagrun for accounts_payable_pipeline to 2026-04-25 00:00:00+00:00, run_after=2026-04-26 00:00:00+00:00
[2026-04-25T05:47:27.545+0000] {processor.py:183} INFO - Processing /opt/airflow/dags/ap_pipeline.py took 0.035 seconds
[2026-04-25T05:47:58.201+0000] {processor.py:161} INFO - Started process (PID=7589) to work on /opt/airflow/dags/ap_pipeline.py
[2026-04-25T05:47:58.201+0000] {processor.py:830} INFO - Processing file /opt/airflow/dags/ap_pipeline.py for tasks to queue
[2026-04-25T05:47:58.203+0000] {logging_mixin.py:188} INFO - [2026-04-25T05:47:58.202+0000] {dagbag.py:545} INFO - Filling up the DagBag from /opt/airflow/dags/ap_pipeline.py
[2026-04-25T05:47:58.207+0000] {processor.py:840} INFO - DAG(s) 'accounts_payable_pipeline' retrieved from /opt/airflow/dags/ap_pipeline.py
[2026-04-25T05:47:58.217+0000] {logging_mixin.py:188} INFO - [2026-04-25T05:47:58.217+0000] {dag.py:3089} INFO - Sync 1 DAGs
[2026-04-25T05:47:58.231+0000] {logging_mixin.py:188} INFO - [2026-04-25T05:47:58.231+0000] {dag.py:3947} INFO - Setting next_dagrun for accounts_payable_pipeline to 2026-04-25 00:00:00+00:00, run_after=2026-04-26 00:00:00+00:00
[2026-04-25T05:47:58.239+0000] {processor.py:183} INFO - Processing /opt/airflow/dags/ap_pipeline.py took 0.043 seconds
[2026-04-25T05:48:28.841+0000] {processor.py:161} INFO - Started process (PID=7648) to work on /opt/airflow/dags/ap_pipeline.py
[2026-04-25T05:48:28.842+0000] {processor.py:830} INFO - Processing file /opt/airflow/dags/ap_pipeline.py for tasks to queue
[2026-04-25T05:48:28.843+0000] {logging_mixin.py:188} INFO - [2026-04-25T05:48:28.843+0000] {dagbag.py:545} INFO - Filling up the DagBag from /opt/airflow/dags/ap_pipeline.py
[2026-04-25T05:48:28.848+0000] {processor.py:840} INFO - DAG(s) 'accounts_payable_pipeline' retrieved from /opt/airflow/dags/ap_pipeline.py
[2026-04-25T05:48:28.857+0000] {logging_mixin.py:188} INFO - [2026-04-25T05:48:28.857+0000] {dag.py:3089} INFO - Sync 1 DAGs
[2026-04-25T05:48:28.866+0000] {logging_mixin.py:188} INFO - [2026-04-25T05:48:28.866+0000] {dag.py:3947} INFO - Setting next_dagrun for accounts_payable_pipeline to 2026-04-25 00:00:00+00:00, run_after=2026-04-26 00:00:00+00:00
[2026-04-25T05:48:28.873+0000] {processor.py:183} INFO - Processing /opt/airflow/dags/ap_pipeline.py took 0.035 seconds
[2026-04-25T05:48:59.510+0000] {processor.py:161} INFO - Started process (PID=7707) to work on /opt/airflow/dags/ap_pipeline.py
[2026-04-25T05:48:59.510+0000] {processor.py:830} INFO - Processing file /opt/airflow/dags/ap_pipeline.py for tasks to queue
[2026-04-25T05:48:59.511+0000] {logging_mixin.py:188} INFO - [2026-04-25T05:48:59.511+0000] {dagbag.py:545} INFO - Filling up the DagBag from /opt/airflow/dags/ap_pipeline.py
[2026-04-25T05:48:59.514+0000] {processor.py:840} INFO - DAG(s) 'accounts_payable_pipeline' retrieved from /opt/airflow/dags/ap_pipeline.py
[2026-04-25T05:48:59.523+0000] {logging_mixin.py:188} INFO - [2026-04-25T05:48:59.523+0000] {dag.py:3089} INFO - Sync 1 DAGs
[2026-04-25T05:48:59.532+0000] {logging_mixin.py:188} INFO - [2026-04-25T05:48:59.531+0000] {dag.py:3947} INFO - Setting next_dagrun for accounts_payable_pipeline to 2026-04-25 00:00:00+00:00, run_after=2026-04-26 00:00:00+00:00
[2026-04-25T05:48:59.538+0000] {processor.py:183} INFO - Processing /opt/airflow/dags/ap_pipeline.py took 0.033 seconds
[2026-04-25T05:49:30.133+0000] {processor.py:161} INFO - Started process (PID=7766) to work on /opt/airflow/dags/ap_pipeline.py
[2026-04-25T05:49:30.134+0000] {processor.py:830} INFO - Processing file /opt/airflow/dags/ap_pipeline.py for tasks to queue
[2026-04-25T05:49:30.135+0000] {logging_mixin.py:188} INFO - [2026-04-25T05:49:30.135+0000] {dagbag.py:545} INFO - Filling up the DagBag from /opt/airflow/dags/ap_pipeline.py
[2026-04-25T05:49:30.140+0000] {processor.py:840} INFO - DAG(s) 'accounts_payable_pipeline' retrieved from /opt/airflow/dags/ap_pipeline.py
[2026-04-25T05:49:30.152+0000] {logging_mixin.py:188} INFO - [2026-04-25T05:49:30.152+0000] {dag.py:3089} INFO - Sync 1 DAGs
[2026-04-25T05:49:30.164+0000] {logging_mixin.py:188} INFO - [2026-04-25T05:49:30.164+0000] {dag.py:3947} INFO - Setting next_dagrun for accounts_payable_pipeline to 2026-04-25 00:00:00+00:00, run_after=2026-04-26 00:00:00+00:00
[2026-04-25T05:49:30.179+0000] {processor.py:183} INFO - Processing /opt/airflow/dags/ap_pipeline.py took 0.050 seconds
[2026-04-25T05:50:00.434+0000] {processor.py:161} INFO - Started process (PID=7825) to work on /opt/airflow/dags/ap_pipeline.py
[2026-04-25T05:50:00.435+0000] {processor.py:830} INFO - Processing file /opt/airflow/dags/ap_pipeline.py for tasks to queue
[2026-04-25T05:50:00.436+0000] {logging_mixin.py:188} INFO - [2026-04-25T05:50:00.436+0000] {dagbag.py:545} INFO - Filling up the DagBag from /opt/airflow/dags/ap_pipeline.py
[2026-04-25T05:50:00.443+0000] {processor.py:840} INFO - DAG(s) 'accounts_payable_pipeline' retrieved from /opt/airflow/dags/ap_pipeline.py
[2026-04-25T05:50:00.458+0000] {logging_mixin.py:188} INFO - [2026-04-25T05:50:00.458+0000] {dag.py:3089} INFO - Sync 1 DAGs
[2026-04-25T05:50:00.471+0000] {logging_mixin.py:188} INFO - [2026-04-25T05:50:00.471+0000] {dag.py:3947} INFO - Setting next_dagrun for accounts_payable_pipeline to 2026-04-25 00:00:00+00:00, run_after=2026-04-26 00:00:00+00:00
[2026-04-25T05:50:00.479+0000] {processor.py:183} INFO - Processing /opt/airflow/dags/ap_pipeline.py took 0.051 seconds
[2026-04-25T05:50:31.174+0000] {processor.py:161} INFO - Started process (PID=7884) to work on /opt/airflow/dags/ap_pipeline.py
[2026-04-25T05:50:31.175+0000] {processor.py:830} INFO - Processing file /opt/airflow/dags/ap_pipeline.py for tasks to queue
[2026-04-25T05:50:31.176+0000] {logging_mixin.py:188} INFO - [2026-04-25T05:50:31.176+0000] {dagbag.py:545} INFO - Filling up the DagBag from /opt/airflow/dags/ap_pipeline.py
[2026-04-25T05:50:31.180+0000] {processor.py:840} INFO - DAG(s) 'accounts_payable_pipeline' retrieved from /opt/airflow/dags/ap_pipeline.py
[2026-04-25T05:50:31.191+0000] {logging_mixin.py:188} INFO - [2026-04-25T05:50:31.190+0000] {dag.py:3089} INFO - Sync 1 DAGs
[2026-04-25T05:50:31.201+0000] {logging_mixin.py:188} INFO - [2026-04-25T05:50:31.201+0000] {dag.py:3947} INFO - Setting next_dagrun for accounts_payable_pipeline to 2026-04-25 00:00:00+00:00, run_after=2026-04-26 00:00:00+00:00
[2026-04-25T05:50:31.208+0000] {processor.py:183} INFO - Processing /opt/airflow/dags/ap_pipeline.py took 0.039 seconds
[2026-04-25T05:51:01.818+0000] {processor.py:161} INFO - Started process (PID=7943) to work on /opt/airflow/dags/ap_pipeline.py
[2026-04-25T05:51:01.819+0000] {processor.py:830} INFO - Processing file /opt/airflow/dags/ap_pipeline.py for tasks to queue
[2026-04-25T05:51:01.821+0000] {logging_mixin.py:188} INFO - [2026-04-25T05:51:01.821+0000] {dagbag.py:545} INFO - Filling up the DagBag from /opt/airflow/dags/ap_pipeline.py
[2026-04-25T05:51:01.827+0000] {processor.py:840} INFO - DAG(s) 'accounts_payable_pipeline' retrieved from /opt/airflow/dags/ap_pipeline.py
[2026-04-25T05:51:01.836+0000] {logging_mixin.py:188} INFO - [2026-04-25T05:51:01.836+0000] {dag.py:3089} INFO - Sync 1 DAGs
[2026-04-25T05:51:01.846+0000] {logging_mixin.py:188} INFO - [2026-04-25T05:51:01.846+0000] {dag.py:3947} INFO - Setting next_dagrun for accounts_payable_pipeline to 2026-04-25 00:00:00+00:00, run_after=2026-04-26 00:00:00+00:00
[2026-04-25T05:51:01.853+0000] {processor.py:183} INFO - Processing /opt/airflow/dags/ap_pipeline.py took 0.039 seconds
[2026-04-25T05:51:32.468+0000] {processor.py:161} INFO - Started process (PID=8002) to work on /opt/airflow/dags/ap_pipeline.py
[2026-04-25T05:51:32.469+0000] {processor.py:830} INFO - Processing file /opt/airflow/dags/ap_pipeline.py for tasks to queue
[2026-04-25T05:51:32.471+0000] {logging_mixin.py:188} INFO - [2026-04-25T05:51:32.470+0000] {dagbag.py:545} INFO - Filling up the DagBag from /opt/airflow/dags/ap_pipeline.py
[2026-04-25T05:51:32.475+0000] {processor.py:840} INFO - DAG(s) 'accounts_payable_pipeline' retrieved from /opt/airflow/dags/ap_pipeline.py
[2026-04-25T05:51:32.484+0000] {logging_mixin.py:188} INFO - [2026-04-25T05:51:32.484+0000] {dag.py:3089} INFO - Sync 1 DAGs
[2026-04-25T05:51:32.493+0000] {logging_mixin.py:188} INFO - [2026-04-25T05:51:32.492+0000] {dag.py:3947} INFO - Setting next_dagrun for accounts_payable_pipeline to 2026-04-25 00:00:00+00:00, run_after=2026-04-26 00:00:00+00:00
[2026-04-25T05:51:32.499+0000] {processor.py:183} INFO - Processing /opt/airflow/dags/ap_pipeline.py took 0.035 seconds
[2026-04-25T05:52:03.061+0000] {processor.py:161} INFO - Started process (PID=8061) to work on /opt/airflow/dags/ap_pipeline.py
[2026-04-25T05:52:03.062+0000] {processor.py:830} INFO - Processing file /opt/airflow/dags/ap_pipeline.py for tasks to queue
[2026-04-25T05:52:03.063+0000] {logging_mixin.py:188} INFO - [2026-04-25T05:52:03.063+0000] {dagbag.py:545} INFO - Filling up the DagBag from /opt/airflow/dags/ap_pipeline.py
[2026-04-25T05:52:03.067+0000] {processor.py:840} INFO - DAG(s) 'accounts_payable_pipeline' retrieved from /opt/airflow/dags/ap_pipeline.py
[2026-04-25T05:52:03.076+0000] {logging_mixin.py:188} INFO - [2026-04-25T05:52:03.076+0000] {dag.py:3089} INFO - Sync 1 DAGs
[2026-04-25T05:52:03.086+0000] {logging_mixin.py:188} INFO - [2026-04-25T05:52:03.086+0000] {dag.py:3947} INFO - Setting next_dagrun for accounts_payable_pipeline to 2026-04-25 00:00:00+00:00, run_after=2026-04-26 00:00:00+00:00
[2026-04-25T05:52:03.093+0000] {processor.py:183} INFO - Processing /opt/airflow/dags/ap_pipeline.py took 0.037 seconds
[2026-04-25T05:52:33.745+0000] {processor.py:161} INFO - Started process (PID=8120) to work on /opt/airflow/dags/ap_pipeline.py
[2026-04-25T05:52:33.746+0000] {processor.py:830} INFO - Processing file /opt/airflow/dags/ap_pipeline.py for tasks to queue
[2026-04-25T05:52:33.747+0000] {logging_mixin.py:188} INFO - [2026-04-25T05:52:33.747+0000] {dagbag.py:545} INFO - Filling up the DagBag from /opt/airflow/dags/ap_pipeline.py
[2026-04-25T05:52:33.750+0000] {processor.py:840} INFO - DAG(s) 'accounts_payable_pipeline' retrieved from /opt/airflow/dags/ap_pipeline.py
[2026-04-25T05:52:33.760+0000] {logging_mixin.py:188} INFO - [2026-04-25T05:52:33.759+0000] {dag.py:3089} INFO - Sync 1 DAGs
[2026-04-25T05:52:33.769+0000] {logging_mixin.py:188} INFO - [2026-04-25T05:52:33.769+0000] {dag.py:3947} INFO - Setting next_dagrun for accounts_payable_pipeline to 2026-04-25 00:00:00+00:00, run_after=2026-04-26 00:00:00+00:00
[2026-04-25T05:52:33.777+0000] {processor.py:183} INFO - Processing /opt/airflow/dags/ap_pipeline.py took 0.037 seconds
[2026-04-25T05:53:04.417+0000] {processor.py:161} INFO - Started process (PID=8179) to work on /opt/airflow/dags/ap_pipeline.py
[2026-04-25T05:53:04.418+0000] {processor.py:830} INFO - Processing file /opt/airflow/dags/ap_pipeline.py for tasks to queue
[2026-04-25T05:53:04.420+0000] {logging_mixin.py:188} INFO - [2026-04-25T05:53:04.419+0000] {dagbag.py:545} INFO - Filling up the DagBag from /opt/airflow/dags/ap_pipeline.py
[2026-04-25T05:53:04.427+0000] {processor.py:840} INFO - DAG(s) 'accounts_payable_pipeline' retrieved from /opt/airflow/dags/ap_pipeline.py
[2026-04-25T05:53:04.439+0000] {logging_mixin.py:188} INFO - [2026-04-25T05:53:04.439+0000] {dag.py:3089} INFO - Sync 1 DAGs
[2026-04-25T05:53:04.451+0000] {logging_mixin.py:188} INFO - [2026-04-25T05:53:04.451+0000] {dag.py:3947} INFO - Setting next_dagrun for accounts_payable_pipeline to 2026-04-25 00:00:00+00:00, run_after=2026-04-26 00:00:00+00:00
[2026-04-25T05:53:04.459+0000] {processor.py:183} INFO - Processing /opt/airflow/dags/ap_pipeline.py took 0.047 seconds
[2026-04-25T05:53:13.530+0000] {processor.py:161} INFO - Started process (PID=8186) to work on /opt/airflow/dags/ap_pipeline.py
[2026-04-25T05:53:13.532+0000] {processor.py:830} INFO - Processing file /opt/airflow/dags/ap_pipeline.py for tasks to queue
[2026-04-25T05:53:13.535+0000] {logging_mixin.py:188} INFO - [2026-04-25T05:53:13.534+0000] {dagbag.py:545} INFO - Filling up the DagBag from /opt/airflow/dags/ap_pipeline.py
[2026-04-25T05:53:13.544+0000] {processor.py:840} INFO - DAG(s) 'accounts_payable_pipeline' retrieved from /opt/airflow/dags/ap_pipeline.py
[2026-04-25T05:53:13.637+0000] {logging_mixin.py:188} INFO - [2026-04-25T05:53:13.637+0000] {dag.py:3089} INFO - Sync 1 DAGs
[2026-04-25T05:53:13.651+0000] {logging_mixin.py:188} INFO - [2026-04-25T05:53:13.651+0000] {dag.py:3947} INFO - Setting next_dagrun for accounts_payable_pipeline to 2026-04-25 00:00:00+00:00, run_after=2026-04-26 00:00:00+00:00
[2026-04-25T05:53:13.661+0000] {processor.py:183} INFO - Processing /opt/airflow/dags/ap_pipeline.py took 0.140 seconds
[2026-04-25T05:53:44.540+0000] {processor.py:161} INFO - Started process (PID=8245) to work on /opt/airflow/dags/ap_pipeline.py
[2026-04-25T05:53:44.541+0000] {processor.py:830} INFO - Processing file /opt/airflow/dags/ap_pipeline.py for tasks to queue
[2026-04-25T05:53:44.543+0000] {logging_mixin.py:188} INFO - [2026-04-25T05:53:44.542+0000] {dagbag.py:545} INFO - Filling up the DagBag from /opt/airflow/dags/ap_pipeline.py
[2026-04-25T05:53:44.548+0000] {processor.py:840} INFO - DAG(s) 'accounts_payable_pipeline' retrieved from /opt/airflow/dags/ap_pipeline.py
[2026-04-25T05:53:44.560+0000] {logging_mixin.py:188} INFO - [2026-04-25T05:53:44.560+0000] {dag.py:3089} INFO - Sync 1 DAGs
[2026-04-25T05:53:44.572+0000] {logging_mixin.py:188} INFO - [2026-04-25T05:53:44.572+0000] {dag.py:3947} INFO - Setting next_dagrun for accounts_payable_pipeline to 2026-04-25 00:00:00+00:00, run_after=2026-04-26 00:00:00+00:00
[2026-04-25T05:53:44.580+0000] {processor.py:183} INFO - Processing /opt/airflow/dags/ap_pipeline.py took 0.044 seconds
[2026-04-25T05:54:14.662+0000] {processor.py:161} INFO - Started process (PID=8304) to work on /opt/airflow/dags/ap_pipeline.py
[2026-04-25T05:54:14.663+0000] {processor.py:830} INFO - Processing file /opt/airflow/dags/ap_pipeline.py for tasks to queue
[2026-04-25T05:54:14.665+0000] {logging_mixin.py:188} INFO - [2026-04-25T05:54:14.664+0000] {dagbag.py:545} INFO - Filling up the DagBag from /opt/airflow/dags/ap_pipeline.py
[2026-04-25T05:54:14.672+0000] {processor.py:840} INFO - DAG(s) 'accounts_payable_pipeline' retrieved from /opt/airflow/dags/ap_pipeline.py
[2026-04-25T05:54:14.689+0000] {logging_mixin.py:188} INFO - [2026-04-25T05:54:14.689+0000] {dag.py:3089} INFO - Sync 1 DAGs
[2026-04-25T05:54:14.710+0000] {logging_mixin.py:188} INFO - [2026-04-25T05:54:14.710+0000] {dag.py:3947} INFO - Setting next_dagrun for accounts_payable_pipeline to 2026-04-25 00:00:00+00:00, run_after=2026-04-26 00:00:00+00:00
[2026-04-25T05:54:14.722+0000] {processor.py:183} INFO - Processing /opt/airflow/dags/ap_pipeline.py took 0.066 seconds
