[2026-04-29T03:30:23.555+0000] {local_task_job_runner.py:120} INFO - ::group::Pre task execution logs
[2026-04-29T03:30:23.563+0000] {taskinstance.py:2076} INFO - Dependencies all met for dep_context=non-requeueable deps ti=<TaskInstance: fraud_detection_pipeline.extract manual__2026-04-29T03:30:21.923700+00:00 [queued]>
[2026-04-29T03:30:23.564+0000] {taskinstance.py:2076} INFO - Dependencies all met for dep_context=requeueable deps ti=<TaskInstance: fraud_detection_pipeline.extract manual__2026-04-29T03:30:21.923700+00:00 [queued]>
[2026-04-29T03:30:23.565+0000] {taskinstance.py:2306} INFO - Starting attempt 1 of 3
[2026-04-29T03:30:23.568+0000] {taskinstance.py:2330} INFO - Executing <Task(PythonOperator): extract> on 2026-04-29 03:30:21.923700+00:00
[2026-04-29T03:30:23.570+0000] {warnings.py:112} WARNING - /home/***/.local/lib/python3.12/site-packages/***/task/task_runner/standard_task_runner.py:62: DeprecationWarning: This process (pid=688) is multi-threaded, use of fork() may lead to deadlocks in the child.
  pid = os.fork()

[2026-04-29T03:30:23.571+0000] {standard_task_runner.py:64} INFO - Started process 690 to run task
[2026-04-29T03:30:23.571+0000] {standard_task_runner.py:90} INFO - Running: ['***', 'tasks', 'run', 'fraud_detection_pipeline', 'extract', 'manual__2026-04-29T03:30:21.923700+00:00', '--job-id', '21', '--raw', '--subdir', 'DAGS_FOLDER/fraud_pipeline.py', '--cfg-path', '/tmp/tmph1a458lh']
[2026-04-29T03:30:23.572+0000] {standard_task_runner.py:91} INFO - Job 21: Subtask extract
[2026-04-29T03:30:23.586+0000] {task_command.py:426} INFO - Running <TaskInstance: fraud_detection_pipeline.extract manual__2026-04-29T03:30:21.923700+00:00 [running]> on host 2ea10aac1484
[2026-04-29T03:30:23.608+0000] {taskinstance.py:2648} INFO - Exporting env vars: AIRFLOW_CTX_DAG_OWNER='***' AIRFLOW_CTX_DAG_ID='fraud_detection_pipeline' AIRFLOW_CTX_TASK_ID='extract' AIRFLOW_CTX_EXECUTION_DATE='2026-04-29T03:30:21.923700+00:00' AIRFLOW_CTX_TRY_NUMBER='1' AIRFLOW_CTX_DAG_RUN_ID='manual__2026-04-29T03:30:21.923700+00:00'
[2026-04-29T03:30:23.609+0000] {taskinstance.py:430} INFO - ::endgroup::
[2026-04-29T03:30:23.721+0000] {taskinstance.py:441} INFO - ::group::Post task execution logs
[2026-04-29T03:30:23.721+0000] {taskinstance.py:2905} ERROR - Task failed with exception
Traceback (most recent call last):
  File "/home/airflow/.local/lib/python3.12/site-packages/airflow/models/taskinstance.py", line 465, in _execute_task
    result = _execute_callable(context=context, **execute_callable_kwargs)
             ^^^^^^^^^^^^^^^^^^^^^^^^^^^^^^^^^^^^^^^^^^^^^^^^^^^^^^^^^^^^^
  File "/home/airflow/.local/lib/python3.12/site-packages/airflow/models/taskinstance.py", line 432, in _execute_callable
    return execute_callable(context=context, **execute_callable_kwargs)
           ^^^^^^^^^^^^^^^^^^^^^^^^^^^^^^^^^^^^^^^^^^^^^^^^^^^^^^^^^^^^
  File "/home/airflow/.local/lib/python3.12/site-packages/airflow/models/baseoperator.py", line 401, in wrapper
    return func(self, *args, **kwargs)
           ^^^^^^^^^^^^^^^^^^^^^^^^^^^
  File "/home/airflow/.local/lib/python3.12/site-packages/airflow/operators/python.py", line 235, in execute
    return_value = self.execute_callable()
                   ^^^^^^^^^^^^^^^^^^^^^^^
  File "/home/airflow/.local/lib/python3.12/site-packages/airflow/operators/python.py", line 252, in execute_callable
    return self.python_callable(*self.op_args, **self.op_kwargs)
           ^^^^^^^^^^^^^^^^^^^^^^^^^^^^^^^^^^^^^^^^^^^^^^^^^^^^^
  File "/opt/airflow/dags/fraud_pipeline.py", line 13, in task_extract
    df = extract("/opt/airflow/dags/transactions.csv")
         ^^^^^^^^^^^^^^^^^^^^^^^^^^^^^^^^^^^^^^^^^^^^^
  File "/opt/airflow/dags/helper.py", line 10, in extract
    spark = get_spark()
            ^^^^^^^^^^^
  File "/opt/airflow/dags/helper.py", line 7, in get_spark
    .getOrCreate()
     ^^^^^^^^^^^^^
  File "/home/airflow/.local/lib/python3.12/site-packages/pyspark/sql/session.py", line 557, in getOrCreate
    sc = SparkContext.getOrCreate(sparkConf)
         ^^^^^^^^^^^^^^^^^^^^^^^^^^^^^^^^^^^
  File "/home/airflow/.local/lib/python3.12/site-packages/pyspark/core/context.py", line 542, in getOrCreate
    SparkContext(conf=conf or SparkConf())
  File "/home/airflow/.local/lib/python3.12/site-packages/pyspark/core/context.py", line 206, in __init__
    SparkContext._ensure_initialized(self, gateway=gateway, conf=conf)
  File "/home/airflow/.local/lib/python3.12/site-packages/pyspark/core/context.py", line 463, in _ensure_initialized
    SparkContext._gateway = gateway or launch_gateway(conf)
                                       ^^^^^^^^^^^^^^^^^^^^
  File "/home/airflow/.local/lib/python3.12/site-packages/pyspark/java_gateway.py", line 111, in launch_gateway
    raise PySparkRuntimeError(
pyspark.errors.exceptions.base.PySparkRuntimeError: [JAVA_GATEWAY_EXITED] Java gateway process exited before sending its port number.
[2026-04-29T03:30:23.727+0000] {taskinstance.py:1206} INFO - Marking task as UP_FOR_RETRY. dag_id=fraud_detection_pipeline, task_id=extract, run_id=manual__2026-04-29T03:30:21.923700+00:00, execution_date=20260429T033021, start_date=20260429T033023, end_date=20260429T033023
[2026-04-29T03:30:23.733+0000] {standard_task_runner.py:110} ERROR - Failed to execute job 21 for task extract ([JAVA_GATEWAY_EXITED] Java gateway process exited before sending its port number.; 690)
[2026-04-29T03:30:23.764+0000] {local_task_job_runner.py:243} INFO - Task exited with return code 1
[2026-04-29T03:30:23.774+0000] {taskinstance.py:3503} INFO - 0 downstream tasks scheduled from follow-on schedule check
[2026-04-29T03:30:23.775+0000] {local_task_job_runner.py:222} INFO - ::endgroup::
