[2026-05-01T00:00:27.778+0000] {processor.py:161} INFO - Started process (PID=54965) to work on /opt/airflow/dags/ap_pipeline.py
[2026-05-01T00:00:27.778+0000] {processor.py:830} INFO - Processing file /opt/airflow/dags/ap_pipeline.py for tasks to queue
[2026-05-01T00:00:27.781+0000] {logging_mixin.py:188} INFO - [2026-05-01T00:00:27.781+0000] {dagbag.py:545} INFO - Filling up the DagBag from /opt/airflow/dags/ap_pipeline.py
[2026-05-01T00:00:27.788+0000] {processor.py:840} INFO - DAG(s) 'accounts_payable_pipeline' retrieved from /opt/airflow/dags/ap_pipeline.py
[2026-05-01T00:00:27.805+0000] {logging_mixin.py:188} INFO - [2026-05-01T00:00:27.805+0000] {dag.py:3089} INFO - Sync 1 DAGs
[2026-05-01T00:00:27.817+0000] {logging_mixin.py:188} INFO - [2026-05-01T00:00:27.817+0000] {dag.py:3947} INFO - Setting next_dagrun for accounts_payable_pipeline to 2026-04-30 00:00:00+00:00, run_after=2026-05-01 00:00:00+00:00
[2026-05-01T00:00:27.827+0000] {processor.py:183} INFO - Processing /opt/airflow/dags/ap_pipeline.py took 0.058 seconds
[2026-05-01T00:00:58.509+0000] {processor.py:161} INFO - Started process (PID=55025) to work on /opt/airflow/dags/ap_pipeline.py
[2026-05-01T00:00:58.510+0000] {processor.py:830} INFO - Processing file /opt/airflow/dags/ap_pipeline.py for tasks to queue
[2026-05-01T00:00:58.512+0000] {logging_mixin.py:188} INFO - [2026-05-01T00:00:58.511+0000] {dagbag.py:545} INFO - Filling up the DagBag from /opt/airflow/dags/ap_pipeline.py
[2026-05-01T00:00:58.515+0000] {processor.py:840} INFO - DAG(s) 'accounts_payable_pipeline' retrieved from /opt/airflow/dags/ap_pipeline.py
[2026-05-01T00:00:58.530+0000] {logging_mixin.py:188} INFO - [2026-05-01T00:00:58.530+0000] {dag.py:3089} INFO - Sync 1 DAGs
[2026-05-01T00:00:58.549+0000] {logging_mixin.py:188} INFO - [2026-05-01T00:00:58.549+0000] {dag.py:3947} INFO - Setting next_dagrun for accounts_payable_pipeline to 2026-04-30 00:00:00+00:00, run_after=2026-05-01 00:00:00+00:00
[2026-05-01T00:00:58.558+0000] {processor.py:183} INFO - Processing /opt/airflow/dags/ap_pipeline.py took 0.056 seconds
[2026-05-01T00:01:29.293+0000] {processor.py:161} INFO - Started process (PID=55085) to work on /opt/airflow/dags/ap_pipeline.py
[2026-05-01T00:01:29.294+0000] {processor.py:830} INFO - Processing file /opt/airflow/dags/ap_pipeline.py for tasks to queue
[2026-05-01T00:01:29.299+0000] {logging_mixin.py:188} INFO - [2026-05-01T00:01:29.299+0000] {dagbag.py:545} INFO - Filling up the DagBag from /opt/airflow/dags/ap_pipeline.py
[2026-05-01T00:01:29.310+0000] {processor.py:840} INFO - DAG(s) 'accounts_payable_pipeline' retrieved from /opt/airflow/dags/ap_pipeline.py
[2026-05-01T00:01:29.331+0000] {logging_mixin.py:188} INFO - [2026-05-01T00:01:29.331+0000] {dag.py:3089} INFO - Sync 1 DAGs
[2026-05-01T00:01:29.350+0000] {logging_mixin.py:188} INFO - [2026-05-01T00:01:29.350+0000] {dag.py:3947} INFO - Setting next_dagrun for accounts_payable_pipeline to 2026-04-30 00:00:00+00:00, run_after=2026-05-01 00:00:00+00:00
[2026-05-01T00:01:29.362+0000] {processor.py:183} INFO - Processing /opt/airflow/dags/ap_pipeline.py took 0.080 seconds
[2026-05-01T00:02:00.078+0000] {processor.py:161} INFO - Started process (PID=55145) to work on /opt/airflow/dags/ap_pipeline.py
[2026-05-01T00:02:00.079+0000] {processor.py:830} INFO - Processing file /opt/airflow/dags/ap_pipeline.py for tasks to queue
[2026-05-01T00:02:00.081+0000] {logging_mixin.py:188} INFO - [2026-05-01T00:02:00.081+0000] {dagbag.py:545} INFO - Filling up the DagBag from /opt/airflow/dags/ap_pipeline.py
[2026-05-01T00:02:00.090+0000] {processor.py:840} INFO - DAG(s) 'accounts_payable_pipeline' retrieved from /opt/airflow/dags/ap_pipeline.py
[2026-05-01T00:02:00.107+0000] {logging_mixin.py:188} INFO - [2026-05-01T00:02:00.107+0000] {dag.py:3089} INFO - Sync 1 DAGs
[2026-05-01T00:02:00.121+0000] {logging_mixin.py:188} INFO - [2026-05-01T00:02:00.121+0000] {dag.py:3947} INFO - Setting next_dagrun for accounts_payable_pipeline to 2026-04-30 00:00:00+00:00, run_after=2026-05-01 00:00:00+00:00
[2026-05-01T00:02:00.133+0000] {processor.py:183} INFO - Processing /opt/airflow/dags/ap_pipeline.py took 0.063 seconds
[2026-05-01T00:02:30.398+0000] {processor.py:161} INFO - Started process (PID=55205) to work on /opt/airflow/dags/ap_pipeline.py
[2026-05-01T00:02:30.402+0000] {processor.py:830} INFO - Processing file /opt/airflow/dags/ap_pipeline.py for tasks to queue
[2026-05-01T00:02:30.404+0000] {logging_mixin.py:188} INFO - [2026-05-01T00:02:30.403+0000] {dagbag.py:545} INFO - Filling up the DagBag from /opt/airflow/dags/ap_pipeline.py
[2026-05-01T00:02:30.413+0000] {processor.py:840} INFO - DAG(s) 'accounts_payable_pipeline' retrieved from /opt/airflow/dags/ap_pipeline.py
[2026-05-01T00:02:30.440+0000] {logging_mixin.py:188} INFO - [2026-05-01T00:02:30.440+0000] {dag.py:3089} INFO - Sync 1 DAGs
[2026-05-01T00:02:30.454+0000] {logging_mixin.py:188} INFO - [2026-05-01T00:02:30.454+0000] {dag.py:3947} INFO - Setting next_dagrun for accounts_payable_pipeline to 2026-04-30 00:00:00+00:00, run_after=2026-05-01 00:00:00+00:00
[2026-05-01T00:02:30.465+0000] {processor.py:183} INFO - Processing /opt/airflow/dags/ap_pipeline.py took 0.075 seconds
[2026-05-01T00:03:01.280+0000] {processor.py:161} INFO - Started process (PID=55265) to work on /opt/airflow/dags/ap_pipeline.py
[2026-05-01T00:03:01.282+0000] {processor.py:830} INFO - Processing file /opt/airflow/dags/ap_pipeline.py for tasks to queue
[2026-05-01T00:03:01.283+0000] {logging_mixin.py:188} INFO - [2026-05-01T00:03:01.283+0000] {dagbag.py:545} INFO - Filling up the DagBag from /opt/airflow/dags/ap_pipeline.py
[2026-05-01T00:03:01.290+0000] {processor.py:840} INFO - DAG(s) 'accounts_payable_pipeline' retrieved from /opt/airflow/dags/ap_pipeline.py
[2026-05-01T00:03:01.307+0000] {logging_mixin.py:188} INFO - [2026-05-01T00:03:01.307+0000] {dag.py:3089} INFO - Sync 1 DAGs
[2026-05-01T00:03:01.319+0000] {logging_mixin.py:188} INFO - [2026-05-01T00:03:01.319+0000] {dag.py:3947} INFO - Setting next_dagrun for accounts_payable_pipeline to 2026-04-30 00:00:00+00:00, run_after=2026-05-01 00:00:00+00:00
[2026-05-01T00:03:01.327+0000] {processor.py:183} INFO - Processing /opt/airflow/dags/ap_pipeline.py took 0.054 seconds
[2026-05-01T00:03:31.990+0000] {processor.py:161} INFO - Started process (PID=55325) to work on /opt/airflow/dags/ap_pipeline.py
[2026-05-01T00:03:31.991+0000] {processor.py:830} INFO - Processing file /opt/airflow/dags/ap_pipeline.py for tasks to queue
[2026-05-01T00:03:31.993+0000] {logging_mixin.py:188} INFO - [2026-05-01T00:03:31.993+0000] {dagbag.py:545} INFO - Filling up the DagBag from /opt/airflow/dags/ap_pipeline.py
[2026-05-01T00:03:32.000+0000] {processor.py:840} INFO - DAG(s) 'accounts_payable_pipeline' retrieved from /opt/airflow/dags/ap_pipeline.py
[2026-05-01T00:03:32.019+0000] {logging_mixin.py:188} INFO - [2026-05-01T00:03:32.019+0000] {dag.py:3089} INFO - Sync 1 DAGs
[2026-05-01T00:03:32.031+0000] {logging_mixin.py:188} INFO - [2026-05-01T00:03:32.031+0000] {dag.py:3947} INFO - Setting next_dagrun for accounts_payable_pipeline to 2026-04-30 00:00:00+00:00, run_after=2026-05-01 00:00:00+00:00
[2026-05-01T00:03:32.040+0000] {processor.py:183} INFO - Processing /opt/airflow/dags/ap_pipeline.py took 0.058 seconds
[2026-05-01T00:04:02.749+0000] {processor.py:161} INFO - Started process (PID=55385) to work on /opt/airflow/dags/ap_pipeline.py
[2026-05-01T00:04:02.750+0000] {processor.py:830} INFO - Processing file /opt/airflow/dags/ap_pipeline.py for tasks to queue
[2026-05-01T00:04:02.752+0000] {logging_mixin.py:188} INFO - [2026-05-01T00:04:02.752+0000] {dagbag.py:545} INFO - Filling up the DagBag from /opt/airflow/dags/ap_pipeline.py
[2026-05-01T00:04:02.758+0000] {processor.py:840} INFO - DAG(s) 'accounts_payable_pipeline' retrieved from /opt/airflow/dags/ap_pipeline.py
[2026-05-01T00:04:02.777+0000] {logging_mixin.py:188} INFO - [2026-05-01T00:04:02.777+0000] {dag.py:3089} INFO - Sync 1 DAGs
[2026-05-01T00:04:02.788+0000] {logging_mixin.py:188} INFO - [2026-05-01T00:04:02.788+0000] {dag.py:3947} INFO - Setting next_dagrun for accounts_payable_pipeline to 2026-04-30 00:00:00+00:00, run_after=2026-05-01 00:00:00+00:00
[2026-05-01T00:04:02.797+0000] {processor.py:183} INFO - Processing /opt/airflow/dags/ap_pipeline.py took 0.055 seconds
[2026-05-01T00:04:33.471+0000] {processor.py:161} INFO - Started process (PID=55445) to work on /opt/airflow/dags/ap_pipeline.py
[2026-05-01T00:04:33.472+0000] {processor.py:830} INFO - Processing file /opt/airflow/dags/ap_pipeline.py for tasks to queue
[2026-05-01T00:04:33.473+0000] {logging_mixin.py:188} INFO - [2026-05-01T00:04:33.473+0000] {dagbag.py:545} INFO - Filling up the DagBag from /opt/airflow/dags/ap_pipeline.py
[2026-05-01T00:04:33.478+0000] {processor.py:840} INFO - DAG(s) 'accounts_payable_pipeline' retrieved from /opt/airflow/dags/ap_pipeline.py
[2026-05-01T00:04:33.493+0000] {logging_mixin.py:188} INFO - [2026-05-01T00:04:33.493+0000] {dag.py:3089} INFO - Sync 1 DAGs
[2026-05-01T00:04:33.504+0000] {logging_mixin.py:188} INFO - [2026-05-01T00:04:33.504+0000] {dag.py:3947} INFO - Setting next_dagrun for accounts_payable_pipeline to 2026-04-30 00:00:00+00:00, run_after=2026-05-01 00:00:00+00:00
[2026-05-01T00:04:33.513+0000] {processor.py:183} INFO - Processing /opt/airflow/dags/ap_pipeline.py took 0.048 seconds
[2026-05-01T00:05:04.210+0000] {processor.py:161} INFO - Started process (PID=55505) to work on /opt/airflow/dags/ap_pipeline.py
[2026-05-01T00:05:04.212+0000] {processor.py:830} INFO - Processing file /opt/airflow/dags/ap_pipeline.py for tasks to queue
[2026-05-01T00:05:04.214+0000] {logging_mixin.py:188} INFO - [2026-05-01T00:05:04.213+0000] {dagbag.py:545} INFO - Filling up the DagBag from /opt/airflow/dags/ap_pipeline.py
[2026-05-01T00:05:04.225+0000] {processor.py:840} INFO - DAG(s) 'accounts_payable_pipeline' retrieved from /opt/airflow/dags/ap_pipeline.py
[2026-05-01T00:05:04.243+0000] {logging_mixin.py:188} INFO - [2026-05-01T00:05:04.243+0000] {dag.py:3089} INFO - Sync 1 DAGs
[2026-05-01T00:05:04.252+0000] {logging_mixin.py:188} INFO - [2026-05-01T00:05:04.252+0000] {dag.py:3947} INFO - Setting next_dagrun for accounts_payable_pipeline to 2026-04-30 00:00:00+00:00, run_after=2026-05-01 00:00:00+00:00
[2026-05-01T00:05:04.263+0000] {processor.py:183} INFO - Processing /opt/airflow/dags/ap_pipeline.py took 0.060 seconds
[2026-05-01T00:05:35.005+0000] {processor.py:161} INFO - Started process (PID=55566) to work on /opt/airflow/dags/ap_pipeline.py
[2026-05-01T00:05:35.007+0000] {processor.py:830} INFO - Processing file /opt/airflow/dags/ap_pipeline.py for tasks to queue
[2026-05-01T00:05:35.009+0000] {logging_mixin.py:188} INFO - [2026-05-01T00:05:35.009+0000] {dagbag.py:545} INFO - Filling up the DagBag from /opt/airflow/dags/ap_pipeline.py
[2026-05-01T00:05:35.017+0000] {processor.py:840} INFO - DAG(s) 'accounts_payable_pipeline' retrieved from /opt/airflow/dags/ap_pipeline.py
[2026-05-01T00:05:35.032+0000] {logging_mixin.py:188} INFO - [2026-05-01T00:05:35.032+0000] {dag.py:3089} INFO - Sync 1 DAGs
[2026-05-01T00:05:35.046+0000] {logging_mixin.py:188} INFO - [2026-05-01T00:05:35.045+0000] {dag.py:3947} INFO - Setting next_dagrun for accounts_payable_pipeline to 2026-04-30 00:00:00+00:00, run_after=2026-05-01 00:00:00+00:00
[2026-05-01T00:05:35.055+0000] {processor.py:183} INFO - Processing /opt/airflow/dags/ap_pipeline.py took 0.057 seconds
[2026-05-01T00:06:05.767+0000] {processor.py:161} INFO - Started process (PID=55632) to work on /opt/airflow/dags/ap_pipeline.py
[2026-05-01T00:06:05.769+0000] {processor.py:830} INFO - Processing file /opt/airflow/dags/ap_pipeline.py for tasks to queue
[2026-05-01T00:06:05.771+0000] {logging_mixin.py:188} INFO - [2026-05-01T00:06:05.771+0000] {dagbag.py:545} INFO - Filling up the DagBag from /opt/airflow/dags/ap_pipeline.py
[2026-05-01T00:06:05.778+0000] {processor.py:840} INFO - DAG(s) 'accounts_payable_pipeline' retrieved from /opt/airflow/dags/ap_pipeline.py
[2026-05-01T00:06:05.792+0000] {logging_mixin.py:188} INFO - [2026-05-01T00:06:05.792+0000] {dag.py:3089} INFO - Sync 1 DAGs
[2026-05-01T00:06:05.805+0000] {logging_mixin.py:188} INFO - [2026-05-01T00:06:05.805+0000] {dag.py:3947} INFO - Setting next_dagrun for accounts_payable_pipeline to 2026-04-30 00:00:00+00:00, run_after=2026-05-01 00:00:00+00:00
[2026-05-01T00:06:05.815+0000] {processor.py:183} INFO - Processing /opt/airflow/dags/ap_pipeline.py took 0.055 seconds
[2026-05-01T00:06:36.520+0000] {processor.py:161} INFO - Started process (PID=55692) to work on /opt/airflow/dags/ap_pipeline.py
[2026-05-01T00:06:36.522+0000] {processor.py:830} INFO - Processing file /opt/airflow/dags/ap_pipeline.py for tasks to queue
[2026-05-01T00:06:36.526+0000] {logging_mixin.py:188} INFO - [2026-05-01T00:06:36.526+0000] {dagbag.py:545} INFO - Filling up the DagBag from /opt/airflow/dags/ap_pipeline.py
[2026-05-01T00:06:36.535+0000] {processor.py:840} INFO - DAG(s) 'accounts_payable_pipeline' retrieved from /opt/airflow/dags/ap_pipeline.py
[2026-05-01T00:06:36.552+0000] {logging_mixin.py:188} INFO - [2026-05-01T00:06:36.552+0000] {dag.py:3089} INFO - Sync 1 DAGs
[2026-05-01T00:06:36.565+0000] {logging_mixin.py:188} INFO - [2026-05-01T00:06:36.564+0000] {dag.py:3947} INFO - Setting next_dagrun for accounts_payable_pipeline to 2026-04-30 00:00:00+00:00, run_after=2026-05-01 00:00:00+00:00
[2026-05-01T00:06:36.574+0000] {processor.py:183} INFO - Processing /opt/airflow/dags/ap_pipeline.py took 0.063 seconds
[2026-05-01T00:07:07.331+0000] {processor.py:161} INFO - Started process (PID=55752) to work on /opt/airflow/dags/ap_pipeline.py
[2026-05-01T00:07:07.332+0000] {processor.py:830} INFO - Processing file /opt/airflow/dags/ap_pipeline.py for tasks to queue
[2026-05-01T00:07:07.333+0000] {logging_mixin.py:188} INFO - [2026-05-01T00:07:07.333+0000] {dagbag.py:545} INFO - Filling up the DagBag from /opt/airflow/dags/ap_pipeline.py
[2026-05-01T00:07:07.344+0000] {processor.py:840} INFO - DAG(s) 'accounts_payable_pipeline' retrieved from /opt/airflow/dags/ap_pipeline.py
[2026-05-01T00:07:07.361+0000] {logging_mixin.py:188} INFO - [2026-05-01T00:07:07.361+0000] {dag.py:3089} INFO - Sync 1 DAGs
[2026-05-01T00:07:07.373+0000] {logging_mixin.py:188} INFO - [2026-05-01T00:07:07.373+0000] {dag.py:3947} INFO - Setting next_dagrun for accounts_payable_pipeline to 2026-04-30 00:00:00+00:00, run_after=2026-05-01 00:00:00+00:00
[2026-05-01T00:07:07.382+0000] {processor.py:183} INFO - Processing /opt/airflow/dags/ap_pipeline.py took 0.058 seconds
[2026-05-01T00:07:37.442+0000] {processor.py:161} INFO - Started process (PID=55812) to work on /opt/airflow/dags/ap_pipeline.py
[2026-05-01T00:07:37.444+0000] {processor.py:830} INFO - Processing file /opt/airflow/dags/ap_pipeline.py for tasks to queue
[2026-05-01T00:07:37.446+0000] {logging_mixin.py:188} INFO - [2026-05-01T00:07:37.446+0000] {dagbag.py:545} INFO - Filling up the DagBag from /opt/airflow/dags/ap_pipeline.py
[2026-05-01T00:07:37.458+0000] {processor.py:840} INFO - DAG(s) 'accounts_payable_pipeline' retrieved from /opt/airflow/dags/ap_pipeline.py
[2026-05-01T00:07:37.475+0000] {logging_mixin.py:188} INFO - [2026-05-01T00:07:37.475+0000] {dag.py:3089} INFO - Sync 1 DAGs
[2026-05-01T00:07:37.500+0000] {logging_mixin.py:188} INFO - [2026-05-01T00:07:37.500+0000] {dag.py:3947} INFO - Setting next_dagrun for accounts_payable_pipeline to 2026-04-30 00:00:00+00:00, run_after=2026-05-01 00:00:00+00:00
[2026-05-01T00:07:37.512+0000] {processor.py:183} INFO - Processing /opt/airflow/dags/ap_pipeline.py took 0.079 seconds
[2026-05-01T00:08:08.130+0000] {processor.py:161} INFO - Started process (PID=55872) to work on /opt/airflow/dags/ap_pipeline.py
[2026-05-01T00:08:08.132+0000] {processor.py:830} INFO - Processing file /opt/airflow/dags/ap_pipeline.py for tasks to queue
[2026-05-01T00:08:08.135+0000] {logging_mixin.py:188} INFO - [2026-05-01T00:08:08.135+0000] {dagbag.py:545} INFO - Filling up the DagBag from /opt/airflow/dags/ap_pipeline.py
[2026-05-01T00:08:08.143+0000] {processor.py:840} INFO - DAG(s) 'accounts_payable_pipeline' retrieved from /opt/airflow/dags/ap_pipeline.py
[2026-05-01T00:08:08.155+0000] {logging_mixin.py:188} INFO - [2026-05-01T00:08:08.155+0000] {dag.py:3089} INFO - Sync 1 DAGs
[2026-05-01T00:08:08.170+0000] {logging_mixin.py:188} INFO - [2026-05-01T00:08:08.169+0000] {dag.py:3947} INFO - Setting next_dagrun for accounts_payable_pipeline to 2026-04-30 00:00:00+00:00, run_after=2026-05-01 00:00:00+00:00
[2026-05-01T00:08:08.179+0000] {processor.py:183} INFO - Processing /opt/airflow/dags/ap_pipeline.py took 0.056 seconds
[2026-05-01T00:08:38.837+0000] {processor.py:161} INFO - Started process (PID=55933) to work on /opt/airflow/dags/ap_pipeline.py
[2026-05-01T00:08:38.839+0000] {processor.py:830} INFO - Processing file /opt/airflow/dags/ap_pipeline.py for tasks to queue
[2026-05-01T00:08:38.841+0000] {logging_mixin.py:188} INFO - [2026-05-01T00:08:38.841+0000] {dagbag.py:545} INFO - Filling up the DagBag from /opt/airflow/dags/ap_pipeline.py
[2026-05-01T00:08:38.847+0000] {processor.py:840} INFO - DAG(s) 'accounts_payable_pipeline' retrieved from /opt/airflow/dags/ap_pipeline.py
[2026-05-01T00:08:38.864+0000] {logging_mixin.py:188} INFO - [2026-05-01T00:08:38.864+0000] {dag.py:3089} INFO - Sync 1 DAGs
[2026-05-01T00:08:38.872+0000] {logging_mixin.py:188} INFO - [2026-05-01T00:08:38.872+0000] {dag.py:3947} INFO - Setting next_dagrun for accounts_payable_pipeline to 2026-04-30 00:00:00+00:00, run_after=2026-05-01 00:00:00+00:00
[2026-05-01T00:08:38.882+0000] {processor.py:183} INFO - Processing /opt/airflow/dags/ap_pipeline.py took 0.051 seconds
[2026-05-01T00:09:09.091+0000] {processor.py:161} INFO - Started process (PID=55993) to work on /opt/airflow/dags/ap_pipeline.py
[2026-05-01T00:09:09.093+0000] {processor.py:830} INFO - Processing file /opt/airflow/dags/ap_pipeline.py for tasks to queue
[2026-05-01T00:09:09.095+0000] {logging_mixin.py:188} INFO - [2026-05-01T00:09:09.095+0000] {dagbag.py:545} INFO - Filling up the DagBag from /opt/airflow/dags/ap_pipeline.py
[2026-05-01T00:09:09.104+0000] {processor.py:840} INFO - DAG(s) 'accounts_payable_pipeline' retrieved from /opt/airflow/dags/ap_pipeline.py
[2026-05-01T00:09:09.124+0000] {logging_mixin.py:188} INFO - [2026-05-01T00:09:09.124+0000] {dag.py:3089} INFO - Sync 1 DAGs
[2026-05-01T00:09:09.134+0000] {logging_mixin.py:188} INFO - [2026-05-01T00:09:09.134+0000] {dag.py:3947} INFO - Setting next_dagrun for accounts_payable_pipeline to 2026-04-30 00:00:00+00:00, run_after=2026-05-01 00:00:00+00:00
[2026-05-01T00:09:09.144+0000] {processor.py:183} INFO - Processing /opt/airflow/dags/ap_pipeline.py took 0.061 seconds
[2026-05-01T00:09:39.814+0000] {processor.py:161} INFO - Started process (PID=56053) to work on /opt/airflow/dags/ap_pipeline.py
[2026-05-01T00:09:39.816+0000] {processor.py:830} INFO - Processing file /opt/airflow/dags/ap_pipeline.py for tasks to queue
[2026-05-01T00:09:39.817+0000] {logging_mixin.py:188} INFO - [2026-05-01T00:09:39.817+0000] {dagbag.py:545} INFO - Filling up the DagBag from /opt/airflow/dags/ap_pipeline.py
[2026-05-01T00:09:39.828+0000] {processor.py:840} INFO - DAG(s) 'accounts_payable_pipeline' retrieved from /opt/airflow/dags/ap_pipeline.py
[2026-05-01T00:09:39.842+0000] {logging_mixin.py:188} INFO - [2026-05-01T00:09:39.842+0000] {dag.py:3089} INFO - Sync 1 DAGs
[2026-05-01T00:09:39.855+0000] {logging_mixin.py:188} INFO - [2026-05-01T00:09:39.854+0000] {dag.py:3947} INFO - Setting next_dagrun for accounts_payable_pipeline to 2026-04-30 00:00:00+00:00, run_after=2026-05-01 00:00:00+00:00
[2026-05-01T00:09:39.866+0000] {processor.py:183} INFO - Processing /opt/airflow/dags/ap_pipeline.py took 0.059 seconds
[2026-05-01T00:10:10.577+0000] {processor.py:161} INFO - Started process (PID=56113) to work on /opt/airflow/dags/ap_pipeline.py
[2026-05-01T00:10:10.579+0000] {processor.py:830} INFO - Processing file /opt/airflow/dags/ap_pipeline.py for tasks to queue
[2026-05-01T00:10:10.581+0000] {logging_mixin.py:188} INFO - [2026-05-01T00:10:10.580+0000] {dagbag.py:545} INFO - Filling up the DagBag from /opt/airflow/dags/ap_pipeline.py
[2026-05-01T00:10:10.588+0000] {processor.py:840} INFO - DAG(s) 'accounts_payable_pipeline' retrieved from /opt/airflow/dags/ap_pipeline.py
[2026-05-01T00:10:10.605+0000] {logging_mixin.py:188} INFO - [2026-05-01T00:10:10.605+0000] {dag.py:3089} INFO - Sync 1 DAGs
[2026-05-01T00:10:10.616+0000] {logging_mixin.py:188} INFO - [2026-05-01T00:10:10.616+0000] {dag.py:3947} INFO - Setting next_dagrun for accounts_payable_pipeline to 2026-04-30 00:00:00+00:00, run_after=2026-05-01 00:00:00+00:00
[2026-05-01T00:10:10.626+0000] {processor.py:183} INFO - Processing /opt/airflow/dags/ap_pipeline.py took 0.055 seconds
[2026-05-01T00:10:41.269+0000] {processor.py:161} INFO - Started process (PID=56173) to work on /opt/airflow/dags/ap_pipeline.py
[2026-05-01T00:10:41.271+0000] {processor.py:830} INFO - Processing file /opt/airflow/dags/ap_pipeline.py for tasks to queue
[2026-05-01T00:10:41.273+0000] {logging_mixin.py:188} INFO - [2026-05-01T00:10:41.272+0000] {dagbag.py:545} INFO - Filling up the DagBag from /opt/airflow/dags/ap_pipeline.py
[2026-05-01T00:10:41.282+0000] {processor.py:840} INFO - DAG(s) 'accounts_payable_pipeline' retrieved from /opt/airflow/dags/ap_pipeline.py
[2026-05-01T00:10:41.298+0000] {logging_mixin.py:188} INFO - [2026-05-01T00:10:41.298+0000] {dag.py:3089} INFO - Sync 1 DAGs
[2026-05-01T00:10:41.308+0000] {logging_mixin.py:188} INFO - [2026-05-01T00:10:41.308+0000] {dag.py:3947} INFO - Setting next_dagrun for accounts_payable_pipeline to 2026-04-30 00:00:00+00:00, run_after=2026-05-01 00:00:00+00:00
[2026-05-01T00:10:41.319+0000] {processor.py:183} INFO - Processing /opt/airflow/dags/ap_pipeline.py took 0.057 seconds
[2026-05-01T00:11:11.376+0000] {processor.py:161} INFO - Started process (PID=56233) to work on /opt/airflow/dags/ap_pipeline.py
[2026-05-01T00:11:11.377+0000] {processor.py:830} INFO - Processing file /opt/airflow/dags/ap_pipeline.py for tasks to queue
[2026-05-01T00:11:11.379+0000] {logging_mixin.py:188} INFO - [2026-05-01T00:11:11.379+0000] {dagbag.py:545} INFO - Filling up the DagBag from /opt/airflow/dags/ap_pipeline.py
[2026-05-01T00:11:11.386+0000] {processor.py:840} INFO - DAG(s) 'accounts_payable_pipeline' retrieved from /opt/airflow/dags/ap_pipeline.py
[2026-05-01T00:11:11.399+0000] {logging_mixin.py:188} INFO - [2026-05-01T00:11:11.399+0000] {dag.py:3089} INFO - Sync 1 DAGs
[2026-05-01T00:11:11.414+0000] {logging_mixin.py:188} INFO - [2026-05-01T00:11:11.414+0000] {dag.py:3947} INFO - Setting next_dagrun for accounts_payable_pipeline to 2026-04-30 00:00:00+00:00, run_after=2026-05-01 00:00:00+00:00
[2026-05-01T00:11:11.424+0000] {processor.py:183} INFO - Processing /opt/airflow/dags/ap_pipeline.py took 0.053 seconds
[2026-05-01T00:11:42.099+0000] {processor.py:161} INFO - Started process (PID=56293) to work on /opt/airflow/dags/ap_pipeline.py
[2026-05-01T00:11:42.101+0000] {processor.py:830} INFO - Processing file /opt/airflow/dags/ap_pipeline.py for tasks to queue
[2026-05-01T00:11:42.102+0000] {logging_mixin.py:188} INFO - [2026-05-01T00:11:42.102+0000] {dagbag.py:545} INFO - Filling up the DagBag from /opt/airflow/dags/ap_pipeline.py
[2026-05-01T00:11:42.106+0000] {processor.py:840} INFO - DAG(s) 'accounts_payable_pipeline' retrieved from /opt/airflow/dags/ap_pipeline.py
[2026-05-01T00:11:42.121+0000] {logging_mixin.py:188} INFO - [2026-05-01T00:11:42.120+0000] {dag.py:3089} INFO - Sync 1 DAGs
[2026-05-01T00:11:42.133+0000] {logging_mixin.py:188} INFO - [2026-05-01T00:11:42.133+0000] {dag.py:3947} INFO - Setting next_dagrun for accounts_payable_pipeline to 2026-04-30 00:00:00+00:00, run_after=2026-05-01 00:00:00+00:00
[2026-05-01T00:11:42.144+0000] {processor.py:183} INFO - Processing /opt/airflow/dags/ap_pipeline.py took 0.048 seconds
[2026-05-01T00:12:12.747+0000] {processor.py:161} INFO - Started process (PID=56353) to work on /opt/airflow/dags/ap_pipeline.py
[2026-05-01T00:12:12.748+0000] {processor.py:830} INFO - Processing file /opt/airflow/dags/ap_pipeline.py for tasks to queue
[2026-05-01T00:12:12.749+0000] {logging_mixin.py:188} INFO - [2026-05-01T00:12:12.749+0000] {dagbag.py:545} INFO - Filling up the DagBag from /opt/airflow/dags/ap_pipeline.py
[2026-05-01T00:12:12.759+0000] {processor.py:840} INFO - DAG(s) 'accounts_payable_pipeline' retrieved from /opt/airflow/dags/ap_pipeline.py
[2026-05-01T00:12:12.774+0000] {logging_mixin.py:188} INFO - [2026-05-01T00:12:12.774+0000] {dag.py:3089} INFO - Sync 1 DAGs
[2026-05-01T00:12:12.789+0000] {logging_mixin.py:188} INFO - [2026-05-01T00:12:12.789+0000] {dag.py:3947} INFO - Setting next_dagrun for accounts_payable_pipeline to 2026-04-30 00:00:00+00:00, run_after=2026-05-01 00:00:00+00:00
[2026-05-01T00:12:12.802+0000] {processor.py:183} INFO - Processing /opt/airflow/dags/ap_pipeline.py took 0.061 seconds
[2026-05-01T00:12:43.422+0000] {processor.py:161} INFO - Started process (PID=56413) to work on /opt/airflow/dags/ap_pipeline.py
[2026-05-01T00:12:43.423+0000] {processor.py:830} INFO - Processing file /opt/airflow/dags/ap_pipeline.py for tasks to queue
[2026-05-01T00:12:43.426+0000] {logging_mixin.py:188} INFO - [2026-05-01T00:12:43.426+0000] {dagbag.py:545} INFO - Filling up the DagBag from /opt/airflow/dags/ap_pipeline.py
[2026-05-01T00:12:43.433+0000] {processor.py:840} INFO - DAG(s) 'accounts_payable_pipeline' retrieved from /opt/airflow/dags/ap_pipeline.py
[2026-05-01T00:12:43.448+0000] {logging_mixin.py:188} INFO - [2026-05-01T00:12:43.448+0000] {dag.py:3089} INFO - Sync 1 DAGs
[2026-05-01T00:12:43.462+0000] {logging_mixin.py:188} INFO - [2026-05-01T00:12:43.462+0000] {dag.py:3947} INFO - Setting next_dagrun for accounts_payable_pipeline to 2026-04-30 00:00:00+00:00, run_after=2026-05-01 00:00:00+00:00
[2026-05-01T00:12:43.475+0000] {processor.py:183} INFO - Processing /opt/airflow/dags/ap_pipeline.py took 0.057 seconds
[2026-05-01T00:13:14.242+0000] {processor.py:161} INFO - Started process (PID=56473) to work on /opt/airflow/dags/ap_pipeline.py
[2026-05-01T00:13:14.245+0000] {processor.py:830} INFO - Processing file /opt/airflow/dags/ap_pipeline.py for tasks to queue
[2026-05-01T00:13:14.247+0000] {logging_mixin.py:188} INFO - [2026-05-01T00:13:14.246+0000] {dagbag.py:545} INFO - Filling up the DagBag from /opt/airflow/dags/ap_pipeline.py
[2026-05-01T00:13:14.254+0000] {processor.py:840} INFO - DAG(s) 'accounts_payable_pipeline' retrieved from /opt/airflow/dags/ap_pipeline.py
[2026-05-01T00:13:14.268+0000] {logging_mixin.py:188} INFO - [2026-05-01T00:13:14.267+0000] {dag.py:3089} INFO - Sync 1 DAGs
[2026-05-01T00:13:14.282+0000] {logging_mixin.py:188} INFO - [2026-05-01T00:13:14.282+0000] {dag.py:3947} INFO - Setting next_dagrun for accounts_payable_pipeline to 2026-04-30 00:00:00+00:00, run_after=2026-05-01 00:00:00+00:00
[2026-05-01T00:13:14.291+0000] {processor.py:183} INFO - Processing /opt/airflow/dags/ap_pipeline.py took 0.058 seconds
[2026-05-01T00:13:44.653+0000] {processor.py:161} INFO - Started process (PID=56533) to work on /opt/airflow/dags/ap_pipeline.py
[2026-05-01T00:13:44.654+0000] {processor.py:830} INFO - Processing file /opt/airflow/dags/ap_pipeline.py for tasks to queue
[2026-05-01T00:13:44.656+0000] {logging_mixin.py:188} INFO - [2026-05-01T00:13:44.656+0000] {dagbag.py:545} INFO - Filling up the DagBag from /opt/airflow/dags/ap_pipeline.py
[2026-05-01T00:13:44.661+0000] {processor.py:840} INFO - DAG(s) 'accounts_payable_pipeline' retrieved from /opt/airflow/dags/ap_pipeline.py
[2026-05-01T00:13:44.679+0000] {logging_mixin.py:188} INFO - [2026-05-01T00:13:44.677+0000] {dag.py:3089} INFO - Sync 1 DAGs
[2026-05-01T00:13:44.694+0000] {logging_mixin.py:188} INFO - [2026-05-01T00:13:44.694+0000] {dag.py:3947} INFO - Setting next_dagrun for accounts_payable_pipeline to 2026-04-30 00:00:00+00:00, run_after=2026-05-01 00:00:00+00:00
[2026-05-01T00:13:44.704+0000] {processor.py:183} INFO - Processing /opt/airflow/dags/ap_pipeline.py took 0.057 seconds
[2026-05-01T00:14:15.349+0000] {processor.py:161} INFO - Started process (PID=56593) to work on /opt/airflow/dags/ap_pipeline.py
[2026-05-01T00:14:15.350+0000] {processor.py:830} INFO - Processing file /opt/airflow/dags/ap_pipeline.py for tasks to queue
[2026-05-01T00:14:15.353+0000] {logging_mixin.py:188} INFO - [2026-05-01T00:14:15.353+0000] {dagbag.py:545} INFO - Filling up the DagBag from /opt/airflow/dags/ap_pipeline.py
[2026-05-01T00:14:15.359+0000] {processor.py:840} INFO - DAG(s) 'accounts_payable_pipeline' retrieved from /opt/airflow/dags/ap_pipeline.py
[2026-05-01T00:14:15.385+0000] {logging_mixin.py:188} INFO - [2026-05-01T00:14:15.385+0000] {dag.py:3089} INFO - Sync 1 DAGs
[2026-05-01T00:14:15.400+0000] {logging_mixin.py:188} INFO - [2026-05-01T00:14:15.400+0000] {dag.py:3947} INFO - Setting next_dagrun for accounts_payable_pipeline to 2026-04-30 00:00:00+00:00, run_after=2026-05-01 00:00:00+00:00
[2026-05-01T00:14:15.414+0000] {processor.py:183} INFO - Processing /opt/airflow/dags/ap_pipeline.py took 0.071 seconds
[2026-05-01T00:14:46.004+0000] {processor.py:161} INFO - Started process (PID=56653) to work on /opt/airflow/dags/ap_pipeline.py
[2026-05-01T00:14:46.006+0000] {processor.py:830} INFO - Processing file /opt/airflow/dags/ap_pipeline.py for tasks to queue
[2026-05-01T00:14:46.009+0000] {logging_mixin.py:188} INFO - [2026-05-01T00:14:46.008+0000] {dagbag.py:545} INFO - Filling up the DagBag from /opt/airflow/dags/ap_pipeline.py
[2026-05-01T00:14:46.016+0000] {processor.py:840} INFO - DAG(s) 'accounts_payable_pipeline' retrieved from /opt/airflow/dags/ap_pipeline.py
[2026-05-01T00:14:46.035+0000] {logging_mixin.py:188} INFO - [2026-05-01T00:14:46.035+0000] {dag.py:3089} INFO - Sync 1 DAGs
[2026-05-01T00:14:46.049+0000] {logging_mixin.py:188} INFO - [2026-05-01T00:14:46.049+0000] {dag.py:3947} INFO - Setting next_dagrun for accounts_payable_pipeline to 2026-04-30 00:00:00+00:00, run_after=2026-05-01 00:00:00+00:00
[2026-05-01T00:14:46.058+0000] {processor.py:183} INFO - Processing /opt/airflow/dags/ap_pipeline.py took 0.062 seconds
[2026-05-01T00:15:16.555+0000] {processor.py:161} INFO - Started process (PID=56713) to work on /opt/airflow/dags/ap_pipeline.py
[2026-05-01T00:15:16.557+0000] {processor.py:830} INFO - Processing file /opt/airflow/dags/ap_pipeline.py for tasks to queue
[2026-05-01T00:15:16.560+0000] {logging_mixin.py:188} INFO - [2026-05-01T00:15:16.560+0000] {dagbag.py:545} INFO - Filling up the DagBag from /opt/airflow/dags/ap_pipeline.py
[2026-05-01T00:15:16.570+0000] {processor.py:840} INFO - DAG(s) 'accounts_payable_pipeline' retrieved from /opt/airflow/dags/ap_pipeline.py
[2026-05-01T00:15:16.584+0000] {logging_mixin.py:188} INFO - [2026-05-01T00:15:16.584+0000] {dag.py:3089} INFO - Sync 1 DAGs
[2026-05-01T00:15:16.595+0000] {logging_mixin.py:188} INFO - [2026-05-01T00:15:16.595+0000] {dag.py:3947} INFO - Setting next_dagrun for accounts_payable_pipeline to 2026-04-30 00:00:00+00:00, run_after=2026-05-01 00:00:00+00:00
[2026-05-01T00:15:16.606+0000] {processor.py:183} INFO - Processing /opt/airflow/dags/ap_pipeline.py took 0.060 seconds
[2026-05-01T00:15:47.149+0000] {processor.py:161} INFO - Started process (PID=56773) to work on /opt/airflow/dags/ap_pipeline.py
[2026-05-01T00:15:47.152+0000] {processor.py:830} INFO - Processing file /opt/airflow/dags/ap_pipeline.py for tasks to queue
[2026-05-01T00:15:47.155+0000] {logging_mixin.py:188} INFO - [2026-05-01T00:15:47.154+0000] {dagbag.py:545} INFO - Filling up the DagBag from /opt/airflow/dags/ap_pipeline.py
[2026-05-01T00:15:47.162+0000] {processor.py:840} INFO - DAG(s) 'accounts_payable_pipeline' retrieved from /opt/airflow/dags/ap_pipeline.py
[2026-05-01T00:15:47.178+0000] {logging_mixin.py:188} INFO - [2026-05-01T00:15:47.178+0000] {dag.py:3089} INFO - Sync 1 DAGs
[2026-05-01T00:15:47.191+0000] {logging_mixin.py:188} INFO - [2026-05-01T00:15:47.191+0000] {dag.py:3947} INFO - Setting next_dagrun for accounts_payable_pipeline to 2026-04-30 00:00:00+00:00, run_after=2026-05-01 00:00:00+00:00
[2026-05-01T00:15:47.202+0000] {processor.py:183} INFO - Processing /opt/airflow/dags/ap_pipeline.py took 0.062 seconds
[2026-05-01T00:16:17.803+0000] {processor.py:161} INFO - Started process (PID=56833) to work on /opt/airflow/dags/ap_pipeline.py
[2026-05-01T00:16:17.805+0000] {processor.py:830} INFO - Processing file /opt/airflow/dags/ap_pipeline.py for tasks to queue
[2026-05-01T00:16:17.807+0000] {logging_mixin.py:188} INFO - [2026-05-01T00:16:17.807+0000] {dagbag.py:545} INFO - Filling up the DagBag from /opt/airflow/dags/ap_pipeline.py
[2026-05-01T00:16:17.817+0000] {processor.py:840} INFO - DAG(s) 'accounts_payable_pipeline' retrieved from /opt/airflow/dags/ap_pipeline.py
[2026-05-01T00:16:17.833+0000] {logging_mixin.py:188} INFO - [2026-05-01T00:16:17.833+0000] {dag.py:3089} INFO - Sync 1 DAGs
[2026-05-01T00:16:17.845+0000] {logging_mixin.py:188} INFO - [2026-05-01T00:16:17.845+0000] {dag.py:3947} INFO - Setting next_dagrun for accounts_payable_pipeline to 2026-04-30 00:00:00+00:00, run_after=2026-05-01 00:00:00+00:00
[2026-05-01T00:16:17.854+0000] {processor.py:183} INFO - Processing /opt/airflow/dags/ap_pipeline.py took 0.058 seconds
[2026-05-01T00:16:48.434+0000] {processor.py:161} INFO - Started process (PID=56893) to work on /opt/airflow/dags/ap_pipeline.py
[2026-05-01T00:16:48.435+0000] {processor.py:830} INFO - Processing file /opt/airflow/dags/ap_pipeline.py for tasks to queue
[2026-05-01T00:16:48.438+0000] {logging_mixin.py:188} INFO - [2026-05-01T00:16:48.437+0000] {dagbag.py:545} INFO - Filling up the DagBag from /opt/airflow/dags/ap_pipeline.py
[2026-05-01T00:16:48.445+0000] {processor.py:840} INFO - DAG(s) 'accounts_payable_pipeline' retrieved from /opt/airflow/dags/ap_pipeline.py
[2026-05-01T00:16:48.463+0000] {logging_mixin.py:188} INFO - [2026-05-01T00:16:48.462+0000] {dag.py:3089} INFO - Sync 1 DAGs
[2026-05-01T00:16:48.477+0000] {logging_mixin.py:188} INFO - [2026-05-01T00:16:48.476+0000] {dag.py:3947} INFO - Setting next_dagrun for accounts_payable_pipeline to 2026-04-30 00:00:00+00:00, run_after=2026-05-01 00:00:00+00:00
[2026-05-01T00:16:48.490+0000] {processor.py:183} INFO - Processing /opt/airflow/dags/ap_pipeline.py took 0.063 seconds
[2026-05-01T00:17:19.223+0000] {processor.py:161} INFO - Started process (PID=56953) to work on /opt/airflow/dags/ap_pipeline.py
[2026-05-01T00:17:19.224+0000] {processor.py:830} INFO - Processing file /opt/airflow/dags/ap_pipeline.py for tasks to queue
[2026-05-01T00:17:19.226+0000] {logging_mixin.py:188} INFO - [2026-05-01T00:17:19.226+0000] {dagbag.py:545} INFO - Filling up the DagBag from /opt/airflow/dags/ap_pipeline.py
[2026-05-01T00:17:19.233+0000] {processor.py:840} INFO - DAG(s) 'accounts_payable_pipeline' retrieved from /opt/airflow/dags/ap_pipeline.py
[2026-05-01T00:17:19.249+0000] {logging_mixin.py:188} INFO - [2026-05-01T00:17:19.249+0000] {dag.py:3089} INFO - Sync 1 DAGs
[2026-05-01T00:17:19.265+0000] {logging_mixin.py:188} INFO - [2026-05-01T00:17:19.265+0000] {dag.py:3947} INFO - Setting next_dagrun for accounts_payable_pipeline to 2026-04-30 00:00:00+00:00, run_after=2026-05-01 00:00:00+00:00
[2026-05-01T00:17:19.278+0000] {processor.py:183} INFO - Processing /opt/airflow/dags/ap_pipeline.py took 0.062 seconds
[2026-05-01T00:17:49.387+0000] {processor.py:161} INFO - Started process (PID=57012) to work on /opt/airflow/dags/ap_pipeline.py
[2026-05-01T00:17:49.390+0000] {processor.py:830} INFO - Processing file /opt/airflow/dags/ap_pipeline.py for tasks to queue
[2026-05-01T00:17:49.392+0000] {logging_mixin.py:188} INFO - [2026-05-01T00:17:49.392+0000] {dagbag.py:545} INFO - Filling up the DagBag from /opt/airflow/dags/ap_pipeline.py
[2026-05-01T00:17:49.401+0000] {processor.py:840} INFO - DAG(s) 'accounts_payable_pipeline' retrieved from /opt/airflow/dags/ap_pipeline.py
[2026-05-01T00:17:49.420+0000] {logging_mixin.py:188} INFO - [2026-05-01T00:17:49.420+0000] {dag.py:3089} INFO - Sync 1 DAGs
[2026-05-01T00:17:49.439+0000] {logging_mixin.py:188} INFO - [2026-05-01T00:17:49.439+0000] {dag.py:3947} INFO - Setting next_dagrun for accounts_payable_pipeline to 2026-04-30 00:00:00+00:00, run_after=2026-05-01 00:00:00+00:00
[2026-05-01T00:17:49.451+0000] {processor.py:183} INFO - Processing /opt/airflow/dags/ap_pipeline.py took 0.075 seconds
[2026-05-01T00:18:20.311+0000] {processor.py:161} INFO - Started process (PID=57072) to work on /opt/airflow/dags/ap_pipeline.py
[2026-05-01T00:18:20.313+0000] {processor.py:830} INFO - Processing file /opt/airflow/dags/ap_pipeline.py for tasks to queue
[2026-05-01T00:18:20.315+0000] {logging_mixin.py:188} INFO - [2026-05-01T00:18:20.315+0000] {dagbag.py:545} INFO - Filling up the DagBag from /opt/airflow/dags/ap_pipeline.py
[2026-05-01T00:18:20.326+0000] {processor.py:840} INFO - DAG(s) 'accounts_payable_pipeline' retrieved from /opt/airflow/dags/ap_pipeline.py
[2026-05-01T00:18:20.343+0000] {logging_mixin.py:188} INFO - [2026-05-01T00:18:20.342+0000] {dag.py:3089} INFO - Sync 1 DAGs
[2026-05-01T00:18:20.354+0000] {logging_mixin.py:188} INFO - [2026-05-01T00:18:20.354+0000] {dag.py:3947} INFO - Setting next_dagrun for accounts_payable_pipeline to 2026-04-30 00:00:00+00:00, run_after=2026-05-01 00:00:00+00:00
[2026-05-01T00:18:20.364+0000] {processor.py:183} INFO - Processing /opt/airflow/dags/ap_pipeline.py took 0.062 seconds
[2026-05-01T00:18:51.056+0000] {processor.py:161} INFO - Started process (PID=57132) to work on /opt/airflow/dags/ap_pipeline.py
[2026-05-01T00:18:51.058+0000] {processor.py:830} INFO - Processing file /opt/airflow/dags/ap_pipeline.py for tasks to queue
[2026-05-01T00:18:51.060+0000] {logging_mixin.py:188} INFO - [2026-05-01T00:18:51.059+0000] {dagbag.py:545} INFO - Filling up the DagBag from /opt/airflow/dags/ap_pipeline.py
[2026-05-01T00:18:51.065+0000] {processor.py:840} INFO - DAG(s) 'accounts_payable_pipeline' retrieved from /opt/airflow/dags/ap_pipeline.py
[2026-05-01T00:18:51.078+0000] {logging_mixin.py:188} INFO - [2026-05-01T00:18:51.078+0000] {dag.py:3089} INFO - Sync 1 DAGs
[2026-05-01T00:18:51.092+0000] {logging_mixin.py:188} INFO - [2026-05-01T00:18:51.092+0000] {dag.py:3947} INFO - Setting next_dagrun for accounts_payable_pipeline to 2026-04-30 00:00:00+00:00, run_after=2026-05-01 00:00:00+00:00
[2026-05-01T00:18:51.101+0000] {processor.py:183} INFO - Processing /opt/airflow/dags/ap_pipeline.py took 0.052 seconds
[2026-05-01T00:19:21.661+0000] {processor.py:161} INFO - Started process (PID=57192) to work on /opt/airflow/dags/ap_pipeline.py
[2026-05-01T00:19:21.662+0000] {processor.py:830} INFO - Processing file /opt/airflow/dags/ap_pipeline.py for tasks to queue
[2026-05-01T00:19:21.664+0000] {logging_mixin.py:188} INFO - [2026-05-01T00:19:21.664+0000] {dagbag.py:545} INFO - Filling up the DagBag from /opt/airflow/dags/ap_pipeline.py
[2026-05-01T00:19:21.670+0000] {processor.py:840} INFO - DAG(s) 'accounts_payable_pipeline' retrieved from /opt/airflow/dags/ap_pipeline.py
[2026-05-01T00:19:21.687+0000] {logging_mixin.py:188} INFO - [2026-05-01T00:19:21.687+0000] {dag.py:3089} INFO - Sync 1 DAGs
[2026-05-01T00:19:21.702+0000] {logging_mixin.py:188} INFO - [2026-05-01T00:19:21.702+0000] {dag.py:3947} INFO - Setting next_dagrun for accounts_payable_pipeline to 2026-04-30 00:00:00+00:00, run_after=2026-05-01 00:00:00+00:00
[2026-05-01T00:19:21.715+0000] {processor.py:183} INFO - Processing /opt/airflow/dags/ap_pipeline.py took 0.060 seconds
[2026-05-01T00:19:52.705+0000] {processor.py:161} INFO - Started process (PID=57252) to work on /opt/airflow/dags/ap_pipeline.py
[2026-05-01T00:19:52.708+0000] {processor.py:830} INFO - Processing file /opt/airflow/dags/ap_pipeline.py for tasks to queue
[2026-05-01T00:19:52.710+0000] {logging_mixin.py:188} INFO - [2026-05-01T00:19:52.710+0000] {dagbag.py:545} INFO - Filling up the DagBag from /opt/airflow/dags/ap_pipeline.py
[2026-05-01T00:19:52.718+0000] {processor.py:840} INFO - DAG(s) 'accounts_payable_pipeline' retrieved from /opt/airflow/dags/ap_pipeline.py
[2026-05-01T00:19:52.740+0000] {logging_mixin.py:188} INFO - [2026-05-01T00:19:52.739+0000] {dag.py:3089} INFO - Sync 1 DAGs
[2026-05-01T00:19:52.762+0000] {logging_mixin.py:188} INFO - [2026-05-01T00:19:52.762+0000] {dag.py:3947} INFO - Setting next_dagrun for accounts_payable_pipeline to 2026-04-30 00:00:00+00:00, run_after=2026-05-01 00:00:00+00:00
[2026-05-01T00:19:52.774+0000] {processor.py:183} INFO - Processing /opt/airflow/dags/ap_pipeline.py took 0.076 seconds
[2026-05-01T00:20:22.894+0000] {processor.py:161} INFO - Started process (PID=57312) to work on /opt/airflow/dags/ap_pipeline.py
[2026-05-01T00:20:22.896+0000] {processor.py:830} INFO - Processing file /opt/airflow/dags/ap_pipeline.py for tasks to queue
[2026-05-01T00:20:22.900+0000] {logging_mixin.py:188} INFO - [2026-05-01T00:20:22.900+0000] {dagbag.py:545} INFO - Filling up the DagBag from /opt/airflow/dags/ap_pipeline.py
[2026-05-01T00:20:22.916+0000] {processor.py:840} INFO - DAG(s) 'accounts_payable_pipeline' retrieved from /opt/airflow/dags/ap_pipeline.py
[2026-05-01T00:20:22.936+0000] {logging_mixin.py:188} INFO - [2026-05-01T00:20:22.936+0000] {dag.py:3089} INFO - Sync 1 DAGs
[2026-05-01T00:20:22.954+0000] {logging_mixin.py:188} INFO - [2026-05-01T00:20:22.954+0000] {dag.py:3947} INFO - Setting next_dagrun for accounts_payable_pipeline to 2026-04-30 00:00:00+00:00, run_after=2026-05-01 00:00:00+00:00
[2026-05-01T00:20:22.969+0000] {processor.py:183} INFO - Processing /opt/airflow/dags/ap_pipeline.py took 0.083 seconds
[2026-05-01T00:20:53.747+0000] {processor.py:161} INFO - Started process (PID=57372) to work on /opt/airflow/dags/ap_pipeline.py
[2026-05-01T00:20:53.750+0000] {processor.py:830} INFO - Processing file /opt/airflow/dags/ap_pipeline.py for tasks to queue
[2026-05-01T00:20:53.756+0000] {logging_mixin.py:188} INFO - [2026-05-01T00:20:53.755+0000] {dagbag.py:545} INFO - Filling up the DagBag from /opt/airflow/dags/ap_pipeline.py
[2026-05-01T00:20:53.767+0000] {processor.py:840} INFO - DAG(s) 'accounts_payable_pipeline' retrieved from /opt/airflow/dags/ap_pipeline.py
[2026-05-01T00:20:53.802+0000] {logging_mixin.py:188} INFO - [2026-05-01T00:20:53.802+0000] {dag.py:3089} INFO - Sync 1 DAGs
[2026-05-01T00:20:53.833+0000] {logging_mixin.py:188} INFO - [2026-05-01T00:20:53.833+0000] {dag.py:3947} INFO - Setting next_dagrun for accounts_payable_pipeline to 2026-04-30 00:00:00+00:00, run_after=2026-05-01 00:00:00+00:00
[2026-05-01T00:20:53.906+0000] {processor.py:183} INFO - Processing /opt/airflow/dags/ap_pipeline.py took 0.180 seconds
[2026-05-01T00:21:24.097+0000] {processor.py:161} INFO - Started process (PID=57432) to work on /opt/airflow/dags/ap_pipeline.py
[2026-05-01T00:21:24.101+0000] {processor.py:830} INFO - Processing file /opt/airflow/dags/ap_pipeline.py for tasks to queue
[2026-05-01T00:21:24.104+0000] {logging_mixin.py:188} INFO - [2026-05-01T00:21:24.103+0000] {dagbag.py:545} INFO - Filling up the DagBag from /opt/airflow/dags/ap_pipeline.py
[2026-05-01T00:21:24.113+0000] {processor.py:840} INFO - DAG(s) 'accounts_payable_pipeline' retrieved from /opt/airflow/dags/ap_pipeline.py
[2026-05-01T00:21:24.136+0000] {logging_mixin.py:188} INFO - [2026-05-01T00:21:24.136+0000] {dag.py:3089} INFO - Sync 1 DAGs
[2026-05-01T00:21:24.152+0000] {logging_mixin.py:188} INFO - [2026-05-01T00:21:24.152+0000] {dag.py:3947} INFO - Setting next_dagrun for accounts_payable_pipeline to 2026-04-30 00:00:00+00:00, run_after=2026-05-01 00:00:00+00:00
[2026-05-01T00:21:24.167+0000] {processor.py:183} INFO - Processing /opt/airflow/dags/ap_pipeline.py took 0.081 seconds
[2026-05-01T00:21:54.518+0000] {processor.py:161} INFO - Started process (PID=57492) to work on /opt/airflow/dags/ap_pipeline.py
[2026-05-01T00:21:54.519+0000] {processor.py:830} INFO - Processing file /opt/airflow/dags/ap_pipeline.py for tasks to queue
[2026-05-01T00:21:54.523+0000] {logging_mixin.py:188} INFO - [2026-05-01T00:21:54.522+0000] {dagbag.py:545} INFO - Filling up the DagBag from /opt/airflow/dags/ap_pipeline.py
[2026-05-01T00:21:54.532+0000] {processor.py:840} INFO - DAG(s) 'accounts_payable_pipeline' retrieved from /opt/airflow/dags/ap_pipeline.py
[2026-05-01T00:21:54.550+0000] {logging_mixin.py:188} INFO - [2026-05-01T00:21:54.550+0000] {dag.py:3089} INFO - Sync 1 DAGs
[2026-05-01T00:21:54.580+0000] {logging_mixin.py:188} INFO - [2026-05-01T00:21:54.580+0000] {dag.py:3947} INFO - Setting next_dagrun for accounts_payable_pipeline to 2026-04-30 00:00:00+00:00, run_after=2026-05-01 00:00:00+00:00
[2026-05-01T00:21:54.620+0000] {processor.py:183} INFO - Processing /opt/airflow/dags/ap_pipeline.py took 0.111 seconds
[2026-05-01T00:22:25.415+0000] {processor.py:161} INFO - Started process (PID=57552) to work on /opt/airflow/dags/ap_pipeline.py
[2026-05-01T00:22:25.417+0000] {processor.py:830} INFO - Processing file /opt/airflow/dags/ap_pipeline.py for tasks to queue
[2026-05-01T00:22:25.420+0000] {logging_mixin.py:188} INFO - [2026-05-01T00:22:25.420+0000] {dagbag.py:545} INFO - Filling up the DagBag from /opt/airflow/dags/ap_pipeline.py
[2026-05-01T00:22:25.430+0000] {processor.py:840} INFO - DAG(s) 'accounts_payable_pipeline' retrieved from /opt/airflow/dags/ap_pipeline.py
[2026-05-01T00:22:25.450+0000] {logging_mixin.py:188} INFO - [2026-05-01T00:22:25.450+0000] {dag.py:3089} INFO - Sync 1 DAGs
[2026-05-01T00:22:25.469+0000] {logging_mixin.py:188} INFO - [2026-05-01T00:22:25.469+0000] {dag.py:3947} INFO - Setting next_dagrun for accounts_payable_pipeline to 2026-04-30 00:00:00+00:00, run_after=2026-05-01 00:00:00+00:00
[2026-05-01T00:22:25.482+0000] {processor.py:183} INFO - Processing /opt/airflow/dags/ap_pipeline.py took 0.085 seconds
[2026-05-01T00:22:56.278+0000] {processor.py:161} INFO - Started process (PID=57612) to work on /opt/airflow/dags/ap_pipeline.py
[2026-05-01T00:22:56.280+0000] {processor.py:830} INFO - Processing file /opt/airflow/dags/ap_pipeline.py for tasks to queue
[2026-05-01T00:22:56.282+0000] {logging_mixin.py:188} INFO - [2026-05-01T00:22:56.282+0000] {dagbag.py:545} INFO - Filling up the DagBag from /opt/airflow/dags/ap_pipeline.py
[2026-05-01T00:22:56.290+0000] {processor.py:840} INFO - DAG(s) 'accounts_payable_pipeline' retrieved from /opt/airflow/dags/ap_pipeline.py
[2026-05-01T00:22:56.308+0000] {logging_mixin.py:188} INFO - [2026-05-01T00:22:56.308+0000] {dag.py:3089} INFO - Sync 1 DAGs
[2026-05-01T00:22:56.324+0000] {logging_mixin.py:188} INFO - [2026-05-01T00:22:56.324+0000] {dag.py:3947} INFO - Setting next_dagrun for accounts_payable_pipeline to 2026-04-30 00:00:00+00:00, run_after=2026-05-01 00:00:00+00:00
[2026-05-01T00:22:56.336+0000] {processor.py:183} INFO - Processing /opt/airflow/dags/ap_pipeline.py took 0.065 seconds
[2026-05-01T00:23:27.287+0000] {processor.py:161} INFO - Started process (PID=57672) to work on /opt/airflow/dags/ap_pipeline.py
[2026-05-01T00:23:27.288+0000] {processor.py:830} INFO - Processing file /opt/airflow/dags/ap_pipeline.py for tasks to queue
[2026-05-01T00:23:27.291+0000] {logging_mixin.py:188} INFO - [2026-05-01T00:23:27.291+0000] {dagbag.py:545} INFO - Filling up the DagBag from /opt/airflow/dags/ap_pipeline.py
[2026-05-01T00:23:27.307+0000] {processor.py:840} INFO - DAG(s) 'accounts_payable_pipeline' retrieved from /opt/airflow/dags/ap_pipeline.py
[2026-05-01T00:23:27.342+0000] {logging_mixin.py:188} INFO - [2026-05-01T00:23:27.342+0000] {dag.py:3089} INFO - Sync 1 DAGs
[2026-05-01T00:23:27.380+0000] {logging_mixin.py:188} INFO - [2026-05-01T00:23:27.380+0000] {dag.py:3947} INFO - Setting next_dagrun for accounts_payable_pipeline to 2026-04-30 00:00:00+00:00, run_after=2026-05-01 00:00:00+00:00
[2026-05-01T00:23:27.414+0000] {processor.py:183} INFO - Processing /opt/airflow/dags/ap_pipeline.py took 0.142 seconds
[2026-05-01T00:23:57.575+0000] {processor.py:161} INFO - Started process (PID=57732) to work on /opt/airflow/dags/ap_pipeline.py
[2026-05-01T00:23:57.578+0000] {processor.py:830} INFO - Processing file /opt/airflow/dags/ap_pipeline.py for tasks to queue
[2026-05-01T00:23:57.581+0000] {logging_mixin.py:188} INFO - [2026-05-01T00:23:57.581+0000] {dagbag.py:545} INFO - Filling up the DagBag from /opt/airflow/dags/ap_pipeline.py
[2026-05-01T00:23:57.588+0000] {processor.py:840} INFO - DAG(s) 'accounts_payable_pipeline' retrieved from /opt/airflow/dags/ap_pipeline.py
[2026-05-01T00:23:57.603+0000] {logging_mixin.py:188} INFO - [2026-05-01T00:23:57.602+0000] {dag.py:3089} INFO - Sync 1 DAGs
[2026-05-01T00:23:57.614+0000] {logging_mixin.py:188} INFO - [2026-05-01T00:23:57.614+0000] {dag.py:3947} INFO - Setting next_dagrun for accounts_payable_pipeline to 2026-04-30 00:00:00+00:00, run_after=2026-05-01 00:00:00+00:00
[2026-05-01T00:23:57.625+0000] {processor.py:183} INFO - Processing /opt/airflow/dags/ap_pipeline.py took 0.058 seconds
[2026-05-01T00:24:28.235+0000] {processor.py:161} INFO - Started process (PID=57792) to work on /opt/airflow/dags/ap_pipeline.py
[2026-05-01T00:24:28.238+0000] {processor.py:830} INFO - Processing file /opt/airflow/dags/ap_pipeline.py for tasks to queue
[2026-05-01T00:24:28.240+0000] {logging_mixin.py:188} INFO - [2026-05-01T00:24:28.240+0000] {dagbag.py:545} INFO - Filling up the DagBag from /opt/airflow/dags/ap_pipeline.py
[2026-05-01T00:24:28.250+0000] {processor.py:840} INFO - DAG(s) 'accounts_payable_pipeline' retrieved from /opt/airflow/dags/ap_pipeline.py
[2026-05-01T00:24:28.265+0000] {logging_mixin.py:188} INFO - [2026-05-01T00:24:28.265+0000] {dag.py:3089} INFO - Sync 1 DAGs
[2026-05-01T00:24:28.278+0000] {logging_mixin.py:188} INFO - [2026-05-01T00:24:28.278+0000] {dag.py:3947} INFO - Setting next_dagrun for accounts_payable_pipeline to 2026-04-30 00:00:00+00:00, run_after=2026-05-01 00:00:00+00:00
[2026-05-01T00:24:28.288+0000] {processor.py:183} INFO - Processing /opt/airflow/dags/ap_pipeline.py took 0.062 seconds
[2026-05-01T00:24:58.979+0000] {processor.py:161} INFO - Started process (PID=57852) to work on /opt/airflow/dags/ap_pipeline.py
[2026-05-01T00:24:58.982+0000] {processor.py:830} INFO - Processing file /opt/airflow/dags/ap_pipeline.py for tasks to queue
[2026-05-01T00:24:58.987+0000] {logging_mixin.py:188} INFO - [2026-05-01T00:24:58.987+0000] {dagbag.py:545} INFO - Filling up the DagBag from /opt/airflow/dags/ap_pipeline.py
[2026-05-01T00:24:58.997+0000] {processor.py:840} INFO - DAG(s) 'accounts_payable_pipeline' retrieved from /opt/airflow/dags/ap_pipeline.py
[2026-05-01T00:24:59.016+0000] {logging_mixin.py:188} INFO - [2026-05-01T00:24:59.016+0000] {dag.py:3089} INFO - Sync 1 DAGs
[2026-05-01T00:24:59.032+0000] {logging_mixin.py:188} INFO - [2026-05-01T00:24:59.032+0000] {dag.py:3947} INFO - Setting next_dagrun for accounts_payable_pipeline to 2026-04-30 00:00:00+00:00, run_after=2026-05-01 00:00:00+00:00
[2026-05-01T00:24:59.046+0000] {processor.py:183} INFO - Processing /opt/airflow/dags/ap_pipeline.py took 0.077 seconds
[2026-05-01T00:25:29.666+0000] {processor.py:161} INFO - Started process (PID=57912) to work on /opt/airflow/dags/ap_pipeline.py
[2026-05-01T00:25:29.668+0000] {processor.py:830} INFO - Processing file /opt/airflow/dags/ap_pipeline.py for tasks to queue
[2026-05-01T00:25:29.674+0000] {logging_mixin.py:188} INFO - [2026-05-01T00:25:29.674+0000] {dagbag.py:545} INFO - Filling up the DagBag from /opt/airflow/dags/ap_pipeline.py
[2026-05-01T00:25:29.687+0000] {processor.py:840} INFO - DAG(s) 'accounts_payable_pipeline' retrieved from /opt/airflow/dags/ap_pipeline.py
[2026-05-01T00:25:29.728+0000] {logging_mixin.py:188} INFO - [2026-05-01T00:25:29.728+0000] {dag.py:3089} INFO - Sync 1 DAGs
[2026-05-01T00:25:29.754+0000] {logging_mixin.py:188} INFO - [2026-05-01T00:25:29.754+0000] {dag.py:3947} INFO - Setting next_dagrun for accounts_payable_pipeline to 2026-04-30 00:00:00+00:00, run_after=2026-05-01 00:00:00+00:00
[2026-05-01T00:25:29.769+0000] {processor.py:183} INFO - Processing /opt/airflow/dags/ap_pipeline.py took 0.123 seconds
[2026-05-01T00:26:00.500+0000] {processor.py:161} INFO - Started process (PID=57972) to work on /opt/airflow/dags/ap_pipeline.py
[2026-05-01T00:26:00.501+0000] {processor.py:830} INFO - Processing file /opt/airflow/dags/ap_pipeline.py for tasks to queue
[2026-05-01T00:26:00.505+0000] {logging_mixin.py:188} INFO - [2026-05-01T00:26:00.504+0000] {dagbag.py:545} INFO - Filling up the DagBag from /opt/airflow/dags/ap_pipeline.py
[2026-05-01T00:26:00.516+0000] {processor.py:840} INFO - DAG(s) 'accounts_payable_pipeline' retrieved from /opt/airflow/dags/ap_pipeline.py
[2026-05-01T00:26:00.562+0000] {logging_mixin.py:188} INFO - [2026-05-01T00:26:00.562+0000] {dag.py:3089} INFO - Sync 1 DAGs
[2026-05-01T00:26:00.580+0000] {logging_mixin.py:188} INFO - [2026-05-01T00:26:00.580+0000] {dag.py:3947} INFO - Setting next_dagrun for accounts_payable_pipeline to 2026-04-30 00:00:00+00:00, run_after=2026-05-01 00:00:00+00:00
[2026-05-01T00:26:00.593+0000] {processor.py:183} INFO - Processing /opt/airflow/dags/ap_pipeline.py took 0.106 seconds
[2026-05-01T00:26:31.487+0000] {processor.py:161} INFO - Started process (PID=58032) to work on /opt/airflow/dags/ap_pipeline.py
[2026-05-01T00:26:31.489+0000] {processor.py:830} INFO - Processing file /opt/airflow/dags/ap_pipeline.py for tasks to queue
[2026-05-01T00:26:31.495+0000] {logging_mixin.py:188} INFO - [2026-05-01T00:26:31.493+0000] {dagbag.py:545} INFO - Filling up the DagBag from /opt/airflow/dags/ap_pipeline.py
[2026-05-01T00:26:31.508+0000] {processor.py:840} INFO - DAG(s) 'accounts_payable_pipeline' retrieved from /opt/airflow/dags/ap_pipeline.py
[2026-05-01T00:26:31.529+0000] {logging_mixin.py:188} INFO - [2026-05-01T00:26:31.528+0000] {dag.py:3089} INFO - Sync 1 DAGs
[2026-05-01T00:26:31.550+0000] {logging_mixin.py:188} INFO - [2026-05-01T00:26:31.550+0000] {dag.py:3947} INFO - Setting next_dagrun for accounts_payable_pipeline to 2026-04-30 00:00:00+00:00, run_after=2026-05-01 00:00:00+00:00
[2026-05-01T00:26:31.560+0000] {processor.py:183} INFO - Processing /opt/airflow/dags/ap_pipeline.py took 0.094 seconds
[2026-05-01T00:27:02.277+0000] {processor.py:161} INFO - Started process (PID=58092) to work on /opt/airflow/dags/ap_pipeline.py
[2026-05-01T00:27:02.279+0000] {processor.py:830} INFO - Processing file /opt/airflow/dags/ap_pipeline.py for tasks to queue
[2026-05-01T00:27:02.285+0000] {logging_mixin.py:188} INFO - [2026-05-01T00:27:02.285+0000] {dagbag.py:545} INFO - Filling up the DagBag from /opt/airflow/dags/ap_pipeline.py
[2026-05-01T00:27:02.300+0000] {processor.py:840} INFO - DAG(s) 'accounts_payable_pipeline' retrieved from /opt/airflow/dags/ap_pipeline.py
[2026-05-01T00:27:02.316+0000] {logging_mixin.py:188} INFO - [2026-05-01T00:27:02.316+0000] {dag.py:3089} INFO - Sync 1 DAGs
[2026-05-01T00:27:02.337+0000] {logging_mixin.py:188} INFO - [2026-05-01T00:27:02.336+0000] {dag.py:3947} INFO - Setting next_dagrun for accounts_payable_pipeline to 2026-04-30 00:00:00+00:00, run_after=2026-05-01 00:00:00+00:00
[2026-05-01T00:27:02.348+0000] {processor.py:183} INFO - Processing /opt/airflow/dags/ap_pipeline.py took 0.085 seconds
[2026-05-01T00:27:33.100+0000] {processor.py:161} INFO - Started process (PID=58152) to work on /opt/airflow/dags/ap_pipeline.py
[2026-05-01T00:27:33.102+0000] {processor.py:830} INFO - Processing file /opt/airflow/dags/ap_pipeline.py for tasks to queue
[2026-05-01T00:27:33.105+0000] {logging_mixin.py:188} INFO - [2026-05-01T00:27:33.105+0000] {dagbag.py:545} INFO - Filling up the DagBag from /opt/airflow/dags/ap_pipeline.py
[2026-05-01T00:27:33.115+0000] {processor.py:840} INFO - DAG(s) 'accounts_payable_pipeline' retrieved from /opt/airflow/dags/ap_pipeline.py
[2026-05-01T00:27:33.133+0000] {logging_mixin.py:188} INFO - [2026-05-01T00:27:33.133+0000] {dag.py:3089} INFO - Sync 1 DAGs
[2026-05-01T00:27:33.151+0000] {logging_mixin.py:188} INFO - [2026-05-01T00:27:33.150+0000] {dag.py:3947} INFO - Setting next_dagrun for accounts_payable_pipeline to 2026-04-30 00:00:00+00:00, run_after=2026-05-01 00:00:00+00:00
[2026-05-01T00:27:33.161+0000] {processor.py:183} INFO - Processing /opt/airflow/dags/ap_pipeline.py took 0.070 seconds
[2026-05-01T00:28:03.835+0000] {processor.py:161} INFO - Started process (PID=58212) to work on /opt/airflow/dags/ap_pipeline.py
[2026-05-01T00:28:03.838+0000] {processor.py:830} INFO - Processing file /opt/airflow/dags/ap_pipeline.py for tasks to queue
[2026-05-01T00:28:03.844+0000] {logging_mixin.py:188} INFO - [2026-05-01T00:28:03.843+0000] {dagbag.py:545} INFO - Filling up the DagBag from /opt/airflow/dags/ap_pipeline.py
[2026-05-01T00:28:03.856+0000] {processor.py:840} INFO - DAG(s) 'accounts_payable_pipeline' retrieved from /opt/airflow/dags/ap_pipeline.py
[2026-05-01T00:28:03.882+0000] {logging_mixin.py:188} INFO - [2026-05-01T00:28:03.882+0000] {dag.py:3089} INFO - Sync 1 DAGs
[2026-05-01T00:28:03.904+0000] {logging_mixin.py:188} INFO - [2026-05-01T00:28:03.903+0000] {dag.py:3947} INFO - Setting next_dagrun for accounts_payable_pipeline to 2026-04-30 00:00:00+00:00, run_after=2026-05-01 00:00:00+00:00
[2026-05-01T00:28:03.913+0000] {processor.py:183} INFO - Processing /opt/airflow/dags/ap_pipeline.py took 0.088 seconds
[2026-05-01T00:28:34.704+0000] {processor.py:161} INFO - Started process (PID=58271) to work on /opt/airflow/dags/ap_pipeline.py
[2026-05-01T00:28:34.706+0000] {processor.py:830} INFO - Processing file /opt/airflow/dags/ap_pipeline.py for tasks to queue
[2026-05-01T00:28:34.708+0000] {logging_mixin.py:188} INFO - [2026-05-01T00:28:34.707+0000] {dagbag.py:545} INFO - Filling up the DagBag from /opt/airflow/dags/ap_pipeline.py
[2026-05-01T00:28:34.716+0000] {processor.py:840} INFO - DAG(s) 'accounts_payable_pipeline' retrieved from /opt/airflow/dags/ap_pipeline.py
[2026-05-01T00:28:34.733+0000] {logging_mixin.py:188} INFO - [2026-05-01T00:28:34.733+0000] {dag.py:3089} INFO - Sync 1 DAGs
[2026-05-01T00:28:34.745+0000] {logging_mixin.py:188} INFO - [2026-05-01T00:28:34.745+0000] {dag.py:3947} INFO - Setting next_dagrun for accounts_payable_pipeline to 2026-04-30 00:00:00+00:00, run_after=2026-05-01 00:00:00+00:00
[2026-05-01T00:28:34.755+0000] {processor.py:183} INFO - Processing /opt/airflow/dags/ap_pipeline.py took 0.062 seconds
[2026-05-01T00:29:05.468+0000] {processor.py:161} INFO - Started process (PID=58331) to work on /opt/airflow/dags/ap_pipeline.py
[2026-05-01T00:29:05.469+0000] {processor.py:830} INFO - Processing file /opt/airflow/dags/ap_pipeline.py for tasks to queue
[2026-05-01T00:29:05.472+0000] {logging_mixin.py:188} INFO - [2026-05-01T00:29:05.471+0000] {dagbag.py:545} INFO - Filling up the DagBag from /opt/airflow/dags/ap_pipeline.py
[2026-05-01T00:29:05.480+0000] {processor.py:840} INFO - DAG(s) 'accounts_payable_pipeline' retrieved from /opt/airflow/dags/ap_pipeline.py
[2026-05-01T00:29:05.495+0000] {logging_mixin.py:188} INFO - [2026-05-01T00:29:05.495+0000] {dag.py:3089} INFO - Sync 1 DAGs
[2026-05-01T00:29:05.507+0000] {logging_mixin.py:188} INFO - [2026-05-01T00:29:05.507+0000] {dag.py:3947} INFO - Setting next_dagrun for accounts_payable_pipeline to 2026-04-30 00:00:00+00:00, run_after=2026-05-01 00:00:00+00:00
[2026-05-01T00:29:05.519+0000] {processor.py:183} INFO - Processing /opt/airflow/dags/ap_pipeline.py took 0.062 seconds
[2026-05-01T00:29:36.571+0000] {processor.py:161} INFO - Started process (PID=58391) to work on /opt/airflow/dags/ap_pipeline.py
[2026-05-01T00:29:36.574+0000] {processor.py:830} INFO - Processing file /opt/airflow/dags/ap_pipeline.py for tasks to queue
[2026-05-01T00:29:36.578+0000] {logging_mixin.py:188} INFO - [2026-05-01T00:29:36.577+0000] {dagbag.py:545} INFO - Filling up the DagBag from /opt/airflow/dags/ap_pipeline.py
[2026-05-01T00:29:36.593+0000] {processor.py:840} INFO - DAG(s) 'accounts_payable_pipeline' retrieved from /opt/airflow/dags/ap_pipeline.py
[2026-05-01T00:29:36.612+0000] {logging_mixin.py:188} INFO - [2026-05-01T00:29:36.612+0000] {dag.py:3089} INFO - Sync 1 DAGs
[2026-05-01T00:29:36.630+0000] {logging_mixin.py:188} INFO - [2026-05-01T00:29:36.630+0000] {dag.py:3947} INFO - Setting next_dagrun for accounts_payable_pipeline to 2026-04-30 00:00:00+00:00, run_after=2026-05-01 00:00:00+00:00
[2026-05-01T00:29:36.642+0000] {processor.py:183} INFO - Processing /opt/airflow/dags/ap_pipeline.py took 0.081 seconds
[2026-05-01T00:30:07.544+0000] {processor.py:161} INFO - Started process (PID=58451) to work on /opt/airflow/dags/ap_pipeline.py
[2026-05-01T00:30:07.545+0000] {processor.py:830} INFO - Processing file /opt/airflow/dags/ap_pipeline.py for tasks to queue
[2026-05-01T00:30:07.547+0000] {logging_mixin.py:188} INFO - [2026-05-01T00:30:07.547+0000] {dagbag.py:545} INFO - Filling up the DagBag from /opt/airflow/dags/ap_pipeline.py
[2026-05-01T00:30:07.557+0000] {processor.py:840} INFO - DAG(s) 'accounts_payable_pipeline' retrieved from /opt/airflow/dags/ap_pipeline.py
[2026-05-01T00:30:07.583+0000] {logging_mixin.py:188} INFO - [2026-05-01T00:30:07.583+0000] {dag.py:3089} INFO - Sync 1 DAGs
[2026-05-01T00:30:07.600+0000] {logging_mixin.py:188} INFO - [2026-05-01T00:30:07.600+0000] {dag.py:3947} INFO - Setting next_dagrun for accounts_payable_pipeline to 2026-04-30 00:00:00+00:00, run_after=2026-05-01 00:00:00+00:00
[2026-05-01T00:30:07.618+0000] {processor.py:183} INFO - Processing /opt/airflow/dags/ap_pipeline.py took 0.084 seconds
